#
# There is insufficient memory for the Java Runtime Environment to continue.
# Native memory allocation (mmap) failed to map 70254592 bytes for G1 virtual space
# Possible reasons:
#   The system is out of physical RAM or swap space
#   The process is running with CompressedOops enabled, and the Java Heap may be blocking the growth of the native heap
# Possible solutions:
#   Reduce memory load on the system
#   Increase physical memory or swap space
#   Check if swap backing store is full
#   Decrease Java heap size (-Xmx/-Xms)
#   Decrease number of Java threads
#   Decrease Java thread stack sizes (-Xss)
#   Set larger code cache with -XX:ReservedCodeCacheSize=
#   JVM is running with Unscaled Compressed Oops mode in which the Java heap is
#     placed in the first 4GB address space. The Java Heap base address is the
#     maximum limit for the native heap growth. Please use -XX:HeapBaseMinAddress
#     to set the Java Heap base and to place the Java Heap above 4GB virtual address.
# This output file may be truncated or incomplete.
#
#  Out of Memory Error (os_windows.cpp:3769), pid=12080, tid=13352
#
# JRE version: OpenJDK Runtime Environment (17.0.6) (build 17.0.6+0-b2043.56-10027231)
# Java VM: OpenJDK 64-Bit Server VM (17.0.6+0-b2043.56-10027231, mixed mode, tiered, compressed oops, compressed class ptrs, g1 gc, windows-amd64)
# No core dump will be written. Minidumps are not enabled by default on client versions of Windows
#

---------------  S U M M A R Y ------------

Command Line: --add-opens=java.base/java.util=ALL-UNNAMED --add-opens=java.base/java.lang=ALL-UNNAMED --add-opens=java.base/java.lang.invoke=ALL-UNNAMED --add-opens=java.prefs/java.util.prefs=ALL-UNNAMED --add-opens=java.base/java.nio.charset=ALL-UNNAMED --add-opens=java.base/java.net=ALL-UNNAMED --add-opens=java.base/java.util.concurrent.atomic=ALL-UNNAMED -Xmx2048m -Dfile.encoding=UTF-8 -Duser.country=FR -Duser.language=fr -Duser.variant org.gradle.launcher.daemon.bootstrap.GradleDaemon 8.0

Host: 12th Gen Intel(R) Core(TM) i7-1255U, 12 cores, 15G,  Windows 11 , 64 bit Build 26100 (10.0.26100.2992)
Time: Thu Feb 20 13:50:01 2025 Paris, Madrid elapsed time: 28.048627 seconds (0d 0h 0m 28s)

---------------  T H R E A D  ---------------

Current thread (0x000001bc29c9ec40):  VMThread "VM Thread" [stack: 0x0000006968d00000,0x0000006968e00000] [id=13352]

Stack: [0x0000006968d00000,0x0000006968e00000]
Native frames: (J=compiled Java code, j=interpreted, Vv=VM code, C=native code)
V  [jvm.dll+0x683c9a]
V  [jvm.dll+0x8427a4]
V  [jvm.dll+0x843f9e]
V  [jvm.dll+0x844603]
V  [jvm.dll+0x249b75]
V  [jvm.dll+0x680b69]
V  [jvm.dll+0x67505a]
V  [jvm.dll+0x309acb]
V  [jvm.dll+0x310f86]
V  [jvm.dll+0x3608ee]
V  [jvm.dll+0x360b1f]
V  [jvm.dll+0x2dfbf8]
V  [jvm.dll+0x2ddec4]
V  [jvm.dll+0x2dd4cc]
V  [jvm.dll+0x321f3b]
V  [jvm.dll+0x848ccb]
V  [jvm.dll+0x849a04]
V  [jvm.dll+0x849f1d]
V  [jvm.dll+0x84a2f4]
V  [jvm.dll+0x84a3c0]
V  [jvm.dll+0x7f274a]
V  [jvm.dll+0x682ad5]
C  [ucrtbase.dll+0x37b0]
C  [KERNEL32.DLL+0x2e8d7]
C  [ntdll.dll+0xbbf6c]

VM_Operation (0x0000006974afa320): G1CollectForAllocation, mode: safepoint, requested by thread 0x000001bc2dc31130


---------------  P R O C E S S  ---------------

Threads class SMR info:
_java_thread_list=0x000001bc2e9d6bc0, length=188, elements={
0x000001bc0d9f5780, 0x000001bc2a857120, 0x000001bc2a8579e0, 0x000001bc2a85dca0,
0x000001bc2a85e560, 0x000001bc2a861230, 0x000001bc2a861af0, 0x000001bc2a862cf0,
0x000001bc2a8a0000, 0x000001bc2a8a4520, 0x000001bc2aa3d2d0, 0x000001bc2aa41d60,
0x000001bc2cfdda60, 0x000001bc2d10ba60, 0x000001bc2cc3a0c0, 0x000001bc2d6eb030,
0x000001bc2dae2a50, 0x000001bc2be55db0, 0x000001bc2be545a0, 0x000001bc2be523f0,
0x000001bc2be52d90, 0x000001bc2be54f40, 0x000001bc2be558e0, 0x000001bc2df12120,
0x000001bc2df13930, 0x000001bc2df10440, 0x000001bc2df147a0, 0x000001bc2df13460,
0x000001bc2df14c70, 0x000001bc2df17c90, 0x000001bc2d533f30, 0x000001bc2d534400,
0x000001bc2d5330c0, 0x000001bc2d533590, 0x000001bc2d5348d0, 0x000001bc2d535c10,
0x000001bc2d534da0, 0x000001bc2d532720, 0x000001bc2d5395d0, 0x000001bc2d533a60,
0x000001bc2d538760, 0x000001bc2d535270, 0x000001bc2d539100, 0x000001bc2d5360e0,
0x000001bc2d536f50, 0x000001bc2d537420, 0x000001bc2df112b0, 0x000001bc2df12f90,
0x000001bc2df15610, 0x000001bc2d0abfa0, 0x000001bc2df11c50, 0x000001bc2df177c0,
0x000001bc2be540d0, 0x000001bc2be53730, 0x000001bc2be53c00, 0x000001bc2be55410,
0x000001bc2d828210, 0x000001bc2d826530, 0x000001bc2d826060, 0x000001bc2d8286e0,
0x000001bc2d829080, 0x000001bc2d828bb0, 0x000001bc2d8273a0, 0x000001bc2d82a3c0,
0x000001bc2d826a00, 0x000001bc2d829550, 0x000001bc2d829a20, 0x000001bc2d829ef0,
0x000001bc2d82a890, 0x000001bc2d826ed0, 0x000001bc2d827d40, 0x000001bc2d82ad60,
0x000001bc2d82b230, 0x000001bc2d827870, 0x000001bc2d82bbd0, 0x000001bc2d82b700,
0x000001bc2d82d8b0, 0x000001bc2d82d3e0, 0x000001bc2d82c0a0, 0x000001bc2d82c570,
0x000001bc2d82ca40, 0x000001bc2d82cf10, 0x000001bc2d53ef00, 0x000001bc2d53e090,
0x000001bc2d53e560, 0x000001bc2d53ea30, 0x000001bc2d53f3d0, 0x000001bc2d53f8a0,
0x000001bc2d53d6f0, 0x000001bc2d53cd50, 0x000001bc2d53fd70, 0x000001bc2d53dbc0,
0x000001bc2d53c880, 0x000001bc2d53c3b0, 0x000001bc2d53d220, 0x000001bc2d0da460,
0x000001bc2d0d8c50, 0x000001bc2d0d9120, 0x000001bc2d0d6aa0, 0x000001bc2d0d95f0,
0x000001bc2d0d9ac0, 0x000001bc2d0d9f90, 0x000001bc2d0d7440, 0x000001bc2d0da930,
0x000001bc2d0d6f70, 0x000001bc2d0dae00, 0x000001bc2d0db2d0, 0x000001bc2d0d7910,
0x000001bc2d0db7a0, 0x000001bc2d0d7de0, 0x000001bc2d0dbc70, 0x000001bc2d0d82b0,
0x000001bc2d0dc140, 0x000001bc2d0d8780, 0x000001bc2d0dc610, 0x000001bc2d0dcae0,
0x000001bc2d0dcfb0, 0x000001bc2d0dd480, 0x000001bc2d0dd950, 0x000001bc2d0dde20,
0x000001bc2d0de2f0, 0x000001bc2df42650, 0x000001bc2df3ec90, 0x000001bc2df40970,
0x000001bc2df3fb00, 0x000001bc2df3f160, 0x000001bc2df3ffd0, 0x000001bc2df404a0,
0x000001bc2df40e40, 0x000001bc2df41310, 0x000001bc2df417e0, 0x000001bc2df41cb0,
0x000001bc2df3f630, 0x000001bc2df44800, 0x000001bc2df44cd0, 0x000001bc2df45b40,
0x000001bc2df42180, 0x000001bc2df451a0, 0x000001bc2df45670, 0x000001bc2df42ff0,
0x000001bc2df44330, 0x000001bc2df46010, 0x000001bc2df434c0, 0x000001bc2df43990,
0x000001bc2df42b20, 0x000001bc2df43e60, 0x000001bc2e67c0d0, 0x000001bc2e67c5a0,
0x000001bc2e67e750, 0x000001bc2e67ca70, 0x000001bc2e67ec20, 0x000001bc2e67bc00,
0x000001bc2e67b730, 0x000001bc2e680430, 0x000001bc2e67f5c0, 0x000001bc2e680900,
0x000001bc2e67f0f0, 0x000001bc2e67fa90, 0x000001bc2e67cf40, 0x000001bc2e67e280,
0x000001bc2e67ff60, 0x000001bc2e680dd0, 0x000001bc2e67d410, 0x000001bc2e6812a0,
0x000001bc2e67d8e0, 0x000001bc2e681770, 0x000001bc2e67ddb0, 0x000001bc2e681c40,
0x000001bc2e682110, 0x000001bc2e6825e0, 0x000001bc2e682ab0, 0x000001bc2e682f80,
0x000001bc2dc32470, 0x000001bc2dc32940, 0x000001bc2dc31600, 0x000001bc2dc31ad0,
0x000001bc2dc31130, 0x000001bc2dc31fa0, 0x000001bc2dc337b0, 0x000001bc2dc32e10,
0x000001bc2dc332e0, 0x000001bc2dc33c80, 0x000001bc2dc34150, 0x000001bc2dc30790,
0x000001bc2e71c740, 0x000001bc2e71da80, 0x000001bc330933d0, 0x000001bc2da95420
}

Java Threads: ( => current thread )
  0x000001bc0d9f5780 JavaThread "main" [_thread_blocked, id=2816, stack(0x0000006968700000,0x0000006968800000)]
  0x000001bc2a857120 JavaThread "Reference Handler" daemon [_thread_blocked, id=3604, stack(0x0000006968e00000,0x0000006968f00000)]
  0x000001bc2a8579e0 JavaThread "Finalizer" daemon [_thread_blocked, id=2424, stack(0x0000006968f00000,0x0000006969000000)]
  0x000001bc2a85dca0 JavaThread "Signal Dispatcher" daemon [_thread_blocked, id=1772, stack(0x0000006969000000,0x0000006969100000)]
  0x000001bc2a85e560 JavaThread "Attach Listener" daemon [_thread_blocked, id=13292, stack(0x0000006969100000,0x0000006969200000)]
  0x000001bc2a861230 JavaThread "Service Thread" daemon [_thread_blocked, id=25572, stack(0x0000006969200000,0x0000006969300000)]
  0x000001bc2a861af0 JavaThread "Monitor Deflation Thread" daemon [_thread_blocked, id=17940, stack(0x0000006969300000,0x0000006969400000)]
  0x000001bc2a862cf0 JavaThread "C2 CompilerThread0" daemon [_thread_blocked, id=14080, stack(0x0000006969400000,0x0000006969500000)]
  0x000001bc2a8a0000 JavaThread "C1 CompilerThread0" daemon [_thread_blocked, id=14064, stack(0x0000006969500000,0x0000006969600000)]
  0x000001bc2a8a4520 JavaThread "Sweeper thread" daemon [_thread_blocked, id=12300, stack(0x0000006969600000,0x0000006969700000)]
  0x000001bc2aa3d2d0 JavaThread "Common-Cleaner" daemon [_thread_blocked, id=17832, stack(0x0000006969700000,0x0000006969800000)]
  0x000001bc2aa41d60 JavaThread "Notification Thread" daemon [_thread_blocked, id=11212, stack(0x0000006969800000,0x0000006969900000)]
  0x000001bc2cfdda60 JavaThread "Daemon health stats" [_thread_blocked, id=26708, stack(0x000000696a100000,0x000000696a200000)]
  0x000001bc2d10ba60 JavaThread "Incoming local TCP Connector on port 57256" [_thread_in_native, id=4888, stack(0x0000006969a00000,0x0000006969b00000)]
  0x000001bc2cc3a0c0 JavaThread "Daemon periodic checks" [_thread_blocked, id=14708, stack(0x000000696a000000,0x000000696a100000)]
  0x000001bc2d6eb030 JavaThread "Daemon" [_thread_blocked, id=11260, stack(0x000000696a200000,0x000000696a300000)]
  0x000001bc2dae2a50 JavaThread "Daemon worker" [_thread_blocked, id=14984, stack(0x000000696a500000,0x000000696a600000)]
  0x000001bc2be55db0 JavaThread "Cache worker for journal cache (C:\Users\svo\.gradle\caches\journal-1)" [_thread_blocked, id=11792, stack(0x000000696af00000,0x000000696b000000)]
  0x000001bc2be545a0 JavaThread "File lock request listener" [_thread_in_native, id=12980, stack(0x000000696b000000,0x000000696b100000)]
  0x000001bc2be523f0 JavaThread "Cache worker for file hash cache (C:\Users\svo\.gradle\caches\8.0\fileHashes)" [_thread_blocked, id=11508, stack(0x000000696b200000,0x000000696b300000)]
  0x000001bc2be52d90 JavaThread "File watcher server" daemon [_thread_blocked, id=21196, stack(0x000000696b400000,0x000000696b500000)]
  0x000001bc2be54f40 JavaThread "File watcher consumer" daemon [_thread_blocked, id=7928, stack(0x000000696b500000,0x000000696b600000)]
  0x000001bc2be558e0 JavaThread "Cache worker for file content cache (C:\Users\svo\.gradle\caches\8.0\fileContent)" [_thread_blocked, id=16328, stack(0x000000696b800000,0x000000696b900000)]
  0x000001bc2df12120 JavaThread "Cache worker for execution history cache (C:\Users\svo\.gradle\caches\8.0\executionHistory)" [_thread_blocked, id=12856, stack(0x000000696bb00000,0x000000696bc00000)]
  0x000001bc2df13930 JavaThread "jar transforms" [_thread_blocked, id=27196, stack(0x000000696bc00000,0x000000696bd00000)]
  0x000001bc2df10440 JavaThread "jar transforms Thread 2" [_thread_blocked, id=19268, stack(0x000000696bd00000,0x000000696be00000)]
  0x000001bc2df147a0 JavaThread "Cache worker for kotlin-dsl (C:\Users\svo\.gradle\caches\8.0\kotlin-dsl)" [_thread_blocked, id=9132, stack(0x000000696be00000,0x000000696bf00000)]
  0x000001bc2df13460 JavaThread "jar transforms Thread 3" [_thread_blocked, id=1016, stack(0x000000696b300000,0x000000696b400000)]
  0x000001bc2df14c70 JavaThread "jar transforms Thread 4" [_thread_blocked, id=24276, stack(0x000000696bf00000,0x000000696c000000)]
  0x000001bc2df17c90 JavaThread "jar transforms Thread 5" [_thread_blocked, id=11888, stack(0x000000696c200000,0x000000696c300000)]
  0x000001bc2d533f30 JavaThread "jar transforms Thread 6" [_thread_blocked, id=23084, stack(0x0000006973b00000,0x0000006973c00000)]
  0x000001bc2d534400 JavaThread "jar transforms Thread 7" [_thread_blocked, id=14680, stack(0x0000006973c00000,0x0000006973d00000)]
  0x000001bc2d5330c0 JavaThread "jar transforms Thread 8" [_thread_blocked, id=14508, stack(0x0000006973d00000,0x0000006973e00000)]
  0x000001bc2d533590 JavaThread "jar transforms Thread 9" [_thread_blocked, id=25556, stack(0x0000006973e00000,0x0000006973f00000)]
  0x000001bc2d5348d0 JavaThread "jar transforms Thread 10" [_thread_blocked, id=8920, stack(0x0000006973f00000,0x0000006974000000)]
  0x000001bc2d535c10 JavaThread "jar transforms Thread 11" [_thread_blocked, id=16224, stack(0x0000006974000000,0x0000006974100000)]
  0x000001bc2d534da0 JavaThread "jar transforms Thread 12" [_thread_blocked, id=18708, stack(0x0000006974100000,0x0000006974200000)]
  0x000001bc2d532720 JavaThread "Memory manager" [_thread_blocked, id=22500, stack(0x0000006974400000,0x0000006974500000)]
  0x000001bc2d5395d0 JavaThread "included builds" [_thread_blocked, id=9312, stack(0x0000006974500000,0x0000006974600000)]
  0x000001bc2d533a60 JavaThread "Handler for socket connection from /127.0.0.1:57256 to /127.0.0.1:57258" [_thread_in_native, id=13332, stack(0x000000696a300000,0x000000696a400000)]
  0x000001bc2d538760 JavaThread "Cancel handler" [_thread_blocked, id=25100, stack(0x000000696a400000,0x000000696a500000)]
  0x000001bc2d535270 JavaThread "Asynchronous log dispatcher for DefaultDaemonConnection: socket connection from /127.0.0.1:57256 to /127.0.0.1:57258" [_thread_blocked, id=16264, stack(0x000000696a600000,0x000000696a700000)]
  0x000001bc2d539100 JavaThread "Stdin handler" [_thread_blocked, id=1700, stack(0x000000696a700000,0x000000696a800000)]
  0x000001bc2d5360e0 JavaThread "Daemon client event forwarder" [_thread_blocked, id=25684, stack(0x000000696a800000,0x000000696a900000)]
  0x000001bc2d536f50 JavaThread "Cache worker for checksums cache (C:\BTS\ANDROID\WkRFTG\ApplicationRFTG\.gradle\8.0\checksums)" [_thread_blocked, id=11684, stack(0x000000696b100000,0x000000696b200000)]
  0x000001bc2d537420 JavaThread "Cache worker for cache directory md-rule (C:\Users\svo\.gradle\caches\8.0\md-rule)" [_thread_blocked, id=6836, stack(0x000000696b600000,0x000000696b700000)]
  0x000001bc2df112b0 JavaThread "Cache worker for file hash cache (C:\BTS\ANDROID\WkRFTG\ApplicationRFTG\.gradle\8.0\fileHashes)" [_thread_blocked, id=11100, stack(0x000000696b700000,0x000000696b800000)]
  0x000001bc2df12f90 JavaThread "Cache worker for cache directory md-supplier (C:\Users\svo\.gradle\caches\8.0\md-supplier)" [_thread_blocked, id=15288, stack(0x000000696b900000,0x000000696ba00000)]
  0x000001bc2df15610 JavaThread "Cache worker for dependencies-accessors (C:\BTS\ANDROID\WkRFTG\ApplicationRFTG\.gradle\8.0\dependencies-accessors)" [_thread_blocked, id=18072, stack(0x000000696ba00000,0x000000696bb00000)]
  0x000001bc2d0abfa0 JavaThread "C2 CompilerThread1" daemon [_thread_blocked, id=20780, stack(0x000000696c000000,0x000000696c100000)]
  0x000001bc2df11c50 JavaThread "Cache worker for Build Output Cleanup Cache (C:\BTS\ANDROID\WkRFTG\ApplicationRFTG\.gradle\buildOutputCleanup)" [_thread_blocked, id=16824, stack(0x000000696c100000,0x000000696c200000)]
  0x000001bc2df177c0 JavaThread "Unconstrained build operations" [_thread_blocked, id=23756, stack(0x000000696c300000,0x000000696c400000)]
  0x000001bc2be540d0 JavaThread "Unconstrained build operations Thread 2" [_thread_blocked, id=23348, stack(0x000000696c400000,0x000000696c500000)]
  0x000001bc2be53730 JavaThread "Unconstrained build operations Thread 3" [_thread_blocked, id=12984, stack(0x000000696c500000,0x000000696c600000)]
  0x000001bc2be53c00 JavaThread "Unconstrained build operations Thread 4" [_thread_blocked, id=10908, stack(0x000000696c600000,0x000000696c700000)]
  0x000001bc2be55410 JavaThread "Unconstrained build operations Thread 5" [_thread_blocked, id=16372, stack(0x000000696c700000,0x000000696c800000)]
  0x000001bc2d828210 JavaThread "Unconstrained build operations Thread 6" [_thread_blocked, id=24932, stack(0x000000696c800000,0x000000696c900000)]
  0x000001bc2d826530 JavaThread "Unconstrained build operations Thread 7" [_thread_blocked, id=24368, stack(0x000000696c900000,0x000000696ca00000)]
  0x000001bc2d826060 JavaThread "Unconstrained build operations Thread 8" [_thread_blocked, id=12536, stack(0x000000696ca00000,0x000000696cb00000)]
  0x000001bc2d8286e0 JavaThread "Unconstrained build operations Thread 9" [_thread_blocked, id=6692, stack(0x000000696cb00000,0x000000696cc00000)]
  0x000001bc2d829080 JavaThread "Unconstrained build operations Thread 10" [_thread_blocked, id=7964, stack(0x000000696cc00000,0x000000696cd00000)]
  0x000001bc2d828bb0 JavaThread "Unconstrained build operations Thread 11" [_thread_blocked, id=21088, stack(0x000000696cd00000,0x000000696ce00000)]
  0x000001bc2d8273a0 JavaThread "Unconstrained build operations Thread 12" [_thread_blocked, id=18816, stack(0x000000696ce00000,0x000000696cf00000)]
  0x000001bc2d82a3c0 JavaThread "Unconstrained build operations Thread 13" [_thread_blocked, id=25772, stack(0x000000696cf00000,0x000000696d000000)]
  0x000001bc2d826a00 JavaThread "Unconstrained build operations Thread 14" [_thread_blocked, id=18676, stack(0x000000696d000000,0x000000696d100000)]
  0x000001bc2d829550 JavaThread "Unconstrained build operations Thread 15" [_thread_blocked, id=22380, stack(0x000000696d100000,0x000000696d200000)]
  0x000001bc2d829a20 JavaThread "Unconstrained build operations Thread 16" [_thread_blocked, id=13444, stack(0x000000696d200000,0x000000696d300000)]
  0x000001bc2d829ef0 JavaThread "Unconstrained build operations Thread 17" [_thread_blocked, id=15180, stack(0x000000696d300000,0x000000696d400000)]
  0x000001bc2d82a890 JavaThread "Unconstrained build operations Thread 18" [_thread_blocked, id=18672, stack(0x000000696d400000,0x000000696d500000)]
  0x000001bc2d826ed0 JavaThread "Unconstrained build operations Thread 19" [_thread_blocked, id=3168, stack(0x000000696d500000,0x000000696d600000)]
  0x000001bc2d827d40 JavaThread "Unconstrained build operations Thread 20" [_thread_blocked, id=22636, stack(0x000000696d600000,0x000000696d700000)]
  0x000001bc2d82ad60 JavaThread "Unconstrained build operations Thread 21" [_thread_blocked, id=14780, stack(0x000000696d700000,0x000000696d800000)]
  0x000001bc2d82b230 JavaThread "Unconstrained build operations Thread 22" [_thread_blocked, id=26632, stack(0x000000696d800000,0x000000696d900000)]
  0x000001bc2d827870 JavaThread "Unconstrained build operations Thread 23" [_thread_blocked, id=23468, stack(0x000000696d900000,0x000000696da00000)]
  0x000001bc2d82bbd0 JavaThread "Unconstrained build operations Thread 24" [_thread_blocked, id=25856, stack(0x000000696da00000,0x000000696db00000)]
  0x000001bc2d82b700 JavaThread "Unconstrained build operations Thread 25" [_thread_blocked, id=26732, stack(0x000000696db00000,0x000000696dc00000)]
  0x000001bc2d82d8b0 JavaThread "Unconstrained build operations Thread 26" [_thread_blocked, id=16932, stack(0x000000696dc00000,0x000000696dd00000)]
  0x000001bc2d82d3e0 JavaThread "Unconstrained build operations Thread 27" [_thread_blocked, id=26440, stack(0x000000696dd00000,0x000000696de00000)]
  0x000001bc2d82c0a0 JavaThread "Unconstrained build operations Thread 28" [_thread_blocked, id=23896, stack(0x000000696de00000,0x000000696df00000)]
  0x000001bc2d82c570 JavaThread "Unconstrained build operations Thread 29" [_thread_blocked, id=16052, stack(0x000000696df00000,0x000000696e000000)]
  0x000001bc2d82ca40 JavaThread "Unconstrained build operations Thread 30" [_thread_blocked, id=24496, stack(0x000000696e000000,0x000000696e100000)]
  0x000001bc2d82cf10 JavaThread "Unconstrained build operations Thread 31" [_thread_blocked, id=5188, stack(0x000000696e100000,0x000000696e200000)]
  0x000001bc2d53ef00 JavaThread "Unconstrained build operations Thread 32" [_thread_blocked, id=12436, stack(0x000000696e200000,0x000000696e300000)]
  0x000001bc2d53e090 JavaThread "Unconstrained build operations Thread 33" [_thread_blocked, id=812, stack(0x000000696e300000,0x000000696e400000)]
  0x000001bc2d53e560 JavaThread "Unconstrained build operations Thread 34" [_thread_blocked, id=16396, stack(0x000000696e400000,0x000000696e500000)]
  0x000001bc2d53ea30 JavaThread "Unconstrained build operations Thread 35" [_thread_blocked, id=19892, stack(0x000000696e500000,0x000000696e600000)]
  0x000001bc2d53f3d0 JavaThread "Unconstrained build operations Thread 36" [_thread_blocked, id=3432, stack(0x000000696e600000,0x000000696e700000)]
  0x000001bc2d53f8a0 JavaThread "Unconstrained build operations Thread 37" [_thread_blocked, id=18372, stack(0x000000696e700000,0x000000696e800000)]
  0x000001bc2d53d6f0 JavaThread "Unconstrained build operations Thread 38" [_thread_blocked, id=5576, stack(0x000000696e800000,0x000000696e900000)]
  0x000001bc2d53cd50 JavaThread "Unconstrained build operations Thread 39" [_thread_blocked, id=19128, stack(0x000000696e900000,0x000000696ea00000)]
  0x000001bc2d53fd70 JavaThread "Unconstrained build operations Thread 40" [_thread_blocked, id=23088, stack(0x000000696ea00000,0x000000696eb00000)]
  0x000001bc2d53dbc0 JavaThread "Unconstrained build operations Thread 41" [_thread_blocked, id=26480, stack(0x000000696eb00000,0x000000696ec00000)]
  0x000001bc2d53c880 JavaThread "Unconstrained build operations Thread 42" [_thread_blocked, id=23656, stack(0x000000696ec00000,0x000000696ed00000)]
  0x000001bc2d53c3b0 JavaThread "Unconstrained build operations Thread 43" [_thread_blocked, id=20916, stack(0x000000696ed00000,0x000000696ee00000)]
  0x000001bc2d53d220 JavaThread "Unconstrained build operations Thread 44" [_thread_blocked, id=20356, stack(0x000000696ee00000,0x000000696ef00000)]
  0x000001bc2d0da460 JavaThread "Unconstrained build operations Thread 45" [_thread_blocked, id=26584, stack(0x000000696ef00000,0x000000696f000000)]
  0x000001bc2d0d8c50 JavaThread "Unconstrained build operations Thread 46" [_thread_blocked, id=17628, stack(0x000000696f000000,0x000000696f100000)]
  0x000001bc2d0d9120 JavaThread "Unconstrained build operations Thread 47" [_thread_blocked, id=15984, stack(0x000000696f100000,0x000000696f200000)]
  0x000001bc2d0d6aa0 JavaThread "Unconstrained build operations Thread 48" [_thread_blocked, id=15840, stack(0x000000696f200000,0x000000696f300000)]
  0x000001bc2d0d95f0 JavaThread "Unconstrained build operations Thread 49" [_thread_blocked, id=15644, stack(0x000000696f300000,0x000000696f400000)]
  0x000001bc2d0d9ac0 JavaThread "Unconstrained build operations Thread 50" [_thread_blocked, id=6760, stack(0x000000696f400000,0x000000696f500000)]
  0x000001bc2d0d9f90 JavaThread "Unconstrained build operations Thread 51" [_thread_blocked, id=6916, stack(0x000000696f500000,0x000000696f600000)]
  0x000001bc2d0d7440 JavaThread "Unconstrained build operations Thread 52" [_thread_blocked, id=15868, stack(0x000000696f600000,0x000000696f700000)]
  0x000001bc2d0da930 JavaThread "Unconstrained build operations Thread 53" [_thread_blocked, id=8444, stack(0x000000696f700000,0x000000696f800000)]
  0x000001bc2d0d6f70 JavaThread "Unconstrained build operations Thread 54" [_thread_blocked, id=22920, stack(0x000000696f800000,0x000000696f900000)]
  0x000001bc2d0dae00 JavaThread "Unconstrained build operations Thread 55" [_thread_blocked, id=20432, stack(0x000000696f900000,0x000000696fa00000)]
  0x000001bc2d0db2d0 JavaThread "Unconstrained build operations Thread 56" [_thread_blocked, id=26204, stack(0x000000696fa00000,0x000000696fb00000)]
  0x000001bc2d0d7910 JavaThread "Unconstrained build operations Thread 57" [_thread_blocked, id=3284, stack(0x000000696fb00000,0x000000696fc00000)]
  0x000001bc2d0db7a0 JavaThread "Unconstrained build operations Thread 58" [_thread_blocked, id=23404, stack(0x000000696fc00000,0x000000696fd00000)]
  0x000001bc2d0d7de0 JavaThread "Unconstrained build operations Thread 59" [_thread_blocked, id=19352, stack(0x000000696fd00000,0x000000696fe00000)]
  0x000001bc2d0dbc70 JavaThread "Unconstrained build operations Thread 60" [_thread_blocked, id=23924, stack(0x000000696fe00000,0x000000696ff00000)]
  0x000001bc2d0d82b0 JavaThread "Unconstrained build operations Thread 61" [_thread_blocked, id=23392, stack(0x000000696ff00000,0x0000006970000000)]
  0x000001bc2d0dc140 JavaThread "Unconstrained build operations Thread 62" [_thread_blocked, id=13900, stack(0x0000006970000000,0x0000006970100000)]
  0x000001bc2d0d8780 JavaThread "Unconstrained build operations Thread 63" [_thread_blocked, id=23024, stack(0x0000006970100000,0x0000006970200000)]
  0x000001bc2d0dc610 JavaThread "Unconstrained build operations Thread 64" [_thread_blocked, id=22400, stack(0x0000006970200000,0x0000006970300000)]
  0x000001bc2d0dcae0 JavaThread "Unconstrained build operations Thread 65" [_thread_blocked, id=5896, stack(0x0000006970300000,0x0000006970400000)]
  0x000001bc2d0dcfb0 JavaThread "Unconstrained build operations Thread 66" [_thread_blocked, id=15104, stack(0x0000006970400000,0x0000006970500000)]
  0x000001bc2d0dd480 JavaThread "Unconstrained build operations Thread 67" [_thread_blocked, id=24656, stack(0x0000006970500000,0x0000006970600000)]
  0x000001bc2d0dd950 JavaThread "Unconstrained build operations Thread 68" [_thread_blocked, id=19560, stack(0x0000006970600000,0x0000006970700000)]
  0x000001bc2d0dde20 JavaThread "Unconstrained build operations Thread 69" [_thread_blocked, id=1288, stack(0x0000006970700000,0x0000006970800000)]
  0x000001bc2d0de2f0 JavaThread "Unconstrained build operations Thread 70" [_thread_blocked, id=24464, stack(0x0000006970800000,0x0000006970900000)]
  0x000001bc2df42650 JavaThread "Unconstrained build operations Thread 71" [_thread_blocked, id=17636, stack(0x0000006970900000,0x0000006970a00000)]
  0x000001bc2df3ec90 JavaThread "Unconstrained build operations Thread 72" [_thread_blocked, id=10552, stack(0x0000006970a00000,0x0000006970b00000)]
  0x000001bc2df40970 JavaThread "Unconstrained build operations Thread 73" [_thread_blocked, id=25648, stack(0x0000006970b00000,0x0000006970c00000)]
  0x000001bc2df3fb00 JavaThread "Unconstrained build operations Thread 74" [_thread_blocked, id=24484, stack(0x0000006970c00000,0x0000006970d00000)]
  0x000001bc2df3f160 JavaThread "Unconstrained build operations Thread 75" [_thread_blocked, id=27028, stack(0x0000006970d00000,0x0000006970e00000)]
  0x000001bc2df3ffd0 JavaThread "Unconstrained build operations Thread 76" [_thread_blocked, id=27388, stack(0x0000006970e00000,0x0000006970f00000)]
  0x000001bc2df404a0 JavaThread "Unconstrained build operations Thread 77" [_thread_blocked, id=16676, stack(0x0000006970f00000,0x0000006971000000)]
  0x000001bc2df40e40 JavaThread "Unconstrained build operations Thread 78" [_thread_blocked, id=5556, stack(0x0000006971000000,0x0000006971100000)]
  0x000001bc2df41310 JavaThread "Unconstrained build operations Thread 79" [_thread_blocked, id=14900, stack(0x0000006971100000,0x0000006971200000)]
  0x000001bc2df417e0 JavaThread "Unconstrained build operations Thread 80" [_thread_blocked, id=21912, stack(0x0000006971200000,0x0000006971300000)]
  0x000001bc2df41cb0 JavaThread "Unconstrained build operations Thread 81" [_thread_blocked, id=25796, stack(0x0000006971300000,0x0000006971400000)]
  0x000001bc2df3f630 JavaThread "Unconstrained build operations Thread 82" [_thread_blocked, id=24040, stack(0x0000006971400000,0x0000006971500000)]
  0x000001bc2df44800 JavaThread "Unconstrained build operations Thread 83" [_thread_blocked, id=11144, stack(0x0000006971500000,0x0000006971600000)]
  0x000001bc2df44cd0 JavaThread "Unconstrained build operations Thread 84" [_thread_blocked, id=12996, stack(0x0000006971600000,0x0000006971700000)]
  0x000001bc2df45b40 JavaThread "Unconstrained build operations Thread 85" [_thread_blocked, id=17108, stack(0x0000006971700000,0x0000006971800000)]
  0x000001bc2df42180 JavaThread "Unconstrained build operations Thread 86" [_thread_blocked, id=4968, stack(0x0000006971800000,0x0000006971900000)]
  0x000001bc2df451a0 JavaThread "Unconstrained build operations Thread 87" [_thread_blocked, id=10656, stack(0x0000006971900000,0x0000006971a00000)]
  0x000001bc2df45670 JavaThread "Unconstrained build operations Thread 88" [_thread_blocked, id=16936, stack(0x0000006971a00000,0x0000006971b00000)]
  0x000001bc2df42ff0 JavaThread "Unconstrained build operations Thread 89" [_thread_blocked, id=21716, stack(0x0000006971b00000,0x0000006971c00000)]
  0x000001bc2df44330 JavaThread "Unconstrained build operations Thread 90" [_thread_blocked, id=5848, stack(0x0000006971c00000,0x0000006971d00000)]
  0x000001bc2df46010 JavaThread "Unconstrained build operations Thread 91" [_thread_blocked, id=25768, stack(0x0000006971d00000,0x0000006971e00000)]
  0x000001bc2df434c0 JavaThread "Unconstrained build operations Thread 92" [_thread_blocked, id=3424, stack(0x0000006971e00000,0x0000006971f00000)]
  0x000001bc2df43990 JavaThread "Unconstrained build operations Thread 93" [_thread_blocked, id=26824, stack(0x0000006971f00000,0x0000006972000000)]
  0x000001bc2df42b20 JavaThread "Unconstrained build operations Thread 94" [_thread_blocked, id=25484, stack(0x0000006972000000,0x0000006972100000)]
  0x000001bc2df43e60 JavaThread "Unconstrained build operations Thread 95" [_thread_blocked, id=24648, stack(0x0000006972100000,0x0000006972200000)]
  0x000001bc2e67c0d0 JavaThread "Unconstrained build operations Thread 96" [_thread_blocked, id=12084, stack(0x0000006972200000,0x0000006972300000)]
  0x000001bc2e67c5a0 JavaThread "Unconstrained build operations Thread 97" [_thread_blocked, id=15232, stack(0x0000006972300000,0x0000006972400000)]
  0x000001bc2e67e750 JavaThread "Unconstrained build operations Thread 98" [_thread_blocked, id=24956, stack(0x0000006972400000,0x0000006972500000)]
  0x000001bc2e67ca70 JavaThread "Unconstrained build operations Thread 99" [_thread_blocked, id=26520, stack(0x0000006972500000,0x0000006972600000)]
  0x000001bc2e67ec20 JavaThread "Unconstrained build operations Thread 100" [_thread_blocked, id=15964, stack(0x0000006972600000,0x0000006972700000)]
  0x000001bc2e67bc00 JavaThread "Unconstrained build operations Thread 101" [_thread_blocked, id=11004, stack(0x0000006972700000,0x0000006972800000)]
  0x000001bc2e67b730 JavaThread "Unconstrained build operations Thread 102" [_thread_blocked, id=8884, stack(0x0000006972800000,0x0000006972900000)]
  0x000001bc2e680430 JavaThread "Unconstrained build operations Thread 103" [_thread_blocked, id=23464, stack(0x0000006972900000,0x0000006972a00000)]
  0x000001bc2e67f5c0 JavaThread "Unconstrained build operations Thread 104" [_thread_blocked, id=3792, stack(0x0000006972a00000,0x0000006972b00000)]
  0x000001bc2e680900 JavaThread "Unconstrained build operations Thread 105" [_thread_blocked, id=18040, stack(0x0000006972b00000,0x0000006972c00000)]
  0x000001bc2e67f0f0 JavaThread "Unconstrained build operations Thread 106" [_thread_blocked, id=24256, stack(0x0000006972c00000,0x0000006972d00000)]
  0x000001bc2e67fa90 JavaThread "Unconstrained build operations Thread 107" [_thread_blocked, id=26652, stack(0x0000006972d00000,0x0000006972e00000)]
  0x000001bc2e67cf40 JavaThread "Unconstrained build operations Thread 108" [_thread_blocked, id=24168, stack(0x0000006972e00000,0x0000006972f00000)]
  0x000001bc2e67e280 JavaThread "Unconstrained build operations Thread 109" [_thread_blocked, id=14364, stack(0x0000006972f00000,0x0000006973000000)]
  0x000001bc2e67ff60 JavaThread "Unconstrained build operations Thread 110" [_thread_blocked, id=5076, stack(0x0000006973000000,0x0000006973100000)]
  0x000001bc2e680dd0 JavaThread "Unconstrained build operations Thread 111" [_thread_blocked, id=1836, stack(0x0000006973100000,0x0000006973200000)]
  0x000001bc2e67d410 JavaThread "Unconstrained build operations Thread 112" [_thread_blocked, id=13228, stack(0x0000006973200000,0x0000006973300000)]
  0x000001bc2e6812a0 JavaThread "Unconstrained build operations Thread 113" [_thread_blocked, id=9596, stack(0x0000006973300000,0x0000006973400000)]
  0x000001bc2e67d8e0 JavaThread "Unconstrained build operations Thread 114" [_thread_blocked, id=8904, stack(0x0000006973400000,0x0000006973500000)]
  0x000001bc2e681770 JavaThread "Unconstrained build operations Thread 115" [_thread_blocked, id=3984, stack(0x0000006973500000,0x0000006973600000)]
  0x000001bc2e67ddb0 JavaThread "Unconstrained build operations Thread 116" [_thread_blocked, id=2340, stack(0x0000006973600000,0x0000006973700000)]
  0x000001bc2e681c40 JavaThread "Unconstrained build operations Thread 117" [_thread_blocked, id=23568, stack(0x0000006973700000,0x0000006973800000)]
  0x000001bc2e682110 JavaThread "Unconstrained build operations Thread 118" [_thread_blocked, id=14372, stack(0x0000006973800000,0x0000006973900000)]
  0x000001bc2e6825e0 JavaThread "Unconstrained build operations Thread 119" [_thread_blocked, id=6256, stack(0x0000006973900000,0x0000006973a00000)]
  0x000001bc2e682ab0 JavaThread "Unconstrained build operations Thread 120" [_thread_blocked, id=5864, stack(0x0000006973a00000,0x0000006973b00000)]
  0x000001bc2e682f80 JavaThread "build event listener" [_thread_blocked, id=24348, stack(0x0000006974200000,0x0000006974300000)]
  0x000001bc2dc32470 JavaThread "included builds" [_thread_blocked, id=10636, stack(0x0000006974600000,0x0000006974700000)]
  0x000001bc2dc32940 JavaThread "Execution worker" [_thread_blocked, id=11936, stack(0x0000006974700000,0x0000006974800000)]
  0x000001bc2dc31600 JavaThread "Execution worker Thread 2" [_thread_blocked, id=10580, stack(0x0000006974800000,0x0000006974900000)]
  0x000001bc2dc31ad0 JavaThread "Execution worker Thread 3" [_thread_blocked, id=15324, stack(0x0000006974900000,0x0000006974a00000)]
  0x000001bc2dc31130 JavaThread "Execution worker Thread 4" [_thread_blocked, id=17840, stack(0x0000006974a00000,0x0000006974b00000)]
  0x000001bc2dc31fa0 JavaThread "Execution worker Thread 5" [_thread_blocked, id=4872, stack(0x0000006974b00000,0x0000006974c00000)]
  0x000001bc2dc337b0 JavaThread "Execution worker Thread 6" [_thread_blocked, id=21648, stack(0x0000006974c00000,0x0000006974d00000)]
  0x000001bc2dc32e10 JavaThread "Execution worker Thread 7" [_thread_blocked, id=21136, stack(0x0000006974d00000,0x0000006974e00000)]
  0x000001bc2dc332e0 JavaThread "Execution worker Thread 8" [_thread_blocked, id=23580, stack(0x0000006974e00000,0x0000006974f00000)]
  0x000001bc2dc33c80 JavaThread "Execution worker Thread 9" [_thread_blocked, id=8704, stack(0x0000006974f00000,0x0000006975000000)]
  0x000001bc2dc34150 JavaThread "Execution worker Thread 10" [_thread_blocked, id=15756, stack(0x0000006975000000,0x0000006975100000)]
  0x000001bc2dc30790 JavaThread "Execution worker Thread 11" [_thread_blocked, id=3096, stack(0x0000006975100000,0x0000006975200000)]
  0x000001bc2e71c740 JavaThread "Cache worker for execution history cache (C:\BTS\ANDROID\WkRFTG\ApplicationRFTG\.gradle\8.0\executionHistory)" [_thread_blocked, id=7320, stack(0x0000006975200000,0x0000006975300000)]
  0x000001bc2e71da80 JavaThread "WorkerExecutor Queue" [_thread_blocked, id=10648, stack(0x0000006975300000,0x0000006975400000)]
  0x000001bc330933d0 JavaThread "WorkerExecutor Queue Thread 2" [_thread_blocked, id=22792, stack(0x0000006975400000,0x0000006975500000)]
  0x000001bc2da95420 JavaThread "C2 CompilerThread2" daemon [_thread_blocked, id=10104, stack(0x0000006974300000,0x0000006974400000)]

Other Threads:
=>0x000001bc29c9ec40 VMThread "VM Thread" [stack: 0x0000006968d00000,0x0000006968e00000] [id=13352]
  0x000001bc0da740a0 WatcherThread [stack: 0x0000006969900000,0x0000006969a00000] [id=16664]
  0x000001bc0da54550 GCTaskThread "GC Thread#0" [stack: 0x0000006968800000,0x0000006968900000] [id=14516]
  0x000001bc2b84c420 GCTaskThread "GC Thread#1" [stack: 0x0000006969b00000,0x0000006969c00000] [id=13308]
  0x000001bc2b84c6d0 GCTaskThread "GC Thread#2" [stack: 0x0000006969c00000,0x0000006969d00000] [id=1008]
  0x000001bc2b84c980 GCTaskThread "GC Thread#3" [stack: 0x0000006969d00000,0x0000006969e00000] [id=7572]
  0x000001bc2acbe3f0 GCTaskThread "GC Thread#4" [stack: 0x0000006969e00000,0x0000006969f00000] [id=7272]
  0x000001bc2acbe6a0 GCTaskThread "GC Thread#5" [stack: 0x0000006969f00000,0x000000696a000000] [id=24324]
  0x000001bc2da71040 GCTaskThread "GC Thread#6" [stack: 0x000000696a900000,0x000000696aa00000] [id=17876]
  0x000001bc2c2e7d30 GCTaskThread "GC Thread#7" [stack: 0x000000696aa00000,0x000000696ab00000] [id=15692]
  0x000001bc2c2e7fe0 GCTaskThread "GC Thread#8" [stack: 0x000000696ab00000,0x000000696ac00000] [id=16200]
  0x000001bc2c2e8290 GCTaskThread "GC Thread#9" [stack: 0x000000696ac00000,0x000000696ad00000] [id=12248]
  0x000001bc0da652a0 ConcurrentGCThread "G1 Main Marker" [stack: 0x0000006968900000,0x0000006968a00000] [id=25124]
  0x000001bc0da66790 ConcurrentGCThread "G1 Conc#0" [stack: 0x0000006968a00000,0x0000006968b00000] [id=14580]
  0x000001bc2c236bd0 ConcurrentGCThread "G1 Conc#1" [stack: 0x000000696ad00000,0x000000696ae00000] [id=8872]
  0x000001bc2d668a40 ConcurrentGCThread "G1 Conc#2" [stack: 0x000000696ae00000,0x000000696af00000] [id=4836]
  0x000001bc29b445d0 ConcurrentGCThread "G1 Refine#0" [stack: 0x0000006968b00000,0x0000006968c00000] [id=9572]
  0x000001bc29b45cb0 ConcurrentGCThread "G1 Service" [stack: 0x0000006968c00000,0x0000006968d00000] [id=2320]

Threads with active compile tasks:
C2 CompilerThread0    28097 11475       4       org.apache.xerces.impl.XMLScanner::scanAttributeValue (1007 bytes)
C2 CompilerThread1    28097 11478       4       org.apache.xerces.impl.XMLNSDocumentScannerImpl::scanAttribute (586 bytes)
C2 CompilerThread2    28097 11484       4       com.android.resources.ResourceType::fromXmlTag (141 bytes)

VM state: at safepoint (normal execution)

VM Mutex/Monitor currently owned by a thread:  ([mutex/lock_event])
[0x000001bc0d9f0800] Threads_lock - owner thread: 0x000001bc29c9ec40
[0x000001bc0d9f0f50] Heap_lock - owner thread: 0x000001bc2dc31130

Heap address: 0x0000000080000000, size: 2048 MB, Compressed Oops mode: 32-bit

CDS archive(s) not mapped
Compressed class space mapped at: 0x0000000100000000-0x0000000140000000, reserved size: 1073741824
Narrow klass base: 0x0000000000000000, Narrow klass shift: 3, Narrow klass range: 0x140000000

GC Precious Log:
 CPUs: 12 total, 12 available
 Memory: 16016M
 Large Page Support: Disabled
 NUMA Support: Disabled
 Compressed Oops: Enabled (32-bit)
 Heap Region Size: 1M
 Heap Min Capacity: 8M
 Heap Initial Capacity: 252M
 Heap Max Capacity: 2G
 Pre-touch: Disabled
 Parallel Workers: 10
 Concurrent Workers: 3
 Concurrent Refinement Workers: 10
 Periodic GC: Disabled

Heap:
 garbage-first heap   total 149504K, used 102971K [0x0000000080000000, 0x0000000100000000)
  region size 1024K, 5 young (5120K), 5 survivors (5120K)
 Metaspace       used 96597K, committed 97280K, reserved 1138688K
  class space    used 13183K, committed 13504K, reserved 1048576K

Heap Regions: E=young(eden), S=young(survivor), O=old, HS=humongous(starts), HC=humongous(continues), CS=collection set, F=free, OA=open archive, CA=closed archive, TAMS=top-at-mark-start (previous, next)
|   0|0x0000000080000000, 0x0000000080100000, 0x0000000080100000|100%|HS|  |TAMS 0x0000000080100000, 0x0000000080100000| Complete 
|   1|0x0000000080100000, 0x0000000080200000, 0x0000000080200000|100%|HC|  |TAMS 0x0000000080200000, 0x0000000080200000| Complete 
|   2|0x0000000080200000, 0x0000000080300000, 0x0000000080300000|100%|HC|  |TAMS 0x0000000080300000, 0x0000000080300000| Complete 
|   3|0x0000000080300000, 0x0000000080400000, 0x0000000080400000|100%|HC|  |TAMS 0x0000000080400000, 0x0000000080400000| Complete 
|   4|0x0000000080400000, 0x0000000080500000, 0x0000000080500000|100%| O|  |TAMS 0x0000000080500000, 0x0000000080500000| Untracked 
|   5|0x0000000080500000, 0x0000000080600000, 0x0000000080600000|100%| O|  |TAMS 0x0000000080600000, 0x0000000080600000| Untracked 
|   6|0x0000000080600000, 0x0000000080700000, 0x0000000080700000|100%| O|  |TAMS 0x0000000080700000, 0x0000000080700000| Untracked 
|   7|0x0000000080700000, 0x0000000080800000, 0x0000000080800000|100%| O|  |TAMS 0x0000000080800000, 0x0000000080800000| Untracked 
|   8|0x0000000080800000, 0x0000000080900000, 0x0000000080900000|100%| O|  |TAMS 0x0000000080900000, 0x0000000080900000| Untracked 
|   9|0x0000000080900000, 0x0000000080a00000, 0x0000000080a00000|100%| O|  |TAMS 0x0000000080a00000, 0x0000000080a00000| Untracked 
|  10|0x0000000080a00000, 0x0000000080b00000, 0x0000000080b00000|100%| O|  |TAMS 0x0000000080b00000, 0x0000000080b00000| Untracked 
|  11|0x0000000080b00000, 0x0000000080c00000, 0x0000000080c00000|100%| O|  |TAMS 0x0000000080c00000, 0x0000000080c00000| Untracked 
|  12|0x0000000080c00000, 0x0000000080d00000, 0x0000000080d00000|100%| O|  |TAMS 0x0000000080d00000, 0x0000000080d00000| Untracked 
|  13|0x0000000080d00000, 0x0000000080e00000, 0x0000000080e00000|100%| O|  |TAMS 0x0000000080e00000, 0x0000000080e00000| Untracked 
|  14|0x0000000080e00000, 0x0000000080f00000, 0x0000000080f00000|100%| O|  |TAMS 0x0000000080f00000, 0x0000000080f00000| Untracked 
|  15|0x0000000080f00000, 0x0000000081000000, 0x0000000081000000|100%| O|  |TAMS 0x0000000081000000, 0x0000000081000000| Untracked 
|  16|0x0000000081000000, 0x0000000081100000, 0x0000000081100000|100%| O|  |TAMS 0x0000000081100000, 0x0000000081100000| Untracked 
|  17|0x0000000081100000, 0x0000000081200000, 0x0000000081200000|100%| O|  |TAMS 0x0000000081200000, 0x0000000081200000| Untracked 
|  18|0x0000000081200000, 0x0000000081300000, 0x0000000081300000|100%| O|  |TAMS 0x0000000081300000, 0x0000000081300000| Untracked 
|  19|0x0000000081300000, 0x0000000081400000, 0x0000000081400000|100%| O|  |TAMS 0x0000000081400000, 0x0000000081400000| Untracked 
|  20|0x0000000081400000, 0x0000000081500000, 0x0000000081500000|100%| O|  |TAMS 0x0000000081500000, 0x0000000081500000| Untracked 
|  21|0x0000000081500000, 0x0000000081600000, 0x0000000081600000|100%| O|  |TAMS 0x0000000081600000, 0x0000000081600000| Untracked 
|  22|0x0000000081600000, 0x0000000081700000, 0x0000000081700000|100%| O|  |TAMS 0x0000000081700000, 0x0000000081700000| Untracked 
|  23|0x0000000081700000, 0x0000000081800000, 0x0000000081800000|100%| O|  |TAMS 0x0000000081700000, 0x0000000081800000| Untracked 
|  24|0x0000000081800000, 0x0000000081900000, 0x0000000081900000|100%| O|  |TAMS 0x0000000081900000, 0x0000000081900000| Untracked 
|  25|0x0000000081900000, 0x0000000081a00000, 0x0000000081a00000|100%| O|  |TAMS 0x0000000081a00000, 0x0000000081a00000| Untracked 
|  26|0x0000000081a00000, 0x0000000081b00000, 0x0000000081b00000|100%| O|  |TAMS 0x0000000081b00000, 0x0000000081b00000| Untracked 
|  27|0x0000000081b00000, 0x0000000081c00000, 0x0000000081c00000|100%| O|  |TAMS 0x0000000081c00000, 0x0000000081c00000| Untracked 
|  28|0x0000000081c00000, 0x0000000081d00000, 0x0000000081d00000|100%| O|  |TAMS 0x0000000081d00000, 0x0000000081d00000| Untracked 
|  29|0x0000000081d00000, 0x0000000081e00000, 0x0000000081e00000|100%| O|  |TAMS 0x0000000081e00000, 0x0000000081e00000| Untracked 
|  30|0x0000000081e00000, 0x0000000081f00000, 0x0000000081f00000|100%| O|  |TAMS 0x0000000081f00000, 0x0000000081f00000| Untracked 
|  31|0x0000000081f00000, 0x0000000082000000, 0x0000000082000000|100%| O|  |TAMS 0x0000000082000000, 0x0000000082000000| Untracked 
|  32|0x0000000082000000, 0x0000000082100000, 0x0000000082100000|100%|HS|  |TAMS 0x0000000082100000, 0x0000000082100000| Complete 
|  33|0x0000000082100000, 0x0000000082200000, 0x0000000082200000|100%|HS|  |TAMS 0x0000000082200000, 0x0000000082200000| Complete 
|  34|0x0000000082200000, 0x0000000082300000, 0x0000000082300000|100%|HS|  |TAMS 0x0000000082300000, 0x0000000082300000| Complete 
|  35|0x0000000082300000, 0x0000000082400000, 0x0000000082400000|100%| O|  |TAMS 0x0000000082400000, 0x0000000082400000| Untracked 
|  36|0x0000000082400000, 0x0000000082500000, 0x0000000082500000|100%| O|  |TAMS 0x0000000082500000, 0x0000000082500000| Untracked 
|  37|0x0000000082500000, 0x0000000082600000, 0x0000000082600000|100%| O|  |TAMS 0x0000000082600000, 0x0000000082600000| Untracked 
|  38|0x0000000082600000, 0x0000000082700000, 0x0000000082700000|100%| O|  |TAMS 0x0000000082700000, 0x0000000082700000| Untracked 
|  39|0x0000000082700000, 0x0000000082800000, 0x0000000082800000|100%| O|  |TAMS 0x0000000082800000, 0x0000000082800000| Untracked 
|  40|0x0000000082800000, 0x0000000082900000, 0x0000000082900000|100%| O|  |TAMS 0x0000000082800000, 0x0000000082900000| Untracked 
|  41|0x0000000082900000, 0x0000000082a00000, 0x0000000082a00000|100%| O|  |TAMS 0x0000000082a00000, 0x0000000082a00000| Untracked 
|  42|0x0000000082a00000, 0x0000000082b00000, 0x0000000082b00000|100%| O|  |TAMS 0x0000000082b00000, 0x0000000082b00000| Untracked 
|  43|0x0000000082b00000, 0x0000000082c00000, 0x0000000082c00000|100%| O|  |TAMS 0x0000000082c00000, 0x0000000082c00000| Untracked 
|  44|0x0000000082c00000, 0x0000000082d00000, 0x0000000082d00000|100%| O|  |TAMS 0x0000000082d00000, 0x0000000082d00000| Untracked 
|  45|0x0000000082d00000, 0x0000000082e00000, 0x0000000082e00000|100%| O|  |TAMS 0x0000000082e00000, 0x0000000082e00000| Untracked 
|  46|0x0000000082e00000, 0x0000000082f00000, 0x0000000082f00000|100%| O|  |TAMS 0x0000000082f00000, 0x0000000082f00000| Untracked 
|  47|0x0000000082f00000, 0x0000000083000000, 0x0000000083000000|100%| O|  |TAMS 0x0000000083000000, 0x0000000083000000| Untracked 
|  48|0x0000000083000000, 0x0000000083100000, 0x0000000083100000|100%| O|  |TAMS 0x0000000083100000, 0x0000000083100000| Untracked 
|  49|0x0000000083100000, 0x0000000083200000, 0x0000000083200000|100%| O|  |TAMS 0x0000000083200000, 0x0000000083200000| Untracked 
|  50|0x0000000083200000, 0x0000000083300000, 0x0000000083300000|100%| O|  |TAMS 0x0000000083300000, 0x0000000083300000| Untracked 
|  51|0x0000000083300000, 0x0000000083400000, 0x0000000083400000|100%| O|  |TAMS 0x0000000083400000, 0x0000000083400000| Untracked 
|  52|0x0000000083400000, 0x0000000083500000, 0x0000000083500000|100%| O|  |TAMS 0x0000000083500000, 0x0000000083500000| Untracked 
|  53|0x0000000083500000, 0x0000000083600000, 0x0000000083600000|100%| O|  |TAMS 0x0000000083600000, 0x0000000083600000| Untracked 
|  54|0x0000000083600000, 0x0000000083700000, 0x0000000083700000|100%| O|  |TAMS 0x0000000083700000, 0x0000000083700000| Untracked 
|  55|0x0000000083700000, 0x0000000083800000, 0x0000000083800000|100%| O|  |TAMS 0x0000000083800000, 0x0000000083800000| Untracked 
|  56|0x0000000083800000, 0x0000000083800000, 0x0000000083900000|  0%| F|  |TAMS 0x0000000083800000, 0x0000000083800000| Untracked 
|  57|0x0000000083900000, 0x0000000083900000, 0x0000000083a00000|  0%| F|  |TAMS 0x0000000083900000, 0x0000000083900000| Untracked 
|  58|0x0000000083a00000, 0x0000000083b00000, 0x0000000083b00000|100%| O|  |TAMS 0x0000000083b00000, 0x0000000083b00000| Untracked 
|  59|0x0000000083b00000, 0x0000000083c00000, 0x0000000083c00000|100%| O|  |TAMS 0x0000000083c00000, 0x0000000083c00000| Untracked 
|  60|0x0000000083c00000, 0x0000000083d00000, 0x0000000083d00000|100%| O|  |TAMS 0x0000000083d00000, 0x0000000083d00000| Untracked 
|  61|0x0000000083d00000, 0x0000000083e00000, 0x0000000083e00000|100%| O|  |TAMS 0x0000000083e00000, 0x0000000083e00000| Untracked 
|  62|0x0000000083e00000, 0x0000000083f00000, 0x0000000083f00000|100%| O|  |TAMS 0x0000000083f00000, 0x0000000083f00000| Untracked 
|  63|0x0000000083f00000, 0x0000000084000000, 0x0000000084000000|100%| O|  |TAMS 0x0000000084000000, 0x0000000084000000| Untracked 
|  64|0x0000000084000000, 0x0000000084100000, 0x0000000084100000|100%| O|  |TAMS 0x0000000084100000, 0x0000000084100000| Untracked 
|  65|0x0000000084100000, 0x0000000084200000, 0x0000000084200000|100%| O|  |TAMS 0x0000000084200000, 0x0000000084200000| Untracked 
|  66|0x0000000084200000, 0x0000000084300000, 0x0000000084300000|100%| O|  |TAMS 0x0000000084300000, 0x0000000084300000| Untracked 
|  67|0x0000000084300000, 0x0000000084400000, 0x0000000084400000|100%| O|  |TAMS 0x0000000084400000, 0x0000000084400000| Untracked 
|  68|0x0000000084400000, 0x0000000084500000, 0x0000000084500000|100%| O|  |TAMS 0x0000000084500000, 0x0000000084500000| Untracked 
|  69|0x0000000084500000, 0x0000000084600000, 0x0000000084600000|100%| O|  |TAMS 0x0000000084600000, 0x0000000084600000| Untracked 
|  70|0x0000000084600000, 0x0000000084700000, 0x0000000084700000|100%| O|  |TAMS 0x0000000084700000, 0x0000000084700000| Untracked 
|  71|0x0000000084700000, 0x0000000084800000, 0x0000000084800000|100%| O|  |TAMS 0x0000000084800000, 0x0000000084800000| Untracked 
|  72|0x0000000084800000, 0x0000000084900000, 0x0000000084900000|100%| O|  |TAMS 0x0000000084900000, 0x0000000084900000| Untracked 
|  73|0x0000000084900000, 0x0000000084a00000, 0x0000000084a00000|100%| O|  |TAMS 0x0000000084a00000, 0x0000000084a00000| Untracked 
|  74|0x0000000084a00000, 0x0000000084b00000, 0x0000000084b00000|100%| O|  |TAMS 0x0000000084b00000, 0x0000000084b00000| Untracked 
|  75|0x0000000084b00000, 0x0000000084c00000, 0x0000000084c00000|100%| O|  |TAMS 0x0000000084b00000, 0x0000000084c00000| Untracked 
|  76|0x0000000084c00000, 0x0000000084d00000, 0x0000000084d00000|100%| O|  |TAMS 0x0000000084c00000, 0x0000000084d00000| Untracked 
|  77|0x0000000084d00000, 0x0000000084e00000, 0x0000000084e00000|100%| O|  |TAMS 0x0000000084d00000, 0x0000000084e00000| Untracked 
|  78|0x0000000084e00000, 0x0000000084f00000, 0x0000000084f00000|100%| O|  |TAMS 0x0000000084e00000, 0x0000000084f00000| Untracked 
|  79|0x0000000084f00000, 0x0000000085000000, 0x0000000085000000|100%| O|  |TAMS 0x0000000084f00000, 0x0000000085000000| Untracked 
|  80|0x0000000085000000, 0x0000000085100000, 0x0000000085100000|100%| O|  |TAMS 0x0000000085000000, 0x0000000085100000| Untracked 
|  81|0x0000000085100000, 0x0000000085200000, 0x0000000085200000|100%| O|  |TAMS 0x0000000085100000, 0x000000008511bc00| Untracked 
|  82|0x0000000085200000, 0x0000000085200000, 0x0000000085300000|  0%| F|  |TAMS 0x0000000085200000, 0x0000000085200000| Untracked 
|  83|0x0000000085300000, 0x0000000085300000, 0x0000000085400000|  0%| F|  |TAMS 0x0000000085300000, 0x0000000085300000| Untracked 
|  84|0x0000000085400000, 0x0000000085400000, 0x0000000085500000|  0%| F|  |TAMS 0x0000000085400000, 0x0000000085400000| Untracked 
|  85|0x0000000085500000, 0x0000000085500000, 0x0000000085600000|  0%| F|  |TAMS 0x0000000085500000, 0x0000000085500000| Untracked 
|  86|0x0000000085600000, 0x0000000085600000, 0x0000000085700000|  0%| F|  |TAMS 0x0000000085600000, 0x0000000085600000| Untracked 
|  87|0x0000000085700000, 0x0000000085800000, 0x0000000085800000|100%|HS|  |TAMS 0x0000000085700000, 0x0000000085800000| Complete 
|  88|0x0000000085800000, 0x0000000085900000, 0x0000000085900000|100%|HC|  |TAMS 0x0000000085800000, 0x0000000085900000| Complete 
|  89|0x0000000085900000, 0x0000000085a00000, 0x0000000085a00000|100%| O|  |TAMS 0x0000000085900000, 0x0000000085900000| Untracked 
|  90|0x0000000085a00000, 0x0000000085b00000, 0x0000000085b00000|100%| O|  |TAMS 0x0000000085a00000, 0x0000000085a00000| Untracked 
|  91|0x0000000085b00000, 0x0000000085c00000, 0x0000000085c00000|100%| O|  |TAMS 0x0000000085b00000, 0x0000000085b00000| Untracked 
|  92|0x0000000085c00000, 0x0000000085d00000, 0x0000000085d00000|100%| O|  |TAMS 0x0000000085c00000, 0x0000000085c00000| Untracked 
|  93|0x0000000085d00000, 0x0000000085e00000, 0x0000000085e00000|100%| O|  |TAMS 0x0000000085d00000, 0x0000000085d00000| Untracked 
|  94|0x0000000085e00000, 0x0000000085f00000, 0x0000000085f00000|100%| O|  |TAMS 0x0000000085e00000, 0x0000000085e00000| Untracked 
|  95|0x0000000085f00000, 0x0000000086000000, 0x0000000086000000|100%| O|  |TAMS 0x0000000085f00000, 0x0000000085f00000| Untracked 
|  96|0x0000000086000000, 0x0000000086100000, 0x0000000086100000|100%| O|  |TAMS 0x0000000086000000, 0x0000000086000000| Untracked 
|  97|0x0000000086100000, 0x0000000086200000, 0x0000000086200000|100%| O|  |TAMS 0x0000000086100000, 0x0000000086100000| Untracked 
|  98|0x0000000086200000, 0x0000000086300000, 0x0000000086300000|100%| O|  |TAMS 0x0000000086200000, 0x0000000086200000| Untracked 
|  99|0x0000000086300000, 0x0000000086400000, 0x0000000086400000|100%| O|  |TAMS 0x0000000086300000, 0x0000000086300000| Untracked 
| 100|0x0000000086400000, 0x0000000086500000, 0x0000000086500000|100%| O|  |TAMS 0x0000000086400000, 0x0000000086400000| Untracked 
| 101|0x0000000086500000, 0x0000000086600000, 0x0000000086600000|100%| S|CS|TAMS 0x0000000086500000, 0x0000000086500000| Complete 
| 102|0x0000000086600000, 0x0000000086700000, 0x0000000086700000|100%| S|CS|TAMS 0x0000000086600000, 0x0000000086600000| Complete 
| 103|0x0000000086700000, 0x0000000086800000, 0x0000000086800000|100%| S|CS|TAMS 0x0000000086700000, 0x0000000086700000| Complete 
| 104|0x0000000086800000, 0x0000000086900000, 0x0000000086900000|100%| S|CS|TAMS 0x0000000086800000, 0x0000000086800000| Complete 
| 105|0x0000000086900000, 0x0000000086a00000, 0x0000000086a00000|100%| S|CS|TAMS 0x0000000086900000, 0x0000000086900000| Complete 
| 106|0x0000000086a00000, 0x0000000086a00000, 0x0000000086b00000|  0%| F|  |TAMS 0x0000000086a00000, 0x0000000086a00000| Untracked 
| 107|0x0000000086b00000, 0x0000000086b00000, 0x0000000086c00000|  0%| F|  |TAMS 0x0000000086b00000, 0x0000000086b00000| Untracked 
| 108|0x0000000086c00000, 0x0000000086c00000, 0x0000000086d00000|  0%| F|  |TAMS 0x0000000086c00000, 0x0000000086c00000| Untracked 
| 109|0x0000000086d00000, 0x0000000086d00000, 0x0000000086e00000|  0%| F|  |TAMS 0x0000000086d00000, 0x0000000086d00000| Untracked 
| 110|0x0000000086e00000, 0x0000000086e00000, 0x0000000086f00000|  0%| F|  |TAMS 0x0000000086e00000, 0x0000000086e00000| Untracked 
| 111|0x0000000086f00000, 0x0000000086f00000, 0x0000000087000000|  0%| F|  |TAMS 0x0000000086f00000, 0x0000000086f00000| Untracked 
| 112|0x0000000087000000, 0x0000000087000000, 0x0000000087100000|  0%| F|  |TAMS 0x0000000087000000, 0x0000000087000000| Untracked 
| 113|0x0000000087100000, 0x0000000087100000, 0x0000000087200000|  0%| F|  |TAMS 0x0000000087100000, 0x0000000087100000| Untracked 
| 114|0x0000000087200000, 0x0000000087200000, 0x0000000087300000|  0%| F|  |TAMS 0x0000000087200000, 0x0000000087200000| Untracked 
| 115|0x0000000087300000, 0x0000000087300000, 0x0000000087400000|  0%| F|  |TAMS 0x0000000087300000, 0x0000000087300000| Untracked 
| 116|0x0000000087400000, 0x0000000087400000, 0x0000000087500000|  0%| F|  |TAMS 0x0000000087400000, 0x0000000087400000| Untracked 
| 117|0x0000000087500000, 0x0000000087500000, 0x0000000087600000|  0%| F|  |TAMS 0x0000000087500000, 0x0000000087500000| Untracked 
| 118|0x0000000087600000, 0x0000000087600000, 0x0000000087700000|  0%| F|  |TAMS 0x0000000087600000, 0x0000000087600000| Untracked 
| 119|0x0000000087700000, 0x0000000087700000, 0x0000000087800000|  0%| F|  |TAMS 0x0000000087700000, 0x0000000087700000| Untracked 
| 120|0x0000000087800000, 0x0000000087800000, 0x0000000087900000|  0%| F|  |TAMS 0x0000000087800000, 0x0000000087800000| Untracked 
| 121|0x0000000087900000, 0x0000000087900000, 0x0000000087a00000|  0%| F|  |TAMS 0x0000000087900000, 0x0000000087900000| Untracked 
| 122|0x0000000087a00000, 0x0000000087a00000, 0x0000000087b00000|  0%| F|  |TAMS 0x0000000087a00000, 0x0000000087a00000| Untracked 
| 123|0x0000000087b00000, 0x0000000087b00000, 0x0000000087c00000|  0%| F|  |TAMS 0x0000000087b00000, 0x0000000087b00000| Untracked 
| 124|0x0000000087c00000, 0x0000000087c00000, 0x0000000087d00000|  0%| F|  |TAMS 0x0000000087c00000, 0x0000000087c00000| Untracked 
| 125|0x0000000087d00000, 0x0000000087d00000, 0x0000000087e00000|  0%| F|  |TAMS 0x0000000087d00000, 0x0000000087d00000| Untracked 
| 126|0x0000000087e00000, 0x0000000087e00000, 0x0000000087f00000|  0%| F|  |TAMS 0x0000000087e00000, 0x0000000087e00000| Untracked 
| 127|0x0000000087f00000, 0x0000000087f00000, 0x0000000088000000|  0%| F|  |TAMS 0x0000000087f00000, 0x0000000087f00000| Untracked 
| 128|0x0000000088000000, 0x0000000088000000, 0x0000000088100000|  0%| F|  |TAMS 0x0000000088000000, 0x0000000088000000| Untracked 
| 129|0x0000000088100000, 0x0000000088100000, 0x0000000088200000|  0%| F|  |TAMS 0x0000000088100000, 0x0000000088100000| Untracked 
| 130|0x0000000088200000, 0x0000000088200000, 0x0000000088300000|  0%| F|  |TAMS 0x0000000088200000, 0x0000000088200000| Untracked 
| 131|0x0000000088300000, 0x0000000088300000, 0x0000000088400000|  0%| F|  |TAMS 0x0000000088300000, 0x0000000088300000| Untracked 
| 132|0x0000000088400000, 0x0000000088400000, 0x0000000088500000|  0%| F|  |TAMS 0x0000000088400000, 0x0000000088400000| Untracked 
| 133|0x0000000088500000, 0x0000000088500000, 0x0000000088600000|  0%| F|  |TAMS 0x0000000088500000, 0x0000000088500000| Untracked 
| 134|0x0000000088600000, 0x0000000088600000, 0x0000000088700000|  0%| F|  |TAMS 0x0000000088600000, 0x0000000088600000| Untracked 
| 202|0x000000008ca00000, 0x000000008ca00000, 0x000000008cb00000|  0%| F|  |TAMS 0x000000008ca00000, 0x000000008ca00000| Untracked 
| 203|0x000000008cb00000, 0x000000008cb00000, 0x000000008cc00000|  0%| F|  |TAMS 0x000000008cb00000, 0x000000008cb00000| Untracked 
| 204|0x000000008cc00000, 0x000000008cc00000, 0x000000008cd00000|  0%| F|  |TAMS 0x000000008cc00000, 0x000000008cc00000| Untracked 
| 205|0x000000008cd00000, 0x000000008cd00000, 0x000000008ce00000|  0%| F|  |TAMS 0x000000008cd00000, 0x000000008cd00000| Untracked 
| 206|0x000000008ce00000, 0x000000008ce00000, 0x000000008cf00000|  0%| F|  |TAMS 0x000000008ce00000, 0x000000008ce00000| Untracked 
| 207|0x000000008cf00000, 0x000000008cf00000, 0x000000008d000000|  0%| F|  |TAMS 0x000000008cf00000, 0x000000008cf00000| Untracked 
| 208|0x000000008d000000, 0x000000008d000000, 0x000000008d100000|  0%| F|  |TAMS 0x000000008d000000, 0x000000008d000000| Untracked 
| 209|0x000000008d100000, 0x000000008d100000, 0x000000008d200000|  0%| F|  |TAMS 0x000000008d100000, 0x000000008d100000| Untracked 
| 251|0x000000008fb00000, 0x000000008fb00000, 0x000000008fc00000|  0%| F|  |TAMS 0x000000008fb00000, 0x000000008fb00000| Untracked 
|2046|0x00000000ffe00000, 0x00000000ffe8ee00, 0x00000000fff00000| 55%| O|  |TAMS 0x00000000ffe00000, 0x00000000ffe00000| Untracked 
|2047|0x00000000fff00000, 0x0000000100000000, 0x0000000100000000|100%| O|  |TAMS 0x00000000fff00000, 0x00000000fff00000| Untracked 

Card table byte_map: [0x000001bc22760000,0x000001bc22b60000] _byte_map_base: 0x000001bc22360000

Marking Bits (Prev, Next): (CMBitMap*) 0x000001bc0da549b0, (CMBitMap*) 0x000001bc0da54970
 Prev Bits: [0x000001bc24f60000, 0x000001bc26f60000)
 Next Bits: [0x000001bc22f60000, 0x000001bc24f60000)

Polling page: 0x000001bc0dab0000

Metaspace:

Usage:
  Non-class:     81.46 MB used.
      Class:     12.87 MB used.
       Both:     94.33 MB used.

Virtual space:
  Non-class space:       88.00 MB reserved,      81.81 MB ( 93%) committed,  11 nodes.
      Class space:        1.00 GB reserved,      13.19 MB (  1%) committed,  1 nodes.
             Both:        1.09 GB reserved,      95.00 MB (  9%) committed. 

Chunk freelists:
   Non-Class:  2.02 MB
       Class:  2.76 MB
        Both:  4.78 MB

MaxMetaspaceSize: unlimited
CompressedClassSpaceSize: 1.00 GB
Initial GC threshold: 21.00 MB
Current GC threshold: 153.12 MB
CDS: off
MetaspaceReclaimPolicy: balanced
 - commit_granule_bytes: 65536.
 - commit_granule_words: 8192.
 - virtual_space_node_default_size: 1048576.
 - enlarge_chunks_in_place: 1.
 - new_chunks_are_fully_committed: 0.
 - uncommit_free_chunks: 1.
 - use_allocation_guard: 0.
 - handle_deallocations: 1.


Internal statistics:

num_allocs_failed_limit: 6.
num_arena_births: 1168.
num_arena_deaths: 0.
num_vsnodes_births: 12.
num_vsnodes_deaths: 0.
num_space_committed: 1519.
num_space_uncommitted: 0.
num_chunks_returned_to_freelist: 6.
num_chunks_taken_from_freelist: 4751.
num_chunk_merges: 6.
num_chunk_splits: 3157.
num_chunks_enlarged: 2117.
num_purges: 0.
num_inconsistent_stats: 0.

CodeHeap 'non-profiled nmethods': size=120000Kb used=6080Kb max_used=6080Kb free=113919Kb
 bounds [0x000001bc1a290000, 0x000001bc1a890000, 0x000001bc217c0000]
CodeHeap 'profiled nmethods': size=120000Kb used=18911Kb max_used=18911Kb free=101088Kb
 bounds [0x000001bc127c0000, 0x000001bc13a40000, 0x000001bc19cf0000]
CodeHeap 'non-nmethods': size=5760Kb used=2393Kb max_used=2464Kb free=3366Kb
 bounds [0x000001bc19cf0000, 0x000001bc19f60000, 0x000001bc1a290000]
 total_blobs=10802 nmethods=9873 adapters=841
 compilation: enabled
              stopped_count=0, restarted_count=0
 full_count=0

Compilation events (20 events):
Event: 25.970 Thread 0x000001bc2d0abfa0 nmethod 11434 0x000001bc1a876190 code [0x000001bc1a8764a0, 0x000001bc1a878038]
Event: 25.970 Thread 0x000001bc2d0abfa0 11478       4       org.apache.xerces.impl.XMLNSDocumentScannerImpl::scanAttribute (586 bytes)
Event: 25.971 Thread 0x000001bc2da95420 nmethod 11423 0x000001bc1a879510 code [0x000001bc1a8798a0, 0x000001bc1a87cc18]
Event: 25.971 Thread 0x000001bc2da95420 11474       4       java.lang.String::isMalformed3 (45 bytes)
Event: 25.972 Thread 0x000001bc2da95420 nmethod 11474 0x000001bc1a87e910 code [0x000001bc1a87ea80, 0x000001bc1a87eb58]
Event: 25.972 Thread 0x000001bc2da95420 11465       4       org.apache.xerces.dom.ElementImpl::getAttributes (36 bytes)
Event: 25.974 Thread 0x000001bc2da95420 nmethod 11465 0x000001bc1a87ec10 code [0x000001bc1a87eda0, 0x000001bc1a87ef98]
Event: 25.974 Thread 0x000001bc2da95420 11479       4       org.apache.xerces.dom.AttrImpl::getValue (176 bytes)
Event: 25.975 Thread 0x000001bc2da95420 nmethod 11479 0x000001bc1a87f090 code [0x000001bc1a87f220, 0x000001bc1a87f338]
Event: 25.975 Thread 0x000001bc2da95420 11482 %     4       java.lang.String::decodeUTF8_UTF16 @ 0 (624 bytes)
Event: 25.975 Thread 0x000001bc2a8a0000 11483       3       java.lang.StringUTF16::newBytesFor (61 bytes)
Event: 25.976 Thread 0x000001bc2a8a0000 nmethod 11483 0x000001bc13147c10 code [0x000001bc13147e80, 0x000001bc13148748]
Event: 25.988 Thread 0x000001bc2da95420 nmethod 11482% 0x000001bc1a87f490 code [0x000001bc1a87f620, 0x000001bc1a87fc98]
Event: 25.989 Thread 0x000001bc2da95420 11484       4       com.android.resources.ResourceType::fromXmlTag (141 bytes)
Event: 25.991 Thread 0x000001bc2a8a0000 11490       3       com.android.ide.common.resources.configuration.FolderConfiguration::getConfigForFolder (11 bytes)
Event: 25.992 Thread 0x000001bc2a8a0000 nmethod 11490 0x000001bc13a3b690 code [0x000001bc13a3b8e0, 0x000001bc13a3c1e8]
Event: 25.992 Thread 0x000001bc2a8a0000 11491       3       com.android.ide.common.resources.configuration.FolderConfiguration::getConfig (28 bytes)
Event: 25.993 Thread 0x000001bc2a8a0000 nmethod 11491 0x000001bc12b12410 code [0x000001bc12b125e0, 0x000001bc12b12978]
Event: 25.993 Thread 0x000001bc2a8a0000 11492       3       com.android.ide.common.resources.configuration.CountryCodeQualifier::checkAndSet (18 bytes)
Event: 25.993 Thread 0x000001bc2a8a0000 nmethod 11492 0x000001bc13a3c590 code [0x000001bc13a3c760, 0x000001bc13a3cba8]

GC Heap History (20 events):
Event: 13.440 GC heap after
{Heap after GC invocations=29 (full 0):
 garbage-first heap   total 122880K, used 60006K [0x0000000080000000, 0x0000000100000000)
  region size 1024K, 6 young (6144K), 6 survivors (6144K)
 Metaspace       used 81110K, committed 81664K, reserved 1122304K
  class space    used 11086K, committed 11328K, reserved 1048576K
}
Event: 20.339 GC heap before
{Heap before GC invocations=29 (full 0):
 garbage-first heap   total 122880K, used 95846K [0x0000000080000000, 0x0000000100000000)
  region size 1024K, 41 young (41984K), 6 survivors (6144K)
 Metaspace       used 82696K, committed 83328K, reserved 1122304K
  class space    used 11329K, committed 11648K, reserved 1048576K
}
Event: 20.348 GC heap after
{Heap after GC invocations=30 (full 0):
 garbage-first heap   total 122880K, used 62718K [0x0000000080000000, 0x0000000100000000)
  region size 1024K, 3 young (3072K), 3 survivors (3072K)
 Metaspace       used 82696K, committed 83328K, reserved 1122304K
  class space    used 11329K, committed 11648K, reserved 1048576K
}
Event: 21.165 GC heap before
{Heap before GC invocations=31 (full 0):
 garbage-first heap   total 122880K, used 96510K [0x0000000080000000, 0x0000000100000000)
  region size 1024K, 37 young (37888K), 3 survivors (3072K)
 Metaspace       used 84249K, committed 84864K, reserved 1122304K
  class space    used 11527K, committed 11840K, reserved 1048576K
}
Event: 21.178 GC heap after
{Heap after GC invocations=32 (full 0):
 garbage-first heap   total 122880K, used 65661K [0x0000000080000000, 0x0000000100000000)
  region size 1024K, 5 young (5120K), 5 survivors (5120K)
 Metaspace       used 84249K, committed 84864K, reserved 1122304K
  class space    used 11527K, committed 11840K, reserved 1048576K
}
Event: 21.199 GC heap before
{Heap before GC invocations=32 (full 0):
 garbage-first heap   total 122880K, used 66685K [0x0000000080000000, 0x0000000100000000)
  region size 1024K, 6 young (6144K), 5 survivors (5120K)
 Metaspace       used 84283K, committed 84928K, reserved 1122304K
  class space    used 11532K, committed 11840K, reserved 1048576K
}
Event: 21.207 GC heap after
{Heap after GC invocations=33 (full 0):
 garbage-first heap   total 147456K, used 66477K [0x0000000080000000, 0x0000000100000000)
  region size 1024K, 1 young (1024K), 1 survivors (1024K)
 Metaspace       used 84283K, committed 84928K, reserved 1122304K
  class space    used 11532K, committed 11840K, reserved 1048576K
}
Event: 22.460 GC heap before
{Heap before GC invocations=33 (full 0):
 garbage-first heap   total 147456K, used 116653K [0x0000000080000000, 0x0000000100000000)
  region size 1024K, 50 young (51200K), 1 survivors (1024K)
 Metaspace       used 89770K, committed 90432K, reserved 1130496K
  class space    used 12329K, committed 12672K, reserved 1048576K
}
Event: 22.466 GC heap after
{Heap after GC invocations=34 (full 0):
 garbage-first heap   total 147456K, used 69757K [0x0000000080000000, 0x0000000100000000)
  region size 1024K, 4 young (4096K), 4 survivors (4096K)
 Metaspace       used 89770K, committed 90432K, reserved 1130496K
  class space    used 12329K, committed 12672K, reserved 1048576K
}
Event: 23.162 GC heap before
{Heap before GC invocations=35 (full 0):
 garbage-first heap   total 147456K, used 116861K [0x0000000080000000, 0x0000000100000000)
  region size 1024K, 50 young (51200K), 4 survivors (4096K)
 Metaspace       used 91883K, committed 92544K, reserved 1130496K
  class space    used 12504K, committed 12800K, reserved 1048576K
}
Event: 23.173 GC heap after
{Heap after GC invocations=36 (full 0):
 garbage-first heap   total 147456K, used 76116K [0x0000000080000000, 0x0000000100000000)
  region size 1024K, 7 young (7168K), 7 survivors (7168K)
 Metaspace       used 91883K, committed 92544K, reserved 1130496K
  class space    used 12504K, committed 12800K, reserved 1048576K
}
Event: 23.231 GC heap before
{Heap before GC invocations=36 (full 0):
 garbage-first heap   total 147456K, used 77140K [0x0000000080000000, 0x0000000100000000)
  region size 1024K, 8 young (8192K), 7 survivors (7168K)
 Metaspace       used 92082K, committed 92736K, reserved 1130496K
  class space    used 12531K, committed 12864K, reserved 1048576K
}
Event: 23.240 GC heap after
{Heap after GC invocations=37 (full 0):
 garbage-first heap   total 147456K, used 75530K [0x0000000080000000, 0x0000000100000000)
  region size 1024K, 1 young (1024K), 1 survivors (1024K)
 Metaspace       used 92082K, committed 92736K, reserved 1130496K
  class space    used 12531K, committed 12864K, reserved 1048576K
}
Event: 24.109 GC heap before
{Heap before GC invocations=37 (full 0):
 garbage-first heap   total 147456K, used 116490K [0x0000000080000000, 0x0000000100000000)
  region size 1024K, 42 young (43008K), 1 survivors (1024K)
 Metaspace       used 93330K, committed 94080K, reserved 1130496K
  class space    used 12814K, committed 13184K, reserved 1048576K
}
Event: 24.115 GC heap after
{Heap after GC invocations=38 (full 0):
 garbage-first heap   total 147456K, used 78358K [0x0000000080000000, 0x0000000100000000)
  region size 1024K, 4 young (4096K), 4 survivors (4096K)
 Metaspace       used 93330K, committed 94080K, reserved 1130496K
  class space    used 12814K, committed 13184K, reserved 1048576K
}
Event: 25.071 GC heap before
{Heap before GC invocations=39 (full 0):
 garbage-first heap   total 147456K, used 118294K [0x0000000080000000, 0x0000000100000000)
  region size 1024K, 44 young (45056K), 4 survivors (4096K)
 Metaspace       used 96400K, committed 97088K, reserved 1138688K
  class space    used 13182K, committed 13504K, reserved 1048576K
}
Event: 25.079 GC heap after
{Heap after GC invocations=40 (full 0):
 garbage-first heap   total 147456K, used 82030K [0x0000000080000000, 0x0000000100000000)
  region size 1024K, 4 young (4096K), 4 survivors (4096K)
 Metaspace       used 96400K, committed 97088K, reserved 1138688K
  class space    used 13182K, committed 13504K, reserved 1048576K
}
Event: 25.179 GC heap before
{Heap before GC invocations=40 (full 0):
 garbage-first heap   total 147456K, used 84078K [0x0000000080000000, 0x0000000100000000)
  region size 1024K, 7 young (7168K), 4 survivors (4096K)
 Metaspace       used 96441K, committed 97152K, reserved 1138688K
  class space    used 13183K, committed 13504K, reserved 1048576K
}
Event: 25.189 GC heap after
{Heap after GC invocations=41 (full 0):
 garbage-first heap   total 147456K, used 81581K [0x0000000080000000, 0x0000000100000000)
  region size 1024K, 1 young (1024K), 1 survivors (1024K)
 Metaspace       used 96441K, committed 97152K, reserved 1138688K
  class space    used 13183K, committed 13504K, reserved 1048576K
}
Event: 26.011 GC heap before
{Heap before GC invocations=41 (full 0):
 garbage-first heap   total 147456K, used 127661K [0x0000000080000000, 0x0000000100000000)
  region size 1024K, 38 young (38912K), 1 survivors (1024K)
 Metaspace       used 96597K, committed 97280K, reserved 1138688K
  class space    used 13183K, committed 13504K, reserved 1048576K
}

Dll operation events (2 events):
Event: 0.049 Loaded shared library C:\BTS\ANDROID\android-studio-girafe\android-studio-2022.3.1.19-windows\android-studio\jbr\bin\java.dll
Event: 0.647 Loaded shared library C:\BTS\ANDROID\android-studio-girafe\android-studio-2022.3.1.19-windows\android-studio\jbr\bin\verify.dll

Deoptimization events (20 events):
Event: 25.712 Thread 0x000001bc2dc31130 Uncommon trap: trap_request=0xffffff45 fr.pc=0x000001bc1a715c60 relative=0x0000000000000dc0
Event: 25.712 Thread 0x000001bc2dc31130 Uncommon trap: reason=unstable_if action=reinterpret pc=0x000001bc1a715c60 method=org.apache.xerces.impl.XMLScanner.scanAttributeValue(Lorg/apache/xerces/xni/XMLString;Lorg/apache/xerces/xni/XMLString;Ljava/lang/String;ZLjava/lang/String;)Z @ 642 c2
Event: 25.712 Thread 0x000001bc2dc31130 DEOPT PACKING pc=0x000001bc1a715c60 sp=0x0000006974af9c80
Event: 25.712 Thread 0x000001bc2dc31130 DEOPT UNPACKING pc=0x000001bc19d469a3 sp=0x0000006974af9c50 mode 2
Event: 25.902 Thread 0x000001bc2dc31130 Uncommon trap: trap_request=0xffffff45 fr.pc=0x000001bc1a5535a8 relative=0x0000000000000508
Event: 25.902 Thread 0x000001bc2dc31130 Uncommon trap: reason=unstable_if action=reinterpret pc=0x000001bc1a5535a8 method=java.lang.Character.isSurrogate(C)Z @ 3 c2
Event: 25.902 Thread 0x000001bc2dc31130 DEOPT PACKING pc=0x000001bc1a5535a8 sp=0x0000006974afa220
Event: 25.902 Thread 0x000001bc2dc31130 DEOPT UNPACKING pc=0x000001bc19d469a3 sp=0x0000006974afa120 mode 2
Event: 25.902 Thread 0x000001bc2dc31130 Uncommon trap: trap_request=0xffffff45 fr.pc=0x000001bc1a302ab8 relative=0x0000000000000038
Event: 25.902 Thread 0x000001bc2dc31130 Uncommon trap: reason=unstable_if action=reinterpret pc=0x000001bc1a302ab8 method=java.lang.Character.isSurrogate(C)Z @ 3 c2
Event: 25.903 Thread 0x000001bc2dc31130 DEOPT PACKING pc=0x000001bc1a302ab8 sp=0x0000006974afa180
Event: 25.903 Thread 0x000001bc2dc31130 DEOPT UNPACKING pc=0x000001bc19d469a3 sp=0x0000006974afa118 mode 2
Event: 25.903 Thread 0x000001bc2dc31130 Uncommon trap: trap_request=0xffffff45 fr.pc=0x000001bc1a2eb770 relative=0x0000000000000550
Event: 25.903 Thread 0x000001bc2dc31130 Uncommon trap: reason=unstable_if action=reinterpret pc=0x000001bc1a2eb770 method=java.lang.Character.isSurrogate(C)Z @ 3 c2
Event: 25.903 Thread 0x000001bc2dc31130 DEOPT PACKING pc=0x000001bc1a2eb770 sp=0x0000006974afa200
Event: 25.903 Thread 0x000001bc2dc31130 DEOPT UNPACKING pc=0x000001bc19d469a3 sp=0x0000006974afa120 mode 2
Event: 25.993 Thread 0x000001bc2dc31130 DEOPT PACKING pc=0x000001bc12b14c3a sp=0x0000006974afa1c0
Event: 25.993 Thread 0x000001bc2dc31130 DEOPT UNPACKING pc=0x000001bc19d47143 sp=0x0000006974af9680 mode 0
Event: 26.000 Thread 0x000001bc2dc31130 DEOPT PACKING pc=0x000001bc12b14c3a sp=0x0000006974afa1c0
Event: 26.000 Thread 0x000001bc2dc31130 DEOPT UNPACKING pc=0x000001bc19d47143 sp=0x0000006974af9680 mode 0

Classes unloaded (0 events):
No events

Classes redefined (0 events):
No events

Internal exceptions (20 events):
Event: 23.782 Thread 0x000001bc2d0dc140 Exception <a 'java/lang/NoSuchMethodError'{0x00000000880278d0}: 'java.lang.Object java.lang.invoke.DirectMethodHandle$Holder.invokeSpecialIFC(java.lang.Object, java.lang.Object, java.lang.Object)'> (0x00000000880278d0) 
thrown [s\src\hotspot\share\interpreter\linkResolver.cpp, line 771]
Event: 23.782 Thread 0x000001bc2d0dd950 Exception <a 'java/lang/NoSuchMethodError'{0x000000008805d2c0}: 'java.lang.Object java.lang.invoke.DirectMethodHandle$Holder.invokeSpecialIFC(java.lang.Object, java.lang.Object, java.lang.Object)'> (0x000000008805d2c0) 
thrown [s\src\hotspot\share\interpreter\linkResolver.cpp, line 771]
Event: 23.782 Thread 0x000001bc2d0dcfb0 Exception <a 'java/lang/NoSuchMethodError'{0x0000000088051c98}: 'java.lang.Object java.lang.invoke.DirectMethodHandle$Holder.invokeSpecialIFC(java.lang.Object, java.lang.Object, java.lang.Object)'> (0x0000000088051c98) 
thrown [s\src\hotspot\share\interpreter\linkResolver.cpp, line 771]
Event: 23.782 Thread 0x000001bc2d8286e0 Exception <a 'java/lang/NoSuchMethodError'{0x00000000880425b0}: 'java.lang.Object java.lang.invoke.DirectMethodHandle$Holder.invokeSpecialIFC(java.lang.Object, java.lang.Object, java.lang.Object)'> (0x00000000880425b0) 
thrown [s\src\hotspot\share\interpreter\linkResolver.cpp, line 771]
Event: 23.782 Thread 0x000001bc2d82b230 Exception <a 'java/lang/NoSuchMethodError'{0x0000000088049f18}: 'java.lang.Object java.lang.invoke.DirectMethodHandle$Holder.invokeSpecialIFC(java.lang.Object, java.lang.Object, java.lang.Object)'> (0x0000000088049f18) 
thrown [s\src\hotspot\share\interpreter\linkResolver.cpp, line 771]
Event: 23.782 Thread 0x000001bc2dc337b0 Exception <a 'java/lang/NoSuchMethodError'{0x0000000088047260}: 'java.lang.Object java.lang.invoke.DirectMethodHandle$Holder.invokeSpecialIFC(java.lang.Object, java.lang.Object, java.lang.Object)'> (0x0000000088047260) 
thrown [s\src\hotspot\share\interpreter\linkResolver.cpp, line 771]
Event: 23.782 Thread 0x000001bc2d0d82b0 Exception <a 'java/lang/NoSuchMethodError'{0x000000008801f468}: 'java.lang.Object java.lang.invoke.DirectMethodHandle$Holder.invokeSpecialIFC(java.lang.Object, java.lang.Object, java.lang.Object)'> (0x000000008801f468) 
thrown [s\src\hotspot\share\interpreter\linkResolver.cpp, line 771]
Event: 23.783 Thread 0x000001bc2d0dc610 Exception <a 'java/lang/NoSuchMethodError'{0x00000000880562c8}: 'java.lang.Object java.lang.invoke.DirectMethodHandle$Holder.invokeSpecialIFC(java.lang.Object, java.lang.Object, java.lang.Object)'> (0x00000000880562c8) 
thrown [s\src\hotspot\share\interpreter\linkResolver.cpp, line 771]
Event: 23.783 Thread 0x000001bc2d0dcae0 Exception <a 'java/lang/NoSuchMethodError'{0x000000008804f190}: 'java.lang.Object java.lang.invoke.DirectMethodHandle$Holder.invokeSpecialIFC(java.lang.Object, java.lang.Object, java.lang.Object)'> (0x000000008804f190) 
thrown [s\src\hotspot\share\interpreter\linkResolver.cpp, line 771]
Event: 23.783 Thread 0x000001bc2d0d8780 Exception <a 'java/lang/NoSuchMethodError'{0x00000000881ed260}: 'java.lang.Object java.lang.invoke.DirectMethodHandle$Holder.invokeSpecialIFC(java.lang.Object, java.lang.Object, java.lang.Object)'> (0x00000000881ed260) 
thrown [s\src\hotspot\share\interpreter\linkResolver.cpp, line 771]
Event: 23.783 Thread 0x000001bc2df44330 Exception <a 'java/lang/NoSuchMethodError'{0x0000000088057a28}: 'java.lang.Object java.lang.invoke.DirectMethodHandle$Holder.invokeSpecialIFC(java.lang.Object, java.lang.Object, java.lang.Object)'> (0x0000000088057a28) 
thrown [s\src\hotspot\share\interpreter\linkResolver.cpp, line 771]
Event: 23.783 Thread 0x000001bc2d0dd480 Exception <a 'java/lang/NoSuchMethodError'{0x000000008805bbd8}: 'java.lang.Object java.lang.invoke.DirectMethodHandle$Holder.invokeSpecialIFC(java.lang.Object, java.lang.Object, java.lang.Object)'> (0x000000008805bbd8) 
thrown [s\src\hotspot\share\interpreter\linkResolver.cpp, line 771]
Event: 24.342 Thread 0x000001bc2dc337b0 Exception <a 'java/lang/NoSuchMethodError'{0x000000008857f220}: static Lcom/android/build/gradle/internal/tasks/AarMetadataArtifact;.<clinit>()V> (0x000000008857f220) 
thrown [s\src\hotspot\share\prims\jni.cpp, line 1108]
Event: 24.388 Thread 0x000001bc2e71da80 Exception <a 'java/lang/NoSuchMethodError'{0x00000000882b0bc8}: 'java.lang.Object java.lang.invoke.DirectMethodHandle$Holder.invokeSpecial(java.lang.Object, java.lang.Object, long, java.lang.Object, java.lang.Object, java.lang.Object, java.lang.Object, java.lang.Object, java.lang.Object, java.lang.Object, java.lang.Object, java.lang.Object)'> (0x00000000882b0bc8) 
thrown [s\src\hotspot\share\interpreter\linkResolver.cpp, line 771]
Event: 24.390 Thread 0x000001bc2e71da80 Exception <a 'java/lang/NoSuchMethodError'{0x0000000088123df0}: 'java.lang.Object java.lang.invoke.DelegatingMethodHandle$Holder.reinvoke_L(java.lang.Object, long, java.lang.Object, java.lang.Object, java.lang.Object, java.lang.Object, java.lang.Object, java.lang.Object, java.lang.Object, java.lang.Object, java.lang.Object)'> (0x0000000088123df0) 
thrown [s\src\hotspot\share\interpreter\linkResolver.cpp, line 771]
Event: 24.402 Thread 0x000001bc2e71da80 Exception <a 'java/lang/NoSuchMethodError'{0x0000000087f103b0}: 'java.lang.Object java.lang.invoke.Invokers$Holder.linkToTargetMethod(java.lang.Object, java.lang.Object, java.lang.Object, java.lang.Object, java.lang.Object, java.lang.Object, java.lang.Object, java.lang.Object, java.lang.Object, java.lang.Object)'> (0x0000000087f103b0) 
thrown [s\src\hotspot\share\interpreter\linkResolver.cpp, line 771]
Event: 24.464 Thread 0x000001bc2dc32e10 Exception <a 'sun/nio/fs/WindowsException'{0x0000000087b05618}> (0x0000000087b05618) 
thrown [s\src\hotspot\share\prims\jni.cpp, line 517]
Event: 24.464 Thread 0x000001bc2dc32e10 Exception <a 'sun/nio/fs/WindowsException'{0x0000000087b06498}> (0x0000000087b06498) 
thrown [s\src\hotspot\share\prims\jni.cpp, line 517]
Event: 24.464 Thread 0x000001bc2dc32e10 Exception <a 'sun/nio/fs/WindowsException'{0x0000000087b06508}> (0x0000000087b06508) 
thrown [s\src\hotspot\share\prims\jni.cpp, line 517]
Event: 24.464 Thread 0x000001bc2dc32e10 Exception <a 'sun/nio/fs/WindowsException'{0x0000000087b06898}> (0x0000000087b06898) 
thrown [s\src\hotspot\share\prims\jni.cpp, line 517]

VM Operations (20 events):
Event: 23.959 Executing VM operation: ICBufferFull done
Event: 24.093 Executing VM operation: HandshakeAllThreads
Event: 24.094 Executing VM operation: HandshakeAllThreads done
Event: 24.109 Executing VM operation: G1CollectForAllocation
Event: 24.115 Executing VM operation: G1CollectForAllocation done
Event: 24.142 Executing VM operation: HandshakeAllThreads
Event: 24.143 Executing VM operation: HandshakeAllThreads done
Event: 24.183 Executing VM operation: G1Concurrent
Event: 24.197 Executing VM operation: G1Concurrent done
Event: 24.239 Executing VM operation: G1Concurrent
Event: 24.239 Executing VM operation: G1Concurrent done
Event: 24.241 Executing VM operation: HandshakeAllThreads
Event: 24.241 Executing VM operation: HandshakeAllThreads done
Event: 24.543 Executing VM operation: ICBufferFull
Event: 24.543 Executing VM operation: ICBufferFull done
Event: 25.071 Executing VM operation: G1CollectForAllocation
Event: 25.079 Executing VM operation: G1CollectForAllocation done
Event: 25.178 Executing VM operation: G1CollectForAllocation
Event: 25.190 Executing VM operation: G1CollectForAllocation done
Event: 26.011 Executing VM operation: G1CollectForAllocation

Events (20 events):
Event: 24.770 loading class org/w3c/dom/DocumentType
Event: 24.770 loading class org/w3c/dom/DocumentType done
Event: 24.770 loading class org/w3c/dom/Entity
Event: 24.770 loading class org/w3c/dom/Entity done
Event: 24.770 loading class org/w3c/dom/Notation
Event: 24.770 loading class org/w3c/dom/Notation done
Event: 24.771 loading class org/w3c/dom/events/Event
Event: 24.771 loading class org/w3c/dom/events/Event done
Event: 24.771 loading class org/w3c/dom/events/MutationEvent
Event: 24.771 loading class org/w3c/dom/events/MutationEvent done
Event: 24.771 loading class org/w3c/dom/ranges/Range
Event: 24.771 loading class org/w3c/dom/ranges/Range done
Event: 24.771 loading class org/w3c/dom/events/EventException
Event: 24.771 loading class org/w3c/dom/events/EventException done
Event: 24.771 loading class org/w3c/dom/traversal/TreeWalker
Event: 24.771 loading class org/w3c/dom/traversal/TreeWalker done
Event: 24.771 loading class org/w3c/dom/traversal/NodeIterator
Event: 24.771 loading class org/w3c/dom/traversal/NodeIterator done
Event: 24.877 Thread 0x000001bc2da92690 Thread exited: 0x000001bc2da92690
Event: 25.261 Thread 0x000001bc2da95420 Thread added: 0x000001bc2da95420


Dynamic libraries:
0x00007ff7d9950000 - 0x00007ff7d995a000 	C:\BTS\ANDROID\android-studio-girafe\android-studio-2022.3.1.19-windows\android-studio\jbr\bin\java.exe
0x00007ffa9a2e0000 - 0x00007ffa9a543000 	C:\WINDOWS\SYSTEM32\ntdll.dll
0x00007ffa99650000 - 0x00007ffa99717000 	C:\WINDOWS\System32\KERNEL32.DLL
0x00007ffa97940000 - 0x00007ffa97d07000 	C:\WINDOWS\System32\KERNELBASE.dll
0x00007ffa97410000 - 0x00007ffa9755c000 	C:\Windows\system32\hmpalert.dll
0x00007ffa97f30000 - 0x00007ffa9807c000 	C:\WINDOWS\System32\ucrtbase.dll
0x00007ffa84a90000 - 0x00007ffa84aab000 	C:\BTS\ANDROID\android-studio-girafe\android-studio-2022.3.1.19-windows\android-studio\jbr\bin\VCRUNTIME140.dll
0x00007ffa75e20000 - 0x00007ffa75e37000 	C:\BTS\ANDROID\android-studio-girafe\android-studio-2022.3.1.19-windows\android-studio\jbr\bin\jli.dll
0x00007ffa982a0000 - 0x00007ffa98469000 	C:\WINDOWS\System32\USER32.dll
0x00007ffa97e40000 - 0x00007ffa97e67000 	C:\WINDOWS\System32\win32u.dll
0x00007ffa99570000 - 0x00007ffa9959a000 	C:\WINDOWS\System32\GDI32.dll
0x00007ffa97d10000 - 0x00007ffa97e3b000 	C:\WINDOWS\System32\gdi32full.dll
0x00007ffa97670000 - 0x00007ffa97713000 	C:\WINDOWS\System32\msvcp_win.dll
0x00007ffa72080000 - 0x00007ffa72310000 	C:\WINDOWS\WinSxS\amd64_microsoft.windows.common-controls_6595b64144ccf1df_6.0.26100.2702_none_3e069454e335fc5e\COMCTL32.dll
0x00007ffa98940000 - 0x00007ffa989e9000 	C:\WINDOWS\System32\msvcrt.dll
0x00007ffa98260000 - 0x00007ffa9828f000 	C:\WINDOWS\System32\IMM32.DLL
0x00007ffa8ce70000 - 0x00007ffa8ce7c000 	C:\BTS\ANDROID\android-studio-girafe\android-studio-2022.3.1.19-windows\android-studio\jbr\bin\vcruntime140_1.dll
0x00007ffa68de0000 - 0x00007ffa68e6d000 	C:\BTS\ANDROID\android-studio-girafe\android-studio-2022.3.1.19-windows\android-studio\jbr\bin\msvcp140.dll
0x00007ffa52200000 - 0x00007ffa52e6e000 	C:\BTS\ANDROID\android-studio-girafe\android-studio-2022.3.1.19-windows\android-studio\jbr\bin\server\jvm.dll
0x00007ffa989f0000 - 0x00007ffa98aa3000 	C:\WINDOWS\System32\ADVAPI32.dll
0x00007ffa995a0000 - 0x00007ffa99646000 	C:\WINDOWS\System32\sechost.dll
0x00007ffa99450000 - 0x00007ffa99566000 	C:\WINDOWS\System32\RPCRT4.dll
0x00007ffa828c0000 - 0x00007ffa828ca000 	C:\WINDOWS\SYSTEM32\WSOCK32.dll
0x00007ffa981d0000 - 0x00007ffa98244000 	C:\WINDOWS\System32\WS2_32.dll
0x00007ffa94550000 - 0x00007ffa94586000 	C:\WINDOWS\SYSTEM32\WINMM.dll
0x00007ffa8da30000 - 0x00007ffa8da3b000 	C:\WINDOWS\SYSTEM32\VERSION.dll
0x00007ffa96310000 - 0x00007ffa9632a000 	C:\WINDOWS\SYSTEM32\kernel.appcore.dll
0x00007ffa902e0000 - 0x00007ffa902ea000 	C:\BTS\ANDROID\android-studio-girafe\android-studio-2022.3.1.19-windows\android-studio\jbr\bin\jimage.dll
0x00007ffa94a50000 - 0x00007ffa94c91000 	C:\WINDOWS\SYSTEM32\DBGHELP.DLL
0x00007ffa99f10000 - 0x00007ffa9a28e000 	C:\WINDOWS\System32\combase.dll
0x00007ffa98d00000 - 0x00007ffa98dd6000 	C:\WINDOWS\System32\OLEAUT32.dll
0x00007ffa84840000 - 0x00007ffa84879000 	C:\WINDOWS\SYSTEM32\dbgcore.DLL
0x00007ffa978a0000 - 0x00007ffa97939000 	C:\WINDOWS\System32\bcryptPrimitives.dll
0x00007ffa86890000 - 0x00007ffa868b5000 	C:\BTS\ANDROID\android-studio-girafe\android-studio-2022.3.1.19-windows\android-studio\jbr\bin\java.dll
0x00007ffa84ba0000 - 0x00007ffa84bb8000 	C:\BTS\ANDROID\android-studio-girafe\android-studio-2022.3.1.19-windows\android-studio\jbr\bin\zip.dll
0x00007ffa99730000 - 0x00007ffa99e3b000 	C:\WINDOWS\System32\SHELL32.dll
0x00007ffa94fe0000 - 0x00007ffa9581d000 	C:\WINDOWS\SYSTEM32\windows.storage.dll
0x00007ffa98ab0000 - 0x00007ffa98b9a000 	C:\WINDOWS\System32\SHCORE.dll
0x00007ffa98ba0000 - 0x00007ffa98bfd000 	C:\WINDOWS\System32\shlwapi.dll
0x00007ffa97580000 - 0x00007ffa975ae000 	C:\WINDOWS\SYSTEM32\profapi.dll
0x00007ffa849e0000 - 0x00007ffa849f9000 	C:\BTS\ANDROID\android-studio-girafe\android-studio-2022.3.1.19-windows\android-studio\jbr\bin\net.dll
0x00007ffa8fd00000 - 0x00007ffa8fe1e000 	C:\WINDOWS\SYSTEM32\WINHTTP.dll
0x00007ffa96800000 - 0x00007ffa96868000 	C:\WINDOWS\system32\mswsock.dll
0x00007ffa82db0000 - 0x00007ffa82dc6000 	C:\BTS\ANDROID\android-studio-girafe\android-studio-2022.3.1.19-windows\android-studio\jbr\bin\nio.dll
0x00007ffa8ceb0000 - 0x00007ffa8cec0000 	C:\BTS\ANDROID\android-studio-girafe\android-studio-2022.3.1.19-windows\android-studio\jbr\bin\verify.dll
0x00007ffa770c0000 - 0x00007ffa770e7000 	C:\Users\svo\.gradle\native\68d5fa5c4cc2d200863cafc0d521ce42e7d3e7ee720ec0a83991735586a16f82\windows-amd64\native-platform.dll
0x00007ffa30240000 - 0x00007ffa30384000 	C:\Users\svo\.gradle\native\e376f236ea51e6404a007f0833ffe2c6e607c4080706a723a18a27aeea778392\windows-amd64\native-platform-file-events.dll
0x00007ffa86880000 - 0x00007ffa86889000 	C:\BTS\ANDROID\android-studio-girafe\android-studio-2022.3.1.19-windows\android-studio\jbr\bin\management.dll
0x00007ffa86840000 - 0x00007ffa8684b000 	C:\BTS\ANDROID\android-studio-girafe\android-studio-2022.3.1.19-windows\android-studio\jbr\bin\management_ext.dll
0x00007ffa99720000 - 0x00007ffa99728000 	C:\WINDOWS\System32\PSAPI.DLL
0x00007ffa96bb0000 - 0x00007ffa96bcc000 	C:\WINDOWS\SYSTEM32\CRYPTSP.dll
0x00007ffa96270000 - 0x00007ffa962a8000 	C:\WINDOWS\system32\rsaenh.dll
0x00007ffa968a0000 - 0x00007ffa968cb000 	C:\WINDOWS\SYSTEM32\USERENV.dll
0x00007ffa96d40000 - 0x00007ffa96d66000 	C:\WINDOWS\SYSTEM32\bcrypt.dll
0x00007ffa96a30000 - 0x00007ffa96a3c000 	C:\WINDOWS\SYSTEM32\CRYPTBASE.dll
0x00007ffa95a90000 - 0x00007ffa95ac3000 	C:\WINDOWS\SYSTEM32\IPHLPAPI.DLL
0x00007ffa98110000 - 0x00007ffa9811a000 	C:\WINDOWS\System32\NSI.dll
0x00007ffa90080000 - 0x00007ffa9009e000 	C:\WINDOWS\SYSTEM32\dhcpcsvc6.DLL
0x00007ffa8ffa0000 - 0x00007ffa8ffc5000 	C:\WINDOWS\SYSTEM32\dhcpcsvc.DLL
0x00007ffa95b10000 - 0x00007ffa95c35000 	C:\WINDOWS\SYSTEM32\DNSAPI.dll
0x00007ffa5d130000 - 0x00007ffa5d138000 	C:\WINDOWS\system32\wshunix.dll

dbghelp: loaded successfully - version: 4.0.5 - missing functions: none
symbol engine: initialized successfully - sym options: 0x614 - pdb path: .;C:\BTS\ANDROID\android-studio-girafe\android-studio-2022.3.1.19-windows\android-studio\jbr\bin;C:\WINDOWS\SYSTEM32;C:\WINDOWS\WinSxS\amd64_microsoft.windows.common-controls_6595b64144ccf1df_6.0.26100.2702_none_3e069454e335fc5e;C:\BTS\ANDROID\android-studio-girafe\android-studio-2022.3.1.19-windows\android-studio\jbr\bin\server;C:\Users\svo\.gradle\native\68d5fa5c4cc2d200863cafc0d521ce42e7d3e7ee720ec0a83991735586a16f82\windows-amd64;C:\Users\svo\.gradle\native\e376f236ea51e6404a007f0833ffe2c6e607c4080706a723a18a27aeea778392\windows-amd64

VM Arguments:
jvm_args: --add-opens=java.base/java.util=ALL-UNNAMED --add-opens=java.base/java.lang=ALL-UNNAMED --add-opens=java.base/java.lang.invoke=ALL-UNNAMED --add-opens=java.prefs/java.util.prefs=ALL-UNNAMED --add-opens=java.base/java.nio.charset=ALL-UNNAMED --add-opens=java.base/java.net=ALL-UNNAMED --add-opens=java.base/java.util.concurrent.atomic=ALL-UNNAMED -Xmx2048m -Dfile.encoding=UTF-8 -Duser.country=FR -Duser.language=fr -Duser.variant 
java_command: org.gradle.launcher.daemon.bootstrap.GradleDaemon 8.0
java_class_path (initial): C:\Users\svo\.gradle\wrapper\dists\gradle-8.0-bin\ca5e32bp14vu59qr306oxotwh\gradle-8.0\lib\gradle-launcher-8.0.jar
Launcher Type: SUN_STANDARD

[Global flags]
     intx CICompilerCount                          = 4                                         {product} {ergonomic}
     uint ConcGCThreads                            = 3                                         {product} {ergonomic}
     uint G1ConcRefinementThreads                  = 10                                        {product} {ergonomic}
   size_t G1HeapRegionSize                         = 1048576                                   {product} {ergonomic}
    uintx GCDrainStackTargetSize                   = 64                                        {product} {ergonomic}
   size_t InitialHeapSize                          = 264241152                                 {product} {ergonomic}
   size_t MarkStackSize                            = 4194304                                   {product} {ergonomic}
   size_t MaxHeapSize                              = 2147483648                                {product} {command line}
   size_t MaxNewSize                               = 1287651328                                {product} {ergonomic}
   size_t MinHeapDeltaBytes                        = 1048576                                   {product} {ergonomic}
   size_t MinHeapSize                              = 8388608                                   {product} {ergonomic}
    uintx NonNMethodCodeHeapSize                   = 5839372                                {pd product} {ergonomic}
    uintx NonProfiledCodeHeapSize                  = 122909434                              {pd product} {ergonomic}
    uintx ProfiledCodeHeapSize                     = 122909434                              {pd product} {ergonomic}
    uintx ReservedCodeCacheSize                    = 251658240                              {pd product} {ergonomic}
     bool SegmentedCodeCache                       = true                                      {product} {ergonomic}
   size_t SoftMaxHeapSize                          = 2147483648                             {manageable} {ergonomic}
     bool UseCompressedClassPointers               = true                           {product lp64_product} {ergonomic}
     bool UseCompressedOops                        = true                           {product lp64_product} {ergonomic}
     bool UseG1GC                                  = true                                      {product} {ergonomic}
     bool UseLargePagesIndividualAllocation        = false                                  {pd product} {ergonomic}

Logging:
Log output configuration:
 #0: stdout all=warning uptime,level,tags
 #1: stderr all=off uptime,level,tags

Environment Variables:
PATH=C:\Program Files\Common Files\Oracle\Java\javapath;C:\Program Files (x86)\Common Files\Oracle\Java\java8path;C:\Program Files (x86)\Common Files\Oracle\Java\javapath;C:\WINDOWS\system32;C:\WINDOWS;C:\WINDOWS\System32\Wbem;C:\WINDOWS\System32\WindowsPowerShell\v1.0\;C:\WINDOWS\System32\OpenSSH\;C:\Users\svo\AppData\Local\Microsoft\WindowsApps;C:\BTS\PortableApps\openlogic-openjdk-17.0.8+7-windows-x64\openlogic-openjdk-17.0.8+7-windows-x64\bin;C:\Users\svo\AppData\Local\ComposerSetup\bin;C:\Users\svo\AppData\Roaming\Composer\vendor\bin;C:\BTS\DEV\Xampp Laravell\xampp\php;C:\BTS\DEV\node-v18.15.0-win-x64;C:\BTS\Nodejs\node-v20.17.0-win-x64;C:\BTS\Git\bin;
USERNAME=SVO
OS=Windows_NT
PROCESSOR_IDENTIFIER=Intel64 Family 6 Model 154 Stepping 4, GenuineIntel
TMP=C:\Users\svo\AppData\Local\Temp
TEMP=C:\Users\svo\AppData\Local\Temp


JNI global refs:
JNI global refs: 28, weak refs: 13

JNI global refs memory usage: 843, weak refs: 841


---------------  S Y S T E M  ---------------

OS:
 Windows 11 , 64 bit Build 26100 (10.0.26100.2992)
OS uptime: 0 days 23:59 hours
Hyper-V role detected

CPU: total 12 (initial active 12) (6 cores per cpu, 2 threads per core) family 6 model 154 stepping 4 microcode 0x435, cx8, cmov, fxsr, ht, mmx, 3dnowpref, sse, sse2, sse3, ssse3, sse4.1, sse4.2, popcnt, lzcnt, tsc, tscinvbit, avx, avx2, aes, erms, clmul, bmi1, bmi2, adx, sha, fma, vzeroupper, clflush, clflushopt, clwb, hv

Memory: 4k page, system-wide physical 16016M (2681M free)
TotalPageFile size 20016M (AvailPageFile size 6M)
current process WorkingSet (physical memory assigned to process): 416M, peak: 421M
current process commit charge ("private bytes"): 455M, peak: 522M

vm_info: OpenJDK 64-Bit Server VM (17.0.6+0-b2043.56-10027231) for windows-amd64 JRE (17.0.6+0-b2043.56-10027231), built on Apr 28 2023 00:43:19 by "androidbuild" with MS VC++ 16.10 / 16.11 (VS2019)

END.
