#
# There is insufficient memory for the Java Runtime Environment to continue.
# Native memory allocation (malloc) failed to allocate 1199776 bytes for Chunk::new
# Possible reasons:
#   The system is out of physical RAM or swap space
#   The process is running with CompressedOops enabled, and the Java Heap may be blocking the growth of the native heap
# Possible solutions:
#   Reduce memory load on the system
#   Increase physical memory or swap space
#   Check if swap backing store is full
#   Decrease Java heap size (-Xmx/-Xms)
#   Decrease number of Java threads
#   Decrease Java thread stack sizes (-Xss)
#   Set larger code cache with -XX:ReservedCodeCacheSize=
#   JVM is running with Unscaled Compressed Oops mode in which the Java heap is
#     placed in the first 4GB address space. The Java Heap base address is the
#     maximum limit for the native heap growth. Please use -XX:HeapBaseMinAddress
#     to set the Java Heap base and to place the Java Heap above 4GB virtual address.
# This output file may be truncated or incomplete.
#
#  Out of Memory Error (arena.cpp:189), pid=20056, tid=22912
#
# JRE version: OpenJDK Runtime Environment (17.0.6) (build 17.0.6+0-b2043.56-10027231)
# Java VM: OpenJDK 64-Bit Server VM (17.0.6+0-b2043.56-10027231, mixed mode, tiered, compressed oops, compressed class ptrs, g1 gc, windows-amd64)
# No core dump will be written. Minidumps are not enabled by default on client versions of Windows
#

---------------  S U M M A R Y ------------

Command Line: --add-opens=java.base/java.util=ALL-UNNAMED --add-opens=java.base/java.lang=ALL-UNNAMED --add-opens=java.base/java.lang.invoke=ALL-UNNAMED --add-opens=java.prefs/java.util.prefs=ALL-UNNAMED --add-opens=java.base/java.nio.charset=ALL-UNNAMED --add-opens=java.base/java.net=ALL-UNNAMED --add-opens=java.base/java.util.concurrent.atomic=ALL-UNNAMED -Xmx2048m -Dfile.encoding=UTF-8 -Duser.country=FR -Duser.language=fr -Duser.variant org.gradle.launcher.daemon.bootstrap.GradleDaemon 8.0

Host: 12th Gen Intel(R) Core(TM) i7-1255U, 12 cores, 15G,  Windows 11 , 64 bit Build 26100 (10.0.26100.2992)
Time: Thu Jan 30 16:33:19 2025 Paris, Madrid elapsed time: 10.385857 seconds (0d 0h 0m 10s)

---------------  T H R E A D  ---------------

Current thread (0x000001df256d2d00):  JavaThread "C2 CompilerThread0" daemon [_thread_in_native, id=22912, stack(0x000000b6a3200000,0x000000b6a3300000)]


Current CompileTask:
C2:  10385 7207 %     4       org.gradle.internal.instantiation.generator.AbstractClassGenerator::inspectType @ 107 (560 bytes)

Stack: [0x000000b6a3200000,0x000000b6a3300000]
Native frames: (J=compiled Java code, j=interpreted, Vv=VM code, C=native code)
V  [jvm.dll+0x683c9a]
V  [jvm.dll+0x8427a4]
V  [jvm.dll+0x843f9e]
V  [jvm.dll+0x844603]
V  [jvm.dll+0x249b75]
V  [jvm.dll+0xabcac]
V  [jvm.dll+0xac27c]
V  [jvm.dll+0x2b0eef]
V  [jvm.dll+0x58a267]
V  [jvm.dll+0x2243b2]
V  [jvm.dll+0x22478f]
V  [jvm.dll+0x21e055]
V  [jvm.dll+0x21b51b]
V  [jvm.dll+0x1a4fdd]
V  [jvm.dll+0x22b098]
V  [jvm.dll+0x229159]
V  [jvm.dll+0x7f81ec]
V  [jvm.dll+0x7f274a]
V  [jvm.dll+0x682ad5]
C  [ucrtbase.dll+0x37b0]
C  [KERNEL32.DLL+0x2e8d7]
C  [ntdll.dll+0xbbf2c]


---------------  P R O C E S S  ---------------

Threads class SMR info:
_java_thread_list=0x000001df2c468700, length=172, elements={
0x000001df0ab32440, 0x000001df256b5260, 0x000001df256b5d20, 0x000001df251be4d0,
0x000001df256cef80, 0x000001df256cf840, 0x000001df256d0100, 0x000001df256d2d00,
0x000001df256d46c0, 0x000001df256d55d0, 0x000001df25864100, 0x000001df258649e0,
0x000001df26fe0d40, 0x000001df26fe2a20, 0x000001df26fe1210, 0x000001df26fe03a0,
0x000001df26fe2550, 0x000001df26fe0870, 0x000001df26fe16e0, 0x000001df26fdfed0,
0x000001df26fdf530, 0x000001df26fe2080, 0x000001df26fdf060, 0x000001df26fdfa00,
0x000001df28c0b8a0, 0x000001df28c0bd70, 0x000001df28c0cbe0, 0x000001df28c0d580,
0x000001df28c0da50, 0x000001df28c0b3d0, 0x000001df28c0c240, 0x000001df28c0e8c0,
0x000001df28c0af00, 0x000001df28c0f730, 0x000001df28c0ed90, 0x000001df28c0df20,
0x000001df28c0fc00, 0x000001df28c0c710, 0x000001df28c105a0, 0x000001df28c12280,
0x000001df28c10f40, 0x000001df28c11db0, 0x000001df28c12750, 0x000001df258e01d0,
0x000001df258e1040, 0x000001df258dfd00, 0x000001df258e06a0, 0x000001df258df830,
0x000001df258dee90, 0x000001df258e0b70, 0x000001df258e1510, 0x000001df258e19e0,
0x000001df258e1eb0, 0x000001df258de9c0, 0x000001df258e2380, 0x000001df258df360,
0x000001df257ab610, 0x000001df257a8f90, 0x000001df257a9e00, 0x000001df257abae0,
0x000001df257aac70, 0x000001df257a9930, 0x000001df257aa2d0, 0x000001df257abfb0,
0x000001df257aa7a0, 0x000001df257ab140, 0x000001df257a85f0, 0x000001df257ac480,
0x000001df257a8ac0, 0x000001df257ac950, 0x000001df257ace20, 0x000001df257a9460,
0x000001df257ad2f0, 0x000001df257ad7c0, 0x000001df257adc90, 0x000001df257afe40,
0x000001df257ae160, 0x000001df257ae630, 0x000001df257af970, 0x000001df257aeb00,
0x000001df257aefd0, 0x000001df257af4a0, 0x000001df2cb326c0, 0x000001df2cb30040,
0x000001df2cb30510, 0x000001df2cb309e0, 0x000001df2cb32b90, 0x000001df2cb30eb0,
0x000001df2cb31380, 0x000001df2cb31d20, 0x000001df2cb33060, 0x000001df2cb31850,
0x000001df2cb321f0, 0x000001df2cb33530, 0x000001df2cb33a00, 0x000001df2fb3c4b0,
0x000001df2fb3ce50, 0x000001df2fb3d7f0, 0x000001df2fb3fe70, 0x000001df2fb3f9a0,
0x000001df2fb40340, 0x000001df2fb3eb30, 0x000001df2fb3e190, 0x000001df2fb3dcc0,
0x000001df2fb3f000, 0x000001df2fb3d320, 0x000001df2fb3e660, 0x000001df2fb3f4d0,
0x000001df2fb3c980, 0x000001df2fb40ce0, 0x000001df2fb43360, 0x000001df2fb43830,
0x000001df2fb40810, 0x000001df2fb43d00, 0x000001df2fb411b0, 0x000001df2fb429c0,
0x000001df2fb41b50, 0x000001df2fb41680, 0x000001df2fb42020, 0x000001df2fb424f0,
0x000001df2fb42e90, 0x000001df2a637a60, 0x000001df2a637f30, 0x000001df2a638400,
0x000001df2a6353e0, 0x000001df2a6388d0, 0x000001df2a635d80, 0x000001df2a636250,
0x000001df2a6358b0, 0x000001df2a636720, 0x000001df2a6370c0, 0x000001df2a634f10,
0x000001df2a639740, 0x000001df2a639c10, 0x000001df2a639270, 0x000001df2a63a0e0,
0x000001df2a638da0, 0x000001df2a637590, 0x000001df2a63a5b0, 0x000001df2a636bf0,
0x000001df2a63aa80, 0x000001df2a63bdc0, 0x000001df2a63c290, 0x000001df2a63af50,
0x000001df2a63b8f0, 0x000001df2a63c760, 0x000001df2a64e270, 0x000001df2a64e740,
0x000001df2a650420, 0x000001df2a64ec10, 0x000001df2a64dda0, 0x000001df2a64f0e0,
0x000001df2a6508f0, 0x000001df2a64ff50, 0x000001df2a64f5b0, 0x000001df2a64d400,
0x000001df2a64fa80, 0x000001df2a64cf30, 0x000001df2a650dc0, 0x000001df2a651290,
0x000001df2a64d8d0, 0x000001df2a651c30, 0x000001df2a654780, 0x000001df2a653de0,
0x000001df2a653910, 0x000001df2a653440, 0x000001df2a651760, 0x000001df2a6525d0,
0x000001df28d82020, 0x000001df2a6542b0, 0x000001df2a652100, 0x000001df3038d630
}

Java Threads: ( => current thread )
  0x000001df0ab32440 JavaThread "main" [_thread_blocked, id=22432, stack(0x000000b6a2500000,0x000000b6a2600000)]
  0x000001df256b5260 JavaThread "Reference Handler" daemon [_thread_blocked, id=22820, stack(0x000000b6a2c00000,0x000000b6a2d00000)]
  0x000001df256b5d20 JavaThread "Finalizer" daemon [_thread_blocked, id=16876, stack(0x000000b6a2d00000,0x000000b6a2e00000)]
  0x000001df251be4d0 JavaThread "Signal Dispatcher" daemon [_thread_blocked, id=15456, stack(0x000000b6a2e00000,0x000000b6a2f00000)]
  0x000001df256cef80 JavaThread "Attach Listener" daemon [_thread_blocked, id=15440, stack(0x000000b6a2f00000,0x000000b6a3000000)]
  0x000001df256cf840 JavaThread "Service Thread" daemon [_thread_blocked, id=21048, stack(0x000000b6a3000000,0x000000b6a3100000)]
  0x000001df256d0100 JavaThread "Monitor Deflation Thread" daemon [_thread_blocked, id=27036, stack(0x000000b6a3100000,0x000000b6a3200000)]
=>0x000001df256d2d00 JavaThread "C2 CompilerThread0" daemon [_thread_in_native, id=22912, stack(0x000000b6a3200000,0x000000b6a3300000)]
  0x000001df256d46c0 JavaThread "C1 CompilerThread0" daemon [_thread_blocked, id=21184, stack(0x000000b6a3300000,0x000000b6a3400000)]
  0x000001df256d55d0 JavaThread "Sweeper thread" daemon [_thread_blocked, id=28664, stack(0x000000b6a3400000,0x000000b6a3500000)]
  0x000001df25864100 JavaThread "Common-Cleaner" daemon [_thread_blocked, id=25692, stack(0x000000b6a3500000,0x000000b6a3600000)]
  0x000001df258649e0 JavaThread "Notification Thread" daemon [_thread_blocked, id=2968, stack(0x000000b6a3600000,0x000000b6a3700000)]
  0x000001df26fe0d40 JavaThread "Daemon health stats" [_thread_blocked, id=15644, stack(0x000000b6a3f00000,0x000000b6a4000000)]
  0x000001df26fe2a20 JavaThread "Incoming local TCP Connector on port 56938" [_thread_in_native, id=11952, stack(0x000000b6a4000000,0x000000b6a4100000)]
  0x000001df26fe1210 JavaThread "Daemon periodic checks" [_thread_blocked, id=4988, stack(0x000000b6a4100000,0x000000b6a4200000)]
  0x000001df26fe03a0 JavaThread "Daemon" [_thread_blocked, id=20940, stack(0x000000b6a4200000,0x000000b6a4300000)]
  0x000001df26fe2550 JavaThread "Handler for socket connection from /127.0.0.1:56938 to /127.0.0.1:56939" [_thread_in_native, id=9516, stack(0x000000b6a4300000,0x000000b6a4400000)]
  0x000001df26fe0870 JavaThread "Cancel handler" [_thread_blocked, id=23860, stack(0x000000b6a4400000,0x000000b6a4500000)]
  0x000001df26fe16e0 JavaThread "Daemon worker" [_thread_in_vm, id=7156, stack(0x000000b6a4500000,0x000000b6a4600000)]
  0x000001df26fdfed0 JavaThread "Asynchronous log dispatcher for DefaultDaemonConnection: socket connection from /127.0.0.1:56938 to /127.0.0.1:56939" [_thread_blocked, id=16360, stack(0x000000b6a4600000,0x000000b6a4700000)]
  0x000001df26fdf530 JavaThread "Stdin handler" [_thread_blocked, id=20648, stack(0x000000b6a4700000,0x000000b6a4800000)]
  0x000001df26fe2080 JavaThread "Daemon client event forwarder" [_thread_blocked, id=2880, stack(0x000000b6a4800000,0x000000b6a4900000)]
  0x000001df26fdf060 JavaThread "Cache worker for journal cache (C:\Users\svo\.gradle\caches\journal-1)" [_thread_blocked, id=5628, stack(0x000000b6a4d00000,0x000000b6a4e00000)]
  0x000001df26fdfa00 JavaThread "File lock request listener" [_thread_in_native, id=13628, stack(0x000000b6a4e00000,0x000000b6a4f00000)]
  0x000001df28c0b8a0 JavaThread "Cache worker for file hash cache (C:\Users\svo\.gradle\caches\8.0\fileHashes)" [_thread_blocked, id=12772, stack(0x000000b6a4f00000,0x000000b6a5000000)]
  0x000001df28c0bd70 JavaThread "File watcher server" daemon [_thread_in_native, id=21560, stack(0x000000b6a5100000,0x000000b6a5200000)]
  0x000001df28c0cbe0 JavaThread "File watcher consumer" daemon [_thread_blocked, id=27756, stack(0x000000b6a5200000,0x000000b6a5300000)]
  0x000001df28c0d580 JavaThread "Cache worker for checksums cache (C:\BTS\ANDROID\WkRFTG\ApplicationRFTG\.gradle\8.0\checksums)" [_thread_blocked, id=26644, stack(0x000000b6a5300000,0x000000b6a5400000)]
  0x000001df28c0da50 JavaThread "Cache worker for cache directory md-rule (C:\Users\svo\.gradle\caches\8.0\md-rule)" [_thread_blocked, id=6260, stack(0x000000b6a5400000,0x000000b6a5500000)]
  0x000001df28c0b3d0 JavaThread "Cache worker for file content cache (C:\Users\svo\.gradle\caches\8.0\fileContent)" [_thread_blocked, id=16100, stack(0x000000b6a5500000,0x000000b6a5600000)]
  0x000001df28c0c240 JavaThread "Cache worker for file hash cache (C:\BTS\ANDROID\WkRFTG\ApplicationRFTG\.gradle\8.0\fileHashes)" [_thread_blocked, id=26028, stack(0x000000b6a5600000,0x000000b6a5700000)]
  0x000001df28c0e8c0 JavaThread "Cache worker for cache directory md-supplier (C:\Users\svo\.gradle\caches\8.0\md-supplier)" [_thread_blocked, id=23852, stack(0x000000b6a5700000,0x000000b6a5800000)]
  0x000001df28c0af00 JavaThread "Cache worker for execution history cache (C:\Users\svo\.gradle\caches\8.0\executionHistory)" [_thread_blocked, id=23456, stack(0x000000b6a5800000,0x000000b6a5900000)]
  0x000001df28c0f730 JavaThread "jar transforms" [_thread_blocked, id=16392, stack(0x000000b6a5000000,0x000000b6a5100000)]
  0x000001df28c0ed90 JavaThread "jar transforms Thread 2" [_thread_blocked, id=9228, stack(0x000000b6a5900000,0x000000b6a5a00000)]
  0x000001df28c0df20 JavaThread "Cache worker for kotlin-dsl (C:\Users\svo\.gradle\caches\8.0\kotlin-dsl)" [_thread_blocked, id=8904, stack(0x000000b6a5d00000,0x000000b6a5e00000)]
  0x000001df28c0fc00 JavaThread "jar transforms Thread 3" [_thread_blocked, id=16744, stack(0x000000b6a5e00000,0x000000b6a5f00000)]
  0x000001df28c0c710 JavaThread "jar transforms Thread 4" [_thread_blocked, id=26400, stack(0x000000b6a5f00000,0x000000b6a6000000)]
  0x000001df28c105a0 JavaThread "Cache worker for dependencies-accessors (C:\BTS\ANDROID\WkRFTG\ApplicationRFTG\.gradle\8.0\dependencies-accessors)" [_thread_blocked, id=2240, stack(0x000000b6a6000000,0x000000b6a6100000)]
  0x000001df28c12280 JavaThread "Cache worker for Build Output Cleanup Cache (C:\BTS\ANDROID\WkRFTG\ApplicationRFTG\.gradle\buildOutputCleanup)" [_thread_blocked, id=13296, stack(0x000000b6a6100000,0x000000b6a6200000)]
  0x000001df28c10f40 JavaThread "jar transforms Thread 5" [_thread_blocked, id=17080, stack(0x000000b6a6200000,0x000000b6a6300000)]
  0x000001df28c11db0 JavaThread "Unconstrained build operations" [_thread_blocked, id=14716, stack(0x000000b6a6300000,0x000000b6a6400000)]
  0x000001df28c12750 JavaThread "Unconstrained build operations Thread 2" [_thread_blocked, id=13292, stack(0x000000b6a6400000,0x000000b6a6500000)]
  0x000001df258e01d0 JavaThread "Unconstrained build operations Thread 3" [_thread_blocked, id=24944, stack(0x000000b6a6500000,0x000000b6a6600000)]
  0x000001df258e1040 JavaThread "Unconstrained build operations Thread 4" [_thread_blocked, id=11048, stack(0x000000b6a6600000,0x000000b6a6700000)]
  0x000001df258dfd00 JavaThread "Unconstrained build operations Thread 5" [_thread_blocked, id=360, stack(0x000000b6a6700000,0x000000b6a6800000)]
  0x000001df258e06a0 JavaThread "Unconstrained build operations Thread 6" [_thread_blocked, id=17556, stack(0x000000b6a6800000,0x000000b6a6900000)]
  0x000001df258df830 JavaThread "Unconstrained build operations Thread 7" [_thread_blocked, id=17368, stack(0x000000b6a6900000,0x000000b6a6a00000)]
  0x000001df258dee90 JavaThread "Unconstrained build operations Thread 8" [_thread_blocked, id=10748, stack(0x000000b6a6a00000,0x000000b6a6b00000)]
  0x000001df258e0b70 JavaThread "Unconstrained build operations Thread 9" [_thread_blocked, id=27796, stack(0x000000b6a6b00000,0x000000b6a6c00000)]
  0x000001df258e1510 JavaThread "Unconstrained build operations Thread 10" [_thread_blocked, id=16776, stack(0x000000b6a6c00000,0x000000b6a6d00000)]
  0x000001df258e19e0 JavaThread "Unconstrained build operations Thread 11" [_thread_blocked, id=9200, stack(0x000000b6a6d00000,0x000000b6a6e00000)]
  0x000001df258e1eb0 JavaThread "Unconstrained build operations Thread 12" [_thread_blocked, id=20968, stack(0x000000b6a6e00000,0x000000b6a6f00000)]
  0x000001df258de9c0 JavaThread "Unconstrained build operations Thread 13" [_thread_blocked, id=24692, stack(0x000000b6a6f00000,0x000000b6a7000000)]
  0x000001df258e2380 JavaThread "Unconstrained build operations Thread 14" [_thread_blocked, id=23844, stack(0x000000b6a7000000,0x000000b6a7100000)]
  0x000001df258df360 JavaThread "Unconstrained build operations Thread 15" [_thread_blocked, id=24036, stack(0x000000b6a7100000,0x000000b6a7200000)]
  0x000001df257ab610 JavaThread "Unconstrained build operations Thread 16" [_thread_blocked, id=26312, stack(0x000000b6a7200000,0x000000b6a7300000)]
  0x000001df257a8f90 JavaThread "Unconstrained build operations Thread 17" [_thread_blocked, id=19408, stack(0x000000b6a7300000,0x000000b6a7400000)]
  0x000001df257a9e00 JavaThread "Unconstrained build operations Thread 18" [_thread_blocked, id=12440, stack(0x000000b6a7400000,0x000000b6a7500000)]
  0x000001df257abae0 JavaThread "Unconstrained build operations Thread 19" [_thread_blocked, id=7472, stack(0x000000b6a7500000,0x000000b6a7600000)]
  0x000001df257aac70 JavaThread "Unconstrained build operations Thread 20" [_thread_blocked, id=12124, stack(0x000000b6a7600000,0x000000b6a7700000)]
  0x000001df257a9930 JavaThread "Unconstrained build operations Thread 21" [_thread_blocked, id=14388, stack(0x000000b6a7700000,0x000000b6a7800000)]
  0x000001df257aa2d0 JavaThread "Unconstrained build operations Thread 22" [_thread_blocked, id=18828, stack(0x000000b6a7800000,0x000000b6a7900000)]
  0x000001df257abfb0 JavaThread "Unconstrained build operations Thread 23" [_thread_blocked, id=28404, stack(0x000000b6a7900000,0x000000b6a7a00000)]
  0x000001df257aa7a0 JavaThread "Unconstrained build operations Thread 24" [_thread_blocked, id=19828, stack(0x000000b6a7a00000,0x000000b6a7b00000)]
  0x000001df257ab140 JavaThread "Unconstrained build operations Thread 25" [_thread_blocked, id=14256, stack(0x000000b6a7b00000,0x000000b6a7c00000)]
  0x000001df257a85f0 JavaThread "Unconstrained build operations Thread 26" [_thread_blocked, id=22424, stack(0x000000b6a7c00000,0x000000b6a7d00000)]
  0x000001df257ac480 JavaThread "Unconstrained build operations Thread 27" [_thread_blocked, id=16840, stack(0x000000b6a7d00000,0x000000b6a7e00000)]
  0x000001df257a8ac0 JavaThread "Unconstrained build operations Thread 28" [_thread_blocked, id=13648, stack(0x000000b6a7e00000,0x000000b6a7f00000)]
  0x000001df257ac950 JavaThread "Unconstrained build operations Thread 29" [_thread_blocked, id=17988, stack(0x000000b6a7f00000,0x000000b6a8000000)]
  0x000001df257ace20 JavaThread "Unconstrained build operations Thread 30" [_thread_blocked, id=20992, stack(0x000000b6a8000000,0x000000b6a8100000)]
  0x000001df257a9460 JavaThread "Unconstrained build operations Thread 31" [_thread_blocked, id=27368, stack(0x000000b6a8100000,0x000000b6a8200000)]
  0x000001df257ad2f0 JavaThread "Unconstrained build operations Thread 32" [_thread_blocked, id=29264, stack(0x000000b6a8200000,0x000000b6a8300000)]
  0x000001df257ad7c0 JavaThread "Unconstrained build operations Thread 33" [_thread_blocked, id=12816, stack(0x000000b6a8300000,0x000000b6a8400000)]
  0x000001df257adc90 JavaThread "Unconstrained build operations Thread 34" [_thread_blocked, id=13300, stack(0x000000b6a8400000,0x000000b6a8500000)]
  0x000001df257afe40 JavaThread "Unconstrained build operations Thread 35" [_thread_blocked, id=11364, stack(0x000000b6a8500000,0x000000b6a8600000)]
  0x000001df257ae160 JavaThread "Unconstrained build operations Thread 36" [_thread_blocked, id=8692, stack(0x000000b6a8600000,0x000000b6a8700000)]
  0x000001df257ae630 JavaThread "Unconstrained build operations Thread 37" [_thread_blocked, id=25852, stack(0x000000b6a8700000,0x000000b6a8800000)]
  0x000001df257af970 JavaThread "Unconstrained build operations Thread 38" [_thread_blocked, id=1888, stack(0x000000b6a8800000,0x000000b6a8900000)]
  0x000001df257aeb00 JavaThread "Unconstrained build operations Thread 39" [_thread_blocked, id=19300, stack(0x000000b6a8900000,0x000000b6a8a00000)]
  0x000001df257aefd0 JavaThread "Unconstrained build operations Thread 40" [_thread_blocked, id=19080, stack(0x000000b6a8a00000,0x000000b6a8b00000)]
  0x000001df257af4a0 JavaThread "Unconstrained build operations Thread 41" [_thread_blocked, id=4884, stack(0x000000b6a8b00000,0x000000b6a8c00000)]
  0x000001df2cb326c0 JavaThread "Unconstrained build operations Thread 42" [_thread_blocked, id=26708, stack(0x000000b6a8c00000,0x000000b6a8d00000)]
  0x000001df2cb30040 JavaThread "Unconstrained build operations Thread 43" [_thread_blocked, id=21556, stack(0x000000b6a8d00000,0x000000b6a8e00000)]
  0x000001df2cb30510 JavaThread "Unconstrained build operations Thread 44" [_thread_blocked, id=22156, stack(0x000000b6a8e00000,0x000000b6a8f00000)]
  0x000001df2cb309e0 JavaThread "Unconstrained build operations Thread 45" [_thread_blocked, id=21684, stack(0x000000b6a8f00000,0x000000b6a9000000)]
  0x000001df2cb32b90 JavaThread "Unconstrained build operations Thread 46" [_thread_blocked, id=4496, stack(0x000000b6a9000000,0x000000b6a9100000)]
  0x000001df2cb30eb0 JavaThread "Unconstrained build operations Thread 47" [_thread_blocked, id=25328, stack(0x000000b6a9100000,0x000000b6a9200000)]
  0x000001df2cb31380 JavaThread "Unconstrained build operations Thread 48" [_thread_blocked, id=28384, stack(0x000000b6a9200000,0x000000b6a9300000)]
  0x000001df2cb31d20 JavaThread "Unconstrained build operations Thread 49" [_thread_blocked, id=18832, stack(0x000000b6a9300000,0x000000b6a9400000)]
  0x000001df2cb33060 JavaThread "Unconstrained build operations Thread 50" [_thread_blocked, id=27340, stack(0x000000b6a9400000,0x000000b6a9500000)]
  0x000001df2cb31850 JavaThread "Unconstrained build operations Thread 51" [_thread_blocked, id=27956, stack(0x000000b6a9500000,0x000000b6a9600000)]
  0x000001df2cb321f0 JavaThread "Unconstrained build operations Thread 52" [_thread_blocked, id=13184, stack(0x000000b6a9600000,0x000000b6a9700000)]
  0x000001df2cb33530 JavaThread "Unconstrained build operations Thread 53" [_thread_blocked, id=7696, stack(0x000000b6a9700000,0x000000b6a9800000)]
  0x000001df2cb33a00 JavaThread "Unconstrained build operations Thread 54" [_thread_blocked, id=27500, stack(0x000000b6a9800000,0x000000b6a9900000)]
  0x000001df2fb3c4b0 JavaThread "Unconstrained build operations Thread 55" [_thread_blocked, id=26976, stack(0x000000b6a9900000,0x000000b6a9a00000)]
  0x000001df2fb3ce50 JavaThread "Unconstrained build operations Thread 56" [_thread_blocked, id=27484, stack(0x000000b6a9a00000,0x000000b6a9b00000)]
  0x000001df2fb3d7f0 JavaThread "Unconstrained build operations Thread 57" [_thread_blocked, id=29068, stack(0x000000b6a9b00000,0x000000b6a9c00000)]
  0x000001df2fb3fe70 JavaThread "Unconstrained build operations Thread 58" [_thread_blocked, id=12040, stack(0x000000b6a9c00000,0x000000b6a9d00000)]
  0x000001df2fb3f9a0 JavaThread "Unconstrained build operations Thread 59" [_thread_blocked, id=27284, stack(0x000000b6a9d00000,0x000000b6a9e00000)]
  0x000001df2fb40340 JavaThread "Unconstrained build operations Thread 60" [_thread_blocked, id=29576, stack(0x000000b6a9e00000,0x000000b6a9f00000)]
  0x000001df2fb3eb30 JavaThread "Unconstrained build operations Thread 61" [_thread_blocked, id=9280, stack(0x000000b6a9f00000,0x000000b6aa000000)]
  0x000001df2fb3e190 JavaThread "Unconstrained build operations Thread 62" [_thread_blocked, id=15172, stack(0x000000b6aa000000,0x000000b6aa100000)]
  0x000001df2fb3dcc0 JavaThread "Unconstrained build operations Thread 63" [_thread_blocked, id=1984, stack(0x000000b6aa100000,0x000000b6aa200000)]
  0x000001df2fb3f000 JavaThread "Unconstrained build operations Thread 64" [_thread_blocked, id=16552, stack(0x000000b6aa200000,0x000000b6aa300000)]
  0x000001df2fb3d320 JavaThread "Unconstrained build operations Thread 65" [_thread_blocked, id=4400, stack(0x000000b6aa300000,0x000000b6aa400000)]
  0x000001df2fb3e660 JavaThread "Unconstrained build operations Thread 66" [_thread_blocked, id=23008, stack(0x000000b6aa400000,0x000000b6aa500000)]
  0x000001df2fb3f4d0 JavaThread "Unconstrained build operations Thread 67" [_thread_blocked, id=6556, stack(0x000000b6aa500000,0x000000b6aa600000)]
  0x000001df2fb3c980 JavaThread "Unconstrained build operations Thread 68" [_thread_blocked, id=2888, stack(0x000000b6aa600000,0x000000b6aa700000)]
  0x000001df2fb40ce0 JavaThread "Unconstrained build operations Thread 69" [_thread_blocked, id=16748, stack(0x000000b6aa700000,0x000000b6aa800000)]
  0x000001df2fb43360 JavaThread "Unconstrained build operations Thread 70" [_thread_blocked, id=16984, stack(0x000000b6aa800000,0x000000b6aa900000)]
  0x000001df2fb43830 JavaThread "Unconstrained build operations Thread 71" [_thread_blocked, id=6564, stack(0x000000b6aa900000,0x000000b6aaa00000)]
  0x000001df2fb40810 JavaThread "Unconstrained build operations Thread 72" [_thread_blocked, id=26552, stack(0x000000b6aaa00000,0x000000b6aab00000)]
  0x000001df2fb43d00 JavaThread "Unconstrained build operations Thread 73" [_thread_blocked, id=9156, stack(0x000000b6aab00000,0x000000b6aac00000)]
  0x000001df2fb411b0 JavaThread "Unconstrained build operations Thread 74" [_thread_blocked, id=16452, stack(0x000000b6aac00000,0x000000b6aad00000)]
  0x000001df2fb429c0 JavaThread "Unconstrained build operations Thread 75" [_thread_blocked, id=17416, stack(0x000000b6aad00000,0x000000b6aae00000)]
  0x000001df2fb41b50 JavaThread "Unconstrained build operations Thread 76" [_thread_blocked, id=22996, stack(0x000000b6aae00000,0x000000b6aaf00000)]
  0x000001df2fb41680 JavaThread "Unconstrained build operations Thread 77" [_thread_blocked, id=24684, stack(0x000000b6aaf00000,0x000000b6ab000000)]
  0x000001df2fb42020 JavaThread "Unconstrained build operations Thread 78" [_thread_blocked, id=16196, stack(0x000000b6ab000000,0x000000b6ab100000)]
  0x000001df2fb424f0 JavaThread "Unconstrained build operations Thread 79" [_thread_blocked, id=18560, stack(0x000000b6ab100000,0x000000b6ab200000)]
  0x000001df2fb42e90 JavaThread "Unconstrained build operations Thread 80" [_thread_blocked, id=16316, stack(0x000000b6ab200000,0x000000b6ab300000)]
  0x000001df2a637a60 JavaThread "Unconstrained build operations Thread 81" [_thread_blocked, id=9676, stack(0x000000b6ab300000,0x000000b6ab400000)]
  0x000001df2a637f30 JavaThread "Unconstrained build operations Thread 82" [_thread_blocked, id=10720, stack(0x000000b6ab400000,0x000000b6ab500000)]
  0x000001df2a638400 JavaThread "Unconstrained build operations Thread 83" [_thread_blocked, id=14304, stack(0x000000b6ab500000,0x000000b6ab600000)]
  0x000001df2a6353e0 JavaThread "Unconstrained build operations Thread 84" [_thread_blocked, id=24548, stack(0x000000b6ab600000,0x000000b6ab700000)]
  0x000001df2a6388d0 JavaThread "Unconstrained build operations Thread 85" [_thread_blocked, id=4416, stack(0x000000b6ab700000,0x000000b6ab800000)]
  0x000001df2a635d80 JavaThread "Unconstrained build operations Thread 86" [_thread_blocked, id=8884, stack(0x000000b6ab800000,0x000000b6ab900000)]
  0x000001df2a636250 JavaThread "Unconstrained build operations Thread 87" [_thread_blocked, id=24220, stack(0x000000b6ab900000,0x000000b6aba00000)]
  0x000001df2a6358b0 JavaThread "Unconstrained build operations Thread 88" [_thread_blocked, id=12916, stack(0x000000b6aba00000,0x000000b6abb00000)]
  0x000001df2a636720 JavaThread "Unconstrained build operations Thread 89" [_thread_blocked, id=23276, stack(0x000000b6abb00000,0x000000b6abc00000)]
  0x000001df2a6370c0 JavaThread "Unconstrained build operations Thread 90" [_thread_blocked, id=5148, stack(0x000000b6abc00000,0x000000b6abd00000)]
  0x000001df2a634f10 JavaThread "Unconstrained build operations Thread 91" [_thread_blocked, id=7632, stack(0x000000b6abd00000,0x000000b6abe00000)]
  0x000001df2a639740 JavaThread "Unconstrained build operations Thread 92" [_thread_blocked, id=27268, stack(0x000000b6abe00000,0x000000b6abf00000)]
  0x000001df2a639c10 JavaThread "Unconstrained build operations Thread 93" [_thread_blocked, id=16492, stack(0x000000b6abf00000,0x000000b6ac000000)]
  0x000001df2a639270 JavaThread "Unconstrained build operations Thread 94" [_thread_blocked, id=29104, stack(0x000000b6ac000000,0x000000b6ac100000)]
  0x000001df2a63a0e0 JavaThread "Unconstrained build operations Thread 95" [_thread_blocked, id=29320, stack(0x000000b6ac100000,0x000000b6ac200000)]
  0x000001df2a638da0 JavaThread "Unconstrained build operations Thread 96" [_thread_blocked, id=2488, stack(0x000000b6ac200000,0x000000b6ac300000)]
  0x000001df2a637590 JavaThread "Unconstrained build operations Thread 97" [_thread_blocked, id=16572, stack(0x000000b6ac300000,0x000000b6ac400000)]
  0x000001df2a63a5b0 JavaThread "Unconstrained build operations Thread 98" [_thread_blocked, id=24768, stack(0x000000b6ac400000,0x000000b6ac500000)]
  0x000001df2a636bf0 JavaThread "Unconstrained build operations Thread 99" [_thread_blocked, id=19376, stack(0x000000b6ac500000,0x000000b6ac600000)]
  0x000001df2a63aa80 JavaThread "Unconstrained build operations Thread 100" [_thread_blocked, id=13268, stack(0x000000b6ac600000,0x000000b6ac700000)]
  0x000001df2a63bdc0 JavaThread "Unconstrained build operations Thread 101" [_thread_blocked, id=26652, stack(0x000000b6ac700000,0x000000b6ac800000)]
  0x000001df2a63c290 JavaThread "Unconstrained build operations Thread 102" [_thread_blocked, id=22504, stack(0x000000b6ac800000,0x000000b6ac900000)]
  0x000001df2a63af50 JavaThread "Unconstrained build operations Thread 103" [_thread_blocked, id=13180, stack(0x000000b6ac900000,0x000000b6aca00000)]
  0x000001df2a63b8f0 JavaThread "Unconstrained build operations Thread 104" [_thread_blocked, id=19236, stack(0x000000b6aca00000,0x000000b6acb00000)]
  0x000001df2a63c760 JavaThread "Unconstrained build operations Thread 105" [_thread_blocked, id=20316, stack(0x000000b6acb00000,0x000000b6acc00000)]
  0x000001df2a64e270 JavaThread "Unconstrained build operations Thread 106" [_thread_blocked, id=21268, stack(0x000000b6acc00000,0x000000b6acd00000)]
  0x000001df2a64e740 JavaThread "Unconstrained build operations Thread 107" [_thread_blocked, id=24784, stack(0x000000b6acd00000,0x000000b6ace00000)]
  0x000001df2a650420 JavaThread "Unconstrained build operations Thread 108" [_thread_blocked, id=20404, stack(0x000000b6ace00000,0x000000b6acf00000)]
  0x000001df2a64ec10 JavaThread "Unconstrained build operations Thread 109" [_thread_blocked, id=21656, stack(0x000000b6acf00000,0x000000b6ad000000)]
  0x000001df2a64dda0 JavaThread "Unconstrained build operations Thread 110" [_thread_blocked, id=4552, stack(0x000000b6ad000000,0x000000b6ad100000)]
  0x000001df2a64f0e0 JavaThread "Unconstrained build operations Thread 111" [_thread_blocked, id=15948, stack(0x000000b6ad100000,0x000000b6ad200000)]
  0x000001df2a6508f0 JavaThread "Unconstrained build operations Thread 112" [_thread_blocked, id=2044, stack(0x000000b6ad200000,0x000000b6ad300000)]
  0x000001df2a64ff50 JavaThread "Unconstrained build operations Thread 113" [_thread_blocked, id=28548, stack(0x000000b6ad300000,0x000000b6ad400000)]
  0x000001df2a64f5b0 JavaThread "Unconstrained build operations Thread 114" [_thread_blocked, id=16852, stack(0x000000b6ad400000,0x000000b6ad500000)]
  0x000001df2a64d400 JavaThread "Unconstrained build operations Thread 115" [_thread_blocked, id=18020, stack(0x000000b6ad500000,0x000000b6ad600000)]
  0x000001df2a64fa80 JavaThread "Unconstrained build operations Thread 116" [_thread_blocked, id=26164, stack(0x000000b6ad600000,0x000000b6ad700000)]
  0x000001df2a64cf30 JavaThread "Unconstrained build operations Thread 117" [_thread_blocked, id=1472, stack(0x000000b6ad700000,0x000000b6ad800000)]
  0x000001df2a650dc0 JavaThread "Unconstrained build operations Thread 118" [_thread_blocked, id=17352, stack(0x000000b6ad800000,0x000000b6ad900000)]
  0x000001df2a651290 JavaThread "Unconstrained build operations Thread 119" [_thread_blocked, id=8200, stack(0x000000b6ad900000,0x000000b6ada00000)]
  0x000001df2a64d8d0 JavaThread "Unconstrained build operations Thread 120" [_thread_blocked, id=2944, stack(0x000000b6ada00000,0x000000b6adb00000)]
  0x000001df2a651c30 JavaThread "jar transforms Thread 6" [_thread_blocked, id=24468, stack(0x000000b6adb00000,0x000000b6adc00000)]
  0x000001df2a654780 JavaThread "jar transforms Thread 7" [_thread_blocked, id=27636, stack(0x000000b6adc00000,0x000000b6add00000)]
  0x000001df2a653de0 JavaThread "jar transforms Thread 8" [_thread_blocked, id=28512, stack(0x000000b6add00000,0x000000b6ade00000)]
  0x000001df2a653910 JavaThread "jar transforms Thread 9" [_thread_blocked, id=15264, stack(0x000000b6ade00000,0x000000b6adf00000)]
  0x000001df2a653440 JavaThread "jar transforms Thread 10" [_thread_blocked, id=24084, stack(0x000000b6adf00000,0x000000b6ae000000)]
  0x000001df2a651760 JavaThread "jar transforms Thread 11" [_thread_blocked, id=2684, stack(0x000000b6ae000000,0x000000b6ae100000)]
  0x000001df2a6525d0 JavaThread "jar transforms Thread 12" [_thread_blocked, id=8480, stack(0x000000b6ae100000,0x000000b6ae200000)]
  0x000001df28d82020 JavaThread "C2 CompilerThread1" daemon [_thread_in_native, id=14372, stack(0x000000b6a5a00000,0x000000b6a5b00000)]
  0x000001df2a6542b0 JavaThread "build event listener" [_thread_blocked, id=4484, stack(0x000000b6a5c00000,0x000000b6a5d00000)]
  0x000001df2a652100 JavaThread "Memory manager" [_thread_blocked, id=22052, stack(0x000000b6ae200000,0x000000b6ae300000)]
  0x000001df3038d630 JavaThread "C2 CompilerThread2" daemon [_thread_in_native, id=4356, stack(0x000000b6ae300000,0x000000b6ae400000)]

Other Threads:
  0x000001df2569f9f0 VMThread "VM Thread" [stack: 0x000000b6a2b00000,0x000000b6a2c00000] [id=15980]
  0x000001df0abafdf0 WatcherThread [stack: 0x000000b6a3700000,0x000000b6a3800000] [id=4888]
  0x000001df0ab914f0 GCTaskThread "GC Thread#0" [stack: 0x000000b6a2600000,0x000000b6a2700000] [id=16004]
  0x000001df271c45d0 GCTaskThread "GC Thread#1" [stack: 0x000000b6a3900000,0x000000b6a3a00000] [id=23176]
  0x000001df26f83930 GCTaskThread "GC Thread#2" [stack: 0x000000b6a3a00000,0x000000b6a3b00000] [id=16848]
  0x000001df26d96d20 GCTaskThread "GC Thread#3" [stack: 0x000000b6a3b00000,0x000000b6a3c00000] [id=17108]
  0x000001df26d96fd0 GCTaskThread "GC Thread#4" [stack: 0x000000b6a3c00000,0x000000b6a3d00000] [id=5152]
  0x000001df26d97280 GCTaskThread "GC Thread#5" [stack: 0x000000b6a3d00000,0x000000b6a3e00000] [id=15164]
  0x000001df28ad7180 GCTaskThread "GC Thread#6" [stack: 0x000000b6a3800000,0x000000b6a3900000] [id=16404]
  0x000001df286b0050 GCTaskThread "GC Thread#7" [stack: 0x000000b6a3e00000,0x000000b6a3f00000] [id=26036]
  0x000001df29140760 GCTaskThread "GC Thread#8" [stack: 0x000000b6a4900000,0x000000b6a4a00000] [id=19276]
  0x000001df28ced810 GCTaskThread "GC Thread#9" [stack: 0x000000b6a4a00000,0x000000b6a4b00000] [id=17748]
  0x000001df0aba2340 ConcurrentGCThread "G1 Main Marker" [stack: 0x000000b6a2700000,0x000000b6a2800000] [id=26856]
  0x000001df0aba2c60 ConcurrentGCThread "G1 Conc#0" [stack: 0x000000b6a2800000,0x000000b6a2900000] [id=8900]
  0x000001df28bd2b00 ConcurrentGCThread "G1 Conc#1" [stack: 0x000000b6a4b00000,0x000000b6a4c00000] [id=1684]
  0x000001df29a75010 ConcurrentGCThread "G1 Conc#2" [stack: 0x000000b6a4c00000,0x000000b6a4d00000] [id=1784]
  0x000001df0abed940 ConcurrentGCThread "G1 Refine#0" [stack: 0x000000b6a2900000,0x000000b6a2a00000] [id=3224]
  0x000001df29e2fbf0 ConcurrentGCThread "G1 Refine#1" [stack: 0x000000b6a5b00000,0x000000b6a5c00000] [id=29660]
  0x000001df0abee110 ConcurrentGCThread "G1 Service" [stack: 0x000000b6a2a00000,0x000000b6a2b00000] [id=9912]

Threads with active compile tasks:
C2 CompilerThread0    10423 7207 %     4       org.gradle.internal.instantiation.generator.AbstractClassGenerator::inspectType @ 107 (560 bytes)
C2 CompilerThread1    10423 7206       4       sun.reflect.generics.parser.SignatureParser::parsePackageNameAndSimpleClassTypeSignature (119 bytes)
C2 CompilerThread2    10423 7257       4       com.google.gson.stream.JsonReader::nextQuotedValue (271 bytes)

VM state: not at safepoint (normal execution)

VM Mutex/Monitor currently owned by a thread: None

Heap address: 0x0000000080000000, size: 2048 MB, Compressed Oops mode: 32-bit

CDS archive(s) not mapped
Compressed class space mapped at: 0x0000000100000000-0x0000000140000000, reserved size: 1073741824
Narrow klass base: 0x0000000000000000, Narrow klass shift: 3, Narrow klass range: 0x140000000

GC Precious Log:
 CPUs: 12 total, 12 available
 Memory: 16016M
 Large Page Support: Disabled
 NUMA Support: Disabled
 Compressed Oops: Enabled (32-bit)
 Heap Region Size: 1M
 Heap Min Capacity: 8M
 Heap Initial Capacity: 252M
 Heap Max Capacity: 2G
 Pre-touch: Disabled
 Parallel Workers: 10
 Concurrent Workers: 3
 Concurrent Refinement Workers: 10
 Periodic GC: Disabled

Heap:
 garbage-first heap   total 129024K, used 90209K [0x0000000080000000, 0x0000000100000000)
  region size 1024K, 39 young (39936K), 4 survivors (4096K)
 Metaspace       used 74475K, committed 74944K, reserved 1114112K
  class space    used 9909K, committed 10112K, reserved 1048576K

Heap Regions: E=young(eden), S=young(survivor), O=old, HS=humongous(starts), HC=humongous(continues), CS=collection set, F=free, OA=open archive, CA=closed archive, TAMS=top-at-mark-start (previous, next)
|   0|0x0000000080000000, 0x0000000080100000, 0x0000000080100000|100%|HS|  |TAMS 0x0000000080100000, 0x0000000080000000| Complete 
|   1|0x0000000080100000, 0x0000000080200000, 0x0000000080200000|100%|HC|  |TAMS 0x0000000080200000, 0x0000000080100000| Complete 
|   2|0x0000000080200000, 0x0000000080300000, 0x0000000080300000|100%|HC|  |TAMS 0x0000000080300000, 0x0000000080200000| Complete 
|   3|0x0000000080300000, 0x0000000080400000, 0x0000000080400000|100%|HC|  |TAMS 0x0000000080400000, 0x0000000080300000| Complete 
|   4|0x0000000080400000, 0x0000000080500000, 0x0000000080500000|100%| O|  |TAMS 0x0000000080500000, 0x0000000080400000| Untracked 
|   5|0x0000000080500000, 0x0000000080600000, 0x0000000080600000|100%| O|  |TAMS 0x0000000080600000, 0x0000000080500000| Untracked 
|   6|0x0000000080600000, 0x0000000080700000, 0x0000000080700000|100%| O|  |TAMS 0x0000000080700000, 0x0000000080600000| Untracked 
|   7|0x0000000080700000, 0x0000000080800000, 0x0000000080800000|100%| O|  |TAMS 0x0000000080800000, 0x0000000080700000| Untracked 
|   8|0x0000000080800000, 0x0000000080900000, 0x0000000080900000|100%| O|  |TAMS 0x0000000080900000, 0x0000000080800000| Untracked 
|   9|0x0000000080900000, 0x0000000080a00000, 0x0000000080a00000|100%| O|  |TAMS 0x0000000080a00000, 0x0000000080900000| Untracked 
|  10|0x0000000080a00000, 0x0000000080b00000, 0x0000000080b00000|100%| O|  |TAMS 0x0000000080b00000, 0x0000000080a00000| Untracked 
|  11|0x0000000080b00000, 0x0000000080b88000, 0x0000000080c00000| 53%| O|  |TAMS 0x0000000080b88000, 0x0000000080b00000| Untracked 
|  12|0x0000000080c00000, 0x0000000080d00000, 0x0000000080d00000|100%| O|  |TAMS 0x0000000080d00000, 0x0000000080c00000| Untracked 
|  13|0x0000000080d00000, 0x0000000080e00000, 0x0000000080e00000|100%| O|  |TAMS 0x0000000080e00000, 0x0000000080d00000| Untracked 
|  14|0x0000000080e00000, 0x0000000080f00000, 0x0000000080f00000|100%| O|  |TAMS 0x0000000080f00000, 0x0000000080e00000| Untracked 
|  15|0x0000000080f00000, 0x0000000081000000, 0x0000000081000000|100%| O|  |TAMS 0x0000000081000000, 0x0000000080f00000| Untracked 
|  16|0x0000000081000000, 0x0000000081100000, 0x0000000081100000|100%| O|  |TAMS 0x0000000081100000, 0x0000000081000000| Untracked 
|  17|0x0000000081100000, 0x0000000081200000, 0x0000000081200000|100%| O|  |TAMS 0x0000000081200000, 0x0000000081100000| Untracked 
|  18|0x0000000081200000, 0x0000000081300000, 0x0000000081300000|100%| O|  |TAMS 0x0000000081300000, 0x0000000081200000| Untracked 
|  19|0x0000000081300000, 0x0000000081400000, 0x0000000081400000|100%| O|  |TAMS 0x0000000081400000, 0x0000000081300000| Untracked 
|  20|0x0000000081400000, 0x0000000081500000, 0x0000000081500000|100%| O|  |TAMS 0x0000000081500000, 0x0000000081400000| Untracked 
|  21|0x0000000081500000, 0x0000000081600000, 0x0000000081600000|100%| O|  |TAMS 0x0000000081600000, 0x0000000081500000| Untracked 
|  22|0x0000000081600000, 0x0000000081700000, 0x0000000081700000|100%| O|  |TAMS 0x0000000081700000, 0x0000000081600000| Untracked 
|  23|0x0000000081700000, 0x0000000081800000, 0x0000000081800000|100%| O|  |TAMS 0x0000000081800000, 0x0000000081700000| Untracked 
|  24|0x0000000081800000, 0x0000000081900000, 0x0000000081900000|100%| O|  |TAMS 0x0000000081900000, 0x0000000081800000| Untracked 
|  25|0x0000000081900000, 0x0000000081a00000, 0x0000000081a00000|100%| O|  |TAMS 0x0000000081a00000, 0x0000000081900000| Untracked 
|  26|0x0000000081a00000, 0x0000000081b00000, 0x0000000081b00000|100%| O|  |TAMS 0x0000000081b00000, 0x0000000081a00000| Untracked 
|  27|0x0000000081b00000, 0x0000000081c00000, 0x0000000081c00000|100%| O|  |TAMS 0x0000000081c00000, 0x0000000081b00000| Untracked 
|  28|0x0000000081c00000, 0x0000000081d00000, 0x0000000081d00000|100%| O|  |TAMS 0x0000000081d00000, 0x0000000081c00000| Untracked 
|  29|0x0000000081d00000, 0x0000000081e00000, 0x0000000081e00000|100%| O|  |TAMS 0x0000000081e00000, 0x0000000081d00000| Untracked 
|  30|0x0000000081e00000, 0x0000000081f00000, 0x0000000081f00000|100%| O|  |TAMS 0x0000000081f00000, 0x0000000081e00000| Untracked 
|  31|0x0000000081f00000, 0x0000000082000000, 0x0000000082000000|100%| O|  |TAMS 0x0000000082000000, 0x0000000081f00000| Untracked 
|  32|0x0000000082000000, 0x0000000082100000, 0x0000000082100000|100%| O|  |TAMS 0x0000000082100000, 0x0000000082000000| Untracked 
|  33|0x0000000082100000, 0x0000000082200000, 0x0000000082200000|100%| O|  |TAMS 0x0000000082200000, 0x0000000082100000| Untracked 
|  34|0x0000000082200000, 0x0000000082300000, 0x0000000082300000|100%| O|  |TAMS 0x0000000082300000, 0x0000000082200000| Untracked 
|  35|0x0000000082300000, 0x0000000082400000, 0x0000000082400000|100%|HS|  |TAMS 0x0000000082400000, 0x0000000082300000| Complete 
|  36|0x0000000082400000, 0x0000000082500000, 0x0000000082500000|100%|HS|  |TAMS 0x0000000082500000, 0x0000000082400000| Complete 
|  37|0x0000000082500000, 0x0000000082600000, 0x0000000082600000|100%|HS|  |TAMS 0x0000000082600000, 0x0000000082500000| Complete 
|  38|0x0000000082600000, 0x0000000082700000, 0x0000000082700000|100%| O|  |TAMS 0x0000000082700000, 0x0000000082600000| Untracked 
|  39|0x0000000082700000, 0x0000000082800000, 0x0000000082800000|100%| O|  |TAMS 0x0000000082800000, 0x0000000082700000| Untracked 
|  40|0x0000000082800000, 0x0000000082900000, 0x0000000082900000|100%| O|  |TAMS 0x0000000082900000, 0x0000000082800000| Untracked 
|  41|0x0000000082900000, 0x0000000082a00000, 0x0000000082a00000|100%| O|  |TAMS 0x0000000082a00000, 0x0000000082900000| Untracked 
|  42|0x0000000082a00000, 0x0000000082b00000, 0x0000000082b00000|100%| O|  |TAMS 0x0000000082b00000, 0x0000000082a00000| Untracked 
|  43|0x0000000082b00000, 0x0000000082c00000, 0x0000000082c00000|100%| O|  |TAMS 0x0000000082c00000, 0x0000000082b00000| Untracked 
|  44|0x0000000082c00000, 0x0000000082d00000, 0x0000000082d00000|100%| O|  |TAMS 0x0000000082d00000, 0x0000000082c00000| Untracked 
|  45|0x0000000082d00000, 0x0000000082e00000, 0x0000000082e00000|100%| O|  |TAMS 0x0000000082d00000, 0x0000000082d00000| Untracked 
|  46|0x0000000082e00000, 0x0000000082f00000, 0x0000000082f00000|100%| O|  |TAMS 0x0000000082f00000, 0x0000000082e00000| Untracked 
|  47|0x0000000082f00000, 0x0000000083000000, 0x0000000083000000|100%| O|  |TAMS 0x0000000083000000, 0x0000000082f00000| Untracked 
|  48|0x0000000083000000, 0x0000000083035e00, 0x0000000083100000| 21%| O|  |TAMS 0x0000000083000000, 0x0000000083000000| Untracked 
|  49|0x0000000083100000, 0x0000000083200000, 0x0000000083200000|100%|HS|  |TAMS 0x0000000083100000, 0x0000000083100000| Complete 
|  50|0x0000000083200000, 0x0000000083200000, 0x0000000083300000|  0%| F|  |TAMS 0x0000000083200000, 0x0000000083200000| Untracked 
|  51|0x0000000083300000, 0x0000000083300000, 0x0000000083400000|  0%| F|  |TAMS 0x0000000083300000, 0x0000000083300000| Untracked 
|  52|0x0000000083400000, 0x0000000083400000, 0x0000000083500000|  0%| F|  |TAMS 0x0000000083400000, 0x0000000083400000| Untracked 
|  53|0x0000000083500000, 0x0000000083600000, 0x0000000083600000|100%| O|  |TAMS 0x0000000083600000, 0x0000000083500000| Untracked 
|  54|0x0000000083600000, 0x0000000083700000, 0x0000000083700000|100%| O|  |TAMS 0x00000000836fa600, 0x0000000083600000| Untracked 
|  55|0x0000000083700000, 0x0000000083700000, 0x0000000083800000|  0%| F|  |TAMS 0x0000000083700000, 0x0000000083700000| Untracked 
|  56|0x0000000083800000, 0x0000000083800000, 0x0000000083900000|  0%| F|  |TAMS 0x0000000083800000, 0x0000000083800000| Untracked 
|  57|0x0000000083900000, 0x0000000083900000, 0x0000000083a00000|  0%| F|  |TAMS 0x0000000083900000, 0x0000000083900000| Untracked 
|  58|0x0000000083a00000, 0x0000000083a00000, 0x0000000083b00000|  0%| F|  |TAMS 0x0000000083a00000, 0x0000000083a00000| Untracked 
|  59|0x0000000083b00000, 0x0000000083b00000, 0x0000000083c00000|  0%| F|  |TAMS 0x0000000083b00000, 0x0000000083b00000| Untracked 
|  60|0x0000000083c00000, 0x0000000083c00000, 0x0000000083d00000|  0%| F|  |TAMS 0x0000000083c00000, 0x0000000083c00000| Untracked 
|  61|0x0000000083d00000, 0x0000000083d00000, 0x0000000083e00000|  0%| F|  |TAMS 0x0000000083d00000, 0x0000000083d00000| Untracked 
|  62|0x0000000083e00000, 0x0000000083e00000, 0x0000000083f00000|  0%| F|  |TAMS 0x0000000083e00000, 0x0000000083e00000| Untracked 
|  63|0x0000000083f00000, 0x0000000083f00000, 0x0000000084000000|  0%| F|  |TAMS 0x0000000083f00000, 0x0000000083f00000| Untracked 
|  64|0x0000000084000000, 0x0000000084000000, 0x0000000084100000|  0%| F|  |TAMS 0x0000000084000000, 0x0000000084000000| Untracked 
|  65|0x0000000084100000, 0x0000000084100000, 0x0000000084200000|  0%| F|  |TAMS 0x0000000084100000, 0x0000000084100000| Untracked 
|  66|0x0000000084200000, 0x0000000084200000, 0x0000000084300000|  0%| F|  |TAMS 0x0000000084200000, 0x0000000084200000| Untracked 
|  67|0x0000000084300000, 0x0000000084300000, 0x0000000084400000|  0%| F|  |TAMS 0x0000000084300000, 0x0000000084300000| Untracked 
|  68|0x0000000084400000, 0x0000000084400000, 0x0000000084500000|  0%| F|  |TAMS 0x0000000084400000, 0x0000000084400000| Untracked 
|  69|0x0000000084500000, 0x0000000084500000, 0x0000000084600000|  0%| F|  |TAMS 0x0000000084500000, 0x0000000084500000| Untracked 
|  70|0x0000000084600000, 0x0000000084600000, 0x0000000084700000|  0%| F|  |TAMS 0x0000000084600000, 0x0000000084600000| Untracked 
|  71|0x0000000084700000, 0x0000000084700000, 0x0000000084800000|  0%| F|  |TAMS 0x0000000084700000, 0x0000000084700000| Untracked 
|  72|0x0000000084800000, 0x000000008485a978, 0x0000000084900000| 35%| S|CS|TAMS 0x0000000084800000, 0x0000000084800000| Complete 
|  73|0x0000000084900000, 0x0000000084a00000, 0x0000000084a00000|100%| S|CS|TAMS 0x0000000084900000, 0x0000000084900000| Complete 
|  74|0x0000000084a00000, 0x0000000084b00000, 0x0000000084b00000|100%| S|CS|TAMS 0x0000000084a00000, 0x0000000084a00000| Complete 
|  75|0x0000000084b00000, 0x0000000084b00000, 0x0000000084c00000|  0%| F|  |TAMS 0x0000000084b00000, 0x0000000084b00000| Untracked 
|  76|0x0000000084c00000, 0x0000000084c00000, 0x0000000084d00000|  0%| F|  |TAMS 0x0000000084c00000, 0x0000000084c00000| Untracked 
|  77|0x0000000084d00000, 0x0000000084d00000, 0x0000000084e00000|  0%| F|  |TAMS 0x0000000084d00000, 0x0000000084d00000| Untracked 
|  78|0x0000000084e00000, 0x0000000084f00000, 0x0000000084f00000|100%| S|CS|TAMS 0x0000000084e00000, 0x0000000084e00000| Complete 
|  79|0x0000000084f00000, 0x0000000084f00000, 0x0000000085000000|  0%| F|  |TAMS 0x0000000084f00000, 0x0000000084f00000| Untracked 
|  80|0x0000000085000000, 0x0000000085000000, 0x0000000085100000|  0%| F|  |TAMS 0x0000000085000000, 0x0000000085000000| Untracked 
|  81|0x0000000085100000, 0x0000000085100000, 0x0000000085200000|  0%| F|  |TAMS 0x0000000085100000, 0x0000000085100000| Untracked 
|  82|0x0000000085200000, 0x0000000085200000, 0x0000000085300000|  0%| F|  |TAMS 0x0000000085200000, 0x0000000085200000| Untracked 
|  83|0x0000000085300000, 0x0000000085300000, 0x0000000085400000|  0%| F|  |TAMS 0x0000000085300000, 0x0000000085300000| Untracked 
|  84|0x0000000085400000, 0x0000000085400000, 0x0000000085500000|  0%| F|  |TAMS 0x0000000085400000, 0x0000000085400000| Untracked 
|  85|0x0000000085500000, 0x0000000085500000, 0x0000000085600000|  0%| F|  |TAMS 0x0000000085500000, 0x0000000085500000| Untracked 
|  86|0x0000000085600000, 0x0000000085600000, 0x0000000085700000|  0%| F|  |TAMS 0x0000000085600000, 0x0000000085600000| Untracked 
|  87|0x0000000085700000, 0x0000000085700000, 0x0000000085800000|  0%| F|  |TAMS 0x0000000085700000, 0x0000000085700000| Untracked 
|  88|0x0000000085800000, 0x0000000085800000, 0x0000000085900000|  0%| F|  |TAMS 0x0000000085800000, 0x0000000085800000| Untracked 
|  89|0x0000000085900000, 0x0000000085900000, 0x0000000085a00000|  0%| F|  |TAMS 0x0000000085900000, 0x0000000085900000| Untracked 
|  90|0x0000000085a00000, 0x0000000085a00000, 0x0000000085b00000|  0%| F|  |TAMS 0x0000000085a00000, 0x0000000085a00000| Untracked 
|  91|0x0000000085b00000, 0x0000000085c00000, 0x0000000085c00000|100%| E|  |TAMS 0x0000000085b00000, 0x0000000085b00000| Complete 
|  92|0x0000000085c00000, 0x0000000085d00000, 0x0000000085d00000|100%| E|CS|TAMS 0x0000000085c00000, 0x0000000085c00000| Complete 
|  93|0x0000000085d00000, 0x0000000085e00000, 0x0000000085e00000|100%| E|CS|TAMS 0x0000000085d00000, 0x0000000085d00000| Complete 
|  94|0x0000000085e00000, 0x0000000085f00000, 0x0000000085f00000|100%| E|CS|TAMS 0x0000000085e00000, 0x0000000085e00000| Complete 
|  95|0x0000000085f00000, 0x0000000086000000, 0x0000000086000000|100%| E|CS|TAMS 0x0000000085f00000, 0x0000000085f00000| Complete 
|  96|0x0000000086000000, 0x0000000086100000, 0x0000000086100000|100%| E|CS|TAMS 0x0000000086000000, 0x0000000086000000| Complete 
|  97|0x0000000086100000, 0x0000000086200000, 0x0000000086200000|100%| E|CS|TAMS 0x0000000086100000, 0x0000000086100000| Complete 
|  98|0x0000000086200000, 0x0000000086300000, 0x0000000086300000|100%| E|CS|TAMS 0x0000000086200000, 0x0000000086200000| Complete 
|  99|0x0000000086300000, 0x0000000086400000, 0x0000000086400000|100%| E|CS|TAMS 0x0000000086300000, 0x0000000086300000| Complete 
| 100|0x0000000086400000, 0x0000000086500000, 0x0000000086500000|100%| E|CS|TAMS 0x0000000086400000, 0x0000000086400000| Complete 
| 101|0x0000000086500000, 0x0000000086600000, 0x0000000086600000|100%| E|CS|TAMS 0x0000000086500000, 0x0000000086500000| Complete 
| 102|0x0000000086600000, 0x0000000086700000, 0x0000000086700000|100%| E|CS|TAMS 0x0000000086600000, 0x0000000086600000| Complete 
| 103|0x0000000086700000, 0x0000000086800000, 0x0000000086800000|100%| E|CS|TAMS 0x0000000086700000, 0x0000000086700000| Complete 
| 104|0x0000000086800000, 0x0000000086900000, 0x0000000086900000|100%| E|CS|TAMS 0x0000000086800000, 0x0000000086800000| Complete 
| 105|0x0000000086900000, 0x0000000086a00000, 0x0000000086a00000|100%| E|CS|TAMS 0x0000000086900000, 0x0000000086900000| Complete 
| 106|0x0000000086a00000, 0x0000000086b00000, 0x0000000086b00000|100%| E|CS|TAMS 0x0000000086a00000, 0x0000000086a00000| Complete 
| 107|0x0000000086b00000, 0x0000000086c00000, 0x0000000086c00000|100%| E|CS|TAMS 0x0000000086b00000, 0x0000000086b00000| Complete 
| 108|0x0000000086c00000, 0x0000000086d00000, 0x0000000086d00000|100%| E|CS|TAMS 0x0000000086c00000, 0x0000000086c00000| Complete 
| 109|0x0000000086d00000, 0x0000000086e00000, 0x0000000086e00000|100%| E|CS|TAMS 0x0000000086d00000, 0x0000000086d00000| Complete 
| 110|0x0000000086e00000, 0x0000000086f00000, 0x0000000086f00000|100%| E|CS|TAMS 0x0000000086e00000, 0x0000000086e00000| Complete 
| 111|0x0000000086f00000, 0x0000000087000000, 0x0000000087000000|100%| E|CS|TAMS 0x0000000086f00000, 0x0000000086f00000| Complete 
| 112|0x0000000087000000, 0x0000000087100000, 0x0000000087100000|100%| E|CS|TAMS 0x0000000087000000, 0x0000000087000000| Complete 
| 113|0x0000000087100000, 0x0000000087200000, 0x0000000087200000|100%| E|CS|TAMS 0x0000000087100000, 0x0000000087100000| Complete 
| 114|0x0000000087200000, 0x0000000087300000, 0x0000000087300000|100%| E|CS|TAMS 0x0000000087200000, 0x0000000087200000| Complete 
| 115|0x0000000087300000, 0x0000000087400000, 0x0000000087400000|100%| E|CS|TAMS 0x0000000087300000, 0x0000000087300000| Complete 
| 116|0x0000000087400000, 0x0000000087500000, 0x0000000087500000|100%| E|CS|TAMS 0x0000000087400000, 0x0000000087400000| Complete 
| 202|0x000000008ca00000, 0x000000008cb00000, 0x000000008cb00000|100%| E|CS|TAMS 0x000000008ca00000, 0x000000008ca00000| Complete 
| 203|0x000000008cb00000, 0x000000008cc00000, 0x000000008cc00000|100%| E|CS|TAMS 0x000000008cb00000, 0x000000008cb00000| Complete 
| 204|0x000000008cc00000, 0x000000008cd00000, 0x000000008cd00000|100%| E|CS|TAMS 0x000000008cc00000, 0x000000008cc00000| Complete 
| 205|0x000000008cd00000, 0x000000008ce00000, 0x000000008ce00000|100%| E|CS|TAMS 0x000000008cd00000, 0x000000008cd00000| Complete 
| 206|0x000000008ce00000, 0x000000008cf00000, 0x000000008cf00000|100%| E|CS|TAMS 0x000000008ce00000, 0x000000008ce00000| Complete 
| 207|0x000000008cf00000, 0x000000008d000000, 0x000000008d000000|100%| E|CS|TAMS 0x000000008cf00000, 0x000000008cf00000| Complete 
| 208|0x000000008d000000, 0x000000008d100000, 0x000000008d100000|100%| E|CS|TAMS 0x000000008d000000, 0x000000008d000000| Complete 
| 209|0x000000008d100000, 0x000000008d200000, 0x000000008d200000|100%| E|CS|TAMS 0x000000008d100000, 0x000000008d100000| Complete 
| 251|0x000000008fb00000, 0x000000008fc00000, 0x000000008fc00000|100%| E|CS|TAMS 0x000000008fb00000, 0x000000008fb00000| Complete 

Card table byte_map: [0x000001df1e0c0000,0x000001df1e4c0000] _byte_map_base: 0x000001df1dcc0000

Marking Bits (Prev, Next): (CMBitMap*) 0x000001df0ab91a10, (CMBitMap*) 0x000001df0ab91a50
 Prev Bits: [0x000001df1e8c0000, 0x000001df208c0000)
 Next Bits: [0x000001df208c0000, 0x000001df228c0000)

Polling page: 0x000001df092a0000

Metaspace:

Usage:
  Non-class:     63.07 MB used.
      Class:      9.68 MB used.
       Both:     72.75 MB used.

Virtual space:
  Non-class space:       64.00 MB reserved,      63.38 MB (>99%) committed,  8 nodes.
      Class space:        1.00 GB reserved,       9.88 MB ( <1%) committed,  1 nodes.
             Both:        1.06 GB reserved,      73.25 MB (  7%) committed. 

Chunk freelists:
   Non-Class:  80.00 KB
       Class:  2.13 MB
        Both:  2.21 MB

MaxMetaspaceSize: unlimited
CompressedClassSpaceSize: 1.00 GB
Initial GC threshold: 21.00 MB
Current GC threshold: 111.25 MB
CDS: off
MetaspaceReclaimPolicy: balanced
 - commit_granule_bytes: 65536.
 - commit_granule_words: 8192.
 - virtual_space_node_default_size: 1048576.
 - enlarge_chunks_in_place: 1.
 - new_chunks_are_fully_committed: 0.
 - uncommit_free_chunks: 1.
 - use_allocation_guard: 0.
 - handle_deallocations: 1.


Internal statistics:

num_allocs_failed_limit: 6.
num_arena_births: 744.
num_arena_deaths: 0.
num_vsnodes_births: 9.
num_vsnodes_deaths: 0.
num_space_committed: 1172.
num_space_uncommitted: 0.
num_chunks_returned_to_freelist: 6.
num_chunks_taken_from_freelist: 3250.
num_chunk_merges: 6.
num_chunk_splits: 2213.
num_chunks_enlarged: 1548.
num_purges: 0.
num_inconsistent_stats: 0.

CodeHeap 'non-profiled nmethods': size=120000Kb used=3796Kb max_used=3796Kb free=116203Kb
 bounds [0x000001df15b10000, 0x000001df15ed0000, 0x000001df1d040000]
CodeHeap 'profiled nmethods': size=120000Kb used=12325Kb max_used=12325Kb free=107674Kb
 bounds [0x000001df0e040000, 0x000001df0ec50000, 0x000001df15570000]
CodeHeap 'non-nmethods': size=5760Kb used=2371Kb max_used=2417Kb free=3388Kb
 bounds [0x000001df15570000, 0x000001df157e0000, 0x000001df15b10000]
 total_blobs=7371 nmethods=6470 adapters=813
 compilation: enabled
              stopped_count=0, restarted_count=0
 full_count=0

Compilation events (20 events):
Event: 9.348 Thread 0x000001df256d46c0 nmethod 7236 0x000001df0ec22e10 code [0x000001df0ec23000, 0x000001df0ec23628]
Event: 9.350 Thread 0x000001df3038d630 nmethod 7233 0x000001df15ec2c10 code [0x000001df15ec2d80, 0x000001df15ec30b8]
Event: 9.351 Thread 0x000001df3038d630 7234       4       java.nio.Buffer::limit (65 bytes)
Event: 9.352 Thread 0x000001df3038d630 nmethod 7234 0x000001df15ec3210 code [0x000001df15ec3380, 0x000001df15ec3478]
Event: 9.356 Thread 0x000001df256d46c0 7237       3       java.lang.reflect.Proxy$ProxyBuilder::ensureAccess (39 bytes)
Event: 9.357 Thread 0x000001df256d46c0 nmethod 7237 0x000001df0ec23810 code [0x000001df0ec23a60, 0x000001df0ec242a8]
Event: 9.359 Thread 0x000001df256d46c0 7238       1       com.google.gson.reflect.TypeToken::getRawType (5 bytes)
Event: 9.359 Thread 0x000001df256d46c0 nmethod 7238 0x000001df15ec3590 code [0x000001df15ec3720, 0x000001df15ec37f8]
Event: 9.361 Thread 0x000001df256d46c0 7239       3       java.lang.reflect.Field::getAnnotation (23 bytes)
Event: 9.361 Thread 0x000001df256d46c0 nmethod 7239 0x000001df0ec24690 code [0x000001df0ec248a0, 0x000001df0ec24f28]
Event: 9.362 Thread 0x000001df256d46c0 7240       3       java.util.Collections$SingletonList::get (41 bytes)
Event: 9.362 Thread 0x000001df256d46c0 nmethod 7240 0x000001df0ec25190 code [0x000001df0ec253e0, 0x000001df0ec25ae8]
Event: 9.363 Thread 0x000001df256d46c0 7241       3       com.google.gson.internal.bind.TypeAdapters$30::create (20 bytes)
Event: 9.363 Thread 0x000001df256d46c0 nmethod 7241 0x000001df0ec25d90 code [0x000001df0ec25f40, 0x000001df0ec260f8]
Event: 9.364 Thread 0x000001df256d46c0 7242       3       com.google.gson.stream.JsonReader::nextNonWhitespace (357 bytes)
Event: 9.365 Thread 0x000001df256d46c0 nmethod 7242 0x000001df0ec26210 code [0x000001df0ec266c0, 0x000001df0ec28558]
Event: 9.365 Thread 0x000001df256d46c0 7243       3       com.google.gson.stream.JsonReader::nextQuotedValue (271 bytes)
Event: 9.366 Thread 0x000001df256d46c0 nmethod 7243 0x000001df0ec29010 code [0x000001df0ec29380, 0x000001df0ec2a6a8]
Event: 9.366 Thread 0x000001df256d46c0 7244       3       com.google.gson.stream.JsonReader::doPeek (744 bytes)
Event: 9.366 Thread 0x000001df3038d630 7256       4       com.google.gson.stream.JsonReader::nextNonWhitespace (357 bytes)

GC Heap History (20 events):
Event: 6.977 GC heap before
{Heap before GC invocations=18 (full 0):
 garbage-first heap   total 82944K, used 39902K [0x0000000080000000, 0x0000000100000000)
  region size 1024K, 4 young (4096K), 2 survivors (2048K)
 Metaspace       used 53251K, committed 53760K, reserved 1097728K
  class space    used 7127K, committed 7360K, reserved 1048576K
}
Event: 6.980 GC heap after
{Heap after GC invocations=19 (full 0):
 garbage-first heap   total 82944K, used 39904K [0x0000000080000000, 0x0000000100000000)
  region size 1024K, 3 young (3072K), 3 survivors (3072K)
 Metaspace       used 53251K, committed 53760K, reserved 1097728K
  class space    used 7127K, committed 7360K, reserved 1048576K
}
Event: 7.118 GC heap before
{Heap before GC invocations=20 (full 0):
 garbage-first heap   total 82944K, used 42976K [0x0000000080000000, 0x0000000100000000)
  region size 1024K, 7 young (7168K), 3 survivors (3072K)
 Metaspace       used 53260K, committed 53760K, reserved 1097728K
  class space    used 7127K, committed 7360K, reserved 1048576K
}
Event: 7.121 GC heap after
{Heap after GC invocations=21 (full 0):
 garbage-first heap   total 82944K, used 43741K [0x0000000080000000, 0x0000000100000000)
  region size 1024K, 3 young (3072K), 3 survivors (3072K)
 Metaspace       used 53260K, committed 53760K, reserved 1097728K
  class space    used 7127K, committed 7360K, reserved 1048576K
}
Event: 7.400 GC heap before
{Heap before GC invocations=22 (full 0):
 garbage-first heap   total 82944K, used 59101K [0x0000000080000000, 0x0000000100000000)
  region size 1024K, 18 young (18432K), 3 survivors (3072K)
 Metaspace       used 55096K, committed 55488K, reserved 1097728K
  class space    used 7376K, committed 7552K, reserved 1048576K
}
Event: 7.403 GC heap after
{Heap after GC invocations=23 (full 0):
 garbage-first heap   total 82944K, used 45310K [0x0000000080000000, 0x0000000100000000)
  region size 1024K, 2 young (2048K), 2 survivors (2048K)
 Metaspace       used 55096K, committed 55488K, reserved 1097728K
  class space    used 7376K, committed 7552K, reserved 1048576K
}
Event: 7.627 GC heap before
{Heap before GC invocations=23 (full 0):
 garbage-first heap   total 82944K, used 59646K [0x0000000080000000, 0x0000000100000000)
  region size 1024K, 16 young (16384K), 2 survivors (2048K)
 Metaspace       used 57040K, committed 57536K, reserved 1105920K
  class space    used 7642K, committed 7872K, reserved 1048576K
}
Event: 7.629 GC heap after
{Heap after GC invocations=24 (full 0):
 garbage-first heap   total 103424K, used 46002K [0x0000000080000000, 0x0000000100000000)
  region size 1024K, 1 young (1024K), 1 survivors (1024K)
 Metaspace       used 57040K, committed 57536K, reserved 1105920K
  class space    used 7642K, committed 7872K, reserved 1048576K
}
Event: 8.039 GC heap before
{Heap before GC invocations=25 (full 0):
 garbage-first heap   total 103424K, used 71602K [0x0000000080000000, 0x0000000100000000)
  region size 1024K, 26 young (26624K), 1 survivors (1024K)
 Metaspace       used 61824K, committed 62336K, reserved 1105920K
  class space    used 8244K, committed 8448K, reserved 1048576K
}
Event: 8.041 GC heap after
{Heap after GC invocations=26 (full 0):
 garbage-first heap   total 103424K, used 47147K [0x0000000080000000, 0x0000000100000000)
  region size 1024K, 2 young (2048K), 2 survivors (2048K)
 Metaspace       used 61824K, committed 62336K, reserved 1105920K
  class space    used 8244K, committed 8448K, reserved 1048576K
}
Event: 8.189 GC heap before
{Heap before GC invocations=26 (full 0):
 garbage-first heap   total 103424K, used 56363K [0x0000000080000000, 0x0000000100000000)
  region size 1024K, 13 young (13312K), 2 survivors (2048K)
 Metaspace       used 63831K, committed 64384K, reserved 1105920K
  class space    used 8493K, committed 8704K, reserved 1048576K
}
Event: 8.191 GC heap after
{Heap after GC invocations=27 (full 0):
 garbage-first heap   total 103424K, used 48620K [0x0000000080000000, 0x0000000100000000)
  region size 1024K, 4 young (4096K), 4 survivors (4096K)
 Metaspace       used 63831K, committed 64384K, reserved 1105920K
  class space    used 8493K, committed 8704K, reserved 1048576K
}
Event: 8.197 GC heap before
{Heap before GC invocations=27 (full 0):
 garbage-first heap   total 103424K, used 52716K [0x0000000080000000, 0x0000000100000000)
  region size 1024K, 8 young (8192K), 4 survivors (4096K)
 Metaspace       used 63831K, committed 64384K, reserved 1105920K
  class space    used 8493K, committed 8704K, reserved 1048576K
}
Event: 8.199 GC heap after
{Heap after GC invocations=28 (full 0):
 garbage-first heap   total 103424K, used 51313K [0x0000000080000000, 0x0000000100000000)
  region size 1024K, 4 young (4096K), 4 survivors (4096K)
 Metaspace       used 63831K, committed 64384K, reserved 1105920K
  class space    used 8493K, committed 8704K, reserved 1048576K
}
Event: 8.401 GC heap before
{Heap before GC invocations=29 (full 0):
 garbage-first heap   total 107520K, used 76913K [0x0000000080000000, 0x0000000100000000)
  region size 1024K, 24 young (24576K), 4 survivors (4096K)
 Metaspace       used 65280K, committed 65792K, reserved 1114112K
  class space    used 8679K, committed 8896K, reserved 1048576K
}
Event: 8.403 GC heap after
{Heap after GC invocations=30 (full 0):
 garbage-first heap   total 107520K, used 51092K [0x0000000080000000, 0x0000000100000000)
  region size 1024K, 2 young (2048K), 2 survivors (2048K)
 Metaspace       used 65280K, committed 65792K, reserved 1114112K
  class space    used 8679K, committed 8896K, reserved 1048576K
}
Event: 8.648 GC heap before
{Heap before GC invocations=30 (full 0):
 garbage-first heap   total 107520K, used 76692K [0x0000000080000000, 0x0000000100000000)
  region size 1024K, 27 young (27648K), 2 survivors (2048K)
 Metaspace       used 67687K, committed 68224K, reserved 1114112K
  class space    used 8998K, committed 9216K, reserved 1048576K
}
Event: 8.650 GC heap after
{Heap after GC invocations=31 (full 0):
 garbage-first heap   total 107520K, used 52717K [0x0000000080000000, 0x0000000100000000)
  region size 1024K, 3 young (3072K), 3 survivors (3072K)
 Metaspace       used 67687K, committed 68224K, reserved 1114112K
  class space    used 8998K, committed 9216K, reserved 1048576K
}
Event: 8.970 GC heap before
{Heap before GC invocations=32 (full 0):
 garbage-first heap   total 107520K, used 79341K [0x0000000080000000, 0x0000000100000000)
  region size 1024K, 29 young (29696K), 3 survivors (3072K)
 Metaspace       used 71372K, committed 71872K, reserved 1114112K
  class space    used 9511K, committed 9728K, reserved 1048576K
}
Event: 8.973 GC heap after
{Heap after GC invocations=33 (full 0):
 garbage-first heap   total 129024K, used 54369K [0x0000000080000000, 0x0000000100000000)
  region size 1024K, 4 young (4096K), 4 survivors (4096K)
 Metaspace       used 71372K, committed 71872K, reserved 1114112K
  class space    used 9511K, committed 9728K, reserved 1048576K
}

Dll operation events (2 events):
Event: 0.026 Loaded shared library C:\BTS\ANDROID\android-studio\jbr\bin\java.dll
Event: 0.445 Loaded shared library C:\BTS\ANDROID\android-studio\jbr\bin\verify.dll

Deoptimization events (20 events):
Event: 9.347 Thread 0x000001df26fe16e0 DEOPT PACKING pc=0x000001df0e4ae84b sp=0x000000b6a45f7dd0
Event: 9.347 Thread 0x000001df26fe16e0 DEOPT UNPACKING pc=0x000001df155c7143 sp=0x000000b6a45f7280 mode 0
Event: 9.347 Thread 0x000001df26fe16e0 DEOPT PACKING pc=0x000001df0e4ae84b sp=0x000000b6a45f7dd0
Event: 9.347 Thread 0x000001df26fe16e0 DEOPT UNPACKING pc=0x000001df155c7143 sp=0x000000b6a45f7280 mode 0
Event: 9.348 Thread 0x000001df26fe16e0 DEOPT PACKING pc=0x000001df0e4ae84b sp=0x000000b6a45f7dd0
Event: 9.348 Thread 0x000001df26fe16e0 DEOPT UNPACKING pc=0x000001df155c7143 sp=0x000000b6a45f7280 mode 0
Event: 9.348 Thread 0x000001df26fe16e0 DEOPT PACKING pc=0x000001df0e4ae84b sp=0x000000b6a45f7dd0
Event: 9.348 Thread 0x000001df26fe16e0 DEOPT UNPACKING pc=0x000001df155c7143 sp=0x000000b6a45f7280 mode 0
Event: 9.348 Thread 0x000001df26fe16e0 DEOPT PACKING pc=0x000001df0e4ae84b sp=0x000000b6a45f7dd0
Event: 9.348 Thread 0x000001df26fe16e0 DEOPT UNPACKING pc=0x000001df155c7143 sp=0x000000b6a45f7280 mode 0
Event: 9.348 Thread 0x000001df26fe16e0 DEOPT PACKING pc=0x000001df0e4ae84b sp=0x000000b6a45f7dd0
Event: 9.348 Thread 0x000001df26fe16e0 DEOPT UNPACKING pc=0x000001df155c7143 sp=0x000000b6a45f7280 mode 0
Event: 9.348 Thread 0x000001df26fe16e0 DEOPT PACKING pc=0x000001df0e4ae84b sp=0x000000b6a45f7dd0
Event: 9.348 Thread 0x000001df26fe16e0 DEOPT UNPACKING pc=0x000001df155c7143 sp=0x000000b6a45f7280 mode 0
Event: 9.348 Thread 0x000001df26fe16e0 DEOPT PACKING pc=0x000001df0e4ae84b sp=0x000000b6a45f7dd0
Event: 9.348 Thread 0x000001df26fe16e0 DEOPT UNPACKING pc=0x000001df155c7143 sp=0x000000b6a45f7280 mode 0
Event: 9.348 Thread 0x000001df26fe16e0 DEOPT PACKING pc=0x000001df0e4ae84b sp=0x000000b6a45f7dd0
Event: 9.348 Thread 0x000001df26fe16e0 DEOPT UNPACKING pc=0x000001df155c7143 sp=0x000000b6a45f7280 mode 0
Event: 9.348 Thread 0x000001df26fe16e0 DEOPT PACKING pc=0x000001df0e4ae84b sp=0x000000b6a45f7dd0
Event: 9.348 Thread 0x000001df26fe16e0 DEOPT UNPACKING pc=0x000001df155c7143 sp=0x000000b6a45f7280 mode 0

Classes unloaded (0 events):
No events

Classes redefined (0 events):
No events

Internal exceptions (20 events):
Event: 6.792 Thread 0x000001df26fe2080 Exception <a 'java/lang/NoSuchMethodError'{0x00000000837e8950}: static Lorg/gradle/internal/build/event/types/AbstractProjectConfigurationResult;.<clinit>()V> (0x00000000837e8950) 
thrown [s\src\hotspot\share\prims\jni.cpp, line 1108]
Event: 6.792 Thread 0x000001df26fe2080 Exception <a 'java/lang/NoSuchMethodError'{0x00000000837ea0a8}: static Lorg/gradle/internal/build/event/types/AbstractOperationResult;.<clinit>()V> (0x00000000837ea0a8) 
thrown [s\src\hotspot\share\prims\jni.cpp, line 1108]
Event: 6.792 Thread 0x000001df26fe2080 Exception <a 'java/lang/NoSuchMethodError'{0x00000000837eb520}: static Lorg/gradle/internal/build/event/types/AbstractResult;.<clinit>()V> (0x00000000837eb520) 
thrown [s\src\hotspot\share\prims\jni.cpp, line 1108]
Event: 6.794 Thread 0x000001df26fe2080 Exception <a 'java/lang/NoSuchMethodError'{0x0000000083603338}: static Lorg/gradle/internal/build/event/types/DefaultPluginApplicationResult;.<clinit>()V> (0x0000000083603338) 
thrown [s\src\hotspot\share\prims\jni.cpp, line 1108]
Event: 6.795 Thread 0x000001df26fe2080 Exception <a 'java/lang/NoSuchMethodError'{0x000000008360f6a0}: static Lorg/gradle/internal/build/event/types/DefaultBinaryPluginIdentifier;.<clinit>()V> (0x000000008360f6a0) 
thrown [s\src\hotspot\share\prims\jni.cpp, line 1108]
Event: 6.796 Thread 0x000001df26fe2080 Exception <a 'java/lang/NoSuchMethodError'{0x000000008362c2c8}: static Lorg/gradle/internal/build/event/types/DefaultScriptPluginIdentifier;.<clinit>()V> (0x000000008362c2c8) 
thrown [s\src\hotspot\share\prims\jni.cpp, line 1108]
Event: 6.880 Thread 0x000001df26fe16e0 Implicit null exception at 0x000001df15e08892 to 0x000001df15e08f70
Event: 6.880 Thread 0x000001df26fe16e0 Implicit null exception at 0x000001df15e07914 to 0x000001df15e07fe0
Event: 7.263 Thread 0x000001df26fe16e0 Exception <a 'java/lang/ClassNotFoundException'{0x000000008d1e1388}: org/gradle/api/internal/plugins/DefaultObjectConfigurationActionBeanInfo> (0x000000008d1e1388) 
thrown [s\src\hotspot\share\classfile\systemDictionary.cpp, line 256]
Event: 7.263 Thread 0x000001df26fe16e0 Exception <a 'java/lang/ClassNotFoundException'{0x000000008d1f51b0}: org/gradle/api/internal/plugins/DefaultObjectConfigurationActionCustomizer> (0x000000008d1f51b0) 
thrown [s\src\hotspot\share\classfile\systemDictionary.cpp, line 256]
Event: 7.371 Thread 0x000001df26fe16e0 Exception <a 'java/lang/NoSuchMethodError'{0x00000000841b15a0}: 'java.lang.Object java.lang.invoke.DirectMethodHandle$Holder.newInvokeSpecial(java.lang.Object, java.lang.Object, java.lang.Object, java.lang.Object, int)'> (0x00000000841b15a0) 
thrown [s\src\hotspot\share\interpreter\linkResolver.cpp, line 771]
Event: 7.372 Thread 0x000001df26fe16e0 Exception <a 'java/lang/NoSuchMethodError'{0x00000000841b69e8}: 'java.lang.Object java.lang.invoke.DirectMethodHandle$Holder.invokeSpecial(java.lang.Object, java.lang.Object, java.lang.Object, java.lang.Object, java.lang.Object, int)'> (0x00000000841b69e8) 
thrown [s\src\hotspot\share\interpreter\linkResolver.cpp, line 771]
Event: 7.372 Thread 0x000001df26fe16e0 Exception <a 'java/lang/NoSuchMethodError'{0x00000000841bb768}: 'java.lang.Object java.lang.invoke.Invokers$Holder.linkToTargetMethod(java.lang.Object, java.lang.Object, java.lang.Object, int, java.lang.Object)'> (0x00000000841bb768) 
thrown [s\src\hotspot\share\interpreter\linkResolver.cpp, line 771]
Event: 7.566 Thread 0x000001df26fe16e0 Exception <a 'java/lang/NoSuchMethodError'{0x0000000084650838}: 'int java.lang.invoke.DirectMethodHandle$Holder.invokeInterface(java.lang.Object, java.lang.Object, java.lang.Object, java.lang.Object)'> (0x0000000084650838) 
thrown [s\src\hotspot\share\interpreter\linkResolver.cpp, line 771]
Event: 7.979 Thread 0x000001df26fe16e0 Exception <a 'java/lang/IncompatibleClassChangeError'{0x0000000084e1d858}: Found class java.lang.Object, but interface was expected> (0x0000000084e1d858) 
thrown [s\src\hotspot\share\interpreter\linkResolver.cpp, line 838]
Event: 8.018 Thread 0x000001df26fe16e0 Implicit null exception at 0x000001df15d65d54 to 0x000001df15d65efc
Event: 8.018 Thread 0x000001df26fe16e0 Implicit null exception at 0x000001df15d5d401 to 0x000001df15d5db34
Event: 8.143 Thread 0x000001df26fe16e0 Implicit null exception at 0x000001df15cd8e0c to 0x000001df15cd8f42
Event: 8.245 Thread 0x000001df26fe16e0 Exception <a 'sun/nio/fs/WindowsException'{0x0000000085d837b8}> (0x0000000085d837b8) 
thrown [s\src\hotspot\share\prims\jni.cpp, line 517]
Event: 8.595 Thread 0x000001df26fe16e0 Implicit null exception at 0x000001df15bc10c8 to 0x000001df15bc1188

VM Operations (20 events):
Event: 8.199 Executing VM operation: G1TryInitiateConcMark done
Event: 8.215 Executing VM operation: G1Concurrent
Event: 8.219 Executing VM operation: G1Concurrent done
Event: 8.227 Executing VM operation: G1Concurrent
Event: 8.227 Executing VM operation: G1Concurrent done
Event: 8.401 Executing VM operation: G1CollectForAllocation
Event: 8.403 Executing VM operation: G1CollectForAllocation done
Event: 8.647 Executing VM operation: G1CollectForAllocation
Event: 8.650 Executing VM operation: G1CollectForAllocation done
Event: 8.667 Executing VM operation: G1Concurrent
Event: 8.671 Executing VM operation: G1Concurrent done
Event: 8.678 Executing VM operation: G1Concurrent
Event: 8.678 Executing VM operation: G1Concurrent done
Event: 8.969 Executing VM operation: G1CollectForAllocation
Event: 8.973 Executing VM operation: G1CollectForAllocation done
Event: 9.176 Executing VM operation: HandshakeAllThreads
Event: 9.177 Executing VM operation: HandshakeAllThreads done
Event: 9.301 Executing VM operation: ICBufferFull
Event: 9.301 Executing VM operation: ICBufferFull done
Event: 10.303 Executing VM operation: Cleanup

Events (20 events):
Event: 8.244 loading class sun/nio/fs/WindowsException
Event: 8.245 loading class sun/nio/fs/WindowsException done
Event: 8.492 loading class java/security/KeyStore
Event: 8.492 loading class java/security/KeyStore done
Event: 8.493 loading class java/security/KeyStore$1
Event: 8.493 loading class java/security/KeyStore$1 done
Event: 8.570 loading class javax/xml/stream/XMLStreamException
Event: 8.570 loading class javax/xml/stream/XMLStreamException done
Event: 8.580 loading class sun/reflect/annotation/AnnotationInvocationHandler$1
Event: 8.580 loading class sun/reflect/annotation/AnnotationInvocationHandler$1 done
Event: 8.978 loading class java/util/ArrayList$SubList$1
Event: 8.978 loading class java/util/ArrayList$SubList$1 done
Event: 9.141 loading class jdk/internal/loader/URLClassPath$FileLoader
Event: 9.141 loading class jdk/internal/loader/URLClassPath$FileLoader done
Event: 9.143 loading class jdk/internal/loader/URLClassPath$FileLoader$1
Event: 9.143 loading class jdk/internal/loader/URLClassPath$FileLoader$1 done
Event: 9.356 loading class sun/reflect/generics/repository/FieldRepository
Event: 9.356 loading class sun/reflect/generics/repository/FieldRepository done
Event: 9.363 loading class jdk/internal/vm/annotation/ForceInline
Event: 9.363 loading class jdk/internal/vm/annotation/ForceInline done


Dynamic libraries:
0x00007ff643e90000 - 0x00007ff643e9a000 	C:\BTS\ANDROID\android-studio\jbr\bin\java.exe
0x00007ffe6e320000 - 0x00007ffe6e583000 	C:\WINDOWS\SYSTEM32\ntdll.dll
0x00007ffe6d680000 - 0x00007ffe6d747000 	C:\WINDOWS\System32\KERNEL32.DLL
0x00007ffe6b6c0000 - 0x00007ffe6ba86000 	C:\WINDOWS\System32\KERNELBASE.dll
0x00007ffe6b460000 - 0x00007ffe6b5ac000 	C:\Windows\system32\hmpalert.dll
0x00007ffe6ba90000 - 0x00007ffe6bbdc000 	C:\WINDOWS\System32\ucrtbase.dll
0x00007ffe293a0000 - 0x00007ffe293b7000 	C:\BTS\ANDROID\android-studio\jbr\bin\jli.dll
0x00007ffe6d890000 - 0x00007ffe6da59000 	C:\WINDOWS\System32\USER32.dll
0x00007ffe6bf20000 - 0x00007ffe6bf47000 	C:\WINDOWS\System32\win32u.dll
0x00007ffe6db20000 - 0x00007ffe6db4a000 	C:\WINDOWS\System32\GDI32.dll
0x00007ffe6bbe0000 - 0x00007ffe6bd0b000 	C:\WINDOWS\System32\gdi32full.dll
0x00007ffe6bf50000 - 0x00007ffe6bff3000 	C:\WINDOWS\System32\msvcp_win.dll
0x00007ffe49df0000 - 0x00007ffe4a080000 	C:\WINDOWS\WinSxS\amd64_microsoft.windows.common-controls_6595b64144ccf1df_6.0.26100.2702_none_3e069454e335fc5e\COMCTL32.dll
0x00007ffe6e200000 - 0x00007ffe6e2a9000 	C:\WINDOWS\System32\msvcrt.dll
0x00007ffe28ce0000 - 0x00007ffe28cfb000 	C:\BTS\ANDROID\android-studio\jbr\bin\VCRUNTIME140.dll
0x00007ffe6ded0000 - 0x00007ffe6deff000 	C:\WINDOWS\System32\IMM32.DLL
0x00007ffe2c050000 - 0x00007ffe2c05c000 	C:\BTS\ANDROID\android-studio\jbr\bin\vcruntime140_1.dll
0x00007ffe037d0000 - 0x00007ffe0385d000 	C:\BTS\ANDROID\android-studio\jbr\bin\msvcp140.dll
0x00007ffddf2b0000 - 0x00007ffddff1e000 	C:\BTS\ANDROID\android-studio\jbr\bin\server\jvm.dll
0x00007ffe6dd30000 - 0x00007ffe6dde3000 	C:\WINDOWS\System32\ADVAPI32.dll
0x00007ffe6d750000 - 0x00007ffe6d7f6000 	C:\WINDOWS\System32\sechost.dll
0x00007ffe6cae0000 - 0x00007ffe6cbf6000 	C:\WINDOWS\System32\RPCRT4.dll
0x00007ffe68700000 - 0x00007ffe68736000 	C:\WINDOWS\SYSTEM32\WINMM.dll
0x00007ffe61950000 - 0x00007ffe6195b000 	C:\WINDOWS\SYSTEM32\VERSION.dll
0x00007ffe28d00000 - 0x00007ffe28d0a000 	C:\WINDOWS\SYSTEM32\WSOCK32.dll
0x00007ffe6ca60000 - 0x00007ffe6cad4000 	C:\WINDOWS\System32\WS2_32.dll
0x00007ffe6a360000 - 0x00007ffe6a37a000 	C:\WINDOWS\SYSTEM32\kernel.appcore.dll
0x00007ffe59e70000 - 0x00007ffe59e7a000 	C:\BTS\ANDROID\android-studio\jbr\bin\jimage.dll
0x00007ffe68bc0000 - 0x00007ffe68e01000 	C:\WINDOWS\SYSTEM32\DBGHELP.DLL
0x00007ffe6c650000 - 0x00007ffe6c9ce000 	C:\WINDOWS\System32\combase.dll
0x00007ffe6ddf0000 - 0x00007ffe6dec6000 	C:\WINDOWS\System32\OLEAUT32.dll
0x00007ffe58bc0000 - 0x00007ffe58bf9000 	C:\WINDOWS\SYSTEM32\dbgcore.DLL
0x00007ffe6c0c0000 - 0x00007ffe6c159000 	C:\WINDOWS\System32\bcryptPrimitives.dll
0x00007ffe39440000 - 0x00007ffe39465000 	C:\BTS\ANDROID\android-studio\jbr\bin\java.dll
0x00007ffe590f0000 - 0x00007ffe59108000 	C:\BTS\ANDROID\android-studio\jbr\bin\zip.dll
0x00007ffe6cf70000 - 0x00007ffe6d679000 	C:\WINDOWS\System32\SHELL32.dll
0x00007ffe69030000 - 0x00007ffe69868000 	C:\WINDOWS\SYSTEM32\windows.storage.dll
0x00007ffe6cc60000 - 0x00007ffe6cd4a000 	C:\WINDOWS\System32\SHCORE.dll
0x00007ffe6c5f0000 - 0x00007ffe6c64d000 	C:\WINDOWS\System32\shlwapi.dll
0x00007ffe6b5d0000 - 0x00007ffe6b5fe000 	C:\WINDOWS\SYSTEM32\profapi.dll
0x00007ffe38440000 - 0x00007ffe38459000 	C:\BTS\ANDROID\android-studio\jbr\bin\net.dll
0x00007ffe620c0000 - 0x00007ffe621de000 	C:\WINDOWS\SYSTEM32\WINHTTP.dll
0x00007ffe6a850000 - 0x00007ffe6a8b8000 	C:\WINDOWS\system32\mswsock.dll
0x00007ffe293c0000 - 0x00007ffe293d6000 	C:\BTS\ANDROID\android-studio\jbr\bin\nio.dll
0x00007ffe59db0000 - 0x00007ffe59dc0000 	C:\BTS\ANDROID\android-studio\jbr\bin\verify.dll
0x00007ffe21f20000 - 0x00007ffe21f47000 	C:\Users\svo\.gradle\native\68d5fa5c4cc2d200863cafc0d521ce42e7d3e7ee720ec0a83991735586a16f82\windows-amd64\native-platform.dll
0x00007ffdf54a0000 - 0x00007ffdf55e4000 	C:\Users\svo\.gradle\native\e376f236ea51e6404a007f0833ffe2c6e607c4080706a723a18a27aeea778392\windows-amd64\native-platform-file-events.dll
0x00007ffe39430000 - 0x00007ffe39439000 	C:\BTS\ANDROID\android-studio\jbr\bin\management.dll
0x00007ffe38430000 - 0x00007ffe3843b000 	C:\BTS\ANDROID\android-studio\jbr\bin\management_ext.dll
0x00007ffe6e2d0000 - 0x00007ffe6e2d8000 	C:\WINDOWS\System32\PSAPI.DLL
0x00007ffe6ac00000 - 0x00007ffe6ac1c000 	C:\WINDOWS\SYSTEM32\CRYPTSP.dll
0x00007ffe6a2c0000 - 0x00007ffe6a2f8000 	C:\WINDOWS\system32\rsaenh.dll
0x00007ffe6a8f0000 - 0x00007ffe6a91b000 	C:\WINDOWS\SYSTEM32\USERENV.dll
0x00007ffe6ad90000 - 0x00007ffe6adb6000 	C:\WINDOWS\SYSTEM32\bcrypt.dll
0x00007ffe6aa80000 - 0x00007ffe6aa8c000 	C:\WINDOWS\SYSTEM32\CRYPTBASE.dll
0x00007ffe69b20000 - 0x00007ffe69b52000 	C:\WINDOWS\SYSTEM32\IPHLPAPI.DLL
0x00007ffe6da60000 - 0x00007ffe6da6a000 	C:\WINDOWS\System32\NSI.dll
0x00007ffe62450000 - 0x00007ffe6246f000 	C:\WINDOWS\SYSTEM32\dhcpcsvc6.DLL
0x00007ffe62420000 - 0x00007ffe62445000 	C:\WINDOWS\SYSTEM32\dhcpcsvc.DLL
0x00007ffe69b60000 - 0x00007ffe69c85000 	C:\WINDOWS\SYSTEM32\DNSAPI.dll
0x00007ffe2f9b0000 - 0x00007ffe2f9b8000 	C:\WINDOWS\system32\wshunix.dll

dbghelp: loaded successfully - version: 4.0.5 - missing functions: none
symbol engine: initialized successfully - sym options: 0x614 - pdb path: .;C:\BTS\ANDROID\android-studio\jbr\bin;C:\WINDOWS\SYSTEM32;C:\WINDOWS\WinSxS\amd64_microsoft.windows.common-controls_6595b64144ccf1df_6.0.26100.2702_none_3e069454e335fc5e;C:\BTS\ANDROID\android-studio\jbr\bin\server;C:\Users\svo\.gradle\native\68d5fa5c4cc2d200863cafc0d521ce42e7d3e7ee720ec0a83991735586a16f82\windows-amd64;C:\Users\svo\.gradle\native\e376f236ea51e6404a007f0833ffe2c6e607c4080706a723a18a27aeea778392\windows-amd64

VM Arguments:
jvm_args: --add-opens=java.base/java.util=ALL-UNNAMED --add-opens=java.base/java.lang=ALL-UNNAMED --add-opens=java.base/java.lang.invoke=ALL-UNNAMED --add-opens=java.prefs/java.util.prefs=ALL-UNNAMED --add-opens=java.base/java.nio.charset=ALL-UNNAMED --add-opens=java.base/java.net=ALL-UNNAMED --add-opens=java.base/java.util.concurrent.atomic=ALL-UNNAMED -Xmx2048m -Dfile.encoding=UTF-8 -Duser.country=FR -Duser.language=fr -Duser.variant 
java_command: org.gradle.launcher.daemon.bootstrap.GradleDaemon 8.0
java_class_path (initial): C:\Users\svo\.gradle\wrapper\dists\gradle-8.0-bin\ca5e32bp14vu59qr306oxotwh\gradle-8.0\lib\gradle-launcher-8.0.jar
Launcher Type: SUN_STANDARD

[Global flags]
     intx CICompilerCount                          = 4                                         {product} {ergonomic}
     uint ConcGCThreads                            = 3                                         {product} {ergonomic}
     uint G1ConcRefinementThreads                  = 10                                        {product} {ergonomic}
   size_t G1HeapRegionSize                         = 1048576                                   {product} {ergonomic}
    uintx GCDrainStackTargetSize                   = 64                                        {product} {ergonomic}
   size_t InitialHeapSize                          = 264241152                                 {product} {ergonomic}
   size_t MarkStackSize                            = 4194304                                   {product} {ergonomic}
   size_t MaxHeapSize                              = 2147483648                                {product} {command line}
   size_t MaxNewSize                               = 1287651328                                {product} {ergonomic}
   size_t MinHeapDeltaBytes                        = 1048576                                   {product} {ergonomic}
   size_t MinHeapSize                              = 8388608                                   {product} {ergonomic}
    uintx NonNMethodCodeHeapSize                   = 5839372                                {pd product} {ergonomic}
    uintx NonProfiledCodeHeapSize                  = 122909434                              {pd product} {ergonomic}
    uintx ProfiledCodeHeapSize                     = 122909434                              {pd product} {ergonomic}
    uintx ReservedCodeCacheSize                    = 251658240                              {pd product} {ergonomic}
     bool SegmentedCodeCache                       = true                                      {product} {ergonomic}
   size_t SoftMaxHeapSize                          = 2147483648                             {manageable} {ergonomic}
     bool UseCompressedClassPointers               = true                           {product lp64_product} {ergonomic}
     bool UseCompressedOops                        = true                           {product lp64_product} {ergonomic}
     bool UseG1GC                                  = true                                      {product} {ergonomic}
     bool UseLargePagesIndividualAllocation        = false                                  {pd product} {ergonomic}

Logging:
Log output configuration:
 #0: stdout all=warning uptime,level,tags
 #1: stderr all=off uptime,level,tags

Environment Variables:
PATH=C:\Program Files\Common Files\Oracle\Java\javapath;C:\Program Files (x86)\Common Files\Oracle\Java\javapath;C:\WINDOWS\system32;C:\WINDOWS;C:\WINDOWS\System32\Wbem;C:\WINDOWS\System32\WindowsPowerShell\v1.0\;C:\WINDOWS\System32\OpenSSH\;C:\Users\svo\AppData\Local\Microsoft\WindowsApps;C:\BTS\PortableApps\openlogic-openjdk-17.0.8+7-windows-x64\openlogic-openjdk-17.0.8+7-windows-x64\bin;C:\Users\svo\AppData\Local\ComposerSetup\bin;C:\Users\svo\AppData\Roaming\Composer\vendor\bin;C:\BTS\DEV\Xampp Laravell\xampp\php;C:\BTS\DEV\node-v18.15.0-win-x64;C:\BTS\Nodejs\node-v20.17.0-win-x64;C:\BTS\Git\bin;
USERNAME=SVO
OS=Windows_NT
PROCESSOR_IDENTIFIER=Intel64 Family 6 Model 154 Stepping 4, GenuineIntel
TMP=C:\Users\svo\AppData\Local\Temp
TEMP=C:\Users\svo\AppData\Local\Temp


JNI global refs:
JNI global refs: 27, weak refs: 1

JNI global refs memory usage: 843, weak refs: 841


---------------  S Y S T E M  ---------------

OS:
 Windows 11 , 64 bit Build 26100 (10.0.26100.2992)
OS uptime: 0 days 7:24 hours
Hyper-V role detected

CPU: total 12 (initial active 12) (6 cores per cpu, 2 threads per core) family 6 model 154 stepping 4 microcode 0x435, cx8, cmov, fxsr, ht, mmx, 3dnowpref, sse, sse2, sse3, ssse3, sse4.1, sse4.2, popcnt, lzcnt, tsc, tscinvbit, avx, avx2, aes, erms, clmul, bmi1, bmi2, adx, sha, fma, vzeroupper, clflush, clflushopt, clwb, hv

Memory: 4k page, system-wide physical 16016M (1035M free)
TotalPageFile size 20016M (AvailPageFile size 21M)
current process WorkingSet (physical memory assigned to process): 350M, peak: 369M
current process commit charge ("private bytes"): 400M, peak: 417M

vm_info: OpenJDK 64-Bit Server VM (17.0.6+0-b2043.56-10027231) for windows-amd64 JRE (17.0.6+0-b2043.56-10027231), built on Apr 28 2023 00:43:19 by "androidbuild" with MS VC++ 16.10 / 16.11 (VS2019)

END.
