#
# There is insufficient memory for the Java Runtime Environment to continue.
# Native memory allocation (malloc) failed to allocate 2106096 bytes for Chunk::new
# Possible reasons:
#   The system is out of physical RAM or swap space
#   The process is running with CompressedOops enabled, and the Java Heap may be blocking the growth of the native heap
# Possible solutions:
#   Reduce memory load on the system
#   Increase physical memory or swap space
#   Check if swap backing store is full
#   Decrease Java heap size (-Xmx/-Xms)
#   Decrease number of Java threads
#   Decrease Java thread stack sizes (-Xss)
#   Set larger code cache with -XX:ReservedCodeCacheSize=
#   JVM is running with Unscaled Compressed Oops mode in which the Java heap is
#     placed in the first 4GB address space. The Java Heap base address is the
#     maximum limit for the native heap growth. Please use -XX:HeapBaseMinAddress
#     to set the Java Heap base and to place the Java Heap above 4GB virtual address.
# This output file may be truncated or incomplete.
#
#  Out of Memory Error (arena.cpp:189), pid=7048, tid=28244
#
# JRE version: OpenJDK Runtime Environment (17.0.6) (build 17.0.6+0-b2043.56-10027231)
# Java VM: OpenJDK 64-Bit Server VM (17.0.6+0-b2043.56-10027231, mixed mode, tiered, compressed oops, compressed class ptrs, g1 gc, windows-amd64)
# No core dump will be written. Minidumps are not enabled by default on client versions of Windows
#

---------------  S U M M A R Y ------------

Command Line: --add-opens=java.base/java.util=ALL-UNNAMED --add-opens=java.base/java.lang=ALL-UNNAMED --add-opens=java.base/java.lang.invoke=ALL-UNNAMED --add-opens=java.prefs/java.util.prefs=ALL-UNNAMED --add-opens=java.base/java.nio.charset=ALL-UNNAMED --add-opens=java.base/java.net=ALL-UNNAMED --add-opens=java.base/java.util.concurrent.atomic=ALL-UNNAMED -Xmx2048m -Dfile.encoding=UTF-8 -Duser.country=FR -Duser.language=fr -Duser.variant org.gradle.launcher.daemon.bootstrap.GradleDaemon 8.0

Host: 12th Gen Intel(R) Core(TM) i7-1255U, 12 cores, 15G,  Windows 11 , 64 bit Build 26100 (10.0.26100.2992)
Time: Wed Mar 19 14:56:11 2025 Paris, Madrid elapsed time: 10.871549 seconds (0d 0h 0m 10s)

---------------  T H R E A D  ---------------

Current thread (0x0000022b345bc450):  JavaThread "C2 CompilerThread1" daemon [_thread_in_native, id=28244, stack(0x000000be9cc00000,0x000000be9cd00000)]


Current CompileTask:
C2:  10871 8787       4       java.beans.Introspector::addMethod (196 bytes)

Stack: [0x000000be9cc00000,0x000000be9cd00000]
Native frames: (J=compiled Java code, j=interpreted, Vv=VM code, C=native code)
V  [jvm.dll+0x683c9a]
V  [jvm.dll+0x8427a4]
V  [jvm.dll+0x843f9e]
V  [jvm.dll+0x844603]
V  [jvm.dll+0x249b75]
V  [jvm.dll+0xabcac]
V  [jvm.dll+0xac27c]
V  [jvm.dll+0x368802]
V  [jvm.dll+0x332f31]
V  [jvm.dll+0x3323da]
V  [jvm.dll+0x21c201]
V  [jvm.dll+0x21b621]
V  [jvm.dll+0x1a4fdd]
V  [jvm.dll+0x22b098]
V  [jvm.dll+0x229159]
V  [jvm.dll+0x7f81ec]
V  [jvm.dll+0x7f274a]
V  [jvm.dll+0x682ad5]
C  [ucrtbase.dll+0x37b0]
C  [KERNEL32.DLL+0x2e8d7]
C  [ntdll.dll+0xbbf6c]


---------------  P R O C E S S  ---------------

Threads class SMR info:
_java_thread_list=0x0000022b3d3d3220, length=185, elements={
0x0000022b16434890, 0x0000022b330503b0, 0x0000022b330519e0, 0x0000022b33095290,
0x0000022b33097f60, 0x0000022b3309b3a0, 0x0000022b3309c7d0, 0x0000022b3309df30,
0x0000022b330a1d30, 0x0000022b330ab1b0, 0x0000022b33248010, 0x0000022b332484e0,
0x0000022b343b7fa0, 0x0000022b35561900, 0x0000022b3560e8a0, 0x0000022b354102a0,
0x0000022b35410770, 0x0000022b3567b070, 0x0000022b35421880, 0x0000022b3543d3a0,
0x0000022b354403c0, 0x0000022b3543ebb0, 0x0000022b3543ced0, 0x0000022b3543dd40,
0x0000022b3543fa20, 0x0000022b3543fef0, 0x0000022b3543e6e0, 0x0000022b3543f550,
0x0000022b3543ca00, 0x0000022b3543d870, 0x0000022b3543e210, 0x0000022b3543f080,
0x0000022b37888760, 0x0000022b37888290, 0x0000022b378878f0, 0x0000022b345bc450,
0x0000022b37889100, 0x0000022b37887dc0, 0x0000022b378895d0, 0x0000022b37885c10,
0x0000022b37889aa0, 0x0000022b378860e0, 0x0000022b37889f70, 0x0000022b378865b0,
0x0000022b37887420, 0x0000022b3788a440, 0x0000022b3788a910, 0x0000022b37886f50,
0x0000022b3788ade0, 0x0000022b3788b2b0, 0x0000022b3788cf90, 0x0000022b3788b780,
0x0000022b3788bc50, 0x0000022b3788d460, 0x0000022b3788c120, 0x0000022b3788c5f0,
0x0000022b3788cac0, 0x0000022b394115f0, 0x0000022b39412460, 0x0000022b39411ac0,
0x0000022b394137a0, 0x0000022b39414140, 0x0000022b394132d0, 0x0000022b39412e00,
0x0000022b39410c50, 0x0000022b39414610, 0x0000022b39411f90, 0x0000022b39414ae0,
0x0000022b39413c70, 0x0000022b39411120, 0x0000022b39414fb0, 0x0000022b39412930,
0x0000022b39416c90, 0x0000022b39417fd0, 0x0000022b39417160, 0x0000022b39417b00,
0x0000022b39417630, 0x0000022b39415480, 0x0000022b39415950, 0x0000022b39415e20,
0x0000022b394162f0, 0x0000022b394167c0, 0x0000022b394184a0, 0x0000022b392ddbb0,
0x0000022b392de080, 0x0000022b392db530, 0x0000022b392dd210, 0x0000022b392dd6e0,
0x0000022b392db060, 0x0000022b392dc3a0, 0x0000022b392de550, 0x0000022b392dea20,
0x0000022b392deef0, 0x0000022b392dcd40, 0x0000022b392df3c0, 0x0000022b392dba00,
0x0000022b392df890, 0x0000022b392dbed0, 0x0000022b392dfd60, 0x0000022b392e0230,
0x0000022b392dc870, 0x0000022b392e0bd0, 0x0000022b392e0700, 0x0000022b392e10a0,
0x0000022b392e1570, 0x0000022b392e1a40, 0x0000022b392e1f10, 0x0000022b392e23e0,
0x0000022b392e28b0, 0x0000022b392625c0, 0x0000022b39262a90, 0x0000022b392620f0,
0x0000022b39263dd0, 0x0000022b392655e0, 0x0000022b39264770, 0x0000022b39262f60,
0x0000022b392642a0, 0x0000022b39263430, 0x0000022b39261c20, 0x0000022b39266df0,
0x0000022b392672c0, 0x0000022b39266450, 0x0000022b39264c40, 0x0000022b39265ab0,
0x0000022b39265f80, 0x0000022b39265110, 0x0000022b39266920, 0x0000022b39263900,
0x0000022b39268ad0, 0x0000022b39269470, 0x0000022b39267790, 0x0000022b39267c60,
0x0000022b39268130, 0x0000022b39268600, 0x0000022b39268fa0, 0x0000022b37b2af00,
0x0000022b37b2a560, 0x0000022b37b2c240, 0x0000022b37b2b8a0, 0x0000022b37b2cbe0,
0x0000022b37b29bc0, 0x0000022b37b2bd70, 0x0000022b37b2d0b0, 0x0000022b37b2c710,
0x0000022b37b2d580, 0x0000022b37b2a090, 0x0000022b37b2b3d0, 0x0000022b37b2df20,
0x0000022b37b2aa30, 0x0000022b37b2f260, 0x0000022b37b30a70, 0x0000022b37b2e3f0,
0x0000022b37b305a0, 0x0000022b37b30f40, 0x0000022b37b31410, 0x0000022b37b2f730,
0x0000022b37b2da50, 0x0000022b37b2e8c0, 0x0000022b37b2ed90, 0x0000022b37b2fc00,
0x0000022b37b300d0, 0x0000022b38f51670, 0x0000022b38f52e80, 0x0000022b38f53350,
0x0000022b38f53820, 0x0000022b38f53cf0, 0x0000022b38f52010, 0x0000022b38f541c0,
0x0000022b38f524e0, 0x0000022b38f529b0, 0x0000022b38f50cd0, 0x0000022b3ba5baa0,
0x0000022b38f55500, 0x0000022b38f51b40, 0x0000022b38f55ea0, 0x0000022b38f56d10,
0x0000022b38f576b0, 0x0000022b38f571e0, 0x0000022b38f57b80, 0x0000022b38f58050,
0x0000022b38f56840, 0x0000022b38f58520, 0x0000022b38f559d0, 0x0000022b38f56370,
0x0000022b349ea0b0
}

Java Threads: ( => current thread )
  0x0000022b16434890 JavaThread "main" [_thread_blocked, id=18080, stack(0x000000be99700000,0x000000be99800000)]
  0x0000022b330503b0 JavaThread "Reference Handler" daemon [_thread_blocked, id=2452, stack(0x000000be99e00000,0x000000be99f00000)]
  0x0000022b330519e0 JavaThread "Finalizer" daemon [_thread_blocked, id=25472, stack(0x000000be99f00000,0x000000be9a000000)]
  0x0000022b33095290 JavaThread "Signal Dispatcher" daemon [_thread_blocked, id=20852, stack(0x000000be9a000000,0x000000be9a100000)]
  0x0000022b33097f60 JavaThread "Attach Listener" daemon [_thread_blocked, id=27828, stack(0x000000be9a100000,0x000000be9a200000)]
  0x0000022b3309b3a0 JavaThread "Service Thread" daemon [_thread_blocked, id=27152, stack(0x000000be9a200000,0x000000be9a300000)]
  0x0000022b3309c7d0 JavaThread "Monitor Deflation Thread" daemon [_thread_blocked, id=5700, stack(0x000000be9a300000,0x000000be9a400000)]
  0x0000022b3309df30 JavaThread "C2 CompilerThread0" daemon [_thread_blocked, id=19112, stack(0x000000be9a400000,0x000000be9a500000)]
  0x0000022b330a1d30 JavaThread "C1 CompilerThread0" daemon [_thread_blocked, id=28608, stack(0x000000be9a500000,0x000000be9a600000)]
  0x0000022b330ab1b0 JavaThread "Sweeper thread" daemon [_thread_blocked, id=4472, stack(0x000000be9a600000,0x000000be9a700000)]
  0x0000022b33248010 JavaThread "Common-Cleaner" daemon [_thread_blocked, id=26288, stack(0x000000be9a700000,0x000000be9a800000)]
  0x0000022b332484e0 JavaThread "Notification Thread" daemon [_thread_blocked, id=21256, stack(0x000000be9a800000,0x000000be9a900000)]
  0x0000022b343b7fa0 JavaThread "Daemon health stats" [_thread_blocked, id=27112, stack(0x000000be9b000000,0x000000be9b100000)]
  0x0000022b35561900 JavaThread "Incoming local TCP Connector on port 50576" [_thread_in_native, id=28600, stack(0x000000be9b100000,0x000000be9b200000)]
  0x0000022b3560e8a0 JavaThread "Daemon periodic checks" [_thread_blocked, id=21040, stack(0x000000be9b200000,0x000000be9b300000)]
  0x0000022b354102a0 JavaThread "Daemon" [_thread_blocked, id=4352, stack(0x000000be9b300000,0x000000be9b400000)]
  0x0000022b35410770 JavaThread "Handler for socket connection from /127.0.0.1:50576 to /127.0.0.1:50577" [_thread_in_native, id=6064, stack(0x000000be9b400000,0x000000be9b500000)]
  0x0000022b3567b070 JavaThread "Cancel handler" [_thread_blocked, id=18380, stack(0x000000be9b500000,0x000000be9b600000)]
  0x0000022b35421880 JavaThread "Daemon worker" [_thread_blocked, id=5684, stack(0x000000be9b600000,0x000000be9b700000)]
  0x0000022b3543d3a0 JavaThread "Asynchronous log dispatcher for DefaultDaemonConnection: socket connection from /127.0.0.1:50576 to /127.0.0.1:50577" [_thread_blocked, id=21452, stack(0x000000be9b700000,0x000000be9b800000)]
  0x0000022b354403c0 JavaThread "Stdin handler" [_thread_blocked, id=24368, stack(0x000000be9b800000,0x000000be9b900000)]
  0x0000022b3543ebb0 JavaThread "Daemon client event forwarder" [_thread_blocked, id=23152, stack(0x000000be9b900000,0x000000be9ba00000)]
  0x0000022b3543ced0 JavaThread "Cache worker for journal cache (C:\Users\svo\.gradle\caches\journal-1)" [_thread_blocked, id=24000, stack(0x000000be9c000000,0x000000be9c100000)]
  0x0000022b3543dd40 JavaThread "File lock request listener" [_thread_in_native, id=18764, stack(0x000000be9c100000,0x000000be9c200000)]
  0x0000022b3543fa20 JavaThread "Cache worker for file hash cache (C:\Users\svo\.gradle\caches\8.0\fileHashes)" [_thread_blocked, id=16208, stack(0x000000be9c200000,0x000000be9c300000)]
  0x0000022b3543fef0 JavaThread "File watcher server" daemon [_thread_in_native, id=10432, stack(0x000000be9c400000,0x000000be9c500000)]
  0x0000022b3543e6e0 JavaThread "File watcher consumer" daemon [_thread_blocked, id=26908, stack(0x000000be9c500000,0x000000be9c600000)]
  0x0000022b3543f550 JavaThread "Cache worker for checksums cache (C:\BTS\ANDROID\WkRFTG\ApplicationRFTG\.gradle\8.0\checksums)" [_thread_blocked, id=24972, stack(0x000000be9c600000,0x000000be9c700000)]
  0x0000022b3543ca00 JavaThread "Cache worker for cache directory md-rule (C:\Users\svo\.gradle\caches\8.0\md-rule)" [_thread_blocked, id=21976, stack(0x000000be9c700000,0x000000be9c800000)]
  0x0000022b3543d870 JavaThread "Cache worker for file content cache (C:\Users\svo\.gradle\caches\8.0\fileContent)" [_thread_blocked, id=26764, stack(0x000000be9c800000,0x000000be9c900000)]
  0x0000022b3543e210 JavaThread "Cache worker for file hash cache (C:\BTS\ANDROID\WkRFTG\ApplicationRFTG\.gradle\8.0\fileHashes)" [_thread_blocked, id=23520, stack(0x000000be9c300000,0x000000be9c400000)]
  0x0000022b3543f080 JavaThread "Cache worker for cache directory md-supplier (C:\Users\svo\.gradle\caches\8.0\md-supplier)" [_thread_blocked, id=17892, stack(0x000000be9c900000,0x000000be9ca00000)]
  0x0000022b37888760 JavaThread "Cache worker for execution history cache (C:\Users\svo\.gradle\caches\8.0\executionHistory)" [_thread_blocked, id=26012, stack(0x000000be9ca00000,0x000000be9cb00000)]
  0x0000022b37888290 JavaThread "jar transforms" [_thread_blocked, id=3964, stack(0x000000be9aa00000,0x000000be9ab00000)]
  0x0000022b378878f0 JavaThread "jar transforms Thread 2" [_thread_blocked, id=9020, stack(0x000000be9cb00000,0x000000be9cc00000)]
=>0x0000022b345bc450 JavaThread "C2 CompilerThread1" daemon [_thread_in_native, id=28244, stack(0x000000be9cc00000,0x000000be9cd00000)]
  0x0000022b37889100 JavaThread "Cache worker for kotlin-dsl (C:\Users\svo\.gradle\caches\8.0\kotlin-dsl)" [_thread_blocked, id=13196, stack(0x000000be9ce00000,0x000000be9cf00000)]
  0x0000022b37887dc0 JavaThread "jar transforms Thread 3" [_thread_blocked, id=13376, stack(0x000000be9cf00000,0x000000be9d000000)]
  0x0000022b378895d0 JavaThread "jar transforms Thread 4" [_thread_blocked, id=8688, stack(0x000000be9d000000,0x000000be9d100000)]
  0x0000022b37885c10 JavaThread "Cache worker for dependencies-accessors (C:\BTS\ANDROID\WkRFTG\ApplicationRFTG\.gradle\8.0\dependencies-accessors)" [_thread_blocked, id=19192, stack(0x000000be9d100000,0x000000be9d200000)]
  0x0000022b37889aa0 JavaThread "Cache worker for Build Output Cleanup Cache (C:\BTS\ANDROID\WkRFTG\ApplicationRFTG\.gradle\buildOutputCleanup)" [_thread_blocked, id=6284, stack(0x000000be9d200000,0x000000be9d300000)]
  0x0000022b378860e0 JavaThread "jar transforms Thread 5" [_thread_blocked, id=27856, stack(0x000000be9d300000,0x000000be9d400000)]
  0x0000022b37889f70 JavaThread "Unconstrained build operations" [_thread_blocked, id=9000, stack(0x000000be9d400000,0x000000be9d500000)]
  0x0000022b378865b0 JavaThread "Unconstrained build operations Thread 2" [_thread_blocked, id=22244, stack(0x000000be9d500000,0x000000be9d600000)]
  0x0000022b37887420 JavaThread "Unconstrained build operations Thread 3" [_thread_blocked, id=26508, stack(0x000000be9d600000,0x000000be9d700000)]
  0x0000022b3788a440 JavaThread "Unconstrained build operations Thread 4" [_thread_blocked, id=26668, stack(0x000000be9d700000,0x000000be9d800000)]
  0x0000022b3788a910 JavaThread "Unconstrained build operations Thread 5" [_thread_blocked, id=7776, stack(0x000000be9d800000,0x000000be9d900000)]
  0x0000022b37886f50 JavaThread "Unconstrained build operations Thread 6" [_thread_blocked, id=26684, stack(0x000000be9d900000,0x000000be9da00000)]
  0x0000022b3788ade0 JavaThread "Unconstrained build operations Thread 7" [_thread_blocked, id=16612, stack(0x000000be9da00000,0x000000be9db00000)]
  0x0000022b3788b2b0 JavaThread "Unconstrained build operations Thread 8" [_thread_blocked, id=23776, stack(0x000000be9db00000,0x000000be9dc00000)]
  0x0000022b3788cf90 JavaThread "Unconstrained build operations Thread 9" [_thread_blocked, id=25412, stack(0x000000be9dc00000,0x000000be9dd00000)]
  0x0000022b3788b780 JavaThread "Unconstrained build operations Thread 10" [_thread_blocked, id=25080, stack(0x000000be9dd00000,0x000000be9de00000)]
  0x0000022b3788bc50 JavaThread "Unconstrained build operations Thread 11" [_thread_blocked, id=25016, stack(0x000000be9de00000,0x000000be9df00000)]
  0x0000022b3788d460 JavaThread "Unconstrained build operations Thread 12" [_thread_blocked, id=27248, stack(0x000000be9df00000,0x000000be9e000000)]
  0x0000022b3788c120 JavaThread "Unconstrained build operations Thread 13" [_thread_blocked, id=12208, stack(0x000000be9e000000,0x000000be9e100000)]
  0x0000022b3788c5f0 JavaThread "Unconstrained build operations Thread 14" [_thread_blocked, id=16444, stack(0x000000be9e100000,0x000000be9e200000)]
  0x0000022b3788cac0 JavaThread "Unconstrained build operations Thread 15" [_thread_blocked, id=24040, stack(0x000000be9e200000,0x000000be9e300000)]
  0x0000022b394115f0 JavaThread "Unconstrained build operations Thread 16" [_thread_blocked, id=27584, stack(0x000000be9e300000,0x000000be9e400000)]
  0x0000022b39412460 JavaThread "Unconstrained build operations Thread 17" [_thread_blocked, id=25432, stack(0x000000be9e400000,0x000000be9e500000)]
  0x0000022b39411ac0 JavaThread "Unconstrained build operations Thread 18" [_thread_blocked, id=26552, stack(0x000000be9e500000,0x000000be9e600000)]
  0x0000022b394137a0 JavaThread "Unconstrained build operations Thread 19" [_thread_blocked, id=25824, stack(0x000000be9e600000,0x000000be9e700000)]
  0x0000022b39414140 JavaThread "Unconstrained build operations Thread 20" [_thread_blocked, id=22272, stack(0x000000be9e700000,0x000000be9e800000)]
  0x0000022b394132d0 JavaThread "Unconstrained build operations Thread 21" [_thread_blocked, id=24460, stack(0x000000be9e800000,0x000000be9e900000)]
  0x0000022b39412e00 JavaThread "Unconstrained build operations Thread 22" [_thread_blocked, id=28292, stack(0x000000be9e900000,0x000000be9ea00000)]
  0x0000022b39410c50 JavaThread "Unconstrained build operations Thread 23" [_thread_blocked, id=27364, stack(0x000000be9ea00000,0x000000be9eb00000)]
  0x0000022b39414610 JavaThread "Unconstrained build operations Thread 24" [_thread_blocked, id=7772, stack(0x000000be9eb00000,0x000000be9ec00000)]
  0x0000022b39411f90 JavaThread "Unconstrained build operations Thread 25" [_thread_blocked, id=27808, stack(0x000000be9ec00000,0x000000be9ed00000)]
  0x0000022b39414ae0 JavaThread "Unconstrained build operations Thread 26" [_thread_blocked, id=21080, stack(0x000000be9ed00000,0x000000be9ee00000)]
  0x0000022b39413c70 JavaThread "Unconstrained build operations Thread 27" [_thread_blocked, id=19420, stack(0x000000be9ee00000,0x000000be9ef00000)]
  0x0000022b39411120 JavaThread "Unconstrained build operations Thread 28" [_thread_blocked, id=23180, stack(0x000000be9ef00000,0x000000be9f000000)]
  0x0000022b39414fb0 JavaThread "Unconstrained build operations Thread 29" [_thread_blocked, id=7540, stack(0x000000be9f000000,0x000000be9f100000)]
  0x0000022b39412930 JavaThread "Unconstrained build operations Thread 30" [_thread_blocked, id=14680, stack(0x000000be9f100000,0x000000be9f200000)]
  0x0000022b39416c90 JavaThread "Unconstrained build operations Thread 31" [_thread_blocked, id=2392, stack(0x000000be9f200000,0x000000be9f300000)]
  0x0000022b39417fd0 JavaThread "Unconstrained build operations Thread 32" [_thread_blocked, id=21696, stack(0x000000be9f300000,0x000000be9f400000)]
  0x0000022b39417160 JavaThread "Unconstrained build operations Thread 33" [_thread_blocked, id=26040, stack(0x000000be9f400000,0x000000be9f500000)]
  0x0000022b39417b00 JavaThread "Unconstrained build operations Thread 34" [_thread_blocked, id=2336, stack(0x000000be9f500000,0x000000be9f600000)]
  0x0000022b39417630 JavaThread "Unconstrained build operations Thread 35" [_thread_blocked, id=10784, stack(0x000000be9f600000,0x000000be9f700000)]
  0x0000022b39415480 JavaThread "Unconstrained build operations Thread 36" [_thread_blocked, id=5792, stack(0x000000be9f700000,0x000000be9f800000)]
  0x0000022b39415950 JavaThread "Unconstrained build operations Thread 37" [_thread_blocked, id=3428, stack(0x000000be9f800000,0x000000be9f900000)]
  0x0000022b39415e20 JavaThread "Unconstrained build operations Thread 38" [_thread_blocked, id=11300, stack(0x000000be9f900000,0x000000be9fa00000)]
  0x0000022b394162f0 JavaThread "Unconstrained build operations Thread 39" [_thread_blocked, id=15828, stack(0x000000be9fa00000,0x000000be9fb00000)]
  0x0000022b394167c0 JavaThread "Unconstrained build operations Thread 40" [_thread_blocked, id=10528, stack(0x000000be9fb00000,0x000000be9fc00000)]
  0x0000022b394184a0 JavaThread "Unconstrained build operations Thread 41" [_thread_blocked, id=1240, stack(0x000000be9fc00000,0x000000be9fd00000)]
  0x0000022b392ddbb0 JavaThread "Unconstrained build operations Thread 42" [_thread_blocked, id=5944, stack(0x000000be9fd00000,0x000000be9fe00000)]
  0x0000022b392de080 JavaThread "Unconstrained build operations Thread 43" [_thread_blocked, id=27268, stack(0x000000be9fe00000,0x000000be9ff00000)]
  0x0000022b392db530 JavaThread "Unconstrained build operations Thread 44" [_thread_blocked, id=25436, stack(0x000000be9ff00000,0x000000bea0000000)]
  0x0000022b392dd210 JavaThread "Unconstrained build operations Thread 45" [_thread_blocked, id=7588, stack(0x000000bea0000000,0x000000bea0100000)]
  0x0000022b392dd6e0 JavaThread "Unconstrained build operations Thread 46" [_thread_blocked, id=7400, stack(0x000000bea0100000,0x000000bea0200000)]
  0x0000022b392db060 JavaThread "Unconstrained build operations Thread 47" [_thread_blocked, id=11816, stack(0x000000bea0200000,0x000000bea0300000)]
  0x0000022b392dc3a0 JavaThread "Unconstrained build operations Thread 48" [_thread_blocked, id=24376, stack(0x000000bea0300000,0x000000bea0400000)]
  0x0000022b392de550 JavaThread "Unconstrained build operations Thread 49" [_thread_blocked, id=25516, stack(0x000000bea0400000,0x000000bea0500000)]
  0x0000022b392dea20 JavaThread "Unconstrained build operations Thread 50" [_thread_blocked, id=24400, stack(0x000000bea0500000,0x000000bea0600000)]
  0x0000022b392deef0 JavaThread "Unconstrained build operations Thread 51" [_thread_blocked, id=12348, stack(0x000000bea0600000,0x000000bea0700000)]
  0x0000022b392dcd40 JavaThread "Unconstrained build operations Thread 52" [_thread_blocked, id=27556, stack(0x000000bea0700000,0x000000bea0800000)]
  0x0000022b392df3c0 JavaThread "Unconstrained build operations Thread 53" [_thread_blocked, id=11676, stack(0x000000bea0800000,0x000000bea0900000)]
  0x0000022b392dba00 JavaThread "Unconstrained build operations Thread 54" [_thread_blocked, id=9580, stack(0x000000bea0900000,0x000000bea0a00000)]
  0x0000022b392df890 JavaThread "Unconstrained build operations Thread 55" [_thread_blocked, id=10220, stack(0x000000bea0a00000,0x000000bea0b00000)]
  0x0000022b392dbed0 JavaThread "Unconstrained build operations Thread 56" [_thread_blocked, id=18888, stack(0x000000bea0b00000,0x000000bea0c00000)]
  0x0000022b392dfd60 JavaThread "Unconstrained build operations Thread 57" [_thread_blocked, id=18464, stack(0x000000bea0c00000,0x000000bea0d00000)]
  0x0000022b392e0230 JavaThread "Unconstrained build operations Thread 58" [_thread_blocked, id=25844, stack(0x000000bea0d00000,0x000000bea0e00000)]
  0x0000022b392dc870 JavaThread "Unconstrained build operations Thread 59" [_thread_blocked, id=24548, stack(0x000000bea0e00000,0x000000bea0f00000)]
  0x0000022b392e0bd0 JavaThread "Unconstrained build operations Thread 60" [_thread_blocked, id=25884, stack(0x000000bea0f00000,0x000000bea1000000)]
  0x0000022b392e0700 JavaThread "Unconstrained build operations Thread 61" [_thread_blocked, id=9556, stack(0x000000bea1000000,0x000000bea1100000)]
  0x0000022b392e10a0 JavaThread "Unconstrained build operations Thread 62" [_thread_blocked, id=6208, stack(0x000000bea1100000,0x000000bea1200000)]
  0x0000022b392e1570 JavaThread "Unconstrained build operations Thread 63" [_thread_blocked, id=8084, stack(0x000000bea1200000,0x000000bea1300000)]
  0x0000022b392e1a40 JavaThread "Unconstrained build operations Thread 64" [_thread_blocked, id=26016, stack(0x000000bea1300000,0x000000bea1400000)]
  0x0000022b392e1f10 JavaThread "Unconstrained build operations Thread 65" [_thread_blocked, id=17220, stack(0x000000bea1400000,0x000000bea1500000)]
  0x0000022b392e23e0 JavaThread "Unconstrained build operations Thread 66" [_thread_blocked, id=27832, stack(0x000000bea1500000,0x000000bea1600000)]
  0x0000022b392e28b0 JavaThread "Unconstrained build operations Thread 67" [_thread_blocked, id=18784, stack(0x000000bea1600000,0x000000bea1700000)]
  0x0000022b392625c0 JavaThread "Unconstrained build operations Thread 68" [_thread_blocked, id=26696, stack(0x000000bea1700000,0x000000bea1800000)]
  0x0000022b39262a90 JavaThread "Unconstrained build operations Thread 69" [_thread_blocked, id=19400, stack(0x000000bea1800000,0x000000bea1900000)]
  0x0000022b392620f0 JavaThread "Unconstrained build operations Thread 70" [_thread_blocked, id=21260, stack(0x000000bea1900000,0x000000bea1a00000)]
  0x0000022b39263dd0 JavaThread "Unconstrained build operations Thread 71" [_thread_blocked, id=17928, stack(0x000000bea1a00000,0x000000bea1b00000)]
  0x0000022b392655e0 JavaThread "Unconstrained build operations Thread 72" [_thread_blocked, id=22516, stack(0x000000bea1b00000,0x000000bea1c00000)]
  0x0000022b39264770 JavaThread "Unconstrained build operations Thread 73" [_thread_blocked, id=28288, stack(0x000000bea1c00000,0x000000bea1d00000)]
  0x0000022b39262f60 JavaThread "Unconstrained build operations Thread 74" [_thread_blocked, id=6480, stack(0x000000bea1d00000,0x000000bea1e00000)]
  0x0000022b392642a0 JavaThread "Unconstrained build operations Thread 75" [_thread_blocked, id=15832, stack(0x000000bea1e00000,0x000000bea1f00000)]
  0x0000022b39263430 JavaThread "Unconstrained build operations Thread 76" [_thread_blocked, id=27076, stack(0x000000bea1f00000,0x000000bea2000000)]
  0x0000022b39261c20 JavaThread "Unconstrained build operations Thread 77" [_thread_blocked, id=25916, stack(0x000000bea2000000,0x000000bea2100000)]
  0x0000022b39266df0 JavaThread "Unconstrained build operations Thread 78" [_thread_blocked, id=21952, stack(0x000000bea2100000,0x000000bea2200000)]
  0x0000022b392672c0 JavaThread "Unconstrained build operations Thread 79" [_thread_blocked, id=10048, stack(0x000000bea2200000,0x000000bea2300000)]
  0x0000022b39266450 JavaThread "Unconstrained build operations Thread 80" [_thread_blocked, id=22068, stack(0x000000bea2300000,0x000000bea2400000)]
  0x0000022b39264c40 JavaThread "Unconstrained build operations Thread 81" [_thread_blocked, id=13232, stack(0x000000bea2400000,0x000000bea2500000)]
  0x0000022b39265ab0 JavaThread "Unconstrained build operations Thread 82" [_thread_blocked, id=5360, stack(0x000000bea2500000,0x000000bea2600000)]
  0x0000022b39265f80 JavaThread "Unconstrained build operations Thread 83" [_thread_blocked, id=4696, stack(0x000000bea2600000,0x000000bea2700000)]
  0x0000022b39265110 JavaThread "Unconstrained build operations Thread 84" [_thread_blocked, id=13964, stack(0x000000bea2700000,0x000000bea2800000)]
  0x0000022b39266920 JavaThread "Unconstrained build operations Thread 85" [_thread_blocked, id=13996, stack(0x000000bea2800000,0x000000bea2900000)]
  0x0000022b39263900 JavaThread "Unconstrained build operations Thread 86" [_thread_blocked, id=26212, stack(0x000000bea2900000,0x000000bea2a00000)]
  0x0000022b39268ad0 JavaThread "Unconstrained build operations Thread 87" [_thread_blocked, id=2932, stack(0x000000bea2a00000,0x000000bea2b00000)]
  0x0000022b39269470 JavaThread "Unconstrained build operations Thread 88" [_thread_blocked, id=11604, stack(0x000000bea2b00000,0x000000bea2c00000)]
  0x0000022b39267790 JavaThread "Unconstrained build operations Thread 89" [_thread_blocked, id=27784, stack(0x000000bea2c00000,0x000000bea2d00000)]
  0x0000022b39267c60 JavaThread "Unconstrained build operations Thread 90" [_thread_blocked, id=25796, stack(0x000000bea2d00000,0x000000bea2e00000)]
  0x0000022b39268130 JavaThread "Unconstrained build operations Thread 91" [_thread_blocked, id=10800, stack(0x000000bea2e00000,0x000000bea2f00000)]
  0x0000022b39268600 JavaThread "Unconstrained build operations Thread 92" [_thread_blocked, id=18636, stack(0x000000bea2f00000,0x000000bea3000000)]
  0x0000022b39268fa0 JavaThread "Unconstrained build operations Thread 93" [_thread_blocked, id=17068, stack(0x000000bea3000000,0x000000bea3100000)]
  0x0000022b37b2af00 JavaThread "Unconstrained build operations Thread 94" [_thread_blocked, id=7452, stack(0x000000bea3100000,0x000000bea3200000)]
  0x0000022b37b2a560 JavaThread "Unconstrained build operations Thread 95" [_thread_blocked, id=23876, stack(0x000000bea3200000,0x000000bea3300000)]
  0x0000022b37b2c240 JavaThread "Unconstrained build operations Thread 96" [_thread_blocked, id=23680, stack(0x000000bea3300000,0x000000bea3400000)]
  0x0000022b37b2b8a0 JavaThread "Unconstrained build operations Thread 97" [_thread_blocked, id=23832, stack(0x000000bea3400000,0x000000bea3500000)]
  0x0000022b37b2cbe0 JavaThread "Unconstrained build operations Thread 98" [_thread_blocked, id=27616, stack(0x000000bea3500000,0x000000bea3600000)]
  0x0000022b37b29bc0 JavaThread "Unconstrained build operations Thread 99" [_thread_blocked, id=26292, stack(0x000000bea3600000,0x000000bea3700000)]
  0x0000022b37b2bd70 JavaThread "Unconstrained build operations Thread 100" [_thread_blocked, id=24088, stack(0x000000bea3700000,0x000000bea3800000)]
  0x0000022b37b2d0b0 JavaThread "Unconstrained build operations Thread 101" [_thread_blocked, id=24260, stack(0x000000bea3800000,0x000000bea3900000)]
  0x0000022b37b2c710 JavaThread "Unconstrained build operations Thread 102" [_thread_blocked, id=18068, stack(0x000000bea3900000,0x000000bea3a00000)]
  0x0000022b37b2d580 JavaThread "Unconstrained build operations Thread 103" [_thread_blocked, id=26336, stack(0x000000bea3a00000,0x000000bea3b00000)]
  0x0000022b37b2a090 JavaThread "Unconstrained build operations Thread 104" [_thread_blocked, id=7824, stack(0x000000bea3b00000,0x000000bea3c00000)]
  0x0000022b37b2b3d0 JavaThread "Unconstrained build operations Thread 105" [_thread_blocked, id=13924, stack(0x000000bea3c00000,0x000000bea3d00000)]
  0x0000022b37b2df20 JavaThread "Unconstrained build operations Thread 106" [_thread_blocked, id=28144, stack(0x000000bea3d00000,0x000000bea3e00000)]
  0x0000022b37b2aa30 JavaThread "Unconstrained build operations Thread 107" [_thread_blocked, id=19872, stack(0x000000bea3e00000,0x000000bea3f00000)]
  0x0000022b37b2f260 JavaThread "Unconstrained build operations Thread 108" [_thread_blocked, id=9892, stack(0x000000bea3f00000,0x000000bea4000000)]
  0x0000022b37b30a70 JavaThread "Unconstrained build operations Thread 109" [_thread_blocked, id=11240, stack(0x000000bea4000000,0x000000bea4100000)]
  0x0000022b37b2e3f0 JavaThread "Unconstrained build operations Thread 110" [_thread_blocked, id=16408, stack(0x000000bea4100000,0x000000bea4200000)]
  0x0000022b37b305a0 JavaThread "Unconstrained build operations Thread 111" [_thread_blocked, id=23812, stack(0x000000bea4200000,0x000000bea4300000)]
  0x0000022b37b30f40 JavaThread "Unconstrained build operations Thread 112" [_thread_blocked, id=25276, stack(0x000000bea4300000,0x000000bea4400000)]
  0x0000022b37b31410 JavaThread "Unconstrained build operations Thread 113" [_thread_blocked, id=25776, stack(0x000000bea4400000,0x000000bea4500000)]
  0x0000022b37b2f730 JavaThread "Unconstrained build operations Thread 114" [_thread_blocked, id=25388, stack(0x000000bea4500000,0x000000bea4600000)]
  0x0000022b37b2da50 JavaThread "Unconstrained build operations Thread 115" [_thread_blocked, id=27032, stack(0x000000bea4600000,0x000000bea4700000)]
  0x0000022b37b2e8c0 JavaThread "Unconstrained build operations Thread 116" [_thread_blocked, id=23068, stack(0x000000bea4700000,0x000000bea4800000)]
  0x0000022b37b2ed90 JavaThread "Unconstrained build operations Thread 117" [_thread_blocked, id=22132, stack(0x000000bea4800000,0x000000bea4900000)]
  0x0000022b37b2fc00 JavaThread "Unconstrained build operations Thread 118" [_thread_blocked, id=24808, stack(0x000000bea4900000,0x000000bea4a00000)]
  0x0000022b37b300d0 JavaThread "Unconstrained build operations Thread 119" [_thread_blocked, id=11464, stack(0x000000bea4a00000,0x000000bea4b00000)]
  0x0000022b38f51670 JavaThread "Unconstrained build operations Thread 120" [_thread_blocked, id=19048, stack(0x000000bea4b00000,0x000000bea4c00000)]
  0x0000022b38f52e80 JavaThread "jar transforms Thread 6" [_thread_blocked, id=24564, stack(0x000000bea4c00000,0x000000bea4d00000)]
  0x0000022b38f53350 JavaThread "jar transforms Thread 7" [_thread_blocked, id=22752, stack(0x000000bea4d00000,0x000000bea4e00000)]
  0x0000022b38f53820 JavaThread "jar transforms Thread 8" [_thread_blocked, id=22772, stack(0x000000bea4e00000,0x000000bea4f00000)]
  0x0000022b38f53cf0 JavaThread "jar transforms Thread 9" [_thread_blocked, id=26272, stack(0x000000bea4f00000,0x000000bea5000000)]
  0x0000022b38f52010 JavaThread "jar transforms Thread 10" [_thread_blocked, id=9952, stack(0x000000bea5000000,0x000000bea5100000)]
  0x0000022b38f541c0 JavaThread "jar transforms Thread 11" [_thread_blocked, id=23712, stack(0x000000bea5100000,0x000000bea5200000)]
  0x0000022b38f524e0 JavaThread "jar transforms Thread 12" [_thread_blocked, id=20264, stack(0x000000bea5200000,0x000000bea5300000)]
  0x0000022b38f529b0 JavaThread "build event listener" [_thread_blocked, id=9772, stack(0x000000be9cd00000,0x000000be9ce00000)]
  0x0000022b38f50cd0 JavaThread "Memory manager" [_thread_blocked, id=27060, stack(0x000000bea5400000,0x000000bea5500000)]
  0x0000022b3ba5baa0 JavaThread "C2 CompilerThread2" daemon [_thread_in_native, id=9344, stack(0x000000bea5300000,0x000000bea5400000)]
  0x0000022b38f55500 JavaThread "included builds" [_thread_blocked, id=25560, stack(0x000000bea5500000,0x000000bea5600000)]
  0x0000022b38f51b40 JavaThread "Execution worker" [_thread_blocked, id=3628, stack(0x000000bea5600000,0x000000bea5700000)]
  0x0000022b38f55ea0 JavaThread "Execution worker Thread 2" [_thread_blocked, id=26160, stack(0x000000bea5700000,0x000000bea5800000)]
  0x0000022b38f56d10 JavaThread "Execution worker Thread 3" [_thread_blocked, id=22768, stack(0x000000bea5800000,0x000000bea5900000)]
  0x0000022b38f576b0 JavaThread "Execution worker Thread 4" [_thread_in_native, id=10088, stack(0x000000bea5900000,0x000000bea5a00000)]
  0x0000022b38f571e0 JavaThread "Execution worker Thread 5" [_thread_blocked, id=23880, stack(0x000000bea5a00000,0x000000bea5b00000)]
  0x0000022b38f57b80 JavaThread "Execution worker Thread 6" [_thread_blocked, id=25232, stack(0x000000bea5b00000,0x000000bea5c00000)]
  0x0000022b38f58050 JavaThread "Execution worker Thread 7" [_thread_blocked, id=26808, stack(0x000000bea5c00000,0x000000bea5d00000)]
  0x0000022b38f56840 JavaThread "Execution worker Thread 8" [_thread_blocked, id=27592, stack(0x000000bea5d00000,0x000000bea5e00000)]
  0x0000022b38f58520 JavaThread "Execution worker Thread 9" [_thread_blocked, id=1924, stack(0x000000bea5e00000,0x000000bea5f00000)]
  0x0000022b38f559d0 JavaThread "Execution worker Thread 10" [_thread_blocked, id=15912, stack(0x000000bea5f00000,0x000000bea6000000)]
  0x0000022b38f56370 JavaThread "Execution worker Thread 11" [_thread_blocked, id=18092, stack(0x000000bea6000000,0x000000bea6100000)]
  0x0000022b349ea0b0 JavaThread "Cache worker for execution history cache (C:\BTS\ANDROID\WkRFTG\ApplicationRFTG\.gradle\8.0\executionHistory)" [_thread_blocked, id=5164, stack(0x000000bea6100000,0x000000bea6200000)]

Other Threads:
  0x0000022b326a1fd0 VMThread "VM Thread" [stack: 0x000000be99d00000,0x000000be99e00000] [id=21808]
  0x0000022b164b2220 WatcherThread [stack: 0x000000be9a900000,0x000000be9aa00000] [id=7404]
  0x0000022b16493850 GCTaskThread "GC Thread#0" [stack: 0x000000be99800000,0x000000be99900000] [id=26776]
  0x0000022b33e61960 GCTaskThread "GC Thread#1" [stack: 0x000000be9ab00000,0x000000be9ac00000] [id=20036]
  0x0000022b33e61c10 GCTaskThread "GC Thread#2" [stack: 0x000000be9ac00000,0x000000be9ad00000] [id=27728]
  0x0000022b341ed000 GCTaskThread "GC Thread#3" [stack: 0x000000be9ad00000,0x000000be9ae00000] [id=6944]
  0x0000022b341eda50 GCTaskThread "GC Thread#4" [stack: 0x000000be9ae00000,0x000000be9af00000] [id=5480]
  0x0000022b34092780 GCTaskThread "GC Thread#5" [stack: 0x000000be9af00000,0x000000be9b000000] [id=18104]
  0x0000022b35475920 GCTaskThread "GC Thread#6" [stack: 0x000000be9ba00000,0x000000be9bb00000] [id=27148]
  0x0000022b354f7520 GCTaskThread "GC Thread#7" [stack: 0x000000be9bb00000,0x000000be9bc00000] [id=12380]
  0x0000022b354f77d0 GCTaskThread "GC Thread#8" [stack: 0x000000be9bc00000,0x000000be9bd00000] [id=2532]
  0x0000022b354f7a80 GCTaskThread "GC Thread#9" [stack: 0x000000be9bd00000,0x000000be9be00000] [id=26488]
  0x0000022b164a46a0 ConcurrentGCThread "G1 Main Marker" [stack: 0x000000be99900000,0x000000be99a00000] [id=25564]
  0x0000022b164a5c90 ConcurrentGCThread "G1 Conc#0" [stack: 0x000000be99a00000,0x000000be99b00000] [id=25280]
  0x0000022b3576f420 ConcurrentGCThread "G1 Conc#1" [stack: 0x000000be9be00000,0x000000be9bf00000] [id=4400]
  0x0000022b357751a0 ConcurrentGCThread "G1 Conc#2" [stack: 0x000000be9bf00000,0x000000be9c000000] [id=26252]
  0x0000022b164eebe0 ConcurrentGCThread "G1 Refine#0" [stack: 0x000000be99b00000,0x000000be99c00000] [id=12988]
  0x0000022b32550de0 ConcurrentGCThread "G1 Service" [stack: 0x000000be99c00000,0x000000be99d00000] [id=10448]

Threads with active compile tasks:
C1 CompilerThread0    10923 8891       3       java.lang.ClassLoader::checkCerts (121 bytes)
C2 CompilerThread1    10923 8787       4       java.beans.Introspector::addMethod (196 bytes)
C2 CompilerThread2    10923 8804   !   4       com.sun.beans.TypeResolver::resolve (261 bytes)

VM state: not at safepoint (normal execution)

VM Mutex/Monitor currently owned by a thread: None

Heap address: 0x0000000080000000, size: 2048 MB, Compressed Oops mode: 32-bit

CDS archive(s) not mapped
Compressed class space mapped at: 0x0000000100000000-0x0000000140000000, reserved size: 1073741824
Narrow klass base: 0x0000000000000000, Narrow klass shift: 3, Narrow klass range: 0x140000000

GC Precious Log:
 CPUs: 12 total, 12 available
 Memory: 16016M
 Large Page Support: Disabled
 NUMA Support: Disabled
 Compressed Oops: Enabled (32-bit)
 Heap Region Size: 1M
 Heap Min Capacity: 8M
 Heap Initial Capacity: 252M
 Heap Max Capacity: 2G
 Pre-touch: Disabled
 Parallel Workers: 10
 Concurrent Workers: 3
 Concurrent Refinement Workers: 10
 Periodic GC: Disabled

Heap:
 garbage-first heap   total 146432K, used 78995K [0x0000000080000000, 0x0000000100000000)
  region size 1024K, 14 young (14336K), 5 survivors (5120K)
 Metaspace       used 88252K, committed 88896K, reserved 1130496K
  class space    used 12096K, committed 12416K, reserved 1048576K

Heap Regions: E=young(eden), S=young(survivor), O=old, HS=humongous(starts), HC=humongous(continues), CS=collection set, F=free, OA=open archive, CA=closed archive, TAMS=top-at-mark-start (previous, next)
|   0|0x0000000080000000, 0x0000000080100000, 0x0000000080100000|100%|HS|  |TAMS 0x0000000080100000, 0x0000000080000000| Complete 
|   1|0x0000000080100000, 0x0000000080200000, 0x0000000080200000|100%|HC|  |TAMS 0x0000000080200000, 0x0000000080100000| Complete 
|   2|0x0000000080200000, 0x0000000080300000, 0x0000000080300000|100%|HC|  |TAMS 0x0000000080300000, 0x0000000080200000| Complete 
|   3|0x0000000080300000, 0x0000000080400000, 0x0000000080400000|100%|HC|  |TAMS 0x0000000080400000, 0x0000000080300000| Complete 
|   4|0x0000000080400000, 0x0000000080500000, 0x0000000080500000|100%| O|  |TAMS 0x0000000080500000, 0x0000000080400000| Untracked 
|   5|0x0000000080500000, 0x0000000080600000, 0x0000000080600000|100%| O|  |TAMS 0x0000000080600000, 0x0000000080500000| Untracked 
|   6|0x0000000080600000, 0x0000000080700000, 0x0000000080700000|100%| O|  |TAMS 0x0000000080700000, 0x0000000080600000| Untracked 
|   7|0x0000000080700000, 0x0000000080800000, 0x0000000080800000|100%| O|  |TAMS 0x0000000080800000, 0x0000000080700000| Untracked 
|   8|0x0000000080800000, 0x0000000080900000, 0x0000000080900000|100%| O|  |TAMS 0x0000000080900000, 0x0000000080800000| Untracked 
|   9|0x0000000080900000, 0x0000000080a00000, 0x0000000080a00000|100%| O|  |TAMS 0x0000000080a00000, 0x0000000080900000| Untracked 
|  10|0x0000000080a00000, 0x0000000080b00000, 0x0000000080b00000|100%| O|  |TAMS 0x0000000080b00000, 0x0000000080a00000| Untracked 
|  11|0x0000000080b00000, 0x0000000080b40200, 0x0000000080c00000| 25%| O|  |TAMS 0x0000000080b40200, 0x0000000080b00000| Untracked 
|  12|0x0000000080c00000, 0x0000000080d00000, 0x0000000080d00000|100%| O|  |TAMS 0x0000000080d00000, 0x0000000080c00000| Untracked 
|  13|0x0000000080d00000, 0x0000000080e00000, 0x0000000080e00000|100%| O|  |TAMS 0x0000000080e00000, 0x0000000080d00000| Untracked 
|  14|0x0000000080e00000, 0x0000000080f00000, 0x0000000080f00000|100%| O|  |TAMS 0x0000000080f00000, 0x0000000080e00000| Untracked 
|  15|0x0000000080f00000, 0x0000000081000000, 0x0000000081000000|100%| O|  |TAMS 0x0000000081000000, 0x0000000080f00000| Untracked 
|  16|0x0000000081000000, 0x0000000081100000, 0x0000000081100000|100%| O|  |TAMS 0x0000000081100000, 0x0000000081000000| Untracked 
|  17|0x0000000081100000, 0x0000000081200000, 0x0000000081200000|100%| O|  |TAMS 0x0000000081200000, 0x0000000081100000| Untracked 
|  18|0x0000000081200000, 0x0000000081300000, 0x0000000081300000|100%| O|  |TAMS 0x0000000081300000, 0x0000000081200000| Untracked 
|  19|0x0000000081300000, 0x0000000081400000, 0x0000000081400000|100%| O|  |TAMS 0x0000000081400000, 0x0000000081300000| Untracked 
|  20|0x0000000081400000, 0x0000000081500000, 0x0000000081500000|100%| O|  |TAMS 0x0000000081500000, 0x0000000081400000| Untracked 
|  21|0x0000000081500000, 0x0000000081600000, 0x0000000081600000|100%| O|  |TAMS 0x0000000081600000, 0x0000000081500000| Untracked 
|  22|0x0000000081600000, 0x0000000081700000, 0x0000000081700000|100%| O|  |TAMS 0x0000000081700000, 0x0000000081600000| Untracked 
|  23|0x0000000081700000, 0x0000000081800000, 0x0000000081800000|100%| O|  |TAMS 0x0000000081800000, 0x0000000081700000| Untracked 
|  24|0x0000000081800000, 0x0000000081900000, 0x0000000081900000|100%| O|  |TAMS 0x0000000081900000, 0x0000000081800000| Untracked 
|  25|0x0000000081900000, 0x0000000081a00000, 0x0000000081a00000|100%| O|  |TAMS 0x0000000081a00000, 0x0000000081900000| Untracked 
|  26|0x0000000081a00000, 0x0000000081b00000, 0x0000000081b00000|100%| O|  |TAMS 0x0000000081b00000, 0x0000000081a00000| Untracked 
|  27|0x0000000081b00000, 0x0000000081c00000, 0x0000000081c00000|100%| O|  |TAMS 0x0000000081c00000, 0x0000000081b00000| Untracked 
|  28|0x0000000081c00000, 0x0000000081d00000, 0x0000000081d00000|100%| O|  |TAMS 0x0000000081d00000, 0x0000000081c00000| Untracked 
|  29|0x0000000081d00000, 0x0000000081e00000, 0x0000000081e00000|100%| O|  |TAMS 0x0000000081e00000, 0x0000000081d00000| Untracked 
|  30|0x0000000081e00000, 0x0000000081f00000, 0x0000000081f00000|100%| O|  |TAMS 0x0000000081f00000, 0x0000000081e00000| Untracked 
|  31|0x0000000081f00000, 0x0000000082000000, 0x0000000082000000|100%|HS|  |TAMS 0x0000000082000000, 0x0000000081f00000| Complete 
|  32|0x0000000082000000, 0x0000000082100000, 0x0000000082100000|100%|HS|  |TAMS 0x0000000082100000, 0x0000000082000000| Complete 
|  33|0x0000000082100000, 0x0000000082200000, 0x0000000082200000|100%|HS|  |TAMS 0x0000000082200000, 0x0000000082100000| Complete 
|  34|0x0000000082200000, 0x0000000082300000, 0x0000000082300000|100%| O|  |TAMS 0x0000000082300000, 0x0000000082200000| Untracked 
|  35|0x0000000082300000, 0x0000000082400000, 0x0000000082400000|100%| O|  |TAMS 0x0000000082400000, 0x0000000082300000| Untracked 
|  36|0x0000000082400000, 0x0000000082500000, 0x0000000082500000|100%| O|  |TAMS 0x0000000082500000, 0x0000000082400000| Untracked 
|  37|0x0000000082500000, 0x0000000082600000, 0x0000000082600000|100%| O|  |TAMS 0x0000000082600000, 0x0000000082500000| Untracked 
|  38|0x0000000082600000, 0x0000000082700000, 0x0000000082700000|100%| O|  |TAMS 0x0000000082700000, 0x0000000082600000| Untracked 
|  39|0x0000000082700000, 0x0000000082800000, 0x0000000082800000|100%| O|  |TAMS 0x0000000082800000, 0x0000000082700000| Untracked 
|  40|0x0000000082800000, 0x0000000082900000, 0x0000000082900000|100%| O|  |TAMS 0x0000000082900000, 0x0000000082800000| Untracked 
|  41|0x0000000082900000, 0x0000000082a00000, 0x0000000082a00000|100%| O|  |TAMS 0x0000000082a00000, 0x0000000082900000| Untracked 
|  42|0x0000000082a00000, 0x0000000082b00000, 0x0000000082b00000|100%| O|  |TAMS 0x0000000082b00000, 0x0000000082a00000| Untracked 
|  43|0x0000000082b00000, 0x0000000082c00000, 0x0000000082c00000|100%| O|  |TAMS 0x0000000082c00000, 0x0000000082b00000| Untracked 
|  44|0x0000000082c00000, 0x0000000082d00000, 0x0000000082d00000|100%| O|  |TAMS 0x0000000082d00000, 0x0000000082c00000| Untracked 
|  45|0x0000000082d00000, 0x0000000082e00000, 0x0000000082e00000|100%| O|  |TAMS 0x0000000082e00000, 0x0000000082d00000| Untracked 
|  46|0x0000000082e00000, 0x0000000082f00000, 0x0000000082f00000|100%| O|  |TAMS 0x0000000082f00000, 0x0000000082e00000| Untracked 
|  47|0x0000000082f00000, 0x0000000083000000, 0x0000000083000000|100%| O|  |TAMS 0x0000000083000000, 0x0000000082f00000| Untracked 
|  48|0x0000000083000000, 0x0000000083100000, 0x0000000083100000|100%| O|  |TAMS 0x0000000083100000, 0x0000000083000000| Untracked 
|  49|0x0000000083100000, 0x0000000083200000, 0x0000000083200000|100%| O|  |TAMS 0x0000000083200000, 0x0000000083100000| Untracked 
|  50|0x0000000083200000, 0x0000000083300000, 0x0000000083300000|100%| O|  |TAMS 0x0000000083300000, 0x0000000083200000| Untracked 
|  51|0x0000000083300000, 0x0000000083400000, 0x0000000083400000|100%| O|  |TAMS 0x0000000083400000, 0x0000000083300000| Untracked 
|  52|0x0000000083400000, 0x0000000083500000, 0x0000000083500000|100%| O|  |TAMS 0x0000000083500000, 0x0000000083400000| Untracked 
|  53|0x0000000083500000, 0x0000000083600000, 0x0000000083600000|100%| O|  |TAMS 0x0000000083600000, 0x0000000083500000| Untracked 
|  54|0x0000000083600000, 0x0000000083700000, 0x0000000083700000|100%| O|  |TAMS 0x0000000083700000, 0x0000000083600000| Untracked 
|  55|0x0000000083700000, 0x0000000083800000, 0x0000000083800000|100%| O|  |TAMS 0x0000000083800000, 0x0000000083700000| Untracked 
|  56|0x0000000083800000, 0x0000000083900000, 0x0000000083900000|100%| O|  |TAMS 0x0000000083900000, 0x0000000083800000| Untracked 
|  57|0x0000000083900000, 0x0000000083a00000, 0x0000000083a00000|100%| O|  |TAMS 0x0000000083a00000, 0x0000000083900000| Untracked 
|  58|0x0000000083a00000, 0x0000000083b00000, 0x0000000083b00000|100%| O|  |TAMS 0x0000000083b00000, 0x0000000083a00000| Untracked 
|  59|0x0000000083b00000, 0x0000000083c00000, 0x0000000083c00000|100%| O|  |TAMS 0x0000000083b45600, 0x0000000083b00000| Untracked 
|  60|0x0000000083c00000, 0x0000000083d00000, 0x0000000083d00000|100%| O|  |TAMS 0x0000000083c00000, 0x0000000083c00000| Untracked 
|  61|0x0000000083d00000, 0x0000000083e00000, 0x0000000083e00000|100%| O|  |TAMS 0x0000000083d00000, 0x0000000083d00000| Untracked 
|  62|0x0000000083e00000, 0x0000000083f00000, 0x0000000083f00000|100%| O|  |TAMS 0x0000000083e00000, 0x0000000083e00000| Untracked 
|  63|0x0000000083f00000, 0x0000000084000000, 0x0000000084000000|100%| O|  |TAMS 0x0000000083f00000, 0x0000000083f00000| Untracked 
|  64|0x0000000084000000, 0x00000000840e4c00, 0x0000000084100000| 89%| O|  |TAMS 0x0000000084000000, 0x0000000084000000| Untracked 
|  65|0x0000000084100000, 0x0000000084100000, 0x0000000084200000|  0%| F|  |TAMS 0x0000000084100000, 0x0000000084100000| Untracked 
|  66|0x0000000084200000, 0x0000000084200000, 0x0000000084300000|  0%| F|  |TAMS 0x0000000084200000, 0x0000000084200000| Untracked 
|  67|0x0000000084300000, 0x0000000084300000, 0x0000000084400000|  0%| F|  |TAMS 0x0000000084300000, 0x0000000084300000| Untracked 
|  68|0x0000000084400000, 0x0000000084400000, 0x0000000084500000|  0%| F|  |TAMS 0x0000000084400000, 0x0000000084400000| Untracked 
|  69|0x0000000084500000, 0x0000000084500000, 0x0000000084600000|  0%| F|  |TAMS 0x0000000084500000, 0x0000000084500000| Untracked 
|  70|0x0000000084600000, 0x0000000084600000, 0x0000000084700000|  0%| F|  |TAMS 0x0000000084600000, 0x0000000084600000| Untracked 
|  71|0x0000000084700000, 0x0000000084700000, 0x0000000084800000|  0%| F|  |TAMS 0x0000000084700000, 0x0000000084700000| Untracked 
|  72|0x0000000084800000, 0x0000000084800000, 0x0000000084900000|  0%| F|  |TAMS 0x0000000084800000, 0x0000000084800000| Untracked 
|  73|0x0000000084900000, 0x0000000084900000, 0x0000000084a00000|  0%| F|  |TAMS 0x0000000084900000, 0x0000000084900000| Untracked 
|  74|0x0000000084a00000, 0x0000000084a00000, 0x0000000084b00000|  0%| F|  |TAMS 0x0000000084a00000, 0x0000000084a00000| Untracked 
|  75|0x0000000084b00000, 0x0000000084b00000, 0x0000000084c00000|  0%| F|  |TAMS 0x0000000084b00000, 0x0000000084b00000| Untracked 
|  76|0x0000000084c00000, 0x0000000084c00000, 0x0000000084d00000|  0%| F|  |TAMS 0x0000000084c00000, 0x0000000084c00000| Untracked 
|  77|0x0000000084d00000, 0x0000000084d00000, 0x0000000084e00000|  0%| F|  |TAMS 0x0000000084d00000, 0x0000000084d00000| Untracked 
|  78|0x0000000084e00000, 0x0000000084e00000, 0x0000000084f00000|  0%| F|  |TAMS 0x0000000084e00000, 0x0000000084e00000| Untracked 
|  79|0x0000000084f00000, 0x0000000084f00000, 0x0000000085000000|  0%| F|  |TAMS 0x0000000084f00000, 0x0000000084f00000| Untracked 
|  80|0x0000000085000000, 0x0000000085000000, 0x0000000085100000|  0%| F|  |TAMS 0x0000000085000000, 0x0000000085000000| Untracked 
|  81|0x0000000085100000, 0x0000000085100000, 0x0000000085200000|  0%| F|  |TAMS 0x0000000085100000, 0x0000000085100000| Untracked 
|  82|0x0000000085200000, 0x0000000085300000, 0x0000000085300000|100%| S|CS|TAMS 0x0000000085200000, 0x0000000085200000| Complete 
|  83|0x0000000085300000, 0x0000000085400000, 0x0000000085400000|100%| S|CS|TAMS 0x0000000085300000, 0x0000000085300000| Complete 
|  84|0x0000000085400000, 0x0000000085500000, 0x0000000085500000|100%| S|CS|TAMS 0x0000000085400000, 0x0000000085400000| Complete 
|  85|0x0000000085500000, 0x0000000085600000, 0x0000000085600000|100%| S|CS|TAMS 0x0000000085500000, 0x0000000085500000| Complete 
|  86|0x0000000085600000, 0x0000000085700000, 0x0000000085700000|100%| S|CS|TAMS 0x0000000085600000, 0x0000000085600000| Complete 
|  87|0x0000000085700000, 0x0000000085700000, 0x0000000085800000|  0%| F|  |TAMS 0x0000000085700000, 0x0000000085700000| Untracked 
|  88|0x0000000085800000, 0x0000000085800000, 0x0000000085900000|  0%| F|  |TAMS 0x0000000085800000, 0x0000000085800000| Untracked 
|  89|0x0000000085900000, 0x0000000085900000, 0x0000000085a00000|  0%| F|  |TAMS 0x0000000085900000, 0x0000000085900000| Untracked 
|  90|0x0000000085a00000, 0x0000000085a00000, 0x0000000085b00000|  0%| F|  |TAMS 0x0000000085a00000, 0x0000000085a00000| Untracked 
|  91|0x0000000085b00000, 0x0000000085b00000, 0x0000000085c00000|  0%| F|  |TAMS 0x0000000085b00000, 0x0000000085b00000| Untracked 
|  92|0x0000000085c00000, 0x0000000085c00000, 0x0000000085d00000|  0%| F|  |TAMS 0x0000000085c00000, 0x0000000085c00000| Untracked 
|  93|0x0000000085d00000, 0x0000000085d00000, 0x0000000085e00000|  0%| F|  |TAMS 0x0000000085d00000, 0x0000000085d00000| Untracked 
|  94|0x0000000085e00000, 0x0000000085e00000, 0x0000000085f00000|  0%| F|  |TAMS 0x0000000085e00000, 0x0000000085e00000| Untracked 
|  95|0x0000000085f00000, 0x0000000085f00000, 0x0000000086000000|  0%| F|  |TAMS 0x0000000085f00000, 0x0000000085f00000| Untracked 
|  96|0x0000000086000000, 0x0000000086000000, 0x0000000086100000|  0%| F|  |TAMS 0x0000000086000000, 0x0000000086000000| Untracked 
|  97|0x0000000086100000, 0x0000000086100000, 0x0000000086200000|  0%| F|  |TAMS 0x0000000086100000, 0x0000000086100000| Untracked 
|  98|0x0000000086200000, 0x0000000086200000, 0x0000000086300000|  0%| F|  |TAMS 0x0000000086200000, 0x0000000086200000| Untracked 
|  99|0x0000000086300000, 0x0000000086300000, 0x0000000086400000|  0%| F|  |TAMS 0x0000000086300000, 0x0000000086300000| Untracked 
| 100|0x0000000086400000, 0x0000000086400000, 0x0000000086500000|  0%| F|  |TAMS 0x0000000086400000, 0x0000000086400000| Untracked 
| 101|0x0000000086500000, 0x0000000086500000, 0x0000000086600000|  0%| F|  |TAMS 0x0000000086500000, 0x0000000086500000| Untracked 
| 102|0x0000000086600000, 0x0000000086600000, 0x0000000086700000|  0%| F|  |TAMS 0x0000000086600000, 0x0000000086600000| Untracked 
| 103|0x0000000086700000, 0x0000000086700000, 0x0000000086800000|  0%| F|  |TAMS 0x0000000086700000, 0x0000000086700000| Untracked 
| 104|0x0000000086800000, 0x0000000086800000, 0x0000000086900000|  0%| F|  |TAMS 0x0000000086800000, 0x0000000086800000| Untracked 
| 105|0x0000000086900000, 0x0000000086900000, 0x0000000086a00000|  0%| F|  |TAMS 0x0000000086900000, 0x0000000086900000| Untracked 
| 106|0x0000000086a00000, 0x0000000086a00000, 0x0000000086b00000|  0%| F|  |TAMS 0x0000000086a00000, 0x0000000086a00000| Untracked 
| 107|0x0000000086b00000, 0x0000000086b00000, 0x0000000086c00000|  0%| F|  |TAMS 0x0000000086b00000, 0x0000000086b00000| Untracked 
| 108|0x0000000086c00000, 0x0000000086c00000, 0x0000000086d00000|  0%| F|  |TAMS 0x0000000086c00000, 0x0000000086c00000| Untracked 
| 109|0x0000000086d00000, 0x0000000086d00000, 0x0000000086e00000|  0%| F|  |TAMS 0x0000000086d00000, 0x0000000086d00000| Untracked 
| 110|0x0000000086e00000, 0x0000000086e00000, 0x0000000086f00000|  0%| F|  |TAMS 0x0000000086e00000, 0x0000000086e00000| Untracked 
| 111|0x0000000086f00000, 0x0000000086f00000, 0x0000000087000000|  0%| F|  |TAMS 0x0000000086f00000, 0x0000000086f00000| Untracked 
| 112|0x0000000087000000, 0x0000000087000000, 0x0000000087100000|  0%| F|  |TAMS 0x0000000087000000, 0x0000000087000000| Untracked 
| 113|0x0000000087100000, 0x0000000087100000, 0x0000000087200000|  0%| F|  |TAMS 0x0000000087100000, 0x0000000087100000| Untracked 
| 114|0x0000000087200000, 0x0000000087200000, 0x0000000087300000|  0%| F|  |TAMS 0x0000000087200000, 0x0000000087200000| Untracked 
| 115|0x0000000087300000, 0x0000000087300000, 0x0000000087400000|  0%| F|  |TAMS 0x0000000087300000, 0x0000000087300000| Untracked 
| 116|0x0000000087400000, 0x0000000087400000, 0x0000000087500000|  0%| F|  |TAMS 0x0000000087400000, 0x0000000087400000| Untracked 
| 117|0x0000000087500000, 0x0000000087500000, 0x0000000087600000|  0%| F|  |TAMS 0x0000000087500000, 0x0000000087500000| Untracked 
| 118|0x0000000087600000, 0x0000000087600000, 0x0000000087700000|  0%| F|  |TAMS 0x0000000087600000, 0x0000000087600000| Untracked 
| 119|0x0000000087700000, 0x0000000087700000, 0x0000000087800000|  0%| F|  |TAMS 0x0000000087700000, 0x0000000087700000| Untracked 
| 120|0x0000000087800000, 0x0000000087800000, 0x0000000087900000|  0%| F|  |TAMS 0x0000000087800000, 0x0000000087800000| Untracked 
| 121|0x0000000087900000, 0x0000000087900000, 0x0000000087a00000|  0%| F|  |TAMS 0x0000000087900000, 0x0000000087900000| Untracked 
| 122|0x0000000087a00000, 0x0000000087a00000, 0x0000000087b00000|  0%| F|  |TAMS 0x0000000087a00000, 0x0000000087a00000| Untracked 
| 123|0x0000000087b00000, 0x0000000087b00000, 0x0000000087c00000|  0%| F|  |TAMS 0x0000000087b00000, 0x0000000087b00000| Untracked 
| 124|0x0000000087c00000, 0x0000000087c00000, 0x0000000087d00000|  0%| F|  |TAMS 0x0000000087c00000, 0x0000000087c00000| Untracked 
| 125|0x0000000087d00000, 0x0000000087d00000, 0x0000000087e00000|  0%| F|  |TAMS 0x0000000087d00000, 0x0000000087d00000| Untracked 
| 126|0x0000000087e00000, 0x0000000087e00000, 0x0000000087f00000|  0%| F|  |TAMS 0x0000000087e00000, 0x0000000087e00000| Untracked 
| 127|0x0000000087f00000, 0x0000000087f00000, 0x0000000088000000|  0%| F|  |TAMS 0x0000000087f00000, 0x0000000087f00000| Untracked 
| 128|0x0000000088000000, 0x0000000088000000, 0x0000000088100000|  0%| F|  |TAMS 0x0000000088000000, 0x0000000088000000| Untracked 
| 129|0x0000000088100000, 0x0000000088100000, 0x0000000088200000|  0%| F|  |TAMS 0x0000000088100000, 0x0000000088100000| Untracked 
| 130|0x0000000088200000, 0x0000000088200000, 0x0000000088300000|  0%| F|  |TAMS 0x0000000088200000, 0x0000000088200000| Untracked 
| 131|0x0000000088300000, 0x0000000088300000, 0x0000000088400000|  0%| F|  |TAMS 0x0000000088300000, 0x0000000088300000| Untracked 
| 132|0x0000000088400000, 0x0000000088400000, 0x0000000088500000|  0%| F|  |TAMS 0x0000000088400000, 0x0000000088400000| Untracked 
| 133|0x0000000088500000, 0x0000000088500000, 0x0000000088600000|  0%| F|  |TAMS 0x0000000088500000, 0x0000000088500000| Untracked 
| 204|0x000000008cc00000, 0x000000008cca4530, 0x000000008cd00000| 64%| E|  |TAMS 0x000000008cc00000, 0x000000008cc00000| Complete 
| 205|0x000000008cd00000, 0x000000008ce00000, 0x000000008ce00000|100%| E|CS|TAMS 0x000000008cd00000, 0x000000008cd00000| Complete 
| 206|0x000000008ce00000, 0x000000008cf00000, 0x000000008cf00000|100%| E|CS|TAMS 0x000000008ce00000, 0x000000008ce00000| Complete 
| 207|0x000000008cf00000, 0x000000008d000000, 0x000000008d000000|100%| E|CS|TAMS 0x000000008cf00000, 0x000000008cf00000| Complete 
| 208|0x000000008d000000, 0x000000008d100000, 0x000000008d100000|100%| E|CS|TAMS 0x000000008d000000, 0x000000008d000000| Complete 
| 209|0x000000008d100000, 0x000000008d200000, 0x000000008d200000|100%| E|CS|TAMS 0x000000008d100000, 0x000000008d100000| Complete 
| 210|0x000000008d200000, 0x000000008d300000, 0x000000008d300000|100%| E|CS|TAMS 0x000000008d200000, 0x000000008d200000| Complete 
| 211|0x000000008d300000, 0x000000008d400000, 0x000000008d400000|100%| E|CS|TAMS 0x000000008d300000, 0x000000008d300000| Complete 
| 251|0x000000008fb00000, 0x000000008fc00000, 0x000000008fc00000|100%| E|CS|TAMS 0x000000008fb00000, 0x000000008fb00000| Complete 

Card table byte_map: [0x0000022b2b170000,0x0000022b2b570000] _byte_map_base: 0x0000022b2ad70000

Marking Bits (Prev, Next): (CMBitMap*) 0x0000022b16493d70, (CMBitMap*) 0x0000022b16493db0
 Prev Bits: [0x0000022b2b970000, 0x0000022b2d970000)
 Next Bits: [0x0000022b2d970000, 0x0000022b2f970000)

Polling page: 0x0000022b164f0000

Metaspace:

Usage:
  Non-class:     74.39 MB used.
      Class:     11.82 MB used.
       Both:     86.21 MB used.

Virtual space:
  Non-class space:       80.00 MB reserved,      74.69 MB ( 93%) committed,  10 nodes.
      Class space:        1.00 GB reserved,      12.12 MB (  1%) committed,  1 nodes.
             Both:        1.08 GB reserved,      86.81 MB (  8%) committed. 

Chunk freelists:
   Non-Class:  960.00 KB
       Class:  3.86 MB
        Both:  4.80 MB

MaxMetaspaceSize: unlimited
CompressedClassSpaceSize: 1.00 GB
Initial GC threshold: 21.00 MB
Current GC threshold: 143.88 MB
CDS: off
MetaspaceReclaimPolicy: balanced
 - commit_granule_bytes: 65536.
 - commit_granule_words: 8192.
 - virtual_space_node_default_size: 1048576.
 - enlarge_chunks_in_place: 1.
 - new_chunks_are_fully_committed: 0.
 - uncommit_free_chunks: 1.
 - use_allocation_guard: 0.
 - handle_deallocations: 1.


Internal statistics:

num_allocs_failed_limit: 6.
num_arena_births: 886.
num_arena_deaths: 0.
num_vsnodes_births: 11.
num_vsnodes_deaths: 0.
num_space_committed: 1389.
num_space_uncommitted: 0.
num_chunks_returned_to_freelist: 6.
num_chunks_taken_from_freelist: 4010.
num_chunk_merges: 6.
num_chunk_splits: 2695.
num_chunks_enlarged: 1858.
num_purges: 0.
num_inconsistent_stats: 0.

CodeHeap 'non-profiled nmethods': size=120000Kb used=5057Kb max_used=5057Kb free=114942Kb
 bounds [0x0000022b22ba0000, 0x0000022b230a0000, 0x0000022b2a0d0000]
CodeHeap 'profiled nmethods': size=120000Kb used=15542Kb max_used=15542Kb free=104457Kb
 bounds [0x0000022b1b0d0000, 0x0000022b1c000000, 0x0000022b22600000]
CodeHeap 'non-nmethods': size=5760Kb used=2381Kb max_used=2438Kb free=3378Kb
 bounds [0x0000022b22600000, 0x0000022b22870000, 0x0000022b22ba0000]
 total_blobs=8984 nmethods=8071 adapters=825
 compilation: enabled
              stopped_count=0, restarted_count=0
 full_count=0

Compilation events (20 events):
Event: 9.833 Thread 0x0000022b330a1d30 nmethod 8872 0x0000022b1bfe9810 code [0x0000022b1bfe9ac0, 0x0000022b1bfea9e8]
Event: 9.833 Thread 0x0000022b330a1d30 8874       3       org.gradle.api.internal.DefaultCollectionCallbackActionDecorator$BuildOperationEmittingAction::execute (26 bytes)
Event: 9.833 Thread 0x0000022b330a1d30 nmethod 8874 0x0000022b1bfead90 code [0x0000022b1bfeaf60, 0x0000022b1bfeb488]
Event: 9.833 Thread 0x0000022b330a1d30 8875       3       org.gradle.api.internal.DefaultCollectionCallbackActionDecorator$BuildOperationEmittingAction$1::<init> (16 bytes)
Event: 9.833 Thread 0x0000022b330a1d30 nmethod 8875 0x0000022b1bfeb690 code [0x0000022b1bfeb840, 0x0000022b1bfebb18]
Event: 9.833 Thread 0x0000022b330a1d30 8876       3       org.gradle.api.internal.DefaultCollectionCallbackActionDecorator$Operation::<init> (10 bytes)
Event: 9.834 Thread 0x0000022b330a1d30 nmethod 8876 0x0000022b1bfebc10 code [0x0000022b1bfebda0, 0x0000022b1bfebf58]
Event: 9.834 Thread 0x0000022b330a1d30 8877       3       org.gradle.api.internal.DefaultCollectionCallbackActionDecorator$Operation::description (20 bytes)
Event: 9.834 Thread 0x0000022b330a1d30 nmethod 8877 0x0000022b1bfec010 code [0x0000022b1bfec200, 0x0000022b1bfec878]
Event: 9.834 Thread 0x0000022b330a1d30 8878       3       org.gradle.api.internal.DefaultCollectionCallbackActionDecorator$OperationDetails::<init> (10 bytes)
Event: 9.834 Thread 0x0000022b330a1d30 nmethod 8878 0x0000022b1bfeca90 code [0x0000022b1bfecc20, 0x0000022b1bfecdd8]
Event: 9.834 Thread 0x0000022b330a1d30 8879       3       org.gradle.api.internal.DefaultCollectionCallbackActionDecorator$BuildOperationEmittingAction$1::run (26 bytes)
Event: 9.834 Thread 0x0000022b330a1d30 nmethod 8879 0x0000022b1bfece90 code [0x0000022b1bfed040, 0x0000022b1bfed308]
Event: 9.837 Thread 0x0000022b3309df30 nmethod 8799 0x0000022b2308a090 code [0x0000022b2308a340, 0x0000022b2308c250]
Event: 9.837 Thread 0x0000022b3309df30 8869       4       java.lang.StringConcatHelper::mix (27 bytes)
Event: 9.838 Thread 0x0000022b3309df30 nmethod 8869 0x0000022b2308d610 code [0x0000022b2308d780, 0x0000022b2308d838]
Event: 9.838 Thread 0x0000022b3309df30 8870       4       java.lang.StringConcatHelper::stringOf (20 bytes)
Event: 9.839 Thread 0x0000022b3309df30 nmethod 8870 0x0000022b2308d990 code [0x0000022b2308db00, 0x0000022b2308db98]
Event: 9.839 Thread 0x0000022b3309df30 8836       4       java.lang.Class::getMethod (59 bytes)
Event: 10.644 Thread 0x0000022b330a1d30 8880       3       javax.management.ObjectName::construct (1135 bytes)

GC Heap History (20 events):
Event: 7.082 GC heap before
{Heap before GC invocations=22 (full 0):
 garbage-first heap   total 101376K, used 59763K [0x0000000080000000, 0x0000000100000000)
  region size 1024K, 10 young (10240K), 1 survivors (1024K)
 Metaspace       used 63780K, committed 64320K, reserved 1105920K
  class space    used 8479K, committed 8704K, reserved 1048576K
}
Event: 7.084 GC heap after
{Heap after GC invocations=23 (full 0):
 garbage-first heap   total 101376K, used 53216K [0x0000000080000000, 0x0000000100000000)
  region size 1024K, 3 young (3072K), 3 survivors (3072K)
 Metaspace       used 63780K, committed 64320K, reserved 1105920K
  class space    used 8479K, committed 8704K, reserved 1048576K
}
Event: 7.277 GC heap before
{Heap before GC invocations=24 (full 0):
 garbage-first heap   total 101376K, used 73696K [0x0000000080000000, 0x0000000100000000)
  region size 1024K, 21 young (21504K), 3 survivors (3072K)
 Metaspace       used 65535K, committed 66176K, reserved 1114112K
  class space    used 8712K, committed 9024K, reserved 1048576K
}
Event: 7.279 GC heap after
{Heap after GC invocations=25 (full 0):
 garbage-first heap   total 101376K, used 50590K [0x0000000080000000, 0x0000000100000000)
  region size 1024K, 2 young (2048K), 2 survivors (2048K)
 Metaspace       used 65535K, committed 66176K, reserved 1114112K
  class space    used 8712K, committed 9024K, reserved 1048576K
}
Event: 7.457 GC heap before
{Heap before GC invocations=25 (full 0):
 garbage-first heap   total 101376K, used 72094K [0x0000000080000000, 0x0000000100000000)
  region size 1024K, 23 young (23552K), 2 survivors (2048K)
 Metaspace       used 67536K, committed 68160K, reserved 1114112K
  class space    used 8961K, committed 9280K, reserved 1048576K
}
Event: 7.460 GC heap after
{Heap after GC invocations=26 (full 0):
 garbage-first heap   total 101376K, used 51856K [0x0000000080000000, 0x0000000100000000)
  region size 1024K, 2 young (2048K), 2 survivors (2048K)
 Metaspace       used 67536K, committed 68160K, reserved 1114112K
  class space    used 8961K, committed 9280K, reserved 1048576K
}
Event: 7.698 GC heap before
{Heap before GC invocations=27 (full 0):
 garbage-first heap   total 101376K, used 73360K [0x0000000080000000, 0x0000000100000000)
  region size 1024K, 23 young (23552K), 2 survivors (2048K)
 Metaspace       used 70473K, committed 71040K, reserved 1114112K
  class space    used 9371K, committed 9664K, reserved 1048576K
}
Event: 7.701 GC heap after
{Heap after GC invocations=28 (full 0):
 garbage-first heap   total 101376K, used 53185K [0x0000000080000000, 0x0000000100000000)
  region size 1024K, 3 young (3072K), 3 survivors (3072K)
 Metaspace       used 70473K, committed 71040K, reserved 1114112K
  class space    used 9371K, committed 9664K, reserved 1048576K
}
Event: 7.904 GC heap before
{Heap before GC invocations=28 (full 0):
 garbage-first heap   total 101376K, used 74689K [0x0000000080000000, 0x0000000100000000)
  region size 1024K, 25 young (25600K), 3 survivors (3072K)
 Metaspace       used 72338K, committed 72960K, reserved 1114112K
  class space    used 9614K, committed 9920K, reserved 1048576K
}
Event: 7.908 GC heap after
{Heap after GC invocations=29 (full 0):
 garbage-first heap   total 121856K, used 54595K [0x0000000080000000, 0x0000000100000000)
  region size 1024K, 3 young (3072K), 3 survivors (3072K)
 Metaspace       used 72338K, committed 72960K, reserved 1114112K
  class space    used 9614K, committed 9920K, reserved 1048576K
}
Event: 8.276 GC heap before
{Heap before GC invocations=30 (full 0):
 garbage-first heap   total 121856K, used 90435K [0x0000000080000000, 0x0000000100000000)
  region size 1024K, 38 young (38912K), 3 survivors (3072K)
 Metaspace       used 76590K, committed 77120K, reserved 1122304K
  class space    used 10365K, committed 10624K, reserved 1048576K
}
Event: 8.279 GC heap after
{Heap after GC invocations=31 (full 0):
 garbage-first heap   total 121856K, used 56170K [0x0000000080000000, 0x0000000100000000)
  region size 1024K, 3 young (3072K), 3 survivors (3072K)
 Metaspace       used 76590K, committed 77120K, reserved 1122304K
  class space    used 10365K, committed 10624K, reserved 1048576K
}
Event: 8.753 GC heap before
{Heap before GC invocations=31 (full 0):
 garbage-first heap   total 121856K, used 93034K [0x0000000080000000, 0x0000000100000000)
  region size 1024K, 39 young (39936K), 3 survivors (3072K)
 Metaspace       used 80705K, committed 81344K, reserved 1122304K
  class space    used 10995K, committed 11264K, reserved 1048576K
}
Event: 8.756 GC heap after
{Heap after GC invocations=32 (full 0):
 garbage-first heap   total 121856K, used 58983K [0x0000000080000000, 0x0000000100000000)
  region size 1024K, 5 young (5120K), 5 survivors (5120K)
 Metaspace       used 80705K, committed 81344K, reserved 1122304K
  class space    used 10995K, committed 11264K, reserved 1048576K
}
Event: 9.110 GC heap before
{Heap before GC invocations=32 (full 0):
 garbage-first heap   total 121856K, used 93799K [0x0000000080000000, 0x0000000100000000)
  region size 1024K, 39 young (39936K), 5 survivors (5120K)
 Metaspace       used 84398K, committed 84992K, reserved 1122304K
  class space    used 11579K, committed 11840K, reserved 1048576K
}
Event: 9.115 GC heap after
{Heap after GC invocations=33 (full 0):
 garbage-first heap   total 121856K, used 61649K [0x0000000080000000, 0x0000000100000000)
  region size 1024K, 3 young (3072K), 3 survivors (3072K)
 Metaspace       used 84398K, committed 84992K, reserved 1122304K
  class space    used 11579K, committed 11840K, reserved 1048576K
}
Event: 9.432 GC heap before
{Heap before GC invocations=34 (full 0):
 garbage-first heap   total 121856K, used 96465K [0x0000000080000000, 0x0000000100000000)
  region size 1024K, 37 young (37888K), 3 survivors (3072K)
 Metaspace       used 87612K, committed 88256K, reserved 1130496K
  class space    used 11993K, committed 12288K, reserved 1048576K
}
Event: 9.436 GC heap after
{Heap after GC invocations=35 (full 0):
 garbage-first heap   total 121856K, used 65046K [0x0000000080000000, 0x0000000100000000)
  region size 1024K, 5 young (5120K), 5 survivors (5120K)
 Metaspace       used 87612K, committed 88256K, reserved 1130496K
  class space    used 11993K, committed 12288K, reserved 1048576K
}
Event: 9.617 GC heap before
{Heap before GC invocations=35 (full 0):
 garbage-first heap   total 121856K, used 97814K [0x0000000080000000, 0x0000000100000000)
  region size 1024K, 37 young (37888K), 5 survivors (5120K)
 Metaspace       used 87766K, committed 88384K, reserved 1130496K
  class space    used 12004K, committed 12288K, reserved 1048576K
}
Event: 9.744 GC heap after
{Heap after GC invocations=36 (full 0):
 garbage-first heap   total 146432K, used 70803K [0x0000000080000000, 0x0000000100000000)
  region size 1024K, 5 young (5120K), 5 survivors (5120K)
 Metaspace       used 87766K, committed 88384K, reserved 1130496K
  class space    used 12004K, committed 12288K, reserved 1048576K
}

Dll operation events (2 events):
Event: 0.018 Loaded shared library C:\BTS\ANDROID\android-studio-girafe\android-studio-2022.3.1.19-windows\android-studio\jbr\bin\java.dll
Event: 0.457 Loaded shared library C:\BTS\ANDROID\android-studio-girafe\android-studio-2022.3.1.19-windows\android-studio\jbr\bin\verify.dll

Deoptimization events (20 events):
Event: 9.821 Thread 0x0000022b35421880 Uncommon trap: trap_request=0xffffffc6 fr.pc=0x0000022b23019f5c relative=0x000000000000041c
Event: 9.821 Thread 0x0000022b35421880 Uncommon trap: reason=bimorphic_or_optimized_type_check action=maybe_recompile pc=0x0000022b23019f5c method=com.google.common.collect.NaturalOrdering.compare(Ljava/lang/Comparable;Ljava/lang/Comparable;)I @ 12 c2
Event: 9.821 Thread 0x0000022b35421880 DEOPT PACKING pc=0x0000022b23019f5c sp=0x000000be9b6f8b40
Event: 9.821 Thread 0x0000022b35421880 DEOPT UNPACKING pc=0x0000022b226569a3 sp=0x000000be9b6f8a50 mode 2
Event: 9.821 Thread 0x0000022b35421880 Uncommon trap: trap_request=0xffffffc6 fr.pc=0x0000022b23019f5c relative=0x000000000000041c
Event: 9.821 Thread 0x0000022b35421880 Uncommon trap: reason=bimorphic_or_optimized_type_check action=maybe_recompile pc=0x0000022b23019f5c method=com.google.common.collect.NaturalOrdering.compare(Ljava/lang/Comparable;Ljava/lang/Comparable;)I @ 12 c2
Event: 9.821 Thread 0x0000022b35421880 DEOPT PACKING pc=0x0000022b23019f5c sp=0x000000be9b6f8cd0
Event: 9.821 Thread 0x0000022b35421880 DEOPT UNPACKING pc=0x0000022b226569a3 sp=0x000000be9b6f8be0 mode 2
Event: 9.836 Thread 0x0000022b35421880 Uncommon trap: trap_request=0xfffffff4 fr.pc=0x0000022b22fdad70 relative=0x00000000000000d0
Event: 9.836 Thread 0x0000022b35421880 Uncommon trap: reason=null_check action=make_not_entrant pc=0x0000022b22fdad70 method=org.gradle.tooling.internal.provider.runner.ClientBuildEventGenerator$Disabled.accept(Lorg/gradle/internal/operations/BuildOperationDescriptor;)Lorg/gradle/tooling/inter
Event: 9.836 Thread 0x0000022b35421880 DEOPT PACKING pc=0x0000022b22fdad70 sp=0x000000be9b6fbfd0
Event: 9.836 Thread 0x0000022b35421880 DEOPT UNPACKING pc=0x0000022b226569a3 sp=0x000000be9b6fbf58 mode 2
Event: 9.838 Thread 0x0000022b35421880 Uncommon trap: trap_request=0xffffff45 fr.pc=0x0000022b22eaef78 relative=0x0000000000000e98
Event: 9.838 Thread 0x0000022b35421880 Uncommon trap: reason=unstable_if action=reinterpret pc=0x0000022b22eaef78 method=java.util.concurrent.locks.AbstractQueuedSynchronizer.acquire(Ljava/util/concurrent/locks/AbstractQueuedSynchronizer$Node;IZZZJ)I @ 103 c2
Event: 9.838 Thread 0x0000022b35421880 DEOPT PACKING pc=0x0000022b22eaef78 sp=0x000000be9b6fba70
Event: 9.838 Thread 0x0000022b35421880 DEOPT UNPACKING pc=0x0000022b226569a3 sp=0x000000be9b6fba40 mode 2
Event: 9.853 Thread 0x0000022b38f56370 Uncommon trap: trap_request=0xffffff45 fr.pc=0x0000022b22d1a5ec relative=0x000000000000034c
Event: 9.853 Thread 0x0000022b38f56370 Uncommon trap: reason=unstable_if action=reinterpret pc=0x0000022b22d1a5ec method=java.util.HashMap$HashIterator.<init>(Ljava/util/HashMap;)V @ 45 c2
Event: 9.853 Thread 0x0000022b38f56370 DEOPT PACKING pc=0x0000022b22d1a5ec sp=0x000000bea60fed00
Event: 9.853 Thread 0x0000022b38f56370 DEOPT UNPACKING pc=0x0000022b226569a3 sp=0x000000bea60fecb8 mode 2

Classes unloaded (0 events):
No events

Classes redefined (0 events):
No events

Internal exceptions (20 events):
Event: 9.608 Thread 0x0000022b35421880 Exception <a 'java/lang/ClassNotFoundException'{0x00000000858e1330}: com/android/build/gradle/internal/tasks/AppMetadataTaskBeanInfo> (0x00000000858e1330) 
thrown [s\src\hotspot\share\classfile\systemDictionary.cpp, line 256]
Event: 9.609 Thread 0x0000022b35421880 Exception <a 'java/lang/ClassNotFoundException'{0x00000000858ecc30}: com/android/build/gradle/internal/tasks/AppMetadataTaskCustomizer> (0x00000000858ecc30) 
thrown [s\src\hotspot\share\classfile\systemDictionary.cpp, line 256]
Event: 9.610 Thread 0x0000022b35421880 Exception <a 'java/lang/ClassNotFoundException'{0x000000008570e140}: com/android/build/gradle/internal/tasks/AppMetadataTask_DecoratedCustomizer> (0x000000008570e140) 
thrown [s\src\hotspot\share\classfile\systemDictionary.cpp, line 256]
Event: 9.613 Thread 0x0000022b35421880 Exception <a 'java/lang/ClassNotFoundException'{0x00000000857adfe0}: com/android/build/gradle/internal/tasks/SigningConfigVersionsWriterTask_DecoratedBeanInfo> (0x00000000857adfe0) 
thrown [s\src\hotspot\share\classfile\systemDictionary.cpp, line 256]
Event: 9.613 Thread 0x0000022b35421880 Exception <a 'java/lang/ClassNotFoundException'{0x00000000857b9d50}: com/android/build/gradle/internal/tasks/SigningConfigVersionsWriterTaskBeanInfo> (0x00000000857b9d50) 
thrown [s\src\hotspot\share\classfile\systemDictionary.cpp, line 256]
Event: 9.614 Thread 0x0000022b35421880 Exception <a 'java/lang/ClassNotFoundException'{0x00000000857c5830}: com/android/build/gradle/internal/tasks/SigningConfigVersionsWriterTaskCustomizer> (0x00000000857c5830) 
thrown [s\src\hotspot\share\classfile\systemDictionary.cpp, line 256]
Event: 9.616 Thread 0x0000022b35421880 Exception <a 'java/lang/ClassNotFoundException'{0x00000000857ec0b8}: com/android/build/gradle/internal/tasks/SigningConfigVersionsWriterTask_DecoratedCustomizer> (0x00000000857ec0b8) 
thrown [s\src\hotspot\share\classfile\systemDictionary.cpp, line 256]
Event: 9.763 Thread 0x0000022b35421880 Exception <a 'java/lang/ClassNotFoundException'{0x000000008fbf1080}: com/android/build/gradle/tasks/PackageApplication_DecoratedBeanInfo> (0x000000008fbf1080) 
thrown [s\src\hotspot\share\classfile\systemDictionary.cpp, line 256]
Event: 9.765 Thread 0x0000022b35421880 Exception <a 'java/lang/ClassNotFoundException'{0x000000008fbfca68}: com/android/build/gradle/tasks/PackageApplicationBeanInfo> (0x000000008fbfca68) 
thrown [s\src\hotspot\share\classfile\systemDictionary.cpp, line 256]
Event: 9.769 Thread 0x0000022b35421880 Exception <a 'java/lang/ClassNotFoundException'{0x000000008d309700}: com/android/build/gradle/tasks/PackageAndroidArtifactBeanInfo> (0x000000008d309700) 
thrown [s\src\hotspot\share\classfile\systemDictionary.cpp, line 256]
Event: 9.771 Thread 0x0000022b35421880 Exception <a 'java/lang/ClassNotFoundException'{0x000000008d315140}: com/android/build/gradle/tasks/PackageAndroidArtifactCustomizer> (0x000000008d315140) 
thrown [s\src\hotspot\share\classfile\systemDictionary.cpp, line 256]
Event: 9.775 Thread 0x0000022b35421880 Exception <a 'java/lang/ClassNotFoundException'{0x000000008d36d548}: com/android/build/gradle/tasks/PackageApplicationCustomizer> (0x000000008d36d548) 
thrown [s\src\hotspot\share\classfile\systemDictionary.cpp, line 256]
Event: 9.791 Thread 0x0000022b35421880 Exception <a 'java/lang/ClassNotFoundException'{0x000000008d394908}: com/android/build/gradle/tasks/PackageApplication_DecoratedCustomizer> (0x000000008d394908) 
thrown [s\src\hotspot\share\classfile\systemDictionary.cpp, line 256]
Event: 9.795 Thread 0x0000022b35421880 Exception <a 'java/lang/ClassNotFoundException'{0x000000008d268e28}: com/android/build/gradle/internal/tasks/ListingFileRedirectTask_DecoratedBeanInfo> (0x000000008d268e28) 
thrown [s\src\hotspot\share\classfile\systemDictionary.cpp, line 256]
Event: 9.796 Thread 0x0000022b35421880 Exception <a 'java/lang/ClassNotFoundException'{0x000000008d274aa8}: com/android/build/gradle/internal/tasks/ListingFileRedirectTaskBeanInfo> (0x000000008d274aa8) 
thrown [s\src\hotspot\share\classfile\systemDictionary.cpp, line 256]
Event: 9.796 Thread 0x0000022b35421880 Exception <a 'java/lang/ClassNotFoundException'{0x000000008d280498}: com/android/build/gradle/internal/tasks/ListingFileRedirectTaskCustomizer> (0x000000008d280498) 
thrown [s\src\hotspot\share\classfile\systemDictionary.cpp, line 256]
Event: 9.798 Thread 0x0000022b35421880 Exception <a 'java/lang/ClassNotFoundException'{0x000000008d29d120}: com/android/build/gradle/internal/tasks/ListingFileRedirectTask_DecoratedCustomizer> (0x000000008d29d120) 
thrown [s\src\hotspot\share\classfile\systemDictionary.cpp, line 256]
Event: 9.811 Thread 0x0000022b35421880 Exception <a 'java/lang/NoSuchMethodError'{0x000000008d103328}: 'java.lang.Object java.lang.invoke.DirectMethodHandle$Holder.newInvokeSpecial(java.lang.Object, java.lang.Object, java.lang.Object, java.lang.Object, int, java.lang.Object)'> (0x000000008d103328) 
thrown [s\src\hotspot\share\interpreter\linkResolver.cpp, line 771]
Event: 9.811 Thread 0x0000022b35421880 Exception <a 'java/lang/NoSuchMethodError'{0x000000008d1080e8}: 'java.lang.Object java.lang.invoke.Invokers$Holder.linkToTargetMethod(java.lang.Object, java.lang.Object, java.lang.Object, int, java.lang.Object, java.lang.Object)'> (0x000000008d1080e8) 
thrown [s\src\hotspot\share\interpreter\linkResolver.cpp, line 771]
Event: 9.836 Thread 0x0000022b35421880 Implicit null exception at 0x0000022b22fdacdb to 0x0000022b22fdad64

VM Operations (20 events):
Event: 9.156 Executing VM operation: HandshakeAllThreads
Event: 9.156 Executing VM operation: HandshakeAllThreads done
Event: 9.179 Executing VM operation: HandshakeAllThreads
Event: 9.179 Executing VM operation: HandshakeAllThreads done
Event: 9.190 Executing VM operation: HandshakeAllThreads
Event: 9.190 Executing VM operation: HandshakeAllThreads done
Event: 9.262 Executing VM operation: HandshakeAllThreads
Event: 9.262 Executing VM operation: HandshakeAllThreads done
Event: 9.382 Executing VM operation: ICBufferFull
Event: 9.383 Executing VM operation: ICBufferFull done
Event: 9.432 Executing VM operation: G1CollectForAllocation
Event: 9.436 Executing VM operation: G1CollectForAllocation done
Event: 9.616 Executing VM operation: G1CollectForAllocation
Event: 9.747 Executing VM operation: G1CollectForAllocation done
Event: 9.777 Executing VM operation: G1Concurrent
Event: 9.791 Executing VM operation: G1Concurrent done
Event: 9.804 Executing VM operation: G1Concurrent
Event: 9.804 Executing VM operation: G1Concurrent done
Event: 10.816 Executing VM operation: Cleanup
Event: 10.817 Executing VM operation: Cleanup done

Events (20 events):
Event: 9.445 loading class java/lang/ClassBeanInfo
Event: 9.445 loading class java/lang/ClassBeanInfo done
Event: 9.445 loading class java/lang/ClassCustomizer
Event: 9.445 loading class java/lang/ClassCustomizer done
Event: 9.445 loading class java/lang/ClassCustomizer
Event: 9.445 loading class java/lang/ClassCustomizer done
Event: 9.563 loading class java/io/FilterReader
Event: 9.563 loading class java/io/FilterReader done
Event: 9.838 Thread 0x0000022b38f55500 Thread added: 0x0000022b38f55500
Event: 9.846 Thread 0x0000022b38f51b40 Thread added: 0x0000022b38f51b40
Event: 9.846 Thread 0x0000022b38f55ea0 Thread added: 0x0000022b38f55ea0
Event: 9.846 Thread 0x0000022b38f56d10 Thread added: 0x0000022b38f56d10
Event: 9.847 Thread 0x0000022b38f576b0 Thread added: 0x0000022b38f576b0
Event: 9.847 Thread 0x0000022b38f571e0 Thread added: 0x0000022b38f571e0
Event: 9.848 Thread 0x0000022b38f57b80 Thread added: 0x0000022b38f57b80
Event: 9.849 Thread 0x0000022b38f58050 Thread added: 0x0000022b38f58050
Event: 9.849 Thread 0x0000022b38f56840 Thread added: 0x0000022b38f56840
Event: 9.850 Thread 0x0000022b38f58520 Thread added: 0x0000022b38f58520
Event: 9.850 Thread 0x0000022b38f559d0 Thread added: 0x0000022b38f559d0
Event: 9.851 Thread 0x0000022b38f56370 Thread added: 0x0000022b38f56370


Dynamic libraries:
0x00007ff66e510000 - 0x00007ff66e51a000 	C:\BTS\ANDROID\android-studio-girafe\android-studio-2022.3.1.19-windows\android-studio\jbr\bin\java.exe
0x00007ff93aae0000 - 0x00007ff93ad43000 	C:\WINDOWS\SYSTEM32\ntdll.dll
0x00007ff939170000 - 0x00007ff939237000 	C:\WINDOWS\System32\KERNEL32.DLL
0x00007ff937f60000 - 0x00007ff938327000 	C:\WINDOWS\System32\KERNELBASE.dll
0x00007ff937bc0000 - 0x00007ff937d56000 	C:\Windows\system32\hmpalert.dll
0x00007ff9383c0000 - 0x00007ff93850c000 	C:\WINDOWS\System32\ucrtbase.dll
0x00007ff92dd20000 - 0x00007ff92dd3b000 	C:\BTS\ANDROID\android-studio-girafe\android-studio-2022.3.1.19-windows\android-studio\jbr\bin\VCRUNTIME140.dll
0x00007ff9159d0000 - 0x00007ff9159e7000 	C:\BTS\ANDROID\android-studio-girafe\android-studio-2022.3.1.19-windows\android-studio\jbr\bin\jli.dll
0x00007ff939a50000 - 0x00007ff939c19000 	C:\WINDOWS\System32\USER32.dll
0x00007ff937e70000 - 0x00007ff937e97000 	C:\WINDOWS\System32\win32u.dll
0x00007ff93a890000 - 0x00007ff93a8ba000 	C:\WINDOWS\System32\GDI32.dll
0x00007ff938690000 - 0x00007ff9387bb000 	C:\WINDOWS\System32\gdi32full.dll
0x00007ff938860000 - 0x00007ff938903000 	C:\WINDOWS\System32\msvcp_win.dll
0x00007ff915f10000 - 0x00007ff9161a0000 	C:\WINDOWS\WinSxS\amd64_microsoft.windows.common-controls_6595b64144ccf1df_6.0.26100.2702_none_3e069454e335fc5e\COMCTL32.dll
0x00007ff9390c0000 - 0x00007ff939169000 	C:\WINDOWS\System32\msvcrt.dll
0x00007ff938fd0000 - 0x00007ff938fff000 	C:\WINDOWS\System32\IMM32.DLL
0x00007ff92ef60000 - 0x00007ff92ef6c000 	C:\BTS\ANDROID\android-studio-girafe\android-studio-2022.3.1.19-windows\android-studio\jbr\bin\vcruntime140_1.dll
0x00007ff915720000 - 0x00007ff9157ad000 	C:\BTS\ANDROID\android-studio-girafe\android-studio-2022.3.1.19-windows\android-studio\jbr\bin\msvcp140.dll
0x00007ff8c8680000 - 0x00007ff8c92ee000 	C:\BTS\ANDROID\android-studio-girafe\android-studio-2022.3.1.19-windows\android-studio\jbr\bin\server\jvm.dll
0x00007ff93a4f0000 - 0x00007ff93a5a3000 	C:\WINDOWS\System32\ADVAPI32.dll
0x00007ff938ec0000 - 0x00007ff938f66000 	C:\WINDOWS\System32\sechost.dll
0x00007ff9397b0000 - 0x00007ff9398c6000 	C:\WINDOWS\System32\RPCRT4.dll
0x00007ff912230000 - 0x00007ff91223a000 	C:\WINDOWS\SYSTEM32\WSOCK32.dll
0x00007ff93a810000 - 0x00007ff93a884000 	C:\WINDOWS\System32\WS2_32.dll
0x00007ff934470000 - 0x00007ff9344a6000 	C:\WINDOWS\SYSTEM32\WINMM.dll
0x00007ff92f710000 - 0x00007ff92f71b000 	C:\WINDOWS\SYSTEM32\VERSION.dll
0x00007ff936ac0000 - 0x00007ff936ada000 	C:\WINDOWS\SYSTEM32\kernel.appcore.dll
0x00007ff932670000 - 0x00007ff93267a000 	C:\BTS\ANDROID\android-studio-girafe\android-studio-2022.3.1.19-windows\android-studio\jbr\bin\jimage.dll
0x00007ff935200000 - 0x00007ff935441000 	C:\WINDOWS\SYSTEM32\DBGHELP.DLL
0x00007ff939240000 - 0x00007ff9395be000 	C:\WINDOWS\System32\combase.dll
0x00007ff93a730000 - 0x00007ff93a806000 	C:\WINDOWS\System32\OLEAUT32.dll
0x00007ff92d180000 - 0x00007ff92d1b9000 	C:\WINDOWS\SYSTEM32\dbgcore.DLL
0x00007ff9387c0000 - 0x00007ff938859000 	C:\WINDOWS\System32\bcryptPrimitives.dll
0x00007ff92eec0000 - 0x00007ff92eee5000 	C:\BTS\ANDROID\android-studio-girafe\android-studio-2022.3.1.19-windows\android-studio\jbr\bin\java.dll
0x00007ff932610000 - 0x00007ff932628000 	C:\BTS\ANDROID\android-studio-girafe\android-studio-2022.3.1.19-windows\android-studio\jbr\bin\zip.dll
0x00007ff939c20000 - 0x00007ff93a32b000 	C:\WINDOWS\System32\SHELL32.dll
0x00007ff935790000 - 0x00007ff935fcd000 	C:\WINDOWS\SYSTEM32\windows.storage.dll
0x00007ff93a5b0000 - 0x00007ff93a69a000 	C:\WINDOWS\System32\SHCORE.dll
0x00007ff938f70000 - 0x00007ff938fcd000 	C:\WINDOWS\System32\shlwapi.dll
0x00007ff937d80000 - 0x00007ff937dae000 	C:\WINDOWS\SYSTEM32\profapi.dll
0x00007ff92ddb0000 - 0x00007ff92ddc9000 	C:\BTS\ANDROID\android-studio-girafe\android-studio-2022.3.1.19-windows\android-studio\jbr\bin\net.dll
0x00007ff92fc40000 - 0x00007ff92fd5e000 	C:\WINDOWS\SYSTEM32\WINHTTP.dll
0x00007ff936fb0000 - 0x00007ff937018000 	C:\WINDOWS\system32\mswsock.dll
0x00007ff92dca0000 - 0x00007ff92dcb6000 	C:\BTS\ANDROID\android-studio-girafe\android-studio-2022.3.1.19-windows\android-studio\jbr\bin\nio.dll
0x00007ff932660000 - 0x00007ff932670000 	C:\BTS\ANDROID\android-studio-girafe\android-studio-2022.3.1.19-windows\android-studio\jbr\bin\verify.dll
0x00007ff8e1df0000 - 0x00007ff8e1e17000 	C:\Users\svo\.gradle\native\68d5fa5c4cc2d200863cafc0d521ce42e7d3e7ee720ec0a83991735586a16f82\windows-amd64\native-platform.dll
0x00007ff8ffc50000 - 0x00007ff8ffd94000 	C:\Users\svo\.gradle\native\e376f236ea51e6404a007f0833ffe2c6e607c4080706a723a18a27aeea778392\windows-amd64\native-platform-file-events.dll
0x00007ff9325e0000 - 0x00007ff9325e9000 	C:\BTS\ANDROID\android-studio-girafe\android-studio-2022.3.1.19-windows\android-studio\jbr\bin\management.dll
0x00007ff92ef40000 - 0x00007ff92ef4b000 	C:\BTS\ANDROID\android-studio-girafe\android-studio-2022.3.1.19-windows\android-studio\jbr\bin\management_ext.dll
0x00007ff93a4d0000 - 0x00007ff93a4d8000 	C:\WINDOWS\System32\PSAPI.DLL
0x00007ff937360000 - 0x00007ff93737c000 	C:\WINDOWS\SYSTEM32\CRYPTSP.dll
0x00007ff936a20000 - 0x00007ff936a58000 	C:\WINDOWS\system32\rsaenh.dll
0x00007ff937050000 - 0x00007ff93707b000 	C:\WINDOWS\SYSTEM32\USERENV.dll
0x00007ff9374f0000 - 0x00007ff937516000 	C:\WINDOWS\SYSTEM32\bcrypt.dll
0x00007ff9371e0000 - 0x00007ff9371ec000 	C:\WINDOWS\SYSTEM32\CRYPTBASE.dll
0x00007ff936280000 - 0x00007ff9362b3000 	C:\WINDOWS\SYSTEM32\IPHLPAPI.DLL
0x00007ff938e80000 - 0x00007ff938e8a000 	C:\WINDOWS\System32\NSI.dll
0x00007ff92fe40000 - 0x00007ff92fe5e000 	C:\WINDOWS\SYSTEM32\dhcpcsvc6.DLL
0x00007ff92fe10000 - 0x00007ff92fe35000 	C:\WINDOWS\SYSTEM32\dhcpcsvc.DLL
0x00007ff9362c0000 - 0x00007ff9363e5000 	C:\WINDOWS\SYSTEM32\DNSAPI.dll
0x00007ff90d700000 - 0x00007ff90d708000 	C:\WINDOWS\system32\wshunix.dll

dbghelp: loaded successfully - version: 4.0.5 - missing functions: none
symbol engine: initialized successfully - sym options: 0x614 - pdb path: .;C:\BTS\ANDROID\android-studio-girafe\android-studio-2022.3.1.19-windows\android-studio\jbr\bin;C:\WINDOWS\SYSTEM32;C:\WINDOWS\WinSxS\amd64_microsoft.windows.common-controls_6595b64144ccf1df_6.0.26100.2702_none_3e069454e335fc5e;C:\BTS\ANDROID\android-studio-girafe\android-studio-2022.3.1.19-windows\android-studio\jbr\bin\server;C:\Users\svo\.gradle\native\68d5fa5c4cc2d200863cafc0d521ce42e7d3e7ee720ec0a83991735586a16f82\windows-amd64;C:\Users\svo\.gradle\native\e376f236ea51e6404a007f0833ffe2c6e607c4080706a723a18a27aeea778392\windows-amd64

VM Arguments:
jvm_args: --add-opens=java.base/java.util=ALL-UNNAMED --add-opens=java.base/java.lang=ALL-UNNAMED --add-opens=java.base/java.lang.invoke=ALL-UNNAMED --add-opens=java.prefs/java.util.prefs=ALL-UNNAMED --add-opens=java.base/java.nio.charset=ALL-UNNAMED --add-opens=java.base/java.net=ALL-UNNAMED --add-opens=java.base/java.util.concurrent.atomic=ALL-UNNAMED -Xmx2048m -Dfile.encoding=UTF-8 -Duser.country=FR -Duser.language=fr -Duser.variant 
java_command: org.gradle.launcher.daemon.bootstrap.GradleDaemon 8.0
java_class_path (initial): C:\Users\svo\.gradle\wrapper\dists\gradle-8.0-bin\ca5e32bp14vu59qr306oxotwh\gradle-8.0\lib\gradle-launcher-8.0.jar
Launcher Type: SUN_STANDARD

[Global flags]
     intx CICompilerCount                          = 4                                         {product} {ergonomic}
     uint ConcGCThreads                            = 3                                         {product} {ergonomic}
     uint G1ConcRefinementThreads                  = 10                                        {product} {ergonomic}
   size_t G1HeapRegionSize                         = 1048576                                   {product} {ergonomic}
    uintx GCDrainStackTargetSize                   = 64                                        {product} {ergonomic}
   size_t InitialHeapSize                          = 264241152                                 {product} {ergonomic}
   size_t MarkStackSize                            = 4194304                                   {product} {ergonomic}
   size_t MaxHeapSize                              = 2147483648                                {product} {command line}
   size_t MaxNewSize                               = 1287651328                                {product} {ergonomic}
   size_t MinHeapDeltaBytes                        = 1048576                                   {product} {ergonomic}
   size_t MinHeapSize                              = 8388608                                   {product} {ergonomic}
    uintx NonNMethodCodeHeapSize                   = 5839372                                {pd product} {ergonomic}
    uintx NonProfiledCodeHeapSize                  = 122909434                              {pd product} {ergonomic}
    uintx ProfiledCodeHeapSize                     = 122909434                              {pd product} {ergonomic}
    uintx ReservedCodeCacheSize                    = 251658240                              {pd product} {ergonomic}
     bool SegmentedCodeCache                       = true                                      {product} {ergonomic}
   size_t SoftMaxHeapSize                          = 2147483648                             {manageable} {ergonomic}
     bool UseCompressedClassPointers               = true                           {product lp64_product} {ergonomic}
     bool UseCompressedOops                        = true                           {product lp64_product} {ergonomic}
     bool UseG1GC                                  = true                                      {product} {ergonomic}
     bool UseLargePagesIndividualAllocation        = false                                  {pd product} {ergonomic}

Logging:
Log output configuration:
 #0: stdout all=warning uptime,level,tags
 #1: stderr all=off uptime,level,tags

Environment Variables:
PATH=C:\Program Files\Common Files\Oracle\Java\javapath;C:\Program Files (x86)\Common Files\Oracle\Java\java8path;C:\Program Files (x86)\Common Files\Oracle\Java\javapath;C:\WINDOWS\system32;C:\WINDOWS;C:\WINDOWS\System32\Wbem;C:\WINDOWS\System32\WindowsPowerShell\v1.0\;C:\WINDOWS\System32\OpenSSH\;C:\Users\svo\AppData\Local\Microsoft\WindowsApps;C:\BTS\PortableApps\openlogic-openjdk-17.0.8+7-windows-x64\openlogic-openjdk-17.0.8+7-windows-x64\bin;C:\Users\svo\AppData\Local\ComposerSetup\bin;C:\Users\svo\AppData\Roaming\Composer\vendor\bin;C:\BTS\DEV\Xampp Laravell\xampp\php;C:\BTS\DEV\node-v18.15.0-win-x64;C:\BTS\Nodejs\node-v20.17.0-win-x64;C:\BTS\Git\bin;
USERNAME=SVO
OS=Windows_NT
PROCESSOR_IDENTIFIER=Intel64 Family 6 Model 154 Stepping 4, GenuineIntel
TMP=C:\Users\svo\AppData\Local\Temp
TEMP=C:\Users\svo\AppData\Local\Temp


JNI global refs:
JNI global refs: 25, weak refs: 0

JNI global refs memory usage: 843, weak refs: 841


---------------  S Y S T E M  ---------------

OS:
 Windows 11 , 64 bit Build 26100 (10.0.26100.2992)
OS uptime: 1 days 0:14 hours
Hyper-V role detected

CPU: total 12 (initial active 12) (6 cores per cpu, 2 threads per core) family 6 model 154 stepping 4 microcode 0x435, cx8, cmov, fxsr, ht, mmx, 3dnowpref, sse, sse2, sse3, ssse3, sse4.1, sse4.2, popcnt, lzcnt, tsc, tscinvbit, avx, avx2, aes, erms, clmul, bmi1, bmi2, adx, sha, fma, vzeroupper, clflush, clflushopt, clwb, hv

Memory: 4k page, system-wide physical 16016M (1910M free)
TotalPageFile size 20016M (AvailPageFile size 41M)
current process WorkingSet (physical memory assigned to process): 368M, peak: 389M
current process commit charge ("private bytes"): 435M, peak: 457M

vm_info: OpenJDK 64-Bit Server VM (17.0.6+0-b2043.56-10027231) for windows-amd64 JRE (17.0.6+0-b2043.56-10027231), built on Apr 28 2023 00:43:19 by "androidbuild" with MS VC++ 16.10 / 16.11 (VS2019)

END.
