#
# There is insufficient memory for the Java Runtime Environment to continue.
# Native memory allocation (mmap) failed to map 78643200 bytes for G1 virtual space
# Possible reasons:
#   The system is out of physical RAM or swap space
#   The process is running with CompressedOops enabled, and the Java Heap may be blocking the growth of the native heap
# Possible solutions:
#   Reduce memory load on the system
#   Increase physical memory or swap space
#   Check if swap backing store is full
#   Decrease Java heap size (-Xmx/-Xms)
#   Decrease number of Java threads
#   Decrease Java thread stack sizes (-Xss)
#   Set larger code cache with -XX:ReservedCodeCacheSize=
#   JVM is running with Unscaled Compressed Oops mode in which the Java heap is
#     placed in the first 4GB address space. The Java Heap base address is the
#     maximum limit for the native heap growth. Please use -XX:HeapBaseMinAddress
#     to set the Java Heap base and to place the Java Heap above 4GB virtual address.
# This output file may be truncated or incomplete.
#
#  Out of Memory Error (os_windows.cpp:3769), pid=13268, tid=21648
#
# JRE version: OpenJDK Runtime Environment (17.0.6) (build 17.0.6+0-b2043.56-10027231)
# Java VM: OpenJDK 64-Bit Server VM (17.0.6+0-b2043.56-10027231, mixed mode, tiered, compressed oops, compressed class ptrs, g1 gc, windows-amd64)
# No core dump will be written. Minidumps are not enabled by default on client versions of Windows
#

---------------  S U M M A R Y ------------

Command Line: --add-opens=java.base/java.util=ALL-UNNAMED --add-opens=java.base/java.lang=ALL-UNNAMED --add-opens=java.base/java.lang.invoke=ALL-UNNAMED --add-opens=java.prefs/java.util.prefs=ALL-UNNAMED --add-opens=java.base/java.nio.charset=ALL-UNNAMED --add-opens=java.base/java.net=ALL-UNNAMED --add-opens=java.base/java.util.concurrent.atomic=ALL-UNNAMED -Xmx2048m -Dfile.encoding=UTF-8 -Duser.country=FR -Duser.language=fr -Duser.variant org.gradle.launcher.daemon.bootstrap.GradleDaemon 8.0

Host: 12th Gen Intel(R) Core(TM) i7-1255U, 12 cores, 15G,  Windows 11 , 64 bit Build 26100 (10.0.26100.2992)
Time: Wed Mar 19 14:53:42 2025 Paris, Madrid elapsed time: 28.730939 seconds (0d 0h 0m 28s)

---------------  T H R E A D  ---------------

Current thread (0x000001881e8533f0):  VMThread "VM Thread" [stack: 0x0000004bdf100000,0x0000004bdf200000] [id=21648]

Stack: [0x0000004bdf100000,0x0000004bdf200000]
Native frames: (J=compiled Java code, j=interpreted, Vv=VM code, C=native code)
V  [jvm.dll+0x683c9a]
V  [jvm.dll+0x8427a4]
V  [jvm.dll+0x843f9e]
V  [jvm.dll+0x844603]
V  [jvm.dll+0x249b75]
V  [jvm.dll+0x680b69]
V  [jvm.dll+0x67505a]
V  [jvm.dll+0x309acb]
V  [jvm.dll+0x310f86]
V  [jvm.dll+0x3608ee]
V  [jvm.dll+0x360b1f]
V  [jvm.dll+0x2dfbf8]
V  [jvm.dll+0x2ddec4]
V  [jvm.dll+0x2dd4cc]
V  [jvm.dll+0x321f3b]
V  [jvm.dll+0x848ccb]
V  [jvm.dll+0x849a04]
V  [jvm.dll+0x849f1d]
V  [jvm.dll+0x84a2f4]
V  [jvm.dll+0x84a3c0]
V  [jvm.dll+0x7f274a]
V  [jvm.dll+0x682ad5]
C  [ucrtbase.dll+0x37b0]
C  [KERNEL32.DLL+0x2e8d7]
C  [ntdll.dll+0xbbf6c]

VM_Operation (0x0000004be1efe0c0): G1CollectForAllocation, mode: safepoint, requested by thread 0x000001881ef2f140


---------------  P R O C E S S  ---------------

Threads class SMR info:
_java_thread_list=0x00000188248468d0, length=184, elements={
0x0000018803cc4690, 0x000001881e855db0, 0x000001881e858c80, 0x000001881e862240,
0x000001881e89d400, 0x000001881e89fdd0, 0x000001881e8a0690, 0x000001881e8a1280,
0x000001881e8a1c30, 0x000001881e8a2530, 0x000001881ea58fb0, 0x000001881ea5b490,
0x00000188201f54d0, 0x0000018820f66c20, 0x000001881fa6df40, 0x0000018820eab880,
0x000001882188a830, 0x00000188211e9510, 0x0000018820209570, 0x0000018820e60210,
0x0000018820e5eed0, 0x0000018820e5f3a0, 0x0000018820e5ea00, 0x0000018820e606e0,
0x0000018820e5e060, 0x0000018820e5e530, 0x0000018820e61a20, 0x0000018820e60bb0,
0x0000018820e61080, 0x0000018820e61550, 0x0000018820e5f870, 0x0000018820e5fd40,
0x000001881ef2f140, 0x000001881ef2e7a0, 0x000001881ef2cf90, 0x000001881ef2f610,
0x000001881ef2ffb0, 0x000001881ef2cac0, 0x000001881ef30e20, 0x000001881ef2d460,
0x000001881ef30950, 0x000001881ef317c0, 0x000001881ef31c90, 0x000001881ef32160,
0x000001881ef32630, 0x000001881ef32b00, 0x000001881ef32fd0, 0x000001881ef334a0,
0x000001881ef33970, 0x00000188236682c0, 0x000001882366ae10, 0x0000018823667920,
0x000001882366b2e0, 0x000001882366b7b0, 0x0000018823669fa0, 0x0000018823668c60,
0x0000018823669ad0, 0x000001882366a470, 0x0000018823667df0, 0x000001882366bc80,
0x0000018823669130, 0x000001882366a940, 0x0000018823669600, 0x0000018823668790,
0x000001882366e300, 0x000001882366e7d0, 0x000001882366eca0, 0x000001882366f170,
0x000001882366c620, 0x000001882366d960, 0x000001882366cfc0, 0x000001882366c150,
0x000001882366caf0, 0x000001882366d490, 0x000001882366de30, 0x0000018820f18ee0,
0x0000018820f18a10, 0x0000018820f19880, 0x0000018820f193b0, 0x0000018820f1a220,
0x0000018820f19d50, 0x0000018820f1b090, 0x0000018820f17ba0, 0x0000018820f1ba30,
0x0000018820f1a6f0, 0x0000018820f1abc0, 0x0000018820f1b560, 0x0000018820f18070,
0x0000018820f18540, 0x0000018820f1dbe0, 0x0000018820f1d710, 0x0000018820f1e580,
0x0000018820f1f3f0, 0x0000018820f1e0b0, 0x0000018820f1bf00, 0x0000018820f1ea50,
0x0000018820f1c3d0, 0x0000018820f1ef20, 0x0000018820f1cd70, 0x0000018820f1c8a0,
0x0000018820f1d240, 0x000001881ecfcda0, 0x000001881ecfc8d0, 0x000001881ecfd270,
0x000001881ecfdc10, 0x000001881ecfabf0, 0x000001881ecfbf30, 0x000001881ecfb590,
0x000001881ecfc400, 0x000001881ecfe5b0, 0x000001881ecfd740, 0x000001881ecfe0e0,
0x000001881ecfea80, 0x000001881ecfb0c0, 0x000001881ecfef50, 0x000001881ecff420,
0x000001881ecfba60, 0x000001881ed00c30, 0x000001881ecff8f0, 0x000001881ed01f70,
0x000001881ed02440, 0x000001881ecffdc0, 0x000001881ed01aa0, 0x000001881ed015d0,
0x000001881ed01100, 0x000001881ed00290, 0x000001881ed00760, 0x0000018823753480,
0x0000018823750930, 0x0000018823752fb0, 0x0000018823751c70, 0x0000018823750e00,
0x0000018823752140, 0x0000018823750460, 0x00000188237512d0, 0x0000018823753950,
0x000001882374ff90, 0x00000188237547c0, 0x00000188237517a0, 0x0000018823753e20,
0x00000188237542f0, 0x0000018823754c90, 0x0000018823752ae0, 0x0000018823755630,
0x0000018823755160, 0x0000018823755b00, 0x0000018823757310, 0x0000018823752610,
0x0000018823755fd0, 0x0000018823756e40, 0x0000018823756970, 0x00000188237564a0,
0x00000188237577e0, 0x00000188217e9fe0, 0x00000188217ec660, 0x00000188217ea4b0,
0x00000188217ebcc0, 0x00000188217e9b10, 0x00000188217ea980, 0x00000188217eae50,
0x00000188217e8ca0, 0x00000188217ecb30, 0x00000188217e9170, 0x00000188217e9640,
0x00000188217eb7f0, 0x00000188217ed000, 0x00000188217eb320, 0x00000188217ee810,
0x00000188217ef1b0, 0x00000188217ec190, 0x00000188217eece0, 0x00000188217f04f0,
0x00000188217efb50, 0x0000018827d6dd20, 0x0000018827d6c040, 0x0000018827d6e6c0,
0x0000018827d6e1f0, 0x0000018827d6c9e0, 0x0000018827d6d850, 0x0000018827d6eb90,
0x0000018827d6fed0, 0x0000018827d6ceb0, 0x0000018827d6d380, 0x000001882036e600
}

Java Threads: ( => current thread )
  0x0000018803cc4690 JavaThread "main" [_thread_blocked, id=17168, stack(0x0000004bdeb00000,0x0000004bdec00000)]
  0x000001881e855db0 JavaThread "Reference Handler" daemon [_thread_blocked, id=15764, stack(0x0000004bdf200000,0x0000004bdf300000)]
  0x000001881e858c80 JavaThread "Finalizer" daemon [_thread_blocked, id=10704, stack(0x0000004bdf300000,0x0000004bdf400000)]
  0x000001881e862240 JavaThread "Signal Dispatcher" daemon [_thread_blocked, id=21056, stack(0x0000004bdf400000,0x0000004bdf500000)]
  0x000001881e89d400 JavaThread "Attach Listener" daemon [_thread_blocked, id=4452, stack(0x0000004bdf500000,0x0000004bdf600000)]
  0x000001881e89fdd0 JavaThread "Service Thread" daemon [_thread_blocked, id=132, stack(0x0000004bdf600000,0x0000004bdf700000)]
  0x000001881e8a0690 JavaThread "Monitor Deflation Thread" daemon [_thread_blocked, id=16084, stack(0x0000004bdf700000,0x0000004bdf800000)]
  0x000001881e8a1280 JavaThread "C2 CompilerThread0" daemon [_thread_blocked, id=18296, stack(0x0000004bdf800000,0x0000004bdf900000)]
  0x000001881e8a1c30 JavaThread "C1 CompilerThread0" daemon [_thread_blocked, id=16952, stack(0x0000004bdf900000,0x0000004bdfa00000)]
  0x000001881e8a2530 JavaThread "Sweeper thread" daemon [_thread_blocked, id=24760, stack(0x0000004bdfa00000,0x0000004bdfb00000)]
  0x000001881ea58fb0 JavaThread "Common-Cleaner" daemon [_thread_blocked, id=17416, stack(0x0000004bdfb00000,0x0000004bdfc00000)]
  0x000001881ea5b490 JavaThread "Notification Thread" daemon [_thread_blocked, id=25852, stack(0x0000004bdfc00000,0x0000004bdfd00000)]
  0x00000188201f54d0 JavaThread "Daemon health stats" [_thread_blocked, id=3268, stack(0x0000004be0400000,0x0000004be0500000)]
  0x0000018820f66c20 JavaThread "Incoming local TCP Connector on port 50504" [_thread_in_native, id=22004, stack(0x0000004bdfe00000,0x0000004bdff00000)]
  0x000001881fa6df40 JavaThread "Daemon periodic checks" [_thread_blocked, id=25196, stack(0x0000004be0500000,0x0000004be0600000)]
  0x0000018820eab880 JavaThread "Daemon" [_thread_blocked, id=8996, stack(0x0000004be0600000,0x0000004be0700000)]
  0x000001882188a830 JavaThread "Handler for socket connection from /127.0.0.1:50504 to /127.0.0.1:50505" [_thread_in_native, id=16732, stack(0x0000004be0700000,0x0000004be0800000)]
  0x00000188211e9510 JavaThread "Cancel handler" [_thread_blocked, id=18500, stack(0x0000004be0800000,0x0000004be0900000)]
  0x0000018820209570 JavaThread "Daemon worker" [_thread_blocked, id=27040, stack(0x0000004be0900000,0x0000004be0a00000)]
  0x0000018820e60210 JavaThread "Asynchronous log dispatcher for DefaultDaemonConnection: socket connection from /127.0.0.1:50504 to /127.0.0.1:50505" [_thread_blocked, id=19100, stack(0x0000004be0a00000,0x0000004be0b00000)]
  0x0000018820e5eed0 JavaThread "Stdin handler" [_thread_blocked, id=8904, stack(0x0000004be0b00000,0x0000004be0c00000)]
  0x0000018820e5f3a0 JavaThread "Daemon client event forwarder" [_thread_blocked, id=11520, stack(0x0000004be0c00000,0x0000004be0d00000)]
  0x0000018820e5ea00 JavaThread "Cache worker for journal cache (C:\Users\svo\.gradle\caches\journal-1)" [_thread_blocked, id=27540, stack(0x0000004be1300000,0x0000004be1400000)]
  0x0000018820e606e0 JavaThread "File lock request listener" [_thread_in_native, id=23256, stack(0x0000004be1400000,0x0000004be1500000)]
  0x0000018820e5e060 JavaThread "Cache worker for file hash cache (C:\Users\svo\.gradle\caches\8.0\fileHashes)" [_thread_blocked, id=24936, stack(0x0000004be1500000,0x0000004be1600000)]
  0x0000018820e5e530 JavaThread "File watcher server" daemon [_thread_blocked, id=26400, stack(0x0000004be1700000,0x0000004be1800000)]
  0x0000018820e61a20 JavaThread "File watcher consumer" daemon [_thread_blocked, id=10796, stack(0x0000004be1800000,0x0000004be1900000)]
  0x0000018820e60bb0 JavaThread "Cache worker for checksums cache (C:\BTS\ANDROID\WkRFTG\ApplicationRFTG\.gradle\8.0\checksums)" [_thread_blocked, id=4540, stack(0x0000004be1900000,0x0000004be1a00000)]
  0x0000018820e61080 JavaThread "Cache worker for cache directory md-rule (C:\Users\svo\.gradle\caches\8.0\md-rule)" [_thread_blocked, id=13336, stack(0x0000004be1a00000,0x0000004be1b00000)]
  0x0000018820e61550 JavaThread "Cache worker for file content cache (C:\Users\svo\.gradle\caches\8.0\fileContent)" [_thread_blocked, id=25104, stack(0x0000004be1b00000,0x0000004be1c00000)]
  0x0000018820e5f870 JavaThread "Cache worker for file hash cache (C:\BTS\ANDROID\WkRFTG\ApplicationRFTG\.gradle\8.0\fileHashes)" [_thread_blocked, id=18052, stack(0x0000004be1c00000,0x0000004be1d00000)]
  0x0000018820e5fd40 JavaThread "Cache worker for cache directory md-supplier (C:\Users\svo\.gradle\caches\8.0\md-supplier)" [_thread_blocked, id=27220, stack(0x0000004be1d00000,0x0000004be1e00000)]
  0x000001881ef2f140 JavaThread "Cache worker for execution history cache (C:\Users\svo\.gradle\caches\8.0\executionHistory)" [_thread_blocked, id=20924, stack(0x0000004be1e00000,0x0000004be1f00000)]
  0x000001881ef2e7a0 JavaThread "jar transforms" [_thread_blocked, id=13380, stack(0x0000004be1f00000,0x0000004be2000000)]
  0x000001881ef2cf90 JavaThread "jar transforms Thread 2" [_thread_blocked, id=18496, stack(0x0000004be2000000,0x0000004be2100000)]
  0x000001881ef2f610 JavaThread "Cache worker for kotlin-dsl (C:\Users\svo\.gradle\caches\8.0\kotlin-dsl)" [_thread_blocked, id=24356, stack(0x0000004be2200000,0x0000004be2300000)]
  0x000001881ef2ffb0 JavaThread "jar transforms Thread 3" [_thread_blocked, id=3996, stack(0x0000004be2300000,0x0000004be2400000)]
  0x000001881ef2cac0 JavaThread "jar transforms Thread 4" [_thread_blocked, id=21672, stack(0x0000004be2400000,0x0000004be2500000)]
  0x000001881ef30e20 JavaThread "Cache worker for dependencies-accessors (C:\BTS\ANDROID\WkRFTG\ApplicationRFTG\.gradle\8.0\dependencies-accessors)" [_thread_blocked, id=12244, stack(0x0000004be2500000,0x0000004be2600000)]
  0x000001881ef2d460 JavaThread "Cache worker for Build Output Cleanup Cache (C:\BTS\ANDROID\WkRFTG\ApplicationRFTG\.gradle\buildOutputCleanup)" [_thread_blocked, id=11548, stack(0x0000004be2600000,0x0000004be2700000)]
  0x000001881ef30950 JavaThread "jar transforms Thread 5" [_thread_blocked, id=27684, stack(0x0000004be2700000,0x0000004be2800000)]
  0x000001881ef317c0 JavaThread "Unconstrained build operations" [_thread_blocked, id=16088, stack(0x0000004be2900000,0x0000004be2a00000)]
  0x000001881ef31c90 JavaThread "Unconstrained build operations Thread 2" [_thread_blocked, id=23828, stack(0x0000004be2a00000,0x0000004be2b00000)]
  0x000001881ef32160 JavaThread "Unconstrained build operations Thread 3" [_thread_blocked, id=24520, stack(0x0000004be2b00000,0x0000004be2c00000)]
  0x000001881ef32630 JavaThread "Unconstrained build operations Thread 4" [_thread_blocked, id=5692, stack(0x0000004be2c00000,0x0000004be2d00000)]
  0x000001881ef32b00 JavaThread "Unconstrained build operations Thread 5" [_thread_blocked, id=14932, stack(0x0000004be2d00000,0x0000004be2e00000)]
  0x000001881ef32fd0 JavaThread "Unconstrained build operations Thread 6" [_thread_blocked, id=1852, stack(0x0000004be2e00000,0x0000004be2f00000)]
  0x000001881ef334a0 JavaThread "Unconstrained build operations Thread 7" [_thread_blocked, id=20120, stack(0x0000004be2f00000,0x0000004be3000000)]
  0x000001881ef33970 JavaThread "Unconstrained build operations Thread 8" [_thread_blocked, id=16800, stack(0x0000004be3000000,0x0000004be3100000)]
  0x00000188236682c0 JavaThread "Unconstrained build operations Thread 9" [_thread_blocked, id=24120, stack(0x0000004be3100000,0x0000004be3200000)]
  0x000001882366ae10 JavaThread "Unconstrained build operations Thread 10" [_thread_blocked, id=23028, stack(0x0000004be3200000,0x0000004be3300000)]
  0x0000018823667920 JavaThread "Unconstrained build operations Thread 11" [_thread_blocked, id=23768, stack(0x0000004be3300000,0x0000004be3400000)]
  0x000001882366b2e0 JavaThread "Unconstrained build operations Thread 12" [_thread_blocked, id=5956, stack(0x0000004be3400000,0x0000004be3500000)]
  0x000001882366b7b0 JavaThread "Unconstrained build operations Thread 13" [_thread_blocked, id=16820, stack(0x0000004be3500000,0x0000004be3600000)]
  0x0000018823669fa0 JavaThread "Unconstrained build operations Thread 14" [_thread_blocked, id=19236, stack(0x0000004be3600000,0x0000004be3700000)]
  0x0000018823668c60 JavaThread "Unconstrained build operations Thread 15" [_thread_blocked, id=9936, stack(0x0000004be3700000,0x0000004be3800000)]
  0x0000018823669ad0 JavaThread "Unconstrained build operations Thread 16" [_thread_blocked, id=15272, stack(0x0000004be3800000,0x0000004be3900000)]
  0x000001882366a470 JavaThread "Unconstrained build operations Thread 17" [_thread_blocked, id=23456, stack(0x0000004be3900000,0x0000004be3a00000)]
  0x0000018823667df0 JavaThread "Unconstrained build operations Thread 18" [_thread_blocked, id=10320, stack(0x0000004be3a00000,0x0000004be3b00000)]
  0x000001882366bc80 JavaThread "Unconstrained build operations Thread 19" [_thread_blocked, id=14340, stack(0x0000004be3b00000,0x0000004be3c00000)]
  0x0000018823669130 JavaThread "Unconstrained build operations Thread 20" [_thread_blocked, id=9576, stack(0x0000004be3c00000,0x0000004be3d00000)]
  0x000001882366a940 JavaThread "Unconstrained build operations Thread 21" [_thread_blocked, id=20944, stack(0x0000004be3d00000,0x0000004be3e00000)]
  0x0000018823669600 JavaThread "Unconstrained build operations Thread 22" [_thread_blocked, id=13724, stack(0x0000004be3e00000,0x0000004be3f00000)]
  0x0000018823668790 JavaThread "Unconstrained build operations Thread 23" [_thread_blocked, id=27016, stack(0x0000004be3f00000,0x0000004be4000000)]
  0x000001882366e300 JavaThread "Unconstrained build operations Thread 24" [_thread_blocked, id=26548, stack(0x0000004be4000000,0x0000004be4100000)]
  0x000001882366e7d0 JavaThread "Unconstrained build operations Thread 25" [_thread_blocked, id=4768, stack(0x0000004be4100000,0x0000004be4200000)]
  0x000001882366eca0 JavaThread "Unconstrained build operations Thread 26" [_thread_blocked, id=26700, stack(0x0000004be4200000,0x0000004be4300000)]
  0x000001882366f170 JavaThread "Unconstrained build operations Thread 27" [_thread_blocked, id=10608, stack(0x0000004be4300000,0x0000004be4400000)]
  0x000001882366c620 JavaThread "Unconstrained build operations Thread 28" [_thread_blocked, id=11312, stack(0x0000004be4400000,0x0000004be4500000)]
  0x000001882366d960 JavaThread "Unconstrained build operations Thread 29" [_thread_blocked, id=18836, stack(0x0000004be4500000,0x0000004be4600000)]
  0x000001882366cfc0 JavaThread "Unconstrained build operations Thread 30" [_thread_blocked, id=7112, stack(0x0000004be4600000,0x0000004be4700000)]
  0x000001882366c150 JavaThread "Unconstrained build operations Thread 31" [_thread_blocked, id=13112, stack(0x0000004be4700000,0x0000004be4800000)]
  0x000001882366caf0 JavaThread "Unconstrained build operations Thread 32" [_thread_blocked, id=23348, stack(0x0000004be4800000,0x0000004be4900000)]
  0x000001882366d490 JavaThread "Unconstrained build operations Thread 33" [_thread_blocked, id=24904, stack(0x0000004be4900000,0x0000004be4a00000)]
  0x000001882366de30 JavaThread "Unconstrained build operations Thread 34" [_thread_blocked, id=22936, stack(0x0000004be4a00000,0x0000004be4b00000)]
  0x0000018820f18ee0 JavaThread "Unconstrained build operations Thread 35" [_thread_blocked, id=3800, stack(0x0000004be4b00000,0x0000004be4c00000)]
  0x0000018820f18a10 JavaThread "Unconstrained build operations Thread 36" [_thread_blocked, id=23848, stack(0x0000004be4c00000,0x0000004be4d00000)]
  0x0000018820f19880 JavaThread "Unconstrained build operations Thread 37" [_thread_blocked, id=17344, stack(0x0000004be4d00000,0x0000004be4e00000)]
  0x0000018820f193b0 JavaThread "Unconstrained build operations Thread 38" [_thread_blocked, id=22988, stack(0x0000004be4e00000,0x0000004be4f00000)]
  0x0000018820f1a220 JavaThread "Unconstrained build operations Thread 39" [_thread_blocked, id=16600, stack(0x0000004be4f00000,0x0000004be5000000)]
  0x0000018820f19d50 JavaThread "Unconstrained build operations Thread 40" [_thread_blocked, id=9200, stack(0x0000004be5000000,0x0000004be5100000)]
  0x0000018820f1b090 JavaThread "Unconstrained build operations Thread 41" [_thread_blocked, id=17492, stack(0x0000004be5100000,0x0000004be5200000)]
  0x0000018820f17ba0 JavaThread "Unconstrained build operations Thread 42" [_thread_blocked, id=20608, stack(0x0000004be5200000,0x0000004be5300000)]
  0x0000018820f1ba30 JavaThread "Unconstrained build operations Thread 43" [_thread_blocked, id=6700, stack(0x0000004be5300000,0x0000004be5400000)]
  0x0000018820f1a6f0 JavaThread "Unconstrained build operations Thread 44" [_thread_blocked, id=9840, stack(0x0000004be5400000,0x0000004be5500000)]
  0x0000018820f1abc0 JavaThread "Unconstrained build operations Thread 45" [_thread_blocked, id=6440, stack(0x0000004be5500000,0x0000004be5600000)]
  0x0000018820f1b560 JavaThread "Unconstrained build operations Thread 46" [_thread_blocked, id=7812, stack(0x0000004be5600000,0x0000004be5700000)]
  0x0000018820f18070 JavaThread "Unconstrained build operations Thread 47" [_thread_blocked, id=23872, stack(0x0000004be5700000,0x0000004be5800000)]
  0x0000018820f18540 JavaThread "Unconstrained build operations Thread 48" [_thread_blocked, id=13744, stack(0x0000004be5800000,0x0000004be5900000)]
  0x0000018820f1dbe0 JavaThread "Unconstrained build operations Thread 49" [_thread_blocked, id=25004, stack(0x0000004be5900000,0x0000004be5a00000)]
  0x0000018820f1d710 JavaThread "Unconstrained build operations Thread 50" [_thread_blocked, id=18916, stack(0x0000004be5a00000,0x0000004be5b00000)]
  0x0000018820f1e580 JavaThread "Unconstrained build operations Thread 51" [_thread_blocked, id=16584, stack(0x0000004be5b00000,0x0000004be5c00000)]
  0x0000018820f1f3f0 JavaThread "Unconstrained build operations Thread 52" [_thread_blocked, id=11472, stack(0x0000004be5c00000,0x0000004be5d00000)]
  0x0000018820f1e0b0 JavaThread "Unconstrained build operations Thread 53" [_thread_blocked, id=24568, stack(0x0000004be5d00000,0x0000004be5e00000)]
  0x0000018820f1bf00 JavaThread "Unconstrained build operations Thread 54" [_thread_blocked, id=27552, stack(0x0000004be5e00000,0x0000004be5f00000)]
  0x0000018820f1ea50 JavaThread "Unconstrained build operations Thread 55" [_thread_blocked, id=19172, stack(0x0000004be5f00000,0x0000004be6000000)]
  0x0000018820f1c3d0 JavaThread "Unconstrained build operations Thread 56" [_thread_blocked, id=10896, stack(0x0000004be6000000,0x0000004be6100000)]
  0x0000018820f1ef20 JavaThread "Unconstrained build operations Thread 57" [_thread_blocked, id=20940, stack(0x0000004be6100000,0x0000004be6200000)]
  0x0000018820f1cd70 JavaThread "Unconstrained build operations Thread 58" [_thread_blocked, id=5212, stack(0x0000004be6200000,0x0000004be6300000)]
  0x0000018820f1c8a0 JavaThread "Unconstrained build operations Thread 59" [_thread_blocked, id=23948, stack(0x0000004be6300000,0x0000004be6400000)]
  0x0000018820f1d240 JavaThread "Unconstrained build operations Thread 60" [_thread_blocked, id=23268, stack(0x0000004be6400000,0x0000004be6500000)]
  0x000001881ecfcda0 JavaThread "Unconstrained build operations Thread 61" [_thread_blocked, id=19408, stack(0x0000004be6500000,0x0000004be6600000)]
  0x000001881ecfc8d0 JavaThread "Unconstrained build operations Thread 62" [_thread_blocked, id=18124, stack(0x0000004be6600000,0x0000004be6700000)]
  0x000001881ecfd270 JavaThread "Unconstrained build operations Thread 63" [_thread_blocked, id=28440, stack(0x0000004be6700000,0x0000004be6800000)]
  0x000001881ecfdc10 JavaThread "Unconstrained build operations Thread 64" [_thread_blocked, id=22196, stack(0x0000004be6800000,0x0000004be6900000)]
  0x000001881ecfabf0 JavaThread "Unconstrained build operations Thread 65" [_thread_blocked, id=25908, stack(0x0000004be6900000,0x0000004be6a00000)]
  0x000001881ecfbf30 JavaThread "Unconstrained build operations Thread 66" [_thread_blocked, id=21512, stack(0x0000004be6a00000,0x0000004be6b00000)]
  0x000001881ecfb590 JavaThread "Unconstrained build operations Thread 67" [_thread_blocked, id=23044, stack(0x0000004be6b00000,0x0000004be6c00000)]
  0x000001881ecfc400 JavaThread "Unconstrained build operations Thread 68" [_thread_blocked, id=27744, stack(0x0000004be6c00000,0x0000004be6d00000)]
  0x000001881ecfe5b0 JavaThread "Unconstrained build operations Thread 69" [_thread_blocked, id=21000, stack(0x0000004be6d00000,0x0000004be6e00000)]
  0x000001881ecfd740 JavaThread "Unconstrained build operations Thread 70" [_thread_blocked, id=22720, stack(0x0000004be6e00000,0x0000004be6f00000)]
  0x000001881ecfe0e0 JavaThread "Unconstrained build operations Thread 71" [_thread_blocked, id=25836, stack(0x0000004be6f00000,0x0000004be7000000)]
  0x000001881ecfea80 JavaThread "Unconstrained build operations Thread 72" [_thread_blocked, id=22684, stack(0x0000004be7000000,0x0000004be7100000)]
  0x000001881ecfb0c0 JavaThread "Unconstrained build operations Thread 73" [_thread_blocked, id=10032, stack(0x0000004be7100000,0x0000004be7200000)]
  0x000001881ecfef50 JavaThread "Unconstrained build operations Thread 74" [_thread_blocked, id=23048, stack(0x0000004be7200000,0x0000004be7300000)]
  0x000001881ecff420 JavaThread "Unconstrained build operations Thread 75" [_thread_blocked, id=8248, stack(0x0000004be7300000,0x0000004be7400000)]
  0x000001881ecfba60 JavaThread "Unconstrained build operations Thread 76" [_thread_blocked, id=22292, stack(0x0000004be7400000,0x0000004be7500000)]
  0x000001881ed00c30 JavaThread "Unconstrained build operations Thread 77" [_thread_blocked, id=22056, stack(0x0000004be7500000,0x0000004be7600000)]
  0x000001881ecff8f0 JavaThread "Unconstrained build operations Thread 78" [_thread_blocked, id=2792, stack(0x0000004be7600000,0x0000004be7700000)]
  0x000001881ed01f70 JavaThread "Unconstrained build operations Thread 79" [_thread_blocked, id=24304, stack(0x0000004be7700000,0x0000004be7800000)]
  0x000001881ed02440 JavaThread "Unconstrained build operations Thread 80" [_thread_blocked, id=23320, stack(0x0000004be7800000,0x0000004be7900000)]
  0x000001881ecffdc0 JavaThread "Unconstrained build operations Thread 81" [_thread_blocked, id=26512, stack(0x0000004be7900000,0x0000004be7a00000)]
  0x000001881ed01aa0 JavaThread "Unconstrained build operations Thread 82" [_thread_blocked, id=27064, stack(0x0000004be7a00000,0x0000004be7b00000)]
  0x000001881ed015d0 JavaThread "Unconstrained build operations Thread 83" [_thread_blocked, id=9572, stack(0x0000004be7b00000,0x0000004be7c00000)]
  0x000001881ed01100 JavaThread "Unconstrained build operations Thread 84" [_thread_blocked, id=17720, stack(0x0000004be7c00000,0x0000004be7d00000)]
  0x000001881ed00290 JavaThread "Unconstrained build operations Thread 85" [_thread_blocked, id=28500, stack(0x0000004be7d00000,0x0000004be7e00000)]
  0x000001881ed00760 JavaThread "Unconstrained build operations Thread 86" [_thread_blocked, id=24212, stack(0x0000004be7e00000,0x0000004be7f00000)]
  0x0000018823753480 JavaThread "Unconstrained build operations Thread 87" [_thread_blocked, id=5636, stack(0x0000004be7f00000,0x0000004be8000000)]
  0x0000018823750930 JavaThread "Unconstrained build operations Thread 88" [_thread_blocked, id=18544, stack(0x0000004be8000000,0x0000004be8100000)]
  0x0000018823752fb0 JavaThread "Unconstrained build operations Thread 89" [_thread_blocked, id=25636, stack(0x0000004be8100000,0x0000004be8200000)]
  0x0000018823751c70 JavaThread "Unconstrained build operations Thread 90" [_thread_blocked, id=19380, stack(0x0000004be8200000,0x0000004be8300000)]
  0x0000018823750e00 JavaThread "Unconstrained build operations Thread 91" [_thread_blocked, id=5356, stack(0x0000004be8300000,0x0000004be8400000)]
  0x0000018823752140 JavaThread "Unconstrained build operations Thread 92" [_thread_blocked, id=22736, stack(0x0000004be8400000,0x0000004be8500000)]
  0x0000018823750460 JavaThread "Unconstrained build operations Thread 93" [_thread_blocked, id=22932, stack(0x0000004be8500000,0x0000004be8600000)]
  0x00000188237512d0 JavaThread "Unconstrained build operations Thread 94" [_thread_blocked, id=24660, stack(0x0000004be8600000,0x0000004be8700000)]
  0x0000018823753950 JavaThread "Unconstrained build operations Thread 95" [_thread_blocked, id=9780, stack(0x0000004be8700000,0x0000004be8800000)]
  0x000001882374ff90 JavaThread "Unconstrained build operations Thread 96" [_thread_blocked, id=9680, stack(0x0000004be8800000,0x0000004be8900000)]
  0x00000188237547c0 JavaThread "Unconstrained build operations Thread 97" [_thread_blocked, id=26064, stack(0x0000004be8900000,0x0000004be8a00000)]
  0x00000188237517a0 JavaThread "Unconstrained build operations Thread 98" [_thread_blocked, id=21776, stack(0x0000004be8a00000,0x0000004be8b00000)]
  0x0000018823753e20 JavaThread "Unconstrained build operations Thread 99" [_thread_blocked, id=28436, stack(0x0000004be8b00000,0x0000004be8c00000)]
  0x00000188237542f0 JavaThread "Unconstrained build operations Thread 100" [_thread_blocked, id=28592, stack(0x0000004be8c00000,0x0000004be8d00000)]
  0x0000018823754c90 JavaThread "Unconstrained build operations Thread 101" [_thread_blocked, id=23620, stack(0x0000004be8d00000,0x0000004be8e00000)]
  0x0000018823752ae0 JavaThread "Unconstrained build operations Thread 102" [_thread_blocked, id=20096, stack(0x0000004be8e00000,0x0000004be8f00000)]
  0x0000018823755630 JavaThread "Unconstrained build operations Thread 103" [_thread_blocked, id=27968, stack(0x0000004be8f00000,0x0000004be9000000)]
  0x0000018823755160 JavaThread "Unconstrained build operations Thread 104" [_thread_blocked, id=24656, stack(0x0000004be9000000,0x0000004be9100000)]
  0x0000018823755b00 JavaThread "Unconstrained build operations Thread 105" [_thread_blocked, id=18372, stack(0x0000004be9100000,0x0000004be9200000)]
  0x0000018823757310 JavaThread "Unconstrained build operations Thread 106" [_thread_blocked, id=18088, stack(0x0000004be9200000,0x0000004be9300000)]
  0x0000018823752610 JavaThread "Unconstrained build operations Thread 107" [_thread_blocked, id=24412, stack(0x0000004be9300000,0x0000004be9400000)]
  0x0000018823755fd0 JavaThread "Unconstrained build operations Thread 108" [_thread_blocked, id=26728, stack(0x0000004be9400000,0x0000004be9500000)]
  0x0000018823756e40 JavaThread "Unconstrained build operations Thread 109" [_thread_blocked, id=16428, stack(0x0000004be9500000,0x0000004be9600000)]
  0x0000018823756970 JavaThread "Unconstrained build operations Thread 110" [_thread_blocked, id=27384, stack(0x0000004be9600000,0x0000004be9700000)]
  0x00000188237564a0 JavaThread "Unconstrained build operations Thread 111" [_thread_blocked, id=24428, stack(0x0000004be9700000,0x0000004be9800000)]
  0x00000188237577e0 JavaThread "Unconstrained build operations Thread 112" [_thread_blocked, id=19444, stack(0x0000004be9800000,0x0000004be9900000)]
  0x00000188217e9fe0 JavaThread "Unconstrained build operations Thread 113" [_thread_blocked, id=13424, stack(0x0000004be9900000,0x0000004be9a00000)]
  0x00000188217ec660 JavaThread "Unconstrained build operations Thread 114" [_thread_blocked, id=23052, stack(0x0000004be9a00000,0x0000004be9b00000)]
  0x00000188217ea4b0 JavaThread "Unconstrained build operations Thread 115" [_thread_blocked, id=24700, stack(0x0000004be9b00000,0x0000004be9c00000)]
  0x00000188217ebcc0 JavaThread "Unconstrained build operations Thread 116" [_thread_blocked, id=24284, stack(0x0000004be9c00000,0x0000004be9d00000)]
  0x00000188217e9b10 JavaThread "Unconstrained build operations Thread 117" [_thread_blocked, id=24512, stack(0x0000004be9d00000,0x0000004be9e00000)]
  0x00000188217ea980 JavaThread "Unconstrained build operations Thread 118" [_thread_blocked, id=22432, stack(0x0000004be9e00000,0x0000004be9f00000)]
  0x00000188217eae50 JavaThread "Unconstrained build operations Thread 119" [_thread_blocked, id=21828, stack(0x0000004be9f00000,0x0000004bea000000)]
  0x00000188217e8ca0 JavaThread "Unconstrained build operations Thread 120" [_thread_blocked, id=16644, stack(0x0000004bea000000,0x0000004bea100000)]
  0x00000188217ecb30 JavaThread "jar transforms Thread 6" [_thread_blocked, id=24156, stack(0x0000004bea100000,0x0000004bea200000)]
  0x00000188217e9170 JavaThread "jar transforms Thread 7" [_thread_blocked, id=23096, stack(0x0000004bea200000,0x0000004bea300000)]
  0x00000188217e9640 JavaThread "jar transforms Thread 8" [_thread_blocked, id=22856, stack(0x0000004bea300000,0x0000004bea400000)]
  0x00000188217eb7f0 JavaThread "jar transforms Thread 9" [_thread_blocked, id=20808, stack(0x0000004bea400000,0x0000004bea500000)]
  0x00000188217ed000 JavaThread "jar transforms Thread 10" [_thread_blocked, id=12776, stack(0x0000004bea500000,0x0000004bea600000)]
  0x00000188217eb320 JavaThread "jar transforms Thread 11" [_thread_blocked, id=3016, stack(0x0000004bea600000,0x0000004bea700000)]
  0x00000188217ee810 JavaThread "jar transforms Thread 12" [_thread_blocked, id=14168, stack(0x0000004bea700000,0x0000004bea800000)]
  0x00000188217ef1b0 JavaThread "build event listener" [_thread_blocked, id=26216, stack(0x0000004be2100000,0x0000004be2200000)]
  0x00000188217ec190 JavaThread "Memory manager" [_thread_blocked, id=25704, stack(0x0000004bea800000,0x0000004bea900000)]
  0x00000188217eece0 JavaThread "included builds" [_thread_blocked, id=25180, stack(0x0000004beaa00000,0x0000004beab00000)]
  0x00000188217f04f0 JavaThread "Execution worker" [_thread_blocked, id=6364, stack(0x0000004beab00000,0x0000004beac00000)]
  0x00000188217efb50 JavaThread "Execution worker Thread 2" [_thread_blocked, id=8128, stack(0x0000004beac00000,0x0000004bead00000)]
  0x0000018827d6dd20 JavaThread "Execution worker Thread 3" [_thread_blocked, id=27332, stack(0x0000004bead00000,0x0000004beae00000)]
  0x0000018827d6c040 JavaThread "Execution worker Thread 4" [_thread_blocked, id=9600, stack(0x0000004beae00000,0x0000004beaf00000)]
  0x0000018827d6e6c0 JavaThread "Execution worker Thread 5" [_thread_blocked, id=13348, stack(0x0000004beaf00000,0x0000004beb000000)]
  0x0000018827d6e1f0 JavaThread "Execution worker Thread 6" [_thread_blocked, id=26792, stack(0x0000004beb000000,0x0000004beb100000)]
  0x0000018827d6c9e0 JavaThread "Execution worker Thread 7" [_thread_blocked, id=15968, stack(0x0000004beb100000,0x0000004beb200000)]
  0x0000018827d6d850 JavaThread "Execution worker Thread 8" [_thread_blocked, id=16784, stack(0x0000004beb200000,0x0000004beb300000)]
  0x0000018827d6eb90 JavaThread "Execution worker Thread 9" [_thread_blocked, id=26504, stack(0x0000004beb300000,0x0000004beb400000)]
  0x0000018827d6fed0 JavaThread "Execution worker Thread 10" [_thread_blocked, id=23204, stack(0x0000004beb400000,0x0000004beb500000)]
  0x0000018827d6ceb0 JavaThread "Execution worker Thread 11" [_thread_blocked, id=17132, stack(0x0000004beb500000,0x0000004beb600000)]
  0x0000018827d6d380 JavaThread "Cache worker for execution history cache (C:\BTS\ANDROID\WkRFTG\ApplicationRFTG\.gradle\8.0\executionHistory)" [_thread_blocked, id=4208, stack(0x0000004beb600000,0x0000004beb700000)]
  0x000001882036e600 JavaThread "C2 CompilerThread1" daemon [_thread_blocked, id=2920, stack(0x0000004be1600000,0x0000004be1700000)]

Other Threads:
=>0x000001881e8533f0 VMThread "VM Thread" [stack: 0x0000004bdf100000,0x0000004bdf200000] [id=21648]
  0x0000018803d467f0 WatcherThread [stack: 0x0000004bdfd00000,0x0000004bdfe00000] [id=25624]
  0x0000018803d21640 GCTaskThread "GC Thread#0" [stack: 0x0000004bdec00000,0x0000004bded00000] [id=16216]
  0x000001881eee80e0 GCTaskThread "GC Thread#1" [stack: 0x0000004bdff00000,0x0000004be0000000] [id=6964]
  0x000001881eee78d0 GCTaskThread "GC Thread#2" [stack: 0x0000004be0000000,0x0000004be0100000] [id=27924]
  0x000001881eee8ba0 GCTaskThread "GC Thread#3" [stack: 0x0000004be0100000,0x0000004be0200000] [id=21324]
  0x000001881eee8390 GCTaskThread "GC Thread#4" [stack: 0x0000004be0200000,0x0000004be0300000] [id=16504]
  0x000001881eee8e50 GCTaskThread "GC Thread#5" [stack: 0x0000004be0300000,0x0000004be0400000] [id=18572]
  0x000001882104c740 GCTaskThread "GC Thread#6" [stack: 0x0000004be0d00000,0x0000004be0e00000] [id=25664]
  0x000001882104af10 GCTaskThread "GC Thread#7" [stack: 0x0000004be0e00000,0x0000004be0f00000] [id=15732]
  0x000001882104c490 GCTaskThread "GC Thread#8" [stack: 0x0000004be0f00000,0x0000004be1000000] [id=26572]
  0x000001882104d4b0 GCTaskThread "GC Thread#9" [stack: 0x0000004be1000000,0x0000004be1100000] [id=18076]
  0x0000018803d325f0 ConcurrentGCThread "G1 Main Marker" [stack: 0x0000004bded00000,0x0000004bdee00000] [id=28068]
  0x0000018803d34930 ConcurrentGCThread "G1 Conc#0" [stack: 0x0000004bdee00000,0x0000004bdef00000] [id=17628]
  0x000001882104da10 ConcurrentGCThread "G1 Conc#1" [stack: 0x0000004be1100000,0x0000004be1200000] [id=24884]
  0x000001882104df70 ConcurrentGCThread "G1 Conc#2" [stack: 0x0000004be1200000,0x0000004be1300000] [id=8336]
  0x0000018803d7dfc0 ConcurrentGCThread "G1 Refine#0" [stack: 0x0000004bdef00000,0x0000004bdf000000] [id=3120]
  0x0000018803d7e790 ConcurrentGCThread "G1 Service" [stack: 0x0000004bdf000000,0x0000004bdf100000] [id=20504]

Threads with active compile tasks:
C2 CompilerThread0    28773 10376       4       com.google.common.collect.MapMakerInternalMap$Segment::drainKeyReferenceQueue (42 bytes)
C1 CompilerThread0    28773 10403   !   3       org.gradle.internal.operations.DefaultBuildOperationQueue$WorkerRunnable::waitForNextOperation (89 bytes)
C2 CompilerThread1    28773 10363       4       org.gradle.tooling.internal.provider.runner.ClientBuildEventGenerator::started (168 bytes)

VM state: at safepoint (normal execution)

VM Mutex/Monitor currently owned by a thread:  ([mutex/lock_event])
[0x0000018803cc0880] Threads_lock - owner thread: 0x000001881e8533f0
[0x0000018803cbfe60] Heap_lock - owner thread: 0x000001881ef2f140

Heap address: 0x0000000080000000, size: 2048 MB, Compressed Oops mode: 32-bit

CDS archive(s) not mapped
Compressed class space mapped at: 0x0000000100000000-0x0000000140000000, reserved size: 1073741824
Narrow klass base: 0x0000000000000000, Narrow klass shift: 3, Narrow klass range: 0x140000000

GC Precious Log:
 CPUs: 12 total, 12 available
 Memory: 16016M
 Large Page Support: Disabled
 NUMA Support: Disabled
 Compressed Oops: Enabled (32-bit)
 Heap Region Size: 1M
 Heap Min Capacity: 8M
 Heap Initial Capacity: 252M
 Heap Max Capacity: 2G
 Pre-touch: Disabled
 Parallel Workers: 10
 Concurrent Workers: 3
 Concurrent Refinement Workers: 10
 Periodic GC: Disabled

Heap:
 garbage-first heap   total 134144K, used 79812K [0x0000000080000000, 0x0000000100000000)
  region size 1024K, 3 young (3072K), 3 survivors (3072K)
 Metaspace       used 95627K, committed 96320K, reserved 1138688K
  class space    used 13130K, committed 13440K, reserved 1048576K

Heap Regions: E=young(eden), S=young(survivor), O=old, HS=humongous(starts), HC=humongous(continues), CS=collection set, F=free, OA=open archive, CA=closed archive, TAMS=top-at-mark-start (previous, next)
|   0|0x0000000080000000, 0x0000000080100000, 0x0000000080100000|100%|HS|  |TAMS 0x0000000080100000, 0x0000000080100000| Complete 
|   1|0x0000000080100000, 0x0000000080200000, 0x0000000080200000|100%|HC|  |TAMS 0x0000000080200000, 0x0000000080200000| Complete 
|   2|0x0000000080200000, 0x0000000080300000, 0x0000000080300000|100%|HC|  |TAMS 0x0000000080300000, 0x0000000080300000| Complete 
|   3|0x0000000080300000, 0x0000000080400000, 0x0000000080400000|100%|HC|  |TAMS 0x0000000080400000, 0x0000000080400000| Complete 
|   4|0x0000000080400000, 0x0000000080500000, 0x0000000080500000|100%| O|  |TAMS 0x0000000080500000, 0x0000000080500000| Untracked 
|   5|0x0000000080500000, 0x0000000080600000, 0x0000000080600000|100%| O|  |TAMS 0x0000000080600000, 0x0000000080600000| Untracked 
|   6|0x0000000080600000, 0x0000000080700000, 0x0000000080700000|100%| O|  |TAMS 0x0000000080700000, 0x0000000080700000| Untracked 
|   7|0x0000000080700000, 0x0000000080800000, 0x0000000080800000|100%| O|  |TAMS 0x0000000080800000, 0x0000000080800000| Untracked 
|   8|0x0000000080800000, 0x0000000080900000, 0x0000000080900000|100%| O|  |TAMS 0x0000000080900000, 0x0000000080900000| Untracked 
|   9|0x0000000080900000, 0x0000000080a00000, 0x0000000080a00000|100%| O|  |TAMS 0x0000000080a00000, 0x0000000080a00000| Untracked 
|  10|0x0000000080a00000, 0x0000000080b00000, 0x0000000080b00000|100%| O|  |TAMS 0x0000000080b00000, 0x0000000080b00000| Untracked 
|  11|0x0000000080b00000, 0x0000000080c00000, 0x0000000080c00000|100%| O|  |TAMS 0x0000000080c00000, 0x0000000080c00000| Untracked 
|  12|0x0000000080c00000, 0x0000000080d00000, 0x0000000080d00000|100%| O|  |TAMS 0x0000000080d00000, 0x0000000080d00000| Untracked 
|  13|0x0000000080d00000, 0x0000000080e00000, 0x0000000080e00000|100%| O|  |TAMS 0x0000000080e00000, 0x0000000080e00000| Untracked 
|  14|0x0000000080e00000, 0x0000000080f00000, 0x0000000080f00000|100%| O|  |TAMS 0x0000000080f00000, 0x0000000080f00000| Untracked 
|  15|0x0000000080f00000, 0x0000000081000000, 0x0000000081000000|100%| O|  |TAMS 0x0000000081000000, 0x0000000081000000| Untracked 
|  16|0x0000000081000000, 0x0000000081100000, 0x0000000081100000|100%| O|  |TAMS 0x0000000081100000, 0x0000000081100000| Untracked 
|  17|0x0000000081100000, 0x0000000081200000, 0x0000000081200000|100%| O|  |TAMS 0x0000000081200000, 0x0000000081200000| Untracked 
|  18|0x0000000081200000, 0x0000000081300000, 0x0000000081300000|100%| O|  |TAMS 0x0000000081300000, 0x0000000081300000| Untracked 
|  19|0x0000000081300000, 0x0000000081400000, 0x0000000081400000|100%| O|  |TAMS 0x0000000081400000, 0x0000000081400000| Untracked 
|  20|0x0000000081400000, 0x0000000081500000, 0x0000000081500000|100%| O|  |TAMS 0x0000000081500000, 0x0000000081500000| Untracked 
|  21|0x0000000081500000, 0x0000000081600000, 0x0000000081600000|100%| O|  |TAMS 0x0000000081600000, 0x0000000081600000| Untracked 
|  22|0x0000000081600000, 0x0000000081700000, 0x0000000081700000|100%| O|  |TAMS 0x0000000081700000, 0x0000000081700000| Untracked 
|  23|0x0000000081700000, 0x0000000081800000, 0x0000000081800000|100%| O|  |TAMS 0x0000000081800000, 0x0000000081800000| Untracked 
|  24|0x0000000081800000, 0x0000000081900000, 0x0000000081900000|100%| O|  |TAMS 0x0000000081900000, 0x0000000081900000| Untracked 
|  25|0x0000000081900000, 0x0000000081a00000, 0x0000000081a00000|100%| O|  |TAMS 0x0000000081a00000, 0x0000000081a00000| Untracked 
|  26|0x0000000081a00000, 0x0000000081b00000, 0x0000000081b00000|100%| O|  |TAMS 0x0000000081b00000, 0x0000000081b00000| Untracked 
|  27|0x0000000081b00000, 0x0000000081c00000, 0x0000000081c00000|100%| O|  |TAMS 0x0000000081c00000, 0x0000000081c00000| Untracked 
|  28|0x0000000081c00000, 0x0000000081d00000, 0x0000000081d00000|100%| O|  |TAMS 0x0000000081d00000, 0x0000000081d00000| Untracked 
|  29|0x0000000081d00000, 0x0000000081e00000, 0x0000000081e00000|100%| O|  |TAMS 0x0000000081e00000, 0x0000000081e00000| Untracked 
|  30|0x0000000081e00000, 0x0000000081e00000, 0x0000000081f00000|  0%| F|  |TAMS 0x0000000081e00000, 0x0000000081e00000| Untracked 
|  31|0x0000000081f00000, 0x0000000082000000, 0x0000000082000000|100%| O|  |TAMS 0x0000000082000000, 0x0000000082000000| Untracked 
|  32|0x0000000082000000, 0x0000000082100000, 0x0000000082100000|100%| O|  |TAMS 0x0000000082100000, 0x0000000082100000| Untracked 
|  33|0x0000000082100000, 0x0000000082200000, 0x0000000082200000|100%| O|  |TAMS 0x0000000082200000, 0x0000000082200000| Untracked 
|  34|0x0000000082200000, 0x0000000082300000, 0x0000000082300000|100%| O|  |TAMS 0x0000000082300000, 0x0000000082300000| Untracked 
|  35|0x0000000082300000, 0x0000000082400000, 0x0000000082400000|100%| O|  |TAMS 0x0000000082400000, 0x0000000082400000| Untracked 
|  36|0x0000000082400000, 0x0000000082500000, 0x0000000082500000|100%| O|  |TAMS 0x0000000082500000, 0x0000000082500000| Untracked 
|  37|0x0000000082500000, 0x0000000082600000, 0x0000000082600000|100%|HS|  |TAMS 0x0000000082600000, 0x0000000082600000| Complete 
|  38|0x0000000082600000, 0x0000000082700000, 0x0000000082700000|100%|HS|  |TAMS 0x0000000082700000, 0x0000000082700000| Complete 
|  39|0x0000000082700000, 0x0000000082800000, 0x0000000082800000|100%|HS|  |TAMS 0x0000000082800000, 0x0000000082800000| Complete 
|  40|0x0000000082800000, 0x0000000082900000, 0x0000000082900000|100%| O|  |TAMS 0x0000000082900000, 0x0000000082900000| Untracked 
|  41|0x0000000082900000, 0x0000000082a00000, 0x0000000082a00000|100%| O|  |TAMS 0x0000000082a00000, 0x0000000082a00000| Untracked 
|  42|0x0000000082a00000, 0x0000000082b00000, 0x0000000082b00000|100%| O|  |TAMS 0x0000000082b00000, 0x0000000082b00000| Untracked 
|  43|0x0000000082b00000, 0x0000000082c00000, 0x0000000082c00000|100%| O|  |TAMS 0x0000000082c00000, 0x0000000082c00000| Untracked 
|  44|0x0000000082c00000, 0x0000000082d00000, 0x0000000082d00000|100%| O|  |TAMS 0x0000000082d00000, 0x0000000082d00000| Untracked 
|  45|0x0000000082d00000, 0x0000000082e00000, 0x0000000082e00000|100%| O|  |TAMS 0x0000000082e00000, 0x0000000082e00000| Untracked 
|  46|0x0000000082e00000, 0x0000000082f00000, 0x0000000082f00000|100%| O|  |TAMS 0x0000000082f00000, 0x0000000082f00000| Untracked 
|  47|0x0000000082f00000, 0x0000000083000000, 0x0000000083000000|100%| O|  |TAMS 0x0000000083000000, 0x0000000083000000| Untracked 
|  48|0x0000000083000000, 0x0000000083100000, 0x0000000083100000|100%| O|  |TAMS 0x0000000083100000, 0x0000000083100000| Untracked 
|  49|0x0000000083100000, 0x0000000083200000, 0x0000000083200000|100%| O|  |TAMS 0x0000000083200000, 0x0000000083200000| Untracked 
|  50|0x0000000083200000, 0x0000000083300000, 0x0000000083300000|100%| O|  |TAMS 0x0000000083300000, 0x0000000083300000| Untracked 
|  51|0x0000000083300000, 0x0000000083400000, 0x0000000083400000|100%| O|  |TAMS 0x0000000083400000, 0x0000000083400000| Untracked 
|  52|0x0000000083400000, 0x0000000083500000, 0x0000000083500000|100%| O|  |TAMS 0x0000000083500000, 0x0000000083500000| Untracked 
|  53|0x0000000083500000, 0x0000000083600000, 0x0000000083600000|100%| O|  |TAMS 0x0000000083600000, 0x0000000083600000| Untracked 
|  54|0x0000000083600000, 0x0000000083700000, 0x0000000083700000|100%| O|  |TAMS 0x0000000083700000, 0x0000000083700000| Untracked 
|  55|0x0000000083700000, 0x0000000083800000, 0x0000000083800000|100%| O|  |TAMS 0x0000000083800000, 0x0000000083800000| Untracked 
|  56|0x0000000083800000, 0x0000000083900000, 0x0000000083900000|100%| O|  |TAMS 0x0000000083900000, 0x0000000083900000| Untracked 
|  57|0x0000000083900000, 0x0000000083a00000, 0x0000000083a00000|100%| O|  |TAMS 0x0000000083a00000, 0x0000000083a00000| Untracked 
|  58|0x0000000083a00000, 0x0000000083b00000, 0x0000000083b00000|100%| O|  |TAMS 0x0000000083b00000, 0x0000000083b00000| Untracked 
|  59|0x0000000083b00000, 0x0000000083c00000, 0x0000000083c00000|100%| O|  |TAMS 0x0000000083c00000, 0x0000000083c00000| Untracked 
|  60|0x0000000083c00000, 0x0000000083d00000, 0x0000000083d00000|100%| O|  |TAMS 0x0000000083c2ce00, 0x0000000083d00000| Untracked 
|  61|0x0000000083d00000, 0x0000000083e00000, 0x0000000083e00000|100%| O|  |TAMS 0x0000000083d00000, 0x0000000083e00000| Untracked 
|  62|0x0000000083e00000, 0x0000000083f00000, 0x0000000083f00000|100%| O|  |TAMS 0x0000000083e00000, 0x0000000083f00000| Untracked 
|  63|0x0000000083f00000, 0x0000000084000000, 0x0000000084000000|100%| O|  |TAMS 0x0000000083f00000, 0x0000000084000000| Untracked 
|  64|0x0000000084000000, 0x0000000084100000, 0x0000000084100000|100%| O|  |TAMS 0x0000000084000000, 0x0000000084100000| Untracked 
|  65|0x0000000084100000, 0x0000000084200000, 0x0000000084200000|100%| O|  |TAMS 0x0000000084100000, 0x0000000084200000| Untracked 
|  66|0x0000000084200000, 0x0000000084300000, 0x0000000084300000|100%| O|  |TAMS 0x0000000084200000, 0x0000000084300000| Untracked 
|  67|0x0000000084300000, 0x0000000084400000, 0x0000000084400000|100%| O|  |TAMS 0x0000000084300000, 0x0000000084400000| Untracked 
|  68|0x0000000084400000, 0x0000000084500000, 0x0000000084500000|100%| O|  |TAMS 0x0000000084400000, 0x0000000084500000| Untracked 
|  69|0x0000000084500000, 0x0000000084600000, 0x0000000084600000|100%| O|  |TAMS 0x0000000084500000, 0x0000000084600000| Untracked 
|  70|0x0000000084600000, 0x0000000084700000, 0x0000000084700000|100%| O|  |TAMS 0x0000000084600000, 0x0000000084700000| Untracked 
|  71|0x0000000084700000, 0x0000000084800000, 0x0000000084800000|100%| O|  |TAMS 0x0000000084700000, 0x0000000084800000| Untracked 
|  72|0x0000000084800000, 0x0000000084900000, 0x0000000084900000|100%| O|  |TAMS 0x0000000084800000, 0x0000000084900000| Untracked 
|  73|0x0000000084900000, 0x0000000084a00000, 0x0000000084a00000|100%| O|  |TAMS 0x0000000084900000, 0x0000000084a00000| Untracked 
|  74|0x0000000084a00000, 0x0000000084b00000, 0x0000000084b00000|100%| O|  |TAMS 0x0000000084a00000, 0x0000000084b00000| Untracked 
|  75|0x0000000084b00000, 0x0000000084c00000, 0x0000000084c00000|100%| O|  |TAMS 0x0000000084b00000, 0x0000000084c00000| Untracked 
|  76|0x0000000084c00000, 0x0000000084ce7000, 0x0000000084d00000| 90%| O|  |TAMS 0x0000000084c00000, 0x0000000084ce7000| Untracked 
|  77|0x0000000084d00000, 0x0000000084d00000, 0x0000000084e00000|  0%| F|  |TAMS 0x0000000084d00000, 0x0000000084d00000| Untracked 
|  78|0x0000000084e00000, 0x0000000084e00000, 0x0000000084f00000|  0%| F|  |TAMS 0x0000000084e00000, 0x0000000084e00000| Untracked 
|  79|0x0000000084f00000, 0x0000000084f00000, 0x0000000085000000|  0%| F|  |TAMS 0x0000000084f00000, 0x0000000084f00000| Untracked 
|  80|0x0000000085000000, 0x0000000085000000, 0x0000000085100000|  0%| F|  |TAMS 0x0000000085000000, 0x0000000085000000| Untracked 
|  81|0x0000000085100000, 0x0000000085100000, 0x0000000085200000|  0%| F|  |TAMS 0x0000000085100000, 0x0000000085100000| Untracked 
|  82|0x0000000085200000, 0x0000000085200000, 0x0000000085300000|  0%| F|  |TAMS 0x0000000085200000, 0x0000000085200000| Untracked 
|  83|0x0000000085300000, 0x0000000085300000, 0x0000000085400000|  0%| F|  |TAMS 0x0000000085300000, 0x0000000085300000| Untracked 
|  84|0x0000000085400000, 0x0000000085400000, 0x0000000085500000|  0%| F|  |TAMS 0x0000000085400000, 0x0000000085400000| Untracked 
|  85|0x0000000085500000, 0x0000000085500000, 0x0000000085600000|  0%| F|  |TAMS 0x0000000085500000, 0x0000000085500000| Untracked 
|  86|0x0000000085600000, 0x0000000085600000, 0x0000000085700000|  0%| F|  |TAMS 0x0000000085600000, 0x0000000085600000| Untracked 
|  87|0x0000000085700000, 0x0000000085700000, 0x0000000085800000|  0%| F|  |TAMS 0x0000000085700000, 0x0000000085700000| Untracked 
|  88|0x0000000085800000, 0x0000000085800000, 0x0000000085900000|  0%| F|  |TAMS 0x0000000085800000, 0x0000000085800000| Untracked 
|  89|0x0000000085900000, 0x0000000085900000, 0x0000000085a00000|  0%| F|  |TAMS 0x0000000085900000, 0x0000000085900000| Untracked 
|  90|0x0000000085a00000, 0x0000000085a00000, 0x0000000085b00000|  0%| F|  |TAMS 0x0000000085a00000, 0x0000000085a00000| Untracked 
|  91|0x0000000085b00000, 0x0000000085b00000, 0x0000000085c00000|  0%| F|  |TAMS 0x0000000085b00000, 0x0000000085b00000| Untracked 
|  92|0x0000000085c00000, 0x0000000085c00000, 0x0000000085d00000|  0%| F|  |TAMS 0x0000000085c00000, 0x0000000085c00000| Untracked 
|  93|0x0000000085d00000, 0x0000000085d00000, 0x0000000085e00000|  0%| F|  |TAMS 0x0000000085d00000, 0x0000000085d00000| Untracked 
|  94|0x0000000085e00000, 0x0000000085e00000, 0x0000000085f00000|  0%| F|  |TAMS 0x0000000085e00000, 0x0000000085e00000| Untracked 
|  95|0x0000000085f00000, 0x0000000085f00000, 0x0000000086000000|  0%| F|  |TAMS 0x0000000085f00000, 0x0000000085f00000| Untracked 
|  96|0x0000000086000000, 0x0000000086000000, 0x0000000086100000|  0%| F|  |TAMS 0x0000000086000000, 0x0000000086000000| Untracked 
|  97|0x0000000086100000, 0x0000000086100000, 0x0000000086200000|  0%| F|  |TAMS 0x0000000086100000, 0x0000000086100000| Untracked 
|  98|0x0000000086200000, 0x000000008620a260, 0x0000000086300000|  3%| S|CS|TAMS 0x0000000086200000, 0x0000000086200000| Complete 
|  99|0x0000000086300000, 0x0000000086400000, 0x0000000086400000|100%| S|CS|TAMS 0x0000000086300000, 0x0000000086300000| Complete 
| 100|0x0000000086400000, 0x0000000086500000, 0x0000000086500000|100%| S|CS|TAMS 0x0000000086400000, 0x0000000086400000| Complete 
| 101|0x0000000086500000, 0x0000000086500000, 0x0000000086600000|  0%| F|  |TAMS 0x0000000086500000, 0x0000000086500000| Untracked 
| 102|0x0000000086600000, 0x0000000086600000, 0x0000000086700000|  0%| F|  |TAMS 0x0000000086600000, 0x0000000086600000| Untracked 
| 103|0x0000000086700000, 0x0000000086700000, 0x0000000086800000|  0%| F|  |TAMS 0x0000000086700000, 0x0000000086700000| Untracked 
| 104|0x0000000086800000, 0x0000000086800000, 0x0000000086900000|  0%| F|  |TAMS 0x0000000086800000, 0x0000000086800000| Untracked 
| 105|0x0000000086900000, 0x0000000086900000, 0x0000000086a00000|  0%| F|  |TAMS 0x0000000086900000, 0x0000000086900000| Untracked 
| 106|0x0000000086a00000, 0x0000000086a00000, 0x0000000086b00000|  0%| F|  |TAMS 0x0000000086a00000, 0x0000000086a00000| Untracked 
| 107|0x0000000086b00000, 0x0000000086b00000, 0x0000000086c00000|  0%| F|  |TAMS 0x0000000086b00000, 0x0000000086b00000| Untracked 
| 108|0x0000000086c00000, 0x0000000086c00000, 0x0000000086d00000|  0%| F|  |TAMS 0x0000000086c00000, 0x0000000086c00000| Untracked 
| 109|0x0000000086d00000, 0x0000000086d00000, 0x0000000086e00000|  0%| F|  |TAMS 0x0000000086d00000, 0x0000000086d00000| Untracked 
| 110|0x0000000086e00000, 0x0000000086e00000, 0x0000000086f00000|  0%| F|  |TAMS 0x0000000086e00000, 0x0000000086e00000| Untracked 
| 111|0x0000000086f00000, 0x0000000086f00000, 0x0000000087000000|  0%| F|  |TAMS 0x0000000086f00000, 0x0000000086f00000| Untracked 
| 112|0x0000000087000000, 0x0000000087000000, 0x0000000087100000|  0%| F|  |TAMS 0x0000000087000000, 0x0000000087000000| Untracked 
| 113|0x0000000087100000, 0x0000000087100000, 0x0000000087200000|  0%| F|  |TAMS 0x0000000087100000, 0x0000000087100000| Untracked 
| 114|0x0000000087200000, 0x0000000087200000, 0x0000000087300000|  0%| F|  |TAMS 0x0000000087200000, 0x0000000087200000| Untracked 
| 115|0x0000000087300000, 0x0000000087300000, 0x0000000087400000|  0%| F|  |TAMS 0x0000000087300000, 0x0000000087300000| Untracked 
| 116|0x0000000087400000, 0x0000000087400000, 0x0000000087500000|  0%| F|  |TAMS 0x0000000087400000, 0x0000000087400000| Untracked 
| 117|0x0000000087500000, 0x0000000087500000, 0x0000000087600000|  0%| F|  |TAMS 0x0000000087500000, 0x0000000087500000| Untracked 
| 118|0x0000000087600000, 0x0000000087600000, 0x0000000087700000|  0%| F|  |TAMS 0x0000000087600000, 0x0000000087600000| Untracked 
| 119|0x0000000087700000, 0x0000000087700000, 0x0000000087800000|  0%| F|  |TAMS 0x0000000087700000, 0x0000000087700000| Untracked 
| 120|0x0000000087800000, 0x0000000087800000, 0x0000000087900000|  0%| F|  |TAMS 0x0000000087800000, 0x0000000087800000| Untracked 
| 121|0x0000000087900000, 0x0000000087900000, 0x0000000087a00000|  0%| F|  |TAMS 0x0000000087900000, 0x0000000087900000| Untracked 
| 203|0x000000008cb00000, 0x000000008cb00000, 0x000000008cc00000|  0%| F|  |TAMS 0x000000008cb00000, 0x000000008cb00000| Untracked 
| 204|0x000000008cc00000, 0x000000008cc00000, 0x000000008cd00000|  0%| F|  |TAMS 0x000000008cc00000, 0x000000008cc00000| Untracked 
| 205|0x000000008cd00000, 0x000000008cd00000, 0x000000008ce00000|  0%| F|  |TAMS 0x000000008cd00000, 0x000000008cd00000| Untracked 
| 206|0x000000008ce00000, 0x000000008ce00000, 0x000000008cf00000|  0%| F|  |TAMS 0x000000008ce00000, 0x000000008ce00000| Untracked 
| 207|0x000000008cf00000, 0x000000008cf00000, 0x000000008d000000|  0%| F|  |TAMS 0x000000008cf00000, 0x000000008cf00000| Untracked 
| 208|0x000000008d000000, 0x000000008d000000, 0x000000008d100000|  0%| F|  |TAMS 0x000000008d000000, 0x000000008d000000| Untracked 
| 209|0x000000008d100000, 0x000000008d100000, 0x000000008d200000|  0%| F|  |TAMS 0x000000008d100000, 0x000000008d100000| Untracked 
| 210|0x000000008d200000, 0x000000008d200000, 0x000000008d300000|  0%| F|  |TAMS 0x000000008d200000, 0x000000008d200000| Untracked 
| 251|0x000000008fb00000, 0x000000008fb00000, 0x000000008fc00000|  0%| F|  |TAMS 0x000000008fb00000, 0x000000008fb00000| Untracked 

Card table byte_map: [0x00000188169c0000,0x0000018816dc0000] _byte_map_base: 0x00000188165c0000

Marking Bits (Prev, Next): (CMBitMap*) 0x0000018803d21b60, (CMBitMap*) 0x0000018803d21ba0
 Prev Bits: [0x00000188171c0000, 0x00000188191c0000)
 Next Bits: [0x00000188191c0000, 0x000001881b1c0000)

Polling page: 0x0000018801960000

Metaspace:

Usage:
  Non-class:     80.56 MB used.
      Class:     12.82 MB used.
       Both:     93.39 MB used.

Virtual space:
  Non-class space:       88.00 MB reserved,      80.94 MB ( 92%) committed,  11 nodes.
      Class space:        1.00 GB reserved,      13.12 MB (  1%) committed,  1 nodes.
             Both:        1.09 GB reserved,      94.06 MB (  8%) committed. 

Chunk freelists:
   Non-Class:  2.97 MB
       Class:  2.89 MB
        Both:  5.86 MB

MaxMetaspaceSize: unlimited
CompressedClassSpaceSize: 1.00 GB
Initial GC threshold: 21.00 MB
Current GC threshold: 153.12 MB
CDS: off
MetaspaceReclaimPolicy: balanced
 - commit_granule_bytes: 65536.
 - commit_granule_words: 8192.
 - virtual_space_node_default_size: 1048576.
 - enlarge_chunks_in_place: 1.
 - new_chunks_are_fully_committed: 0.
 - uncommit_free_chunks: 1.
 - use_allocation_guard: 0.
 - handle_deallocations: 1.


Internal statistics:

num_allocs_failed_limit: 9.
num_arena_births: 984.
num_arena_deaths: 0.
num_vsnodes_births: 12.
num_vsnodes_deaths: 0.
num_space_committed: 1505.
num_space_uncommitted: 0.
num_chunks_returned_to_freelist: 9.
num_chunks_taken_from_freelist: 4301.
num_chunk_merges: 9.
num_chunk_splits: 2876.
num_chunks_enlarged: 1963.
num_purges: 0.
num_inconsistent_stats: 0.

CodeHeap 'non-profiled nmethods': size=120000Kb used=5339Kb max_used=5418Kb free=114660Kb
 bounds [0x000001880ec50000, 0x000001880f1a0000, 0x0000018816180000]
CodeHeap 'profiled nmethods': size=120000Kb used=16546Kb max_used=16667Kb free=103453Kb
 bounds [0x0000018807180000, 0x00000188081d0000, 0x000001880e6b0000]
CodeHeap 'non-nmethods': size=5760Kb used=2422Kb max_used=2483Kb free=3337Kb
 bounds [0x000001880e6b0000, 0x000001880e930000, 0x000001880ec50000]
 total_blobs=9832 nmethods=8875 adapters=869
 compilation: enabled
              stopped_count=0, restarted_count=0
 full_count=0

Compilation events (20 events):
Event: 26.699 Thread 0x000001881e8a1c30 nmethod 10385 0x000001880eef2c10 code [0x000001880eef2da0, 0x000001880eef2e78]
Event: 26.699 Thread 0x000001881e8a1c30 10388       3       com.android.build.gradle.internal.dependency.ModelArtifactCompatibilityRule::execute (9 bytes)
Event: 26.699 Thread 0x000001881e8a1c30 nmethod 10388 0x0000018807c9b290 code [0x0000018807c9b440, 0x0000018807c9b688]
Event: 26.699 Thread 0x000001881e8a1c30 10389       3       com.android.build.gradle.internal.dependency.ModelArtifactCompatibilityRule::execute (161 bytes)
Event: 26.700 Thread 0x000001881e8a1c30 nmethod 10389 0x0000018807c98d90 code [0x0000018807c99140, 0x0000018807c9a968]
Event: 26.700 Thread 0x000001881e8a1c30 10393       3       java.util.ArrayList::checkForComodification (17 bytes)
Event: 26.700 Thread 0x000001881e8a1c30 nmethod 10393 0x0000018807931590 code [0x0000018807931740, 0x0000018807931968]
Event: 26.700 Thread 0x000001881e8a1c30 10391       3       org.gradle.api.internal.attributes.EmptySchema::compatibilityRules (5 bytes)
Event: 26.701 Thread 0x000001881e8a1c30 nmethod 10391 0x0000018807d49710 code [0x0000018807d498a0, 0x0000018807d499b8]
Event: 26.701 Thread 0x000001881e8a1c30 10394       3       org.gradle.internal.snapshot.impl.DefaultValueSnapshotter$ValueSnapshotVisitor::hashCode (6 bytes)
Event: 26.701 Thread 0x000001881e8a1c30 nmethod 10394 0x0000018807930e90 code [0x0000018807931060, 0x00000188079313f8]
Event: 26.701 Thread 0x000001881e8a1c30 10396       3       org.gradle.internal.Deferrable$1::<init> (15 bytes)
Event: 26.701 Thread 0x000001881e8a1c30 nmethod 10396 0x0000018807930a10 code [0x0000018807930bc0, 0x0000018807930dd8]
Event: 26.701 Thread 0x000001881e8a1c30 10390       1       org.gradle.api.internal.artifacts.transform.ConsumerProvidedVariantFinder$TransformationCache$CacheKey::hashCode (5 bytes)
Event: 26.701 Thread 0x000001881e8a1c30 nmethod 10390 0x000001880eef2910 code [0x000001880eef2aa0, 0x000001880eef2b78]
Event: 26.701 Thread 0x000001881e8a1c30 10399       3       com.google.common.collect.ImmutableSortedMap::of (30 bytes)
Event: 26.702 Thread 0x000001881e8a1c30 nmethod 10399 0x000001880792ed10 code [0x000001880792f000, 0x0000018807930328]
Event: 26.702 Thread 0x000001881e8a1c30 10401       3       org.gradle.cache.internal.DefaultCrossBuildInMemoryCacheFactory$CrossBuildCacheRetainingDataFromPreviousBuild::markAccessedInCurrentBuild (32 bytes)
Event: 26.702 Thread 0x000001881e8a1c30 nmethod 10401 0x000001880792e710 code [0x000001880792e8c0, 0x000001880792ebd8]
Event: 26.702 Thread 0x000001881e8a1c30 10403   !   3       org.gradle.internal.operations.DefaultBuildOperationQueue$WorkerRunnable::waitForNextOperation (89 bytes)

GC Heap History (20 events):
Event: 20.558 GC heap after
{Heap after GC invocations=22 (full 0):
 garbage-first heap   total 107520K, used 53595K [0x0000000080000000, 0x0000000100000000)
  region size 1024K, 1 young (1024K), 1 survivors (1024K)
 Metaspace       used 70727K, committed 71296K, reserved 1114112K
  class space    used 9385K, committed 9664K, reserved 1048576K
}
Event: 20.826 GC heap before
{Heap before GC invocations=22 (full 0):
 garbage-first heap   total 107520K, used 75099K [0x0000000080000000, 0x0000000100000000)
  region size 1024K, 23 young (23552K), 1 survivors (1024K)
 Metaspace       used 72680K, committed 73216K, reserved 1114112K
  class space    used 9632K, committed 9920K, reserved 1048576K
}
Event: 20.829 GC heap after
{Heap after GC invocations=23 (full 0):
 garbage-first heap   total 134144K, used 54916K [0x0000000080000000, 0x0000000100000000)
  region size 1024K, 2 young (2048K), 2 survivors (2048K)
 Metaspace       used 72680K, committed 73216K, reserved 1114112K
  class space    used 9632K, committed 9920K, reserved 1048576K
}
Event: 21.291 GC heap before
{Heap before GC invocations=24 (full 0):
 garbage-first heap   total 134144K, used 90756K [0x0000000080000000, 0x0000000100000000)
  region size 1024K, 37 young (37888K), 2 survivors (2048K)
 Metaspace       used 77533K, committed 78080K, reserved 1122304K
  class space    used 10300K, committed 10560K, reserved 1048576K
}
Event: 21.294 GC heap after
{Heap after GC invocations=25 (full 0):
 garbage-first heap   total 134144K, used 57057K [0x0000000080000000, 0x0000000100000000)
  region size 1024K, 4 young (4096K), 4 survivors (4096K)
 Metaspace       used 77533K, committed 78080K, reserved 1122304K
  class space    used 10300K, committed 10560K, reserved 1048576K
}
Event: 21.897 GC heap before
{Heap before GC invocations=25 (full 0):
 garbage-first heap   total 134144K, used 95969K [0x0000000080000000, 0x0000000100000000)
  region size 1024K, 41 young (41984K), 4 survivors (4096K)
 Metaspace       used 80828K, committed 81472K, reserved 1122304K
  class space    used 10786K, committed 11072K, reserved 1048576K
}
Event: 21.901 GC heap after
{Heap after GC invocations=26 (full 0):
 garbage-first heap   total 134144K, used 59083K [0x0000000080000000, 0x0000000100000000)
  region size 1024K, 5 young (5120K), 5 survivors (5120K)
 Metaspace       used 80828K, committed 81472K, reserved 1122304K
  class space    used 10786K, committed 11072K, reserved 1048576K
}
Event: 22.422 GC heap before
{Heap before GC invocations=26 (full 0):
 garbage-first heap   total 134144K, used 96971K [0x0000000080000000, 0x0000000100000000)
  region size 1024K, 42 young (43008K), 5 survivors (5120K)
 Metaspace       used 85365K, committed 85888K, reserved 1130496K
  class space    used 11578K, committed 11840K, reserved 1048576K
}
Event: 22.427 GC heap after
{Heap after GC invocations=27 (full 0):
 garbage-first heap   total 134144K, used 61754K [0x0000000080000000, 0x0000000100000000)
  region size 1024K, 5 young (5120K), 5 survivors (5120K)
 Metaspace       used 85365K, committed 85888K, reserved 1130496K
  class space    used 11578K, committed 11840K, reserved 1048576K
}
Event: 22.976 GC heap before
{Heap before GC invocations=27 (full 0):
 garbage-first heap   total 134144K, used 100666K [0x0000000080000000, 0x0000000100000000)
  region size 1024K, 43 young (44032K), 5 survivors (5120K)
 Metaspace       used 89547K, committed 90176K, reserved 1130496K
  class space    used 12239K, committed 12544K, reserved 1048576K
}
Event: 22.982 GC heap after
{Heap after GC invocations=28 (full 0):
 garbage-first heap   total 134144K, used 64401K [0x0000000080000000, 0x0000000100000000)
  region size 1024K, 6 young (6144K), 6 survivors (6144K)
 Metaspace       used 89547K, committed 90176K, reserved 1130496K
  class space    used 12239K, committed 12544K, reserved 1048576K
}
Event: 23.493 GC heap before
{Heap before GC invocations=28 (full 0):
 garbage-first heap   total 134144K, used 102289K [0x0000000080000000, 0x0000000100000000)
  region size 1024K, 43 young (44032K), 6 survivors (6144K)
 Metaspace       used 93181K, committed 93824K, reserved 1130496K
  class space    used 12702K, committed 12992K, reserved 1048576K
}
Event: 23.500 GC heap after
{Heap after GC invocations=29 (full 0):
 garbage-first heap   total 134144K, used 67763K [0x0000000080000000, 0x0000000100000000)
  region size 1024K, 6 young (6144K), 6 survivors (6144K)
 Metaspace       used 93181K, committed 93824K, reserved 1130496K
  class space    used 12702K, committed 12992K, reserved 1048576K
}
Event: 23.748 GC heap before
{Heap before GC invocations=29 (full 0):
 garbage-first heap   total 134144K, used 104627K [0x0000000080000000, 0x0000000100000000)
  region size 1024K, 42 young (43008K), 6 survivors (6144K)
 Metaspace       used 93395K, committed 94080K, reserved 1130496K
  class space    used 12717K, committed 13056K, reserved 1048576K
}
Event: 23.755 GC heap after
{Heap after GC invocations=30 (full 0):
 garbage-first heap   total 134144K, used 74230K [0x0000000080000000, 0x0000000100000000)
  region size 1024K, 6 young (6144K), 6 survivors (6144K)
 Metaspace       used 93395K, committed 94080K, reserved 1130496K
  class space    used 12717K, committed 13056K, reserved 1048576K
}
Event: 26.353 GC heap before
{Heap before GC invocations=31 (full 0):
 garbage-first heap   total 134144K, used 104950K [0x0000000080000000, 0x0000000100000000)
  region size 1024K, 37 young (37888K), 6 survivors (6144K)
 Metaspace       used 95407K, committed 96064K, reserved 1138688K
  class space    used 13123K, committed 13440K, reserved 1048576K
}
Event: 26.360 GC heap after
{Heap after GC invocations=32 (full 0):
 garbage-first heap   total 134144K, used 78416K [0x0000000080000000, 0x0000000100000000)
  region size 1024K, 4 young (4096K), 4 survivors (4096K)
 Metaspace       used 95407K, committed 96064K, reserved 1138688K
  class space    used 13123K, committed 13440K, reserved 1048576K
}
Event: 26.374 GC heap before
{Heap before GC invocations=32 (full 0):
 garbage-first heap   total 134144K, used 79440K [0x0000000080000000, 0x0000000100000000)
  region size 1024K, 6 young (6144K), 4 survivors (4096K)
 Metaspace       used 95414K, committed 96064K, reserved 1138688K
  class space    used 13124K, committed 13440K, reserved 1048576K
}
Event: 26.377 GC heap after
{Heap after GC invocations=33 (full 0):
 garbage-first heap   total 134144K, used 78485K [0x0000000080000000, 0x0000000100000000)
  region size 1024K, 1 young (1024K), 1 survivors (1024K)
 Metaspace       used 95414K, committed 96064K, reserved 1138688K
  class space    used 13124K, committed 13440K, reserved 1048576K
}
Event: 26.703 GC heap before
{Heap before GC invocations=33 (full 0):
 garbage-first heap   total 134144K, used 107157K [0x0000000080000000, 0x0000000100000000)
  region size 1024K, 30 young (30720K), 1 survivors (1024K)
 Metaspace       used 95627K, committed 96320K, reserved 1138688K
  class space    used 13130K, committed 13440K, reserved 1048576K
}

Dll operation events (2 events):
Event: 0.019 Loaded shared library C:\BTS\ANDROID\android-studio-girafe\android-studio-2022.3.1.19-windows\android-studio\jbr\bin\java.dll
Event: 0.848 Loaded shared library C:\BTS\ANDROID\android-studio-girafe\android-studio-2022.3.1.19-windows\android-studio\jbr\bin\verify.dll

Deoptimization events (20 events):
Event: 26.492 Thread 0x000001881ef2f140 Uncommon trap: trap_request=0xffffffd6 fr.pc=0x000001880edfa1a8 relative=0x0000000000000de8
Event: 26.492 Thread 0x000001881ef2f140 Uncommon trap: reason=array_check action=maybe_recompile pc=0x000001880edfa1a8 method=com.google.common.collect.RegularImmutableMap.fromEntryArrayCheckingBucketOverflow(I[Ljava/util/Map$Entry;Z)Lcom/google/common/collect/ImmutableMap; @ 216 c2
Event: 26.492 Thread 0x000001881ef2f140 DEOPT PACKING pc=0x000001880edfa1a8 sp=0x0000004be1efe430
Event: 26.492 Thread 0x000001881ef2f140 DEOPT UNPACKING pc=0x000001880e7069a3 sp=0x0000004be1efe230 mode 2
Event: 26.504 Thread 0x000001881ef2f140 Uncommon trap: trap_request=0xffffffd6 fr.pc=0x000001880edfa1a8 relative=0x0000000000000de8
Event: 26.504 Thread 0x000001881ef2f140 Uncommon trap: reason=array_check action=maybe_recompile pc=0x000001880edfa1a8 method=com.google.common.collect.RegularImmutableMap.fromEntryArrayCheckingBucketOverflow(I[Ljava/util/Map$Entry;Z)Lcom/google/common/collect/ImmutableMap; @ 216 c2
Event: 26.504 Thread 0x000001881ef2f140 DEOPT PACKING pc=0x000001880edfa1a8 sp=0x0000004be1efe430
Event: 26.504 Thread 0x000001881ef2f140 DEOPT UNPACKING pc=0x000001880e7069a3 sp=0x0000004be1efe230 mode 2
Event: 26.535 Thread 0x000001882366de30 Uncommon trap: trap_request=0xffffffde fr.pc=0x000001880efa61a8 relative=0x00000000000002e8
Event: 26.535 Thread 0x000001882366de30 Uncommon trap: reason=class_check action=maybe_recompile pc=0x000001880efa61a8 method=java.util.concurrent.ConcurrentHashMap.get(Ljava/lang/Object;)Ljava/lang/Object; @ 93 c2
Event: 26.535 Thread 0x000001882366de30 DEOPT PACKING pc=0x000001880efa61a8 sp=0x0000004be4afe3e0
Event: 26.535 Thread 0x000001882366de30 DEOPT UNPACKING pc=0x000001880e7069a3 sp=0x0000004be4afe358 mode 2
Event: 26.541 Thread 0x00000188217eae50 Uncommon trap: trap_request=0xffffffde fr.pc=0x000001880efa61a8 relative=0x00000000000002e8
Event: 26.541 Thread 0x00000188217eae50 Uncommon trap: reason=class_check action=maybe_recompile pc=0x000001880efa61a8 method=java.util.concurrent.ConcurrentHashMap.get(Ljava/lang/Object;)Ljava/lang/Object; @ 93 c2
Event: 26.541 Thread 0x00000188217eae50 DEOPT PACKING pc=0x000001880efa61a8 sp=0x0000004be9ffdd80
Event: 26.541 Thread 0x00000188217eae50 DEOPT UNPACKING pc=0x000001880e7069a3 sp=0x0000004be9ffdcf8 mode 2
Event: 26.567 Thread 0x000001881ef317c0 Uncommon trap: trap_request=0xffffff45 fr.pc=0x000001880f00d5e4 relative=0x0000000000000164
Event: 26.567 Thread 0x000001881ef317c0 Uncommon trap: reason=unstable_if action=reinterpret pc=0x000001880f00d5e4 method=java.util.concurrent.locks.ReentrantLock$Sync.tryLock()Z @ 34 c2
Event: 26.567 Thread 0x000001881ef317c0 DEOPT PACKING pc=0x000001880f00d5e4 sp=0x0000004be29fe6e0
Event: 26.567 Thread 0x000001881ef317c0 DEOPT UNPACKING pc=0x000001880e7069a3 sp=0x0000004be29fe690 mode 2

Classes unloaded (0 events):
No events

Classes redefined (0 events):
No events

Internal exceptions (20 events):
Event: 24.039 Thread 0x0000018820e5f3a0 Exception <a 'java/lang/NoSuchMethodError'{0x00000000879e2d68}: static Lorg/gradle/internal/build/event/types/DefaultTaskSkippedResult;.<clinit>()V> (0x00000000879e2d68) 
thrown [s\src\hotspot\share\prims\jni.cpp, line 1108]
Event: 24.041 Thread 0x00000188217ef1b0 Exception <a 'java/lang/NoSuchMethodError'{0x00000000879f1580}: static [Ljava/lang/String;.<clinit>()V> (0x00000000879f1580) 
thrown [s\src\hotspot\share\prims\jni.cpp, line 1108]
Event: 24.043 Thread 0x00000188217ef1b0 Exception <a 'java/lang/NoSuchMethodError'{0x0000000087805ab0}: static Lcom/android/buildanalyzer/common/AndroidGradlePluginAttributionData$TaskInfo;.<clinit>()V> (0x0000000087805ab0) 
thrown [s\src\hotspot\share\prims\jni.cpp, line 1108]
Event: 24.046 Thread 0x00000188217ef1b0 Exception <a 'java/lang/NoSuchMethodError'{0x0000000087813940}: static Lcom/android/buildanalyzer/common/AndroidGradlePluginAttributionData$TaskCategoryInfo;.<clinit>()V> (0x0000000087813940) 
thrown [s\src\hotspot\share\prims\jni.cpp, line 1108]
Event: 24.055 Thread 0x00000188217ef1b0 Exception <a 'java/lang/NoSuchMethodError'{0x0000000087868ce0}: 'void java.lang.invoke.DirectMethodHandle$Holder.invokeSpecial(java.lang.Object, java.lang.Object, java.lang.Object, int)'> (0x0000000087868ce0) 
thrown [s\src\hotspot\share\interpreter\linkResolver.cpp, line 771]
Event: 25.219 Thread 0x0000018827d6d850 Exception <a 'java/lang/NoSuchMethodError'{0x0000000087064ab0}: 'void java.lang.invoke.DirectMethodHandle$Holder.invokeStatic(java.lang.Object, java.lang.Object, java.lang.Object, java.lang.Object, int, java.lang.Object, java.lang.Object)'> (0x0000000087064ab0) 
thrown [s\src\hotspot\share\interpreter\linkResolver.cpp, line 771]
Event: 25.241 Thread 0x00000188217ea4b0 Exception <a 'java/lang/NoSuchMethodError'{0x0000000086c35b10}: 'java.lang.Object java.lang.invoke.DirectMethodHandle$Holder.invokeSpecialIFC(java.lang.Object, java.lang.Object, java.lang.Object)'> (0x0000000086c35b10) 
thrown [s\src\hotspot\share\interpreter\linkResolver.cpp, line 771]
Event: 25.241 Thread 0x00000188237564a0 Exception <a 'java/lang/NoSuchMethodError'{0x0000000086c453e8}: 'java.lang.Object java.lang.invoke.DirectMethodHandle$Holder.invokeSpecialIFC(java.lang.Object, java.lang.Object, java.lang.Object)'> (0x0000000086c453e8) 
thrown [s\src\hotspot\share\interpreter\linkResolver.cpp, line 771]
Event: 25.241 Thread 0x00000188237577e0 Exception <a 'java/lang/NoSuchMethodError'{0x0000000086c0f0c0}: 'java.lang.Object java.lang.invoke.DirectMethodHandle$Holder.invokeSpecialIFC(java.lang.Object, java.lang.Object, java.lang.Object)'> (0x0000000086c0f0c0) 
thrown [s\src\hotspot\share\interpreter\linkResolver.cpp, line 771]
Event: 25.241 Thread 0x000001881ef32b00 Exception <a 'java/lang/NoSuchMethodError'{0x0000000086c22028}: 'java.lang.Object java.lang.invoke.DirectMethodHandle$Holder.invokeSpecialIFC(java.lang.Object, java.lang.Object, java.lang.Object)'> (0x0000000086c22028) 
thrown [s\src\hotspot\share\interpreter\linkResolver.cpp, line 771]
Event: 25.241 Thread 0x00000188217e9fe0 Exception <a 'java/lang/NoSuchMethodError'{0x0000000086c296b0}: 'java.lang.Object java.lang.invoke.DirectMethodHandle$Holder.invokeSpecialIFC(java.lang.Object, java.lang.Object, java.lang.Object)'> (0x0000000086c296b0) 
thrown [s\src\hotspot\share\interpreter\linkResolver.cpp, line 771]
Event: 25.241 Thread 0x00000188217e8ca0 Exception <a 'java/lang/NoSuchMethodError'{0x0000000086c4e380}: 'java.lang.Object java.lang.invoke.DirectMethodHandle$Holder.invokeSpecialIFC(java.lang.Object, java.lang.Object, java.lang.Object)'> (0x0000000086c4e380) 
thrown [s\src\hotspot\share\interpreter\linkResolver.cpp, line 771]
Event: 25.241 Thread 0x0000018823752610 Exception <a 'java/lang/NoSuchMethodError'{0x0000000086c19608}: 'java.lang.Object java.lang.invoke.DirectMethodHandle$Holder.invokeSpecialIFC(java.lang.Object, java.lang.Object, java.lang.Object)'> (0x0000000086c19608) 
thrown [s\src\hotspot\share\interpreter\linkResolver.cpp, line 771]
Event: 25.241 Thread 0x00000188217ebcc0 Exception <a 'java/lang/NoSuchMethodError'{0x0000000086c3e480}: 'java.lang.Object java.lang.invoke.DirectMethodHandle$Holder.invokeSpecialIFC(java.lang.Object, java.lang.Object, java.lang.Object)'> (0x0000000086c3e480) 
thrown [s\src\hotspot\share\interpreter\linkResolver.cpp, line 771]
Event: 25.241 Thread 0x0000018823757310 Exception <a 'java/lang/NoSuchMethodError'{0x0000000086c06578}: 'java.lang.Object java.lang.invoke.DirectMethodHandle$Holder.invokeSpecialIFC(java.lang.Object, java.lang.Object, java.lang.Object)'> (0x0000000086c06578) 
thrown [s\src\hotspot\share\interpreter\linkResolver.cpp, line 771]
Event: 25.241 Thread 0x0000018827d6d850 Exception <a 'java/lang/NoSuchMethodError'{0x0000000086dfb068}: 'java.lang.Object java.lang.invoke.DirectMethodHandle$Holder.invokeSpecialIFC(java.lang.Object, java.lang.Object, java.lang.Object)'> (0x0000000086dfb068) 
thrown [s\src\hotspot\share\interpreter\linkResolver.cpp, line 771]
Event: 25.241 Thread 0x0000018823755b00 Exception <a 'java/lang/NoSuchMethodError'{0x0000000086c57e40}: 'java.lang.Object java.lang.invoke.DirectMethodHandle$Holder.invokeSpecialIFC(java.lang.Object, java.lang.Object, java.lang.Object)'> (0x0000000086c57e40) 
thrown [s\src\hotspot\share\interpreter\linkResolver.cpp, line 771]
Event: 25.241 Thread 0x0000018823755fd0 Exception <a 'java/lang/NoSuchMethodError'{0x0000000086c60b50}: 'java.lang.Object java.lang.invoke.DirectMethodHandle$Holder.invokeSpecialIFC(java.lang.Object, java.lang.Object, java.lang.Object)'> (0x0000000086c60b50) 
thrown [s\src\hotspot\share\interpreter\linkResolver.cpp, line 771]
Event: 26.352 Thread 0x000001881ed01f70 Implicit null exception at 0x000001880ef4d0db to 0x000001880ef4d164
Event: 26.568 Thread 0x000001881ef317c0 Exception <a 'java/lang/NoSuchMethodError'{0x000000008fb35b68}: 'void java.lang.invoke.DirectMethodHandle$Holder.invokeVirtual(java.lang.Object, java.lang.Object)'> (0x000000008fb35b68) 
thrown [s\src\hotspot\share\interpreter\linkResolver.cpp, line 771]

VM Operations (20 events):
Event: 23.829 Executing VM operation: HandshakeAllThreads done
Event: 23.857 Executing VM operation: HandshakeAllThreads
Event: 23.858 Executing VM operation: HandshakeAllThreads done
Event: 23.858 Executing VM operation: HandshakeAllThreads
Event: 23.858 Executing VM operation: HandshakeAllThreads done
Event: 23.936 Executing VM operation: HandshakeAllThreads
Event: 23.937 Executing VM operation: HandshakeAllThreads done
Event: 24.007 Executing VM operation: HandshakeAllThreads
Event: 24.007 Executing VM operation: HandshakeAllThreads done
Event: 24.650 Executing VM operation: ICBufferFull
Event: 24.650 Executing VM operation: ICBufferFull done
Event: 25.656 Executing VM operation: Cleanup
Event: 25.656 Executing VM operation: Cleanup done
Event: 26.353 Executing VM operation: G1CollectForAllocation
Event: 26.360 Executing VM operation: G1CollectForAllocation done
Event: 26.374 Executing VM operation: G1CollectForAllocation
Event: 26.377 Executing VM operation: G1CollectForAllocation done
Event: 26.676 Executing VM operation: ICBufferFull
Event: 26.676 Executing VM operation: ICBufferFull done
Event: 26.702 Executing VM operation: G1CollectForAllocation

Events (20 events):
Event: 24.059 loading class java/io/ObjectInputStream$ValidationList done
Event: 24.059 loading class java/io/ObjectInputFilter$Config
Event: 24.060 loading class java/io/ObjectInputFilter$Config done
Event: 24.061 loading class java/io/ObjectInputFilter
Event: 24.061 loading class java/io/ObjectInputFilter done
Event: 24.062 loading class java/io/ObjectInputFilter$Config$BuiltinFilterFactory
Event: 24.062 loading class java/io/ObjectInputFilter$Config$BuiltinFilterFactory done
Event: 24.062 loading class jdk/internal/access/JavaObjectInputFilterAccess
Event: 24.062 loading class jdk/internal/access/JavaObjectInputFilterAccess done
Event: 24.063 loading class jdk/internal/event/DeserializationEvent
Event: 24.063 loading class jdk/internal/event/DeserializationEvent done
Event: 24.064 loading class java/io/ObjectInputStream$FieldValues
Event: 24.064 loading class java/io/ObjectInputStream$GetField
Event: 24.064 loading class java/io/ObjectInputStream$GetField done
Event: 24.065 loading class java/io/ObjectInputStream$FieldValues done
Event: 24.462 Thread 0x00000188277295a0 Thread exited: 0x00000188277295a0
Event: 24.764 Thread 0x0000018822cd4220 Thread exited: 0x0000018822cd4220
Event: 25.247 Thread 0x000001882036dbe0 Thread added: 0x000001882036dbe0
Event: 26.158 Thread 0x000001882036dbe0 Thread exited: 0x000001882036dbe0
Event: 26.317 Thread 0x000001882036e600 Thread added: 0x000001882036e600


Dynamic libraries:
0x00007ff66e510000 - 0x00007ff66e51a000 	C:\BTS\ANDROID\android-studio-girafe\android-studio-2022.3.1.19-windows\android-studio\jbr\bin\java.exe
0x00007ff93aae0000 - 0x00007ff93ad43000 	C:\WINDOWS\SYSTEM32\ntdll.dll
0x00007ff939170000 - 0x00007ff939237000 	C:\WINDOWS\System32\KERNEL32.DLL
0x00007ff937f60000 - 0x00007ff938327000 	C:\WINDOWS\System32\KERNELBASE.dll
0x00007ff937bc0000 - 0x00007ff937d56000 	C:\Windows\system32\hmpalert.dll
0x00007ff9383c0000 - 0x00007ff93850c000 	C:\WINDOWS\System32\ucrtbase.dll
0x00007ff9159d0000 - 0x00007ff9159e7000 	C:\BTS\ANDROID\android-studio-girafe\android-studio-2022.3.1.19-windows\android-studio\jbr\bin\jli.dll
0x00007ff939a50000 - 0x00007ff939c19000 	C:\WINDOWS\System32\USER32.dll
0x00007ff937e70000 - 0x00007ff937e97000 	C:\WINDOWS\System32\win32u.dll
0x00007ff93a890000 - 0x00007ff93a8ba000 	C:\WINDOWS\System32\GDI32.dll
0x00007ff938690000 - 0x00007ff9387bb000 	C:\WINDOWS\System32\gdi32full.dll
0x00007ff938860000 - 0x00007ff938903000 	C:\WINDOWS\System32\msvcp_win.dll
0x00007ff915f10000 - 0x00007ff9161a0000 	C:\WINDOWS\WinSxS\amd64_microsoft.windows.common-controls_6595b64144ccf1df_6.0.26100.2702_none_3e069454e335fc5e\COMCTL32.dll
0x00007ff9390c0000 - 0x00007ff939169000 	C:\WINDOWS\System32\msvcrt.dll
0x00007ff92dd20000 - 0x00007ff92dd3b000 	C:\BTS\ANDROID\android-studio-girafe\android-studio-2022.3.1.19-windows\android-studio\jbr\bin\VCRUNTIME140.dll
0x00007ff938fd0000 - 0x00007ff938fff000 	C:\WINDOWS\System32\IMM32.DLL
0x00007ff92ef60000 - 0x00007ff92ef6c000 	C:\BTS\ANDROID\android-studio-girafe\android-studio-2022.3.1.19-windows\android-studio\jbr\bin\vcruntime140_1.dll
0x00007ff902f30000 - 0x00007ff902fbd000 	C:\BTS\ANDROID\android-studio-girafe\android-studio-2022.3.1.19-windows\android-studio\jbr\bin\msvcp140.dll
0x00007ff8c8680000 - 0x00007ff8c92ee000 	C:\BTS\ANDROID\android-studio-girafe\android-studio-2022.3.1.19-windows\android-studio\jbr\bin\server\jvm.dll
0x00007ff93a4f0000 - 0x00007ff93a5a3000 	C:\WINDOWS\System32\ADVAPI32.dll
0x00007ff938ec0000 - 0x00007ff938f66000 	C:\WINDOWS\System32\sechost.dll
0x00007ff9397b0000 - 0x00007ff9398c6000 	C:\WINDOWS\System32\RPCRT4.dll
0x00007ff912230000 - 0x00007ff91223a000 	C:\WINDOWS\SYSTEM32\WSOCK32.dll
0x00007ff93a810000 - 0x00007ff93a884000 	C:\WINDOWS\System32\WS2_32.dll
0x00007ff934470000 - 0x00007ff9344a6000 	C:\WINDOWS\SYSTEM32\WINMM.dll
0x00007ff92f710000 - 0x00007ff92f71b000 	C:\WINDOWS\SYSTEM32\VERSION.dll
0x00007ff936ac0000 - 0x00007ff936ada000 	C:\WINDOWS\SYSTEM32\kernel.appcore.dll
0x00007ff932670000 - 0x00007ff93267a000 	C:\BTS\ANDROID\android-studio-girafe\android-studio-2022.3.1.19-windows\android-studio\jbr\bin\jimage.dll
0x00007ff935200000 - 0x00007ff935441000 	C:\WINDOWS\SYSTEM32\DBGHELP.DLL
0x00007ff939240000 - 0x00007ff9395be000 	C:\WINDOWS\System32\combase.dll
0x00007ff93a730000 - 0x00007ff93a806000 	C:\WINDOWS\System32\OLEAUT32.dll
0x00007ff92d180000 - 0x00007ff92d1b9000 	C:\WINDOWS\SYSTEM32\dbgcore.DLL
0x00007ff9387c0000 - 0x00007ff938859000 	C:\WINDOWS\System32\bcryptPrimitives.dll
0x00007ff92eec0000 - 0x00007ff92eee5000 	C:\BTS\ANDROID\android-studio-girafe\android-studio-2022.3.1.19-windows\android-studio\jbr\bin\java.dll
0x00007ff932610000 - 0x00007ff932628000 	C:\BTS\ANDROID\android-studio-girafe\android-studio-2022.3.1.19-windows\android-studio\jbr\bin\zip.dll
0x00007ff939c20000 - 0x00007ff93a32b000 	C:\WINDOWS\System32\SHELL32.dll
0x00007ff935790000 - 0x00007ff935fcd000 	C:\WINDOWS\SYSTEM32\windows.storage.dll
0x00007ff93a5b0000 - 0x00007ff93a69a000 	C:\WINDOWS\System32\SHCORE.dll
0x00007ff938f70000 - 0x00007ff938fcd000 	C:\WINDOWS\System32\shlwapi.dll
0x00007ff937d80000 - 0x00007ff937dae000 	C:\WINDOWS\SYSTEM32\profapi.dll
0x00007ff92ddb0000 - 0x00007ff92ddc9000 	C:\BTS\ANDROID\android-studio-girafe\android-studio-2022.3.1.19-windows\android-studio\jbr\bin\net.dll
0x00007ff92fc40000 - 0x00007ff92fd5e000 	C:\WINDOWS\SYSTEM32\WINHTTP.dll
0x00007ff936fb0000 - 0x00007ff937018000 	C:\WINDOWS\system32\mswsock.dll
0x00007ff92dca0000 - 0x00007ff92dcb6000 	C:\BTS\ANDROID\android-studio-girafe\android-studio-2022.3.1.19-windows\android-studio\jbr\bin\nio.dll
0x00007ff932660000 - 0x00007ff932670000 	C:\BTS\ANDROID\android-studio-girafe\android-studio-2022.3.1.19-windows\android-studio\jbr\bin\verify.dll
0x00007ff8e1df0000 - 0x00007ff8e1e17000 	C:\Users\svo\.gradle\native\68d5fa5c4cc2d200863cafc0d521ce42e7d3e7ee720ec0a83991735586a16f82\windows-amd64\native-platform.dll
0x00007ff8ffc50000 - 0x00007ff8ffd94000 	C:\Users\svo\.gradle\native\e376f236ea51e6404a007f0833ffe2c6e607c4080706a723a18a27aeea778392\windows-amd64\native-platform-file-events.dll
0x00007ff9325e0000 - 0x00007ff9325e9000 	C:\BTS\ANDROID\android-studio-girafe\android-studio-2022.3.1.19-windows\android-studio\jbr\bin\management.dll
0x00007ff92ef40000 - 0x00007ff92ef4b000 	C:\BTS\ANDROID\android-studio-girafe\android-studio-2022.3.1.19-windows\android-studio\jbr\bin\management_ext.dll
0x00007ff93a4d0000 - 0x00007ff93a4d8000 	C:\WINDOWS\System32\PSAPI.DLL
0x00007ff937360000 - 0x00007ff93737c000 	C:\WINDOWS\SYSTEM32\CRYPTSP.dll
0x00007ff936a20000 - 0x00007ff936a58000 	C:\WINDOWS\system32\rsaenh.dll
0x00007ff937050000 - 0x00007ff93707b000 	C:\WINDOWS\SYSTEM32\USERENV.dll
0x00007ff9374f0000 - 0x00007ff937516000 	C:\WINDOWS\SYSTEM32\bcrypt.dll
0x00007ff9371e0000 - 0x00007ff9371ec000 	C:\WINDOWS\SYSTEM32\CRYPTBASE.dll
0x00007ff936280000 - 0x00007ff9362b3000 	C:\WINDOWS\SYSTEM32\IPHLPAPI.DLL
0x00007ff938e80000 - 0x00007ff938e8a000 	C:\WINDOWS\System32\NSI.dll
0x00007ff92fe40000 - 0x00007ff92fe5e000 	C:\WINDOWS\SYSTEM32\dhcpcsvc6.DLL
0x00007ff92fe10000 - 0x00007ff92fe35000 	C:\WINDOWS\SYSTEM32\dhcpcsvc.DLL
0x00007ff9362c0000 - 0x00007ff9363e5000 	C:\WINDOWS\SYSTEM32\DNSAPI.dll
0x00007ff90d700000 - 0x00007ff90d708000 	C:\WINDOWS\system32\wshunix.dll
0x00007ff92e640000 - 0x00007ff92e64b000 	C:\Windows\System32\rasadhlp.dll
0x00007ff930c10000 - 0x00007ff930c95000 	C:\WINDOWS\System32\fwpuclnt.dll

dbghelp: loaded successfully - version: 4.0.5 - missing functions: none
symbol engine: initialized successfully - sym options: 0x614 - pdb path: .;C:\BTS\ANDROID\android-studio-girafe\android-studio-2022.3.1.19-windows\android-studio\jbr\bin;C:\WINDOWS\SYSTEM32;C:\WINDOWS\WinSxS\amd64_microsoft.windows.common-controls_6595b64144ccf1df_6.0.26100.2702_none_3e069454e335fc5e;C:\BTS\ANDROID\android-studio-girafe\android-studio-2022.3.1.19-windows\android-studio\jbr\bin\server;C:\Users\svo\.gradle\native\68d5fa5c4cc2d200863cafc0d521ce42e7d3e7ee720ec0a83991735586a16f82\windows-amd64;C:\Users\svo\.gradle\native\e376f236ea51e6404a007f0833ffe2c6e607c4080706a723a18a27aeea778392\windows-amd64

VM Arguments:
jvm_args: --add-opens=java.base/java.util=ALL-UNNAMED --add-opens=java.base/java.lang=ALL-UNNAMED --add-opens=java.base/java.lang.invoke=ALL-UNNAMED --add-opens=java.prefs/java.util.prefs=ALL-UNNAMED --add-opens=java.base/java.nio.charset=ALL-UNNAMED --add-opens=java.base/java.net=ALL-UNNAMED --add-opens=java.base/java.util.concurrent.atomic=ALL-UNNAMED -Xmx2048m -Dfile.encoding=UTF-8 -Duser.country=FR -Duser.language=fr -Duser.variant 
java_command: org.gradle.launcher.daemon.bootstrap.GradleDaemon 8.0
java_class_path (initial): C:\Users\svo\.gradle\wrapper\dists\gradle-8.0-bin\ca5e32bp14vu59qr306oxotwh\gradle-8.0\lib\gradle-launcher-8.0.jar
Launcher Type: SUN_STANDARD

[Global flags]
     intx CICompilerCount                          = 4                                         {product} {ergonomic}
     uint ConcGCThreads                            = 3                                         {product} {ergonomic}
     uint G1ConcRefinementThreads                  = 10                                        {product} {ergonomic}
   size_t G1HeapRegionSize                         = 1048576                                   {product} {ergonomic}
    uintx GCDrainStackTargetSize                   = 64                                        {product} {ergonomic}
   size_t InitialHeapSize                          = 264241152                                 {product} {ergonomic}
   size_t MarkStackSize                            = 4194304                                   {product} {ergonomic}
   size_t MaxHeapSize                              = 2147483648                                {product} {command line}
   size_t MaxNewSize                               = 1287651328                                {product} {ergonomic}
   size_t MinHeapDeltaBytes                        = 1048576                                   {product} {ergonomic}
   size_t MinHeapSize                              = 8388608                                   {product} {ergonomic}
    uintx NonNMethodCodeHeapSize                   = 5839372                                {pd product} {ergonomic}
    uintx NonProfiledCodeHeapSize                  = 122909434                              {pd product} {ergonomic}
    uintx ProfiledCodeHeapSize                     = 122909434                              {pd product} {ergonomic}
    uintx ReservedCodeCacheSize                    = 251658240                              {pd product} {ergonomic}
     bool SegmentedCodeCache                       = true                                      {product} {ergonomic}
   size_t SoftMaxHeapSize                          = 2147483648                             {manageable} {ergonomic}
     bool UseCompressedClassPointers               = true                           {product lp64_product} {ergonomic}
     bool UseCompressedOops                        = true                           {product lp64_product} {ergonomic}
     bool UseG1GC                                  = true                                      {product} {ergonomic}
     bool UseLargePagesIndividualAllocation        = false                                  {pd product} {ergonomic}

Logging:
Log output configuration:
 #0: stdout all=warning uptime,level,tags
 #1: stderr all=off uptime,level,tags

Environment Variables:
PATH=C:\Program Files\Common Files\Oracle\Java\javapath;C:\Program Files (x86)\Common Files\Oracle\Java\java8path;C:\Program Files (x86)\Common Files\Oracle\Java\javapath;C:\WINDOWS\system32;C:\WINDOWS;C:\WINDOWS\System32\Wbem;C:\WINDOWS\System32\WindowsPowerShell\v1.0\;C:\WINDOWS\System32\OpenSSH\;C:\Users\svo\AppData\Local\Microsoft\WindowsApps;C:\BTS\PortableApps\openlogic-openjdk-17.0.8+7-windows-x64\openlogic-openjdk-17.0.8+7-windows-x64\bin;C:\Users\svo\AppData\Local\ComposerSetup\bin;C:\Users\svo\AppData\Roaming\Composer\vendor\bin;C:\BTS\DEV\Xampp Laravell\xampp\php;C:\BTS\DEV\node-v18.15.0-win-x64;C:\BTS\Nodejs\node-v20.17.0-win-x64;C:\BTS\Git\bin;
USERNAME=SVO
OS=Windows_NT
PROCESSOR_IDENTIFIER=Intel64 Family 6 Model 154 Stepping 4, GenuineIntel
TMP=C:\Users\svo\AppData\Local\Temp
TEMP=C:\Users\svo\AppData\Local\Temp


JNI global refs:
JNI global refs: 28, weak refs: 5

JNI global refs memory usage: 843, weak refs: 841


---------------  S Y S T E M  ---------------

OS:
 Windows 11 , 64 bit Build 26100 (10.0.26100.2992)
OS uptime: 1 days 0:12 hours
Hyper-V role detected

CPU: total 12 (initial active 12) (6 cores per cpu, 2 threads per core) family 6 model 154 stepping 4 microcode 0x435, cx8, cmov, fxsr, ht, mmx, 3dnowpref, sse, sse2, sse3, ssse3, sse4.1, sse4.2, popcnt, lzcnt, tsc, tscinvbit, avx, avx2, aes, erms, clmul, bmi1, bmi2, adx, sha, fma, vzeroupper, clflush, clflushopt, clwb, hv

Memory: 4k page, system-wide physical 16016M (1888M free)
TotalPageFile size 20016M (AvailPageFile size 31M)
current process WorkingSet (physical memory assigned to process): 376M, peak: 416M
current process commit charge ("private bytes"): 415M, peak: 490M

vm_info: OpenJDK 64-Bit Server VM (17.0.6+0-b2043.56-10027231) for windows-amd64 JRE (17.0.6+0-b2043.56-10027231), built on Apr 28 2023 00:43:19 by "androidbuild" with MS VC++ 16.10 / 16.11 (VS2019)

END.
