#
# There is insufficient memory for the Java Runtime Environment to continue.
# Native memory allocation (malloc) failed to allocate 1686624 bytes for Chunk::new
# Possible reasons:
#   The system is out of physical RAM or swap space
#   The process is running with CompressedOops enabled, and the Java Heap may be blocking the growth of the native heap
# Possible solutions:
#   Reduce memory load on the system
#   Increase physical memory or swap space
#   Check if swap backing store is full
#   Decrease Java heap size (-Xmx/-Xms)
#   Decrease number of Java threads
#   Decrease Java thread stack sizes (-Xss)
#   Set larger code cache with -XX:ReservedCodeCacheSize=
#   JVM is running with Unscaled Compressed Oops mode in which the Java heap is
#     placed in the first 4GB address space. The Java Heap base address is the
#     maximum limit for the native heap growth. Please use -XX:HeapBaseMinAddress
#     to set the Java Heap base and to place the Java Heap above 4GB virtual address.
# This output file may be truncated or incomplete.
#
#  Out of Memory Error (arena.cpp:189), pid=20156, tid=8932
#
# JRE version: OpenJDK Runtime Environment (17.0.6) (build 17.0.6+0-b2043.56-10027231)
# Java VM: OpenJDK 64-Bit Server VM (17.0.6+0-b2043.56-10027231, mixed mode, tiered, compressed oops, compressed class ptrs, g1 gc, windows-amd64)
# No core dump will be written. Minidumps are not enabled by default on client versions of Windows
#

---------------  S U M M A R Y ------------

Command Line: --add-opens=java.base/java.util=ALL-UNNAMED --add-opens=java.base/java.lang=ALL-UNNAMED --add-opens=java.base/java.lang.invoke=ALL-UNNAMED --add-opens=java.prefs/java.util.prefs=ALL-UNNAMED --add-opens=java.base/java.nio.charset=ALL-UNNAMED --add-opens=java.base/java.net=ALL-UNNAMED --add-opens=java.base/java.util.concurrent.atomic=ALL-UNNAMED -Xmx2048m -Dfile.encoding=UTF-8 -Duser.country=FR -Duser.language=fr -Duser.variant org.gradle.launcher.daemon.bootstrap.GradleDaemon 8.0

Host: 12th Gen Intel(R) Core(TM) i7-1255U, 12 cores, 15G,  Windows 11 , 64 bit Build 26100 (10.0.26100.2992)
Time: Thu Feb 20 13:50:23 2025 Paris, Madrid elapsed time: 15.054841 seconds (0d 0h 0m 15s)

---------------  T H R E A D  ---------------

Current thread (0x000001527a0a0a80):  JavaThread "C2 CompilerThread0" daemon [_thread_in_native, id=8932, stack(0x0000004ae8500000,0x0000004ae8600000)]


Current CompileTask:
C2:  15055 7308       4       com.google.common.collect.ImmutableSet$RegularSetBuilderImpl::add (68 bytes)

Stack: [0x0000004ae8500000,0x0000004ae8600000]
Native frames: (J=compiled Java code, j=interpreted, Vv=VM code, C=native code)
V  [jvm.dll+0x683c9a]
V  [jvm.dll+0x8427a4]
V  [jvm.dll+0x843f9e]
V  [jvm.dll+0x844603]
V  [jvm.dll+0x249b75]
V  [jvm.dll+0xabcac]
V  [jvm.dll+0xac27c]
V  [jvm.dll+0x368857]
V  [jvm.dll+0x332f31]
V  [jvm.dll+0x3323da]
V  [jvm.dll+0x21c201]
V  [jvm.dll+0x21b621]
V  [jvm.dll+0x1a4fdd]
V  [jvm.dll+0x22b098]
V  [jvm.dll+0x229159]
V  [jvm.dll+0x7f81ec]
V  [jvm.dll+0x7f274a]
V  [jvm.dll+0x682ad5]
C  [ucrtbase.dll+0x37b0]
C  [KERNEL32.DLL+0x2e8d7]
C  [ntdll.dll+0xbbf6c]


---------------  P R O C E S S  ---------------

Threads class SMR info:
_java_thread_list=0x0000015200f352c0, length=171, elements={
0x000001525f505400, 0x000001527a0530d0, 0x000001527a054500, 0x000001527a0988d0,
0x000001527a09b1a0, 0x000001527a09c5d0, 0x000001527a09e1a0, 0x000001527a0a0a80,
0x000001527a0a1ef0, 0x000001527a0a2f90, 0x000001527a239010, 0x000001527a247510,
0x000001527b56b680, 0x000001527ba3ca00, 0x000001527c9d2270, 0x000001527ca7d020,
0x000001527ca7d4f0, 0x000001527b7b3840, 0x000001527b1a0ed0, 0x000001527ce00fa0,
0x000001527cdffc60, 0x000001527cdfd5e0, 0x000001527cdfdf80, 0x000001527cdfdab0,
0x000001527cdfedf0, 0x000001527cdff790, 0x000001527ce00130, 0x000001527ce00600,
0x000001527ce00ad0, 0x000001527cdfe450, 0x000001527cdfe920, 0x000001527cdff2c0,
0x000001527a93d630, 0x000001527a93f7e0, 0x000001527a93e970, 0x000001527a93db00,
0x000001527a93ee40, 0x000001527a940180, 0x000001527a93f310, 0x000001527a93dfd0,
0x000001527a93c7c0, 0x000001527a941990, 0x000001527a940650, 0x000001527a9431a0,
0x000001527a942cd0, 0x000001527a940b20, 0x000001527a940ff0, 0x000001527a943b40,
0x000001527a943670, 0x000001527a944010, 0x000001527a9414c0, 0x000001527a942330,
0x000001527e290fb0, 0x000001527e290610, 0x000001527e290ae0, 0x000001527e28dac0,
0x000001527e290140, 0x000001527e28df90, 0x000001527e28d5f0, 0x000001527e28e460,
0x000001527e291480, 0x000001527e291950, 0x000001527e28ee00, 0x000001527e291e20,
0x000001527e28f7a0, 0x000001527e2922f0, 0x000001527e28f2d0, 0x000001527e28e930,
0x000001527e2927c0, 0x000001527e292c90, 0x000001527e293160, 0x000001527e293630,
0x000001527e28fc70, 0x000001527e293b00, 0x000001527e294970, 0x000001527e293fd0,
0x000001527e2944a0, 0x000001527e294e40, 0x0000015202b4c740, 0x0000015202b4da80,
0x0000015202b4b400, 0x0000015202b4cc10, 0x0000015202b4c270, 0x0000015202b4d0e0,
0x0000015202b4d5b0, 0x0000015202b4df50, 0x0000015202b4aa60, 0x0000015202b4a590,
0x0000015202b4b8d0, 0x0000015202b4e420, 0x0000015202b4e8f0, 0x0000015202b4bda0,
0x0000015202b4af30, 0x0000015202b50f70, 0x0000015202b4fc30, 0x0000015202b51440,
0x0000015202b51910, 0x0000015202b4f760, 0x0000015202b4edc0, 0x0000015202b51de0,
0x0000015202b50100, 0x0000015202b4f290, 0x0000015202b505d0, 0x0000015202b50aa0,
0x0000015200ec3c00, 0x0000015200ec0240, 0x0000015200ec1f20, 0x0000015200ec28c0,
0x0000015200ec2d90, 0x0000015200ec0710, 0x0000015200ec45a0, 0x0000015200ec23f0,
0x0000015200ec1580, 0x0000015200ec3730, 0x0000015200ec3260, 0x0000015200ec0be0,
0x0000015200ec4a70, 0x0000015200ec10b0, 0x0000015200ec40d0, 0x0000015200ec4f40,
0x0000015200ec5410, 0x0000015200ec1a50, 0x0000015200ec7a90, 0x0000015200ec5db0,
0x0000015200ec58e0, 0x0000015200ec6280, 0x0000015200ec6750, 0x0000015200ec6c20,
0x0000015200ec70f0, 0x0000015200ec75c0, 0x000001520035fc30, 0x0000015200360100,
0x00000152003605d0, 0x0000015200361440, 0x000001520035e8f0, 0x000001520035edc0,
0x0000015200361910, 0x0000015200360aa0, 0x0000015200360f70, 0x000001520035f290,
0x0000015200361de0, 0x000001520035f760, 0x000001520035e420, 0x00000152003635f0,
0x00000152003622b0, 0x0000015200363120, 0x0000015200363f90, 0x0000015200363ac0,
0x00000152003657a0, 0x0000015200362780, 0x0000015200362c50, 0x0000015200365c70,
0x0000015200364460, 0x0000015200364930, 0x0000015200364e00, 0x00000152003652d0,
0x0000015202a793c0, 0x0000015202a79890, 0x0000015202a79d60, 0x0000015202a7abd0,
0x0000015202a7a700, 0x0000015202a7a230, 0x0000015202a7b0a0, 0x0000015202a7b570,
0x0000015202a7bf10, 0x0000015202a7ba40, 0x0000015202a7c3e0, 0x0000015202a7c8b0,
0x0000015202a78ef0, 0x0000015202a7cd80, 0x000001527d6f97e0
}

Java Threads: ( => current thread )
  0x000001525f505400 JavaThread "main" [_thread_blocked, id=9212, stack(0x0000004ae7800000,0x0000004ae7900000)]
  0x000001527a0530d0 JavaThread "Reference Handler" daemon [_thread_blocked, id=14472, stack(0x0000004ae7f00000,0x0000004ae8000000)]
  0x000001527a054500 JavaThread "Finalizer" daemon [_thread_blocked, id=21176, stack(0x0000004ae8000000,0x0000004ae8100000)]
  0x000001527a0988d0 JavaThread "Signal Dispatcher" daemon [_thread_blocked, id=9728, stack(0x0000004ae8100000,0x0000004ae8200000)]
  0x000001527a09b1a0 JavaThread "Attach Listener" daemon [_thread_blocked, id=22692, stack(0x0000004ae8200000,0x0000004ae8300000)]
  0x000001527a09c5d0 JavaThread "Service Thread" daemon [_thread_blocked, id=8164, stack(0x0000004ae8300000,0x0000004ae8400000)]
  0x000001527a09e1a0 JavaThread "Monitor Deflation Thread" daemon [_thread_blocked, id=15844, stack(0x0000004ae8400000,0x0000004ae8500000)]
=>0x000001527a0a0a80 JavaThread "C2 CompilerThread0" daemon [_thread_in_native, id=8932, stack(0x0000004ae8500000,0x0000004ae8600000)]
  0x000001527a0a1ef0 JavaThread "C1 CompilerThread0" daemon [_thread_blocked, id=7764, stack(0x0000004ae8600000,0x0000004ae8700000)]
  0x000001527a0a2f90 JavaThread "Sweeper thread" daemon [_thread_blocked, id=21420, stack(0x0000004ae8700000,0x0000004ae8800000)]
  0x000001527a239010 JavaThread "Common-Cleaner" daemon [_thread_blocked, id=5412, stack(0x0000004ae8800000,0x0000004ae8900000)]
  0x000001527a247510 JavaThread "Notification Thread" daemon [_thread_blocked, id=17528, stack(0x0000004ae8900000,0x0000004ae8a00000)]
  0x000001527b56b680 JavaThread "Daemon health stats" [_thread_blocked, id=19292, stack(0x0000004ae9200000,0x0000004ae9300000)]
  0x000001527ba3ca00 JavaThread "Incoming local TCP Connector on port 57260" [_thread_in_native, id=7812, stack(0x0000004ae9100000,0x0000004ae9200000)]
  0x000001527c9d2270 JavaThread "Daemon periodic checks" [_thread_blocked, id=17588, stack(0x0000004ae9300000,0x0000004ae9400000)]
  0x000001527ca7d020 JavaThread "Daemon" [_thread_blocked, id=4748, stack(0x0000004ae9400000,0x0000004ae9500000)]
  0x000001527ca7d4f0 JavaThread "Handler for socket connection from /127.0.0.1:57260 to /127.0.0.1:57261" [_thread_in_native, id=12304, stack(0x0000004ae9500000,0x0000004ae9600000)]
  0x000001527b7b3840 JavaThread "Cancel handler" [_thread_blocked, id=26764, stack(0x0000004ae9600000,0x0000004ae9700000)]
  0x000001527b1a0ed0 JavaThread "Daemon worker" [_thread_in_Java, id=16748, stack(0x0000004ae9700000,0x0000004ae9800000)]
  0x000001527ce00fa0 JavaThread "Asynchronous log dispatcher for DefaultDaemonConnection: socket connection from /127.0.0.1:57260 to /127.0.0.1:57261" [_thread_blocked, id=18704, stack(0x0000004ae9800000,0x0000004ae9900000)]
  0x000001527cdffc60 JavaThread "Stdin handler" [_thread_blocked, id=17768, stack(0x0000004ae9900000,0x0000004ae9a00000)]
  0x000001527cdfd5e0 JavaThread "Daemon client event forwarder" [_thread_blocked, id=18420, stack(0x0000004ae9a00000,0x0000004ae9b00000)]
  0x000001527cdfdf80 JavaThread "Cache worker for journal cache (C:\Users\svo\.gradle\caches\journal-1)" [_thread_blocked, id=10944, stack(0x0000004aea000000,0x0000004aea100000)]
  0x000001527cdfdab0 JavaThread "File lock request listener" [_thread_in_native, id=13240, stack(0x0000004aea100000,0x0000004aea200000)]
  0x000001527cdfedf0 JavaThread "Cache worker for file hash cache (C:\Users\svo\.gradle\caches\8.0\fileHashes)" [_thread_blocked, id=14488, stack(0x0000004aea300000,0x0000004aea400000)]
  0x000001527cdff790 JavaThread "File watcher server" daemon [_thread_in_native, id=23240, stack(0x0000004aea500000,0x0000004aea600000)]
  0x000001527ce00130 JavaThread "File watcher consumer" daemon [_thread_blocked, id=24960, stack(0x0000004aea600000,0x0000004aea700000)]
  0x000001527ce00600 JavaThread "Cache worker for checksums cache (C:\BTS\ANDROID\WkRFTG\ApplicationRFTG\.gradle\8.0\checksums)" [_thread_blocked, id=2464, stack(0x0000004aea700000,0x0000004aea800000)]
  0x000001527ce00ad0 JavaThread "Cache worker for cache directory md-rule (C:\Users\svo\.gradle\caches\8.0\md-rule)" [_thread_blocked, id=20968, stack(0x0000004aea800000,0x0000004aea900000)]
  0x000001527cdfe450 JavaThread "Cache worker for file content cache (C:\Users\svo\.gradle\caches\8.0\fileContent)" [_thread_blocked, id=27356, stack(0x0000004aea900000,0x0000004aeaa00000)]
  0x000001527cdfe920 JavaThread "Cache worker for file hash cache (C:\BTS\ANDROID\WkRFTG\ApplicationRFTG\.gradle\8.0\fileHashes)" [_thread_blocked, id=16628, stack(0x0000004aeaa00000,0x0000004aeab00000)]
  0x000001527cdff2c0 JavaThread "Cache worker for cache directory md-supplier (C:\Users\svo\.gradle\caches\8.0\md-supplier)" [_thread_blocked, id=27376, stack(0x0000004aeab00000,0x0000004aeac00000)]
  0x000001527a93d630 JavaThread "Cache worker for execution history cache (C:\Users\svo\.gradle\caches\8.0\executionHistory)" [_thread_blocked, id=4092, stack(0x0000004aeac00000,0x0000004aead00000)]
  0x000001527a93f7e0 JavaThread "jar transforms" [_thread_blocked, id=13840, stack(0x0000004aead00000,0x0000004aeae00000)]
  0x000001527a93e970 JavaThread "jar transforms Thread 2" [_thread_blocked, id=22108, stack(0x0000004aeae00000,0x0000004aeaf00000)]
  0x000001527a93db00 JavaThread "Cache worker for kotlin-dsl (C:\Users\svo\.gradle\caches\8.0\kotlin-dsl)" [_thread_blocked, id=14744, stack(0x0000004aeaf00000,0x0000004aeb000000)]
  0x000001527a93ee40 JavaThread "jar transforms Thread 3" [_thread_blocked, id=4724, stack(0x0000004aeb000000,0x0000004aeb100000)]
  0x000001527a940180 JavaThread "jar transforms Thread 4" [_thread_blocked, id=7268, stack(0x0000004aeb100000,0x0000004aeb200000)]
  0x000001527a93f310 JavaThread "Cache worker for dependencies-accessors (C:\BTS\ANDROID\WkRFTG\ApplicationRFTG\.gradle\8.0\dependencies-accessors)" [_thread_blocked, id=7592, stack(0x0000004aeb200000,0x0000004aeb300000)]
  0x000001527a93dfd0 JavaThread "Cache worker for Build Output Cleanup Cache (C:\BTS\ANDROID\WkRFTG\ApplicationRFTG\.gradle\buildOutputCleanup)" [_thread_blocked, id=21984, stack(0x0000004aeb300000,0x0000004aeb400000)]
  0x000001527a93c7c0 JavaThread "jar transforms Thread 5" [_thread_blocked, id=17900, stack(0x0000004aeb400000,0x0000004aeb500000)]
  0x000001527a941990 JavaThread "Unconstrained build operations" [_thread_blocked, id=25396, stack(0x0000004aeb500000,0x0000004aeb600000)]
  0x000001527a940650 JavaThread "Unconstrained build operations Thread 2" [_thread_blocked, id=16400, stack(0x0000004aeb600000,0x0000004aeb700000)]
  0x000001527a9431a0 JavaThread "Unconstrained build operations Thread 3" [_thread_blocked, id=13896, stack(0x0000004aeb700000,0x0000004aeb800000)]
  0x000001527a942cd0 JavaThread "Unconstrained build operations Thread 4" [_thread_blocked, id=9804, stack(0x0000004aeb800000,0x0000004aeb900000)]
  0x000001527a940b20 JavaThread "Unconstrained build operations Thread 5" [_thread_blocked, id=26992, stack(0x0000004aeb900000,0x0000004aeba00000)]
  0x000001527a940ff0 JavaThread "Unconstrained build operations Thread 6" [_thread_blocked, id=19556, stack(0x0000004aeba00000,0x0000004aebb00000)]
  0x000001527a943b40 JavaThread "Unconstrained build operations Thread 7" [_thread_blocked, id=12644, stack(0x0000004aebb00000,0x0000004aebc00000)]
  0x000001527a943670 JavaThread "Unconstrained build operations Thread 8" [_thread_blocked, id=16036, stack(0x0000004aebc00000,0x0000004aebd00000)]
  0x000001527a944010 JavaThread "Unconstrained build operations Thread 9" [_thread_blocked, id=5560, stack(0x0000004aebd00000,0x0000004aebe00000)]
  0x000001527a9414c0 JavaThread "Unconstrained build operations Thread 10" [_thread_blocked, id=20772, stack(0x0000004aebe00000,0x0000004aebf00000)]
  0x000001527a942330 JavaThread "Unconstrained build operations Thread 11" [_thread_blocked, id=23016, stack(0x0000004aebf00000,0x0000004aec000000)]
  0x000001527e290fb0 JavaThread "Unconstrained build operations Thread 12" [_thread_blocked, id=16608, stack(0x0000004aec000000,0x0000004aec100000)]
  0x000001527e290610 JavaThread "Unconstrained build operations Thread 13" [_thread_blocked, id=5448, stack(0x0000004aec100000,0x0000004aec200000)]
  0x000001527e290ae0 JavaThread "Unconstrained build operations Thread 14" [_thread_blocked, id=6424, stack(0x0000004aec200000,0x0000004aec300000)]
  0x000001527e28dac0 JavaThread "Unconstrained build operations Thread 15" [_thread_blocked, id=388, stack(0x0000004aec300000,0x0000004aec400000)]
  0x000001527e290140 JavaThread "Unconstrained build operations Thread 16" [_thread_blocked, id=26268, stack(0x0000004aec400000,0x0000004aec500000)]
  0x000001527e28df90 JavaThread "Unconstrained build operations Thread 17" [_thread_blocked, id=22112, stack(0x0000004aec500000,0x0000004aec600000)]
  0x000001527e28d5f0 JavaThread "Unconstrained build operations Thread 18" [_thread_blocked, id=25956, stack(0x0000004aec600000,0x0000004aec700000)]
  0x000001527e28e460 JavaThread "Unconstrained build operations Thread 19" [_thread_blocked, id=23064, stack(0x0000004aec700000,0x0000004aec800000)]
  0x000001527e291480 JavaThread "Unconstrained build operations Thread 20" [_thread_blocked, id=18932, stack(0x0000004aec800000,0x0000004aec900000)]
  0x000001527e291950 JavaThread "Unconstrained build operations Thread 21" [_thread_blocked, id=14088, stack(0x0000004aec900000,0x0000004aeca00000)]
  0x000001527e28ee00 JavaThread "Unconstrained build operations Thread 22" [_thread_blocked, id=27572, stack(0x0000004aeca00000,0x0000004aecb00000)]
  0x000001527e291e20 JavaThread "Unconstrained build operations Thread 23" [_thread_blocked, id=27288, stack(0x0000004aecb00000,0x0000004aecc00000)]
  0x000001527e28f7a0 JavaThread "Unconstrained build operations Thread 24" [_thread_blocked, id=25512, stack(0x0000004aecc00000,0x0000004aecd00000)]
  0x000001527e2922f0 JavaThread "Unconstrained build operations Thread 25" [_thread_blocked, id=24948, stack(0x0000004aecd00000,0x0000004aece00000)]
  0x000001527e28f2d0 JavaThread "Unconstrained build operations Thread 26" [_thread_blocked, id=3308, stack(0x0000004aece00000,0x0000004aecf00000)]
  0x000001527e28e930 JavaThread "Unconstrained build operations Thread 27" [_thread_blocked, id=17184, stack(0x0000004aecf00000,0x0000004aed000000)]
  0x000001527e2927c0 JavaThread "Unconstrained build operations Thread 28" [_thread_blocked, id=18556, stack(0x0000004aed000000,0x0000004aed100000)]
  0x000001527e292c90 JavaThread "Unconstrained build operations Thread 29" [_thread_blocked, id=16440, stack(0x0000004aed100000,0x0000004aed200000)]
  0x000001527e293160 JavaThread "Unconstrained build operations Thread 30" [_thread_blocked, id=14216, stack(0x0000004aed200000,0x0000004aed300000)]
  0x000001527e293630 JavaThread "Unconstrained build operations Thread 31" [_thread_blocked, id=16184, stack(0x0000004aed300000,0x0000004aed400000)]
  0x000001527e28fc70 JavaThread "Unconstrained build operations Thread 32" [_thread_blocked, id=12176, stack(0x0000004aed400000,0x0000004aed500000)]
  0x000001527e293b00 JavaThread "Unconstrained build operations Thread 33" [_thread_blocked, id=13420, stack(0x0000004aed500000,0x0000004aed600000)]
  0x000001527e294970 JavaThread "Unconstrained build operations Thread 34" [_thread_blocked, id=26684, stack(0x0000004aed600000,0x0000004aed700000)]
  0x000001527e293fd0 JavaThread "Unconstrained build operations Thread 35" [_thread_blocked, id=9148, stack(0x0000004aed700000,0x0000004aed800000)]
  0x000001527e2944a0 JavaThread "Unconstrained build operations Thread 36" [_thread_blocked, id=6416, stack(0x0000004aed800000,0x0000004aed900000)]
  0x000001527e294e40 JavaThread "Unconstrained build operations Thread 37" [_thread_blocked, id=3688, stack(0x0000004aed900000,0x0000004aeda00000)]
  0x0000015202b4c740 JavaThread "Unconstrained build operations Thread 38" [_thread_blocked, id=7868, stack(0x0000004aeda00000,0x0000004aedb00000)]
  0x0000015202b4da80 JavaThread "Unconstrained build operations Thread 39" [_thread_blocked, id=19404, stack(0x0000004aedb00000,0x0000004aedc00000)]
  0x0000015202b4b400 JavaThread "Unconstrained build operations Thread 40" [_thread_blocked, id=13588, stack(0x0000004aedc00000,0x0000004aedd00000)]
  0x0000015202b4cc10 JavaThread "Unconstrained build operations Thread 41" [_thread_blocked, id=11596, stack(0x0000004aedd00000,0x0000004aede00000)]
  0x0000015202b4c270 JavaThread "Unconstrained build operations Thread 42" [_thread_blocked, id=15900, stack(0x0000004aede00000,0x0000004aedf00000)]
  0x0000015202b4d0e0 JavaThread "Unconstrained build operations Thread 43" [_thread_blocked, id=23968, stack(0x0000004aedf00000,0x0000004aee000000)]
  0x0000015202b4d5b0 JavaThread "Unconstrained build operations Thread 44" [_thread_blocked, id=3672, stack(0x0000004aee000000,0x0000004aee100000)]
  0x0000015202b4df50 JavaThread "Unconstrained build operations Thread 45" [_thread_blocked, id=14008, stack(0x0000004aee100000,0x0000004aee200000)]
  0x0000015202b4aa60 JavaThread "Unconstrained build operations Thread 46" [_thread_blocked, id=8716, stack(0x0000004aee200000,0x0000004aee300000)]
  0x0000015202b4a590 JavaThread "Unconstrained build operations Thread 47" [_thread_blocked, id=22012, stack(0x0000004aee300000,0x0000004aee400000)]
  0x0000015202b4b8d0 JavaThread "Unconstrained build operations Thread 48" [_thread_blocked, id=6388, stack(0x0000004aee400000,0x0000004aee500000)]
  0x0000015202b4e420 JavaThread "Unconstrained build operations Thread 49" [_thread_blocked, id=3700, stack(0x0000004aee500000,0x0000004aee600000)]
  0x0000015202b4e8f0 JavaThread "Unconstrained build operations Thread 50" [_thread_blocked, id=13392, stack(0x0000004aee600000,0x0000004aee700000)]
  0x0000015202b4bda0 JavaThread "Unconstrained build operations Thread 51" [_thread_blocked, id=17712, stack(0x0000004aee700000,0x0000004aee800000)]
  0x0000015202b4af30 JavaThread "Unconstrained build operations Thread 52" [_thread_blocked, id=14816, stack(0x0000004aee800000,0x0000004aee900000)]
  0x0000015202b50f70 JavaThread "Unconstrained build operations Thread 53" [_thread_blocked, id=19880, stack(0x0000004aee900000,0x0000004aeea00000)]
  0x0000015202b4fc30 JavaThread "Unconstrained build operations Thread 54" [_thread_blocked, id=3176, stack(0x0000004aeea00000,0x0000004aeeb00000)]
  0x0000015202b51440 JavaThread "Unconstrained build operations Thread 55" [_thread_blocked, id=7748, stack(0x0000004aeeb00000,0x0000004aeec00000)]
  0x0000015202b51910 JavaThread "Unconstrained build operations Thread 56" [_thread_blocked, id=27332, stack(0x0000004aeec00000,0x0000004aeed00000)]
  0x0000015202b4f760 JavaThread "Unconstrained build operations Thread 57" [_thread_blocked, id=3480, stack(0x0000004aeed00000,0x0000004aeee00000)]
  0x0000015202b4edc0 JavaThread "Unconstrained build operations Thread 58" [_thread_blocked, id=5028, stack(0x0000004aeee00000,0x0000004aeef00000)]
  0x0000015202b51de0 JavaThread "Unconstrained build operations Thread 59" [_thread_blocked, id=13956, stack(0x0000004aeef00000,0x0000004aef000000)]
  0x0000015202b50100 JavaThread "Unconstrained build operations Thread 60" [_thread_blocked, id=1828, stack(0x0000004aef000000,0x0000004aef100000)]
  0x0000015202b4f290 JavaThread "Unconstrained build operations Thread 61" [_thread_blocked, id=16660, stack(0x0000004aef100000,0x0000004aef200000)]
  0x0000015202b505d0 JavaThread "Unconstrained build operations Thread 62" [_thread_blocked, id=3028, stack(0x0000004aef200000,0x0000004aef300000)]
  0x0000015202b50aa0 JavaThread "Unconstrained build operations Thread 63" [_thread_blocked, id=21516, stack(0x0000004aef300000,0x0000004aef400000)]
  0x0000015200ec3c00 JavaThread "Unconstrained build operations Thread 64" [_thread_blocked, id=7376, stack(0x0000004aef400000,0x0000004aef500000)]
  0x0000015200ec0240 JavaThread "Unconstrained build operations Thread 65" [_thread_blocked, id=9028, stack(0x0000004aef500000,0x0000004aef600000)]
  0x0000015200ec1f20 JavaThread "Unconstrained build operations Thread 66" [_thread_blocked, id=8244, stack(0x0000004aef600000,0x0000004aef700000)]
  0x0000015200ec28c0 JavaThread "Unconstrained build operations Thread 67" [_thread_blocked, id=22884, stack(0x0000004aef700000,0x0000004aef800000)]
  0x0000015200ec2d90 JavaThread "Unconstrained build operations Thread 68" [_thread_blocked, id=25728, stack(0x0000004aef800000,0x0000004aef900000)]
  0x0000015200ec0710 JavaThread "Unconstrained build operations Thread 69" [_thread_blocked, id=15708, stack(0x0000004aef900000,0x0000004aefa00000)]
  0x0000015200ec45a0 JavaThread "Unconstrained build operations Thread 70" [_thread_blocked, id=3140, stack(0x0000004aefa00000,0x0000004aefb00000)]
  0x0000015200ec23f0 JavaThread "Unconstrained build operations Thread 71" [_thread_blocked, id=26916, stack(0x0000004aefb00000,0x0000004aefc00000)]
  0x0000015200ec1580 JavaThread "Unconstrained build operations Thread 72" [_thread_blocked, id=19184, stack(0x0000004aefc00000,0x0000004aefd00000)]
  0x0000015200ec3730 JavaThread "Unconstrained build operations Thread 73" [_thread_blocked, id=5540, stack(0x0000004aefd00000,0x0000004aefe00000)]
  0x0000015200ec3260 JavaThread "Unconstrained build operations Thread 74" [_thread_blocked, id=27340, stack(0x0000004aefe00000,0x0000004aeff00000)]
  0x0000015200ec0be0 JavaThread "Unconstrained build operations Thread 75" [_thread_blocked, id=25232, stack(0x0000004aeff00000,0x0000004af0000000)]
  0x0000015200ec4a70 JavaThread "Unconstrained build operations Thread 76" [_thread_blocked, id=20380, stack(0x0000004af0000000,0x0000004af0100000)]
  0x0000015200ec10b0 JavaThread "Unconstrained build operations Thread 77" [_thread_blocked, id=7252, stack(0x0000004af0100000,0x0000004af0200000)]
  0x0000015200ec40d0 JavaThread "Unconstrained build operations Thread 78" [_thread_blocked, id=21324, stack(0x0000004af0200000,0x0000004af0300000)]
  0x0000015200ec4f40 JavaThread "Unconstrained build operations Thread 79" [_thread_blocked, id=11648, stack(0x0000004af0300000,0x0000004af0400000)]
  0x0000015200ec5410 JavaThread "Unconstrained build operations Thread 80" [_thread_blocked, id=22632, stack(0x0000004af0400000,0x0000004af0500000)]
  0x0000015200ec1a50 JavaThread "Unconstrained build operations Thread 81" [_thread_blocked, id=8448, stack(0x0000004af0500000,0x0000004af0600000)]
  0x0000015200ec7a90 JavaThread "Unconstrained build operations Thread 82" [_thread_blocked, id=724, stack(0x0000004af0600000,0x0000004af0700000)]
  0x0000015200ec5db0 JavaThread "Unconstrained build operations Thread 83" [_thread_blocked, id=12740, stack(0x0000004af0700000,0x0000004af0800000)]
  0x0000015200ec58e0 JavaThread "Unconstrained build operations Thread 84" [_thread_blocked, id=3092, stack(0x0000004af0800000,0x0000004af0900000)]
  0x0000015200ec6280 JavaThread "Unconstrained build operations Thread 85" [_thread_blocked, id=5400, stack(0x0000004af0900000,0x0000004af0a00000)]
  0x0000015200ec6750 JavaThread "Unconstrained build operations Thread 86" [_thread_blocked, id=7004, stack(0x0000004af0a00000,0x0000004af0b00000)]
  0x0000015200ec6c20 JavaThread "Unconstrained build operations Thread 87" [_thread_blocked, id=24504, stack(0x0000004af0b00000,0x0000004af0c00000)]
  0x0000015200ec70f0 JavaThread "Unconstrained build operations Thread 88" [_thread_blocked, id=25808, stack(0x0000004af0c00000,0x0000004af0d00000)]
  0x0000015200ec75c0 JavaThread "Unconstrained build operations Thread 89" [_thread_blocked, id=15856, stack(0x0000004af0d00000,0x0000004af0e00000)]
  0x000001520035fc30 JavaThread "Unconstrained build operations Thread 90" [_thread_blocked, id=18440, stack(0x0000004af0e00000,0x0000004af0f00000)]
  0x0000015200360100 JavaThread "Unconstrained build operations Thread 91" [_thread_blocked, id=13148, stack(0x0000004af0f00000,0x0000004af1000000)]
  0x00000152003605d0 JavaThread "Unconstrained build operations Thread 92" [_thread_blocked, id=22312, stack(0x0000004af1000000,0x0000004af1100000)]
  0x0000015200361440 JavaThread "Unconstrained build operations Thread 93" [_thread_blocked, id=26964, stack(0x0000004af1100000,0x0000004af1200000)]
  0x000001520035e8f0 JavaThread "Unconstrained build operations Thread 94" [_thread_blocked, id=12620, stack(0x0000004af1200000,0x0000004af1300000)]
  0x000001520035edc0 JavaThread "Unconstrained build operations Thread 95" [_thread_blocked, id=24240, stack(0x0000004af1300000,0x0000004af1400000)]
  0x0000015200361910 JavaThread "Unconstrained build operations Thread 96" [_thread_blocked, id=5072, stack(0x0000004af1400000,0x0000004af1500000)]
  0x0000015200360aa0 JavaThread "Unconstrained build operations Thread 97" [_thread_blocked, id=5096, stack(0x0000004af1500000,0x0000004af1600000)]
  0x0000015200360f70 JavaThread "Unconstrained build operations Thread 98" [_thread_blocked, id=15480, stack(0x0000004af1600000,0x0000004af1700000)]
  0x000001520035f290 JavaThread "Unconstrained build operations Thread 99" [_thread_blocked, id=14824, stack(0x0000004af1700000,0x0000004af1800000)]
  0x0000015200361de0 JavaThread "Unconstrained build operations Thread 100" [_thread_blocked, id=10072, stack(0x0000004af1800000,0x0000004af1900000)]
  0x000001520035f760 JavaThread "Unconstrained build operations Thread 101" [_thread_blocked, id=25564, stack(0x0000004af1900000,0x0000004af1a00000)]
  0x000001520035e420 JavaThread "Unconstrained build operations Thread 102" [_thread_blocked, id=26308, stack(0x0000004af1a00000,0x0000004af1b00000)]
  0x00000152003635f0 JavaThread "Unconstrained build operations Thread 103" [_thread_blocked, id=6476, stack(0x0000004af1b00000,0x0000004af1c00000)]
  0x00000152003622b0 JavaThread "Unconstrained build operations Thread 104" [_thread_blocked, id=22812, stack(0x0000004af1c00000,0x0000004af1d00000)]
  0x0000015200363120 JavaThread "Unconstrained build operations Thread 105" [_thread_blocked, id=10004, stack(0x0000004af1d00000,0x0000004af1e00000)]
  0x0000015200363f90 JavaThread "Unconstrained build operations Thread 106" [_thread_blocked, id=14332, stack(0x0000004af1e00000,0x0000004af1f00000)]
  0x0000015200363ac0 JavaThread "Unconstrained build operations Thread 107" [_thread_blocked, id=18924, stack(0x0000004af1f00000,0x0000004af2000000)]
  0x00000152003657a0 JavaThread "Unconstrained build operations Thread 108" [_thread_blocked, id=19728, stack(0x0000004af2000000,0x0000004af2100000)]
  0x0000015200362780 JavaThread "Unconstrained build operations Thread 109" [_thread_blocked, id=26568, stack(0x0000004af2100000,0x0000004af2200000)]
  0x0000015200362c50 JavaThread "Unconstrained build operations Thread 110" [_thread_blocked, id=18208, stack(0x0000004af2200000,0x0000004af2300000)]
  0x0000015200365c70 JavaThread "Unconstrained build operations Thread 111" [_thread_blocked, id=9424, stack(0x0000004af2300000,0x0000004af2400000)]
  0x0000015200364460 JavaThread "Unconstrained build operations Thread 112" [_thread_blocked, id=19624, stack(0x0000004af2400000,0x0000004af2500000)]
  0x0000015200364930 JavaThread "Unconstrained build operations Thread 113" [_thread_blocked, id=9752, stack(0x0000004af2500000,0x0000004af2600000)]
  0x0000015200364e00 JavaThread "Unconstrained build operations Thread 114" [_thread_blocked, id=3464, stack(0x0000004af2600000,0x0000004af2700000)]
  0x00000152003652d0 JavaThread "Unconstrained build operations Thread 115" [_thread_blocked, id=5608, stack(0x0000004af2700000,0x0000004af2800000)]
  0x0000015202a793c0 JavaThread "Unconstrained build operations Thread 116" [_thread_blocked, id=11624, stack(0x0000004af2800000,0x0000004af2900000)]
  0x0000015202a79890 JavaThread "Unconstrained build operations Thread 117" [_thread_blocked, id=8800, stack(0x0000004af2900000,0x0000004af2a00000)]
  0x0000015202a79d60 JavaThread "Unconstrained build operations Thread 118" [_thread_blocked, id=10816, stack(0x0000004af2a00000,0x0000004af2b00000)]
  0x0000015202a7abd0 JavaThread "Unconstrained build operations Thread 119" [_thread_blocked, id=24072, stack(0x0000004af2b00000,0x0000004af2c00000)]
  0x0000015202a7a700 JavaThread "Unconstrained build operations Thread 120" [_thread_blocked, id=11548, stack(0x0000004af2c00000,0x0000004af2d00000)]
  0x0000015202a7a230 JavaThread "jar transforms Thread 6" [_thread_blocked, id=5692, stack(0x0000004af2d00000,0x0000004af2e00000)]
  0x0000015202a7b0a0 JavaThread "jar transforms Thread 7" [_thread_blocked, id=21572, stack(0x0000004af2e00000,0x0000004af2f00000)]
  0x0000015202a7b570 JavaThread "jar transforms Thread 8" [_thread_blocked, id=2504, stack(0x0000004af2f00000,0x0000004af3000000)]
  0x0000015202a7bf10 JavaThread "jar transforms Thread 9" [_thread_blocked, id=19964, stack(0x0000004af3000000,0x0000004af3100000)]
  0x0000015202a7ba40 JavaThread "jar transforms Thread 10" [_thread_blocked, id=17444, stack(0x0000004af3100000,0x0000004af3200000)]
  0x0000015202a7c3e0 JavaThread "jar transforms Thread 11" [_thread_blocked, id=5752, stack(0x0000004af3200000,0x0000004af3300000)]
  0x0000015202a7c8b0 JavaThread "jar transforms Thread 12" [_thread_blocked, id=3320, stack(0x0000004af3300000,0x0000004af3400000)]
  0x0000015202a78ef0 JavaThread "build event listener" [_thread_blocked, id=13844, stack(0x0000004af3400000,0x0000004af3500000)]
  0x0000015202a7cd80 JavaThread "Memory manager" [_thread_blocked, id=12316, stack(0x0000004af3500000,0x0000004af3600000)]
  0x000001527d6f97e0 JavaThread "C2 CompilerThread1" daemon [_thread_in_native, id=24604, stack(0x0000004aea200000,0x0000004aea300000)]

Other Threads:
  0x000001527a04b630 VMThread "VM Thread" [stack: 0x0000004ae7e00000,0x0000004ae7f00000] [id=22292]
  0x000001527a249e00 WatcherThread [stack: 0x0000004ae8a00000,0x0000004ae8b00000] [id=26488]
  0x000001525f5652f0 GCTaskThread "GC Thread#0" [stack: 0x0000004ae7900000,0x0000004ae7a00000] [id=16256]
  0x000001527b1110b0 GCTaskThread "GC Thread#1" [stack: 0x0000004ae8c00000,0x0000004ae8d00000] [id=22952]
  0x000001527afe9950 GCTaskThread "GC Thread#2" [stack: 0x0000004ae8d00000,0x0000004ae8e00000] [id=21944]
  0x000001527afe9c00 GCTaskThread "GC Thread#3" [stack: 0x0000004ae8e00000,0x0000004ae8f00000] [id=16548]
  0x000001527afe55f0 GCTaskThread "GC Thread#4" [stack: 0x0000004ae8f00000,0x0000004ae9000000] [id=13092]
  0x000001527afe6040 GCTaskThread "GC Thread#5" [stack: 0x0000004ae9000000,0x0000004ae9100000] [id=16836]
  0x000001527b9e30a0 GCTaskThread "GC Thread#6" [stack: 0x0000004ae8b00000,0x0000004ae8c00000] [id=17440]
  0x000001527b9e38b0 GCTaskThread "GC Thread#7" [stack: 0x0000004ae9b00000,0x0000004ae9c00000] [id=18048]
  0x000001527b9e25e0 GCTaskThread "GC Thread#8" [stack: 0x0000004ae9c00000,0x0000004ae9d00000] [id=25952]
  0x000001527b9e3b60 GCTaskThread "GC Thread#9" [stack: 0x0000004ae9d00000,0x0000004ae9e00000] [id=21636]
  0x000001525f576040 ConcurrentGCThread "G1 Main Marker" [stack: 0x0000004ae7a00000,0x0000004ae7b00000] [id=15680]
  0x000001525f577530 ConcurrentGCThread "G1 Conc#0" [stack: 0x0000004ae7b00000,0x0000004ae7c00000] [id=14300]
  0x000001527b9e2df0 ConcurrentGCThread "G1 Conc#1" [stack: 0x0000004ae9e00000,0x0000004ae9f00000] [id=8320]
  0x000001527b9e2330 ConcurrentGCThread "G1 Conc#2" [stack: 0x0000004ae9f00000,0x0000004aea000000] [id=12828]
  0x000001527965e5e0 ConcurrentGCThread "G1 Refine#0" [stack: 0x0000004ae7c00000,0x0000004ae7d00000] [id=23776]
  0x000001527965ee10 ConcurrentGCThread "G1 Service" [stack: 0x0000004ae7d00000,0x0000004ae7e00000] [id=16620]

Threads with active compile tasks:
C2 CompilerThread0    15105 7308       4       com.google.common.collect.ImmutableSet$RegularSetBuilderImpl::add (68 bytes)
C2 CompilerThread1    15105 7385       4       com.google.common.collect.ImmutableSet$Builder::add (31 bytes)

VM state: not at safepoint (normal execution)

VM Mutex/Monitor currently owned by a thread: None

Heap address: 0x0000000080000000, size: 2048 MB, Compressed Oops mode: 32-bit

CDS archive(s) not mapped
Compressed class space mapped at: 0x0000000100000000-0x0000000140000000, reserved size: 1073741824
Narrow klass base: 0x0000000000000000, Narrow klass shift: 3, Narrow klass range: 0x140000000

GC Precious Log:
 CPUs: 12 total, 12 available
 Memory: 16016M
 Large Page Support: Disabled
 NUMA Support: Disabled
 Compressed Oops: Enabled (32-bit)
 Heap Region Size: 1M
 Heap Min Capacity: 8M
 Heap Initial Capacity: 252M
 Heap Max Capacity: 2G
 Pre-touch: Disabled
 Parallel Workers: 10
 Concurrent Workers: 3
 Concurrent Refinement Workers: 10
 Periodic GC: Disabled

Heap:
 garbage-first heap   total 122880K, used 78170K [0x0000000080000000, 0x0000000100000000)
  region size 1024K, 27 young (27648K), 4 survivors (4096K)
 Metaspace       used 77000K, committed 77568K, reserved 1122304K
  class space    used 10446K, committed 10688K, reserved 1048576K

Heap Regions: E=young(eden), S=young(survivor), O=old, HS=humongous(starts), HC=humongous(continues), CS=collection set, F=free, OA=open archive, CA=closed archive, TAMS=top-at-mark-start (previous, next)
|   0|0x0000000080000000, 0x0000000080100000, 0x0000000080100000|100%|HS|  |TAMS 0x0000000080100000, 0x0000000080100000| Complete 
|   1|0x0000000080100000, 0x0000000080200000, 0x0000000080200000|100%|HC|  |TAMS 0x0000000080200000, 0x0000000080200000| Complete 
|   2|0x0000000080200000, 0x0000000080300000, 0x0000000080300000|100%|HC|  |TAMS 0x0000000080300000, 0x0000000080300000| Complete 
|   3|0x0000000080300000, 0x0000000080400000, 0x0000000080400000|100%|HC|  |TAMS 0x0000000080400000, 0x0000000080400000| Complete 
|   4|0x0000000080400000, 0x0000000080500000, 0x0000000080500000|100%| O|  |TAMS 0x0000000080500000, 0x0000000080500000| Untracked 
|   5|0x0000000080500000, 0x0000000080600000, 0x0000000080600000|100%| O|  |TAMS 0x0000000080600000, 0x0000000080600000| Untracked 
|   6|0x0000000080600000, 0x0000000080700000, 0x0000000080700000|100%| O|  |TAMS 0x0000000080700000, 0x0000000080700000| Untracked 
|   7|0x0000000080700000, 0x0000000080800000, 0x0000000080800000|100%| O|  |TAMS 0x0000000080800000, 0x0000000080800000| Untracked 
|   8|0x0000000080800000, 0x0000000080900000, 0x0000000080900000|100%| O|  |TAMS 0x0000000080900000, 0x0000000080900000| Untracked 
|   9|0x0000000080900000, 0x0000000080a00000, 0x0000000080a00000|100%| O|  |TAMS 0x0000000080a00000, 0x0000000080a00000| Untracked 
|  10|0x0000000080a00000, 0x0000000080b00000, 0x0000000080b00000|100%| O|  |TAMS 0x0000000080b00000, 0x0000000080b00000| Untracked 
|  11|0x0000000080b00000, 0x0000000080c00000, 0x0000000080c00000|100%| O|  |TAMS 0x0000000080c00000, 0x0000000080c00000| Untracked 
|  12|0x0000000080c00000, 0x0000000080d00000, 0x0000000080d00000|100%| O|  |TAMS 0x0000000080d00000, 0x0000000080d00000| Untracked 
|  13|0x0000000080d00000, 0x0000000080e00000, 0x0000000080e00000|100%| O|  |TAMS 0x0000000080e00000, 0x0000000080e00000| Untracked 
|  14|0x0000000080e00000, 0x0000000080f00000, 0x0000000080f00000|100%| O|  |TAMS 0x0000000080f00000, 0x0000000080f00000| Untracked 
|  15|0x0000000080f00000, 0x0000000081000000, 0x0000000081000000|100%| O|  |TAMS 0x0000000081000000, 0x0000000081000000| Untracked 
|  16|0x0000000081000000, 0x0000000081100000, 0x0000000081100000|100%| O|  |TAMS 0x0000000081100000, 0x0000000081100000| Untracked 
|  17|0x0000000081100000, 0x0000000081200000, 0x0000000081200000|100%| O|  |TAMS 0x0000000081200000, 0x0000000081200000| Untracked 
|  18|0x0000000081200000, 0x0000000081300000, 0x0000000081300000|100%| O|  |TAMS 0x0000000081300000, 0x0000000081300000| Untracked 
|  19|0x0000000081300000, 0x0000000081400000, 0x0000000081400000|100%| O|  |TAMS 0x0000000081400000, 0x0000000081400000| Untracked 
|  20|0x0000000081400000, 0x0000000081500000, 0x0000000081500000|100%| O|  |TAMS 0x0000000081500000, 0x0000000081500000| Untracked 
|  21|0x0000000081500000, 0x0000000081600000, 0x0000000081600000|100%| O|  |TAMS 0x0000000081600000, 0x0000000081600000| Untracked 
|  22|0x0000000081600000, 0x0000000081700000, 0x0000000081700000|100%| O|  |TAMS 0x0000000081700000, 0x0000000081700000| Untracked 
|  23|0x0000000081700000, 0x0000000081800000, 0x0000000081800000|100%| O|  |TAMS 0x0000000081800000, 0x0000000081800000| Untracked 
|  24|0x0000000081800000, 0x0000000081900000, 0x0000000081900000|100%| O|  |TAMS 0x0000000081900000, 0x0000000081900000| Untracked 
|  25|0x0000000081900000, 0x0000000081a00000, 0x0000000081a00000|100%| O|  |TAMS 0x0000000081a00000, 0x0000000081a00000| Untracked 
|  26|0x0000000081a00000, 0x0000000081b00000, 0x0000000081b00000|100%| O|  |TAMS 0x0000000081b00000, 0x0000000081b00000| Untracked 
|  27|0x0000000081b00000, 0x0000000081c00000, 0x0000000081c00000|100%| O|  |TAMS 0x0000000081c00000, 0x0000000081c00000| Untracked 
|  28|0x0000000081c00000, 0x0000000081d00000, 0x0000000081d00000|100%| O|  |TAMS 0x0000000081d00000, 0x0000000081d00000| Untracked 
|  29|0x0000000081d00000, 0x0000000081e00000, 0x0000000081e00000|100%| O|  |TAMS 0x0000000081e00000, 0x0000000081e00000| Untracked 
|  30|0x0000000081e00000, 0x0000000081f00000, 0x0000000081f00000|100%|HS|  |TAMS 0x0000000081f00000, 0x0000000081f00000| Complete 
|  31|0x0000000081f00000, 0x0000000082000000, 0x0000000082000000|100%|HS|  |TAMS 0x0000000082000000, 0x0000000082000000| Complete 
|  32|0x0000000082000000, 0x0000000082100000, 0x0000000082100000|100%|HS|  |TAMS 0x0000000082100000, 0x0000000082100000| Complete 
|  33|0x0000000082100000, 0x0000000082200000, 0x0000000082200000|100%| O|  |TAMS 0x0000000082200000, 0x0000000082200000| Untracked 
|  34|0x0000000082200000, 0x0000000082300000, 0x0000000082300000|100%| O|  |TAMS 0x0000000082300000, 0x0000000082300000| Untracked 
|  35|0x0000000082300000, 0x0000000082400000, 0x0000000082400000|100%| O|  |TAMS 0x0000000082400000, 0x0000000082400000| Untracked 
|  36|0x0000000082400000, 0x0000000082500000, 0x0000000082500000|100%| O|  |TAMS 0x0000000082500000, 0x0000000082500000| Untracked 
|  37|0x0000000082500000, 0x0000000082600000, 0x0000000082600000|100%| O|  |TAMS 0x0000000082600000, 0x0000000082600000| Untracked 
|  38|0x0000000082600000, 0x0000000082700000, 0x0000000082700000|100%| O|  |TAMS 0x0000000082700000, 0x0000000082700000| Untracked 
|  39|0x0000000082700000, 0x0000000082800000, 0x0000000082800000|100%| O|  |TAMS 0x0000000082800000, 0x0000000082800000| Untracked 
|  40|0x0000000082800000, 0x0000000082900000, 0x0000000082900000|100%| O|  |TAMS 0x0000000082900000, 0x0000000082900000| Untracked 
|  41|0x0000000082900000, 0x0000000082a00000, 0x0000000082a00000|100%| O|  |TAMS 0x0000000082a00000, 0x0000000082a00000| Untracked 
|  42|0x0000000082a00000, 0x0000000082b00000, 0x0000000082b00000|100%| O|  |TAMS 0x0000000082b00000, 0x0000000082b00000| Untracked 
|  43|0x0000000082b00000, 0x0000000082c00000, 0x0000000082c00000|100%| O|  |TAMS 0x0000000082b00000, 0x0000000082c00000| Untracked 
|  44|0x0000000082c00000, 0x0000000082d00000, 0x0000000082d00000|100%| O|  |TAMS 0x0000000082c00000, 0x0000000082c90c00| Untracked 
|  45|0x0000000082d00000, 0x0000000082e00000, 0x0000000082e00000|100%| O|  |TAMS 0x0000000082d00000, 0x0000000082d00000| Untracked 
|  46|0x0000000082e00000, 0x0000000082f00000, 0x0000000082f00000|100%| O|  |TAMS 0x0000000082f00000, 0x0000000082f00000| Untracked 
|  47|0x0000000082f00000, 0x0000000083000000, 0x0000000083000000|100%| O|  |TAMS 0x0000000083000000, 0x0000000083000000| Untracked 
|  48|0x0000000083000000, 0x0000000083100000, 0x0000000083100000|100%| O|  |TAMS 0x0000000083100000, 0x0000000083100000| Untracked 
|  49|0x0000000083100000, 0x0000000083200000, 0x0000000083200000|100%| O|  |TAMS 0x0000000083199400, 0x0000000083200000| Untracked 
|  50|0x0000000083200000, 0x0000000083216200, 0x0000000083300000|  8%| O|  |TAMS 0x0000000083200000, 0x0000000083200000| Untracked 
|  51|0x0000000083300000, 0x0000000083400000, 0x0000000083400000|100%|HS|  |TAMS 0x0000000083300000, 0x0000000083300000| Complete 
|  52|0x0000000083400000, 0x0000000083400000, 0x0000000083500000|  0%| F|  |TAMS 0x0000000083400000, 0x0000000083400000| Untracked 
|  53|0x0000000083500000, 0x0000000083500000, 0x0000000083600000|  0%| F|  |TAMS 0x0000000083500000, 0x0000000083500000| Untracked 
|  54|0x0000000083600000, 0x0000000083600000, 0x0000000083700000|  0%| F|  |TAMS 0x0000000083600000, 0x0000000083600000| Untracked 
|  55|0x0000000083700000, 0x0000000083700000, 0x0000000083800000|  0%| F|  |TAMS 0x0000000083700000, 0x0000000083700000| Untracked 
|  56|0x0000000083800000, 0x0000000083800000, 0x0000000083900000|  0%| F|  |TAMS 0x0000000083800000, 0x0000000083800000| Untracked 
|  57|0x0000000083900000, 0x0000000083900000, 0x0000000083a00000|  0%| F|  |TAMS 0x0000000083900000, 0x0000000083900000| Untracked 
|  58|0x0000000083a00000, 0x0000000083a00000, 0x0000000083b00000|  0%| F|  |TAMS 0x0000000083a00000, 0x0000000083a00000| Untracked 
|  59|0x0000000083b00000, 0x0000000083b00000, 0x0000000083c00000|  0%| F|  |TAMS 0x0000000083b00000, 0x0000000083b00000| Untracked 
|  60|0x0000000083c00000, 0x0000000083c00000, 0x0000000083d00000|  0%| F|  |TAMS 0x0000000083c00000, 0x0000000083c00000| Untracked 
|  61|0x0000000083d00000, 0x0000000083d00000, 0x0000000083e00000|  0%| F|  |TAMS 0x0000000083d00000, 0x0000000083d00000| Untracked 
|  62|0x0000000083e00000, 0x0000000083e00000, 0x0000000083f00000|  0%| F|  |TAMS 0x0000000083e00000, 0x0000000083e00000| Untracked 
|  63|0x0000000083f00000, 0x0000000083f00000, 0x0000000084000000|  0%| F|  |TAMS 0x0000000083f00000, 0x0000000083f00000| Untracked 
|  64|0x0000000084000000, 0x0000000084000000, 0x0000000084100000|  0%| F|  |TAMS 0x0000000084000000, 0x0000000084000000| Untracked 
|  65|0x0000000084100000, 0x0000000084100000, 0x0000000084200000|  0%| F|  |TAMS 0x0000000084100000, 0x0000000084100000| Untracked 
|  66|0x0000000084200000, 0x0000000084200000, 0x0000000084300000|  0%| F|  |TAMS 0x0000000084200000, 0x0000000084200000| Untracked 
|  67|0x0000000084300000, 0x0000000084300000, 0x0000000084400000|  0%| F|  |TAMS 0x0000000084300000, 0x0000000084300000| Untracked 
|  68|0x0000000084400000, 0x0000000084400000, 0x0000000084500000|  0%| F|  |TAMS 0x0000000084400000, 0x0000000084400000| Untracked 
|  69|0x0000000084500000, 0x0000000084500000, 0x0000000084600000|  0%| F|  |TAMS 0x0000000084500000, 0x0000000084500000| Untracked 
|  70|0x0000000084600000, 0x0000000084600000, 0x0000000084700000|  0%| F|  |TAMS 0x0000000084600000, 0x0000000084600000| Untracked 
|  71|0x0000000084700000, 0x0000000084700000, 0x0000000084800000|  0%| F|  |TAMS 0x0000000084700000, 0x0000000084700000| Untracked 
|  72|0x0000000084800000, 0x0000000084800000, 0x0000000084900000|  0%| F|  |TAMS 0x0000000084800000, 0x0000000084800000| Untracked 
|  73|0x0000000084900000, 0x0000000084900000, 0x0000000084a00000|  0%| F|  |TAMS 0x0000000084900000, 0x0000000084900000| Untracked 
|  74|0x0000000084a00000, 0x0000000084a00000, 0x0000000084b00000|  0%| F|  |TAMS 0x0000000084a00000, 0x0000000084a00000| Untracked 
|  75|0x0000000084b00000, 0x0000000084b00000, 0x0000000084c00000|  0%| F|  |TAMS 0x0000000084b00000, 0x0000000084b00000| Untracked 
|  76|0x0000000084c00000, 0x0000000084c00000, 0x0000000084d00000|  0%| F|  |TAMS 0x0000000084c00000, 0x0000000084c00000| Untracked 
|  77|0x0000000084d00000, 0x0000000084d00000, 0x0000000084e00000|  0%| F|  |TAMS 0x0000000084d00000, 0x0000000084d00000| Untracked 
|  78|0x0000000084e00000, 0x0000000084e00000, 0x0000000084f00000|  0%| F|  |TAMS 0x0000000084e00000, 0x0000000084e00000| Untracked 
|  79|0x0000000084f00000, 0x0000000084f00000, 0x0000000085000000|  0%| F|  |TAMS 0x0000000084f00000, 0x0000000084f00000| Untracked 
|  80|0x0000000085000000, 0x0000000085000000, 0x0000000085100000|  0%| F|  |TAMS 0x0000000085000000, 0x0000000085000000| Untracked 
|  81|0x0000000085100000, 0x0000000085100000, 0x0000000085200000|  0%| F|  |TAMS 0x0000000085100000, 0x0000000085100000| Untracked 
|  82|0x0000000085200000, 0x0000000085200000, 0x0000000085300000|  0%| F|  |TAMS 0x0000000085200000, 0x0000000085200000| Untracked 
|  83|0x0000000085300000, 0x0000000085300000, 0x0000000085400000|  0%| F|  |TAMS 0x0000000085300000, 0x0000000085300000| Untracked 
|  84|0x0000000085400000, 0x0000000085440940, 0x0000000085500000| 25%| S|CS|TAMS 0x0000000085400000, 0x0000000085400000| Complete 
|  85|0x0000000085500000, 0x0000000085600000, 0x0000000085600000|100%| S|CS|TAMS 0x0000000085500000, 0x0000000085500000| Complete 
|  86|0x0000000085600000, 0x0000000085700000, 0x0000000085700000|100%| S|CS|TAMS 0x0000000085600000, 0x0000000085600000| Complete 
|  87|0x0000000085700000, 0x0000000085800000, 0x0000000085800000|100%| S|CS|TAMS 0x0000000085700000, 0x0000000085700000| Complete 
|  88|0x0000000085800000, 0x0000000085800000, 0x0000000085900000|  0%| F|  |TAMS 0x0000000085800000, 0x0000000085800000| Untracked 
|  89|0x0000000085900000, 0x0000000085900000, 0x0000000085a00000|  0%| F|  |TAMS 0x0000000085900000, 0x0000000085900000| Untracked 
|  90|0x0000000085a00000, 0x0000000085a00000, 0x0000000085b00000|  0%| F|  |TAMS 0x0000000085a00000, 0x0000000085a00000| Untracked 
|  91|0x0000000085b00000, 0x0000000085b00000, 0x0000000085c00000|  0%| F|  |TAMS 0x0000000085b00000, 0x0000000085b00000| Untracked 
|  92|0x0000000085c00000, 0x0000000085c00000, 0x0000000085d00000|  0%| F|  |TAMS 0x0000000085c00000, 0x0000000085c00000| Untracked 
|  93|0x0000000085d00000, 0x0000000085d00000, 0x0000000085e00000|  0%| F|  |TAMS 0x0000000085d00000, 0x0000000085d00000| Untracked 
|  94|0x0000000085e00000, 0x0000000085e00000, 0x0000000085f00000|  0%| F|  |TAMS 0x0000000085e00000, 0x0000000085e00000| Untracked 
|  95|0x0000000085f00000, 0x0000000085f00000, 0x0000000086000000|  0%| F|  |TAMS 0x0000000085f00000, 0x0000000085f00000| Untracked 
|  96|0x0000000086000000, 0x0000000086080800, 0x0000000086100000| 50%| E|  |TAMS 0x0000000086000000, 0x0000000086000000| Complete 
|  97|0x0000000086100000, 0x0000000086200000, 0x0000000086200000|100%| E|CS|TAMS 0x0000000086100000, 0x0000000086100000| Complete 
|  98|0x0000000086200000, 0x0000000086300000, 0x0000000086300000|100%| E|CS|TAMS 0x0000000086200000, 0x0000000086200000| Complete 
|  99|0x0000000086300000, 0x0000000086400000, 0x0000000086400000|100%| E|CS|TAMS 0x0000000086300000, 0x0000000086300000| Complete 
| 100|0x0000000086400000, 0x0000000086500000, 0x0000000086500000|100%| E|CS|TAMS 0x0000000086400000, 0x0000000086400000| Complete 
| 101|0x0000000086500000, 0x0000000086600000, 0x0000000086600000|100%| E|CS|TAMS 0x0000000086500000, 0x0000000086500000| Complete 
| 102|0x0000000086600000, 0x0000000086700000, 0x0000000086700000|100%| E|CS|TAMS 0x0000000086600000, 0x0000000086600000| Complete 
| 103|0x0000000086700000, 0x0000000086800000, 0x0000000086800000|100%| E|CS|TAMS 0x0000000086700000, 0x0000000086700000| Complete 
| 104|0x0000000086800000, 0x0000000086900000, 0x0000000086900000|100%| E|CS|TAMS 0x0000000086800000, 0x0000000086800000| Complete 
| 105|0x0000000086900000, 0x0000000086a00000, 0x0000000086a00000|100%| E|CS|TAMS 0x0000000086900000, 0x0000000086900000| Complete 
| 106|0x0000000086a00000, 0x0000000086b00000, 0x0000000086b00000|100%| E|CS|TAMS 0x0000000086a00000, 0x0000000086a00000| Complete 
| 107|0x0000000086b00000, 0x0000000086c00000, 0x0000000086c00000|100%| E|CS|TAMS 0x0000000086b00000, 0x0000000086b00000| Complete 
| 108|0x0000000086c00000, 0x0000000086d00000, 0x0000000086d00000|100%| E|CS|TAMS 0x0000000086c00000, 0x0000000086c00000| Complete 
| 109|0x0000000086d00000, 0x0000000086e00000, 0x0000000086e00000|100%| E|CS|TAMS 0x0000000086d00000, 0x0000000086d00000| Complete 
| 110|0x0000000086e00000, 0x0000000086f00000, 0x0000000086f00000|100%| E|CS|TAMS 0x0000000086e00000, 0x0000000086e00000| Complete 
| 203|0x000000008cb00000, 0x000000008cc00000, 0x000000008cc00000|100%| E|CS|TAMS 0x000000008cb00000, 0x000000008cb00000| Complete 
| 204|0x000000008cc00000, 0x000000008cd00000, 0x000000008cd00000|100%| E|CS|TAMS 0x000000008cc00000, 0x000000008cc00000| Complete 
| 205|0x000000008cd00000, 0x000000008ce00000, 0x000000008ce00000|100%| E|CS|TAMS 0x000000008cd00000, 0x000000008cd00000| Complete 
| 206|0x000000008ce00000, 0x000000008cf00000, 0x000000008cf00000|100%| E|CS|TAMS 0x000000008ce00000, 0x000000008ce00000| Complete 
| 207|0x000000008cf00000, 0x000000008d000000, 0x000000008d000000|100%| E|CS|TAMS 0x000000008cf00000, 0x000000008cf00000| Complete 
| 208|0x000000008d000000, 0x000000008d100000, 0x000000008d100000|100%| E|CS|TAMS 0x000000008d000000, 0x000000008d000000| Complete 
| 209|0x000000008d100000, 0x000000008d200000, 0x000000008d200000|100%| E|CS|TAMS 0x000000008d100000, 0x000000008d100000| Complete 
| 210|0x000000008d200000, 0x000000008d300000, 0x000000008d300000|100%| E|CS|TAMS 0x000000008d200000, 0x000000008d200000| Complete 
| 251|0x000000008fb00000, 0x000000008fc00000, 0x000000008fc00000|100%| E|CS|TAMS 0x000000008fb00000, 0x000000008fb00000| Complete 

Card table byte_map: [0x0000015272320000,0x0000015272720000] _byte_map_base: 0x0000015271f20000

Marking Bits (Prev, Next): (CMBitMap*) 0x000001525f565750, (CMBitMap*) 0x000001525f565710
 Prev Bits: [0x0000015274b20000, 0x0000015276b20000)
 Next Bits: [0x0000015272b20000, 0x0000015274b20000)

Polling page: 0x000001525d160000

Metaspace:

Usage:
  Non-class:     65.02 MB used.
      Class:     10.21 MB used.
       Both:     75.23 MB used.

Virtual space:
  Non-class space:       72.00 MB reserved,      65.38 MB ( 91%) committed,  9 nodes.
      Class space:        1.00 GB reserved,      10.44 MB (  1%) committed,  1 nodes.
             Both:        1.07 GB reserved,      75.81 MB (  7%) committed. 

Chunk freelists:
   Non-Class:  2.11 MB
       Class:  1.58 MB
        Both:  3.69 MB

MaxMetaspaceSize: unlimited
CompressedClassSpaceSize: 1.00 GB
Initial GC threshold: 21.00 MB
Current GC threshold: 115.25 MB
CDS: off
MetaspaceReclaimPolicy: balanced
 - commit_granule_bytes: 65536.
 - commit_granule_words: 8192.
 - virtual_space_node_default_size: 1048576.
 - enlarge_chunks_in_place: 1.
 - new_chunks_are_fully_committed: 0.
 - uncommit_free_chunks: 1.
 - use_allocation_guard: 0.
 - handle_deallocations: 1.


Internal statistics:

num_allocs_failed_limit: 9.
num_arena_births: 746.
num_arena_deaths: 0.
num_vsnodes_births: 10.
num_vsnodes_deaths: 0.
num_space_committed: 1213.
num_space_uncommitted: 0.
num_chunks_returned_to_freelist: 9.
num_chunks_taken_from_freelist: 3327.
num_chunk_merges: 9.
num_chunk_splits: 2287.
num_chunks_enlarged: 1633.
num_purges: 0.
num_inconsistent_stats: 0.

CodeHeap 'non-profiled nmethods': size=120000Kb used=3958Kb max_used=3958Kb free=116041Kb
 bounds [0x000001526a490000, 0x000001526a870000, 0x00000152719c0000]
CodeHeap 'profiled nmethods': size=120000Kb used=12690Kb max_used=12690Kb free=107309Kb
 bounds [0x00000152629c0000, 0x0000015263630000, 0x0000015269ef0000]
CodeHeap 'non-nmethods': size=5760Kb used=2374Kb max_used=2459Kb free=3385Kb
 bounds [0x0000015269ef0000, 0x000001526a160000, 0x000001526a490000]
 total_blobs=7516 nmethods=6612 adapters=816
 compilation: enabled
              stopped_count=0, restarted_count=0
 full_count=0

Compilation events (20 events):
Event: 14.037 Thread 0x000001527a0a1ef0 7330       3       org.gradle.internal.operations.OperationIdentifier::<init> (26 bytes)
Event: 14.037 Thread 0x000001527a0a1ef0 nmethod 7330 0x0000015263602090 code [0x0000015263602240, 0x00000152636024a8]
Event: 14.037 Thread 0x000001527a0a1ef0 7331       3       org.gradle.internal.operations.BuildOperationDescriptor$Builder::build (54 bytes)
Event: 14.038 Thread 0x000001527a0a1ef0 nmethod 7331 0x0000015263602590 code [0x0000015263602740, 0x0000015263602a48]
Event: 14.038 Thread 0x000001527a0a1ef0 7332       3       org.gradle.internal.operations.BuildOperationDescriptor::<init> (18 bytes)
Event: 14.038 Thread 0x000001527a0a1ef0 nmethod 7332 0x0000015263602c10 code [0x0000015263602da0, 0x0000015263602f08]
Event: 14.038 Thread 0x000001527a0a1ef0 7333       3       org.gradle.internal.operations.BuildOperationDescriptor::<init> (50 bytes)
Event: 14.038 Thread 0x000001527a0a1ef0 nmethod 7333 0x0000015263603010 code [0x00000152636031c0, 0x00000152636035d8]
Event: 14.038 Thread 0x000001527a0a1ef0 7334       3       org.gradle.internal.operations.DefaultBuildOperationExecutor$$Lambda$151/0x00000001002b78c8::getCurrentTime (10 bytes)
Event: 14.038 Thread 0x000001527a0a1ef0 nmethod 7334 0x0000015263603710 code [0x00000152636038c0, 0x0000015263603a48]
Event: 14.038 Thread 0x000001527a0a1ef0 7335       3       org.gradle.internal.operations.BuildOperationState::<init> (26 bytes)
Event: 14.038 Thread 0x000001527a0a1ef0 nmethod 7335 0x0000015263603b90 code [0x0000015263603d40, 0x0000015263604078]
Event: 14.038 Thread 0x000001527a0a1ef0 7336       3       org.gradle.internal.logging.progress.DefaultProgressLoggerFactory::newOperation (107 bytes)
Event: 14.038 Thread 0x000001527a0a1ef0 nmethod 7336 0x0000015263604190 code [0x0000015263604380, 0x0000015263604948]
Event: 14.039 Thread 0x000001527a0a1ef0 7337       3       com.android.build.api.artifact.impl.TypedStorageProvider$getArtifact$1$1::invoke (5 bytes)
Event: 14.039 Thread 0x000001527a0a1ef0 nmethod 7337 0x0000015263604b10 code [0x0000015263604d60, 0x00000152636056c8]
Event: 14.039 Thread 0x000001527a0a1ef0 7338       3       com.android.build.api.artifact.impl.TypedStorageProvider$getArtifact$1$1::invoke (27 bytes)
Event: 14.039 Thread 0x000001527a0a1ef0 nmethod 7338 0x0000015263605a90 code [0x0000015263605ce0, 0x00000152636065e8]
Event: 14.689 Thread 0x000001527d6fac20 7339       4       java.util.concurrent.locks.AbstractQueuedSynchronizer$Node::getAndUnsetStatus (14 bytes)
Event: 14.690 Thread 0x000001527d6fac20 nmethod 7339 0x000001526a869690 code [0x000001526a869800, 0x000001526a8698b8]

GC Heap History (20 events):
Event: 9.117 GC heap before
{Heap before GC invocations=12 (full 0):
 garbage-first heap   total 102400K, used 76636K [0x0000000080000000, 0x0000000100000000)
  region size 1024K, 49 young (50176K), 4 survivors (4096K)
 Metaspace       used 52236K, committed 52672K, reserved 1097728K
  class space    used 7024K, committed 7232K, reserved 1048576K
}
Event: 9.124 GC heap after
{Heap after GC invocations=13 (full 0):
 garbage-first heap   total 102400K, used 33129K [0x0000000080000000, 0x0000000100000000)
  region size 1024K, 3 young (3072K), 3 survivors (3072K)
 Metaspace       used 52236K, committed 52672K, reserved 1097728K
  class space    used 7024K, committed 7232K, reserved 1048576K
}
Event: 10.484 GC heap before
{Heap before GC invocations=13 (full 0):
 garbage-first heap   total 102400K, used 82281K [0x0000000080000000, 0x0000000100000000)
  region size 1024K, 48 young (49152K), 3 survivors (3072K)
 Metaspace       used 53848K, committed 54336K, reserved 1097728K
  class space    used 7207K, committed 7424K, reserved 1048576K
}
Event: 10.491 GC heap after
{Heap after GC invocations=14 (full 0):
 garbage-first heap   total 102400K, used 42989K [0x0000000080000000, 0x0000000100000000)
  region size 1024K, 6 young (6144K), 6 survivors (6144K)
 Metaspace       used 53848K, committed 54336K, reserved 1097728K
  class space    used 7207K, committed 7424K, reserved 1048576K
}
Event: 11.089 GC heap before
{Heap before GC invocations=14 (full 0):
 garbage-first heap   total 102400K, used 79853K [0x0000000080000000, 0x0000000100000000)
  region size 1024K, 42 young (43008K), 6 survivors (6144K)
 Metaspace       used 59480K, committed 60032K, reserved 1105920K
  class space    used 7903K, committed 8192K, reserved 1048576K
}
Event: 11.094 GC heap after
{Heap after GC invocations=15 (full 0):
 garbage-first heap   total 102400K, used 44596K [0x0000000080000000, 0x0000000100000000)
  region size 1024K, 2 young (2048K), 2 survivors (2048K)
 Metaspace       used 59480K, committed 60032K, reserved 1105920K
  class space    used 7903K, committed 8192K, reserved 1048576K
}
Event: 11.113 GC heap before
{Heap before GC invocations=15 (full 0):
 garbage-first heap   total 102400K, used 45620K [0x0000000080000000, 0x0000000100000000)
  region size 1024K, 4 young (4096K), 2 survivors (2048K)
 Metaspace       used 59564K, committed 60096K, reserved 1105920K
  class space    used 7914K, committed 8192K, reserved 1048576K
}
Event: 11.116 GC heap after
{Heap after GC invocations=16 (full 0):
 garbage-first heap   total 102400K, used 44554K [0x0000000080000000, 0x0000000100000000)
  region size 1024K, 2 young (2048K), 2 survivors (2048K)
 Metaspace       used 59564K, committed 60096K, reserved 1105920K
  class space    used 7914K, committed 8192K, reserved 1048576K
}
Event: 11.825 GC heap before
{Heap before GC invocations=17 (full 0):
 garbage-first heap   total 102400K, used 71178K [0x0000000080000000, 0x0000000100000000)
  region size 1024K, 27 young (27648K), 2 survivors (2048K)
 Metaspace       used 63786K, committed 64320K, reserved 1105920K
  class space    used 8494K, committed 8704K, reserved 1048576K
}
Event: 11.831 GC heap after
{Heap after GC invocations=18 (full 0):
 garbage-first heap   total 102400K, used 49742K [0x0000000080000000, 0x0000000100000000)
  region size 1024K, 5 young (5120K), 5 survivors (5120K)
 Metaspace       used 63786K, committed 64320K, reserved 1105920K
  class space    used 8494K, committed 8704K, reserved 1048576K
}
Event: 11.833 GC heap before
{Heap before GC invocations=18 (full 0):
 garbage-first heap   total 102400K, used 50766K [0x0000000080000000, 0x0000000100000000)
  region size 1024K, 6 young (6144K), 5 survivors (5120K)
 Metaspace       used 63786K, committed 64320K, reserved 1105920K
  class space    used 8494K, committed 8704K, reserved 1048576K
}
Event: 11.838 GC heap after
{Heap after GC invocations=19 (full 0):
 garbage-first heap   total 102400K, used 51008K [0x0000000080000000, 0x0000000100000000)
  region size 1024K, 1 young (1024K), 1 survivors (1024K)
 Metaspace       used 63786K, committed 64320K, reserved 1105920K
  class space    used 8494K, committed 8704K, reserved 1048576K
}
Event: 12.392 GC heap before
{Heap before GC invocations=20 (full 0):
 garbage-first heap   total 102400K, used 85824K [0x0000000080000000, 0x0000000100000000)
  region size 1024K, 32 young (32768K), 1 survivors (1024K)
 Metaspace       used 66141K, committed 66624K, reserved 1114112K
  class space    used 8804K, committed 9024K, reserved 1048576K
}
Event: 12.396 GC heap after
{Heap after GC invocations=21 (full 0):
 garbage-first heap   total 102400K, used 52837K [0x0000000080000000, 0x0000000100000000)
  region size 1024K, 2 young (2048K), 2 survivors (2048K)
 Metaspace       used 66141K, committed 66624K, reserved 1114112K
  class space    used 8804K, committed 9024K, reserved 1048576K
}
Event: 13.027 GC heap before
{Heap before GC invocations=21 (full 0):
 garbage-first heap   total 102400K, used 84581K [0x0000000080000000, 0x0000000100000000)
  region size 1024K, 33 young (33792K), 2 survivors (2048K)
 Metaspace       used 70183K, committed 70720K, reserved 1114112K
  class space    used 9356K, committed 9600K, reserved 1048576K
}
Event: 13.033 GC heap after
{Heap after GC invocations=22 (full 0):
 garbage-first heap   total 102400K, used 54493K [0x0000000080000000, 0x0000000100000000)
  region size 1024K, 4 young (4096K), 4 survivors (4096K)
 Metaspace       used 70183K, committed 70720K, reserved 1114112K
  class space    used 9356K, committed 9600K, reserved 1048576K
}
Event: 13.505 GC heap before
{Heap before GC invocations=23 (full 0):
 garbage-first heap   total 102400K, used 83165K [0x0000000080000000, 0x0000000100000000)
  region size 1024K, 33 young (33792K), 4 survivors (4096K)
 Metaspace       used 72875K, committed 73408K, reserved 1114112K
  class space    used 9694K, committed 9920K, reserved 1048576K
}
Event: 13.512 GC heap after
{Heap after GC invocations=24 (full 0):
 garbage-first heap   total 102400K, used 53886K [0x0000000080000000, 0x0000000100000000)
  region size 1024K, 5 young (5120K), 5 survivors (5120K)
 Metaspace       used 72875K, committed 73408K, reserved 1114112K
  class space    used 9694K, committed 9920K, reserved 1048576K
}
Event: 13.642 GC heap before
{Heap before GC invocations=24 (full 0):
 garbage-first heap   total 102400K, used 65150K [0x0000000080000000, 0x0000000100000000)
  region size 1024K, 17 young (17408K), 5 survivors (5120K)
 Metaspace       used 74083K, committed 74624K, reserved 1114112K
  class space    used 9870K, committed 10112K, reserved 1048576K
}
Event: 13.647 GC heap after
{Heap after GC invocations=25 (full 0):
 garbage-first heap   total 122880K, used 54618K [0x0000000080000000, 0x0000000100000000)
  region size 1024K, 4 young (4096K), 4 survivors (4096K)
 Metaspace       used 74083K, committed 74624K, reserved 1114112K
  class space    used 9870K, committed 10112K, reserved 1048576K
}

Dll operation events (2 events):
Event: 0.027 Loaded shared library C:\BTS\ANDROID\android-studio-girafe\android-studio-2022.3.1.19-windows\android-studio\jbr\bin\java.dll
Event: 0.680 Loaded shared library C:\BTS\ANDROID\android-studio-girafe\android-studio-2022.3.1.19-windows\android-studio\jbr\bin\verify.dll

Deoptimization events (20 events):
Event: 13.748 Thread 0x000001527b1a0ed0 Uncommon trap: trap_request=0xffffff45 fr.pc=0x000001526a612cdc relative=0x000000000000051c
Event: 13.748 Thread 0x000001527b1a0ed0 Uncommon trap: reason=unstable_if action=reinterpret pc=0x000001526a612cdc method=java.lang.AbstractStringBuilder.appendChars(Ljava/lang/String;II)V @ 11 c2
Event: 13.748 Thread 0x000001527b1a0ed0 DEOPT PACKING pc=0x000001526a612cdc sp=0x0000004ae97f7350
Event: 13.748 Thread 0x000001527b1a0ed0 DEOPT UNPACKING pc=0x0000015269f469a3 sp=0x0000004ae97f7280 mode 2
Event: 13.748 Thread 0x000001527b1a0ed0 Uncommon trap: trap_request=0xffffff45 fr.pc=0x000001526a6123ec relative=0x000000000000014c
Event: 13.748 Thread 0x000001527b1a0ed0 Uncommon trap: reason=unstable_if action=reinterpret pc=0x000001526a6123ec method=java.lang.AbstractStringBuilder.appendChars(Ljava/lang/String;II)V @ 11 c2
Event: 13.748 Thread 0x000001527b1a0ed0 DEOPT PACKING pc=0x000001526a6123ec sp=0x0000004ae97f72c0
Event: 13.748 Thread 0x000001527b1a0ed0 DEOPT UNPACKING pc=0x0000015269f469a3 sp=0x0000004ae97f7270 mode 2
Event: 13.748 Thread 0x000001527b1a0ed0 Uncommon trap: trap_request=0xffffff45 fr.pc=0x000001526a497738 relative=0x0000000000000038
Event: 13.748 Thread 0x000001527b1a0ed0 Uncommon trap: reason=unstable_if action=reinterpret pc=0x000001526a497738 method=java.lang.StringLatin1.canEncode(I)Z @ 4 c2
Event: 13.748 Thread 0x000001527b1a0ed0 DEOPT PACKING pc=0x000001526a497738 sp=0x0000004ae97f7280
Event: 13.748 Thread 0x000001527b1a0ed0 DEOPT UNPACKING pc=0x0000015269f469a3 sp=0x0000004ae97f7210 mode 2
Event: 13.749 Thread 0x000001527b1a0ed0 Uncommon trap: trap_request=0xffffff45 fr.pc=0x000001526a83a170 relative=0x00000000000004b0
Event: 13.749 Thread 0x000001527b1a0ed0 Uncommon trap: reason=unstable_if action=reinterpret pc=0x000001526a83a170 method=java.lang.AbstractStringBuilder.putStringAt(ILjava/lang/String;II)V @ 8 c2
Event: 13.749 Thread 0x000001527b1a0ed0 DEOPT PACKING pc=0x000001526a83a170 sp=0x0000004ae97f73a0
Event: 13.749 Thread 0x000001527b1a0ed0 DEOPT UNPACKING pc=0x0000015269f469a3 sp=0x0000004ae97f7280 mode 2
Event: 13.749 Thread 0x000001527b1a0ed0 Uncommon trap: trap_request=0xffffff45 fr.pc=0x000001526a4c92cc relative=0x000000000000012c
Event: 13.749 Thread 0x000001527b1a0ed0 Uncommon trap: reason=unstable_if action=reinterpret pc=0x000001526a4c92cc method=java.lang.AbstractStringBuilder.putStringAt(ILjava/lang/String;II)V @ 8 c2
Event: 13.749 Thread 0x000001527b1a0ed0 DEOPT PACKING pc=0x000001526a4c92cc sp=0x0000004ae97f7320
Event: 13.749 Thread 0x000001527b1a0ed0 DEOPT UNPACKING pc=0x0000015269f469a3 sp=0x0000004ae97f7268 mode 2

Classes unloaded (0 events):
No events

Classes redefined (0 events):
No events

Internal exceptions (20 events):
Event: 9.815 Thread 0x000001527cdfd5e0 Exception <a 'java/lang/NoSuchMethodError'{0x00000000847ac5a8}: static Lorg/gradle/internal/build/event/types/AbstractOperationResult;.<clinit>()V> (0x00000000847ac5a8) 
thrown [s\src\hotspot\share\prims\jni.cpp, line 1108]
Event: 9.815 Thread 0x000001527cdfd5e0 Exception <a 'java/lang/NoSuchMethodError'{0x00000000847ad7a8}: static Lorg/gradle/internal/build/event/types/AbstractResult;.<clinit>()V> (0x00000000847ad7a8) 
thrown [s\src\hotspot\share\prims\jni.cpp, line 1108]
Event: 9.819 Thread 0x000001527cdfd5e0 Exception <a 'java/lang/NoSuchMethodError'{0x00000000847c1f78}: static Lorg/gradle/internal/build/event/types/DefaultPluginApplicationResult;.<clinit>()V> (0x00000000847c1f78) 
thrown [s\src\hotspot\share\prims\jni.cpp, line 1108]
Event: 9.820 Thread 0x000001527cdfd5e0 Exception <a 'java/lang/NoSuchMethodError'{0x00000000847cc710}: static Lorg/gradle/internal/build/event/types/DefaultBinaryPluginIdentifier;.<clinit>()V> (0x00000000847cc710) 
thrown [s\src\hotspot\share\prims\jni.cpp, line 1108]
Event: 9.824 Thread 0x000001527cdfd5e0 Exception <a 'java/lang/NoSuchMethodError'{0x00000000847e13e8}: static Lorg/gradle/internal/build/event/types/DefaultScriptPluginIdentifier;.<clinit>()V> (0x00000000847e13e8) 
thrown [s\src\hotspot\share\prims\jni.cpp, line 1108]
Event: 10.025 Thread 0x000001527b1a0ed0 Implicit null exception at 0x000001526a79330f to 0x000001526a79399c
Event: 10.440 Thread 0x000001527b1a0ed0 Exception <a 'java/lang/ClassNotFoundException'{0x0000000083a67f18}: org/gradle/api/internal/plugins/DefaultObjectConfigurationActionBeanInfo> (0x0000000083a67f18) 
thrown [s\src\hotspot\share\classfile\systemDictionary.cpp, line 256]
Event: 10.440 Thread 0x000001527b1a0ed0 Exception <a 'java/lang/ClassNotFoundException'{0x0000000083a7bd70}: org/gradle/api/internal/plugins/DefaultObjectConfigurationActionCustomizer> (0x0000000083a7bd70) 
thrown [s\src\hotspot\share\classfile\systemDictionary.cpp, line 256]
Event: 10.563 Thread 0x000001527b1a0ed0 Exception <a 'java/lang/NoSuchMethodError'{0x000000008cc43148}: 'java.lang.Object java.lang.invoke.DirectMethodHandle$Holder.newInvokeSpecial(java.lang.Object, java.lang.Object, java.lang.Object, java.lang.Object, int)'> (0x000000008cc43148) 
thrown [s\src\hotspot\share\interpreter\linkResolver.cpp, line 771]
Event: 10.564 Thread 0x000001527b1a0ed0 Exception <a 'java/lang/NoSuchMethodError'{0x000000008cc48590}: 'java.lang.Object java.lang.invoke.DirectMethodHandle$Holder.invokeSpecial(java.lang.Object, java.lang.Object, java.lang.Object, java.lang.Object, java.lang.Object, int)'> (0x000000008cc48590) 
thrown [s\src\hotspot\share\interpreter\linkResolver.cpp, line 771]
Event: 10.564 Thread 0x000001527b1a0ed0 Exception <a 'java/lang/NoSuchMethodError'{0x000000008cc4d310}: 'java.lang.Object java.lang.invoke.Invokers$Holder.linkToTargetMethod(java.lang.Object, java.lang.Object, java.lang.Object, int, java.lang.Object)'> (0x000000008cc4d310) 
thrown [s\src\hotspot\share\interpreter\linkResolver.cpp, line 771]
Event: 10.824 Thread 0x000001527b1a0ed0 Exception <a 'java/lang/NoSuchMethodError'{0x00000000850d3d70}: 'int java.lang.invoke.DirectMethodHandle$Holder.invokeInterface(java.lang.Object, java.lang.Object, java.lang.Object, java.lang.Object)'> (0x00000000850d3d70) 
thrown [s\src\hotspot\share\interpreter\linkResolver.cpp, line 771]
Event: 11.430 Thread 0x000001527b1a0ed0 Exception <a 'java/lang/IncompatibleClassChangeError'{0x000000008598ff30}: Found class java.lang.Object, but interface was expected> (0x000000008598ff30) 
thrown [s\src\hotspot\share\interpreter\linkResolver.cpp, line 838]
Event: 11.494 Thread 0x000001527b1a0ed0 Implicit null exception at 0x000001526a6ebd59 to 0x000001526a6ebef0
Event: 11.494 Thread 0x000001527b1a0ed0 Implicit null exception at 0x000001526a6e97ae to 0x000001526a6e9e98
Event: 11.713 Thread 0x000001527b1a0ed0 Implicit null exception at 0x000001526a672f0c to 0x000001526a673042
Event: 11.911 Thread 0x000001527b1a0ed0 Exception <a 'sun/nio/fs/WindowsException'{0x0000000085a812e8}> (0x0000000085a812e8) 
thrown [s\src\hotspot\share\prims\jni.cpp, line 517]
Event: 12.547 Thread 0x000001527b1a0ed0 Implicit null exception at 0x000001526a66b1c8 to 0x000001526a66b288
Event: 13.261 Thread 0x000001527c9d2270 Implicit null exception at 0x000001526a4c8572 to 0x000001526a4c8b48
Event: 13.262 Thread 0x000001527c9d2270 Implicit null exception at 0x000001526a4dfa72 to 0x000001526a4e0058

VM Operations (20 events):
Event: 12.392 Executing VM operation: G1CollectForAllocation
Event: 12.396 Executing VM operation: G1CollectForAllocation done
Event: 13.027 Executing VM operation: G1CollectForAllocation
Event: 13.033 Executing VM operation: G1CollectForAllocation done
Event: 13.056 Executing VM operation: G1Concurrent
Event: 13.066 Executing VM operation: G1Concurrent done
Event: 13.079 Executing VM operation: G1Concurrent
Event: 13.080 Executing VM operation: G1Concurrent done
Event: 13.283 Executing VM operation: HandshakeAllThreads
Event: 13.283 Executing VM operation: HandshakeAllThreads done
Event: 13.437 Executing VM operation: ICBufferFull
Event: 13.437 Executing VM operation: ICBufferFull done
Event: 13.449 Executing VM operation: HandshakeAllThreads
Event: 13.450 Executing VM operation: HandshakeAllThreads done
Event: 13.505 Executing VM operation: G1CollectForAllocation
Event: 13.513 Executing VM operation: G1CollectForAllocation done
Event: 13.642 Executing VM operation: G1TryInitiateConcMark
Event: 13.647 Executing VM operation: G1TryInitiateConcMark done
Event: 14.657 Executing VM operation: Cleanup
Event: 14.657 Executing VM operation: Cleanup done

Events (20 events):
Event: 12.522 loading class sun/reflect/annotation/AnnotationInvocationHandler$1
Event: 12.522 loading class sun/reflect/annotation/AnnotationInvocationHandler$1 done
Event: 13.169 loading class java/util/ArrayList$SubList$1
Event: 13.169 loading class java/util/ArrayList$SubList$1 done
Event: 13.204 Thread 0x000001527a7190f0 Thread exited: 0x000001527a7190f0
Event: 13.230 loading class java/util/concurrent/LinkedBlockingDeque$Itr
Event: 13.230 loading class java/util/concurrent/LinkedBlockingDeque$AbstractItr
Event: 13.230 loading class java/util/concurrent/LinkedBlockingDeque$AbstractItr done
Event: 13.230 loading class java/util/concurrent/LinkedBlockingDeque$Itr done
Event: 13.409 loading class jdk/internal/loader/URLClassPath$FileLoader
Event: 13.409 loading class jdk/internal/loader/URLClassPath$FileLoader done
Event: 13.410 loading class jdk/internal/loader/URLClassPath$FileLoader$1
Event: 13.410 loading class jdk/internal/loader/URLClassPath$FileLoader$1 done
Event: 13.653 loading class sun/reflect/generics/repository/FieldRepository
Event: 13.653 loading class sun/reflect/generics/repository/FieldRepository done
Event: 13.664 loading class jdk/internal/vm/annotation/ForceInline
Event: 13.664 loading class jdk/internal/vm/annotation/ForceInline done
Event: 13.750 loading class java/util/regex/Pattern$Caret
Event: 13.750 loading class java/util/regex/Pattern$Caret done
Event: 13.768 Thread 0x000001527d6fac20 Thread added: 0x000001527d6fac20


Dynamic libraries:
0x00007ff775ed0000 - 0x00007ff775eda000 	C:\BTS\ANDROID\android-studio-girafe\android-studio-2022.3.1.19-windows\android-studio\jbr\bin\java.exe
0x00007ffa9a2e0000 - 0x00007ffa9a543000 	C:\WINDOWS\SYSTEM32\ntdll.dll
0x00007ffa99650000 - 0x00007ffa99717000 	C:\WINDOWS\System32\KERNEL32.DLL
0x00007ffa97940000 - 0x00007ffa97d07000 	C:\WINDOWS\System32\KERNELBASE.dll
0x00007ffa97410000 - 0x00007ffa9755c000 	C:\Windows\system32\hmpalert.dll
0x00007ffa97f30000 - 0x00007ffa9807c000 	C:\WINDOWS\System32\ucrtbase.dll
0x00007ffa84a90000 - 0x00007ffa84aab000 	C:\BTS\ANDROID\android-studio-girafe\android-studio-2022.3.1.19-windows\android-studio\jbr\bin\VCRUNTIME140.dll
0x00007ffa75e20000 - 0x00007ffa75e37000 	C:\BTS\ANDROID\android-studio-girafe\android-studio-2022.3.1.19-windows\android-studio\jbr\bin\jli.dll
0x00007ffa982a0000 - 0x00007ffa98469000 	C:\WINDOWS\System32\USER32.dll
0x00007ffa97e40000 - 0x00007ffa97e67000 	C:\WINDOWS\System32\win32u.dll
0x00007ffa99570000 - 0x00007ffa9959a000 	C:\WINDOWS\System32\GDI32.dll
0x00007ffa97d10000 - 0x00007ffa97e3b000 	C:\WINDOWS\System32\gdi32full.dll
0x00007ffa97670000 - 0x00007ffa97713000 	C:\WINDOWS\System32\msvcp_win.dll
0x00007ffa72080000 - 0x00007ffa72310000 	C:\WINDOWS\WinSxS\amd64_microsoft.windows.common-controls_6595b64144ccf1df_6.0.26100.2702_none_3e069454e335fc5e\COMCTL32.dll
0x00007ffa98940000 - 0x00007ffa989e9000 	C:\WINDOWS\System32\msvcrt.dll
0x00007ffa98260000 - 0x00007ffa9828f000 	C:\WINDOWS\System32\IMM32.DLL
0x00007ffa8ce70000 - 0x00007ffa8ce7c000 	C:\BTS\ANDROID\android-studio-girafe\android-studio-2022.3.1.19-windows\android-studio\jbr\bin\vcruntime140_1.dll
0x00007ffa68de0000 - 0x00007ffa68e6d000 	C:\BTS\ANDROID\android-studio-girafe\android-studio-2022.3.1.19-windows\android-studio\jbr\bin\msvcp140.dll
0x00007ffa52200000 - 0x00007ffa52e6e000 	C:\BTS\ANDROID\android-studio-girafe\android-studio-2022.3.1.19-windows\android-studio\jbr\bin\server\jvm.dll
0x00007ffa989f0000 - 0x00007ffa98aa3000 	C:\WINDOWS\System32\ADVAPI32.dll
0x00007ffa995a0000 - 0x00007ffa99646000 	C:\WINDOWS\System32\sechost.dll
0x00007ffa99450000 - 0x00007ffa99566000 	C:\WINDOWS\System32\RPCRT4.dll
0x00007ffa94550000 - 0x00007ffa94586000 	C:\WINDOWS\SYSTEM32\WINMM.dll
0x00007ffa828c0000 - 0x00007ffa828ca000 	C:\WINDOWS\SYSTEM32\WSOCK32.dll
0x00007ffa981d0000 - 0x00007ffa98244000 	C:\WINDOWS\System32\WS2_32.dll
0x00007ffa8da30000 - 0x00007ffa8da3b000 	C:\WINDOWS\SYSTEM32\VERSION.dll
0x00007ffa96310000 - 0x00007ffa9632a000 	C:\WINDOWS\SYSTEM32\kernel.appcore.dll
0x00007ffa902e0000 - 0x00007ffa902ea000 	C:\BTS\ANDROID\android-studio-girafe\android-studio-2022.3.1.19-windows\android-studio\jbr\bin\jimage.dll
0x00007ffa94a50000 - 0x00007ffa94c91000 	C:\WINDOWS\SYSTEM32\DBGHELP.DLL
0x00007ffa99f10000 - 0x00007ffa9a28e000 	C:\WINDOWS\System32\combase.dll
0x00007ffa98d00000 - 0x00007ffa98dd6000 	C:\WINDOWS\System32\OLEAUT32.dll
0x00007ffa84840000 - 0x00007ffa84879000 	C:\WINDOWS\SYSTEM32\dbgcore.DLL
0x00007ffa978a0000 - 0x00007ffa97939000 	C:\WINDOWS\System32\bcryptPrimitives.dll
0x00007ffa86890000 - 0x00007ffa868b5000 	C:\BTS\ANDROID\android-studio-girafe\android-studio-2022.3.1.19-windows\android-studio\jbr\bin\java.dll
0x00007ffa84ba0000 - 0x00007ffa84bb8000 	C:\BTS\ANDROID\android-studio-girafe\android-studio-2022.3.1.19-windows\android-studio\jbr\bin\zip.dll
0x00007ffa99730000 - 0x00007ffa99e3b000 	C:\WINDOWS\System32\SHELL32.dll
0x00007ffa94fe0000 - 0x00007ffa9581d000 	C:\WINDOWS\SYSTEM32\windows.storage.dll
0x00007ffa98ab0000 - 0x00007ffa98b9a000 	C:\WINDOWS\System32\SHCORE.dll
0x00007ffa98ba0000 - 0x00007ffa98bfd000 	C:\WINDOWS\System32\shlwapi.dll
0x00007ffa97580000 - 0x00007ffa975ae000 	C:\WINDOWS\SYSTEM32\profapi.dll
0x00007ffa849e0000 - 0x00007ffa849f9000 	C:\BTS\ANDROID\android-studio-girafe\android-studio-2022.3.1.19-windows\android-studio\jbr\bin\net.dll
0x00007ffa8fd00000 - 0x00007ffa8fe1e000 	C:\WINDOWS\SYSTEM32\WINHTTP.dll
0x00007ffa96800000 - 0x00007ffa96868000 	C:\WINDOWS\system32\mswsock.dll
0x00007ffa82db0000 - 0x00007ffa82dc6000 	C:\BTS\ANDROID\android-studio-girafe\android-studio-2022.3.1.19-windows\android-studio\jbr\bin\nio.dll
0x00007ffa8ceb0000 - 0x00007ffa8cec0000 	C:\BTS\ANDROID\android-studio-girafe\android-studio-2022.3.1.19-windows\android-studio\jbr\bin\verify.dll
0x00007ffa770c0000 - 0x00007ffa770e7000 	C:\Users\svo\.gradle\native\68d5fa5c4cc2d200863cafc0d521ce42e7d3e7ee720ec0a83991735586a16f82\windows-amd64\native-platform.dll
0x00007ffa30240000 - 0x00007ffa30384000 	C:\Users\svo\.gradle\native\e376f236ea51e6404a007f0833ffe2c6e607c4080706a723a18a27aeea778392\windows-amd64\native-platform-file-events.dll
0x00007ffa86880000 - 0x00007ffa86889000 	C:\BTS\ANDROID\android-studio-girafe\android-studio-2022.3.1.19-windows\android-studio\jbr\bin\management.dll
0x00007ffa86840000 - 0x00007ffa8684b000 	C:\BTS\ANDROID\android-studio-girafe\android-studio-2022.3.1.19-windows\android-studio\jbr\bin\management_ext.dll
0x00007ffa99720000 - 0x00007ffa99728000 	C:\WINDOWS\System32\PSAPI.DLL
0x00007ffa96bb0000 - 0x00007ffa96bcc000 	C:\WINDOWS\SYSTEM32\CRYPTSP.dll
0x00007ffa96270000 - 0x00007ffa962a8000 	C:\WINDOWS\system32\rsaenh.dll
0x00007ffa968a0000 - 0x00007ffa968cb000 	C:\WINDOWS\SYSTEM32\USERENV.dll
0x00007ffa96d40000 - 0x00007ffa96d66000 	C:\WINDOWS\SYSTEM32\bcrypt.dll
0x00007ffa96a30000 - 0x00007ffa96a3c000 	C:\WINDOWS\SYSTEM32\CRYPTBASE.dll
0x00007ffa95a90000 - 0x00007ffa95ac3000 	C:\WINDOWS\SYSTEM32\IPHLPAPI.DLL
0x00007ffa98110000 - 0x00007ffa9811a000 	C:\WINDOWS\System32\NSI.dll
0x00007ffa90080000 - 0x00007ffa9009e000 	C:\WINDOWS\SYSTEM32\dhcpcsvc6.DLL
0x00007ffa8ffa0000 - 0x00007ffa8ffc5000 	C:\WINDOWS\SYSTEM32\dhcpcsvc.DLL
0x00007ffa95b10000 - 0x00007ffa95c35000 	C:\WINDOWS\SYSTEM32\DNSAPI.dll
0x00007ffa5d130000 - 0x00007ffa5d138000 	C:\WINDOWS\system32\wshunix.dll

dbghelp: loaded successfully - version: 4.0.5 - missing functions: none
symbol engine: initialized successfully - sym options: 0x614 - pdb path: .;C:\BTS\ANDROID\android-studio-girafe\android-studio-2022.3.1.19-windows\android-studio\jbr\bin;C:\WINDOWS\SYSTEM32;C:\WINDOWS\WinSxS\amd64_microsoft.windows.common-controls_6595b64144ccf1df_6.0.26100.2702_none_3e069454e335fc5e;C:\BTS\ANDROID\android-studio-girafe\android-studio-2022.3.1.19-windows\android-studio\jbr\bin\server;C:\Users\svo\.gradle\native\68d5fa5c4cc2d200863cafc0d521ce42e7d3e7ee720ec0a83991735586a16f82\windows-amd64;C:\Users\svo\.gradle\native\e376f236ea51e6404a007f0833ffe2c6e607c4080706a723a18a27aeea778392\windows-amd64

VM Arguments:
jvm_args: --add-opens=java.base/java.util=ALL-UNNAMED --add-opens=java.base/java.lang=ALL-UNNAMED --add-opens=java.base/java.lang.invoke=ALL-UNNAMED --add-opens=java.prefs/java.util.prefs=ALL-UNNAMED --add-opens=java.base/java.nio.charset=ALL-UNNAMED --add-opens=java.base/java.net=ALL-UNNAMED --add-opens=java.base/java.util.concurrent.atomic=ALL-UNNAMED -Xmx2048m -Dfile.encoding=UTF-8 -Duser.country=FR -Duser.language=fr -Duser.variant 
java_command: org.gradle.launcher.daemon.bootstrap.GradleDaemon 8.0
java_class_path (initial): C:\Users\svo\.gradle\wrapper\dists\gradle-8.0-bin\ca5e32bp14vu59qr306oxotwh\gradle-8.0\lib\gradle-launcher-8.0.jar
Launcher Type: SUN_STANDARD

[Global flags]
     intx CICompilerCount                          = 4                                         {product} {ergonomic}
     uint ConcGCThreads                            = 3                                         {product} {ergonomic}
     uint G1ConcRefinementThreads                  = 10                                        {product} {ergonomic}
   size_t G1HeapRegionSize                         = 1048576                                   {product} {ergonomic}
    uintx GCDrainStackTargetSize                   = 64                                        {product} {ergonomic}
   size_t InitialHeapSize                          = 264241152                                 {product} {ergonomic}
   size_t MarkStackSize                            = 4194304                                   {product} {ergonomic}
   size_t MaxHeapSize                              = 2147483648                                {product} {command line}
   size_t MaxNewSize                               = 1287651328                                {product} {ergonomic}
   size_t MinHeapDeltaBytes                        = 1048576                                   {product} {ergonomic}
   size_t MinHeapSize                              = 8388608                                   {product} {ergonomic}
    uintx NonNMethodCodeHeapSize                   = 5839372                                {pd product} {ergonomic}
    uintx NonProfiledCodeHeapSize                  = 122909434                              {pd product} {ergonomic}
    uintx ProfiledCodeHeapSize                     = 122909434                              {pd product} {ergonomic}
    uintx ReservedCodeCacheSize                    = 251658240                              {pd product} {ergonomic}
     bool SegmentedCodeCache                       = true                                      {product} {ergonomic}
   size_t SoftMaxHeapSize                          = 2147483648                             {manageable} {ergonomic}
     bool UseCompressedClassPointers               = true                           {product lp64_product} {ergonomic}
     bool UseCompressedOops                        = true                           {product lp64_product} {ergonomic}
     bool UseG1GC                                  = true                                      {product} {ergonomic}
     bool UseLargePagesIndividualAllocation        = false                                  {pd product} {ergonomic}

Logging:
Log output configuration:
 #0: stdout all=warning uptime,level,tags
 #1: stderr all=off uptime,level,tags

Environment Variables:
PATH=C:\Program Files\Common Files\Oracle\Java\javapath;C:\Program Files (x86)\Common Files\Oracle\Java\java8path;C:\Program Files (x86)\Common Files\Oracle\Java\javapath;C:\WINDOWS\system32;C:\WINDOWS;C:\WINDOWS\System32\Wbem;C:\WINDOWS\System32\WindowsPowerShell\v1.0\;C:\WINDOWS\System32\OpenSSH\;C:\Users\svo\AppData\Local\Microsoft\WindowsApps;C:\BTS\PortableApps\openlogic-openjdk-17.0.8+7-windows-x64\openlogic-openjdk-17.0.8+7-windows-x64\bin;C:\Users\svo\AppData\Local\ComposerSetup\bin;C:\Users\svo\AppData\Roaming\Composer\vendor\bin;C:\BTS\DEV\Xampp Laravell\xampp\php;C:\BTS\DEV\node-v18.15.0-win-x64;C:\BTS\Nodejs\node-v20.17.0-win-x64;C:\BTS\Git\bin;
USERNAME=SVO
OS=Windows_NT
PROCESSOR_IDENTIFIER=Intel64 Family 6 Model 154 Stepping 4, GenuineIntel
TMP=C:\Users\svo\AppData\Local\Temp
TEMP=C:\Users\svo\AppData\Local\Temp


JNI global refs:
JNI global refs: 27, weak refs: 3

JNI global refs memory usage: 843, weak refs: 841


---------------  S Y S T E M  ---------------

OS:
 Windows 11 , 64 bit Build 26100 (10.0.26100.2992)
OS uptime: 1 days 0:00 hours
Hyper-V role detected

CPU: total 12 (initial active 12) (6 cores per cpu, 2 threads per core) family 6 model 154 stepping 4 microcode 0x435, cx8, cmov, fxsr, ht, mmx, 3dnowpref, sse, sse2, sse3, ssse3, sse4.1, sse4.2, popcnt, lzcnt, tsc, tscinvbit, avx, avx2, aes, erms, clmul, bmi1, bmi2, adx, sha, fma, vzeroupper, clflush, clflushopt, clwb, hv

Memory: 4k page, system-wide physical 16016M (2624M free)
TotalPageFile size 20016M (AvailPageFile size 5M)
current process WorkingSet (physical memory assigned to process): 360M, peak: 360M
current process commit charge ("private bytes"): 408M, peak: 409M

vm_info: OpenJDK 64-Bit Server VM (17.0.6+0-b2043.56-10027231) for windows-amd64 JRE (17.0.6+0-b2043.56-10027231), built on Apr 28 2023 00:43:19 by "androidbuild" with MS VC++ 16.10 / 16.11 (VS2019)

END.
