#
# There is insufficient memory for the Java Runtime Environment to continue.
# Native memory allocation (malloc) failed to allocate 1865456 bytes for Chunk::new
# Possible reasons:
#   The system is out of physical RAM or swap space
#   The process is running with CompressedOops enabled, and the Java Heap may be blocking the growth of the native heap
# Possible solutions:
#   Reduce memory load on the system
#   Increase physical memory or swap space
#   Check if swap backing store is full
#   Decrease Java heap size (-Xmx/-Xms)
#   Decrease number of Java threads
#   Decrease Java thread stack sizes (-Xss)
#   Set larger code cache with -XX:ReservedCodeCacheSize=
#   JVM is running with Unscaled Compressed Oops mode in which the Java heap is
#     placed in the first 4GB address space. The Java Heap base address is the
#     maximum limit for the native heap growth. Please use -XX:HeapBaseMinAddress
#     to set the Java Heap base and to place the Java Heap above 4GB virtual address.
# This output file may be truncated or incomplete.
#
#  Out of Memory Error (arena.cpp:189), pid=10636, tid=17012
#
# JRE version: OpenJDK Runtime Environment (17.0.6) (build 17.0.6+0-b2043.56-10027231)
# Java VM: OpenJDK 64-Bit Server VM (17.0.6+0-b2043.56-10027231, mixed mode, tiered, compressed oops, compressed class ptrs, g1 gc, windows-amd64)
# No core dump will be written. Minidumps are not enabled by default on client versions of Windows
#

---------------  S U M M A R Y ------------

Command Line: --add-opens=java.base/java.util=ALL-UNNAMED --add-opens=java.base/java.lang=ALL-UNNAMED --add-opens=java.base/java.lang.invoke=ALL-UNNAMED --add-opens=java.prefs/java.util.prefs=ALL-UNNAMED --add-opens=java.base/java.nio.charset=ALL-UNNAMED --add-opens=java.base/java.net=ALL-UNNAMED --add-opens=java.base/java.util.concurrent.atomic=ALL-UNNAMED -Xmx2048m -Dfile.encoding=UTF-8 -Duser.country=FR -Duser.language=fr -Duser.variant org.gradle.launcher.daemon.bootstrap.GradleDaemon 8.0

Host: 12th Gen Intel(R) Core(TM) i7-1255U, 12 cores, 15G,  Windows 11 , 64 bit Build 26100 (10.0.26100.2992)
Time: Fri Feb 21 08:14:42 2025 Paris, Madrid elapsed time: 10.657629 seconds (0d 0h 0m 10s)

---------------  T H R E A D  ---------------

Current thread (0x0000020797d6c9c0):  JavaThread "C2 CompilerThread1" daemon [_thread_in_native, id=17012, stack(0x0000009513200000,0x0000009513300000)]


Current CompileTask:
C2:  10657 7171       4       sun.reflect.generics.parser.SignatureParser::parsePackageNameAndSimpleClassTypeSignature (119 bytes)

Stack: [0x0000009513200000,0x0000009513300000]
Native frames: (J=compiled Java code, j=interpreted, Vv=VM code, C=native code)
V  [jvm.dll+0x683c9a]
V  [jvm.dll+0x8427a4]
V  [jvm.dll+0x843f9e]
V  [jvm.dll+0x844603]
V  [jvm.dll+0x249b75]
V  [jvm.dll+0xabcac]
V  [jvm.dll+0xac27c]
V  [jvm.dll+0x368802]
V  [jvm.dll+0x332f31]
V  [jvm.dll+0x3323da]
V  [jvm.dll+0x21c201]
V  [jvm.dll+0x21b621]
V  [jvm.dll+0x1a4fdd]
V  [jvm.dll+0x22b098]
V  [jvm.dll+0x229159]
V  [jvm.dll+0x7f81ec]
V  [jvm.dll+0x7f274a]
V  [jvm.dll+0x682ad5]
C  [ucrtbase.dll+0x37b0]
C  [KERNEL32.DLL+0x2e8d7]
C  [ntdll.dll+0xbbf6c]


---------------  P R O C E S S  ---------------

Threads class SMR info:
_java_thread_list=0x0000020799da0da0, length=172, elements={
0x00000207f7fd57f0, 0x00000207ffc46360, 0x00000207ffc46e20, 0x00000207ffc90fb0,
0x00000207ffca0ce0, 0x00000207ffca35b0, 0x00000207ffca3e70, 0x00000207ffca4a60,
0x00000207ffca5360, 0x00000207ffca5c60, 0x00000207ffe3bf10, 0x00000207ffe3e3f0,
0x0000020797a41600, 0x0000020795d1a000, 0x0000020797a00000, 0x0000020797620140,
0x0000020797264260, 0x000002079655ba90, 0x000002079757b8a0, 0x000002079670ca20,
0x000002079670c550, 0x0000020796709060, 0x0000020796709530, 0x000002079670b210,
0x0000020796709ed0, 0x000002079670c080, 0x000002079670a3a0, 0x0000020796709a00,
0x000002079670b6e0, 0x000002079670a870, 0x000002079670ad40, 0x000002079670bbb0,
0x0000020799672810, 0x0000020799673680, 0x0000020799675830, 0x0000020799672340,
0x0000020799674020, 0x0000020799672ce0, 0x00000207996731b0, 0x00000207996749c0,
0x00000207996744f0, 0x000002079a7ca860, 0x000002079a7ccee0, 0x000002079a7cd3b0,
0x000002079a7ca390, 0x000002079a7cca10, 0x000002079a7cad30, 0x000002079a7cc070,
0x000002079a7cc540, 0x000002079a7cd880, 0x000002079a7cb200, 0x000002079a7cb6d0,
0x000002079a7cbba0, 0x000002079a7c9ec0, 0x000002079a7d03d0, 0x000002079a7cfa30,
0x000002079a7d0d70, 0x000002079a7cf090, 0x000002079a7d1710, 0x000002079a7cf560,
0x000002079a7cff00, 0x000002079a7ce220, 0x000002079a7d08a0, 0x000002079a7d1240,
0x000002079a7cdd50, 0x000002079a7ce6f0, 0x000002079a7cebc0, 0x000002079501a2e0,
0x000002079501bfc0, 0x000002079501ce30, 0x000002079501a7b0, 0x0000020795019940,
0x0000020795019e10, 0x000002079501c490, 0x000002079501baf0, 0x000002079501ac80,
0x000002079501c960, 0x000002079501b150, 0x000002079501b620, 0x0000020795019470,
0x000002079501f4b0, 0x0000020795020cc0, 0x000002079501d7d0, 0x0000020795020320,
0x000002079501d300, 0x000002079501dca0, 0x000002079501eb10, 0x00000207950207f0,
0x000002079501e170, 0x000002079501e640, 0x000002079501efe0, 0x000002079501f980,
0x000002079501fe50, 0x000002079d6e95a0, 0x000002079d6e9a70, 0x000002079d6eadb0,
0x000002079d6eb280, 0x000002079d6e8260, 0x000002079d6eb750, 0x000002079d6ebc20,
0x000002079d6e9f40, 0x000002079d6e8730, 0x000002079d6ea410, 0x000002079d6e8c00,
0x000002079d6e90d0, 0x000002079d6ea8e0, 0x000002079af6e8f0, 0x000002079af70aa0,
0x000002079af6edc0, 0x000002079af6f290, 0x000002079af70f70, 0x000002079af6f760,
0x000002079af6da80, 0x000002079af6fc30, 0x000002079af70100, 0x000002079af6df50,
0x000002079af705d0, 0x000002079af71440, 0x000002079af6e420, 0x000002079e272ad0,
0x000002079e273940, 0x000002079e273470, 0x000002079e275620, 0x000002079e276490,
0x000002079e275150, 0x000002079e276960, 0x000002079e275fc0, 0x000002079e273e10,
0x000002079e272fa0, 0x000002079e2747b0, 0x000002079e2777d0, 0x000002079e275af0,
0x000002079e274c80, 0x000002079e277ca0, 0x000002079e276e30, 0x000002079e277300,
0x000002079e2742e0, 0x000002079e278170, 0x000002079e278640, 0x000002079e279980,
0x000002079e278b10, 0x000002079e278fe0, 0x000002079e2794b0, 0x000002079e27a320,
0x000002079db4eb60, 0x000002079db4dcf0, 0x000002079db511e0, 0x000002079db4e690,
0x000002079db4e1c0, 0x000002079db50840, 0x000002079db4fea0, 0x000002079db4d820,
0x000002079db516b0, 0x000002079db51b80, 0x000002079db52050, 0x000002079db52520,
0x000002079db529f0, 0x000002079db50370, 0x000002079db4f030, 0x000002079db4f9d0,
0x000002079db52ec0, 0x000002079db4f500, 0x000002079db53390, 0x000002079db50d10,
0x000002079db53860, 0x000002079db53d30, 0x000002079db54200, 0x000002079db546d0,
0x0000020797d6c9c0, 0x000002079db55070, 0x000002079d8b0850, 0x000002079d6eda40
}

Java Threads: ( => current thread )
  0x00000207f7fd57f0 JavaThread "main" [_thread_blocked, id=22736, stack(0x0000009510600000,0x0000009510700000)]
  0x00000207ffc46360 JavaThread "Reference Handler" daemon [_thread_blocked, id=10664, stack(0x0000009510d00000,0x0000009510e00000)]
  0x00000207ffc46e20 JavaThread "Finalizer" daemon [_thread_blocked, id=7252, stack(0x0000009510e00000,0x0000009510f00000)]
  0x00000207ffc90fb0 JavaThread "Signal Dispatcher" daemon [_thread_blocked, id=26300, stack(0x0000009510f00000,0x0000009511000000)]
  0x00000207ffca0ce0 JavaThread "Attach Listener" daemon [_thread_blocked, id=26528, stack(0x0000009511000000,0x0000009511100000)]
  0x00000207ffca35b0 JavaThread "Service Thread" daemon [_thread_blocked, id=23296, stack(0x0000009511100000,0x0000009511200000)]
  0x00000207ffca3e70 JavaThread "Monitor Deflation Thread" daemon [_thread_blocked, id=25700, stack(0x0000009511200000,0x0000009511300000)]
  0x00000207ffca4a60 JavaThread "C2 CompilerThread0" daemon [_thread_in_native, id=17060, stack(0x0000009511300000,0x0000009511400000)]
  0x00000207ffca5360 JavaThread "C1 CompilerThread0" daemon [_thread_in_native, id=17236, stack(0x0000009511400000,0x0000009511500000)]
  0x00000207ffca5c60 JavaThread "Sweeper thread" daemon [_thread_blocked, id=23808, stack(0x0000009511500000,0x0000009511600000)]
  0x00000207ffe3bf10 JavaThread "Common-Cleaner" daemon [_thread_blocked, id=20256, stack(0x0000009511600000,0x0000009511700000)]
  0x00000207ffe3e3f0 JavaThread "Notification Thread" daemon [_thread_blocked, id=22008, stack(0x0000009511700000,0x0000009511800000)]
  0x0000020797a41600 JavaThread "Daemon health stats" [_thread_blocked, id=23432, stack(0x0000009512000000,0x0000009512100000)]
  0x0000020795d1a000 JavaThread "Incoming local TCP Connector on port 50186" [_thread_in_native, id=26368, stack(0x0000009511900000,0x0000009511a00000)]
  0x0000020797a00000 JavaThread "Daemon periodic checks" [_thread_blocked, id=16620, stack(0x0000009511f00000,0x0000009512000000)]
  0x0000020797620140 JavaThread "Daemon" [_thread_blocked, id=20484, stack(0x0000009512100000,0x0000009512200000)]
  0x0000020797264260 JavaThread "Handler for socket connection from /127.0.0.1:50186 to /127.0.0.1:50187" [_thread_in_native, id=17280, stack(0x0000009512200000,0x0000009512300000)]
  0x000002079655ba90 JavaThread "Cancel handler" [_thread_blocked, id=20916, stack(0x0000009512300000,0x0000009512400000)]
  0x000002079757b8a0 JavaThread "Daemon worker" [_thread_in_vm, id=24532, stack(0x0000009512400000,0x0000009512500000)]
  0x000002079670ca20 JavaThread "Asynchronous log dispatcher for DefaultDaemonConnection: socket connection from /127.0.0.1:50186 to /127.0.0.1:50187" [_thread_blocked, id=13332, stack(0x0000009512500000,0x0000009512600000)]
  0x000002079670c550 JavaThread "Stdin handler" [_thread_blocked, id=14976, stack(0x0000009512600000,0x0000009512700000)]
  0x0000020796709060 JavaThread "Daemon client event forwarder" [_thread_blocked, id=21896, stack(0x0000009512700000,0x0000009512800000)]
  0x0000020796709530 JavaThread "Cache worker for journal cache (C:\Users\svo\.gradle\caches\journal-1)" [_thread_blocked, id=19460, stack(0x0000009512f00000,0x0000009513000000)]
  0x000002079670b210 JavaThread "File lock request listener" [_thread_in_native, id=23244, stack(0x0000009513000000,0x0000009513100000)]
  0x0000020796709ed0 JavaThread "Cache worker for file hash cache (C:\Users\svo\.gradle\caches\8.0\fileHashes)" [_thread_blocked, id=16196, stack(0x0000009513100000,0x0000009513200000)]
  0x000002079670c080 JavaThread "File watcher server" daemon [_thread_in_native, id=16400, stack(0x0000009513300000,0x0000009513400000)]
  0x000002079670a3a0 JavaThread "File watcher consumer" daemon [_thread_blocked, id=6920, stack(0x0000009513400000,0x0000009513500000)]
  0x0000020796709a00 JavaThread "Cache worker for checksums cache (C:\BTS\ANDROID\WkRFTG\ApplicationRFTG\.gradle\8.0\checksums)" [_thread_blocked, id=26608, stack(0x0000009513500000,0x0000009513600000)]
  0x000002079670b6e0 JavaThread "Cache worker for cache directory md-rule (C:\Users\svo\.gradle\caches\8.0\md-rule)" [_thread_blocked, id=10520, stack(0x0000009513600000,0x0000009513700000)]
  0x000002079670a870 JavaThread "Cache worker for file content cache (C:\Users\svo\.gradle\caches\8.0\fileContent)" [_thread_blocked, id=25640, stack(0x0000009513700000,0x0000009513800000)]
  0x000002079670ad40 JavaThread "Cache worker for file hash cache (C:\BTS\ANDROID\WkRFTG\ApplicationRFTG\.gradle\8.0\fileHashes)" [_thread_blocked, id=2328, stack(0x0000009513800000,0x0000009513900000)]
  0x000002079670bbb0 JavaThread "Cache worker for cache directory md-supplier (C:\Users\svo\.gradle\caches\8.0\md-supplier)" [_thread_blocked, id=14072, stack(0x0000009513900000,0x0000009513a00000)]
  0x0000020799672810 JavaThread "Cache worker for execution history cache (C:\Users\svo\.gradle\caches\8.0\executionHistory)" [_thread_blocked, id=22796, stack(0x0000009513a00000,0x0000009513b00000)]
  0x0000020799673680 JavaThread "jar transforms" [_thread_blocked, id=22548, stack(0x0000009513b00000,0x0000009513c00000)]
  0x0000020799675830 JavaThread "jar transforms Thread 2" [_thread_blocked, id=21288, stack(0x0000009513c00000,0x0000009513d00000)]
  0x0000020799672340 JavaThread "Cache worker for kotlin-dsl (C:\Users\svo\.gradle\caches\8.0\kotlin-dsl)" [_thread_blocked, id=21716, stack(0x0000009513d00000,0x0000009513e00000)]
  0x0000020799674020 JavaThread "jar transforms Thread 3" [_thread_blocked, id=18988, stack(0x0000009513e00000,0x0000009513f00000)]
  0x0000020799672ce0 JavaThread "jar transforms Thread 4" [_thread_blocked, id=20840, stack(0x0000009513f00000,0x0000009514000000)]
  0x00000207996731b0 JavaThread "Cache worker for dependencies-accessors (C:\BTS\ANDROID\WkRFTG\ApplicationRFTG\.gradle\8.0\dependencies-accessors)" [_thread_blocked, id=21116, stack(0x0000009514000000,0x0000009514100000)]
  0x00000207996749c0 JavaThread "Cache worker for Build Output Cleanup Cache (C:\BTS\ANDROID\WkRFTG\ApplicationRFTG\.gradle\buildOutputCleanup)" [_thread_blocked, id=22996, stack(0x0000009514100000,0x0000009514200000)]
  0x00000207996744f0 JavaThread "jar transforms Thread 5" [_thread_blocked, id=16688, stack(0x0000009514200000,0x0000009514300000)]
  0x000002079a7ca860 JavaThread "Unconstrained build operations" [_thread_blocked, id=4572, stack(0x0000009514300000,0x0000009514400000)]
  0x000002079a7ccee0 JavaThread "Unconstrained build operations Thread 2" [_thread_blocked, id=19928, stack(0x0000009514400000,0x0000009514500000)]
  0x000002079a7cd3b0 JavaThread "Unconstrained build operations Thread 3" [_thread_blocked, id=18636, stack(0x0000009514500000,0x0000009514600000)]
  0x000002079a7ca390 JavaThread "Unconstrained build operations Thread 4" [_thread_blocked, id=25708, stack(0x0000009514600000,0x0000009514700000)]
  0x000002079a7cca10 JavaThread "Unconstrained build operations Thread 5" [_thread_blocked, id=11076, stack(0x0000009514700000,0x0000009514800000)]
  0x000002079a7cad30 JavaThread "Unconstrained build operations Thread 6" [_thread_blocked, id=20520, stack(0x0000009514800000,0x0000009514900000)]
  0x000002079a7cc070 JavaThread "Unconstrained build operations Thread 7" [_thread_blocked, id=10668, stack(0x0000009514900000,0x0000009514a00000)]
  0x000002079a7cc540 JavaThread "Unconstrained build operations Thread 8" [_thread_blocked, id=9444, stack(0x0000009514a00000,0x0000009514b00000)]
  0x000002079a7cd880 JavaThread "Unconstrained build operations Thread 9" [_thread_blocked, id=23988, stack(0x0000009514b00000,0x0000009514c00000)]
  0x000002079a7cb200 JavaThread "Unconstrained build operations Thread 10" [_thread_blocked, id=24336, stack(0x0000009514c00000,0x0000009514d00000)]
  0x000002079a7cb6d0 JavaThread "Unconstrained build operations Thread 11" [_thread_blocked, id=15344, stack(0x0000009514d00000,0x0000009514e00000)]
  0x000002079a7cbba0 JavaThread "Unconstrained build operations Thread 12" [_thread_blocked, id=11004, stack(0x0000009514e00000,0x0000009514f00000)]
  0x000002079a7c9ec0 JavaThread "Unconstrained build operations Thread 13" [_thread_blocked, id=14160, stack(0x0000009514f00000,0x0000009515000000)]
  0x000002079a7d03d0 JavaThread "Unconstrained build operations Thread 14" [_thread_blocked, id=1784, stack(0x0000009515000000,0x0000009515100000)]
  0x000002079a7cfa30 JavaThread "Unconstrained build operations Thread 15" [_thread_blocked, id=228, stack(0x0000009515100000,0x0000009515200000)]
  0x000002079a7d0d70 JavaThread "Unconstrained build operations Thread 16" [_thread_blocked, id=22904, stack(0x0000009515200000,0x0000009515300000)]
  0x000002079a7cf090 JavaThread "Unconstrained build operations Thread 17" [_thread_blocked, id=22924, stack(0x0000009515300000,0x0000009515400000)]
  0x000002079a7d1710 JavaThread "Unconstrained build operations Thread 18" [_thread_blocked, id=5108, stack(0x0000009515400000,0x0000009515500000)]
  0x000002079a7cf560 JavaThread "Unconstrained build operations Thread 19" [_thread_blocked, id=18020, stack(0x0000009515500000,0x0000009515600000)]
  0x000002079a7cff00 JavaThread "Unconstrained build operations Thread 20" [_thread_blocked, id=24080, stack(0x0000009515600000,0x0000009515700000)]
  0x000002079a7ce220 JavaThread "Unconstrained build operations Thread 21" [_thread_blocked, id=18144, stack(0x0000009515700000,0x0000009515800000)]
  0x000002079a7d08a0 JavaThread "Unconstrained build operations Thread 22" [_thread_blocked, id=16232, stack(0x0000009515800000,0x0000009515900000)]
  0x000002079a7d1240 JavaThread "Unconstrained build operations Thread 23" [_thread_blocked, id=21208, stack(0x0000009515900000,0x0000009515a00000)]
  0x000002079a7cdd50 JavaThread "Unconstrained build operations Thread 24" [_thread_blocked, id=4684, stack(0x0000009515a00000,0x0000009515b00000)]
  0x000002079a7ce6f0 JavaThread "Unconstrained build operations Thread 25" [_thread_blocked, id=24520, stack(0x0000009515b00000,0x0000009515c00000)]
  0x000002079a7cebc0 JavaThread "Unconstrained build operations Thread 26" [_thread_blocked, id=12636, stack(0x0000009515c00000,0x0000009515d00000)]
  0x000002079501a2e0 JavaThread "Unconstrained build operations Thread 27" [_thread_blocked, id=7872, stack(0x0000009515d00000,0x0000009515e00000)]
  0x000002079501bfc0 JavaThread "Unconstrained build operations Thread 28" [_thread_blocked, id=8904, stack(0x0000009515e00000,0x0000009515f00000)]
  0x000002079501ce30 JavaThread "Unconstrained build operations Thread 29" [_thread_blocked, id=7688, stack(0x0000009515f00000,0x0000009516000000)]
  0x000002079501a7b0 JavaThread "Unconstrained build operations Thread 30" [_thread_blocked, id=17744, stack(0x0000009516000000,0x0000009516100000)]
  0x0000020795019940 JavaThread "Unconstrained build operations Thread 31" [_thread_blocked, id=21592, stack(0x0000009516100000,0x0000009516200000)]
  0x0000020795019e10 JavaThread "Unconstrained build operations Thread 32" [_thread_blocked, id=10728, stack(0x0000009516200000,0x0000009516300000)]
  0x000002079501c490 JavaThread "Unconstrained build operations Thread 33" [_thread_blocked, id=1848, stack(0x0000009516300000,0x0000009516400000)]
  0x000002079501baf0 JavaThread "Unconstrained build operations Thread 34" [_thread_blocked, id=24440, stack(0x0000009516400000,0x0000009516500000)]
  0x000002079501ac80 JavaThread "Unconstrained build operations Thread 35" [_thread_blocked, id=12420, stack(0x0000009516500000,0x0000009516600000)]
  0x000002079501c960 JavaThread "Unconstrained build operations Thread 36" [_thread_blocked, id=21268, stack(0x0000009516600000,0x0000009516700000)]
  0x000002079501b150 JavaThread "Unconstrained build operations Thread 37" [_thread_blocked, id=21664, stack(0x0000009516700000,0x0000009516800000)]
  0x000002079501b620 JavaThread "Unconstrained build operations Thread 38" [_thread_blocked, id=16844, stack(0x0000009516800000,0x0000009516900000)]
  0x0000020795019470 JavaThread "Unconstrained build operations Thread 39" [_thread_blocked, id=15212, stack(0x0000009516900000,0x0000009516a00000)]
  0x000002079501f4b0 JavaThread "Unconstrained build operations Thread 40" [_thread_blocked, id=23368, stack(0x0000009516a00000,0x0000009516b00000)]
  0x0000020795020cc0 JavaThread "Unconstrained build operations Thread 41" [_thread_blocked, id=23276, stack(0x0000009516b00000,0x0000009516c00000)]
  0x000002079501d7d0 JavaThread "Unconstrained build operations Thread 42" [_thread_blocked, id=12540, stack(0x0000009516c00000,0x0000009516d00000)]
  0x0000020795020320 JavaThread "Unconstrained build operations Thread 43" [_thread_blocked, id=16080, stack(0x0000009516d00000,0x0000009516e00000)]
  0x000002079501d300 JavaThread "Unconstrained build operations Thread 44" [_thread_blocked, id=24968, stack(0x0000009516e00000,0x0000009516f00000)]
  0x000002079501dca0 JavaThread "Unconstrained build operations Thread 45" [_thread_blocked, id=23784, stack(0x0000009516f00000,0x0000009517000000)]
  0x000002079501eb10 JavaThread "Unconstrained build operations Thread 46" [_thread_blocked, id=20000, stack(0x0000009517000000,0x0000009517100000)]
  0x00000207950207f0 JavaThread "Unconstrained build operations Thread 47" [_thread_blocked, id=16788, stack(0x0000009517100000,0x0000009517200000)]
  0x000002079501e170 JavaThread "Unconstrained build operations Thread 48" [_thread_blocked, id=26572, stack(0x0000009517200000,0x0000009517300000)]
  0x000002079501e640 JavaThread "Unconstrained build operations Thread 49" [_thread_blocked, id=26036, stack(0x0000009517300000,0x0000009517400000)]
  0x000002079501efe0 JavaThread "Unconstrained build operations Thread 50" [_thread_blocked, id=6808, stack(0x0000009517400000,0x0000009517500000)]
  0x000002079501f980 JavaThread "Unconstrained build operations Thread 51" [_thread_blocked, id=19524, stack(0x0000009517500000,0x0000009517600000)]
  0x000002079501fe50 JavaThread "Unconstrained build operations Thread 52" [_thread_blocked, id=13628, stack(0x0000009517600000,0x0000009517700000)]
  0x000002079d6e95a0 JavaThread "Unconstrained build operations Thread 53" [_thread_blocked, id=14952, stack(0x0000009517700000,0x0000009517800000)]
  0x000002079d6e9a70 JavaThread "Unconstrained build operations Thread 54" [_thread_blocked, id=20108, stack(0x0000009517800000,0x0000009517900000)]
  0x000002079d6eadb0 JavaThread "Unconstrained build operations Thread 55" [_thread_blocked, id=20504, stack(0x0000009517900000,0x0000009517a00000)]
  0x000002079d6eb280 JavaThread "Unconstrained build operations Thread 56" [_thread_blocked, id=9596, stack(0x0000009517a00000,0x0000009517b00000)]
  0x000002079d6e8260 JavaThread "Unconstrained build operations Thread 57" [_thread_blocked, id=13236, stack(0x0000009517b00000,0x0000009517c00000)]
  0x000002079d6eb750 JavaThread "Unconstrained build operations Thread 58" [_thread_blocked, id=4948, stack(0x0000009517c00000,0x0000009517d00000)]
  0x000002079d6ebc20 JavaThread "Unconstrained build operations Thread 59" [_thread_blocked, id=11404, stack(0x0000009517d00000,0x0000009517e00000)]
  0x000002079d6e9f40 JavaThread "Unconstrained build operations Thread 60" [_thread_blocked, id=22672, stack(0x0000009517e00000,0x0000009517f00000)]
  0x000002079d6e8730 JavaThread "Unconstrained build operations Thread 61" [_thread_blocked, id=14544, stack(0x0000009517f00000,0x0000009518000000)]
  0x000002079d6ea410 JavaThread "Unconstrained build operations Thread 62" [_thread_blocked, id=15960, stack(0x0000009518000000,0x0000009518100000)]
  0x000002079d6e8c00 JavaThread "Unconstrained build operations Thread 63" [_thread_blocked, id=10620, stack(0x0000009518100000,0x0000009518200000)]
  0x000002079d6e90d0 JavaThread "Unconstrained build operations Thread 64" [_thread_blocked, id=2008, stack(0x0000009518200000,0x0000009518300000)]
  0x000002079d6ea8e0 JavaThread "Unconstrained build operations Thread 65" [_thread_blocked, id=22204, stack(0x0000009518300000,0x0000009518400000)]
  0x000002079af6e8f0 JavaThread "Unconstrained build operations Thread 66" [_thread_blocked, id=17772, stack(0x0000009518400000,0x0000009518500000)]
  0x000002079af70aa0 JavaThread "Unconstrained build operations Thread 67" [_thread_blocked, id=25040, stack(0x0000009518500000,0x0000009518600000)]
  0x000002079af6edc0 JavaThread "Unconstrained build operations Thread 68" [_thread_blocked, id=20672, stack(0x0000009518600000,0x0000009518700000)]
  0x000002079af6f290 JavaThread "Unconstrained build operations Thread 69" [_thread_blocked, id=13592, stack(0x0000009518700000,0x0000009518800000)]
  0x000002079af70f70 JavaThread "Unconstrained build operations Thread 70" [_thread_blocked, id=396, stack(0x0000009518800000,0x0000009518900000)]
  0x000002079af6f760 JavaThread "Unconstrained build operations Thread 71" [_thread_blocked, id=25996, stack(0x0000009518900000,0x0000009518a00000)]
  0x000002079af6da80 JavaThread "Unconstrained build operations Thread 72" [_thread_blocked, id=9392, stack(0x0000009518a00000,0x0000009518b00000)]
  0x000002079af6fc30 JavaThread "Unconstrained build operations Thread 73" [_thread_blocked, id=18184, stack(0x0000009518b00000,0x0000009518c00000)]
  0x000002079af70100 JavaThread "Unconstrained build operations Thread 74" [_thread_blocked, id=19432, stack(0x0000009518c00000,0x0000009518d00000)]
  0x000002079af6df50 JavaThread "Unconstrained build operations Thread 75" [_thread_blocked, id=8544, stack(0x0000009518d00000,0x0000009518e00000)]
  0x000002079af705d0 JavaThread "Unconstrained build operations Thread 76" [_thread_blocked, id=6244, stack(0x0000009518e00000,0x0000009518f00000)]
  0x000002079af71440 JavaThread "Unconstrained build operations Thread 77" [_thread_blocked, id=5816, stack(0x0000009518f00000,0x0000009519000000)]
  0x000002079af6e420 JavaThread "Unconstrained build operations Thread 78" [_thread_blocked, id=21744, stack(0x0000009519000000,0x0000009519100000)]
  0x000002079e272ad0 JavaThread "Unconstrained build operations Thread 79" [_thread_blocked, id=18288, stack(0x0000009519100000,0x0000009519200000)]
  0x000002079e273940 JavaThread "Unconstrained build operations Thread 80" [_thread_blocked, id=26464, stack(0x0000009519200000,0x0000009519300000)]
  0x000002079e273470 JavaThread "Unconstrained build operations Thread 81" [_thread_blocked, id=5996, stack(0x0000009519300000,0x0000009519400000)]
  0x000002079e275620 JavaThread "Unconstrained build operations Thread 82" [_thread_blocked, id=9348, stack(0x0000009519400000,0x0000009519500000)]
  0x000002079e276490 JavaThread "Unconstrained build operations Thread 83" [_thread_blocked, id=22200, stack(0x0000009519500000,0x0000009519600000)]
  0x000002079e275150 JavaThread "Unconstrained build operations Thread 84" [_thread_blocked, id=10704, stack(0x0000009519600000,0x0000009519700000)]
  0x000002079e276960 JavaThread "Unconstrained build operations Thread 85" [_thread_blocked, id=3924, stack(0x0000009519700000,0x0000009519800000)]
  0x000002079e275fc0 JavaThread "Unconstrained build operations Thread 86" [_thread_blocked, id=16532, stack(0x0000009519800000,0x0000009519900000)]
  0x000002079e273e10 JavaThread "Unconstrained build operations Thread 87" [_thread_blocked, id=24412, stack(0x0000009519900000,0x0000009519a00000)]
  0x000002079e272fa0 JavaThread "Unconstrained build operations Thread 88" [_thread_blocked, id=23792, stack(0x0000009519a00000,0x0000009519b00000)]
  0x000002079e2747b0 JavaThread "Unconstrained build operations Thread 89" [_thread_blocked, id=20600, stack(0x0000009519b00000,0x0000009519c00000)]
  0x000002079e2777d0 JavaThread "Unconstrained build operations Thread 90" [_thread_blocked, id=3008, stack(0x0000009519c00000,0x0000009519d00000)]
  0x000002079e275af0 JavaThread "Unconstrained build operations Thread 91" [_thread_blocked, id=13968, stack(0x0000009519d00000,0x0000009519e00000)]
  0x000002079e274c80 JavaThread "Unconstrained build operations Thread 92" [_thread_blocked, id=15856, stack(0x0000009519e00000,0x0000009519f00000)]
  0x000002079e277ca0 JavaThread "Unconstrained build operations Thread 93" [_thread_blocked, id=22248, stack(0x0000009519f00000,0x000000951a000000)]
  0x000002079e276e30 JavaThread "Unconstrained build operations Thread 94" [_thread_blocked, id=16200, stack(0x000000951a000000,0x000000951a100000)]
  0x000002079e277300 JavaThread "Unconstrained build operations Thread 95" [_thread_blocked, id=21548, stack(0x000000951a100000,0x000000951a200000)]
  0x000002079e2742e0 JavaThread "Unconstrained build operations Thread 96" [_thread_blocked, id=23956, stack(0x000000951a200000,0x000000951a300000)]
  0x000002079e278170 JavaThread "Unconstrained build operations Thread 97" [_thread_blocked, id=20772, stack(0x000000951a300000,0x000000951a400000)]
  0x000002079e278640 JavaThread "Unconstrained build operations Thread 98" [_thread_blocked, id=4688, stack(0x000000951a400000,0x000000951a500000)]
  0x000002079e279980 JavaThread "Unconstrained build operations Thread 99" [_thread_blocked, id=11628, stack(0x000000951a500000,0x000000951a600000)]
  0x000002079e278b10 JavaThread "Unconstrained build operations Thread 100" [_thread_blocked, id=14316, stack(0x000000951a600000,0x000000951a700000)]
  0x000002079e278fe0 JavaThread "Unconstrained build operations Thread 101" [_thread_blocked, id=21300, stack(0x000000951a700000,0x000000951a800000)]
  0x000002079e2794b0 JavaThread "Unconstrained build operations Thread 102" [_thread_blocked, id=5256, stack(0x000000951a800000,0x000000951a900000)]
  0x000002079e27a320 JavaThread "Unconstrained build operations Thread 103" [_thread_blocked, id=14896, stack(0x000000951a900000,0x000000951aa00000)]
  0x000002079db4eb60 JavaThread "Unconstrained build operations Thread 104" [_thread_blocked, id=4812, stack(0x000000951aa00000,0x000000951ab00000)]
  0x000002079db4dcf0 JavaThread "Unconstrained build operations Thread 105" [_thread_blocked, id=9808, stack(0x000000951ab00000,0x000000951ac00000)]
  0x000002079db511e0 JavaThread "Unconstrained build operations Thread 106" [_thread_blocked, id=24324, stack(0x000000951ac00000,0x000000951ad00000)]
  0x000002079db4e690 JavaThread "Unconstrained build operations Thread 107" [_thread_blocked, id=24084, stack(0x000000951ad00000,0x000000951ae00000)]
  0x000002079db4e1c0 JavaThread "Unconstrained build operations Thread 108" [_thread_blocked, id=17716, stack(0x000000951ae00000,0x000000951af00000)]
  0x000002079db50840 JavaThread "Unconstrained build operations Thread 109" [_thread_blocked, id=16372, stack(0x000000951af00000,0x000000951b000000)]
  0x000002079db4fea0 JavaThread "Unconstrained build operations Thread 110" [_thread_blocked, id=5780, stack(0x000000951b000000,0x000000951b100000)]
  0x000002079db4d820 JavaThread "Unconstrained build operations Thread 111" [_thread_blocked, id=25952, stack(0x000000951b100000,0x000000951b200000)]
  0x000002079db516b0 JavaThread "Unconstrained build operations Thread 112" [_thread_blocked, id=684, stack(0x000000951b200000,0x000000951b300000)]
  0x000002079db51b80 JavaThread "Unconstrained build operations Thread 113" [_thread_blocked, id=18400, stack(0x000000951b300000,0x000000951b400000)]
  0x000002079db52050 JavaThread "Unconstrained build operations Thread 114" [_thread_blocked, id=14096, stack(0x000000951b400000,0x000000951b500000)]
  0x000002079db52520 JavaThread "Unconstrained build operations Thread 115" [_thread_blocked, id=19948, stack(0x000000951b500000,0x000000951b600000)]
  0x000002079db529f0 JavaThread "Unconstrained build operations Thread 116" [_thread_blocked, id=19624, stack(0x000000951b600000,0x000000951b700000)]
  0x000002079db50370 JavaThread "Unconstrained build operations Thread 117" [_thread_blocked, id=18088, stack(0x000000951b700000,0x000000951b800000)]
  0x000002079db4f030 JavaThread "Unconstrained build operations Thread 118" [_thread_blocked, id=26588, stack(0x000000951b800000,0x000000951b900000)]
  0x000002079db4f9d0 JavaThread "Unconstrained build operations Thread 119" [_thread_blocked, id=20848, stack(0x000000951b900000,0x000000951ba00000)]
  0x000002079db52ec0 JavaThread "Unconstrained build operations Thread 120" [_thread_blocked, id=26420, stack(0x000000951ba00000,0x000000951bb00000)]
  0x000002079db4f500 JavaThread "jar transforms Thread 6" [_thread_blocked, id=4776, stack(0x000000951bb00000,0x000000951bc00000)]
  0x000002079db53390 JavaThread "jar transforms Thread 7" [_thread_blocked, id=4320, stack(0x000000951bc00000,0x000000951bd00000)]
  0x000002079db50d10 JavaThread "jar transforms Thread 8" [_thread_blocked, id=15012, stack(0x000000951bd00000,0x000000951be00000)]
  0x000002079db53860 JavaThread "jar transforms Thread 9" [_thread_blocked, id=20352, stack(0x000000951be00000,0x000000951bf00000)]
  0x000002079db53d30 JavaThread "jar transforms Thread 10" [_thread_blocked, id=24088, stack(0x000000951bf00000,0x000000951c000000)]
  0x000002079db54200 JavaThread "jar transforms Thread 11" [_thread_blocked, id=5516, stack(0x000000951c000000,0x000000951c100000)]
  0x000002079db546d0 JavaThread "jar transforms Thread 12" [_thread_blocked, id=5920, stack(0x000000951c100000,0x000000951c200000)]
=>0x0000020797d6c9c0 JavaThread "C2 CompilerThread1" daemon [_thread_in_native, id=17012, stack(0x0000009513200000,0x0000009513300000)]
  0x000002079db55070 JavaThread "build event listener" [_thread_blocked, id=4108, stack(0x000000951c200000,0x000000951c300000)]
  0x000002079d8b0850 JavaThread "Memory manager" [_thread_blocked, id=12620, stack(0x000000951c300000,0x000000951c400000)]
  0x000002079d6eda40 JavaThread "C2 CompilerThread2" daemon [_thread_in_native, id=24592, stack(0x000000951c400000,0x000000951c500000)]

Other Threads:
  0x00000207ffc3eaa0 VMThread "VM Thread" [stack: 0x0000009510c00000,0x0000009510d00000] [id=14048]
  0x00000207f80536d0 WatcherThread [stack: 0x0000009511800000,0x0000009511900000] [id=7856]
  0x00000207f8033880 GCTaskThread "GC Thread#0" [stack: 0x0000009510700000,0x0000009510800000] [id=21040]
  0x000002079591c5b0 GCTaskThread "GC Thread#1" [stack: 0x0000009511a00000,0x0000009511b00000] [id=23252]
  0x000002079591c860 GCTaskThread "GC Thread#2" [stack: 0x0000009511b00000,0x0000009511c00000] [id=9204]
  0x0000020795aae810 GCTaskThread "GC Thread#3" [stack: 0x0000009511c00000,0x0000009511d00000] [id=20264]
  0x0000020795d4b8f0 GCTaskThread "GC Thread#4" [stack: 0x0000009511d00000,0x0000009511e00000] [id=21004]
  0x0000020795c6eb80 GCTaskThread "GC Thread#5" [stack: 0x0000009511e00000,0x0000009511f00000] [id=25008]
  0x00000207965fe450 GCTaskThread "GC Thread#6" [stack: 0x0000009512800000,0x0000009512900000] [id=22144]
  0x00000207965fe700 GCTaskThread "GC Thread#7" [stack: 0x0000009512900000,0x0000009512a00000] [id=22136]
  0x0000020797243020 GCTaskThread "GC Thread#8" [stack: 0x0000009512a00000,0x0000009512b00000] [id=14788]
  0x00000207972432d0 GCTaskThread "GC Thread#9" [stack: 0x0000009512b00000,0x0000009512c00000] [id=18648]
  0x00000207f80446d0 ConcurrentGCThread "G1 Main Marker" [stack: 0x0000009510800000,0x0000009510900000] [id=9464]
  0x00000207f8045cc0 ConcurrentGCThread "G1 Conc#0" [stack: 0x0000009510900000,0x0000009510a00000] [id=24644]
  0x000002079707ee10 ConcurrentGCThread "G1 Conc#1" [stack: 0x0000009512c00000,0x0000009512d00000] [id=22316]
  0x000002079707f0c0 ConcurrentGCThread "G1 Conc#2" [stack: 0x0000009512d00000,0x0000009512e00000] [id=25972]
  0x00000207f808ecb0 ConcurrentGCThread "G1 Refine#0" [stack: 0x0000009510a00000,0x0000009510b00000] [id=17352]
  0x000002079d656560 ConcurrentGCThread "G1 Refine#1" [stack: 0x0000009512e00000,0x0000009512f00000] [id=23576]
  0x00000207ff11dad0 ConcurrentGCThread "G1 Service" [stack: 0x0000009510b00000,0x0000009510c00000] [id=3372]

Threads with active compile tasks:
C2 CompilerThread0    10706 7207       4       java.util.AbstractCollection::addAll (42 bytes)
C2 CompilerThread1    10706 7171       4       sun.reflect.generics.parser.SignatureParser::parsePackageNameAndSimpleClassTypeSignature (119 bytes)
C2 CompilerThread2    10706 7172 %     4       org.gradle.internal.instantiation.generator.AbstractClassGenerator::inspectType @ 107 (560 bytes)

VM state: not at safepoint (normal execution)

VM Mutex/Monitor currently owned by a thread: None

Heap address: 0x0000000080000000, size: 2048 MB, Compressed Oops mode: 32-bit

CDS archive(s) not mapped
Compressed class space mapped at: 0x0000000100000000-0x0000000140000000, reserved size: 1073741824
Narrow klass base: 0x0000000000000000, Narrow klass shift: 3, Narrow klass range: 0x140000000

GC Precious Log:
 CPUs: 12 total, 12 available
 Memory: 16016M
 Large Page Support: Disabled
 NUMA Support: Disabled
 Compressed Oops: Enabled (32-bit)
 Heap Region Size: 1M
 Heap Min Capacity: 8M
 Heap Initial Capacity: 252M
 Heap Max Capacity: 2G
 Pre-touch: Disabled
 Parallel Workers: 10
 Concurrent Workers: 3
 Concurrent Refinement Workers: 10
 Periodic GC: Disabled

Heap:
 garbage-first heap   total 121856K, used 60895K [0x0000000080000000, 0x0000000100000000)
  region size 1024K, 7 young (7168K), 3 survivors (3072K)
 Metaspace       used 74362K, committed 74880K, reserved 1114112K
  class space    used 9886K, committed 10112K, reserved 1048576K

Heap Regions: E=young(eden), S=young(survivor), O=old, HS=humongous(starts), HC=humongous(continues), CS=collection set, F=free, OA=open archive, CA=closed archive, TAMS=top-at-mark-start (previous, next)
|   0|0x0000000080000000, 0x0000000080100000, 0x0000000080100000|100%|HS|  |TAMS 0x0000000080100000, 0x0000000080000000| Complete 
|   1|0x0000000080100000, 0x0000000080200000, 0x0000000080200000|100%|HC|  |TAMS 0x0000000080200000, 0x0000000080100000| Complete 
|   2|0x0000000080200000, 0x0000000080300000, 0x0000000080300000|100%|HC|  |TAMS 0x0000000080300000, 0x0000000080200000| Complete 
|   3|0x0000000080300000, 0x0000000080400000, 0x0000000080400000|100%|HC|  |TAMS 0x0000000080400000, 0x0000000080300000| Complete 
|   4|0x0000000080400000, 0x0000000080500000, 0x0000000080500000|100%| O|  |TAMS 0x0000000080500000, 0x0000000080400000| Untracked 
|   5|0x0000000080500000, 0x0000000080600000, 0x0000000080600000|100%| O|  |TAMS 0x0000000080600000, 0x0000000080500000| Untracked 
|   6|0x0000000080600000, 0x0000000080700000, 0x0000000080700000|100%| O|  |TAMS 0x0000000080700000, 0x0000000080600000| Untracked 
|   7|0x0000000080700000, 0x0000000080800000, 0x0000000080800000|100%| O|  |TAMS 0x0000000080800000, 0x0000000080700000| Untracked 
|   8|0x0000000080800000, 0x0000000080900000, 0x0000000080900000|100%| O|  |TAMS 0x0000000080900000, 0x0000000080800000| Untracked 
|   9|0x0000000080900000, 0x0000000080a00000, 0x0000000080a00000|100%| O|  |TAMS 0x0000000080a00000, 0x0000000080900000| Untracked 
|  10|0x0000000080a00000, 0x0000000080b00000, 0x0000000080b00000|100%| O|  |TAMS 0x0000000080b00000, 0x0000000080a00000| Untracked 
|  11|0x0000000080b00000, 0x0000000080b33c00, 0x0000000080c00000| 20%| O|  |TAMS 0x0000000080b33c00, 0x0000000080b00000| Untracked 
|  12|0x0000000080c00000, 0x0000000080d00000, 0x0000000080d00000|100%| O|  |TAMS 0x0000000080d00000, 0x0000000080c00000| Untracked 
|  13|0x0000000080d00000, 0x0000000080e00000, 0x0000000080e00000|100%| O|  |TAMS 0x0000000080e00000, 0x0000000080d00000| Untracked 
|  14|0x0000000080e00000, 0x0000000080f00000, 0x0000000080f00000|100%| O|  |TAMS 0x0000000080f00000, 0x0000000080e00000| Untracked 
|  15|0x0000000080f00000, 0x0000000081000000, 0x0000000081000000|100%| O|  |TAMS 0x0000000081000000, 0x0000000080f00000| Untracked 
|  16|0x0000000081000000, 0x0000000081100000, 0x0000000081100000|100%| O|  |TAMS 0x0000000081100000, 0x0000000081000000| Untracked 
|  17|0x0000000081100000, 0x0000000081200000, 0x0000000081200000|100%| O|  |TAMS 0x0000000081200000, 0x0000000081100000| Untracked 
|  18|0x0000000081200000, 0x0000000081300000, 0x0000000081300000|100%| O|  |TAMS 0x0000000081300000, 0x0000000081200000| Untracked 
|  19|0x0000000081300000, 0x0000000081400000, 0x0000000081400000|100%| O|  |TAMS 0x0000000081400000, 0x0000000081300000| Untracked 
|  20|0x0000000081400000, 0x0000000081500000, 0x0000000081500000|100%| O|  |TAMS 0x0000000081500000, 0x0000000081400000| Untracked 
|  21|0x0000000081500000, 0x0000000081600000, 0x0000000081600000|100%| O|  |TAMS 0x0000000081600000, 0x0000000081500000| Untracked 
|  22|0x0000000081600000, 0x0000000081700000, 0x0000000081700000|100%| O|  |TAMS 0x0000000081700000, 0x0000000081600000| Untracked 
|  23|0x0000000081700000, 0x0000000081800000, 0x0000000081800000|100%| O|  |TAMS 0x0000000081800000, 0x0000000081700000| Untracked 
|  24|0x0000000081800000, 0x0000000081900000, 0x0000000081900000|100%| O|  |TAMS 0x0000000081900000, 0x0000000081800000| Untracked 
|  25|0x0000000081900000, 0x0000000081a00000, 0x0000000081a00000|100%| O|  |TAMS 0x0000000081a00000, 0x0000000081900000| Untracked 
|  26|0x0000000081a00000, 0x0000000081b00000, 0x0000000081b00000|100%| O|  |TAMS 0x0000000081b00000, 0x0000000081a00000| Untracked 
|  27|0x0000000081b00000, 0x0000000081c00000, 0x0000000081c00000|100%| O|  |TAMS 0x0000000081c00000, 0x0000000081b00000| Untracked 
|  28|0x0000000081c00000, 0x0000000081d00000, 0x0000000081d00000|100%| O|  |TAMS 0x0000000081d00000, 0x0000000081c00000| Untracked 
|  29|0x0000000081d00000, 0x0000000081e00000, 0x0000000081e00000|100%| O|  |TAMS 0x0000000081e00000, 0x0000000081d00000| Untracked 
|  30|0x0000000081e00000, 0x0000000081f00000, 0x0000000081f00000|100%| O|  |TAMS 0x0000000081f00000, 0x0000000081e00000| Untracked 
|  31|0x0000000081f00000, 0x0000000082000000, 0x0000000082000000|100%| O|  |TAMS 0x0000000082000000, 0x0000000081f00000| Untracked 
|  32|0x0000000082000000, 0x0000000082100000, 0x0000000082100000|100%|HS|  |TAMS 0x0000000082100000, 0x0000000082000000| Complete 
|  33|0x0000000082100000, 0x0000000082200000, 0x0000000082200000|100%|HS|  |TAMS 0x0000000082200000, 0x0000000082100000| Complete 
|  34|0x0000000082200000, 0x0000000082300000, 0x0000000082300000|100%|HS|  |TAMS 0x0000000082300000, 0x0000000082200000| Complete 
|  35|0x0000000082300000, 0x0000000082400000, 0x0000000082400000|100%| O|  |TAMS 0x0000000082400000, 0x0000000082300000| Untracked 
|  36|0x0000000082400000, 0x0000000082500000, 0x0000000082500000|100%| O|  |TAMS 0x0000000082500000, 0x0000000082400000| Untracked 
|  37|0x0000000082500000, 0x0000000082600000, 0x0000000082600000|100%| O|  |TAMS 0x0000000082600000, 0x0000000082500000| Untracked 
|  38|0x0000000082600000, 0x0000000082700000, 0x0000000082700000|100%| O|  |TAMS 0x0000000082700000, 0x0000000082600000| Untracked 
|  39|0x0000000082700000, 0x0000000082800000, 0x0000000082800000|100%| O|  |TAMS 0x0000000082800000, 0x0000000082700000| Untracked 
|  40|0x0000000082800000, 0x0000000082900000, 0x0000000082900000|100%| O|  |TAMS 0x0000000082900000, 0x0000000082800000| Untracked 
|  41|0x0000000082900000, 0x0000000082a00000, 0x0000000082a00000|100%| O|  |TAMS 0x0000000082a00000, 0x0000000082900000| Untracked 
|  42|0x0000000082a00000, 0x0000000082b00000, 0x0000000082b00000|100%| O|  |TAMS 0x0000000082b00000, 0x0000000082a00000| Untracked 
|  43|0x0000000082b00000, 0x0000000082c00000, 0x0000000082c00000|100%| O|  |TAMS 0x0000000082c00000, 0x0000000082b00000| Untracked 
|  44|0x0000000082c00000, 0x0000000082d00000, 0x0000000082d00000|100%| O|  |TAMS 0x0000000082d00000, 0x0000000082c00000| Untracked 
|  45|0x0000000082d00000, 0x0000000082e00000, 0x0000000082e00000|100%| O|  |TAMS 0x0000000082e00000, 0x0000000082d00000| Untracked 
|  46|0x0000000082e00000, 0x0000000082f00000, 0x0000000082f00000|100%| O|  |TAMS 0x0000000082f00000, 0x0000000082e00000| Untracked 
|  47|0x0000000082f00000, 0x0000000083000000, 0x0000000083000000|100%| O|  |TAMS 0x0000000083000000, 0x0000000082f00000| Untracked 
|  48|0x0000000083000000, 0x0000000083100000, 0x0000000083100000|100%| O|  |TAMS 0x0000000083030a00, 0x0000000083000000| Untracked 
|  49|0x0000000083100000, 0x00000000831a1a00, 0x0000000083200000| 63%| O|  |TAMS 0x0000000083100000, 0x0000000083100000| Untracked 
|  50|0x0000000083200000, 0x0000000083300000, 0x0000000083300000|100%| O|  |TAMS 0x0000000083300000, 0x0000000083200000| Untracked 
|  51|0x0000000083300000, 0x0000000083400000, 0x0000000083400000|100%| O|  |TAMS 0x0000000083400000, 0x0000000083300000| Untracked 
|  52|0x0000000083400000, 0x0000000083500000, 0x0000000083500000|100%|HS|  |TAMS 0x0000000083400000, 0x0000000083400000| Complete 
|  53|0x0000000083500000, 0x0000000083600000, 0x0000000083600000|100%| O|  |TAMS 0x0000000083600000, 0x0000000083500000| Untracked 
|  54|0x0000000083600000, 0x0000000083700000, 0x0000000083700000|100%| O|  |TAMS 0x0000000083700000, 0x0000000083600000| Untracked 
|  55|0x0000000083700000, 0x0000000083700000, 0x0000000083800000|  0%| F|  |TAMS 0x0000000083700000, 0x0000000083700000| Untracked 
|  56|0x0000000083800000, 0x0000000083800000, 0x0000000083900000|  0%| F|  |TAMS 0x0000000083800000, 0x0000000083800000| Untracked 
|  57|0x0000000083900000, 0x0000000083900000, 0x0000000083a00000|  0%| F|  |TAMS 0x0000000083900000, 0x0000000083900000| Untracked 
|  58|0x0000000083a00000, 0x0000000083a00000, 0x0000000083b00000|  0%| F|  |TAMS 0x0000000083a00000, 0x0000000083a00000| Untracked 
|  59|0x0000000083b00000, 0x0000000083b00000, 0x0000000083c00000|  0%| F|  |TAMS 0x0000000083b00000, 0x0000000083b00000| Untracked 
|  60|0x0000000083c00000, 0x0000000083c00000, 0x0000000083d00000|  0%| F|  |TAMS 0x0000000083c00000, 0x0000000083c00000| Untracked 
|  61|0x0000000083d00000, 0x0000000083d00000, 0x0000000083e00000|  0%| F|  |TAMS 0x0000000083d00000, 0x0000000083d00000| Untracked 
|  62|0x0000000083e00000, 0x0000000083e00000, 0x0000000083f00000|  0%| F|  |TAMS 0x0000000083e00000, 0x0000000083e00000| Untracked 
|  63|0x0000000083f00000, 0x0000000083f00000, 0x0000000084000000|  0%| F|  |TAMS 0x0000000083f00000, 0x0000000083f00000| Untracked 
|  64|0x0000000084000000, 0x0000000084000000, 0x0000000084100000|  0%| F|  |TAMS 0x0000000084000000, 0x0000000084000000| Untracked 
|  65|0x0000000084100000, 0x0000000084100000, 0x0000000084200000|  0%| F|  |TAMS 0x0000000084100000, 0x0000000084100000| Untracked 
|  66|0x0000000084200000, 0x0000000084200000, 0x0000000084300000|  0%| F|  |TAMS 0x0000000084200000, 0x0000000084200000| Untracked 
|  67|0x0000000084300000, 0x0000000084300000, 0x0000000084400000|  0%| F|  |TAMS 0x0000000084300000, 0x0000000084300000| Untracked 
|  68|0x0000000084400000, 0x0000000084400000, 0x0000000084500000|  0%| F|  |TAMS 0x0000000084400000, 0x0000000084400000| Untracked 
|  69|0x0000000084500000, 0x0000000084500000, 0x0000000084600000|  0%| F|  |TAMS 0x0000000084500000, 0x0000000084500000| Untracked 
|  70|0x0000000084600000, 0x0000000084600000, 0x0000000084700000|  0%| F|  |TAMS 0x0000000084600000, 0x0000000084600000| Untracked 
|  71|0x0000000084700000, 0x0000000084700000, 0x0000000084800000|  0%| F|  |TAMS 0x0000000084700000, 0x0000000084700000| Untracked 
|  72|0x0000000084800000, 0x0000000084800000, 0x0000000084900000|  0%| F|  |TAMS 0x0000000084800000, 0x0000000084800000| Untracked 
|  73|0x0000000084900000, 0x0000000084900000, 0x0000000084a00000|  0%| F|  |TAMS 0x0000000084900000, 0x0000000084900000| Untracked 
|  74|0x0000000084a00000, 0x0000000084a00000, 0x0000000084b00000|  0%| F|  |TAMS 0x0000000084a00000, 0x0000000084a00000| Untracked 
|  75|0x0000000084b00000, 0x0000000084b00000, 0x0000000084c00000|  0%| F|  |TAMS 0x0000000084b00000, 0x0000000084b00000| Untracked 
|  76|0x0000000084c00000, 0x0000000084c00000, 0x0000000084d00000|  0%| F|  |TAMS 0x0000000084c00000, 0x0000000084c00000| Untracked 
|  77|0x0000000084d00000, 0x0000000084d00000, 0x0000000084e00000|  0%| F|  |TAMS 0x0000000084d00000, 0x0000000084d00000| Untracked 
|  78|0x0000000084e00000, 0x0000000084e00000, 0x0000000084f00000|  0%| F|  |TAMS 0x0000000084e00000, 0x0000000084e00000| Untracked 
|  79|0x0000000084f00000, 0x0000000084f00000, 0x0000000085000000|  0%| F|  |TAMS 0x0000000084f00000, 0x0000000084f00000| Untracked 
|  80|0x0000000085000000, 0x0000000085000000, 0x0000000085100000|  0%| F|  |TAMS 0x0000000085000000, 0x0000000085000000| Untracked 
|  81|0x0000000085100000, 0x0000000085100000, 0x0000000085200000|  0%| F|  |TAMS 0x0000000085100000, 0x0000000085100000| Untracked 
|  82|0x0000000085200000, 0x0000000085200000, 0x0000000085300000|  0%| F|  |TAMS 0x0000000085200000, 0x0000000085200000| Untracked 
|  83|0x0000000085300000, 0x0000000085300000, 0x0000000085400000|  0%| F|  |TAMS 0x0000000085300000, 0x0000000085300000| Untracked 
|  84|0x0000000085400000, 0x0000000085400000, 0x0000000085500000|  0%| F|  |TAMS 0x0000000085400000, 0x0000000085400000| Untracked 
|  85|0x0000000085500000, 0x0000000085500000, 0x0000000085600000|  0%| F|  |TAMS 0x0000000085500000, 0x0000000085500000| Untracked 
|  86|0x0000000085600000, 0x0000000085600000, 0x0000000085700000|  0%| F|  |TAMS 0x0000000085600000, 0x0000000085600000| Untracked 
|  87|0x0000000085700000, 0x00000000857a2630, 0x0000000085800000| 63%| S|CS|TAMS 0x0000000085700000, 0x0000000085700000| Complete 
|  88|0x0000000085800000, 0x0000000085900000, 0x0000000085900000|100%| S|CS|TAMS 0x0000000085800000, 0x0000000085800000| Complete 
|  89|0x0000000085900000, 0x0000000085a00000, 0x0000000085a00000|100%| S|CS|TAMS 0x0000000085900000, 0x0000000085900000| Complete 
|  90|0x0000000085a00000, 0x0000000085a00000, 0x0000000085b00000|  0%| F|  |TAMS 0x0000000085a00000, 0x0000000085a00000| Untracked 
|  91|0x0000000085b00000, 0x0000000085b00000, 0x0000000085c00000|  0%| F|  |TAMS 0x0000000085b00000, 0x0000000085b00000| Untracked 
|  92|0x0000000085c00000, 0x0000000085c00000, 0x0000000085d00000|  0%| F|  |TAMS 0x0000000085c00000, 0x0000000085c00000| Untracked 
|  93|0x0000000085d00000, 0x0000000085d00000, 0x0000000085e00000|  0%| F|  |TAMS 0x0000000085d00000, 0x0000000085d00000| Untracked 
|  94|0x0000000085e00000, 0x0000000085e00000, 0x0000000085f00000|  0%| F|  |TAMS 0x0000000085e00000, 0x0000000085e00000| Untracked 
|  95|0x0000000085f00000, 0x0000000085f00000, 0x0000000086000000|  0%| F|  |TAMS 0x0000000085f00000, 0x0000000085f00000| Untracked 
|  96|0x0000000086000000, 0x0000000086000000, 0x0000000086100000|  0%| F|  |TAMS 0x0000000086000000, 0x0000000086000000| Untracked 
|  97|0x0000000086100000, 0x0000000086100000, 0x0000000086200000|  0%| F|  |TAMS 0x0000000086100000, 0x0000000086100000| Untracked 
|  98|0x0000000086200000, 0x0000000086200000, 0x0000000086300000|  0%| F|  |TAMS 0x0000000086200000, 0x0000000086200000| Untracked 
|  99|0x0000000086300000, 0x0000000086300000, 0x0000000086400000|  0%| F|  |TAMS 0x0000000086300000, 0x0000000086300000| Untracked 
| 100|0x0000000086400000, 0x0000000086400000, 0x0000000086500000|  0%| F|  |TAMS 0x0000000086400000, 0x0000000086400000| Untracked 
| 101|0x0000000086500000, 0x0000000086500000, 0x0000000086600000|  0%| F|  |TAMS 0x0000000086500000, 0x0000000086500000| Untracked 
| 102|0x0000000086600000, 0x0000000086600000, 0x0000000086700000|  0%| F|  |TAMS 0x0000000086600000, 0x0000000086600000| Untracked 
| 103|0x0000000086700000, 0x0000000086700000, 0x0000000086800000|  0%| F|  |TAMS 0x0000000086700000, 0x0000000086700000| Untracked 
| 104|0x0000000086800000, 0x0000000086800000, 0x0000000086900000|  0%| F|  |TAMS 0x0000000086800000, 0x0000000086800000| Untracked 
| 105|0x0000000086900000, 0x0000000086900000, 0x0000000086a00000|  0%| F|  |TAMS 0x0000000086900000, 0x0000000086900000| Untracked 
| 106|0x0000000086a00000, 0x0000000086a00000, 0x0000000086b00000|  0%| F|  |TAMS 0x0000000086a00000, 0x0000000086a00000| Untracked 
| 107|0x0000000086b00000, 0x0000000086b00000, 0x0000000086c00000|  0%| F|  |TAMS 0x0000000086b00000, 0x0000000086b00000| Untracked 
| 108|0x0000000086c00000, 0x0000000086c00000, 0x0000000086d00000|  0%| F|  |TAMS 0x0000000086c00000, 0x0000000086c00000| Untracked 
| 109|0x0000000086d00000, 0x0000000086d00000, 0x0000000086e00000|  0%| F|  |TAMS 0x0000000086d00000, 0x0000000086d00000| Untracked 
| 202|0x000000008ca00000, 0x000000008ca00000, 0x000000008cb00000|  0%| F|  |TAMS 0x000000008ca00000, 0x000000008ca00000| Untracked 
| 203|0x000000008cb00000, 0x000000008cb00000, 0x000000008cc00000|  0%| F|  |TAMS 0x000000008cb00000, 0x000000008cb00000| Untracked 
| 204|0x000000008cc00000, 0x000000008cc00000, 0x000000008cd00000|  0%| F|  |TAMS 0x000000008cc00000, 0x000000008cc00000| Untracked 
| 205|0x000000008cd00000, 0x000000008cd00000, 0x000000008ce00000|  0%| F|  |TAMS 0x000000008cd00000, 0x000000008cd00000| Untracked 
| 206|0x000000008ce00000, 0x000000008ce00000, 0x000000008cf00000|  0%| F|  |TAMS 0x000000008ce00000, 0x000000008ce00000| Untracked 
| 207|0x000000008cf00000, 0x000000008cf80800, 0x000000008d000000| 50%| E|  |TAMS 0x000000008cf00000, 0x000000008cf00000| Complete 
| 208|0x000000008d000000, 0x000000008d100000, 0x000000008d100000|100%| E|CS|TAMS 0x000000008d000000, 0x000000008d000000| Complete 
| 209|0x000000008d100000, 0x000000008d200000, 0x000000008d200000|100%| E|CS|TAMS 0x000000008d100000, 0x000000008d100000| Complete 
| 251|0x000000008fb00000, 0x000000008fc00000, 0x000000008fc00000|100%| E|CS|TAMS 0x000000008fb00000, 0x000000008fb00000| Complete 

Card table byte_map: [0x00000207fdd40000,0x00000207fe140000] _byte_map_base: 0x00000207fd940000

Marking Bits (Prev, Next): (CMBitMap*) 0x00000207f8033da0, (CMBitMap*) 0x00000207f8033de0
 Prev Bits: [0x000002078f000000, 0x0000020791000000)
 Next Bits: [0x0000020791000000, 0x0000020793000000)

Polling page: 0x00000207f8090000

Metaspace:

Usage:
  Non-class:     62.98 MB used.
      Class:      9.66 MB used.
       Both:     72.63 MB used.

Virtual space:
  Non-class space:       64.00 MB reserved,      63.25 MB ( 99%) committed,  8 nodes.
      Class space:        1.00 GB reserved,       9.88 MB ( <1%) committed,  1 nodes.
             Both:        1.06 GB reserved,      73.12 MB (  7%) committed. 

Chunk freelists:
   Non-Class:  160.00 KB
       Class:  2.14 MB
        Both:  2.29 MB

MaxMetaspaceSize: unlimited
CompressedClassSpaceSize: 1.00 GB
Initial GC threshold: 21.00 MB
Current GC threshold: 121.56 MB
CDS: off
MetaspaceReclaimPolicy: balanced
 - commit_granule_bytes: 65536.
 - commit_granule_words: 8192.
 - virtual_space_node_default_size: 1048576.
 - enlarge_chunks_in_place: 1.
 - new_chunks_are_fully_committed: 0.
 - uncommit_free_chunks: 1.
 - use_allocation_guard: 0.
 - handle_deallocations: 1.


Internal statistics:

num_allocs_failed_limit: 9.
num_arena_births: 740.
num_arena_deaths: 0.
num_vsnodes_births: 9.
num_vsnodes_deaths: 0.
num_space_committed: 1170.
num_space_uncommitted: 0.
num_chunks_returned_to_freelist: 9.
num_chunks_taken_from_freelist: 3236.
num_chunk_merges: 9.
num_chunk_splits: 2199.
num_chunks_enlarged: 1546.
num_purges: 0.
num_inconsistent_stats: 0.

CodeHeap 'non-profiled nmethods': size=120000Kb used=3764Kb max_used=3764Kb free=116235Kb
 bounds [0x0000020787ad0000, 0x0000020787e80000, 0x000002078f000000]
CodeHeap 'profiled nmethods': size=120000Kb used=12318Kb max_used=12318Kb free=107681Kb
 bounds [0x0000020780000000, 0x0000020780c10000, 0x0000020787530000]
CodeHeap 'non-nmethods': size=5760Kb used=2373Kb max_used=2411Kb free=3387Kb
 bounds [0x0000020787530000, 0x00000207877a0000, 0x0000020787ad0000]
 total_blobs=7364 nmethods=6463 adapters=813
 compilation: enabled
              stopped_count=0, restarted_count=0
 full_count=0

Compilation events (20 events):
Event: 9.585 Thread 0x00000207ffca5360 7196       3       org.gradle.api.internal.file.AbstractFileCollection::<init> (15 bytes)
Event: 9.585 Thread 0x00000207ffca5360 nmethod 7196 0x0000020780bdd590 code [0x0000020780bdd740, 0x0000020780bdd958]
Event: 9.585 Thread 0x00000207ffca5360 7198       3       com.google.common.collect.Hashing::smear (19 bytes)
Event: 9.585 Thread 0x00000207ffca5360 nmethod 7198 0x0000020780bdda10 code [0x0000020780bddba0, 0x0000020780bddd18]
Event: 9.585 Thread 0x00000207ffca5360 7197       3       kotlin.collections.SetsKt__SetsKt::emptySet (7 bytes)
Event: 9.585 Thread 0x00000207ffca5360 nmethod 7197 0x0000020780bdde10 code [0x0000020780bddfa0, 0x0000020780bde098]
Event: 9.611 Thread 0x00000207ffca5360 7199       3       java.security.ProtectionDomain$Key::<init> (5 bytes)
Event: 9.611 Thread 0x00000207ffca5360 nmethod 7199 0x0000020780bde110 code [0x0000020780bde2a0, 0x0000020780bde3f8]
Event: 9.616 Thread 0x00000207ffca5360 7200   !   3       sun.nio.cs.StreamDecoder::readBytes (271 bytes)
Event: 9.621 Thread 0x00000207ffca5360 nmethod 7200 0x0000020780bde490 code [0x0000020780bde7a0, 0x0000020780bdf788]
Event: 9.621 Thread 0x00000207ffca5360 7201       3       java.nio.HeapByteBuffer::compact (85 bytes)
Event: 9.622 Thread 0x00000207ffca5360 nmethod 7201 0x0000020780be0010 code [0x0000020780be0200, 0x0000020780be0828]
Event: 9.635 Thread 0x00000207ffca5360 7202       3       java.lang.reflect.Proxy$ProxyBuilder::ensureAccess (39 bytes)
Event: 9.636 Thread 0x00000207ffca5360 nmethod 7202 0x0000020780be0a10 code [0x0000020780be0c60, 0x0000020780be14a8]
Event: 9.644 Thread 0x00000207ffca5360 7203       1       com.google.gson.reflect.TypeToken::getRawType (5 bytes)
Event: 9.644 Thread 0x00000207ffca5360 nmethod 7203 0x0000020787e7bd90 code [0x0000020787e7bf20, 0x0000020787e7bff8]
Event: 9.649 Thread 0x00000207ffca5360 7204       3       java.lang.reflect.Field::getAnnotation (23 bytes)
Event: 9.649 Thread 0x00000207ffca5360 nmethod 7204 0x0000020780be1890 code [0x0000020780be1aa0, 0x0000020780be2128]
Event: 9.649 Thread 0x00000207ffca5360 7205       3       java.util.Collections$SingletonList::get (41 bytes)
Event: 9.650 Thread 0x00000207ffca5360 nmethod 7205 0x0000020780be2390 code [0x0000020780be25e0, 0x0000020780be2ce8]

GC Heap History (20 events):
Event: 7.092 GC heap before
{Heap before GC invocations=14 (full 0):
 garbage-first heap   total 87040K, used 69538K [0x0000000080000000, 0x0000000100000000)
  region size 1024K, 36 young (36864K), 4 survivors (4096K)
 Metaspace       used 53313K, committed 53696K, reserved 1097728K
  class space    used 7116K, committed 7296K, reserved 1048576K
}
Event: 7.099 GC heap after
{Heap after GC invocations=15 (full 0):
 garbage-first heap   total 87040K, used 41426K [0x0000000080000000, 0x0000000100000000)
  region size 1024K, 5 young (5120K), 5 survivors (5120K)
 Metaspace       used 53313K, committed 53696K, reserved 1097728K
  class space    used 7116K, committed 7296K, reserved 1048576K
}
Event: 7.732 GC heap before
{Heap before GC invocations=15 (full 0):
 garbage-first heap   total 87040K, used 68050K [0x0000000080000000, 0x0000000100000000)
  region size 1024K, 31 young (31744K), 5 survivors (5120K)
 Metaspace       used 56443K, committed 56960K, reserved 1105920K
  class space    used 7538K, committed 7744K, reserved 1048576K
}
Event: 7.738 GC heap after
{Heap after GC invocations=16 (full 0):
 garbage-first heap   total 87040K, used 45489K [0x0000000080000000, 0x0000000100000000)
  region size 1024K, 4 young (4096K), 4 survivors (4096K)
 Metaspace       used 56443K, committed 56960K, reserved 1105920K
  class space    used 7538K, committed 7744K, reserved 1048576K
}
Event: 8.034 GC heap before
{Heap before GC invocations=16 (full 0):
 garbage-first heap   total 87040K, used 65969K [0x0000000080000000, 0x0000000100000000)
  region size 1024K, 25 young (25600K), 4 survivors (4096K)
 Metaspace       used 59638K, committed 60096K, reserved 1105920K
  class space    used 7905K, committed 8128K, reserved 1048576K
}
Event: 8.037 GC heap after
{Heap after GC invocations=17 (full 0):
 garbage-first heap   total 87040K, used 46144K [0x0000000080000000, 0x0000000100000000)
  region size 1024K, 1 young (1024K), 1 survivors (1024K)
 Metaspace       used 59638K, committed 60096K, reserved 1105920K
  class space    used 7905K, committed 8128K, reserved 1048576K
}
Event: 8.384 GC heap before
{Heap before GC invocations=18 (full 0):
 garbage-first heap   total 87040K, used 65600K [0x0000000080000000, 0x0000000100000000)
  region size 1024K, 21 young (21504K), 1 survivors (1024K)
 Metaspace       used 63776K, committed 64320K, reserved 1105920K
  class space    used 8480K, committed 8704K, reserved 1048576K
}
Event: 8.387 GC heap after
{Heap after GC invocations=19 (full 0):
 garbage-first heap   total 87040K, used 48258K [0x0000000080000000, 0x0000000100000000)
  region size 1024K, 3 young (3072K), 3 survivors (3072K)
 Metaspace       used 63776K, committed 64320K, reserved 1105920K
  class space    used 8480K, committed 8704K, reserved 1048576K
}
Event: 8.416 GC heap before
{Heap before GC invocations=20 (full 0):
 garbage-first heap   total 101376K, used 60546K [0x0000000080000000, 0x0000000100000000)
  region size 1024K, 12 young (12288K), 3 survivors (3072K)
 Metaspace       used 63780K, committed 64320K, reserved 1105920K
  class space    used 8480K, committed 8704K, reserved 1048576K
}
Event: 8.419 GC heap after
{Heap after GC invocations=21 (full 0):
 garbage-first heap   total 101376K, used 54097K [0x0000000080000000, 0x0000000100000000)
  region size 1024K, 3 young (3072K), 3 survivors (3072K)
 Metaspace       used 63780K, committed 64320K, reserved 1105920K
  class space    used 8480K, committed 8704K, reserved 1048576K
}
Event: 8.653 GC heap before
{Heap before GC invocations=22 (full 0):
 garbage-first heap   total 101376K, used 76625K [0x0000000080000000, 0x0000000100000000)
  region size 1024K, 23 young (23552K), 3 survivors (3072K)
 Metaspace       used 65709K, committed 66240K, reserved 1114112K
  class space    used 8736K, committed 8960K, reserved 1048576K
}
Event: 8.655 GC heap after
{Heap after GC invocations=23 (full 0):
 garbage-first heap   total 101376K, used 51336K [0x0000000080000000, 0x0000000100000000)
  region size 1024K, 2 young (2048K), 2 survivors (2048K)
 Metaspace       used 65709K, committed 66240K, reserved 1114112K
  class space    used 8736K, committed 8960K, reserved 1048576K
}
Event: 8.962 GC heap before
{Heap before GC invocations=23 (full 0):
 garbage-first heap   total 101376K, used 72840K [0x0000000080000000, 0x0000000100000000)
  region size 1024K, 24 young (24576K), 2 survivors (2048K)
 Metaspace       used 67944K, committed 68480K, reserved 1114112K
  class space    used 9035K, committed 9280K, reserved 1048576K
}
Event: 8.965 GC heap after
{Heap after GC invocations=24 (full 0):
 garbage-first heap   total 101376K, used 52773K [0x0000000080000000, 0x0000000100000000)
  region size 1024K, 2 young (2048K), 2 survivors (2048K)
 Metaspace       used 67944K, committed 68480K, reserved 1114112K
  class space    used 9035K, committed 9280K, reserved 1048576K
}
Event: 9.229 GC heap before
{Heap before GC invocations=25 (full 0):
 garbage-first heap   total 101376K, used 76325K [0x0000000080000000, 0x0000000100000000)
  region size 1024K, 25 young (25600K), 2 survivors (2048K)
 Metaspace       used 71202K, committed 71744K, reserved 1114112K
  class space    used 9479K, committed 9728K, reserved 1048576K
}
Event: 9.232 GC heap after
{Heap after GC invocations=26 (full 0):
 garbage-first heap   total 101376K, used 54139K [0x0000000080000000, 0x0000000100000000)
  region size 1024K, 3 young (3072K), 3 survivors (3072K)
 Metaspace       used 71202K, committed 71744K, reserved 1114112K
  class space    used 9479K, committed 9728K, reserved 1048576K
}
Event: 9.504 GC heap before
{Heap before GC invocations=26 (full 0):
 garbage-first heap   total 101376K, used 77691K [0x0000000080000000, 0x0000000100000000)
  region size 1024K, 27 young (27648K), 3 survivors (3072K)
 Metaspace       used 73254K, committed 73792K, reserved 1114112K
  class space    used 9737K, committed 9984K, reserved 1048576K
}
Event: 9.508 GC heap after
{Heap after GC invocations=27 (full 0):
 garbage-first heap   total 101376K, used 56065K [0x0000000080000000, 0x0000000100000000)
  region size 1024K, 4 young (4096K), 4 survivors (4096K)
 Metaspace       used 73254K, committed 73792K, reserved 1114112K
  class space    used 9737K, committed 9984K, reserved 1048576K
}
Event: 9.617 GC heap before
{Heap before GC invocations=28 (full 0):
 garbage-first heap   total 101376K, used 63233K [0x0000000080000000, 0x0000000100000000)
  region size 1024K, 13 young (13312K), 4 survivors (4096K)
 Metaspace       used 74055K, committed 74624K, reserved 1114112K
  class space    used 9854K, committed 10112K, reserved 1048576K
}
Event: 9.621 GC heap after
{Heap after GC invocations=29 (full 0):
 garbage-first heap   total 121856K, used 56799K [0x0000000080000000, 0x0000000100000000)
  region size 1024K, 3 young (3072K), 3 survivors (3072K)
 Metaspace       used 74055K, committed 74624K, reserved 1114112K
  class space    used 9854K, committed 10112K, reserved 1048576K
}

Dll operation events (2 events):
Event: 0.032 Loaded shared library C:\BTS\ANDROID\android-studio-girafe\android-studio-2022.3.1.19-windows\android-studio\jbr\bin\java.dll
Event: 0.565 Loaded shared library C:\BTS\ANDROID\android-studio-girafe\android-studio-2022.3.1.19-windows\android-studio\jbr\bin\verify.dll

Deoptimization events (20 events):
Event: 9.401 Thread 0x000002079757b8a0 Uncommon trap: trap_request=0xffffffde fr.pc=0x0000020787cd5b64 relative=0x0000000000000584
Event: 9.401 Thread 0x000002079757b8a0 Uncommon trap: reason=class_check action=maybe_recompile pc=0x0000020787cd5b64 method=jdk.internal.loader.URLClassPath.getResource(Ljava/lang/String;Z)Ljdk/internal/loader/Resource; @ 53 c2
Event: 9.401 Thread 0x000002079757b8a0 DEOPT PACKING pc=0x0000020787cd5b64 sp=0x00000095124f87a0
Event: 9.401 Thread 0x000002079757b8a0 DEOPT UNPACKING pc=0x00000207875869a3 sp=0x00000095124f8760 mode 2
Event: 9.401 Thread 0x000002079757b8a0 Uncommon trap: trap_request=0xffffffde fr.pc=0x0000020787e37e5c relative=0x000000000000471c
Event: 9.401 Thread 0x000002079757b8a0 Uncommon trap: reason=class_check action=maybe_recompile pc=0x0000020787e37e5c method=java.net.URLClassLoader.defineClass(Ljava/lang/String;Ljdk/internal/loader/Resource;)Ljava/lang/Class; @ 13 c2
Event: 9.401 Thread 0x000002079757b8a0 DEOPT PACKING pc=0x0000020787e37e5c sp=0x00000095124f8830
Event: 9.401 Thread 0x000002079757b8a0 DEOPT UNPACKING pc=0x00000207875869a3 sp=0x00000095124f8668 mode 2
Event: 9.401 Thread 0x000002079757b8a0 Uncommon trap: trap_request=0xffffffde fr.pc=0x0000020787e080b8 relative=0x0000000000000478
Event: 9.401 Thread 0x000002079757b8a0 Uncommon trap: reason=class_check action=maybe_recompile pc=0x0000020787e080b8 method=jdk.internal.loader.Resource.cachedInputStream()Ljava/io/InputStream; @ 9 c2
Event: 9.401 Thread 0x000002079757b8a0 DEOPT PACKING pc=0x0000020787e080b8 sp=0x00000095124f8600
Event: 9.401 Thread 0x000002079757b8a0 DEOPT UNPACKING pc=0x00000207875869a3 sp=0x00000095124f8580 mode 2
Event: 9.403 Thread 0x000002079757b8a0 Uncommon trap: trap_request=0xffffffde fr.pc=0x0000020787be3648 relative=0x0000000000001e88
Event: 9.403 Thread 0x000002079757b8a0 Uncommon trap: reason=class_check action=maybe_recompile pc=0x0000020787be3648 method=jdk.internal.loader.Resource.getBytes()[B @ 10 c2
Event: 9.403 Thread 0x000002079757b8a0 DEOPT PACKING pc=0x0000020787be3648 sp=0x00000095124f85a0
Event: 9.403 Thread 0x000002079757b8a0 DEOPT UNPACKING pc=0x00000207875869a3 sp=0x00000095124f85b0 mode 2
Event: 9.541 Thread 0x000002079757b8a0 Uncommon trap: trap_request=0xffffff45 fr.pc=0x0000020787c25558 relative=0x0000000000000398
Event: 9.541 Thread 0x000002079757b8a0 Uncommon trap: reason=unstable_if action=reinterpret pc=0x0000020787c25558 method=java.lang.StringConcatHelper.simpleConcat(Ljava/lang/Object;Ljava/lang/Object;)Ljava/lang/String; @ 30 c2
Event: 9.541 Thread 0x000002079757b8a0 DEOPT PACKING pc=0x0000020787c25558 sp=0x00000095124f85a0
Event: 9.541 Thread 0x000002079757b8a0 DEOPT UNPACKING pc=0x00000207875869a3 sp=0x00000095124f8548 mode 2

Classes unloaded (0 events):
No events

Classes redefined (0 events):
No events

Internal exceptions (20 events):
Event: 6.656 Thread 0x0000020796709060 Exception <a 'java/lang/NoSuchMethodError'{0x0000000083ef66e0}: static Lorg/gradle/internal/build/event/types/DefaultProjectConfigurationSuccessResult;.<clinit>()V> (0x0000000083ef66e0) 
thrown [s\src\hotspot\share\prims\jni.cpp, line 1108]
Event: 6.657 Thread 0x0000020796709060 Exception <a 'java/lang/NoSuchMethodError'{0x0000000083ef7c40}: static Lorg/gradle/internal/build/event/types/AbstractProjectConfigurationResult;.<clinit>()V> (0x0000000083ef7c40) 
thrown [s\src\hotspot\share\prims\jni.cpp, line 1108]
Event: 6.657 Thread 0x0000020796709060 Exception <a 'java/lang/NoSuchMethodError'{0x0000000083ef9140}: static Lorg/gradle/internal/build/event/types/AbstractOperationResult;.<clinit>()V> (0x0000000083ef9140) 
thrown [s\src\hotspot\share\prims\jni.cpp, line 1108]
Event: 6.657 Thread 0x0000020796709060 Exception <a 'java/lang/NoSuchMethodError'{0x0000000083efa350}: static Lorg/gradle/internal/build/event/types/AbstractResult;.<clinit>()V> (0x0000000083efa350) 
thrown [s\src\hotspot\share\prims\jni.cpp, line 1108]
Event: 6.659 Thread 0x0000020796709060 Exception <a 'java/lang/NoSuchMethodError'{0x0000000083d0fe68}: static Lorg/gradle/internal/build/event/types/DefaultPluginApplicationResult;.<clinit>()V> (0x0000000083d0fe68) 
thrown [s\src\hotspot\share\prims\jni.cpp, line 1108]
Event: 6.661 Thread 0x0000020796709060 Exception <a 'java/lang/NoSuchMethodError'{0x0000000083d1b208}: static Lorg/gradle/internal/build/event/types/DefaultBinaryPluginIdentifier;.<clinit>()V> (0x0000000083d1b208) 
thrown [s\src\hotspot\share\prims\jni.cpp, line 1108]
Event: 6.665 Thread 0x0000020796709060 Exception <a 'java/lang/NoSuchMethodError'{0x0000000083d32fc8}: static Lorg/gradle/internal/build/event/types/DefaultScriptPluginIdentifier;.<clinit>()V> (0x0000000083d32fc8) 
thrown [s\src\hotspot\share\prims\jni.cpp, line 1108]
Event: 6.759 Thread 0x000002079757b8a0 Implicit null exception at 0x0000020787dd160f to 0x0000020787dd1c9c
Event: 7.445 Thread 0x000002079757b8a0 Exception <a 'java/lang/ClassNotFoundException'{0x000000008cfcfa50}: org/gradle/api/internal/plugins/DefaultObjectConfigurationActionBeanInfo> (0x000000008cfcfa50) 
thrown [s\src\hotspot\share\classfile\systemDictionary.cpp, line 256]
Event: 7.446 Thread 0x000002079757b8a0 Exception <a 'java/lang/ClassNotFoundException'{0x000000008cfe38a8}: org/gradle/api/internal/plugins/DefaultObjectConfigurationActionCustomizer> (0x000000008cfe38a8) 
thrown [s\src\hotspot\share\classfile\systemDictionary.cpp, line 256]
Event: 7.569 Thread 0x000002079757b8a0 Exception <a 'java/lang/NoSuchMethodError'{0x00000000846a0b20}: 'java.lang.Object java.lang.invoke.DirectMethodHandle$Holder.newInvokeSpecial(java.lang.Object, java.lang.Object, java.lang.Object, java.lang.Object, int)'> (0x00000000846a0b20) 
thrown [s\src\hotspot\share\interpreter\linkResolver.cpp, line 771]
Event: 7.570 Thread 0x000002079757b8a0 Exception <a 'java/lang/NoSuchMethodError'{0x00000000846a5f68}: 'java.lang.Object java.lang.invoke.DirectMethodHandle$Holder.invokeSpecial(java.lang.Object, java.lang.Object, java.lang.Object, java.lang.Object, java.lang.Object, int)'> (0x00000000846a5f68) 
thrown [s\src\hotspot\share\interpreter\linkResolver.cpp, line 771]
Event: 7.570 Thread 0x000002079757b8a0 Exception <a 'java/lang/NoSuchMethodError'{0x00000000846aace8}: 'java.lang.Object java.lang.invoke.Invokers$Holder.linkToTargetMethod(java.lang.Object, java.lang.Object, java.lang.Object, int, java.lang.Object)'> (0x00000000846aace8) 
thrown [s\src\hotspot\share\interpreter\linkResolver.cpp, line 771]
Event: 7.758 Thread 0x000002079757b8a0 Exception <a 'java/lang/NoSuchMethodError'{0x000000008d137dc8}: 'int java.lang.invoke.DirectMethodHandle$Holder.invokeInterface(java.lang.Object, java.lang.Object, java.lang.Object, java.lang.Object)'> (0x000000008d137dc8) 
thrown [s\src\hotspot\share\interpreter\linkResolver.cpp, line 771]
Event: 8.180 Thread 0x000002079757b8a0 Exception <a 'java/lang/IncompatibleClassChangeError'{0x000000008cceb820}: Found class java.lang.Object, but interface was expected> (0x000000008cceb820) 
thrown [s\src\hotspot\share\interpreter\linkResolver.cpp, line 838]
Event: 8.229 Thread 0x000002079757b8a0 Implicit null exception at 0x0000020787d2e354 to 0x0000020787d2e4fc
Event: 8.229 Thread 0x000002079757b8a0 Implicit null exception at 0x0000020787d26701 to 0x0000020787d26e34
Event: 8.343 Thread 0x000002079757b8a0 Implicit null exception at 0x0000020787cbeb0c to 0x0000020787cbec3e
Event: 8.448 Thread 0x000002079757b8a0 Exception <a 'sun/nio/fs/WindowsException'{0x000000008cf1b300}> (0x000000008cf1b300) 
thrown [s\src\hotspot\share\prims\jni.cpp, line 517]
Event: 8.838 Thread 0x000002079757b8a0 Implicit null exception at 0x0000020787cb5348 to 0x0000020787cb5408

VM Operations (20 events):
Event: 8.999 Executing VM operation: G1Concurrent
Event: 8.999 Executing VM operation: G1Concurrent done
Event: 9.229 Executing VM operation: G1CollectForAllocation
Event: 9.232 Executing VM operation: G1CollectForAllocation done
Event: 9.432 Executing VM operation: HandshakeAllThreads
Event: 9.432 Executing VM operation: HandshakeAllThreads done
Event: 9.471 Executing VM operation: ICBufferFull
Event: 9.471 Executing VM operation: ICBufferFull done
Event: 9.504 Executing VM operation: G1CollectForAllocation
Event: 9.508 Executing VM operation: G1CollectForAllocation done
Event: 9.525 Executing VM operation: G1Concurrent
Event: 9.528 Executing VM operation: G1Concurrent done
Event: 9.536 Executing VM operation: G1Concurrent
Event: 9.536 Executing VM operation: G1Concurrent done
Event: 9.617 Executing VM operation: G1TryInitiateConcMark
Event: 9.621 Executing VM operation: G1TryInitiateConcMark done
Event: 9.638 Executing VM operation: G1Concurrent
Event: 9.642 Executing VM operation: G1Concurrent done
Event: 9.650 Executing VM operation: G1Concurrent
Event: 9.651 Executing VM operation: G1Concurrent done

Events (20 events):
Event: 8.445 loading class java/security/KeyStore$ProtectionParameter
Event: 8.445 loading class java/security/KeyStore$ProtectionParameter done
Event: 8.448 loading class sun/nio/fs/WindowsException
Event: 8.448 loading class sun/nio/fs/WindowsException done
Event: 8.701 loading class java/security/KeyStore
Event: 8.701 loading class java/security/KeyStore done
Event: 8.701 loading class java/security/KeyStore$1
Event: 8.701 loading class java/security/KeyStore$1 done
Event: 8.790 loading class javax/xml/stream/XMLStreamException
Event: 8.790 loading class javax/xml/stream/XMLStreamException done
Event: 8.810 loading class sun/reflect/annotation/AnnotationInvocationHandler$1
Event: 8.810 loading class sun/reflect/annotation/AnnotationInvocationHandler$1 done
Event: 9.243 loading class java/util/ArrayList$SubList$1
Event: 9.244 loading class java/util/ArrayList$SubList$1 done
Event: 9.386 loading class jdk/internal/loader/URLClassPath$FileLoader
Event: 9.386 loading class jdk/internal/loader/URLClassPath$FileLoader done
Event: 9.387 loading class jdk/internal/loader/URLClassPath$FileLoader$1
Event: 9.387 loading class jdk/internal/loader/URLClassPath$FileLoader$1 done
Event: 9.634 loading class sun/reflect/generics/repository/FieldRepository
Event: 9.634 loading class sun/reflect/generics/repository/FieldRepository done


Dynamic libraries:
0x00007ff62af90000 - 0x00007ff62af9a000 	C:\BTS\ANDROID\android-studio-girafe\android-studio-2022.3.1.19-windows\android-studio\jbr\bin\java.exe
0x00007ffa9a340000 - 0x00007ffa9a5a3000 	C:\WINDOWS\SYSTEM32\ntdll.dll
0x00007ffa99770000 - 0x00007ffa99837000 	C:\WINDOWS\System32\KERNEL32.DLL
0x00007ffa97b40000 - 0x00007ffa97f07000 	C:\WINDOWS\System32\KERNELBASE.dll
0x00007ffa97470000 - 0x00007ffa975bc000 	C:\Windows\system32\hmpalert.dll
0x00007ffa978c0000 - 0x00007ffa97a0c000 	C:\WINDOWS\System32\ucrtbase.dll
0x00007ffa50cf0000 - 0x00007ffa50d07000 	C:\BTS\ANDROID\android-studio-girafe\android-studio-2022.3.1.19-windows\android-studio\jbr\bin\jli.dll
0x00007ffa91b00000 - 0x00007ffa91b1b000 	C:\BTS\ANDROID\android-studio-girafe\android-studio-2022.3.1.19-windows\android-studio\jbr\bin\VCRUNTIME140.dll
0x00007ffa99500000 - 0x00007ffa996c9000 	C:\WINDOWS\System32\USER32.dll
0x00007ffa98140000 - 0x00007ffa98167000 	C:\WINDOWS\System32\win32u.dll
0x00007ffa98b70000 - 0x00007ffa98b9a000 	C:\WINDOWS\System32\GDI32.dll
0x00007ffa976d0000 - 0x00007ffa977fb000 	C:\WINDOWS\System32\gdi32full.dll
0x00007ffa98090000 - 0x00007ffa98133000 	C:\WINDOWS\System32\msvcp_win.dll
0x00007ffa75110000 - 0x00007ffa753a0000 	C:\WINDOWS\WinSxS\amd64_microsoft.windows.common-controls_6595b64144ccf1df_6.0.26100.2702_none_3e069454e335fc5e\COMCTL32.dll
0x00007ffa998a0000 - 0x00007ffa99949000 	C:\WINDOWS\System32\msvcrt.dll
0x00007ffa996d0000 - 0x00007ffa996ff000 	C:\WINDOWS\System32\IMM32.DLL
0x00007ffa86070000 - 0x00007ffa8607c000 	C:\BTS\ANDROID\android-studio-girafe\android-studio-2022.3.1.19-windows\android-studio\jbr\bin\vcruntime140_1.dll
0x00007ffa60950000 - 0x00007ffa609dd000 	C:\BTS\ANDROID\android-studio-girafe\android-studio-2022.3.1.19-windows\android-studio\jbr\bin\msvcp140.dll
0x00007ffa3b4a0000 - 0x00007ffa3c10e000 	C:\BTS\ANDROID\android-studio-girafe\android-studio-2022.3.1.19-windows\android-studio\jbr\bin\server\jvm.dll
0x00007ffa98870000 - 0x00007ffa98923000 	C:\WINDOWS\System32\ADVAPI32.dll
0x00007ffa98180000 - 0x00007ffa98226000 	C:\WINDOWS\System32\sechost.dll
0x00007ffa989d0000 - 0x00007ffa98ae6000 	C:\WINDOWS\System32\RPCRT4.dll
0x00007ffa94710000 - 0x00007ffa94746000 	C:\WINDOWS\SYSTEM32\WINMM.dll
0x00007ffa88490000 - 0x00007ffa8849b000 	C:\WINDOWS\SYSTEM32\VERSION.dll
0x00007ffa87f10000 - 0x00007ffa87f1a000 	C:\WINDOWS\SYSTEM32\WSOCK32.dll
0x00007ffa98af0000 - 0x00007ffa98b64000 	C:\WINDOWS\System32\WS2_32.dll
0x00007ffa96370000 - 0x00007ffa9638a000 	C:\WINDOWS\SYSTEM32\kernel.appcore.dll
0x00007ffa91ce0000 - 0x00007ffa91cea000 	C:\BTS\ANDROID\android-studio-girafe\android-studio-2022.3.1.19-windows\android-studio\jbr\bin\jimage.dll
0x00007ffa94bd0000 - 0x00007ffa94e11000 	C:\WINDOWS\SYSTEM32\DBGHELP.DLL
0x00007ffa99960000 - 0x00007ffa99cde000 	C:\WINDOWS\System32\combase.dll
0x00007ffa99ff0000 - 0x00007ffa9a0c6000 	C:\WINDOWS\System32\OLEAUT32.dll
0x00007ffa83fc0000 - 0x00007ffa83ff9000 	C:\WINDOWS\SYSTEM32\dbgcore.DLL
0x00007ffa97a10000 - 0x00007ffa97aa9000 	C:\WINDOWS\System32\bcryptPrimitives.dll
0x00007ffa86a90000 - 0x00007ffa86ab5000 	C:\BTS\ANDROID\android-studio-girafe\android-studio-2022.3.1.19-windows\android-studio\jbr\bin\java.dll
0x00007ffa866f0000 - 0x00007ffa86708000 	C:\BTS\ANDROID\android-studio-girafe\android-studio-2022.3.1.19-windows\android-studio\jbr\bin\zip.dll
0x00007ffa98c50000 - 0x00007ffa9935b000 	C:\WINDOWS\System32\SHELL32.dll
0x00007ffa95040000 - 0x00007ffa9587d000 	C:\WINDOWS\SYSTEM32\windows.storage.dll
0x00007ffa99cf0000 - 0x00007ffa99dda000 	C:\WINDOWS\System32\SHCORE.dll
0x00007ffa99710000 - 0x00007ffa9976d000 	C:\WINDOWS\System32\shlwapi.dll
0x00007ffa975e0000 - 0x00007ffa9760e000 	C:\WINDOWS\SYSTEM32\profapi.dll
0x00007ffa866d0000 - 0x00007ffa866e9000 	C:\BTS\ANDROID\android-studio-girafe\android-studio-2022.3.1.19-windows\android-studio\jbr\bin\net.dll
0x00007ffa8e1d0000 - 0x00007ffa8e2ee000 	C:\WINDOWS\SYSTEM32\WINHTTP.dll
0x00007ffa96860000 - 0x00007ffa968c8000 	C:\WINDOWS\system32\mswsock.dll
0x00007ffa866b0000 - 0x00007ffa866c6000 	C:\BTS\ANDROID\android-studio-girafe\android-studio-2022.3.1.19-windows\android-studio\jbr\bin\nio.dll
0x00007ffa86650000 - 0x00007ffa86660000 	C:\BTS\ANDROID\android-studio-girafe\android-studio-2022.3.1.19-windows\android-studio\jbr\bin\verify.dll
0x00007ffa2a7a0000 - 0x00007ffa2a7c7000 	C:\Users\svo\.gradle\native\68d5fa5c4cc2d200863cafc0d521ce42e7d3e7ee720ec0a83991735586a16f82\windows-amd64\native-platform.dll
0x00007ffa5d6b0000 - 0x00007ffa5d7f4000 	C:\Users\svo\.gradle\native\e376f236ea51e6404a007f0833ffe2c6e607c4080706a723a18a27aeea778392\windows-amd64\native-platform-file-events.dll
0x00007ffa86640000 - 0x00007ffa86649000 	C:\BTS\ANDROID\android-studio-girafe\android-studio-2022.3.1.19-windows\android-studio\jbr\bin\management.dll
0x00007ffa74900000 - 0x00007ffa7490b000 	C:\BTS\ANDROID\android-studio-girafe\android-studio-2022.3.1.19-windows\android-studio\jbr\bin\management_ext.dll
0x00007ffa98860000 - 0x00007ffa98868000 	C:\WINDOWS\System32\PSAPI.DLL
0x00007ffa96c10000 - 0x00007ffa96c2c000 	C:\WINDOWS\SYSTEM32\CRYPTSP.dll
0x00007ffa962d0000 - 0x00007ffa96308000 	C:\WINDOWS\system32\rsaenh.dll
0x00007ffa96900000 - 0x00007ffa9692b000 	C:\WINDOWS\SYSTEM32\USERENV.dll
0x00007ffa96da0000 - 0x00007ffa96dc6000 	C:\WINDOWS\SYSTEM32\bcrypt.dll
0x00007ffa96a90000 - 0x00007ffa96a9c000 	C:\WINDOWS\SYSTEM32\CRYPTBASE.dll
0x00007ffa95b30000 - 0x00007ffa95b63000 	C:\WINDOWS\SYSTEM32\IPHLPAPI.DLL
0x00007ffa98170000 - 0x00007ffa9817a000 	C:\WINDOWS\System32\NSI.dll
0x00007ffa8e460000 - 0x00007ffa8e47e000 	C:\WINDOWS\SYSTEM32\dhcpcsvc6.DLL
0x00007ffa8e430000 - 0x00007ffa8e455000 	C:\WINDOWS\SYSTEM32\dhcpcsvc.DLL
0x00007ffa95b70000 - 0x00007ffa95c95000 	C:\WINDOWS\SYSTEM32\DNSAPI.dll
0x00007ffa5beb0000 - 0x00007ffa5beb8000 	C:\WINDOWS\system32\wshunix.dll

dbghelp: loaded successfully - version: 4.0.5 - missing functions: none
symbol engine: initialized successfully - sym options: 0x614 - pdb path: .;C:\BTS\ANDROID\android-studio-girafe\android-studio-2022.3.1.19-windows\android-studio\jbr\bin;C:\WINDOWS\SYSTEM32;C:\WINDOWS\WinSxS\amd64_microsoft.windows.common-controls_6595b64144ccf1df_6.0.26100.2702_none_3e069454e335fc5e;C:\BTS\ANDROID\android-studio-girafe\android-studio-2022.3.1.19-windows\android-studio\jbr\bin\server;C:\Users\svo\.gradle\native\68d5fa5c4cc2d200863cafc0d521ce42e7d3e7ee720ec0a83991735586a16f82\windows-amd64;C:\Users\svo\.gradle\native\e376f236ea51e6404a007f0833ffe2c6e607c4080706a723a18a27aeea778392\windows-amd64

VM Arguments:
jvm_args: --add-opens=java.base/java.util=ALL-UNNAMED --add-opens=java.base/java.lang=ALL-UNNAMED --add-opens=java.base/java.lang.invoke=ALL-UNNAMED --add-opens=java.prefs/java.util.prefs=ALL-UNNAMED --add-opens=java.base/java.nio.charset=ALL-UNNAMED --add-opens=java.base/java.net=ALL-UNNAMED --add-opens=java.base/java.util.concurrent.atomic=ALL-UNNAMED -Xmx2048m -Dfile.encoding=UTF-8 -Duser.country=FR -Duser.language=fr -Duser.variant 
java_command: org.gradle.launcher.daemon.bootstrap.GradleDaemon 8.0
java_class_path (initial): C:\Users\svo\.gradle\wrapper\dists\gradle-8.0-bin\ca5e32bp14vu59qr306oxotwh\gradle-8.0\lib\gradle-launcher-8.0.jar
Launcher Type: SUN_STANDARD

[Global flags]
     intx CICompilerCount                          = 4                                         {product} {ergonomic}
     uint ConcGCThreads                            = 3                                         {product} {ergonomic}
     uint G1ConcRefinementThreads                  = 10                                        {product} {ergonomic}
   size_t G1HeapRegionSize                         = 1048576                                   {product} {ergonomic}
    uintx GCDrainStackTargetSize                   = 64                                        {product} {ergonomic}
   size_t InitialHeapSize                          = 264241152                                 {product} {ergonomic}
   size_t MarkStackSize                            = 4194304                                   {product} {ergonomic}
   size_t MaxHeapSize                              = 2147483648                                {product} {command line}
   size_t MaxNewSize                               = 1287651328                                {product} {ergonomic}
   size_t MinHeapDeltaBytes                        = 1048576                                   {product} {ergonomic}
   size_t MinHeapSize                              = 8388608                                   {product} {ergonomic}
    uintx NonNMethodCodeHeapSize                   = 5839372                                {pd product} {ergonomic}
    uintx NonProfiledCodeHeapSize                  = 122909434                              {pd product} {ergonomic}
    uintx ProfiledCodeHeapSize                     = 122909434                              {pd product} {ergonomic}
    uintx ReservedCodeCacheSize                    = 251658240                              {pd product} {ergonomic}
     bool SegmentedCodeCache                       = true                                      {product} {ergonomic}
   size_t SoftMaxHeapSize                          = 2147483648                             {manageable} {ergonomic}
     bool UseCompressedClassPointers               = true                           {product lp64_product} {ergonomic}
     bool UseCompressedOops                        = true                           {product lp64_product} {ergonomic}
     bool UseG1GC                                  = true                                      {product} {ergonomic}
     bool UseLargePagesIndividualAllocation        = false                                  {pd product} {ergonomic}

Logging:
Log output configuration:
 #0: stdout all=warning uptime,level,tags
 #1: stderr all=off uptime,level,tags

Environment Variables:
PATH=C:\Program Files\Common Files\Oracle\Java\javapath;C:\Program Files (x86)\Common Files\Oracle\Java\java8path;C:\Program Files (x86)\Common Files\Oracle\Java\javapath;C:\WINDOWS\system32;C:\WINDOWS;C:\WINDOWS\System32\Wbem;C:\WINDOWS\System32\WindowsPowerShell\v1.0\;C:\WINDOWS\System32\OpenSSH\;C:\Users\svo\AppData\Local\Microsoft\WindowsApps;C:\BTS\PortableApps\openlogic-openjdk-17.0.8+7-windows-x64\openlogic-openjdk-17.0.8+7-windows-x64\bin;C:\Users\svo\AppData\Local\ComposerSetup\bin;C:\Users\svo\AppData\Roaming\Composer\vendor\bin;C:\BTS\DEV\Xampp Laravell\xampp\php;C:\BTS\DEV\node-v18.15.0-win-x64;C:\BTS\Nodejs\node-v20.17.0-win-x64;C:\BTS\Git\bin;
USERNAME=SVO
OS=Windows_NT
PROCESSOR_IDENTIFIER=Intel64 Family 6 Model 154 Stepping 4, GenuineIntel
TMP=C:\Users\svo\AppData\Local\Temp
TEMP=C:\Users\svo\AppData\Local\Temp


JNI global refs:
JNI global refs: 26, weak refs: 2

JNI global refs memory usage: 843, weak refs: 841


---------------  S Y S T E M  ---------------

OS:
 Windows 11 , 64 bit Build 26100 (10.0.26100.2992)
OS uptime: 0 days 18:02 hours
Hyper-V role detected

CPU: total 12 (initial active 12) (6 cores per cpu, 2 threads per core) family 6 model 154 stepping 4 microcode 0x435, cx8, cmov, fxsr, ht, mmx, 3dnowpref, sse, sse2, sse3, ssse3, sse4.1, sse4.2, popcnt, lzcnt, tsc, tscinvbit, avx, avx2, aes, erms, clmul, bmi1, bmi2, adx, sha, fma, vzeroupper, clflush, clflushopt, clwb, hv

Memory: 4k page, system-wide physical 16016M (1453M free)
TotalPageFile size 20016M (AvailPageFile size 24M)
current process WorkingSet (physical memory assigned to process): 322M, peak: 342M
current process commit charge ("private bytes"): 384M, peak: 401M

vm_info: OpenJDK 64-Bit Server VM (17.0.6+0-b2043.56-10027231) for windows-amd64 JRE (17.0.6+0-b2043.56-10027231), built on Apr 28 2023 00:43:19 by "androidbuild" with MS VC++ 16.10 / 16.11 (VS2019)

END.
