#
# There is insufficient memory for the Java Runtime Environment to continue.
# Native memory allocation (malloc) failed to allocate 880976 bytes for Chunk::new
# Possible reasons:
#   The system is out of physical RAM or swap space
#   The process is running with CompressedOops enabled, and the Java Heap may be blocking the growth of the native heap
# Possible solutions:
#   Reduce memory load on the system
#   Increase physical memory or swap space
#   Check if swap backing store is full
#   Decrease Java heap size (-Xmx/-Xms)
#   Decrease number of Java threads
#   Decrease Java thread stack sizes (-Xss)
#   Set larger code cache with -XX:ReservedCodeCacheSize=
#   JVM is running with Unscaled Compressed Oops mode in which the Java heap is
#     placed in the first 4GB address space. The Java Heap base address is the
#     maximum limit for the native heap growth. Please use -XX:HeapBaseMinAddress
#     to set the Java Heap base and to place the Java Heap above 4GB virtual address.
# This output file may be truncated or incomplete.
#
#  Out of Memory Error (arena.cpp:189), pid=4660, tid=22492
#
# JRE version: OpenJDK Runtime Environment (17.0.6) (build 17.0.6+0-b2043.56-10027231)
# Java VM: OpenJDK 64-Bit Server VM (17.0.6+0-b2043.56-10027231, mixed mode, tiered, compressed oops, compressed class ptrs, g1 gc, windows-amd64)
# No core dump will be written. Minidumps are not enabled by default on client versions of Windows
#

---------------  S U M M A R Y ------------

Command Line: --add-opens=java.base/java.util=ALL-UNNAMED --add-opens=java.base/java.lang=ALL-UNNAMED --add-opens=java.base/java.lang.invoke=ALL-UNNAMED --add-opens=java.prefs/java.util.prefs=ALL-UNNAMED --add-opens=java.base/java.nio.charset=ALL-UNNAMED --add-opens=java.base/java.net=ALL-UNNAMED --add-opens=java.base/java.util.concurrent.atomic=ALL-UNNAMED -Xmx2048m -Dfile.encoding=UTF-8 -Duser.country=FR -Duser.language=fr -Duser.variant org.gradle.launcher.daemon.bootstrap.GradleDaemon 8.0

Host: 12th Gen Intel(R) Core(TM) i7-1255U, 12 cores, 15G,  Windows 11 , 64 bit Build 26100 (10.0.26100.2992)
Time: Wed Mar 19 15:18:00 2025 Paris, Madrid elapsed time: 42.794049 seconds (0d 0h 0m 42s)

---------------  T H R E A D  ---------------

Current thread (0x000001dc2b3c9c50):  JavaThread "C2 CompilerThread1" daemon [_thread_in_native, id=22492, stack(0x00000054cb700000,0x00000054cb800000)]


Current CompileTask:
C2:  42794 11608       4       org.gradle.internal.service.DefaultServiceRegistry$SingletonService::get (5 bytes)

Stack: [0x00000054cb700000,0x00000054cb800000]
Native frames: (J=compiled Java code, j=interpreted, Vv=VM code, C=native code)
V  [jvm.dll+0x683c9a]
V  [jvm.dll+0x8427a4]
V  [jvm.dll+0x843f9e]
V  [jvm.dll+0x844603]
V  [jvm.dll+0x249b75]
V  [jvm.dll+0xabcac]
V  [jvm.dll+0xac27c]
V  [jvm.dll+0x2b0eef]
V  [jvm.dll+0x58a267]
V  [jvm.dll+0x2243b2]
V  [jvm.dll+0x21d8bf]
V  [jvm.dll+0x21b51b]
V  [jvm.dll+0x1a4fdd]
V  [jvm.dll+0x22b098]
V  [jvm.dll+0x229159]
V  [jvm.dll+0x7f81ec]
V  [jvm.dll+0x7f274a]
V  [jvm.dll+0x682ad5]
C  [ucrtbase.dll+0x37b0]
C  [KERNEL32.DLL+0x2e8d7]
C  [ntdll.dll+0xbbf6c]


---------------  P R O C E S S  ---------------

Threads class SMR info:
_java_thread_list=0x000001dc304e4e70, length=51, elements={
0x000001dc0fde81d0, 0x000001dc2ac7b260, 0x000001dc2ac7bd20, 0x000001dc2ac9d3a0,
0x000001dc2aca1d80, 0x000001dc2aca2640, 0x000001dc2aca3310, 0x000001dc2aca3f00,
0x000001dc2aca48b0, 0x000001dc2aca51b0, 0x000001dc2ae3ae20, 0x000001dc2ae3b2f0,
0x000001dc2d8b8f50, 0x000001dc2d540df0, 0x000001dc2c50da70, 0x000001dc2c1343d0,
0x000001dc2d85bd40, 0x000001dc2c47b460, 0x000001dc2c478440, 0x000001dc2c478de0,
0x000001dc2c478910, 0x000001dc2c47a5f0, 0x000001dc2c479780, 0x000001dc2c47aac0,
0x000001dc2c477f70, 0x000001dc2e986a20, 0x000001dc2e9890a0, 0x000001dc2e989570,
0x000001dc2e987d60, 0x000001dc2e989f10, 0x000001dc342cb910, 0x000001dc342ca100,
0x000001dc342cbde0, 0x000001dc342cc780, 0x000001dc342cc2b0, 0x000001dc342cd5f0,
0x000001dc342c9c30, 0x000001dc342ce460, 0x000001dc342d0ae0, 0x000001dc33e93530,
0x000001dc33e956e0, 0x000001dc33e93a00, 0x000001dc33e96ef0, 0x000001dc33e96a20,
0x000001dc2b3c9c50, 0x000001dc2b3cbfc0, 0x000001dc33e973c0, 0x000001dc33e96550,
0x000001dc33e943a0, 0x000001dc33e98230, 0x000001dc33e94870
}

Java Threads: ( => current thread )
  0x000001dc0fde81d0 JavaThread "main" [_thread_blocked, id=22424, stack(0x00000054c8800000,0x00000054c8900000)]
  0x000001dc2ac7b260 JavaThread "Reference Handler" daemon [_thread_blocked, id=22752, stack(0x00000054c8f00000,0x00000054c9000000)]
  0x000001dc2ac7bd20 JavaThread "Finalizer" daemon [_thread_blocked, id=22048, stack(0x00000054c9000000,0x00000054c9100000)]
  0x000001dc2ac9d3a0 JavaThread "Signal Dispatcher" daemon [_thread_blocked, id=18624, stack(0x00000054c9100000,0x00000054c9200000)]
  0x000001dc2aca1d80 JavaThread "Attach Listener" daemon [_thread_blocked, id=20948, stack(0x00000054c9200000,0x00000054c9300000)]
  0x000001dc2aca2640 JavaThread "Service Thread" daemon [_thread_blocked, id=18172, stack(0x00000054c9300000,0x00000054c9400000)]
  0x000001dc2aca3310 JavaThread "Monitor Deflation Thread" daemon [_thread_blocked, id=18752, stack(0x00000054c9400000,0x00000054c9500000)]
  0x000001dc2aca3f00 JavaThread "C2 CompilerThread0" daemon [_thread_in_native, id=11684, stack(0x00000054c9500000,0x00000054c9600000)]
  0x000001dc2aca48b0 JavaThread "C1 CompilerThread0" daemon [_thread_in_native, id=6488, stack(0x00000054c9600000,0x00000054c9700000)]
  0x000001dc2aca51b0 JavaThread "Sweeper thread" daemon [_thread_blocked, id=28340, stack(0x00000054c9700000,0x00000054c9800000)]
  0x000001dc2ae3ae20 JavaThread "Common-Cleaner" daemon [_thread_blocked, id=18440, stack(0x00000054c9800000,0x00000054c9900000)]
  0x000001dc2ae3b2f0 JavaThread "Notification Thread" daemon [_thread_blocked, id=10632, stack(0x00000054c9900000,0x00000054c9a00000)]
  0x000001dc2d8b8f50 JavaThread "Daemon health stats" [_thread_blocked, id=13296, stack(0x00000054ca100000,0x00000054ca200000)]
  0x000001dc2d540df0 JavaThread "Incoming local TCP Connector on port 51052" [_thread_in_native, id=25128, stack(0x00000054ca200000,0x00000054ca300000)]
  0x000001dc2c50da70 JavaThread "Daemon periodic checks" [_thread_blocked, id=27048, stack(0x00000054ca300000,0x00000054ca400000)]
  0x000001dc2c1343d0 JavaThread "Daemon" [_thread_blocked, id=26676, stack(0x00000054ca400000,0x00000054ca500000)]
  0x000001dc2d85bd40 JavaThread "Daemon worker" [_thread_in_Java, id=9304, stack(0x00000054ca700000,0x00000054ca800000)]
  0x000001dc2c47b460 JavaThread "Cache worker for journal cache (C:\Users\svo\.gradle\caches\journal-1)" [_thread_blocked, id=11220, stack(0x00000054cb100000,0x00000054cb200000)]
  0x000001dc2c478440 JavaThread "File lock request listener" [_thread_in_native, id=15648, stack(0x00000054cb200000,0x00000054cb300000)]
  0x000001dc2c478de0 JavaThread "Cache worker for file hash cache (C:\Users\svo\.gradle\caches\8.0\fileHashes)" [_thread_blocked, id=28028, stack(0x00000054cb300000,0x00000054cb400000)]
  0x000001dc2c478910 JavaThread "File watcher server" daemon [_thread_in_native, id=16820, stack(0x00000054cb400000,0x00000054cb500000)]
  0x000001dc2c47a5f0 JavaThread "File watcher consumer" daemon [_thread_blocked, id=21708, stack(0x00000054cb500000,0x00000054cb600000)]
  0x000001dc2c479780 JavaThread "Cache worker for file content cache (C:\Users\svo\.gradle\caches\8.0\fileContent)" [_thread_blocked, id=16800, stack(0x00000054cb800000,0x00000054cb900000)]
  0x000001dc2c47aac0 JavaThread "Cache worker for execution history cache (C:\Users\svo\.gradle\caches\8.0\executionHistory)" [_thread_blocked, id=24196, stack(0x00000054cbb00000,0x00000054cbc00000)]
  0x000001dc2c477f70 JavaThread "jar transforms" [_thread_blocked, id=9376, stack(0x00000054cbc00000,0x00000054cbd00000)]
  0x000001dc2e986a20 JavaThread "jar transforms Thread 2" [_thread_blocked, id=25888, stack(0x00000054cbd00000,0x00000054cbe00000)]
  0x000001dc2e9890a0 JavaThread "Cache worker for kotlin-dsl (C:\Users\svo\.gradle\caches\8.0\kotlin-dsl)" [_thread_blocked, id=12804, stack(0x00000054cbf00000,0x00000054cc000000)]
  0x000001dc2e989570 JavaThread "jar transforms Thread 3" [_thread_blocked, id=25716, stack(0x00000054cc000000,0x00000054cc100000)]
  0x000001dc2e987d60 JavaThread "jar transforms Thread 4" [_thread_blocked, id=15968, stack(0x00000054cc100000,0x00000054cc200000)]
  0x000001dc2e989f10 JavaThread "jar transforms Thread 5" [_thread_blocked, id=9624, stack(0x00000054cc400000,0x00000054cc500000)]
  0x000001dc342cb910 JavaThread "jar transforms Thread 6" [_thread_blocked, id=25000, stack(0x00000054d3d00000,0x00000054d3e00000)]
  0x000001dc342ca100 JavaThread "jar transforms Thread 7" [_thread_blocked, id=24452, stack(0x00000054d3e00000,0x00000054d3f00000)]
  0x000001dc342cbde0 JavaThread "jar transforms Thread 8" [_thread_blocked, id=19308, stack(0x00000054d3f00000,0x00000054d4000000)]
  0x000001dc342cc780 JavaThread "jar transforms Thread 9" [_thread_blocked, id=5380, stack(0x00000054d4000000,0x00000054d4100000)]
  0x000001dc342cc2b0 JavaThread "jar transforms Thread 10" [_thread_blocked, id=20608, stack(0x00000054d4100000,0x00000054d4200000)]
  0x000001dc342cd5f0 JavaThread "jar transforms Thread 11" [_thread_blocked, id=13516, stack(0x00000054d4200000,0x00000054d4300000)]
  0x000001dc342c9c30 JavaThread "jar transforms Thread 12" [_thread_blocked, id=20960, stack(0x00000054d4300000,0x00000054d4400000)]
  0x000001dc342ce460 JavaThread "Memory manager" [_thread_blocked, id=16616, stack(0x00000054d4500000,0x00000054d4600000)]
  0x000001dc342d0ae0 JavaThread "included builds" [_thread_blocked, id=27980, stack(0x00000054d4700000,0x00000054d4800000)]
  0x000001dc33e93530 JavaThread "Handler for socket connection from /127.0.0.1:51052 to /127.0.0.1:51071" [_thread_in_native, id=10496, stack(0x00000054ca600000,0x00000054ca700000)]
  0x000001dc33e956e0 JavaThread "Cancel handler" [_thread_blocked, id=5716, stack(0x00000054ca800000,0x00000054ca900000)]
  0x000001dc33e93a00 JavaThread "Asynchronous log dispatcher for DefaultDaemonConnection: socket connection from /127.0.0.1:51052 to /127.0.0.1:51071" [_thread_blocked, id=1096, stack(0x00000054ca900000,0x00000054caa00000)]
  0x000001dc33e96ef0 JavaThread "Stdin handler" [_thread_blocked, id=25928, stack(0x00000054caa00000,0x00000054cab00000)]
  0x000001dc33e96a20 JavaThread "Daemon client event forwarder" [_thread_blocked, id=22040, stack(0x00000054cb600000,0x00000054cb700000)]
=>0x000001dc2b3c9c50 JavaThread "C2 CompilerThread1" daemon [_thread_in_native, id=22492, stack(0x00000054cb700000,0x00000054cb800000)]
  0x000001dc2b3cbfc0 JavaThread "C2 CompilerThread2" daemon [_thread_in_native, id=15372, stack(0x00000054cb900000,0x00000054cba00000)]
  0x000001dc33e973c0 JavaThread "Cache worker for checksums cache (C:\BTS\ANDROID\WkRFTG\ApplicationRFTG\.gradle\8.0\checksums)" [_thread_blocked, id=27296, stack(0x00000054cba00000,0x00000054cbb00000)]
  0x000001dc33e96550 JavaThread "Cache worker for cache directory md-rule (C:\Users\svo\.gradle\caches\8.0\md-rule)" [_thread_blocked, id=6480, stack(0x00000054cbe00000,0x00000054cbf00000)]
  0x000001dc33e943a0 JavaThread "Cache worker for file hash cache (C:\BTS\ANDROID\WkRFTG\ApplicationRFTG\.gradle\8.0\fileHashes)" [_thread_blocked, id=27216, stack(0x00000054cc200000,0x00000054cc300000)]
  0x000001dc33e98230 JavaThread "Cache worker for cache directory md-supplier (C:\Users\svo\.gradle\caches\8.0\md-supplier)" [_thread_blocked, id=11808, stack(0x00000054cc300000,0x00000054cc400000)]
  0x000001dc33e94870 JavaThread "Cache worker for dependencies-accessors (C:\BTS\ANDROID\WkRFTG\ApplicationRFTG\.gradle\8.0\dependencies-accessors)" [_thread_blocked, id=4376, stack(0x00000054cc500000,0x00000054cc600000)]

Other Threads:
  0x000001dc2ac551b0 VMThread "VM Thread" [stack: 0x00000054c8e00000,0x00000054c8f00000] [id=27088]
  0x000001dc0fe6e280 WatcherThread [stack: 0x00000054c9a00000,0x00000054c9b00000] [id=19140]
  0x000001dc0fe472d0 GCTaskThread "GC Thread#0" [stack: 0x00000054c8900000,0x00000054c8a00000] [id=25320]
  0x000001dc2aff0d70 GCTaskThread "GC Thread#1" [stack: 0x00000054c9c00000,0x00000054c9d00000] [id=5056]
  0x000001dc2aff1020 GCTaskThread "GC Thread#2" [stack: 0x00000054c9d00000,0x00000054c9e00000] [id=6700]
  0x000001dc2aff12d0 GCTaskThread "GC Thread#3" [stack: 0x00000054c9e00000,0x00000054c9f00000] [id=21328]
  0x000001dc2aff1580 GCTaskThread "GC Thread#4" [stack: 0x00000054c9f00000,0x00000054ca000000] [id=25496]
  0x000001dc2bc5f7e0 GCTaskThread "GC Thread#5" [stack: 0x00000054ca000000,0x00000054ca100000] [id=25592]
  0x000001dc2d22f020 GCTaskThread "GC Thread#6" [stack: 0x00000054cab00000,0x00000054cac00000] [id=28256]
  0x000001dc2d22f2d0 GCTaskThread "GC Thread#7" [stack: 0x00000054cac00000,0x00000054cad00000] [id=19248]
  0x000001dc2d587720 GCTaskThread "GC Thread#8" [stack: 0x00000054cad00000,0x00000054cae00000] [id=9124]
  0x000001dc2e3e84e0 GCTaskThread "GC Thread#9" [stack: 0x00000054cae00000,0x00000054caf00000] [id=27188]
  0x000001dc0fe58120 ConcurrentGCThread "G1 Main Marker" [stack: 0x00000054c8a00000,0x00000054c8b00000] [id=20580]
  0x000001dc0fe58a40 ConcurrentGCThread "G1 Conc#0" [stack: 0x00000054c8b00000,0x00000054c8c00000] [id=4572]
  0x000001dc2e3e8230 ConcurrentGCThread "G1 Conc#1" [stack: 0x00000054caf00000,0x00000054cb000000] [id=4332]
  0x000001dc2e3e8a40 ConcurrentGCThread "G1 Conc#2" [stack: 0x00000054cb000000,0x00000054cb100000] [id=22608]
  0x000001dc29f4c240 ConcurrentGCThread "G1 Refine#0" [stack: 0x00000054c8c00000,0x00000054c8d00000] [id=11652]
  0x000001dc327e8cd0 ConcurrentGCThread "G1 Refine#1" [stack: 0x00000054d4600000,0x00000054d4700000] [id=27548]
  0x000001dc2d29c440 ConcurrentGCThread "G1 Refine#2" [stack: 0x00000054d5400000,0x00000054d5500000] [id=4824]
  0x000001dc2d29ad40 ConcurrentGCThread "G1 Refine#3" [stack: 0x00000054d5500000,0x00000054d5600000] [id=18516]
  0x000001dc2d29b300 ConcurrentGCThread "G1 Refine#4" [stack: 0x00000054d5600000,0x00000054d5700000] [id=5032]
  0x000001dc29f4c910 ConcurrentGCThread "G1 Service" [stack: 0x00000054c8d00000,0x00000054c8e00000] [id=18348]

Threads with active compile tasks:
C2 CompilerThread0    44875 11615   !   4       org.gradle.internal.instantiation.generator.AsmBackedClassGenerator$InvokeConstructorStrategy::newInstance (66 bytes)
C2 CompilerThread1    44875 11608       4       org.gradle.internal.service.DefaultServiceRegistry$SingletonService::get (5 bytes)
C2 CompilerThread2    44875 11609   !   4       org.gradle.internal.service.DefaultServiceRegistry$ManagedObjectServiceProvider::getInstance (47 bytes)

VM state: not at safepoint (normal execution)

VM Mutex/Monitor currently owned by a thread: None

Heap address: 0x0000000080000000, size: 2048 MB, Compressed Oops mode: 32-bit

CDS archive(s) not mapped
Compressed class space mapped at: 0x0000000100000000-0x0000000140000000, reserved size: 1073741824
Narrow klass base: 0x0000000000000000, Narrow klass shift: 3, Narrow klass range: 0x140000000

GC Precious Log:
 CPUs: 12 total, 12 available
 Memory: 16016M
 Large Page Support: Disabled
 NUMA Support: Disabled
 Compressed Oops: Enabled (32-bit)
 Heap Region Size: 1M
 Heap Min Capacity: 8M
 Heap Initial Capacity: 252M
 Heap Max Capacity: 2G
 Pre-touch: Disabled
 Parallel Workers: 10
 Concurrent Workers: 3
 Concurrent Refinement Workers: 10
 Periodic GC: Disabled

Heap:
 garbage-first heap   total 151552K, used 115888K [0x0000000080000000, 0x0000000100000000)
  region size 1024K, 34 young (34816K), 1 survivors (1024K)
 Metaspace       used 92216K, committed 92928K, reserved 1130496K
  class space    used 12616K, committed 12928K, reserved 1048576K

Heap Regions: E=young(eden), S=young(survivor), O=old, HS=humongous(starts), HC=humongous(continues), CS=collection set, F=free, OA=open archive, CA=closed archive, TAMS=top-at-mark-start (previous, next)
|   0|0x0000000080000000, 0x0000000080100000, 0x0000000080100000|100%|HS|  |TAMS 0x0000000080100000, 0x0000000080000000| Complete 
|   1|0x0000000080100000, 0x0000000080200000, 0x0000000080200000|100%|HC|  |TAMS 0x0000000080200000, 0x0000000080100000| Complete 
|   2|0x0000000080200000, 0x0000000080300000, 0x0000000080300000|100%|HC|  |TAMS 0x0000000080300000, 0x0000000080200000| Complete 
|   3|0x0000000080300000, 0x0000000080400000, 0x0000000080400000|100%|HC|  |TAMS 0x0000000080400000, 0x0000000080300000| Complete 
|   4|0x0000000080400000, 0x0000000080500000, 0x0000000080500000|100%| O|  |TAMS 0x0000000080500000, 0x0000000080400000| Untracked 
|   5|0x0000000080500000, 0x0000000080600000, 0x0000000080600000|100%| O|  |TAMS 0x0000000080600000, 0x0000000080500000| Untracked 
|   6|0x0000000080600000, 0x0000000080700000, 0x0000000080700000|100%| O|  |TAMS 0x0000000080700000, 0x0000000080600000| Untracked 
|   7|0x0000000080700000, 0x0000000080800000, 0x0000000080800000|100%| O|  |TAMS 0x0000000080800000, 0x0000000080700000| Untracked 
|   8|0x0000000080800000, 0x0000000080900000, 0x0000000080900000|100%| O|  |TAMS 0x0000000080900000, 0x0000000080800000| Untracked 
|   9|0x0000000080900000, 0x0000000080a00000, 0x0000000080a00000|100%| O|  |TAMS 0x0000000080a00000, 0x0000000080900000| Untracked 
|  10|0x0000000080a00000, 0x0000000080b00000, 0x0000000080b00000|100%| O|  |TAMS 0x0000000080b00000, 0x0000000080a00000| Untracked 
|  11|0x0000000080b00000, 0x0000000080b00000, 0x0000000080c00000|  0%| F|  |TAMS 0x0000000080b00000, 0x0000000080b00000| Untracked 
|  12|0x0000000080c00000, 0x0000000080d00000, 0x0000000080d00000|100%| O|  |TAMS 0x0000000080d00000, 0x0000000080c00000| Untracked 
|  13|0x0000000080d00000, 0x0000000080e00000, 0x0000000080e00000|100%| O|  |TAMS 0x0000000080e00000, 0x0000000080d00000| Untracked 
|  14|0x0000000080e00000, 0x0000000080f00000, 0x0000000080f00000|100%| O|  |TAMS 0x0000000080f00000, 0x0000000080e00000| Untracked 
|  15|0x0000000080f00000, 0x0000000081000000, 0x0000000081000000|100%| O|  |TAMS 0x0000000081000000, 0x0000000080f00000| Untracked 
|  16|0x0000000081000000, 0x0000000081100000, 0x0000000081100000|100%| O|  |TAMS 0x0000000081100000, 0x0000000081000000| Untracked 
|  17|0x0000000081100000, 0x0000000081200000, 0x0000000081200000|100%| O|  |TAMS 0x0000000081200000, 0x0000000081100000| Untracked 
|  18|0x0000000081200000, 0x0000000081300000, 0x0000000081300000|100%| O|  |TAMS 0x0000000081300000, 0x0000000081200000| Untracked 
|  19|0x0000000081300000, 0x0000000081400000, 0x0000000081400000|100%| O|  |TAMS 0x0000000081400000, 0x0000000081300000| Untracked 
|  20|0x0000000081400000, 0x0000000081500000, 0x0000000081500000|100%| O|  |TAMS 0x0000000081500000, 0x0000000081400000| Untracked 
|  21|0x0000000081500000, 0x0000000081600000, 0x0000000081600000|100%| O|  |TAMS 0x0000000081600000, 0x0000000081500000| Untracked 
|  22|0x0000000081600000, 0x0000000081700000, 0x0000000081700000|100%| O|  |TAMS 0x0000000081700000, 0x0000000081600000| Untracked 
|  23|0x0000000081700000, 0x0000000081800000, 0x0000000081800000|100%| O|  |TAMS 0x0000000081800000, 0x0000000081700000| Untracked 
|  24|0x0000000081800000, 0x0000000081900000, 0x0000000081900000|100%| O|  |TAMS 0x0000000081900000, 0x0000000081800000| Untracked 
|  25|0x0000000081900000, 0x0000000081a00000, 0x0000000081a00000|100%| O|  |TAMS 0x0000000081a00000, 0x0000000081900000| Untracked 
|  26|0x0000000081a00000, 0x0000000081b00000, 0x0000000081b00000|100%| O|  |TAMS 0x0000000081b00000, 0x0000000081a00000| Untracked 
|  27|0x0000000081b00000, 0x0000000081c00000, 0x0000000081c00000|100%| O|  |TAMS 0x0000000081c00000, 0x0000000081b00000| Untracked 
|  28|0x0000000081c00000, 0x0000000081d00000, 0x0000000081d00000|100%| O|  |TAMS 0x0000000081d00000, 0x0000000081c00000| Untracked 
|  29|0x0000000081d00000, 0x0000000081e00000, 0x0000000081e00000|100%| O|  |TAMS 0x0000000081e00000, 0x0000000081d00000| Untracked 
|  30|0x0000000081e00000, 0x0000000081f00000, 0x0000000081f00000|100%| O|  |TAMS 0x0000000081f00000, 0x0000000081e00000| Untracked 
|  31|0x0000000081f00000, 0x0000000082000000, 0x0000000082000000|100%|HS|  |TAMS 0x0000000082000000, 0x0000000081f00000| Complete 
|  32|0x0000000082000000, 0x0000000082100000, 0x0000000082100000|100%|HS|  |TAMS 0x0000000082100000, 0x0000000082000000| Complete 
|  33|0x0000000082100000, 0x0000000082200000, 0x0000000082200000|100%|HS|  |TAMS 0x0000000082200000, 0x0000000082100000| Complete 
|  34|0x0000000082200000, 0x0000000082300000, 0x0000000082300000|100%| O|  |TAMS 0x0000000082300000, 0x0000000082200000| Untracked 
|  35|0x0000000082300000, 0x0000000082400000, 0x0000000082400000|100%| O|  |TAMS 0x0000000082400000, 0x0000000082300000| Untracked 
|  36|0x0000000082400000, 0x0000000082500000, 0x0000000082500000|100%| O|  |TAMS 0x0000000082500000, 0x0000000082400000| Untracked 
|  37|0x0000000082500000, 0x0000000082600000, 0x0000000082600000|100%| O|  |TAMS 0x0000000082600000, 0x0000000082500000| Untracked 
|  38|0x0000000082600000, 0x0000000082700000, 0x0000000082700000|100%| O|  |TAMS 0x0000000082700000, 0x0000000082600000| Untracked 
|  39|0x0000000082700000, 0x0000000082800000, 0x0000000082800000|100%| O|  |TAMS 0x0000000082800000, 0x0000000082700000| Untracked 
|  40|0x0000000082800000, 0x0000000082900000, 0x0000000082900000|100%| O|  |TAMS 0x0000000082900000, 0x0000000082800000| Untracked 
|  41|0x0000000082900000, 0x0000000082a00000, 0x0000000082a00000|100%| O|  |TAMS 0x0000000082a00000, 0x0000000082900000| Untracked 
|  42|0x0000000082a00000, 0x0000000082b00000, 0x0000000082b00000|100%| O|  |TAMS 0x0000000082b00000, 0x0000000082a00000| Untracked 
|  43|0x0000000082b00000, 0x0000000082c00000, 0x0000000082c00000|100%| O|  |TAMS 0x0000000082c00000, 0x0000000082b00000| Untracked 
|  44|0x0000000082c00000, 0x0000000082d00000, 0x0000000082d00000|100%| O|  |TAMS 0x0000000082d00000, 0x0000000082c00000| Untracked 
|  45|0x0000000082d00000, 0x0000000082e00000, 0x0000000082e00000|100%| O|  |TAMS 0x0000000082e00000, 0x0000000082d00000| Untracked 
|  46|0x0000000082e00000, 0x0000000082f00000, 0x0000000082f00000|100%| O|  |TAMS 0x0000000082f00000, 0x0000000082e00000| Untracked 
|  47|0x0000000082f00000, 0x0000000083000000, 0x0000000083000000|100%| O|  |TAMS 0x0000000083000000, 0x0000000082f00000| Untracked 
|  48|0x0000000083000000, 0x0000000083100000, 0x0000000083100000|100%| O|  |TAMS 0x0000000083100000, 0x0000000083000000| Untracked 
|  49|0x0000000083100000, 0x0000000083200000, 0x0000000083200000|100%| O|  |TAMS 0x0000000083200000, 0x0000000083100000| Untracked 
|  50|0x0000000083200000, 0x0000000083300000, 0x0000000083300000|100%| O|  |TAMS 0x0000000083300000, 0x0000000083200000| Untracked 
|  51|0x0000000083300000, 0x0000000083400000, 0x0000000083400000|100%| O|  |TAMS 0x0000000083400000, 0x0000000083300000| Untracked 
|  52|0x0000000083400000, 0x0000000083500000, 0x0000000083500000|100%| O|  |TAMS 0x0000000083500000, 0x0000000083400000| Untracked 
|  53|0x0000000083500000, 0x0000000083600000, 0x0000000083600000|100%| O|  |TAMS 0x0000000083600000, 0x0000000083500000| Untracked 
|  54|0x0000000083600000, 0x0000000083700000, 0x0000000083700000|100%| O|  |TAMS 0x0000000083700000, 0x0000000083600000| Untracked 
|  55|0x0000000083700000, 0x0000000083800000, 0x0000000083800000|100%| O|  |TAMS 0x0000000083800000, 0x0000000083700000| Untracked 
|  56|0x0000000083800000, 0x0000000083900000, 0x0000000083900000|100%| O|  |TAMS 0x0000000083900000, 0x0000000083800000| Untracked 
|  57|0x0000000083900000, 0x0000000083a00000, 0x0000000083a00000|100%| O|  |TAMS 0x0000000083a00000, 0x0000000083900000| Untracked 
|  58|0x0000000083a00000, 0x0000000083b00000, 0x0000000083b00000|100%| O|  |TAMS 0x0000000083b00000, 0x0000000083a00000| Untracked 
|  59|0x0000000083b00000, 0x0000000083c00000, 0x0000000083c00000|100%| O|  |TAMS 0x0000000083c00000, 0x0000000083b00000| Untracked 
|  60|0x0000000083c00000, 0x0000000083d00000, 0x0000000083d00000|100%| O|  |TAMS 0x0000000083d00000, 0x0000000083c00000| Untracked 
|  61|0x0000000083d00000, 0x0000000083e00000, 0x0000000083e00000|100%| O|  |TAMS 0x0000000083e00000, 0x0000000083d00000| Untracked 
|  62|0x0000000083e00000, 0x0000000083f00000, 0x0000000083f00000|100%| O|  |TAMS 0x0000000083f00000, 0x0000000083e00000| Untracked 
|  63|0x0000000083f00000, 0x0000000084000000, 0x0000000084000000|100%| O|  |TAMS 0x0000000084000000, 0x0000000083f00000| Untracked 
|  64|0x0000000084000000, 0x0000000084100000, 0x0000000084100000|100%| O|  |TAMS 0x0000000084100000, 0x0000000084000000| Untracked 
|  65|0x0000000084100000, 0x0000000084200000, 0x0000000084200000|100%| O|  |TAMS 0x0000000084200000, 0x0000000084100000| Untracked 
|  66|0x0000000084200000, 0x0000000084300000, 0x0000000084300000|100%| O|  |TAMS 0x0000000084300000, 0x0000000084200000| Untracked 
|  67|0x0000000084300000, 0x0000000084400000, 0x0000000084400000|100%| O|  |TAMS 0x0000000084400000, 0x0000000084300000| Untracked 
|  68|0x0000000084400000, 0x0000000084500000, 0x0000000084500000|100%| O|  |TAMS 0x0000000084500000, 0x0000000084400000| Untracked 
|  69|0x0000000084500000, 0x0000000084600000, 0x0000000084600000|100%| O|  |TAMS 0x0000000084600000, 0x0000000084500000| Untracked 
|  70|0x0000000084600000, 0x0000000084700000, 0x0000000084700000|100%| O|  |TAMS 0x0000000084700000, 0x0000000084600000| Untracked 
|  71|0x0000000084700000, 0x0000000084800000, 0x0000000084800000|100%| O|  |TAMS 0x0000000084800000, 0x0000000084700000| Untracked 
|  72|0x0000000084800000, 0x0000000084900000, 0x0000000084900000|100%| O|  |TAMS 0x0000000084900000, 0x0000000084800000| Untracked 
|  73|0x0000000084900000, 0x0000000084a00000, 0x0000000084a00000|100%| O|  |TAMS 0x0000000084916000, 0x0000000084900000| Untracked 
|  74|0x0000000084a00000, 0x0000000084b00000, 0x0000000084b00000|100%| O|  |TAMS 0x0000000084a00000, 0x0000000084a00000| Untracked 
|  75|0x0000000084b00000, 0x0000000084c00000, 0x0000000084c00000|100%| O|  |TAMS 0x0000000084b00000, 0x0000000084b00000| Untracked 
|  76|0x0000000084c00000, 0x0000000084d00000, 0x0000000084d00000|100%| O|  |TAMS 0x0000000084c00000, 0x0000000084c00000| Untracked 
|  77|0x0000000084d00000, 0x0000000084e00000, 0x0000000084e00000|100%| O|  |TAMS 0x0000000084d00000, 0x0000000084d00000| Untracked 
|  78|0x0000000084e00000, 0x0000000084f00000, 0x0000000084f00000|100%| O|  |TAMS 0x0000000084e00000, 0x0000000084e00000| Untracked 
|  79|0x0000000084f00000, 0x0000000085000000, 0x0000000085000000|100%| O|  |TAMS 0x0000000084f00000, 0x0000000084f00000| Untracked 
|  80|0x0000000085000000, 0x0000000085100000, 0x0000000085100000|100%| O|  |TAMS 0x0000000085000000, 0x0000000085000000| Untracked 
|  81|0x0000000085100000, 0x0000000085200000, 0x0000000085200000|100%| O|  |TAMS 0x0000000085100000, 0x0000000085100000| Untracked 
|  82|0x0000000085200000, 0x000000008528dc00, 0x0000000085300000| 55%| O|  |TAMS 0x0000000085200000, 0x0000000085200000| Untracked 
|  83|0x0000000085300000, 0x0000000085300000, 0x0000000085400000|  0%| F|  |TAMS 0x0000000085300000, 0x0000000085300000| Untracked 
|  84|0x0000000085400000, 0x0000000085400000, 0x0000000085500000|  0%| F|  |TAMS 0x0000000085400000, 0x0000000085400000| Untracked 
|  85|0x0000000085500000, 0x0000000085500000, 0x0000000085600000|  0%| F|  |TAMS 0x0000000085500000, 0x0000000085500000| Untracked 
|  86|0x0000000085600000, 0x0000000085600000, 0x0000000085700000|  0%| F|  |TAMS 0x0000000085600000, 0x0000000085600000| Untracked 
|  87|0x0000000085700000, 0x0000000085700000, 0x0000000085800000|  0%| F|  |TAMS 0x0000000085700000, 0x0000000085700000| Untracked 
|  88|0x0000000085800000, 0x0000000085800000, 0x0000000085900000|  0%| F|  |TAMS 0x0000000085800000, 0x0000000085800000| Untracked 
|  89|0x0000000085900000, 0x0000000085900000, 0x0000000085a00000|  0%| F|  |TAMS 0x0000000085900000, 0x0000000085900000| Untracked 
|  90|0x0000000085a00000, 0x0000000085a00000, 0x0000000085b00000|  0%| F|  |TAMS 0x0000000085a00000, 0x0000000085a00000| Untracked 
|  91|0x0000000085b00000, 0x0000000085b00000, 0x0000000085c00000|  0%| F|  |TAMS 0x0000000085b00000, 0x0000000085b00000| Untracked 
|  92|0x0000000085c00000, 0x0000000085c00000, 0x0000000085d00000|  0%| F|  |TAMS 0x0000000085c00000, 0x0000000085c00000| Untracked 
|  93|0x0000000085d00000, 0x0000000085d00000, 0x0000000085e00000|  0%| F|  |TAMS 0x0000000085d00000, 0x0000000085d00000| Untracked 
|  94|0x0000000085e00000, 0x0000000085e00000, 0x0000000085f00000|  0%| F|  |TAMS 0x0000000085e00000, 0x0000000085e00000| Untracked 
|  95|0x0000000085f00000, 0x0000000085f00000, 0x0000000086000000|  0%| F|  |TAMS 0x0000000085f00000, 0x0000000085f00000| Untracked 
|  96|0x0000000086000000, 0x0000000086000000, 0x0000000086100000|  0%| F|  |TAMS 0x0000000086000000, 0x0000000086000000| Untracked 
|  97|0x0000000086100000, 0x0000000086100000, 0x0000000086200000|  0%| F|  |TAMS 0x0000000086100000, 0x0000000086100000| Untracked 
|  98|0x0000000086200000, 0x0000000086200000, 0x0000000086300000|  0%| F|  |TAMS 0x0000000086200000, 0x0000000086200000| Untracked 
|  99|0x0000000086300000, 0x0000000086300000, 0x0000000086400000|  0%| F|  |TAMS 0x0000000086300000, 0x0000000086300000| Untracked 
| 100|0x0000000086400000, 0x0000000086400000, 0x0000000086500000|  0%| F|  |TAMS 0x0000000086400000, 0x0000000086400000| Untracked 
| 101|0x0000000086500000, 0x0000000086500000, 0x0000000086600000|  0%| F|  |TAMS 0x0000000086500000, 0x0000000086500000| Untracked 
| 102|0x0000000086600000, 0x0000000086600000, 0x0000000086700000|  0%| F|  |TAMS 0x0000000086600000, 0x0000000086600000| Untracked 
| 103|0x0000000086700000, 0x0000000086700000, 0x0000000086800000|  0%| F|  |TAMS 0x0000000086700000, 0x0000000086700000| Untracked 
| 104|0x0000000086800000, 0x0000000086800000, 0x0000000086900000|  0%| F|  |TAMS 0x0000000086800000, 0x0000000086800000| Untracked 
| 105|0x0000000086900000, 0x0000000086900000, 0x0000000086a00000|  0%| F|  |TAMS 0x0000000086900000, 0x0000000086900000| Untracked 
| 106|0x0000000086a00000, 0x0000000086a00000, 0x0000000086b00000|  0%| F|  |TAMS 0x0000000086a00000, 0x0000000086a00000| Untracked 
| 107|0x0000000086b00000, 0x0000000086b00000, 0x0000000086c00000|  0%| F|  |TAMS 0x0000000086b00000, 0x0000000086b00000| Untracked 
| 108|0x0000000086c00000, 0x0000000086c00000, 0x0000000086d00000|  0%| F|  |TAMS 0x0000000086c00000, 0x0000000086c00000| Untracked 
| 109|0x0000000086d00000, 0x0000000086d00000, 0x0000000086e00000|  0%| F|  |TAMS 0x0000000086d00000, 0x0000000086d00000| Untracked 
| 110|0x0000000086e00000, 0x0000000086e00000, 0x0000000086f00000|  0%| F|  |TAMS 0x0000000086e00000, 0x0000000086e00000| Untracked 
| 111|0x0000000086f00000, 0x0000000086f00000, 0x0000000087000000|  0%| F|  |TAMS 0x0000000086f00000, 0x0000000086f00000| Untracked 
| 112|0x0000000087000000, 0x0000000087000000, 0x0000000087100000|  0%| F|  |TAMS 0x0000000087000000, 0x0000000087000000| Untracked 
| 113|0x0000000087100000, 0x0000000087100000, 0x0000000087200000|  0%| F|  |TAMS 0x0000000087100000, 0x0000000087100000| Untracked 
| 114|0x0000000087200000, 0x0000000087300000, 0x0000000087300000|100%| E|  |TAMS 0x0000000087200000, 0x0000000087200000| Complete 
| 115|0x0000000087300000, 0x0000000087400000, 0x0000000087400000|100%| E|CS|TAMS 0x0000000087300000, 0x0000000087300000| Complete 
| 116|0x0000000087400000, 0x0000000087500000, 0x0000000087500000|100%| E|CS|TAMS 0x0000000087400000, 0x0000000087400000| Complete 
| 117|0x0000000087500000, 0x0000000087600000, 0x0000000087600000|100%| E|CS|TAMS 0x0000000087500000, 0x0000000087500000| Complete 
| 118|0x0000000087600000, 0x0000000087700000, 0x0000000087700000|100%| E|CS|TAMS 0x0000000087600000, 0x0000000087600000| Complete 
| 119|0x0000000087700000, 0x0000000087800000, 0x0000000087800000|100%| E|CS|TAMS 0x0000000087700000, 0x0000000087700000| Complete 
| 120|0x0000000087800000, 0x0000000087900000, 0x0000000087900000|100%| E|CS|TAMS 0x0000000087800000, 0x0000000087800000| Complete 
| 121|0x0000000087900000, 0x0000000087a00000, 0x0000000087a00000|100%| E|CS|TAMS 0x0000000087900000, 0x0000000087900000| Complete 
| 122|0x0000000087a00000, 0x0000000087b00000, 0x0000000087b00000|100%| E|CS|TAMS 0x0000000087a00000, 0x0000000087a00000| Complete 
| 123|0x0000000087b00000, 0x0000000087c00000, 0x0000000087c00000|100%| E|CS|TAMS 0x0000000087b00000, 0x0000000087b00000| Complete 
| 124|0x0000000087c00000, 0x0000000087d00000, 0x0000000087d00000|100%| E|CS|TAMS 0x0000000087c00000, 0x0000000087c00000| Complete 
| 125|0x0000000087d00000, 0x0000000087e00000, 0x0000000087e00000|100%| E|CS|TAMS 0x0000000087d00000, 0x0000000087d00000| Complete 
| 126|0x0000000087e00000, 0x0000000087f00000, 0x0000000087f00000|100%| E|CS|TAMS 0x0000000087e00000, 0x0000000087e00000| Complete 
| 127|0x0000000087f00000, 0x0000000088000000, 0x0000000088000000|100%| E|CS|TAMS 0x0000000087f00000, 0x0000000087f00000| Complete 
| 128|0x0000000088000000, 0x0000000088100000, 0x0000000088100000|100%| E|CS|TAMS 0x0000000088000000, 0x0000000088000000| Complete 
| 129|0x0000000088100000, 0x0000000088200000, 0x0000000088200000|100%| E|CS|TAMS 0x0000000088100000, 0x0000000088100000| Complete 
| 130|0x0000000088200000, 0x0000000088300000, 0x0000000088300000|100%| E|CS|TAMS 0x0000000088200000, 0x0000000088200000| Complete 
| 131|0x0000000088300000, 0x0000000088400000, 0x0000000088400000|100%| E|CS|TAMS 0x0000000088300000, 0x0000000088300000| Complete 
| 132|0x0000000088400000, 0x0000000088500000, 0x0000000088500000|100%| E|CS|TAMS 0x0000000088400000, 0x0000000088400000| Complete 
| 133|0x0000000088500000, 0x0000000088600000, 0x0000000088600000|100%| E|  |TAMS 0x0000000088500000, 0x0000000088500000| Complete 
| 134|0x0000000088600000, 0x0000000088700000, 0x0000000088700000|100%| E|CS|TAMS 0x0000000088600000, 0x0000000088600000| Complete 
| 135|0x0000000088700000, 0x0000000088800000, 0x0000000088800000|100%| E|CS|TAMS 0x0000000088700000, 0x0000000088700000| Complete 
| 136|0x0000000088800000, 0x0000000088900000, 0x0000000088900000|100%| E|CS|TAMS 0x0000000088800000, 0x0000000088800000| Complete 
| 137|0x0000000088900000, 0x0000000088a00000, 0x0000000088a00000|100%| E|CS|TAMS 0x0000000088900000, 0x0000000088900000| Complete 
| 138|0x0000000088a00000, 0x0000000088b00000, 0x0000000088b00000|100%| E|CS|TAMS 0x0000000088a00000, 0x0000000088a00000| Complete 
| 203|0x000000008cb00000, 0x000000008cc00000, 0x000000008cc00000|100%| E|CS|TAMS 0x000000008cb00000, 0x000000008cb00000| Complete 
| 204|0x000000008cc00000, 0x000000008cd00000, 0x000000008cd00000|100%| E|CS|TAMS 0x000000008cc00000, 0x000000008cc00000| Complete 
| 205|0x000000008cd00000, 0x000000008ce00000, 0x000000008ce00000|100%| E|CS|TAMS 0x000000008cd00000, 0x000000008cd00000| Complete 
| 206|0x000000008ce00000, 0x000000008cf00000, 0x000000008cf00000|100%| E|CS|TAMS 0x000000008ce00000, 0x000000008ce00000| Complete 
| 207|0x000000008cf00000, 0x000000008cf9e520, 0x000000008d000000| 61%| S|CS|TAMS 0x000000008cf00000, 0x000000008cf00000| Complete 
| 208|0x000000008d000000, 0x000000008d100000, 0x000000008d100000|100%| E|CS|TAMS 0x000000008d000000, 0x000000008d000000| Complete 
| 209|0x000000008d100000, 0x000000008d200000, 0x000000008d200000|100%| E|CS|TAMS 0x000000008d100000, 0x000000008d100000| Complete 
| 210|0x000000008d200000, 0x000000008d300000, 0x000000008d300000|100%| E|CS|TAMS 0x000000008d200000, 0x000000008d200000| Complete 
| 251|0x000000008fb00000, 0x000000008fc00000, 0x000000008fc00000|100%| E|CS|TAMS 0x000000008fb00000, 0x000000008fb00000| Complete 

Card table byte_map: [0x000001dc22bf0000,0x000001dc22ff0000] _byte_map_base: 0x000001dc227f0000

Marking Bits (Prev, Next): (CMBitMap*) 0x000001dc0fe47830, (CMBitMap*) 0x000001dc0fe477f0
 Prev Bits: [0x000001dc253f0000, 0x000001dc273f0000)
 Next Bits: [0x000001dc233f0000, 0x000001dc253f0000)

Polling page: 0x000001dc0da40000

Metaspace:

Usage:
  Non-class:     77.74 MB used.
      Class:     12.32 MB used.
       Both:     90.07 MB used.

Virtual space:
  Non-class space:       80.00 MB reserved,      78.12 MB ( 98%) committed,  10 nodes.
      Class space:        1.00 GB reserved,      12.62 MB (  1%) committed,  1 nodes.
             Both:        1.08 GB reserved,      90.75 MB (  8%) committed. 

Chunk freelists:
   Non-Class:  1.17 MB
       Class:  3.22 MB
        Both:  4.40 MB

MaxMetaspaceSize: unlimited
CompressedClassSpaceSize: 1.00 GB
Initial GC threshold: 21.00 MB
Current GC threshold: 149.19 MB
CDS: off
MetaspaceReclaimPolicy: balanced
 - commit_granule_bytes: 65536.
 - commit_granule_words: 8192.
 - virtual_space_node_default_size: 1048576.
 - enlarge_chunks_in_place: 1.
 - new_chunks_are_fully_committed: 0.
 - uncommit_free_chunks: 1.
 - use_allocation_guard: 0.
 - handle_deallocations: 1.


Internal statistics:

num_allocs_failed_limit: 6.
num_arena_births: 1008.
num_arena_deaths: 10.
num_vsnodes_births: 11.
num_vsnodes_deaths: 0.
num_space_committed: 1452.
num_space_uncommitted: 0.
num_chunks_returned_to_freelist: 18.
num_chunks_taken_from_freelist: 4372.
num_chunk_merges: 12.
num_chunk_splits: 2886.
num_chunks_enlarged: 1933.
num_purges: 2.
num_inconsistent_stats: 0.

CodeHeap 'non-profiled nmethods': size=120000Kb used=6163Kb max_used=6163Kb free=113836Kb
 bounds [0x000001dc1ad70000, 0x000001dc1b380000, 0x000001dc222a0000]
CodeHeap 'profiled nmethods': size=120000Kb used=19441Kb max_used=19441Kb free=100558Kb
 bounds [0x000001dc132a0000, 0x000001dc145a0000, 0x000001dc1a7d0000]
CodeHeap 'non-nmethods': size=5760Kb used=2386Kb max_used=2464Kb free=3374Kb
 bounds [0x000001dc1a7d0000, 0x000001dc1aa50000, 0x000001dc1ad70000]
 total_blobs=11134 nmethods=10215 adapters=831
 compilation: enabled
              stopped_count=0, restarted_count=0
 full_count=0

Compilation events (20 events):
Event: 40.774 Thread 0x000001dc2aca48b0 11614       3       org.gradle.internal.event.DefaultListenerManager$EventBroadcast::getDispatch (16 bytes)
Event: 40.774 Thread 0x000001dc2aca48b0 nmethod 11614 0x000001dc14588b90 code [0x000001dc14588d20, 0x000001dc14588e98]
Event: 40.775 Thread 0x000001dc2aca3f00 nmethod 11611 0x000001dc1b373290 code [0x000001dc1b373440, 0x000001dc1b373748]
Event: 40.775 Thread 0x000001dc2aca3f00 11613       4       sun.reflect.generics.reflectiveObjects.ParameterizedTypeImpl::getRawType (5 bytes)
Event: 40.776 Thread 0x000001dc2aca3f00 nmethod 11613 0x000001dc1b373990 code [0x000001dc1b373b00, 0x000001dc1b373b78]
Event: 40.776 Thread 0x000001dc2aca3f00 11612       4       java.lang.String::encodeUTF8 (141 bytes)
Event: 40.777 Thread 0x000001dc2aca3f00 nmethod 11612 0x000001dc1b373c90 code [0x000001dc1b373e20, 0x000001dc1b374058]
Event: 40.782 Thread 0x000001dc2aca3f00 11615   !   4       org.gradle.internal.instantiation.generator.AsmBackedClassGenerator$InvokeConstructorStrategy::newInstance (66 bytes)
Event: 40.784 Thread 0x000001dc2aca48b0 11617       3       java.lang.invoke.ClassSpecializer$SpeciesData::getterFunction (78 bytes)
Event: 40.784 Thread 0x000001dc2aca48b0 nmethod 11617 0x000001dc14588f10 code [0x000001dc145890c0, 0x000001dc145893a8]
Event: 40.785 Thread 0x000001dc2aca48b0 11618       3       java.lang.invoke.DelegatingMethodHandle::makeReinvokerForm (344 bytes)
Event: 40.786 Thread 0x000001dc2aca48b0 nmethod 11618 0x000001dc14589490 code [0x000001dc14589860, 0x000001dc1458ba98]
Event: 40.786 Thread 0x000001dc2aca48b0 11619       3       java.lang.invoke.DelegatingMethodHandle::whichKind (44 bytes)
Event: 40.786 Thread 0x000001dc2aca48b0 nmethod 11619 0x000001dc1458c910 code [0x000001dc1458cac0, 0x000001dc1458cc98]
Event: 41.905 Thread 0x000001dc2aca48b0 11620       1       org.gradle.cache.internal.filelock.LockOptionsBuilder::getMode (5 bytes)
Event: 41.906 Thread 0x000001dc2aca48b0 nmethod 11620 0x000001dc1b374190 code [0x000001dc1b374320, 0x000001dc1b3743f8]
Event: 41.915 Thread 0x000001dc2aca48b0 11621       1       org.gradle.launcher.daemon.registry.DaemonInfo::getState (5 bytes)
Event: 41.916 Thread 0x000001dc2aca48b0 nmethod 11621 0x000001dc1b374490 code [0x000001dc1b374620, 0x000001dc1b3746f8]
Event: 41.925 Thread 0x000001dc2aca48b0 11622       3       org.gradle.internal.time.Time::clock (4 bytes)
Event: 41.926 Thread 0x000001dc2aca48b0 nmethod 11622 0x000001dc13f37090 code [0x000001dc13f37220, 0x000001dc13f37318]

GC Heap History (20 events):
Event: 7.984 GC heap before
{Heap before GC invocations=24 (full 0):
 garbage-first heap   total 125952K, used 90994K [0x0000000080000000, 0x0000000100000000)
  region size 1024K, 43 young (44032K), 5 survivors (5120K)
 Metaspace       used 72666K, committed 73216K, reserved 1114112K
  class space    used 9650K, committed 9856K, reserved 1048576K
}
Event: 7.989 GC heap after
{Heap after GC invocations=25 (full 0):
 garbage-first heap   total 125952K, used 54688K [0x0000000080000000, 0x0000000100000000)
  region size 1024K, 5 young (5120K), 5 survivors (5120K)
 Metaspace       used 72666K, committed 73216K, reserved 1114112K
  class space    used 9650K, committed 9856K, reserved 1048576K
}
Event: 8.467 GC heap before
{Heap before GC invocations=25 (full 0):
 garbage-first heap   total 125952K, used 95648K [0x0000000080000000, 0x0000000100000000)
  region size 1024K, 44 young (45056K), 5 survivors (5120K)
 Metaspace       used 77458K, committed 78080K, reserved 1122304K
  class space    used 10504K, committed 10816K, reserved 1048576K
}
Event: 8.471 GC heap after
{Heap after GC invocations=26 (full 0):
 garbage-first heap   total 125952K, used 57018K [0x0000000080000000, 0x0000000100000000)
  region size 1024K, 5 young (5120K), 5 survivors (5120K)
 Metaspace       used 77458K, committed 78080K, reserved 1122304K
  class space    used 10504K, committed 10816K, reserved 1048576K
}
Event: 9.000 GC heap before
{Heap before GC invocations=26 (full 0):
 garbage-first heap   total 125952K, used 96954K [0x0000000080000000, 0x0000000100000000)
  region size 1024K, 44 young (45056K), 5 survivors (5120K)
 Metaspace       used 81530K, committed 82176K, reserved 1122304K
  class space    used 11093K, committed 11392K, reserved 1048576K
}
Event: 9.006 GC heap after
{Heap after GC invocations=27 (full 0):
 garbage-first heap   total 125952K, used 60155K [0x0000000080000000, 0x0000000100000000)
  region size 1024K, 6 young (6144K), 6 survivors (6144K)
 Metaspace       used 81530K, committed 82176K, reserved 1122304K
  class space    used 11093K, committed 11392K, reserved 1048576K
}
Event: 9.425 GC heap before
{Heap before GC invocations=27 (full 0):
 garbage-first heap   total 125952K, used 97019K [0x0000000080000000, 0x0000000100000000)
  region size 1024K, 42 young (43008K), 6 survivors (6144K)
 Metaspace       used 86441K, committed 87040K, reserved 1130496K
  class space    used 11812K, committed 12096K, reserved 1048576K
}
Event: 9.430 GC heap after
{Heap after GC invocations=28 (full 0):
 garbage-first heap   total 125952K, used 62663K [0x0000000080000000, 0x0000000100000000)
  region size 1024K, 6 young (6144K), 6 survivors (6144K)
 Metaspace       used 86441K, committed 87040K, reserved 1130496K
  class space    used 11812K, committed 12096K, reserved 1048576K
}
Event: 9.756 GC heap before
{Heap before GC invocations=28 (full 0):
 garbage-first heap   total 125952K, used 99527K [0x0000000080000000, 0x0000000100000000)
  region size 1024K, 42 young (43008K), 6 survivors (6144K)
 Metaspace       used 87895K, committed 88576K, reserved 1130496K
  class space    used 12003K, committed 12352K, reserved 1048576K
}
Event: 9.762 GC heap after
{Heap after GC invocations=29 (full 0):
 garbage-first heap   total 151552K, used 67088K [0x0000000080000000, 0x0000000100000000)
  region size 1024K, 6 young (6144K), 6 survivors (6144K)
 Metaspace       used 87895K, committed 88576K, reserved 1130496K
  class space    used 12003K, committed 12352K, reserved 1048576K
}
Event: 10.499 GC heap before
{Heap before GC invocations=30 (full 0):
 garbage-first heap   total 151552K, used 120336K [0x0000000080000000, 0x0000000100000000)
  region size 1024K, 58 young (59392K), 6 survivors (6144K)
 Metaspace       used 89914K, committed 90624K, reserved 1130496K
  class space    used 12389K, committed 12736K, reserved 1048576K
}
Event: 10.507 GC heap after
{Heap after GC invocations=31 (full 0):
 garbage-first heap   total 151552K, used 74406K [0x0000000080000000, 0x0000000100000000)
  region size 1024K, 8 young (8192K), 8 survivors (8192K)
 Metaspace       used 89914K, committed 90624K, reserved 1130496K
  class space    used 12389K, committed 12736K, reserved 1048576K
}
Event: 10.864 GC heap before
{Heap before GC invocations=31 (full 0):
 garbage-first heap   total 151552K, used 117414K [0x0000000080000000, 0x0000000100000000)
  region size 1024K, 51 young (52224K), 8 survivors (8192K)
 Metaspace       used 90326K, committed 90944K, reserved 1130496K
  class space    used 12423K, committed 12736K, reserved 1048576K
}
Event: 10.870 GC heap after
{Heap after GC invocations=32 (full 0):
 garbage-first heap   total 151552K, used 77295K [0x0000000080000000, 0x0000000100000000)
  region size 1024K, 3 young (3072K), 3 survivors (3072K)
 Metaspace       used 90326K, committed 90944K, reserved 1130496K
  class space    used 12423K, committed 12736K, reserved 1048576K
}
Event: 11.286 GC heap before
{Heap before GC invocations=32 (full 0):
 garbage-first heap   total 151552K, used 119279K [0x0000000080000000, 0x0000000100000000)
  region size 1024K, 45 young (46080K), 3 survivors (3072K)
 Metaspace       used 90941K, committed 91648K, reserved 1130496K
  class space    used 12473K, committed 12800K, reserved 1048576K
}
Event: 11.291 GC heap after
{Heap after GC invocations=33 (full 0):
 garbage-first heap   total 151552K, used 80943K [0x0000000080000000, 0x0000000100000000)
  region size 1024K, 6 young (6144K), 6 survivors (6144K)
 Metaspace       used 90941K, committed 91648K, reserved 1130496K
  class space    used 12473K, committed 12800K, reserved 1048576K
}
Event: 11.675 GC heap before
{Heap before GC invocations=34 (full 0):
 garbage-first heap   total 151552K, used 121903K [0x0000000080000000, 0x0000000100000000)
  region size 1024K, 47 young (48128K), 6 survivors (6144K)
 Metaspace       used 91176K, committed 91840K, reserved 1130496K
  class space    used 12476K, committed 12800K, reserved 1048576K
}
Event: 11.679 GC heap after
{Heap after GC invocations=35 (full 0):
 garbage-first heap   total 151552K, used 83624K [0x0000000080000000, 0x0000000100000000)
  region size 1024K, 3 young (3072K), 3 survivors (3072K)
 Metaspace       used 91176K, committed 91840K, reserved 1130496K
  class space    used 12476K, committed 12800K, reserved 1048576K
}
Event: 11.708 GC heap before
{Heap before GC invocations=35 (full 0):
 garbage-first heap   total 151552K, used 86696K [0x0000000080000000, 0x0000000100000000)
  region size 1024K, 7 young (7168K), 3 survivors (3072K)
 Metaspace       used 91182K, committed 91840K, reserved 1130496K
  class space    used 12476K, committed 12800K, reserved 1048576K
}
Event: 11.710 GC heap after
{Heap after GC invocations=36 (full 0):
 garbage-first heap   total 151552K, used 84144K [0x0000000080000000, 0x0000000100000000)
  region size 1024K, 1 young (1024K), 1 survivors (1024K)
 Metaspace       used 91182K, committed 91840K, reserved 1130496K
  class space    used 12476K, committed 12800K, reserved 1048576K
}

Dll operation events (2 events):
Event: 0.026 Loaded shared library C:\BTS\ANDROID\android-studio-girafe\android-studio-2022.3.1.19-windows\android-studio\jbr\bin\java.dll
Event: 0.379 Loaded shared library C:\BTS\ANDROID\android-studio-girafe\android-studio-2022.3.1.19-windows\android-studio\jbr\bin\verify.dll

Deoptimization events (20 events):
Event: 38.672 Thread 0x000001dc2d85bd40 Uncommon trap: trap_request=0xffffff45 fr.pc=0x000001dc1b275c20 relative=0x0000000000000520
Event: 38.672 Thread 0x000001dc2d85bd40 Uncommon trap: reason=unstable_if action=reinterpret pc=0x000001dc1b275c20 method=org.gradle.cache.internal.DefaultCrossBuildInMemoryCacheFactory$AbstractCrossBuildInMemoryCache.getIfPresentWithoutLock(Ljava/lang/Object;)Ljava/lang/Object; @ 24 c2
Event: 38.672 Thread 0x000001dc2d85bd40 DEOPT PACKING pc=0x000001dc1b275c20 sp=0x00000054ca7fadc0
Event: 38.672 Thread 0x000001dc2d85bd40 DEOPT UNPACKING pc=0x000001dc1a8269a3 sp=0x00000054ca7fad78 mode 2
Event: 38.677 Thread 0x000001dc2d85bd40 Uncommon trap: trap_request=0xffffffc6 fr.pc=0x000001dc1afccfec relative=0x000000000000078c
Event: 38.677 Thread 0x000001dc2d85bd40 Uncommon trap: reason=bimorphic_or_optimized_type_check action=maybe_recompile pc=0x000001dc1afccfec method=java.util.stream.MatchOps$MatchOp.evaluateSequential(Ljava/util/stream/PipelineHelper;Ljava/util/Spliterator;)Ljava/lang/Boolean; @ 14 c2
Event: 38.677 Thread 0x000001dc2d85bd40 DEOPT PACKING pc=0x000001dc1afccfec sp=0x00000054ca7fb680
Event: 38.677 Thread 0x000001dc2d85bd40 DEOPT UNPACKING pc=0x000001dc1a8269a3 sp=0x00000054ca7fb5b8 mode 2
Event: 38.688 Thread 0x000001dc2d85bd40 Uncommon trap: trap_request=0xffffffc6 fr.pc=0x000001dc1b32c20c relative=0x000000000000074c
Event: 38.688 Thread 0x000001dc2d85bd40 Uncommon trap: reason=bimorphic_or_optimized_type_check action=maybe_recompile pc=0x000001dc1b32c20c method=org.gradle.internal.operations.DefaultBuildOperationListenerManager$ProgressShieldingBuildOperationListener.finished(Lorg/gradle/internal/operation
Event: 38.688 Thread 0x000001dc2d85bd40 DEOPT PACKING pc=0x000001dc1b32c20c sp=0x00000054ca7fc730
Event: 38.688 Thread 0x000001dc2d85bd40 DEOPT UNPACKING pc=0x000001dc1a8269a3 sp=0x00000054ca7fc6f8 mode 2
Event: 40.774 Thread 0x000001dc2d85bd40 Uncommon trap: trap_request=0xffffffc6 fr.pc=0x000001dc1b32c20c relative=0x000000000000074c
Event: 40.774 Thread 0x000001dc2d85bd40 Uncommon trap: reason=bimorphic_or_optimized_type_check action=maybe_recompile pc=0x000001dc1b32c20c method=org.gradle.internal.operations.DefaultBuildOperationListenerManager$ProgressShieldingBuildOperationListener.finished(Lorg/gradle/internal/operation
Event: 40.774 Thread 0x000001dc2d85bd40 DEOPT PACKING pc=0x000001dc1b32c20c sp=0x00000054ca7fa860
Event: 40.774 Thread 0x000001dc2d85bd40 DEOPT UNPACKING pc=0x000001dc1a8269a3 sp=0x00000054ca7fa828 mode 2
Event: 40.774 Thread 0x000001dc2d85bd40 Uncommon trap: trap_request=0xffffffc6 fr.pc=0x000001dc1b32c20c relative=0x000000000000074c
Event: 40.774 Thread 0x000001dc2d85bd40 Uncommon trap: reason=bimorphic_or_optimized_type_check action=maybe_recompile pc=0x000001dc1b32c20c method=org.gradle.internal.operations.DefaultBuildOperationListenerManager$ProgressShieldingBuildOperationListener.finished(Lorg/gradle/internal/operation
Event: 40.774 Thread 0x000001dc2d85bd40 DEOPT PACKING pc=0x000001dc1b32c20c sp=0x00000054ca7faef0
Event: 40.774 Thread 0x000001dc2d85bd40 DEOPT UNPACKING pc=0x000001dc1a8269a3 sp=0x00000054ca7faeb8 mode 2

Classes unloaded (5 events):
Event: 11.331 Thread 0x000001dc2ac551b0 Unloading class 0x0000000100c79800 'java/lang/invoke/LambdaForm$DMH+0x0000000100c79800'
Event: 11.331 Thread 0x000001dc2ac551b0 Unloading class 0x0000000100c79400 'java/lang/invoke/LambdaForm$DMH+0x0000000100c79400'
Event: 11.331 Thread 0x000001dc2ac551b0 Unloading class 0x0000000100c79000 'java/lang/invoke/LambdaForm$DMH+0x0000000100c79000'
Event: 11.331 Thread 0x000001dc2ac551b0 Unloading class 0x0000000100c78c00 'java/lang/invoke/LambdaForm$DMH+0x0000000100c78c00'
Event: 11.331 Thread 0x000001dc2ac551b0 Unloading class 0x0000000100c78800 'java/lang/invoke/LambdaForm$DMH+0x0000000100c78800'

Classes redefined (0 events):
No events

Internal exceptions (20 events):
Event: 10.494 Thread 0x000001dc3128f8a0 Implicit null exception at 0x000001dc1b1eb25b to 0x000001dc1b1eb2e4
Event: 10.920 Thread 0x000001dc30a89710 Implicit null exception at 0x000001dc1b279184 to 0x000001dc1b279308
Event: 10.920 Thread 0x000001dc30a883d0 Implicit null exception at 0x000001dc1b279184 to 0x000001dc1b279308
Event: 11.020 Thread 0x000001dc342d0140 Exception <a 'java/lang/NoSuchMethodError'{0x0000000088474808}: static Lcom/android/build/gradle/internal/scope/InternalArtifactType;.<clinit>()V> (0x0000000088474808) 
thrown [s\src\hotspot\share\prims\jni.cpp, line 1108]
Event: 11.020 Thread 0x000001dc342d0140 Exception <a 'java/lang/NoSuchMethodError'{0x0000000088475f60}: static Lcom/android/build/gradle/internal/scope/InternalArtifactType;.<clinit>()V> (0x0000000088475f60) 
thrown [s\src\hotspot\share\prims\jni.cpp, line 1108]
Event: 11.020 Thread 0x000001dc342d0140 Exception <a 'java/lang/NoSuchMethodError'{0x0000000088479100}: static Lcom/android/build/api/artifact/Artifact$Single;.<clinit>()V> (0x0000000088479100) 
thrown [s\src\hotspot\share\prims\jni.cpp, line 1108]
Event: 11.021 Thread 0x000001dc342d0140 Exception <a 'java/lang/NoSuchMethodError'{0x000000008847b908}: static Ljava/lang/Object;.<clinit>()V> (0x000000008847b908) 
thrown [s\src\hotspot\share\prims\jni.cpp, line 1108]
Event: 11.022 Thread 0x000001dc342d0140 Exception <a 'java/lang/NoSuchMethodError'{0x0000000088491e00}: static Lcom/android/build/api/artifact/ArtifactKind;.<clinit>()V> (0x0000000088491e00) 
thrown [s\src\hotspot\share\prims\jni.cpp, line 1108]
Event: 11.022 Thread 0x000001dc342d0140 Exception <a 'java/lang/NoSuchMethodError'{0x0000000088492fc0}: static Lcom/android/build/api/artifact/ArtifactKind;.<clinit>()V> (0x0000000088492fc0) 
thrown [s\src\hotspot\share\prims\jni.cpp, line 1108]
Event: 11.268 Thread 0x000001dc342d0140 Exception <a 'java/lang/NoSuchMethodError'{0x0000000086bed230}: 'int java.lang.invoke.DirectMethodHandle$Holder.invokeSpecial(java.lang.Object, java.lang.Object, java.lang.Object, java.lang.Object, java.lang.Object)'> (0x0000000086bed230) 
thrown [s\src\hotspot\share\interpreter\linkResolver.cpp, line 771]
Event: 11.277 Thread 0x000001dc342d0140 Exception <a 'java/lang/NoSuchMethodError'{0x0000000086a4b158}: static Ljava/lang/Object;.<clinit>()V> (0x0000000086a4b158) 
thrown [s\src\hotspot\share\prims\jni.cpp, line 1108]
Event: 11.405 Thread 0x000001dc342d0140 Exception <a 'sun/nio/fs/WindowsException'{0x000000008cc59178}> (0x000000008cc59178) 
thrown [s\src\hotspot\share\prims\jni.cpp, line 517]
Event: 11.458 Thread 0x000001dc342d0140 Exception <a 'sun/nio/fs/WindowsException'{0x000000008868e360}> (0x000000008868e360) 
thrown [s\src\hotspot\share\prims\jni.cpp, line 517]
Event: 11.770 Thread 0x000001dc342d0140 Exception <a 'sun/nio/fs/WindowsException'{0x000000008cd0f6e0}> (0x000000008cd0f6e0) 
thrown [s\src\hotspot\share\prims\jni.cpp, line 517]
Event: 11.805 Thread 0x000001dc342d0140 Exception <a 'sun/nio/fs/WindowsException'{0x000000008851c128}> (0x000000008851c128) 
thrown [s\src\hotspot\share\prims\jni.cpp, line 517]
Event: 11.879 Thread 0x000001dc2d85bd40 Exception <a 'sun/nio/fs/WindowsException'{0x00000000883ac480}> (0x00000000883ac480) 
thrown [s\src\hotspot\share\prims\jni.cpp, line 517]
Event: 11.879 Thread 0x000001dc2d85bd40 Exception <a 'sun/nio/fs/WindowsException'{0x00000000883ac820}> (0x00000000883ac820) 
thrown [s\src\hotspot\share\prims\jni.cpp, line 517]
Event: 11.880 Thread 0x000001dc2d85bd40 Exception <a 'sun/nio/fs/WindowsException'{0x00000000883ba4d0}> (0x00000000883ba4d0) 
thrown [s\src\hotspot\share\prims\jni.cpp, line 517]
Event: 21.913 Thread 0x000001dc2c50da70 Implicit null exception at 0x000001dc1adab872 to 0x000001dc1adabe48
Event: 21.914 Thread 0x000001dc2c50da70 Implicit null exception at 0x000001dc1b164bf2 to 0x000001dc1b1652e4

VM Operations (20 events):
Event: 11.927 Executing VM operation: HandshakeAllThreads
Event: 11.927 Executing VM operation: HandshakeAllThreads done
Event: 12.936 Executing VM operation: Cleanup
Event: 12.936 Executing VM operation: Cleanup done
Event: 14.958 Executing VM operation: Cleanup
Event: 14.959 Executing VM operation: Cleanup done
Event: 15.970 Executing VM operation: Cleanup
Event: 15.970 Executing VM operation: Cleanup done
Event: 22.021 Executing VM operation: Cleanup
Event: 22.022 Executing VM operation: Cleanup done
Event: 32.083 Executing VM operation: Cleanup
Event: 32.083 Executing VM operation: Cleanup done
Event: 37.157 Executing VM operation: Cleanup
Event: 37.157 Executing VM operation: Cleanup done
Event: 39.165 Executing VM operation: Cleanup
Event: 39.754 Executing VM operation: Cleanup done
Event: 40.768 Executing VM operation: Cleanup
Event: 40.769 Executing VM operation: Cleanup done
Event: 41.772 Executing VM operation: Cleanup
Event: 41.772 Executing VM operation: Cleanup done

Events (20 events):
Event: 13.439 Thread 0x000001dc2ef0b260 Thread exited: 0x000001dc2ef0b260
Event: 38.632 Thread 0x000001dc33e93530 Thread added: 0x000001dc33e93530
Event: 38.635 Thread 0x000001dc33e956e0 Thread added: 0x000001dc33e956e0
Event: 38.661 Thread 0x000001dc33e93a00 Thread added: 0x000001dc33e93a00
Event: 38.662 loading class jdk/internal/math/FormattedFloatingDecimal$Form
Event: 38.662 loading class jdk/internal/math/FormattedFloatingDecimal$Form done
Event: 38.662 loading class jdk/internal/math/FormattedFloatingDecimal
Event: 38.662 loading class jdk/internal/math/FormattedFloatingDecimal done
Event: 38.662 loading class jdk/internal/math/FormattedFloatingDecimal$1
Event: 38.662 loading class jdk/internal/math/FormattedFloatingDecimal$1 done
Event: 38.663 loading class jdk/internal/math/FormattedFloatingDecimal$2
Event: 38.663 loading class jdk/internal/math/FormattedFloatingDecimal$2 done
Event: 38.664 Thread 0x000001dc33e96ef0 Thread added: 0x000001dc33e96ef0
Event: 38.665 Thread 0x000001dc33e96a20 Thread added: 0x000001dc33e96a20
Event: 38.692 Thread 0x000001dc2b3c9c50 Thread added: 0x000001dc2b3c9c50
Event: 38.692 Thread 0x000001dc2b3cbfc0 Thread added: 0x000001dc2b3cbfc0
Event: 38.697 Thread 0x000001dc33e973c0 Thread added: 0x000001dc33e973c0
Event: 38.706 Thread 0x000001dc33e96550 Thread added: 0x000001dc33e96550
Event: 38.715 Thread 0x000001dc33e943a0 Thread added: 0x000001dc33e943a0
Event: 38.726 Thread 0x000001dc33e98230 Thread added: 0x000001dc33e98230


Dynamic libraries:
0x00007ff66e510000 - 0x00007ff66e51a000 	C:\BTS\ANDROID\android-studio-girafe\android-studio-2022.3.1.19-windows\android-studio\jbr\bin\java.exe
0x00007ff93aae0000 - 0x00007ff93ad43000 	C:\WINDOWS\SYSTEM32\ntdll.dll
0x00007ff939170000 - 0x00007ff939237000 	C:\WINDOWS\System32\KERNEL32.DLL
0x00007ff937f60000 - 0x00007ff938327000 	C:\WINDOWS\System32\KERNELBASE.dll
0x00007ff937bc0000 - 0x00007ff937d56000 	C:\Windows\system32\hmpalert.dll
0x00007ff9383c0000 - 0x00007ff93850c000 	C:\WINDOWS\System32\ucrtbase.dll
0x00007ff92dd20000 - 0x00007ff92dd3b000 	C:\BTS\ANDROID\android-studio-girafe\android-studio-2022.3.1.19-windows\android-studio\jbr\bin\VCRUNTIME140.dll
0x00007ff915940000 - 0x00007ff915957000 	C:\BTS\ANDROID\android-studio-girafe\android-studio-2022.3.1.19-windows\android-studio\jbr\bin\jli.dll
0x00007ff939a50000 - 0x00007ff939c19000 	C:\WINDOWS\System32\USER32.dll
0x00007ff937e70000 - 0x00007ff937e97000 	C:\WINDOWS\System32\win32u.dll
0x00007ff93a890000 - 0x00007ff93a8ba000 	C:\WINDOWS\System32\GDI32.dll
0x00007ff938690000 - 0x00007ff9387bb000 	C:\WINDOWS\System32\gdi32full.dll
0x00007ff938860000 - 0x00007ff938903000 	C:\WINDOWS\System32\msvcp_win.dll
0x00007ff915f10000 - 0x00007ff9161a0000 	C:\WINDOWS\WinSxS\amd64_microsoft.windows.common-controls_6595b64144ccf1df_6.0.26100.2702_none_3e069454e335fc5e\COMCTL32.dll
0x00007ff9390c0000 - 0x00007ff939169000 	C:\WINDOWS\System32\msvcrt.dll
0x00007ff938fd0000 - 0x00007ff938fff000 	C:\WINDOWS\System32\IMM32.DLL
0x00007ff9326b0000 - 0x00007ff9326bc000 	C:\BTS\ANDROID\android-studio-girafe\android-studio-2022.3.1.19-windows\android-studio\jbr\bin\vcruntime140_1.dll
0x00007ff912b10000 - 0x00007ff912b9d000 	C:\BTS\ANDROID\android-studio-girafe\android-studio-2022.3.1.19-windows\android-studio\jbr\bin\msvcp140.dll
0x00007ff8c8680000 - 0x00007ff8c92ee000 	C:\BTS\ANDROID\android-studio-girafe\android-studio-2022.3.1.19-windows\android-studio\jbr\bin\server\jvm.dll
0x00007ff93a4f0000 - 0x00007ff93a5a3000 	C:\WINDOWS\System32\ADVAPI32.dll
0x00007ff938ec0000 - 0x00007ff938f66000 	C:\WINDOWS\System32\sechost.dll
0x00007ff9397b0000 - 0x00007ff9398c6000 	C:\WINDOWS\System32\RPCRT4.dll
0x00007ff92f710000 - 0x00007ff92f71b000 	C:\WINDOWS\SYSTEM32\VERSION.dll
0x00007ff934470000 - 0x00007ff9344a6000 	C:\WINDOWS\SYSTEM32\WINMM.dll
0x00007ff912230000 - 0x00007ff91223a000 	C:\WINDOWS\SYSTEM32\WSOCK32.dll
0x00007ff93a810000 - 0x00007ff93a884000 	C:\WINDOWS\System32\WS2_32.dll
0x00007ff936ac0000 - 0x00007ff936ada000 	C:\WINDOWS\SYSTEM32\kernel.appcore.dll
0x00007ff932670000 - 0x00007ff93267a000 	C:\BTS\ANDROID\android-studio-girafe\android-studio-2022.3.1.19-windows\android-studio\jbr\bin\jimage.dll
0x00007ff935200000 - 0x00007ff935441000 	C:\WINDOWS\SYSTEM32\DBGHELP.DLL
0x00007ff939240000 - 0x00007ff9395be000 	C:\WINDOWS\System32\combase.dll
0x00007ff93a730000 - 0x00007ff93a806000 	C:\WINDOWS\System32\OLEAUT32.dll
0x00007ff92d180000 - 0x00007ff92d1b9000 	C:\WINDOWS\SYSTEM32\dbgcore.DLL
0x00007ff9387c0000 - 0x00007ff938859000 	C:\WINDOWS\System32\bcryptPrimitives.dll
0x00007ff92eec0000 - 0x00007ff92eee5000 	C:\BTS\ANDROID\android-studio-girafe\android-studio-2022.3.1.19-windows\android-studio\jbr\bin\java.dll
0x00007ff932610000 - 0x00007ff932628000 	C:\BTS\ANDROID\android-studio-girafe\android-studio-2022.3.1.19-windows\android-studio\jbr\bin\zip.dll
0x00007ff939c20000 - 0x00007ff93a32b000 	C:\WINDOWS\System32\SHELL32.dll
0x00007ff935790000 - 0x00007ff935fcd000 	C:\WINDOWS\SYSTEM32\windows.storage.dll
0x00007ff93a5b0000 - 0x00007ff93a69a000 	C:\WINDOWS\System32\SHCORE.dll
0x00007ff938f70000 - 0x00007ff938fcd000 	C:\WINDOWS\System32\shlwapi.dll
0x00007ff937d80000 - 0x00007ff937dae000 	C:\WINDOWS\SYSTEM32\profapi.dll
0x00007ff92ddb0000 - 0x00007ff92ddc9000 	C:\BTS\ANDROID\android-studio-girafe\android-studio-2022.3.1.19-windows\android-studio\jbr\bin\net.dll
0x00007ff92fc40000 - 0x00007ff92fd5e000 	C:\WINDOWS\SYSTEM32\WINHTTP.dll
0x00007ff936fb0000 - 0x00007ff937018000 	C:\WINDOWS\system32\mswsock.dll
0x00007ff92dca0000 - 0x00007ff92dcb6000 	C:\BTS\ANDROID\android-studio-girafe\android-studio-2022.3.1.19-windows\android-studio\jbr\bin\nio.dll
0x00007ff932660000 - 0x00007ff932670000 	C:\BTS\ANDROID\android-studio-girafe\android-studio-2022.3.1.19-windows\android-studio\jbr\bin\verify.dll
0x00007ff915cb0000 - 0x00007ff915cd7000 	C:\Users\svo\.gradle\native\68d5fa5c4cc2d200863cafc0d521ce42e7d3e7ee720ec0a83991735586a16f82\windows-amd64\native-platform.dll
0x00007ff900110000 - 0x00007ff900254000 	C:\Users\svo\.gradle\native\e376f236ea51e6404a007f0833ffe2c6e607c4080706a723a18a27aeea778392\windows-amd64\native-platform-file-events.dll
0x00007ff9324b0000 - 0x00007ff9324b9000 	C:\BTS\ANDROID\android-studio-girafe\android-studio-2022.3.1.19-windows\android-studio\jbr\bin\management.dll
0x00007ff92ef40000 - 0x00007ff92ef4b000 	C:\BTS\ANDROID\android-studio-girafe\android-studio-2022.3.1.19-windows\android-studio\jbr\bin\management_ext.dll
0x00007ff93a4d0000 - 0x00007ff93a4d8000 	C:\WINDOWS\System32\PSAPI.DLL
0x00007ff937360000 - 0x00007ff93737c000 	C:\WINDOWS\SYSTEM32\CRYPTSP.dll
0x00007ff936a20000 - 0x00007ff936a58000 	C:\WINDOWS\system32\rsaenh.dll
0x00007ff937050000 - 0x00007ff93707b000 	C:\WINDOWS\SYSTEM32\USERENV.dll
0x00007ff9374f0000 - 0x00007ff937516000 	C:\WINDOWS\SYSTEM32\bcrypt.dll
0x00007ff9371e0000 - 0x00007ff9371ec000 	C:\WINDOWS\SYSTEM32\CRYPTBASE.dll
0x00007ff936280000 - 0x00007ff9362b3000 	C:\WINDOWS\SYSTEM32\IPHLPAPI.DLL
0x00007ff938e80000 - 0x00007ff938e8a000 	C:\WINDOWS\System32\NSI.dll
0x00007ff92fe40000 - 0x00007ff92fe5e000 	C:\WINDOWS\SYSTEM32\dhcpcsvc6.DLL
0x00007ff92fe10000 - 0x00007ff92fe35000 	C:\WINDOWS\SYSTEM32\dhcpcsvc.DLL
0x00007ff9362c0000 - 0x00007ff9363e5000 	C:\WINDOWS\SYSTEM32\DNSAPI.dll
0x00007ff90d700000 - 0x00007ff90d708000 	C:\WINDOWS\system32\wshunix.dll

dbghelp: loaded successfully - version: 4.0.5 - missing functions: none
symbol engine: initialized successfully - sym options: 0x614 - pdb path: .;C:\BTS\ANDROID\android-studio-girafe\android-studio-2022.3.1.19-windows\android-studio\jbr\bin;C:\WINDOWS\SYSTEM32;C:\WINDOWS\WinSxS\amd64_microsoft.windows.common-controls_6595b64144ccf1df_6.0.26100.2702_none_3e069454e335fc5e;C:\BTS\ANDROID\android-studio-girafe\android-studio-2022.3.1.19-windows\android-studio\jbr\bin\server;C:\Users\svo\.gradle\native\68d5fa5c4cc2d200863cafc0d521ce42e7d3e7ee720ec0a83991735586a16f82\windows-amd64;C:\Users\svo\.gradle\native\e376f236ea51e6404a007f0833ffe2c6e607c4080706a723a18a27aeea778392\windows-amd64

VM Arguments:
jvm_args: --add-opens=java.base/java.util=ALL-UNNAMED --add-opens=java.base/java.lang=ALL-UNNAMED --add-opens=java.base/java.lang.invoke=ALL-UNNAMED --add-opens=java.prefs/java.util.prefs=ALL-UNNAMED --add-opens=java.base/java.nio.charset=ALL-UNNAMED --add-opens=java.base/java.net=ALL-UNNAMED --add-opens=java.base/java.util.concurrent.atomic=ALL-UNNAMED -Xmx2048m -Dfile.encoding=UTF-8 -Duser.country=FR -Duser.language=fr -Duser.variant 
java_command: org.gradle.launcher.daemon.bootstrap.GradleDaemon 8.0
java_class_path (initial): C:\Users\svo\.gradle\wrapper\dists\gradle-8.0-bin\ca5e32bp14vu59qr306oxotwh\gradle-8.0\lib\gradle-launcher-8.0.jar
Launcher Type: SUN_STANDARD

[Global flags]
     intx CICompilerCount                          = 4                                         {product} {ergonomic}
     uint ConcGCThreads                            = 3                                         {product} {ergonomic}
     uint G1ConcRefinementThreads                  = 10                                        {product} {ergonomic}
   size_t G1HeapRegionSize                         = 1048576                                   {product} {ergonomic}
    uintx GCDrainStackTargetSize                   = 64                                        {product} {ergonomic}
   size_t InitialHeapSize                          = 264241152                                 {product} {ergonomic}
   size_t MarkStackSize                            = 4194304                                   {product} {ergonomic}
   size_t MaxHeapSize                              = 2147483648                                {product} {command line}
   size_t MaxNewSize                               = 1287651328                                {product} {ergonomic}
   size_t MinHeapDeltaBytes                        = 1048576                                   {product} {ergonomic}
   size_t MinHeapSize                              = 8388608                                   {product} {ergonomic}
    uintx NonNMethodCodeHeapSize                   = 5839372                                {pd product} {ergonomic}
    uintx NonProfiledCodeHeapSize                  = 122909434                              {pd product} {ergonomic}
    uintx ProfiledCodeHeapSize                     = 122909434                              {pd product} {ergonomic}
    uintx ReservedCodeCacheSize                    = 251658240                              {pd product} {ergonomic}
     bool SegmentedCodeCache                       = true                                      {product} {ergonomic}
   size_t SoftMaxHeapSize                          = 2147483648                             {manageable} {ergonomic}
     bool UseCompressedClassPointers               = true                           {product lp64_product} {ergonomic}
     bool UseCompressedOops                        = true                           {product lp64_product} {ergonomic}
     bool UseG1GC                                  = true                                      {product} {ergonomic}
     bool UseLargePagesIndividualAllocation        = false                                  {pd product} {ergonomic}

Logging:
Log output configuration:
 #0: stdout all=warning uptime,level,tags
 #1: stderr all=off uptime,level,tags

Environment Variables:
PATH=C:\Program Files\Common Files\Oracle\Java\javapath;C:\Program Files (x86)\Common Files\Oracle\Java\java8path;C:\Program Files (x86)\Common Files\Oracle\Java\javapath;C:\WINDOWS\system32;C:\WINDOWS;C:\WINDOWS\System32\Wbem;C:\WINDOWS\System32\WindowsPowerShell\v1.0\;C:\WINDOWS\System32\OpenSSH\;C:\Users\svo\AppData\Local\Microsoft\WindowsApps;C:\BTS\PortableApps\openlogic-openjdk-17.0.8+7-windows-x64\openlogic-openjdk-17.0.8+7-windows-x64\bin;C:\Users\svo\AppData\Local\ComposerSetup\bin;C:\Users\svo\AppData\Roaming\Composer\vendor\bin;C:\BTS\DEV\Xampp Laravell\xampp\php;C:\BTS\DEV\node-v18.15.0-win-x64;C:\BTS\Nodejs\node-v20.17.0-win-x64;C:\BTS\Git\bin;
USERNAME=SVO
OS=Windows_NT
PROCESSOR_IDENTIFIER=Intel64 Family 6 Model 154 Stepping 4, GenuineIntel
TMP=C:\Users\svo\AppData\Local\Temp
TEMP=C:\Users\svo\AppData\Local\Temp


JNI global refs:
JNI global refs: 28, weak refs: 3

JNI global refs memory usage: 843, weak refs: 841


---------------  S Y S T E M  ---------------

OS:
 Windows 11 , 64 bit Build 26100 (10.0.26100.2992)
OS uptime: 1 days 0:36 hours
Hyper-V role detected

CPU: total 12 (initial active 12) (6 cores per cpu, 2 threads per core) family 6 model 154 stepping 4 microcode 0x435, cx8, cmov, fxsr, ht, mmx, 3dnowpref, sse, sse2, sse3, ssse3, sse4.1, sse4.2, popcnt, lzcnt, tsc, tscinvbit, avx, avx2, aes, erms, clmul, bmi1, bmi2, adx, sha, fma, vzeroupper, clflush, clflushopt, clwb, hv

Memory: 4k page, system-wide physical 16016M (2141M free)
TotalPageFile size 20016M (AvailPageFile size 5M)
current process WorkingSet (physical memory assigned to process): 400M, peak: 412M
current process commit charge ("private bytes"): 439M, peak: 454M

vm_info: OpenJDK 64-Bit Server VM (17.0.6+0-b2043.56-10027231) for windows-amd64 JRE (17.0.6+0-b2043.56-10027231), built on Apr 28 2023 00:43:19 by "androidbuild" with MS VC++ 16.10 / 16.11 (VS2019)

END.
