#
# There is insufficient memory for the Java Runtime Environment to continue.
# Native memory allocation (malloc) failed to allocate 1105296 bytes for Chunk::new
# Possible reasons:
#   The system is out of physical RAM or swap space
#   The process is running with CompressedOops enabled, and the Java Heap may be blocking the growth of the native heap
# Possible solutions:
#   Reduce memory load on the system
#   Increase physical memory or swap space
#   Check if swap backing store is full
#   Decrease Java heap size (-Xmx/-Xms)
#   Decrease number of Java threads
#   Decrease Java thread stack sizes (-Xss)
#   Set larger code cache with -XX:ReservedCodeCacheSize=
#   JVM is running with Unscaled Compressed Oops mode in which the Java heap is
#     placed in the first 4GB address space. The Java Heap base address is the
#     maximum limit for the native heap growth. Please use -XX:HeapBaseMinAddress
#     to set the Java Heap base and to place the Java Heap above 4GB virtual address.
# This output file may be truncated or incomplete.
#
#  Out of Memory Error (arena.cpp:189), pid=4572, tid=10764
#
# JRE version: OpenJDK Runtime Environment (17.0.6) (build 17.0.6+0-b2043.56-10027231)
# Java VM: OpenJDK 64-Bit Server VM (17.0.6+0-b2043.56-10027231, mixed mode, tiered, compressed oops, compressed class ptrs, g1 gc, windows-amd64)
# No core dump will be written. Minidumps are not enabled by default on client versions of Windows
#

---------------  S U M M A R Y ------------

Command Line: --add-opens=java.base/java.util=ALL-UNNAMED --add-opens=java.base/java.lang=ALL-UNNAMED --add-opens=java.base/java.lang.invoke=ALL-UNNAMED --add-opens=java.prefs/java.util.prefs=ALL-UNNAMED --add-opens=java.base/java.nio.charset=ALL-UNNAMED --add-opens=java.base/java.net=ALL-UNNAMED --add-opens=java.base/java.util.concurrent.atomic=ALL-UNNAMED -Xmx2048m -Dfile.encoding=UTF-8 -Duser.country=FR -Duser.language=fr -Duser.variant org.gradle.launcher.daemon.bootstrap.GradleDaemon 8.0

Host: 12th Gen Intel(R) Core(TM) i7-1255U, 12 cores, 15G,  Windows 11 , 64 bit Build 26100 (10.0.26100.2992)
Time: Wed Mar 19 15:06:12 2025 Paris, Madrid elapsed time: 10.777198 seconds (0d 0h 0m 10s)

---------------  T H R E A D  ---------------

Current thread (0x000002442d3892e0):  JavaThread "C2 CompilerThread1" daemon [_thread_in_native, id=10764, stack(0x0000009361700000,0x0000009361800000)]


Current CompileTask:
C2:  10777 7346       4       com.google.common.collect.ImmutableSet$RegularSetBuilderImpl::add (68 bytes)

Stack: [0x0000009361700000,0x0000009361800000]
Native frames: (J=compiled Java code, j=interpreted, Vv=VM code, C=native code)
V  [jvm.dll+0x683c9a]
V  [jvm.dll+0x8427a4]
V  [jvm.dll+0x843f9e]
V  [jvm.dll+0x844603]
V  [jvm.dll+0x249b75]
V  [jvm.dll+0xabcac]
V  [jvm.dll+0xac27c]
V  [jvm.dll+0x368857]
V  [jvm.dll+0x1bd0b8]
V  [jvm.dll+0x21c359]
V  [jvm.dll+0x21b621]
V  [jvm.dll+0x1a4fdd]
V  [jvm.dll+0x22b098]
V  [jvm.dll+0x229159]
V  [jvm.dll+0x7f81ec]
V  [jvm.dll+0x7f274a]
V  [jvm.dll+0x682ad5]
C  [ucrtbase.dll+0x37b0]
C  [KERNEL32.DLL+0x2e8d7]
C  [ntdll.dll+0xbbf6c]


---------------  P R O C E S S  ---------------

Threads class SMR info:
_java_thread_list=0x00000244267e7960, length=172, elements={
0x00000244099446c0, 0x0000024424c4f4f0, 0x0000024424c51ec0, 0x0000024424c88700,
0x0000024424c9bb10, 0x0000024424c9ef50, 0x0000024424ca0380, 0x0000024424cb1f00,
0x0000024424cb6d10, 0x0000024424cbb620, 0x0000024424e38010, 0x0000024424e3c500,
0x000002442748bc40, 0x0000024425a57cd0, 0x000002442690e020, 0x00000244268a5860,
0x00000244268a6130, 0x00000244275c7bf0, 0x00000244275c84d0, 0x00000244275c5190,
0x00000244275d0750, 0x00000244275d2900, 0x00000244275d10f0, 0x00000244275d15c0,
0x00000244275d1a90, 0x00000244275d1f60, 0x00000244275cef40, 0x00000244275d2430,
0x00000244275cf410, 0x00000244275d0c20, 0x00000244275cfdb0, 0x00000244275cf8e0,
0x00000244278a92a0, 0x00000244278a8430, 0x00000244278aa5e0, 0x00000244278a9770,
0x00000244278a9c40, 0x00000244278a70f0, 0x00000244278ab920, 0x00000244278ab450,
0x00000244278ac2c0, 0x00000244278acc60, 0x00000244278ad600, 0x00000244278adad0,
0x00000244278aaf80, 0x00000244278ad130, 0x000002442ce3a0d0, 0x000002442ce3b410,
0x000002442ce38d90, 0x000002442ce3aa70, 0x000002442ce37a50, 0x000002442ce39730,
0x000002442ce388c0, 0x000002442ce3b8e0, 0x000002442ce3af40, 0x000002442ce39260,
0x000002442ce37f20, 0x000002442ce39c00, 0x000002442ce3a5a0, 0x000002442ce3bdb0,
0x000002442ce383f0, 0x000002442ce3c280, 0x000002442ce3c750, 0x000002442ce3cc20,
0x000002442ce3da90, 0x000002442ce3e430, 0x000002442ce3d0f0, 0x000002442ce3df60,
0x000002442ce3e900, 0x000002442ce3d5c0, 0x000002442ce3edd0, 0x000002442ce3f2a0,
0x000002442d339ef0, 0x000002442d339550, 0x000002442d338bb0, 0x000002442d336ed0,
0x000002442d338210, 0x000002442d3373a0, 0x000002442d337870, 0x000002442d337d40,
0x000002442d339080, 0x000002442d3386e0, 0x000002442d339a20, 0x000002442d336530,
0x000002442d33a3c0, 0x000002442d336a00, 0x000002442d33a890, 0x000002442d33dd80,
0x000002442d33b700, 0x000002442d33bbd0, 0x000002442d33ad60, 0x000002442d33b230,
0x000002442d33c0a0, 0x000002442d33c570, 0x000002442d33ca40, 0x000002442d33cf10,
0x000002442d33d3e0, 0x000002442d33d8b0, 0x000002442a5f54e0, 0x000002442a5f5e80,
0x000002442a5f59b0, 0x000002442a5f6350, 0x000002442a5f6cf0, 0x000002442a5f3cd0,
0x000002442a5f4b40, 0x000002442a5f4670, 0x000002442a5f6820, 0x000002442a5f71c0,
0x000002442a5f3800, 0x000002442a5f7690, 0x000002442a5f7b60, 0x000002442a5f41a0,
0x000002442a5f89d0, 0x000002442a5f8030, 0x000002442a5f8500, 0x000002442a5f5010,
0x000002442a5f8ea0, 0x000002442a5fa1e0, 0x000002442a5fa6b0, 0x000002442a5f9370,
0x000002442a5f9840, 0x000002442a5f9d10, 0x000002442a5fab80, 0x000002442a5fb050,
0x000002442a9a5e50, 0x000002442a9a5980, 0x000002442a9a7660, 0x000002442a9a6320,
0x000002442a9a84d0, 0x000002442a9a7b30, 0x000002442a9a54b0, 0x000002442a9a7190,
0x000002442a9a8000, 0x000002442a9a67f0, 0x000002442a9a4fe0, 0x000002442a9a9ce0,
0x000002442a9a89a0, 0x000002442a9aa680, 0x000002442a9a9810, 0x000002442a9a9340,
0x000002442a9a8e70, 0x000002442a9aa1b0, 0x000002442a9a6cc0, 0x000002442a9ab020,
0x000002442a9aab50, 0x000002442a9ac360, 0x000002442a9ac830, 0x000002442a9ab9c0,
0x000002442a9ab4f0, 0x000002442b053a70, 0x000002442b0548e0, 0x000002442b054410,
0x000002442b054db0, 0x000002442b056a90, 0x000002442b0535a0, 0x000002442b0530d0,
0x000002442b056f60, 0x000002442b055280, 0x000002442b057900, 0x000002442b055750,
0x000002442b055c20, 0x000002442b0560f0, 0x000002442b0565c0, 0x000002442b057430,
0x000002442b053f40, 0x000002442b057dd0, 0x000002442b0582a0, 0x000002442b058770,
0x000002442d3892e0, 0x000002442b059f80, 0x000002442b059ab0, 0x000002442d3888c0
}

Java Threads: ( => current thread )
  0x00000244099446c0 JavaThread "main" [_thread_blocked, id=25148, stack(0x000000935fd00000,0x000000935fe00000)]
  0x0000024424c4f4f0 JavaThread "Reference Handler" daemon [_thread_blocked, id=25088, stack(0x0000009360400000,0x0000009360500000)]
  0x0000024424c51ec0 JavaThread "Finalizer" daemon [_thread_blocked, id=25960, stack(0x0000009360500000,0x0000009360600000)]
  0x0000024424c88700 JavaThread "Signal Dispatcher" daemon [_thread_blocked, id=21304, stack(0x0000009360600000,0x0000009360700000)]
  0x0000024424c9bb10 JavaThread "Attach Listener" daemon [_thread_blocked, id=18932, stack(0x0000009360700000,0x0000009360800000)]
  0x0000024424c9ef50 JavaThread "Service Thread" daemon [_thread_blocked, id=19284, stack(0x0000009360800000,0x0000009360900000)]
  0x0000024424ca0380 JavaThread "Monitor Deflation Thread" daemon [_thread_blocked, id=28156, stack(0x0000009360900000,0x0000009360a00000)]
  0x0000024424cb1f00 JavaThread "C2 CompilerThread0" daemon [_thread_in_native, id=22884, stack(0x0000009360a00000,0x0000009360b00000)]
  0x0000024424cb6d10 JavaThread "C1 CompilerThread0" daemon [_thread_blocked, id=22024, stack(0x0000009360b00000,0x0000009360c00000)]
  0x0000024424cbb620 JavaThread "Sweeper thread" daemon [_thread_blocked, id=7392, stack(0x0000009360c00000,0x0000009360d00000)]
  0x0000024424e38010 JavaThread "Common-Cleaner" daemon [_thread_blocked, id=25840, stack(0x0000009360d00000,0x0000009360e00000)]
  0x0000024424e3c500 JavaThread "Notification Thread" daemon [_thread_blocked, id=25880, stack(0x0000009360e00000,0x0000009360f00000)]
  0x000002442748bc40 JavaThread "Daemon health stats" [_thread_blocked, id=816, stack(0x0000009361600000,0x0000009361700000)]
  0x0000024425a57cd0 JavaThread "Incoming local TCP Connector on port 50916" [_thread_in_native, id=25884, stack(0x0000009361000000,0x0000009361100000)]
  0x000002442690e020 JavaThread "Daemon periodic checks" [_thread_blocked, id=5696, stack(0x0000009361800000,0x0000009361900000)]
  0x00000244268a5860 JavaThread "Daemon" [_thread_blocked, id=28376, stack(0x0000009361900000,0x0000009361a00000)]
  0x00000244268a6130 JavaThread "Handler for socket connection from /127.0.0.1:50916 to /127.0.0.1:50917" [_thread_in_native, id=28656, stack(0x0000009361a00000,0x0000009361b00000)]
  0x00000244275c7bf0 JavaThread "Cancel handler" [_thread_blocked, id=1136, stack(0x0000009361b00000,0x0000009361c00000)]
  0x00000244275c84d0 JavaThread "Daemon worker" [_thread_in_vm, id=27416, stack(0x0000009361c00000,0x0000009361d00000)]
  0x00000244275c5190 JavaThread "Asynchronous log dispatcher for DefaultDaemonConnection: socket connection from /127.0.0.1:50916 to /127.0.0.1:50917" [_thread_blocked, id=24872, stack(0x0000009361d00000,0x0000009361e00000)]
  0x00000244275d0750 JavaThread "Stdin handler" [_thread_blocked, id=23636, stack(0x0000009361e00000,0x0000009361f00000)]
  0x00000244275d2900 JavaThread "Daemon client event forwarder" [_thread_blocked, id=17312, stack(0x0000009361f00000,0x0000009362000000)]
  0x00000244275d10f0 JavaThread "Cache worker for journal cache (C:\Users\svo\.gradle\caches\journal-1)" [_thread_blocked, id=25532, stack(0x0000009362600000,0x0000009362700000)]
  0x00000244275d15c0 JavaThread "File lock request listener" [_thread_in_native, id=22880, stack(0x0000009362700000,0x0000009362800000)]
  0x00000244275d1a90 JavaThread "Cache worker for file hash cache (C:\Users\svo\.gradle\caches\8.0\fileHashes)" [_thread_blocked, id=22552, stack(0x0000009362800000,0x0000009362900000)]
  0x00000244275d1f60 JavaThread "File watcher server" daemon [_thread_in_native, id=21764, stack(0x0000009362900000,0x0000009362a00000)]
  0x00000244275cef40 JavaThread "File watcher consumer" daemon [_thread_blocked, id=26032, stack(0x0000009362a00000,0x0000009362b00000)]
  0x00000244275d2430 JavaThread "Cache worker for checksums cache (C:\BTS\ANDROID\WkRFTG\ApplicationRFTG\.gradle\8.0\checksums)" [_thread_blocked, id=27132, stack(0x0000009362b00000,0x0000009362c00000)]
  0x00000244275cf410 JavaThread "Cache worker for cache directory md-rule (C:\Users\svo\.gradle\caches\8.0\md-rule)" [_thread_blocked, id=23392, stack(0x0000009362c00000,0x0000009362d00000)]
  0x00000244275d0c20 JavaThread "Cache worker for file content cache (C:\Users\svo\.gradle\caches\8.0\fileContent)" [_thread_blocked, id=26880, stack(0x0000009362d00000,0x0000009362e00000)]
  0x00000244275cfdb0 JavaThread "Cache worker for file hash cache (C:\BTS\ANDROID\WkRFTG\ApplicationRFTG\.gradle\8.0\fileHashes)" [_thread_blocked, id=21392, stack(0x0000009362e00000,0x0000009362f00000)]
  0x00000244275cf8e0 JavaThread "Cache worker for cache directory md-supplier (C:\Users\svo\.gradle\caches\8.0\md-supplier)" [_thread_blocked, id=2036, stack(0x0000009362f00000,0x0000009363000000)]
  0x00000244278a92a0 JavaThread "Cache worker for execution history cache (C:\Users\svo\.gradle\caches\8.0\executionHistory)" [_thread_blocked, id=18988, stack(0x0000009363000000,0x0000009363100000)]
  0x00000244278a8430 JavaThread "jar transforms" [_thread_blocked, id=24692, stack(0x0000009363100000,0x0000009363200000)]
  0x00000244278aa5e0 JavaThread "jar transforms Thread 2" [_thread_blocked, id=27340, stack(0x0000009363200000,0x0000009363300000)]
  0x00000244278a9770 JavaThread "Cache worker for kotlin-dsl (C:\Users\svo\.gradle\caches\8.0\kotlin-dsl)" [_thread_blocked, id=23156, stack(0x0000009363400000,0x0000009363500000)]
  0x00000244278a9c40 JavaThread "jar transforms Thread 3" [_thread_blocked, id=21452, stack(0x0000009363500000,0x0000009363600000)]
  0x00000244278a70f0 JavaThread "jar transforms Thread 4" [_thread_blocked, id=27748, stack(0x0000009363600000,0x0000009363700000)]
  0x00000244278ab920 JavaThread "Cache worker for dependencies-accessors (C:\BTS\ANDROID\WkRFTG\ApplicationRFTG\.gradle\8.0\dependencies-accessors)" [_thread_blocked, id=13760, stack(0x0000009363700000,0x0000009363800000)]
  0x00000244278ab450 JavaThread "Cache worker for Build Output Cleanup Cache (C:\BTS\ANDROID\WkRFTG\ApplicationRFTG\.gradle\buildOutputCleanup)" [_thread_blocked, id=28236, stack(0x0000009363800000,0x0000009363900000)]
  0x00000244278ac2c0 JavaThread "jar transforms Thread 5" [_thread_blocked, id=26004, stack(0x0000009363900000,0x0000009363a00000)]
  0x00000244278acc60 JavaThread "Unconstrained build operations" [_thread_blocked, id=7248, stack(0x0000009363a00000,0x0000009363b00000)]
  0x00000244278ad600 JavaThread "Unconstrained build operations Thread 2" [_thread_blocked, id=7016, stack(0x0000009363b00000,0x0000009363c00000)]
  0x00000244278adad0 JavaThread "Unconstrained build operations Thread 3" [_thread_blocked, id=23408, stack(0x0000009363c00000,0x0000009363d00000)]
  0x00000244278aaf80 JavaThread "Unconstrained build operations Thread 4" [_thread_blocked, id=19304, stack(0x0000009363d00000,0x0000009363e00000)]
  0x00000244278ad130 JavaThread "Unconstrained build operations Thread 5" [_thread_blocked, id=16776, stack(0x0000009363e00000,0x0000009363f00000)]
  0x000002442ce3a0d0 JavaThread "Unconstrained build operations Thread 6" [_thread_blocked, id=23532, stack(0x0000009363f00000,0x0000009364000000)]
  0x000002442ce3b410 JavaThread "Unconstrained build operations Thread 7" [_thread_blocked, id=7188, stack(0x0000009364000000,0x0000009364100000)]
  0x000002442ce38d90 JavaThread "Unconstrained build operations Thread 8" [_thread_blocked, id=21144, stack(0x0000009364100000,0x0000009364200000)]
  0x000002442ce3aa70 JavaThread "Unconstrained build operations Thread 9" [_thread_blocked, id=14612, stack(0x0000009364200000,0x0000009364300000)]
  0x000002442ce37a50 JavaThread "Unconstrained build operations Thread 10" [_thread_blocked, id=22872, stack(0x0000009364300000,0x0000009364400000)]
  0x000002442ce39730 JavaThread "Unconstrained build operations Thread 11" [_thread_blocked, id=11460, stack(0x0000009364400000,0x0000009364500000)]
  0x000002442ce388c0 JavaThread "Unconstrained build operations Thread 12" [_thread_blocked, id=11724, stack(0x0000009364500000,0x0000009364600000)]
  0x000002442ce3b8e0 JavaThread "Unconstrained build operations Thread 13" [_thread_blocked, id=17416, stack(0x0000009364600000,0x0000009364700000)]
  0x000002442ce3af40 JavaThread "Unconstrained build operations Thread 14" [_thread_blocked, id=9840, stack(0x0000009364700000,0x0000009364800000)]
  0x000002442ce39260 JavaThread "Unconstrained build operations Thread 15" [_thread_blocked, id=22196, stack(0x0000009364800000,0x0000009364900000)]
  0x000002442ce37f20 JavaThread "Unconstrained build operations Thread 16" [_thread_blocked, id=25908, stack(0x0000009364900000,0x0000009364a00000)]
  0x000002442ce39c00 JavaThread "Unconstrained build operations Thread 17" [_thread_blocked, id=7352, stack(0x0000009364a00000,0x0000009364b00000)]
  0x000002442ce3a5a0 JavaThread "Unconstrained build operations Thread 18" [_thread_blocked, id=20108, stack(0x0000009364b00000,0x0000009364c00000)]
  0x000002442ce3bdb0 JavaThread "Unconstrained build operations Thread 19" [_thread_blocked, id=13572, stack(0x0000009364c00000,0x0000009364d00000)]
  0x000002442ce383f0 JavaThread "Unconstrained build operations Thread 20" [_thread_blocked, id=7524, stack(0x0000009364d00000,0x0000009364e00000)]
  0x000002442ce3c280 JavaThread "Unconstrained build operations Thread 21" [_thread_blocked, id=27640, stack(0x0000009364e00000,0x0000009364f00000)]
  0x000002442ce3c750 JavaThread "Unconstrained build operations Thread 22" [_thread_blocked, id=27852, stack(0x0000009364f00000,0x0000009365000000)]
  0x000002442ce3cc20 JavaThread "Unconstrained build operations Thread 23" [_thread_blocked, id=18356, stack(0x0000009365000000,0x0000009365100000)]
  0x000002442ce3da90 JavaThread "Unconstrained build operations Thread 24" [_thread_blocked, id=27892, stack(0x0000009365100000,0x0000009365200000)]
  0x000002442ce3e430 JavaThread "Unconstrained build operations Thread 25" [_thread_blocked, id=28160, stack(0x0000009365200000,0x0000009365300000)]
  0x000002442ce3d0f0 JavaThread "Unconstrained build operations Thread 26" [_thread_blocked, id=21712, stack(0x0000009365300000,0x0000009365400000)]
  0x000002442ce3df60 JavaThread "Unconstrained build operations Thread 27" [_thread_blocked, id=12068, stack(0x0000009365400000,0x0000009365500000)]
  0x000002442ce3e900 JavaThread "Unconstrained build operations Thread 28" [_thread_blocked, id=2652, stack(0x0000009365500000,0x0000009365600000)]
  0x000002442ce3d5c0 JavaThread "Unconstrained build operations Thread 29" [_thread_blocked, id=23432, stack(0x0000009365600000,0x0000009365700000)]
  0x000002442ce3edd0 JavaThread "Unconstrained build operations Thread 30" [_thread_blocked, id=27652, stack(0x0000009365700000,0x0000009365800000)]
  0x000002442ce3f2a0 JavaThread "Unconstrained build operations Thread 31" [_thread_blocked, id=6124, stack(0x0000009365800000,0x0000009365900000)]
  0x000002442d339ef0 JavaThread "Unconstrained build operations Thread 32" [_thread_blocked, id=28112, stack(0x0000009365900000,0x0000009365a00000)]
  0x000002442d339550 JavaThread "Unconstrained build operations Thread 33" [_thread_blocked, id=23336, stack(0x0000009365a00000,0x0000009365b00000)]
  0x000002442d338bb0 JavaThread "Unconstrained build operations Thread 34" [_thread_blocked, id=24004, stack(0x0000009365b00000,0x0000009365c00000)]
  0x000002442d336ed0 JavaThread "Unconstrained build operations Thread 35" [_thread_blocked, id=22672, stack(0x0000009365c00000,0x0000009365d00000)]
  0x000002442d338210 JavaThread "Unconstrained build operations Thread 36" [_thread_blocked, id=11792, stack(0x0000009365d00000,0x0000009365e00000)]
  0x000002442d3373a0 JavaThread "Unconstrained build operations Thread 37" [_thread_blocked, id=12936, stack(0x0000009365e00000,0x0000009365f00000)]
  0x000002442d337870 JavaThread "Unconstrained build operations Thread 38" [_thread_blocked, id=24592, stack(0x0000009365f00000,0x0000009366000000)]
  0x000002442d337d40 JavaThread "Unconstrained build operations Thread 39" [_thread_blocked, id=28572, stack(0x0000009366000000,0x0000009366100000)]
  0x000002442d339080 JavaThread "Unconstrained build operations Thread 40" [_thread_blocked, id=14624, stack(0x0000009366100000,0x0000009366200000)]
  0x000002442d3386e0 JavaThread "Unconstrained build operations Thread 41" [_thread_blocked, id=16164, stack(0x0000009366200000,0x0000009366300000)]
  0x000002442d339a20 JavaThread "Unconstrained build operations Thread 42" [_thread_blocked, id=24064, stack(0x0000009366300000,0x0000009366400000)]
  0x000002442d336530 JavaThread "Unconstrained build operations Thread 43" [_thread_blocked, id=15564, stack(0x0000009366400000,0x0000009366500000)]
  0x000002442d33a3c0 JavaThread "Unconstrained build operations Thread 44" [_thread_blocked, id=18000, stack(0x0000009366500000,0x0000009366600000)]
  0x000002442d336a00 JavaThread "Unconstrained build operations Thread 45" [_thread_blocked, id=24528, stack(0x0000009366600000,0x0000009366700000)]
  0x000002442d33a890 JavaThread "Unconstrained build operations Thread 46" [_thread_blocked, id=14860, stack(0x0000009366700000,0x0000009366800000)]
  0x000002442d33dd80 JavaThread "Unconstrained build operations Thread 47" [_thread_blocked, id=16940, stack(0x0000009366800000,0x0000009366900000)]
  0x000002442d33b700 JavaThread "Unconstrained build operations Thread 48" [_thread_blocked, id=4700, stack(0x0000009366900000,0x0000009366a00000)]
  0x000002442d33bbd0 JavaThread "Unconstrained build operations Thread 49" [_thread_blocked, id=25024, stack(0x0000009366a00000,0x0000009366b00000)]
  0x000002442d33ad60 JavaThread "Unconstrained build operations Thread 50" [_thread_blocked, id=26436, stack(0x0000009366b00000,0x0000009366c00000)]
  0x000002442d33b230 JavaThread "Unconstrained build operations Thread 51" [_thread_blocked, id=26396, stack(0x0000009366c00000,0x0000009366d00000)]
  0x000002442d33c0a0 JavaThread "Unconstrained build operations Thread 52" [_thread_blocked, id=2072, stack(0x0000009366d00000,0x0000009366e00000)]
  0x000002442d33c570 JavaThread "Unconstrained build operations Thread 53" [_thread_blocked, id=24252, stack(0x0000009366e00000,0x0000009366f00000)]
  0x000002442d33ca40 JavaThread "Unconstrained build operations Thread 54" [_thread_blocked, id=896, stack(0x0000009366f00000,0x0000009367000000)]
  0x000002442d33cf10 JavaThread "Unconstrained build operations Thread 55" [_thread_blocked, id=24256, stack(0x0000009367000000,0x0000009367100000)]
  0x000002442d33d3e0 JavaThread "Unconstrained build operations Thread 56" [_thread_blocked, id=13148, stack(0x0000009367100000,0x0000009367200000)]
  0x000002442d33d8b0 JavaThread "Unconstrained build operations Thread 57" [_thread_blocked, id=23364, stack(0x0000009367200000,0x0000009367300000)]
  0x000002442a5f54e0 JavaThread "Unconstrained build operations Thread 58" [_thread_blocked, id=24588, stack(0x0000009367300000,0x0000009367400000)]
  0x000002442a5f5e80 JavaThread "Unconstrained build operations Thread 59" [_thread_blocked, id=10096, stack(0x0000009367400000,0x0000009367500000)]
  0x000002442a5f59b0 JavaThread "Unconstrained build operations Thread 60" [_thread_blocked, id=27976, stack(0x0000009367500000,0x0000009367600000)]
  0x000002442a5f6350 JavaThread "Unconstrained build operations Thread 61" [_thread_blocked, id=22476, stack(0x0000009367600000,0x0000009367700000)]
  0x000002442a5f6cf0 JavaThread "Unconstrained build operations Thread 62" [_thread_blocked, id=28532, stack(0x0000009367700000,0x0000009367800000)]
  0x000002442a5f3cd0 JavaThread "Unconstrained build operations Thread 63" [_thread_blocked, id=28260, stack(0x0000009367800000,0x0000009367900000)]
  0x000002442a5f4b40 JavaThread "Unconstrained build operations Thread 64" [_thread_blocked, id=4488, stack(0x0000009367900000,0x0000009367a00000)]
  0x000002442a5f4670 JavaThread "Unconstrained build operations Thread 65" [_thread_blocked, id=8972, stack(0x0000009367a00000,0x0000009367b00000)]
  0x000002442a5f6820 JavaThread "Unconstrained build operations Thread 66" [_thread_blocked, id=13428, stack(0x0000009367b00000,0x0000009367c00000)]
  0x000002442a5f71c0 JavaThread "Unconstrained build operations Thread 67" [_thread_blocked, id=16368, stack(0x0000009367c00000,0x0000009367d00000)]
  0x000002442a5f3800 JavaThread "Unconstrained build operations Thread 68" [_thread_blocked, id=28480, stack(0x0000009367d00000,0x0000009367e00000)]
  0x000002442a5f7690 JavaThread "Unconstrained build operations Thread 69" [_thread_blocked, id=21476, stack(0x0000009367e00000,0x0000009367f00000)]
  0x000002442a5f7b60 JavaThread "Unconstrained build operations Thread 70" [_thread_blocked, id=25548, stack(0x0000009367f00000,0x0000009368000000)]
  0x000002442a5f41a0 JavaThread "Unconstrained build operations Thread 71" [_thread_blocked, id=5604, stack(0x0000009368000000,0x0000009368100000)]
  0x000002442a5f89d0 JavaThread "Unconstrained build operations Thread 72" [_thread_blocked, id=13860, stack(0x0000009368100000,0x0000009368200000)]
  0x000002442a5f8030 JavaThread "Unconstrained build operations Thread 73" [_thread_blocked, id=9288, stack(0x0000009368200000,0x0000009368300000)]
  0x000002442a5f8500 JavaThread "Unconstrained build operations Thread 74" [_thread_blocked, id=4680, stack(0x0000009368300000,0x0000009368400000)]
  0x000002442a5f5010 JavaThread "Unconstrained build operations Thread 75" [_thread_blocked, id=25284, stack(0x0000009368400000,0x0000009368500000)]
  0x000002442a5f8ea0 JavaThread "Unconstrained build operations Thread 76" [_thread_blocked, id=20752, stack(0x0000009368500000,0x0000009368600000)]
  0x000002442a5fa1e0 JavaThread "Unconstrained build operations Thread 77" [_thread_blocked, id=22336, stack(0x0000009368600000,0x0000009368700000)]
  0x000002442a5fa6b0 JavaThread "Unconstrained build operations Thread 78" [_thread_blocked, id=25892, stack(0x0000009368700000,0x0000009368800000)]
  0x000002442a5f9370 JavaThread "Unconstrained build operations Thread 79" [_thread_blocked, id=22488, stack(0x0000009368800000,0x0000009368900000)]
  0x000002442a5f9840 JavaThread "Unconstrained build operations Thread 80" [_thread_blocked, id=22436, stack(0x0000009368900000,0x0000009368a00000)]
  0x000002442a5f9d10 JavaThread "Unconstrained build operations Thread 81" [_thread_blocked, id=17360, stack(0x0000009368a00000,0x0000009368b00000)]
  0x000002442a5fab80 JavaThread "Unconstrained build operations Thread 82" [_thread_blocked, id=18148, stack(0x0000009368b00000,0x0000009368c00000)]
  0x000002442a5fb050 JavaThread "Unconstrained build operations Thread 83" [_thread_blocked, id=24868, stack(0x0000009368c00000,0x0000009368d00000)]
  0x000002442a9a5e50 JavaThread "Unconstrained build operations Thread 84" [_thread_blocked, id=22312, stack(0x0000009368d00000,0x0000009368e00000)]
  0x000002442a9a5980 JavaThread "Unconstrained build operations Thread 85" [_thread_blocked, id=26988, stack(0x0000009368e00000,0x0000009368f00000)]
  0x000002442a9a7660 JavaThread "Unconstrained build operations Thread 86" [_thread_blocked, id=22784, stack(0x0000009368f00000,0x0000009369000000)]
  0x000002442a9a6320 JavaThread "Unconstrained build operations Thread 87" [_thread_blocked, id=26404, stack(0x0000009369000000,0x0000009369100000)]
  0x000002442a9a84d0 JavaThread "Unconstrained build operations Thread 88" [_thread_blocked, id=12488, stack(0x0000009369100000,0x0000009369200000)]
  0x000002442a9a7b30 JavaThread "Unconstrained build operations Thread 89" [_thread_blocked, id=23304, stack(0x0000009369200000,0x0000009369300000)]
  0x000002442a9a54b0 JavaThread "Unconstrained build operations Thread 90" [_thread_blocked, id=27760, stack(0x0000009369300000,0x0000009369400000)]
  0x000002442a9a7190 JavaThread "Unconstrained build operations Thread 91" [_thread_blocked, id=25932, stack(0x0000009369400000,0x0000009369500000)]
  0x000002442a9a8000 JavaThread "Unconstrained build operations Thread 92" [_thread_blocked, id=9472, stack(0x0000009369500000,0x0000009369600000)]
  0x000002442a9a67f0 JavaThread "Unconstrained build operations Thread 93" [_thread_blocked, id=15876, stack(0x0000009369600000,0x0000009369700000)]
  0x000002442a9a4fe0 JavaThread "Unconstrained build operations Thread 94" [_thread_blocked, id=8548, stack(0x0000009369700000,0x0000009369800000)]
  0x000002442a9a9ce0 JavaThread "Unconstrained build operations Thread 95" [_thread_blocked, id=27524, stack(0x0000009369800000,0x0000009369900000)]
  0x000002442a9a89a0 JavaThread "Unconstrained build operations Thread 96" [_thread_blocked, id=11016, stack(0x0000009369900000,0x0000009369a00000)]
  0x000002442a9aa680 JavaThread "Unconstrained build operations Thread 97" [_thread_blocked, id=21212, stack(0x0000009369a00000,0x0000009369b00000)]
  0x000002442a9a9810 JavaThread "Unconstrained build operations Thread 98" [_thread_blocked, id=19428, stack(0x0000009369b00000,0x0000009369c00000)]
  0x000002442a9a9340 JavaThread "Unconstrained build operations Thread 99" [_thread_blocked, id=18340, stack(0x0000009369c00000,0x0000009369d00000)]
  0x000002442a9a8e70 JavaThread "Unconstrained build operations Thread 100" [_thread_blocked, id=18940, stack(0x0000009369d00000,0x0000009369e00000)]
  0x000002442a9aa1b0 JavaThread "Unconstrained build operations Thread 101" [_thread_blocked, id=4632, stack(0x0000009369e00000,0x0000009369f00000)]
  0x000002442a9a6cc0 JavaThread "Unconstrained build operations Thread 102" [_thread_blocked, id=884, stack(0x0000009369f00000,0x000000936a000000)]
  0x000002442a9ab020 JavaThread "Unconstrained build operations Thread 103" [_thread_blocked, id=12032, stack(0x000000936a000000,0x000000936a100000)]
  0x000002442a9aab50 JavaThread "Unconstrained build operations Thread 104" [_thread_blocked, id=25156, stack(0x000000936a100000,0x000000936a200000)]
  0x000002442a9ac360 JavaThread "Unconstrained build operations Thread 105" [_thread_blocked, id=12496, stack(0x000000936a200000,0x000000936a300000)]
  0x000002442a9ac830 JavaThread "Unconstrained build operations Thread 106" [_thread_blocked, id=14592, stack(0x000000936a300000,0x000000936a400000)]
  0x000002442a9ab9c0 JavaThread "Unconstrained build operations Thread 107" [_thread_blocked, id=16376, stack(0x000000936a400000,0x000000936a500000)]
  0x000002442a9ab4f0 JavaThread "Unconstrained build operations Thread 108" [_thread_blocked, id=7272, stack(0x000000936a500000,0x000000936a600000)]
  0x000002442b053a70 JavaThread "Unconstrained build operations Thread 109" [_thread_blocked, id=21120, stack(0x000000936a600000,0x000000936a700000)]
  0x000002442b0548e0 JavaThread "Unconstrained build operations Thread 110" [_thread_blocked, id=20520, stack(0x000000936a700000,0x000000936a800000)]
  0x000002442b054410 JavaThread "Unconstrained build operations Thread 111" [_thread_blocked, id=17028, stack(0x000000936a800000,0x000000936a900000)]
  0x000002442b054db0 JavaThread "Unconstrained build operations Thread 112" [_thread_blocked, id=21272, stack(0x000000936a900000,0x000000936aa00000)]
  0x000002442b056a90 JavaThread "Unconstrained build operations Thread 113" [_thread_blocked, id=5628, stack(0x000000936aa00000,0x000000936ab00000)]
  0x000002442b0535a0 JavaThread "Unconstrained build operations Thread 114" [_thread_blocked, id=16544, stack(0x000000936ab00000,0x000000936ac00000)]
  0x000002442b0530d0 JavaThread "Unconstrained build operations Thread 115" [_thread_blocked, id=17756, stack(0x000000936ac00000,0x000000936ad00000)]
  0x000002442b056f60 JavaThread "Unconstrained build operations Thread 116" [_thread_blocked, id=9956, stack(0x000000936ad00000,0x000000936ae00000)]
  0x000002442b055280 JavaThread "Unconstrained build operations Thread 117" [_thread_blocked, id=10892, stack(0x000000936ae00000,0x000000936af00000)]
  0x000002442b057900 JavaThread "Unconstrained build operations Thread 118" [_thread_blocked, id=9396, stack(0x000000936af00000,0x000000936b000000)]
  0x000002442b055750 JavaThread "Unconstrained build operations Thread 119" [_thread_blocked, id=16380, stack(0x000000936b000000,0x000000936b100000)]
  0x000002442b055c20 JavaThread "Unconstrained build operations Thread 120" [_thread_blocked, id=23440, stack(0x000000936b100000,0x000000936b200000)]
  0x000002442b0560f0 JavaThread "jar transforms Thread 6" [_thread_blocked, id=25356, stack(0x000000936b200000,0x000000936b300000)]
  0x000002442b0565c0 JavaThread "jar transforms Thread 7" [_thread_blocked, id=21900, stack(0x000000936b300000,0x000000936b400000)]
  0x000002442b057430 JavaThread "jar transforms Thread 8" [_thread_blocked, id=26688, stack(0x000000936b400000,0x000000936b500000)]
  0x000002442b053f40 JavaThread "jar transforms Thread 9" [_thread_blocked, id=2840, stack(0x000000936b500000,0x000000936b600000)]
  0x000002442b057dd0 JavaThread "jar transforms Thread 10" [_thread_blocked, id=28032, stack(0x000000936b600000,0x000000936b700000)]
  0x000002442b0582a0 JavaThread "jar transforms Thread 11" [_thread_blocked, id=20724, stack(0x000000936b700000,0x000000936b800000)]
  0x000002442b058770 JavaThread "jar transforms Thread 12" [_thread_blocked, id=19376, stack(0x000000936b800000,0x000000936b900000)]
=>0x000002442d3892e0 JavaThread "C2 CompilerThread1" daemon [_thread_in_native, id=10764, stack(0x0000009361700000,0x0000009361800000)]
  0x000002442b059f80 JavaThread "build event listener" [_thread_blocked, id=15424, stack(0x0000009363300000,0x0000009363400000)]
  0x000002442b059ab0 JavaThread "Memory manager" [_thread_blocked, id=2576, stack(0x000000936b900000,0x000000936ba00000)]
  0x000002442d3888c0 JavaThread "C2 CompilerThread2" daemon [_thread_in_native, id=26972, stack(0x000000936ba00000,0x000000936bb00000)]

Other Threads:
  0x0000024424380470 VMThread "VM Thread" [stack: 0x0000009360300000,0x0000009360400000] [id=12164]
  0x00000244099bff20 WatcherThread [stack: 0x0000009360f00000,0x0000009361000000] [id=22400]
  0x00000244099a3680 GCTaskThread "GC Thread#0" [stack: 0x000000935fe00000,0x000000935ff00000] [id=19196]
  0x0000024425bf5d70 GCTaskThread "GC Thread#1" [stack: 0x0000009361100000,0x0000009361200000] [id=13800]
  0x0000024425dccad0 GCTaskThread "GC Thread#2" [stack: 0x0000009361200000,0x0000009361300000] [id=24228]
  0x0000024425d5bfc0 GCTaskThread "GC Thread#3" [stack: 0x0000009361300000,0x0000009361400000] [id=13288]
  0x0000024425d5c270 GCTaskThread "GC Thread#4" [stack: 0x0000009361400000,0x0000009361500000] [id=24532]
  0x0000024425dcd150 GCTaskThread "GC Thread#5" [stack: 0x0000009361500000,0x0000009361600000] [id=20556]
  0x0000024425e23000 GCTaskThread "GC Thread#6" [stack: 0x0000009362000000,0x0000009362100000] [id=21928]
  0x0000024425e227f0 GCTaskThread "GC Thread#7" [stack: 0x0000009362100000,0x0000009362200000] [id=22412]
  0x0000024425e23810 GCTaskThread "GC Thread#8" [stack: 0x0000009362200000,0x0000009362300000] [id=23672]
  0x0000024425e232b0 GCTaskThread "GC Thread#9" [stack: 0x0000009362300000,0x0000009362400000] [id=14280]
  0x00000244099b44d0 ConcurrentGCThread "G1 Main Marker" [stack: 0x000000935ff00000,0x0000009360000000] [id=18508]
  0x00000244099b5ac0 ConcurrentGCThread "G1 Conc#0" [stack: 0x0000009360000000,0x0000009360100000] [id=7924]
  0x0000024425e23560 ConcurrentGCThread "G1 Conc#1" [stack: 0x0000009362400000,0x0000009362500000] [id=9496]
  0x0000024425e23ac0 ConcurrentGCThread "G1 Conc#2" [stack: 0x0000009362500000,0x0000009362600000] [id=10848]
  0x00000244099fe520 ConcurrentGCThread "G1 Refine#0" [stack: 0x0000009360100000,0x0000009360200000] [id=4436]
  0x00000244242301f0 ConcurrentGCThread "G1 Service" [stack: 0x0000009360200000,0x0000009360300000] [id=23248]

Threads with active compile tasks:
C2 CompilerThread0    10821 7410       4       com.google.common.collect.ImmutableSet$Builder::add (31 bytes)
C2 CompilerThread1    10821 7346       4       com.google.common.collect.ImmutableSet$RegularSetBuilderImpl::add (68 bytes)
C2 CompilerThread2    10821 7422       4       java.lang.ClassLoader::getDefinedPackage (36 bytes)

VM state: not at safepoint (normal execution)

VM Mutex/Monitor currently owned by a thread: None

Heap address: 0x0000000080000000, size: 2048 MB, Compressed Oops mode: 32-bit

CDS archive(s) not mapped
Compressed class space mapped at: 0x0000000100000000-0x0000000140000000, reserved size: 1073741824
Narrow klass base: 0x0000000000000000, Narrow klass shift: 3, Narrow klass range: 0x140000000

GC Precious Log:
 CPUs: 12 total, 12 available
 Memory: 16016M
 Large Page Support: Disabled
 NUMA Support: Disabled
 Compressed Oops: Enabled (32-bit)
 Heap Region Size: 1M
 Heap Min Capacity: 8M
 Heap Initial Capacity: 252M
 Heap Max Capacity: 2G
 Pre-touch: Disabled
 Parallel Workers: 10
 Concurrent Workers: 3
 Concurrent Refinement Workers: 10
 Periodic GC: Disabled

Heap:
 garbage-first heap   total 101376K, used 64129K [0x0000000080000000, 0x0000000100000000)
  region size 1024K, 10 young (10240K), 1 survivors (1024K)
 Metaspace       used 76878K, committed 77440K, reserved 1122304K
  class space    used 10422K, committed 10688K, reserved 1048576K

Heap Regions: E=young(eden), S=young(survivor), O=old, HS=humongous(starts), HC=humongous(continues), CS=collection set, F=free, OA=open archive, CA=closed archive, TAMS=top-at-mark-start (previous, next)
|   0|0x0000000080000000, 0x0000000080100000, 0x0000000080100000|100%|HS|  |TAMS 0x0000000080100000, 0x0000000080000000| Complete 
|   1|0x0000000080100000, 0x0000000080200000, 0x0000000080200000|100%|HC|  |TAMS 0x0000000080200000, 0x0000000080100000| Complete 
|   2|0x0000000080200000, 0x0000000080300000, 0x0000000080300000|100%|HC|  |TAMS 0x0000000080300000, 0x0000000080200000| Complete 
|   3|0x0000000080300000, 0x0000000080400000, 0x0000000080400000|100%|HC|  |TAMS 0x0000000080400000, 0x0000000080300000| Complete 
|   4|0x0000000080400000, 0x0000000080500000, 0x0000000080500000|100%| O|  |TAMS 0x0000000080500000, 0x0000000080400000| Untracked 
|   5|0x0000000080500000, 0x0000000080600000, 0x0000000080600000|100%| O|  |TAMS 0x0000000080600000, 0x0000000080500000| Untracked 
|   6|0x0000000080600000, 0x0000000080700000, 0x0000000080700000|100%| O|  |TAMS 0x0000000080700000, 0x0000000080600000| Untracked 
|   7|0x0000000080700000, 0x0000000080800000, 0x0000000080800000|100%| O|  |TAMS 0x0000000080800000, 0x0000000080700000| Untracked 
|   8|0x0000000080800000, 0x0000000080900000, 0x0000000080900000|100%| O|  |TAMS 0x0000000080900000, 0x0000000080800000| Untracked 
|   9|0x0000000080900000, 0x0000000080a00000, 0x0000000080a00000|100%| O|  |TAMS 0x0000000080a00000, 0x0000000080900000| Untracked 
|  10|0x0000000080a00000, 0x0000000080b00000, 0x0000000080b00000|100%| O|  |TAMS 0x0000000080b00000, 0x0000000080a00000| Untracked 
|  11|0x0000000080b00000, 0x0000000080c00000, 0x0000000080c00000|100%| O|  |TAMS 0x0000000080c00000, 0x0000000080b00000| Untracked 
|  12|0x0000000080c00000, 0x0000000080d00000, 0x0000000080d00000|100%| O|  |TAMS 0x0000000080d00000, 0x0000000080c00000| Untracked 
|  13|0x0000000080d00000, 0x0000000080e00000, 0x0000000080e00000|100%| O|  |TAMS 0x0000000080e00000, 0x0000000080d00000| Untracked 
|  14|0x0000000080e00000, 0x0000000080f00000, 0x0000000080f00000|100%| O|  |TAMS 0x0000000080f00000, 0x0000000080e00000| Untracked 
|  15|0x0000000080f00000, 0x0000000081000000, 0x0000000081000000|100%| O|  |TAMS 0x0000000081000000, 0x0000000080f00000| Untracked 
|  16|0x0000000081000000, 0x0000000081100000, 0x0000000081100000|100%| O|  |TAMS 0x0000000081100000, 0x0000000081000000| Untracked 
|  17|0x0000000081100000, 0x0000000081200000, 0x0000000081200000|100%| O|  |TAMS 0x0000000081200000, 0x0000000081100000| Untracked 
|  18|0x0000000081200000, 0x0000000081300000, 0x0000000081300000|100%| O|  |TAMS 0x0000000081300000, 0x0000000081200000| Untracked 
|  19|0x0000000081300000, 0x0000000081400000, 0x0000000081400000|100%| O|  |TAMS 0x0000000081400000, 0x0000000081300000| Untracked 
|  20|0x0000000081400000, 0x0000000081500000, 0x0000000081500000|100%| O|  |TAMS 0x0000000081500000, 0x0000000081400000| Untracked 
|  21|0x0000000081500000, 0x0000000081600000, 0x0000000081600000|100%| O|  |TAMS 0x0000000081600000, 0x0000000081500000| Untracked 
|  22|0x0000000081600000, 0x0000000081700000, 0x0000000081700000|100%| O|  |TAMS 0x0000000081700000, 0x0000000081600000| Untracked 
|  23|0x0000000081700000, 0x0000000081800000, 0x0000000081800000|100%| O|  |TAMS 0x0000000081700000, 0x0000000081700000| Untracked 
|  24|0x0000000081800000, 0x0000000081900000, 0x0000000081900000|100%| O|  |TAMS 0x0000000081900000, 0x0000000081800000| Untracked 
|  25|0x0000000081900000, 0x0000000081a00000, 0x0000000081a00000|100%| O|  |TAMS 0x0000000081a00000, 0x0000000081900000| Untracked 
|  26|0x0000000081a00000, 0x0000000081b00000, 0x0000000081b00000|100%| O|  |TAMS 0x0000000081b00000, 0x0000000081a00000| Untracked 
|  27|0x0000000081b00000, 0x0000000081c00000, 0x0000000081c00000|100%| O|  |TAMS 0x0000000081c00000, 0x0000000081b00000| Untracked 
|  28|0x0000000081c00000, 0x0000000081d00000, 0x0000000081d00000|100%| O|  |TAMS 0x0000000081d00000, 0x0000000081c00000| Untracked 
|  29|0x0000000081d00000, 0x0000000081d00000, 0x0000000081e00000|  0%| F|  |TAMS 0x0000000081d00000, 0x0000000081d00000| Untracked 
|  30|0x0000000081e00000, 0x0000000081f00000, 0x0000000081f00000|100%| O|  |TAMS 0x0000000081f00000, 0x0000000081e00000| Untracked 
|  31|0x0000000081f00000, 0x0000000082000000, 0x0000000082000000|100%| O|  |TAMS 0x0000000082000000, 0x0000000081f00000| Untracked 
|  32|0x0000000082000000, 0x0000000082100000, 0x0000000082100000|100%|HS|  |TAMS 0x0000000082100000, 0x0000000082000000| Complete 
|  33|0x0000000082100000, 0x0000000082200000, 0x0000000082200000|100%|HS|  |TAMS 0x0000000082200000, 0x0000000082100000| Complete 
|  34|0x0000000082200000, 0x0000000082300000, 0x0000000082300000|100%|HS|  |TAMS 0x0000000082300000, 0x0000000082200000| Complete 
|  35|0x0000000082300000, 0x0000000082400000, 0x0000000082400000|100%| O|  |TAMS 0x0000000082400000, 0x0000000082300000| Untracked 
|  36|0x0000000082400000, 0x0000000082500000, 0x0000000082500000|100%| O|  |TAMS 0x0000000082500000, 0x0000000082400000| Untracked 
|  37|0x0000000082500000, 0x0000000082600000, 0x0000000082600000|100%| O|  |TAMS 0x0000000082600000, 0x0000000082500000| Untracked 
|  38|0x0000000082600000, 0x0000000082700000, 0x0000000082700000|100%| O|  |TAMS 0x0000000082700000, 0x0000000082600000| Untracked 
|  39|0x0000000082700000, 0x0000000082800000, 0x0000000082800000|100%| O|  |TAMS 0x0000000082800000, 0x0000000082700000| Untracked 
|  40|0x0000000082800000, 0x0000000082900000, 0x0000000082900000|100%| O|  |TAMS 0x0000000082900000, 0x0000000082800000| Untracked 
|  41|0x0000000082900000, 0x0000000082a00000, 0x0000000082a00000|100%| O|  |TAMS 0x0000000082a00000, 0x0000000082900000| Untracked 
|  42|0x0000000082a00000, 0x0000000082b00000, 0x0000000082b00000|100%| O|  |TAMS 0x0000000082b00000, 0x0000000082a00000| Untracked 
|  43|0x0000000082b00000, 0x0000000082c00000, 0x0000000082c00000|100%| O|  |TAMS 0x0000000082c00000, 0x0000000082b00000| Untracked 
|  44|0x0000000082c00000, 0x0000000082d00000, 0x0000000082d00000|100%| O|  |TAMS 0x0000000082d00000, 0x0000000082c00000| Untracked 
|  45|0x0000000082d00000, 0x0000000082e00000, 0x0000000082e00000|100%| O|  |TAMS 0x0000000082e00000, 0x0000000082d00000| Untracked 
|  46|0x0000000082e00000, 0x0000000082f00000, 0x0000000082f00000|100%| O|  |TAMS 0x0000000082f00000, 0x0000000082e00000| Untracked 
|  47|0x0000000082f00000, 0x0000000083000000, 0x0000000083000000|100%| O|  |TAMS 0x0000000083000000, 0x0000000082f00000| Untracked 
|  48|0x0000000083000000, 0x0000000083100000, 0x0000000083100000|100%| O|  |TAMS 0x0000000083100000, 0x0000000083000000| Untracked 
|  49|0x0000000083100000, 0x0000000083200000, 0x0000000083200000|100%| O|  |TAMS 0x0000000083200000, 0x0000000083100000| Untracked 
|  50|0x0000000083200000, 0x0000000083300000, 0x0000000083300000|100%| O|  |TAMS 0x000000008321aa00, 0x0000000083200000| Untracked 
|  51|0x0000000083300000, 0x0000000083400000, 0x0000000083400000|100%| O|  |TAMS 0x0000000083400000, 0x0000000083300000| Untracked 
|  52|0x0000000083400000, 0x0000000083500000, 0x0000000083500000|100%| O|  |TAMS 0x0000000083500000, 0x0000000083400000| Untracked 
|  53|0x0000000083500000, 0x0000000083600000, 0x0000000083600000|100%| O|  |TAMS 0x0000000083600000, 0x0000000083500000| Untracked 
|  54|0x0000000083600000, 0x0000000083700000, 0x0000000083700000|100%| O|  |TAMS 0x0000000083600000, 0x0000000083600000| Untracked 
|  55|0x0000000083700000, 0x000000008373e400, 0x0000000083800000| 24%| O|  |TAMS 0x0000000083700000, 0x0000000083700000| Untracked 
|  56|0x0000000083800000, 0x0000000083800000, 0x0000000083900000|  0%| F|  |TAMS 0x0000000083800000, 0x0000000083800000| Untracked 
|  57|0x0000000083900000, 0x0000000083900000, 0x0000000083a00000|  0%| F|  |TAMS 0x0000000083900000, 0x0000000083900000| Untracked 
|  58|0x0000000083a00000, 0x0000000083a00000, 0x0000000083b00000|  0%| F|  |TAMS 0x0000000083a00000, 0x0000000083a00000| Untracked 
|  59|0x0000000083b00000, 0x0000000083b00000, 0x0000000083c00000|  0%| F|  |TAMS 0x0000000083b00000, 0x0000000083b00000| Untracked 
|  60|0x0000000083c00000, 0x0000000083c00000, 0x0000000083d00000|  0%| F|  |TAMS 0x0000000083c00000, 0x0000000083c00000| Untracked 
|  61|0x0000000083d00000, 0x0000000083d00000, 0x0000000083e00000|  0%| F|  |TAMS 0x0000000083d00000, 0x0000000083d00000| Untracked 
|  62|0x0000000083e00000, 0x0000000083e00000, 0x0000000083f00000|  0%| F|  |TAMS 0x0000000083e00000, 0x0000000083e00000| Untracked 
|  63|0x0000000083f00000, 0x0000000083f00000, 0x0000000084000000|  0%| F|  |TAMS 0x0000000083f00000, 0x0000000083f00000| Untracked 
|  64|0x0000000084000000, 0x0000000084000000, 0x0000000084100000|  0%| F|  |TAMS 0x0000000084000000, 0x0000000084000000| Untracked 
|  65|0x0000000084100000, 0x0000000084100000, 0x0000000084200000|  0%| F|  |TAMS 0x0000000084100000, 0x0000000084100000| Untracked 
|  66|0x0000000084200000, 0x0000000084200000, 0x0000000084300000|  0%| F|  |TAMS 0x0000000084200000, 0x0000000084200000| Untracked 
|  67|0x0000000084300000, 0x0000000084300000, 0x0000000084400000|  0%| F|  |TAMS 0x0000000084300000, 0x0000000084300000| Untracked 
|  68|0x0000000084400000, 0x0000000084400000, 0x0000000084500000|  0%| F|  |TAMS 0x0000000084400000, 0x0000000084400000| Untracked 
|  69|0x0000000084500000, 0x0000000084500000, 0x0000000084600000|  0%| F|  |TAMS 0x0000000084500000, 0x0000000084500000| Untracked 
|  70|0x0000000084600000, 0x0000000084600000, 0x0000000084700000|  0%| F|  |TAMS 0x0000000084600000, 0x0000000084600000| Untracked 
|  71|0x0000000084700000, 0x0000000084700000, 0x0000000084800000|  0%| F|  |TAMS 0x0000000084700000, 0x0000000084700000| Untracked 
|  72|0x0000000084800000, 0x0000000084800000, 0x0000000084900000|  0%| F|  |TAMS 0x0000000084800000, 0x0000000084800000| Untracked 
|  73|0x0000000084900000, 0x0000000084900000, 0x0000000084a00000|  0%| F|  |TAMS 0x0000000084900000, 0x0000000084900000| Untracked 
|  74|0x0000000084a00000, 0x0000000084a00000, 0x0000000084b00000|  0%| F|  |TAMS 0x0000000084a00000, 0x0000000084a00000| Untracked 
|  75|0x0000000084b00000, 0x0000000084b00000, 0x0000000084c00000|  0%| F|  |TAMS 0x0000000084b00000, 0x0000000084b00000| Untracked 
|  76|0x0000000084c00000, 0x0000000084c00000, 0x0000000084d00000|  0%| F|  |TAMS 0x0000000084c00000, 0x0000000084c00000| Untracked 
|  77|0x0000000084d00000, 0x0000000084d00000, 0x0000000084e00000|  0%| F|  |TAMS 0x0000000084d00000, 0x0000000084d00000| Untracked 
|  78|0x0000000084e00000, 0x0000000084e00000, 0x0000000084f00000|  0%| F|  |TAMS 0x0000000084e00000, 0x0000000084e00000| Untracked 
|  79|0x0000000084f00000, 0x0000000084f00000, 0x0000000085000000|  0%| F|  |TAMS 0x0000000084f00000, 0x0000000084f00000| Untracked 
|  80|0x0000000085000000, 0x0000000085000000, 0x0000000085100000|  0%| F|  |TAMS 0x0000000085000000, 0x0000000085000000| Untracked 
|  81|0x0000000085100000, 0x0000000085100000, 0x0000000085200000|  0%| F|  |TAMS 0x0000000085100000, 0x0000000085100000| Untracked 
|  82|0x0000000085200000, 0x0000000085200000, 0x0000000085300000|  0%| F|  |TAMS 0x0000000085200000, 0x0000000085200000| Untracked 
|  83|0x0000000085300000, 0x0000000085300000, 0x0000000085400000|  0%| F|  |TAMS 0x0000000085300000, 0x0000000085300000| Untracked 
|  84|0x0000000085400000, 0x0000000085400000, 0x0000000085500000|  0%| F|  |TAMS 0x0000000085400000, 0x0000000085400000| Untracked 
|  85|0x0000000085500000, 0x0000000085500000, 0x0000000085600000|  0%| F|  |TAMS 0x0000000085500000, 0x0000000085500000| Untracked 
|  86|0x0000000085600000, 0x0000000085600000, 0x0000000085700000|  0%| F|  |TAMS 0x0000000085600000, 0x0000000085600000| Untracked 
|  87|0x0000000085700000, 0x0000000085700000, 0x0000000085800000|  0%| F|  |TAMS 0x0000000085700000, 0x0000000085700000| Untracked 
|  88|0x0000000085800000, 0x0000000085800000, 0x0000000085900000|  0%| F|  |TAMS 0x0000000085800000, 0x0000000085800000| Untracked 
|  89|0x0000000085900000, 0x00000000859752c0, 0x0000000085a00000| 45%| E|  |TAMS 0x0000000085900000, 0x0000000085900000| Complete 
| 202|0x000000008ca00000, 0x000000008cb00000, 0x000000008cb00000|100%| E|CS|TAMS 0x000000008ca00000, 0x000000008ca00000| Complete 
| 203|0x000000008cb00000, 0x000000008cc00000, 0x000000008cc00000|100%| E|CS|TAMS 0x000000008cb00000, 0x000000008cb00000| Complete 
| 204|0x000000008cc00000, 0x000000008cd00000, 0x000000008cd00000|100%| E|CS|TAMS 0x000000008cc00000, 0x000000008cc00000| Complete 
| 205|0x000000008cd00000, 0x000000008ce00000, 0x000000008ce00000|100%| E|CS|TAMS 0x000000008cd00000, 0x000000008cd00000| Complete 
| 206|0x000000008ce00000, 0x000000008cf00000, 0x000000008cf00000|100%| E|CS|TAMS 0x000000008ce00000, 0x000000008ce00000| Complete 
| 207|0x000000008cf00000, 0x000000008d000000, 0x000000008d000000|100%| E|CS|TAMS 0x000000008cf00000, 0x000000008cf00000| Complete 
| 208|0x000000008d000000, 0x000000008d100000, 0x000000008d100000|100%| E|CS|TAMS 0x000000008d000000, 0x000000008d000000| Complete 
| 209|0x000000008d100000, 0x000000008d162040, 0x000000008d200000| 38%| S|CS|TAMS 0x000000008d100000, 0x000000008d100000| Complete 
| 251|0x000000008fb00000, 0x000000008fc00000, 0x000000008fc00000|100%| E|CS|TAMS 0x000000008fb00000, 0x000000008fb00000| Complete 

Card table byte_map: [0x000002441cee0000,0x000002441d2e0000] _byte_map_base: 0x000002441cae0000

Marking Bits (Prev, Next): (CMBitMap*) 0x00000244099a3be0, (CMBitMap*) 0x00000244099a3ba0
 Prev Bits: [0x000002441f6e0000, 0x00000244216e0000)
 Next Bits: [0x000002441d6e0000, 0x000002441f6e0000)

Polling page: 0x0000024407bc0000

Metaspace:

Usage:
  Non-class:     64.91 MB used.
      Class:     10.18 MB used.
       Both:     75.09 MB used.

Virtual space:
  Non-class space:       72.00 MB reserved,      65.19 MB ( 91%) committed,  9 nodes.
      Class space:        1.00 GB reserved,      10.44 MB (  1%) committed,  1 nodes.
             Both:        1.07 GB reserved,      75.62 MB (  7%) committed. 

Chunk freelists:
   Non-Class:  2.30 MB
       Class:  1.39 MB
        Both:  3.69 MB

MaxMetaspaceSize: unlimited
CompressedClassSpaceSize: 1.00 GB
Initial GC threshold: 21.00 MB
Current GC threshold: 120.00 MB
CDS: off
MetaspaceReclaimPolicy: balanced
 - commit_granule_bytes: 65536.
 - commit_granule_words: 8192.
 - virtual_space_node_default_size: 1048576.
 - enlarge_chunks_in_place: 1.
 - new_chunks_are_fully_committed: 0.
 - uncommit_free_chunks: 1.
 - use_allocation_guard: 0.
 - handle_deallocations: 1.


Internal statistics:

num_allocs_failed_limit: 6.
num_arena_births: 746.
num_arena_deaths: 0.
num_vsnodes_births: 10.
num_vsnodes_deaths: 0.
num_space_committed: 1210.
num_space_uncommitted: 0.
num_chunks_returned_to_freelist: 6.
num_chunks_taken_from_freelist: 3320.
num_chunk_merges: 6.
num_chunk_splits: 2294.
num_chunks_enlarged: 1630.
num_purges: 0.
num_inconsistent_stats: 0.

CodeHeap 'non-profiled nmethods': size=120000Kb used=4004Kb max_used=4004Kb free=115995Kb
 bounds [0x0000024414920000, 0x0000024414d10000, 0x000002441be50000]
CodeHeap 'profiled nmethods': size=120000Kb used=12510Kb max_used=12510Kb free=107489Kb
 bounds [0x000002440ce50000, 0x000002440da90000, 0x0000024414380000]
CodeHeap 'non-nmethods': size=5760Kb used=2373Kb max_used=2424Kb free=3386Kb
 bounds [0x0000024414380000, 0x00000244145f0000, 0x0000024414920000]
 total_blobs=7502 nmethods=6599 adapters=815
 compilation: enabled
              stopped_count=0, restarted_count=0
 full_count=0

Compilation events (20 events):
Event: 9.744 Thread 0x0000024424cb6d10 nmethod 7401 0x000002440da72410 code [0x000002440da72820, 0x000002440da742b8]
Event: 9.744 Thread 0x0000024424cb6d10 7402       3       org.gradle.tooling.internal.provider.runner.TaskOriginTracker$$Lambda$603/0x0000000100684030::apply (16 bytes)
Event: 9.744 Thread 0x0000024424cb6d10 nmethod 7402 0x000002440da74b90 code [0x000002440da74d60, 0x000002440da750e8]
Event: 9.744 Thread 0x0000024424cb6d10 7403       3       org.gradle.tooling.internal.provider.runner.TaskOriginTracker::lambda$storeOrigin$0 (25 bytes)
Event: 9.745 Thread 0x0000024424cb6d10 nmethod 7403 0x000002440da75290 code [0x000002440da75500, 0x000002440da75f88]
Event: 9.745 Thread 0x0000024424cb6d10 7406       1       com.android.build.api.component.impl.ComponentImpl::getArtifacts (5 bytes)
Event: 9.745 Thread 0x0000024424cb6d10 nmethod 7406 0x0000024414d04e10 code [0x0000024414d04fa0, 0x0000024414d05078]
Event: 9.745 Thread 0x0000024424cb6d10 7407       1       com.android.build.api.artifact.Artifact::getKind (5 bytes)
Event: 9.745 Thread 0x0000024424cb6d10 nmethod 7407 0x0000024414d05110 code [0x0000024414d052a0, 0x0000024414d05378]
Event: 9.745 Thread 0x0000024424cb6d10 7408       1       org.gradle.internal.ImmutableActionSet$EmptySet::isEmpty (2 bytes)
Event: 9.745 Thread 0x0000024424cb6d10 nmethod 7408 0x0000024414d05410 code [0x0000024414d055a0, 0x0000024414d05678]
Event: 9.745 Thread 0x0000024424cb6d10 7409       3       org.gradle.internal.ImmutableActionSet$SetWithManyActions::addOne (6 bytes)
Event: 9.745 Thread 0x0000024424cb6d10 nmethod 7409 0x000002440da76390 code [0x000002440da765a0, 0x000002440da76c08]
Event: 9.745 Thread 0x0000024424cb6d10 7411       3       com.android.build.api.artifact.impl.PropertyAdapter::from (19 bytes)
Event: 9.746 Thread 0x0000024424cb6d10 nmethod 7411 0x000002440da76e90 code [0x000002440da770c0, 0x000002440da777d8]
Event: 9.749 Thread 0x0000024424cb6d10 7412       3       com.android.build.api.artifact.impl.TypedStorageProvider$getArtifact$1$1::invoke (5 bytes)
Event: 9.750 Thread 0x0000024424cb6d10 nmethod 7412 0x000002440da77a90 code [0x000002440da77ce0, 0x000002440da78648]
Event: 9.751 Thread 0x0000024424cb6d10 7417       2       java.util.ArrayList::toArray (57 bytes)
Event: 9.751 Thread 0x0000024424cb6d10 nmethod 7417 0x000002440da78a10 code [0x000002440da78bc0, 0x000002440da78f18]
Event: 9.751 Thread 0x0000024424cb6d10 7413       3       com.android.build.api.artifact.impl.TypedStorageProvider$getArtifact$1$1::invoke (27 bytes)

GC Heap History (20 events):
Event: 7.695 GC heap before
{Heap before GC invocations=22 (full 0):
 garbage-first heap   total 82944K, used 60078K [0x0000000080000000, 0x0000000100000000)
  region size 1024K, 15 young (15360K), 1 survivors (1024K)
 Metaspace       used 61740K, committed 62272K, reserved 1105920K
  class space    used 8229K, committed 8448K, reserved 1048576K
}
Event: 7.698 GC heap after
{Heap after GC invocations=23 (full 0):
 garbage-first heap   total 82944K, used 46643K [0x0000000080000000, 0x0000000100000000)
  region size 1024K, 2 young (2048K), 2 survivors (2048K)
 Metaspace       used 61740K, committed 62272K, reserved 1105920K
  class space    used 8229K, committed 8448K, reserved 1048576K
}
Event: 7.914 GC heap before
{Heap before GC invocations=24 (full 0):
 garbage-first heap   total 82944K, used 56883K [0x0000000080000000, 0x0000000100000000)
  region size 1024K, 14 young (14336K), 2 survivors (2048K)
 Metaspace       used 63854K, committed 64512K, reserved 1105920K
  class space    used 8499K, committed 8832K, reserved 1048576K
}
Event: 7.916 GC heap after
{Heap after GC invocations=25 (full 0):
 garbage-first heap   total 100352K, used 48136K [0x0000000080000000, 0x0000000100000000)
  region size 1024K, 3 young (3072K), 3 survivors (3072K)
 Metaspace       used 63854K, committed 64512K, reserved 1105920K
  class space    used 8499K, committed 8832K, reserved 1048576K
}
Event: 7.945 GC heap before
{Heap before GC invocations=26 (full 0):
 garbage-first heap   total 100352K, used 60424K [0x0000000080000000, 0x0000000100000000)
  region size 1024K, 12 young (12288K), 3 survivors (3072K)
 Metaspace       used 63858K, committed 64512K, reserved 1105920K
  class space    used 8499K, committed 8832K, reserved 1048576K
}
Event: 7.948 GC heap after
{Heap after GC invocations=27 (full 0):
 garbage-first heap   total 100352K, used 53921K [0x0000000080000000, 0x0000000100000000)
  region size 1024K, 4 young (4096K), 4 survivors (4096K)
 Metaspace       used 63858K, committed 64512K, reserved 1105920K
  class space    used 8499K, committed 8832K, reserved 1048576K
}
Event: 8.286 GC heap before
{Heap before GC invocations=28 (full 0):
 garbage-first heap   total 101376K, used 74401K [0x0000000080000000, 0x0000000100000000)
  region size 1024K, 22 young (22528K), 4 survivors (4096K)
 Metaspace       used 65609K, committed 66176K, reserved 1114112K
  class space    used 8730K, committed 9024K, reserved 1048576K
}
Event: 8.288 GC heap after
{Heap after GC invocations=29 (full 0):
 garbage-first heap   total 101376K, used 51272K [0x0000000080000000, 0x0000000100000000)
  region size 1024K, 2 young (2048K), 2 survivors (2048K)
 Metaspace       used 65609K, committed 66176K, reserved 1114112K
  class space    used 8730K, committed 9024K, reserved 1048576K
}
Event: 8.590 GC heap before
{Heap before GC invocations=29 (full 0):
 garbage-first heap   total 101376K, used 73800K [0x0000000080000000, 0x0000000100000000)
  region size 1024K, 24 young (24576K), 2 survivors (2048K)
 Metaspace       used 67741K, committed 68288K, reserved 1114112K
  class space    used 9005K, committed 9280K, reserved 1048576K
}
Event: 8.592 GC heap after
{Heap after GC invocations=30 (full 0):
 garbage-first heap   total 101376K, used 52653K [0x0000000080000000, 0x0000000100000000)
  region size 1024K, 2 young (2048K), 2 survivors (2048K)
 Metaspace       used 67741K, committed 68288K, reserved 1114112K
  class space    used 9005K, committed 9280K, reserved 1048576K
}
Event: 8.914 GC heap before
{Heap before GC invocations=31 (full 0):
 garbage-first heap   total 101376K, used 76205K [0x0000000080000000, 0x0000000100000000)
  region size 1024K, 25 young (25600K), 2 survivors (2048K)
 Metaspace       used 71045K, committed 71616K, reserved 1114112K
  class space    used 9459K, committed 9728K, reserved 1048576K
}
Event: 8.917 GC heap after
{Heap after GC invocations=32 (full 0):
 garbage-first heap   total 101376K, used 53984K [0x0000000080000000, 0x0000000100000000)
  region size 1024K, 3 young (3072K), 3 survivors (3072K)
 Metaspace       used 71045K, committed 71616K, reserved 1114112K
  class space    used 9459K, committed 9728K, reserved 1048576K
}
Event: 8.926 GC heap before
{Heap before GC invocations=32 (full 0):
 garbage-first heap   total 101376K, used 55008K [0x0000000080000000, 0x0000000100000000)
  region size 1024K, 4 young (4096K), 3 survivors (3072K)
 Metaspace       used 71181K, committed 71744K, reserved 1114112K
  class space    used 9479K, committed 9792K, reserved 1048576K
}
Event: 8.929 GC heap after
{Heap after GC invocations=33 (full 0):
 garbage-first heap   total 101376K, used 53689K [0x0000000080000000, 0x0000000100000000)
  region size 1024K, 1 young (1024K), 1 survivors (1024K)
 Metaspace       used 71181K, committed 71744K, reserved 1114112K
  class space    used 9479K, committed 9792K, reserved 1048576K
}
Event: 9.229 GC heap before
{Heap before GC invocations=33 (full 0):
 garbage-first heap   total 101376K, used 77241K [0x0000000080000000, 0x0000000100000000)
  region size 1024K, 24 young (24576K), 1 survivors (1024K)
 Metaspace       used 73088K, committed 73664K, reserved 1114112K
  class space    used 9709K, committed 9984K, reserved 1048576K
}
Event: 9.232 GC heap after
{Heap after GC invocations=34 (full 0):
 garbage-first heap   total 101376K, used 55050K [0x0000000080000000, 0x0000000100000000)
  region size 1024K, 2 young (2048K), 2 survivors (2048K)
 Metaspace       used 73088K, committed 73664K, reserved 1114112K
  class space    used 9709K, committed 9984K, reserved 1048576K
}
Event: 9.594 GC heap before
{Heap before GC invocations=35 (full 0):
 garbage-first heap   total 101376K, used 79626K [0x0000000080000000, 0x0000000100000000)
  region size 1024K, 25 young (25600K), 2 survivors (2048K)
 Metaspace       used 75630K, committed 76224K, reserved 1122304K
  class space    used 10136K, committed 10432K, reserved 1048576K
}
Event: 9.596 GC heap after
{Heap after GC invocations=36 (full 0):
 garbage-first heap   total 101376K, used 55999K [0x0000000080000000, 0x0000000100000000)
  region size 1024K, 3 young (3072K), 3 survivors (3072K)
 Metaspace       used 75630K, committed 76224K, reserved 1122304K
  class space    used 10136K, committed 10432K, reserved 1048576K
}
Event: 9.608 GC heap before
{Heap before GC invocations=36 (full 0):
 garbage-first heap   total 101376K, used 57023K [0x0000000080000000, 0x0000000100000000)
  region size 1024K, 4 young (4096K), 3 survivors (3072K)
 Metaspace       used 75776K, committed 76288K, reserved 1122304K
  class space    used 10170K, committed 10432K, reserved 1048576K
}
Event: 9.611 GC heap after
{Heap after GC invocations=37 (full 0):
 garbage-first heap   total 101376K, used 55937K [0x0000000080000000, 0x0000000100000000)
  region size 1024K, 1 young (1024K), 1 survivors (1024K)
 Metaspace       used 75776K, committed 76288K, reserved 1122304K
  class space    used 10170K, committed 10432K, reserved 1048576K
}

Dll operation events (2 events):
Event: 0.032 Loaded shared library C:\BTS\ANDROID\android-studio-girafe\android-studio-2022.3.1.19-windows\android-studio\jbr\bin\java.dll
Event: 0.503 Loaded shared library C:\BTS\ANDROID\android-studio-girafe\android-studio-2022.3.1.19-windows\android-studio\jbr\bin\verify.dll

Deoptimization events (20 events):
Event: 9.427 Thread 0x00000244275c84d0 Uncommon trap: trap_request=0xffffff45 fr.pc=0x000002441499a9f4 relative=0x00000000000003d4
Event: 9.427 Thread 0x00000244275c84d0 Uncommon trap: reason=unstable_if action=reinterpret pc=0x000002441499a9f4 method=java.lang.AbstractStringBuilder.isLatin1()Z @ 10 c2
Event: 9.427 Thread 0x00000244275c84d0 DEOPT PACKING pc=0x000002441499a9f4 sp=0x0000009361cf76c0
Event: 9.427 Thread 0x00000244275c84d0 DEOPT UNPACKING pc=0x00000244143d69a3 sp=0x0000009361cf7640 mode 2
Event: 9.428 Thread 0x00000244275c84d0 Uncommon trap: trap_request=0xffffff45 fr.pc=0x00000244149759a0 relative=0x00000000000004e0
Event: 9.428 Thread 0x00000244275c84d0 Uncommon trap: reason=unstable_if action=reinterpret pc=0x00000244149759a0 method=java.lang.AbstractStringBuilder.putStringAt(ILjava/lang/String;II)V @ 8 c2
Event: 9.428 Thread 0x00000244275c84d0 DEOPT PACKING pc=0x00000244149759a0 sp=0x0000009361cf7630
Event: 9.428 Thread 0x00000244275c84d0 DEOPT UNPACKING pc=0x00000244143d69a3 sp=0x0000009361cf7510 mode 2
Event: 9.428 Thread 0x00000244275c84d0 Uncommon trap: trap_request=0xffffff45 fr.pc=0x000002441495c0fc relative=0x00000000000000fc
Event: 9.428 Thread 0x00000244275c84d0 Uncommon trap: reason=unstable_if action=reinterpret pc=0x000002441495c0fc method=java.lang.String.getBytes([BIIBI)V @ 6 c2
Event: 9.428 Thread 0x00000244275c84d0 DEOPT PACKING pc=0x000002441495c0fc sp=0x0000009361cf74b0
Event: 9.428 Thread 0x00000244275c84d0 DEOPT UNPACKING pc=0x00000244143d69a3 sp=0x0000009361cf7478 mode 2
Event: 9.428 Thread 0x00000244275c84d0 Uncommon trap: trap_request=0xffffff45 fr.pc=0x000002441495bc4c relative=0x000000000000012c
Event: 9.428 Thread 0x00000244275c84d0 Uncommon trap: reason=unstable_if action=reinterpret pc=0x000002441495bc4c method=java.lang.AbstractStringBuilder.putStringAt(ILjava/lang/String;II)V @ 8 c2
Event: 9.428 Thread 0x00000244275c84d0 DEOPT PACKING pc=0x000002441495bc4c sp=0x0000009361cf75b0
Event: 9.428 Thread 0x00000244275c84d0 DEOPT UNPACKING pc=0x00000244143d69a3 sp=0x0000009361cf74f8 mode 2
Event: 9.563 Thread 0x00000244275c84d0 Uncommon trap: trap_request=0xffffffdc fr.pc=0x0000024414cfb8a0 relative=0x0000000000000280
Event: 9.563 Thread 0x00000244275c84d0 Uncommon trap: reason=class_check action=make_not_entrant pc=0x0000024414cfb8a0 method=java.util.ArrayList.toArray([Ljava/lang/Object;)[Ljava/lang/Object; @ 21 c2
Event: 9.563 Thread 0x00000244275c84d0 DEOPT PACKING pc=0x0000024414cfb8a0 sp=0x0000009361cf8d60
Event: 9.563 Thread 0x00000244275c84d0 DEOPT UNPACKING pc=0x00000244143d69a3 sp=0x0000009361cf8d30 mode 2

Classes unloaded (0 events):
No events

Classes redefined (0 events):
No events

Internal exceptions (20 events):
Event: 6.338 Thread 0x00000244275d2900 Exception <a 'java/lang/NoSuchMethodError'{0x00000000840d25d8}: static Lorg/gradle/internal/build/event/types/DefaultProjectConfigurationSuccessResult;.<clinit>()V> (0x00000000840d25d8) 
thrown [s\src\hotspot\share\prims\jni.cpp, line 1108]
Event: 6.338 Thread 0x00000244275d2900 Exception <a 'java/lang/NoSuchMethodError'{0x00000000840d3b68}: static Lorg/gradle/internal/build/event/types/AbstractProjectConfigurationResult;.<clinit>()V> (0x00000000840d3b68) 
thrown [s\src\hotspot\share\prims\jni.cpp, line 1108]
Event: 6.338 Thread 0x00000244275d2900 Exception <a 'java/lang/NoSuchMethodError'{0x00000000840d5060}: static Lorg/gradle/internal/build/event/types/AbstractOperationResult;.<clinit>()V> (0x00000000840d5060) 
thrown [s\src\hotspot\share\prims\jni.cpp, line 1108]
Event: 6.338 Thread 0x00000244275d2900 Exception <a 'java/lang/NoSuchMethodError'{0x00000000840d6158}: static Lorg/gradle/internal/build/event/types/AbstractResult;.<clinit>()V> (0x00000000840d6158) 
thrown [s\src\hotspot\share\prims\jni.cpp, line 1108]
Event: 6.340 Thread 0x00000244275d2900 Exception <a 'java/lang/NoSuchMethodError'{0x00000000840ecf88}: static Lorg/gradle/internal/build/event/types/DefaultPluginApplicationResult;.<clinit>()V> (0x00000000840ecf88) 
thrown [s\src\hotspot\share\prims\jni.cpp, line 1108]
Event: 6.341 Thread 0x00000244275d2900 Exception <a 'java/lang/NoSuchMethodError'{0x00000000840f8970}: static Lorg/gradle/internal/build/event/types/DefaultBinaryPluginIdentifier;.<clinit>()V> (0x00000000840f8970) 
thrown [s\src\hotspot\share\prims\jni.cpp, line 1108]
Event: 6.345 Thread 0x00000244275d2900 Exception <a 'java/lang/NoSuchMethodError'{0x0000000083f116f8}: static Lorg/gradle/internal/build/event/types/DefaultScriptPluginIdentifier;.<clinit>()V> (0x0000000083f116f8) 
thrown [s\src\hotspot\share\prims\jni.cpp, line 1108]
Event: 6.419 Thread 0x00000244275c84d0 Implicit null exception at 0x0000024414bfb692 to 0x0000024414bfbcf8
Event: 6.860 Thread 0x00000244275c84d0 Exception <a 'java/lang/ClassNotFoundException'{0x000000008d1e5ae0}: org/gradle/api/internal/plugins/DefaultObjectConfigurationActionBeanInfo> (0x000000008d1e5ae0) 
thrown [s\src\hotspot\share\classfile\systemDictionary.cpp, line 256]
Event: 6.860 Thread 0x00000244275c84d0 Exception <a 'java/lang/ClassNotFoundException'{0x000000008d1f9b50}: org/gradle/api/internal/plugins/DefaultObjectConfigurationActionCustomizer> (0x000000008d1f9b50) 
thrown [s\src\hotspot\share\classfile\systemDictionary.cpp, line 256]
Event: 6.976 Thread 0x00000244275c84d0 Exception <a 'java/lang/NoSuchMethodError'{0x000000008d1bb398}: 'java.lang.Object java.lang.invoke.DirectMethodHandle$Holder.newInvokeSpecial(java.lang.Object, java.lang.Object, java.lang.Object, java.lang.Object, int)'> (0x000000008d1bb398) 
thrown [s\src\hotspot\share\interpreter\linkResolver.cpp, line 771]
Event: 6.976 Thread 0x00000244275c84d0 Exception <a 'java/lang/NoSuchMethodError'{0x000000008d1c07e0}: 'java.lang.Object java.lang.invoke.DirectMethodHandle$Holder.invokeSpecial(java.lang.Object, java.lang.Object, java.lang.Object, java.lang.Object, java.lang.Object, int)'> (0x000000008d1c07e0) 
thrown [s\src\hotspot\share\interpreter\linkResolver.cpp, line 771]
Event: 6.976 Thread 0x00000244275c84d0 Exception <a 'java/lang/NoSuchMethodError'{0x000000008d1c5560}: 'java.lang.Object java.lang.invoke.Invokers$Holder.linkToTargetMethod(java.lang.Object, java.lang.Object, java.lang.Object, int, java.lang.Object)'> (0x000000008d1c5560) 
thrown [s\src\hotspot\share\interpreter\linkResolver.cpp, line 771]
Event: 7.200 Thread 0x00000244275c84d0 Exception <a 'java/lang/NoSuchMethodError'{0x000000008d056a00}: 'int java.lang.invoke.DirectMethodHandle$Holder.invokeInterface(java.lang.Object, java.lang.Object, java.lang.Object, java.lang.Object)'> (0x000000008d056a00) 
thrown [s\src\hotspot\share\interpreter\linkResolver.cpp, line 771]
Event: 7.632 Thread 0x00000244275c84d0 Exception <a 'java/lang/IncompatibleClassChangeError'{0x00000000843213f0}: Found class java.lang.Object, but interface was expected> (0x00000000843213f0) 
thrown [s\src\hotspot\share\interpreter\linkResolver.cpp, line 838]
Event: 7.682 Thread 0x00000244275c84d0 Implicit null exception at 0x0000024414b5cbd9 to 0x0000024414b5cd74
Event: 7.682 Thread 0x00000244275c84d0 Implicit null exception at 0x0000024414b45301 to 0x0000024414b45a34
Event: 7.867 Thread 0x00000244275c84d0 Implicit null exception at 0x0000024414ae338c to 0x0000024414ae34be
Event: 7.984 Thread 0x00000244275c84d0 Exception <a 'sun/nio/fs/WindowsException'{0x000000008cf1afb0}> (0x000000008cf1afb0) 
thrown [s\src\hotspot\share\prims\jni.cpp, line 517]
Event: 8.521 Thread 0x00000244275c84d0 Implicit null exception at 0x0000024414c1eb48 to 0x0000024414c1ec08

VM Operations (20 events):
Event: 8.610 Executing VM operation: G1Concurrent done
Event: 8.618 Executing VM operation: G1Concurrent
Event: 8.619 Executing VM operation: G1Concurrent done
Event: 8.914 Executing VM operation: G1CollectForAllocation
Event: 8.917 Executing VM operation: G1CollectForAllocation done
Event: 8.926 Executing VM operation: G1CollectForAllocation
Event: 8.929 Executing VM operation: G1CollectForAllocation done
Event: 9.163 Executing VM operation: HandshakeAllThreads
Event: 9.163 Executing VM operation: HandshakeAllThreads done
Event: 9.229 Executing VM operation: G1CollectForAllocation
Event: 9.232 Executing VM operation: G1CollectForAllocation done
Event: 9.247 Executing VM operation: G1Concurrent
Event: 9.249 Executing VM operation: G1Concurrent done
Event: 9.257 Executing VM operation: G1Concurrent
Event: 9.257 Executing VM operation: G1Concurrent done
Event: 9.593 Executing VM operation: G1CollectForAllocation
Event: 9.596 Executing VM operation: G1CollectForAllocation done
Event: 9.608 Executing VM operation: G1CollectForAllocation
Event: 9.611 Executing VM operation: G1CollectForAllocation done
Event: 10.614 Executing VM operation: Cleanup

Events (20 events):
Event: 8.379 loading class java/security/KeyStore$1
Event: 8.380 loading class java/security/KeyStore$1 done
Event: 8.482 loading class javax/xml/stream/XMLStreamException
Event: 8.482 loading class javax/xml/stream/XMLStreamException done
Event: 8.502 loading class sun/reflect/annotation/AnnotationInvocationHandler$1
Event: 8.502 loading class sun/reflect/annotation/AnnotationInvocationHandler$1 done
Event: 8.774 Thread 0x000002442d38a720 Thread exited: 0x000002442d38a720
Event: 8.949 loading class java/util/ArrayList$SubList$1
Event: 8.949 loading class java/util/ArrayList$SubList$1 done
Event: 9.108 loading class jdk/internal/loader/URLClassPath$FileLoader
Event: 9.108 loading class jdk/internal/loader/URLClassPath$FileLoader done
Event: 9.111 loading class jdk/internal/loader/URLClassPath$FileLoader$1
Event: 9.111 loading class jdk/internal/loader/URLClassPath$FileLoader$1 done
Event: 9.378 loading class sun/reflect/generics/repository/FieldRepository
Event: 9.378 loading class sun/reflect/generics/repository/FieldRepository done
Event: 9.386 loading class jdk/internal/vm/annotation/ForceInline
Event: 9.387 loading class jdk/internal/vm/annotation/ForceInline done
Event: 9.428 loading class java/util/regex/Pattern$Caret
Event: 9.429 loading class java/util/regex/Pattern$Caret done
Event: 9.442 Thread 0x000002442d3888c0 Thread added: 0x000002442d3888c0


Dynamic libraries:
0x00007ff66e510000 - 0x00007ff66e51a000 	C:\BTS\ANDROID\android-studio-girafe\android-studio-2022.3.1.19-windows\android-studio\jbr\bin\java.exe
0x00007ff93aae0000 - 0x00007ff93ad43000 	C:\WINDOWS\SYSTEM32\ntdll.dll
0x00007ff939170000 - 0x00007ff939237000 	C:\WINDOWS\System32\KERNEL32.DLL
0x00007ff937f60000 - 0x00007ff938327000 	C:\WINDOWS\System32\KERNELBASE.dll
0x00007ff937bc0000 - 0x00007ff937d56000 	C:\Windows\system32\hmpalert.dll
0x00007ff9383c0000 - 0x00007ff93850c000 	C:\WINDOWS\System32\ucrtbase.dll
0x00007ff9159d0000 - 0x00007ff9159e7000 	C:\BTS\ANDROID\android-studio-girafe\android-studio-2022.3.1.19-windows\android-studio\jbr\bin\jli.dll
0x00007ff9325f0000 - 0x00007ff93260b000 	C:\BTS\ANDROID\android-studio-girafe\android-studio-2022.3.1.19-windows\android-studio\jbr\bin\VCRUNTIME140.dll
0x00007ff939a50000 - 0x00007ff939c19000 	C:\WINDOWS\System32\USER32.dll
0x00007ff937e70000 - 0x00007ff937e97000 	C:\WINDOWS\System32\win32u.dll
0x00007ff93a890000 - 0x00007ff93a8ba000 	C:\WINDOWS\System32\GDI32.dll
0x00007ff938690000 - 0x00007ff9387bb000 	C:\WINDOWS\System32\gdi32full.dll
0x00007ff938860000 - 0x00007ff938903000 	C:\WINDOWS\System32\msvcp_win.dll
0x00007ff915f10000 - 0x00007ff9161a0000 	C:\WINDOWS\WinSxS\amd64_microsoft.windows.common-controls_6595b64144ccf1df_6.0.26100.2702_none_3e069454e335fc5e\COMCTL32.dll
0x00007ff9390c0000 - 0x00007ff939169000 	C:\WINDOWS\System32\msvcrt.dll
0x00007ff938fd0000 - 0x00007ff938fff000 	C:\WINDOWS\System32\IMM32.DLL
0x00007ff9324b0000 - 0x00007ff9324bc000 	C:\BTS\ANDROID\android-studio-girafe\android-studio-2022.3.1.19-windows\android-studio\jbr\bin\vcruntime140_1.dll
0x00007ff92db50000 - 0x00007ff92dbdd000 	C:\BTS\ANDROID\android-studio-girafe\android-studio-2022.3.1.19-windows\android-studio\jbr\bin\msvcp140.dll
0x00007ff8c8680000 - 0x00007ff8c92ee000 	C:\BTS\ANDROID\android-studio-girafe\android-studio-2022.3.1.19-windows\android-studio\jbr\bin\server\jvm.dll
0x00007ff93a4f0000 - 0x00007ff93a5a3000 	C:\WINDOWS\System32\ADVAPI32.dll
0x00007ff938ec0000 - 0x00007ff938f66000 	C:\WINDOWS\System32\sechost.dll
0x00007ff9397b0000 - 0x00007ff9398c6000 	C:\WINDOWS\System32\RPCRT4.dll
0x00007ff912230000 - 0x00007ff91223a000 	C:\WINDOWS\SYSTEM32\WSOCK32.dll
0x00007ff93a810000 - 0x00007ff93a884000 	C:\WINDOWS\System32\WS2_32.dll
0x00007ff934470000 - 0x00007ff9344a6000 	C:\WINDOWS\SYSTEM32\WINMM.dll
0x00007ff92f710000 - 0x00007ff92f71b000 	C:\WINDOWS\SYSTEM32\VERSION.dll
0x00007ff936ac0000 - 0x00007ff936ada000 	C:\WINDOWS\SYSTEM32\kernel.appcore.dll
0x00007ff932670000 - 0x00007ff93267a000 	C:\BTS\ANDROID\android-studio-girafe\android-studio-2022.3.1.19-windows\android-studio\jbr\bin\jimage.dll
0x00007ff935200000 - 0x00007ff935441000 	C:\WINDOWS\SYSTEM32\DBGHELP.DLL
0x00007ff939240000 - 0x00007ff9395be000 	C:\WINDOWS\System32\combase.dll
0x00007ff93a730000 - 0x00007ff93a806000 	C:\WINDOWS\System32\OLEAUT32.dll
0x00007ff92d180000 - 0x00007ff92d1b9000 	C:\WINDOWS\SYSTEM32\dbgcore.DLL
0x00007ff9387c0000 - 0x00007ff938859000 	C:\WINDOWS\System32\bcryptPrimitives.dll
0x00007ff92eec0000 - 0x00007ff92eee5000 	C:\BTS\ANDROID\android-studio-girafe\android-studio-2022.3.1.19-windows\android-studio\jbr\bin\java.dll
0x00007ff932610000 - 0x00007ff932628000 	C:\BTS\ANDROID\android-studio-girafe\android-studio-2022.3.1.19-windows\android-studio\jbr\bin\zip.dll
0x00007ff939c20000 - 0x00007ff93a32b000 	C:\WINDOWS\System32\SHELL32.dll
0x00007ff935790000 - 0x00007ff935fcd000 	C:\WINDOWS\SYSTEM32\windows.storage.dll
0x00007ff93a5b0000 - 0x00007ff93a69a000 	C:\WINDOWS\System32\SHCORE.dll
0x00007ff938f70000 - 0x00007ff938fcd000 	C:\WINDOWS\System32\shlwapi.dll
0x00007ff937d80000 - 0x00007ff937dae000 	C:\WINDOWS\SYSTEM32\profapi.dll
0x00007ff92ddb0000 - 0x00007ff92ddc9000 	C:\BTS\ANDROID\android-studio-girafe\android-studio-2022.3.1.19-windows\android-studio\jbr\bin\net.dll
0x00007ff92fc40000 - 0x00007ff92fd5e000 	C:\WINDOWS\SYSTEM32\WINHTTP.dll
0x00007ff936fb0000 - 0x00007ff937018000 	C:\WINDOWS\system32\mswsock.dll
0x00007ff92dca0000 - 0x00007ff92dcb6000 	C:\BTS\ANDROID\android-studio-girafe\android-studio-2022.3.1.19-windows\android-studio\jbr\bin\nio.dll
0x00007ff932660000 - 0x00007ff932670000 	C:\BTS\ANDROID\android-studio-girafe\android-studio-2022.3.1.19-windows\android-studio\jbr\bin\verify.dll
0x00007ff8e1df0000 - 0x00007ff8e1e17000 	C:\Users\svo\.gradle\native\68d5fa5c4cc2d200863cafc0d521ce42e7d3e7ee720ec0a83991735586a16f82\windows-amd64\native-platform.dll
0x00007ff9028d0000 - 0x00007ff902a14000 	C:\Users\svo\.gradle\native\e376f236ea51e6404a007f0833ffe2c6e607c4080706a723a18a27aeea778392\windows-amd64\native-platform-file-events.dll
0x00007ff9325e0000 - 0x00007ff9325e9000 	C:\BTS\ANDROID\android-studio-girafe\android-studio-2022.3.1.19-windows\android-studio\jbr\bin\management.dll
0x00007ff92ef40000 - 0x00007ff92ef4b000 	C:\BTS\ANDROID\android-studio-girafe\android-studio-2022.3.1.19-windows\android-studio\jbr\bin\management_ext.dll
0x00007ff93a4d0000 - 0x00007ff93a4d8000 	C:\WINDOWS\System32\PSAPI.DLL
0x00007ff937360000 - 0x00007ff93737c000 	C:\WINDOWS\SYSTEM32\CRYPTSP.dll
0x00007ff936a20000 - 0x00007ff936a58000 	C:\WINDOWS\system32\rsaenh.dll
0x00007ff937050000 - 0x00007ff93707b000 	C:\WINDOWS\SYSTEM32\USERENV.dll
0x00007ff9374f0000 - 0x00007ff937516000 	C:\WINDOWS\SYSTEM32\bcrypt.dll
0x00007ff9371e0000 - 0x00007ff9371ec000 	C:\WINDOWS\SYSTEM32\CRYPTBASE.dll
0x00007ff936280000 - 0x00007ff9362b3000 	C:\WINDOWS\SYSTEM32\IPHLPAPI.DLL
0x00007ff938e80000 - 0x00007ff938e8a000 	C:\WINDOWS\System32\NSI.dll
0x00007ff92fe40000 - 0x00007ff92fe5e000 	C:\WINDOWS\SYSTEM32\dhcpcsvc6.DLL
0x00007ff92fe10000 - 0x00007ff92fe35000 	C:\WINDOWS\SYSTEM32\dhcpcsvc.DLL
0x00007ff9362c0000 - 0x00007ff9363e5000 	C:\WINDOWS\SYSTEM32\DNSAPI.dll
0x00007ff90d700000 - 0x00007ff90d708000 	C:\WINDOWS\system32\wshunix.dll

dbghelp: loaded successfully - version: 4.0.5 - missing functions: none
symbol engine: initialized successfully - sym options: 0x614 - pdb path: .;C:\BTS\ANDROID\android-studio-girafe\android-studio-2022.3.1.19-windows\android-studio\jbr\bin;C:\WINDOWS\SYSTEM32;C:\WINDOWS\WinSxS\amd64_microsoft.windows.common-controls_6595b64144ccf1df_6.0.26100.2702_none_3e069454e335fc5e;C:\BTS\ANDROID\android-studio-girafe\android-studio-2022.3.1.19-windows\android-studio\jbr\bin\server;C:\Users\svo\.gradle\native\68d5fa5c4cc2d200863cafc0d521ce42e7d3e7ee720ec0a83991735586a16f82\windows-amd64;C:\Users\svo\.gradle\native\e376f236ea51e6404a007f0833ffe2c6e607c4080706a723a18a27aeea778392\windows-amd64

VM Arguments:
jvm_args: --add-opens=java.base/java.util=ALL-UNNAMED --add-opens=java.base/java.lang=ALL-UNNAMED --add-opens=java.base/java.lang.invoke=ALL-UNNAMED --add-opens=java.prefs/java.util.prefs=ALL-UNNAMED --add-opens=java.base/java.nio.charset=ALL-UNNAMED --add-opens=java.base/java.net=ALL-UNNAMED --add-opens=java.base/java.util.concurrent.atomic=ALL-UNNAMED -Xmx2048m -Dfile.encoding=UTF-8 -Duser.country=FR -Duser.language=fr -Duser.variant 
java_command: org.gradle.launcher.daemon.bootstrap.GradleDaemon 8.0
java_class_path (initial): C:\Users\svo\.gradle\wrapper\dists\gradle-8.0-bin\ca5e32bp14vu59qr306oxotwh\gradle-8.0\lib\gradle-launcher-8.0.jar
Launcher Type: SUN_STANDARD

[Global flags]
     intx CICompilerCount                          = 4                                         {product} {ergonomic}
     uint ConcGCThreads                            = 3                                         {product} {ergonomic}
     uint G1ConcRefinementThreads                  = 10                                        {product} {ergonomic}
   size_t G1HeapRegionSize                         = 1048576                                   {product} {ergonomic}
    uintx GCDrainStackTargetSize                   = 64                                        {product} {ergonomic}
   size_t InitialHeapSize                          = 264241152                                 {product} {ergonomic}
   size_t MarkStackSize                            = 4194304                                   {product} {ergonomic}
   size_t MaxHeapSize                              = 2147483648                                {product} {command line}
   size_t MaxNewSize                               = 1287651328                                {product} {ergonomic}
   size_t MinHeapDeltaBytes                        = 1048576                                   {product} {ergonomic}
   size_t MinHeapSize                              = 8388608                                   {product} {ergonomic}
    uintx NonNMethodCodeHeapSize                   = 5839372                                {pd product} {ergonomic}
    uintx NonProfiledCodeHeapSize                  = 122909434                              {pd product} {ergonomic}
    uintx ProfiledCodeHeapSize                     = 122909434                              {pd product} {ergonomic}
    uintx ReservedCodeCacheSize                    = 251658240                              {pd product} {ergonomic}
     bool SegmentedCodeCache                       = true                                      {product} {ergonomic}
   size_t SoftMaxHeapSize                          = 2147483648                             {manageable} {ergonomic}
     bool UseCompressedClassPointers               = true                           {product lp64_product} {ergonomic}
     bool UseCompressedOops                        = true                           {product lp64_product} {ergonomic}
     bool UseG1GC                                  = true                                      {product} {ergonomic}
     bool UseLargePagesIndividualAllocation        = false                                  {pd product} {ergonomic}

Logging:
Log output configuration:
 #0: stdout all=warning uptime,level,tags
 #1: stderr all=off uptime,level,tags

Environment Variables:
PATH=C:\Program Files\Common Files\Oracle\Java\javapath;C:\Program Files (x86)\Common Files\Oracle\Java\java8path;C:\Program Files (x86)\Common Files\Oracle\Java\javapath;C:\WINDOWS\system32;C:\WINDOWS;C:\WINDOWS\System32\Wbem;C:\WINDOWS\System32\WindowsPowerShell\v1.0\;C:\WINDOWS\System32\OpenSSH\;C:\Users\svo\AppData\Local\Microsoft\WindowsApps;C:\BTS\PortableApps\openlogic-openjdk-17.0.8+7-windows-x64\openlogic-openjdk-17.0.8+7-windows-x64\bin;C:\Users\svo\AppData\Local\ComposerSetup\bin;C:\Users\svo\AppData\Roaming\Composer\vendor\bin;C:\BTS\DEV\Xampp Laravell\xampp\php;C:\BTS\DEV\node-v18.15.0-win-x64;C:\BTS\Nodejs\node-v20.17.0-win-x64;C:\BTS\Git\bin;
USERNAME=SVO
OS=Windows_NT
PROCESSOR_IDENTIFIER=Intel64 Family 6 Model 154 Stepping 4, GenuineIntel
TMP=C:\Users\svo\AppData\Local\Temp
TEMP=C:\Users\svo\AppData\Local\Temp


JNI global refs:
JNI global refs: 27, weak refs: 0

JNI global refs memory usage: 843, weak refs: 841


---------------  S Y S T E M  ---------------

OS:
 Windows 11 , 64 bit Build 26100 (10.0.26100.2992)
OS uptime: 1 days 0:24 hours
Hyper-V role detected

CPU: total 12 (initial active 12) (6 cores per cpu, 2 threads per core) family 6 model 154 stepping 4 microcode 0x435, cx8, cmov, fxsr, ht, mmx, 3dnowpref, sse, sse2, sse3, ssse3, sse4.1, sse4.2, popcnt, lzcnt, tsc, tscinvbit, avx, avx2, aes, erms, clmul, bmi1, bmi2, adx, sha, fma, vzeroupper, clflush, clflushopt, clwb, hv

Memory: 4k page, system-wide physical 16016M (2504M free)
TotalPageFile size 20016M (AvailPageFile size 156M)
current process WorkingSet (physical memory assigned to process): 313M, peak: 346M
current process commit charge ("private bytes"): 357M, peak: 390M

vm_info: OpenJDK 64-Bit Server VM (17.0.6+0-b2043.56-10027231) for windows-amd64 JRE (17.0.6+0-b2043.56-10027231), built on Apr 28 2023 00:43:19 by "androidbuild" with MS VC++ 16.10 / 16.11 (VS2019)

END.
