#
# There is insufficient memory for the Java Runtime Environment to continue.
# Native memory allocation (mmap) failed to map 29360128 bytes for G1 virtual space
# Possible reasons:
#   The system is out of physical RAM or swap space
#   The process is running with CompressedOops enabled, and the Java Heap may be blocking the growth of the native heap
# Possible solutions:
#   Reduce memory load on the system
#   Increase physical memory or swap space
#   Check if swap backing store is full
#   Decrease Java heap size (-Xmx/-Xms)
#   Decrease number of Java threads
#   Decrease Java thread stack sizes (-Xss)
#   Set larger code cache with -XX:ReservedCodeCacheSize=
#   JVM is running with Unscaled Compressed Oops mode in which the Java heap is
#     placed in the first 4GB address space. The Java Heap base address is the
#     maximum limit for the native heap growth. Please use -XX:HeapBaseMinAddress
#     to set the Java Heap base and to place the Java Heap above 4GB virtual address.
# This output file may be truncated or incomplete.
#
#  Out of Memory Error (os_windows.cpp:3769), pid=404, tid=2136
#
# JRE version: OpenJDK Runtime Environment (17.0.6) (build 17.0.6+0-b2043.56-10027231)
# Java VM: OpenJDK 64-Bit Server VM (17.0.6+0-b2043.56-10027231, mixed mode, tiered, compressed oops, compressed class ptrs, g1 gc, windows-amd64)
# No core dump will be written. Minidumps are not enabled by default on client versions of Windows
#

---------------  S U M M A R Y ------------

Command Line: --add-opens=java.base/java.util=ALL-UNNAMED --add-opens=java.base/java.lang=ALL-UNNAMED --add-opens=java.base/java.lang.invoke=ALL-UNNAMED --add-opens=java.prefs/java.util.prefs=ALL-UNNAMED --add-opens=java.base/java.nio.charset=ALL-UNNAMED --add-opens=java.base/java.net=ALL-UNNAMED --add-opens=java.base/java.util.concurrent.atomic=ALL-UNNAMED -Xmx2048m -Dfile.encoding=UTF-8 -Duser.country=FR -Duser.language=fr -Duser.variant org.gradle.launcher.daemon.bootstrap.GradleDaemon 8.0

Host: 12th Gen Intel(R) Core(TM) i7-1255U, 12 cores, 15G,  Windows 11 , 64 bit Build 26100 (10.0.26100.2992)
Time: Wed Mar 19 14:55:06 2025 Paris, Madrid elapsed time: 10.917017 seconds (0d 0h 0m 10s)

---------------  T H R E A D  ---------------

Current thread (0x000002a7ef84ddd0):  VMThread "VM Thread" [stack: 0x000000bc52d00000,0x000000bc52e00000] [id=2136]

Stack: [0x000000bc52d00000,0x000000bc52e00000]
Native frames: (J=compiled Java code, j=interpreted, Vv=VM code, C=native code)
V  [jvm.dll+0x683c9a]
V  [jvm.dll+0x8427a4]
V  [jvm.dll+0x843f9e]
V  [jvm.dll+0x844603]
V  [jvm.dll+0x249b75]
V  [jvm.dll+0x680b69]
V  [jvm.dll+0x67505a]
V  [jvm.dll+0x309acb]
V  [jvm.dll+0x310f86]
V  [jvm.dll+0x3608ee]
V  [jvm.dll+0x360b1f]
V  [jvm.dll+0x2dfbf8]
V  [jvm.dll+0x2ddec4]
V  [jvm.dll+0x2dd4cc]
V  [jvm.dll+0x321f3b]
V  [jvm.dll+0x848ccb]
V  [jvm.dll+0x849a04]
V  [jvm.dll+0x849f1d]
V  [jvm.dll+0x84a2f4]
V  [jvm.dll+0x84a3c0]
V  [jvm.dll+0x7f274a]
V  [jvm.dll+0x682ad5]
C  [ucrtbase.dll+0x37b0]
C  [KERNEL32.DLL+0x2e8d7]
C  [ntdll.dll+0xbbf6c]

VM_Operation (0x000000bc5cafb2e0): G1CollectForAllocation, mode: safepoint, requested by thread 0x000002a7f6a004f0


---------------  P R O C E S S  ---------------

Threads class SMR info:
_java_thread_list=0x000002a7f08daac0, length=185, elements={
0x000002a7d2a732a0, 0x000002a7ef855040, 0x000002a7ef857720, 0x000002a7ef897290,
0x000002a7ef899c70, 0x000002a7ef89c150, 0x000002a7ef89c620, 0x000002a7ef8a1680,
0x000002a7ef8a1c40, 0x000002a7ef8b2370, 0x000002a7efa3dc10, 0x000002a7efa40710,
0x000002a7f10ef980, 0x000002a7f10eeb10, 0x000002a7f10f07f0, 0x000002a7f13cc070,
0x000002a7f10ef4b0, 0x000002a7f10f1660, 0x000002a7f10f24d0, 0x000002a7f10f1b30,
0x000002a7f10eefe0, 0x000002a7f10f2000, 0x000002a7f10efe50, 0x000002a7f10f0320,
0x000002a7f10f0cc0, 0x000002a7f10f1190, 0x000002a7f4db55e0, 0x000002a7f4db3430,
0x000002a7f4db3900, 0x000002a7f4db25c0, 0x000002a7f4db5110, 0x000002a7f4db3dd0,
0x000002a7f4db2f60, 0x000002a7f4db20f0, 0x000002a7f4db42a0, 0x000002a7f4db5f80,
0x000002a7f27da4c0, 0x000002a7f4db2a90, 0x000002a7f4db4c40, 0x000002a7f4db6df0,
0x000002a7f4db72c0, 0x000002a7f4db7790, 0x000002a7f4db8130, 0x000002a7f4db9470,
0x000002a7f4db9940, 0x000002a7f4db7c60, 0x000002a7f4db8600, 0x000002a7f4db8ad0,
0x000002a7f8912a00, 0x000002a7f8912ed0, 0x000002a7f8910380, 0x000002a7f89133a0,
0x000002a7f89111f0, 0x000002a7f8911b90, 0x000002a7f890feb0, 0x000002a7f89116c0,
0x000002a7f8912060, 0x000002a7f8913870, 0x000002a7f8913d40, 0x000002a7f8912530,
0x000002a7f8914210, 0x000002a7f8910850, 0x000002a7f89146e0, 0x000002a7f8910d20,
0x000002a7f8914bb0, 0x000002a7f8916890, 0x000002a7f8915550, 0x000002a7f8917230,
0x000002a7f8916d60, 0x000002a7f8915a20, 0x000002a7f8915080, 0x000002a7f8915ef0,
0x000002a7f89163c0, 0x000002a7f8917700, 0x000002a7f7617ee0, 0x000002a7f7616200,
0x000002a7f7615860, 0x000002a7f76183b0, 0x000002a7f76149f0, 0x000002a7f7618880,
0x000002a7f7617540, 0x000002a7f76166d0, 0x000002a7f7616ba0, 0x000002a7f7617070,
0x000002a7f7617a10, 0x000002a7f7614ec0, 0x000002a7f7615390, 0x000002a7f7618d50,
0x000002a7f7619220, 0x000002a7f76196f0, 0x000002a7f7615d30, 0x000002a7f761a560,
0x000002a7f7619bc0, 0x000002a7f761a090, 0x000002a7f761aa30, 0x000002a7f761af00,
0x000002a7f761b3d0, 0x000002a7f761b8a0, 0x000002a7f761bd70, 0x000002a7f761c240,
0x000002a7f76bb640, 0x000002a7f76bf000, 0x000002a7f76bce50, 0x000002a7f76bf4d0,
0x000002a7f76bc4b0, 0x000002a7f76be190, 0x000002a7f76bc980, 0x000002a7f76bdcc0,
0x000002a7f76be660, 0x000002a7f76bbb10, 0x000002a7f76bbfe0, 0x000002a7f76bfe70,
0x000002a7f76c0340, 0x000002a7f76beb30, 0x000002a7f76c0ce0, 0x000002a7f76c0810,
0x000002a7f76bd320, 0x000002a7f76bf9a0, 0x000002a7f76c11b0, 0x000002a7f76bd7f0,
0x000002a7f76c29c0, 0x000002a7f76c1680, 0x000002a7f76c1b50, 0x000002a7f76c2020,
0x000002a7f76c24f0, 0x000002a7f76c2e90, 0x000002a7f69fcb30, 0x000002a7f69fd4d0,
0x000002a7f69fa980, 0x000002a7f69fc190, 0x000002a7f69fb7f0, 0x000002a7f69fd000,
0x000002a7f69fd9a0, 0x000002a7f69f9fe0, 0x000002a7f69fde70, 0x000002a7f69fa4b0,
0x000002a7f69fe340, 0x000002a7f69fbcc0, 0x000002a7f69fc660, 0x000002a7f69fe810,
0x000002a7f69fae50, 0x000002a7f69fece0, 0x000002a7f69fb320, 0x000002a7f6a009c0,
0x000002a7f69ff1b0, 0x000002a7f6a004f0, 0x000002a7f69ff680, 0x000002a7f69ffb50,
0x000002a7f6a00e90, 0x000002a7f6a00020, 0x000002a7f6a01360, 0x000002a7f688e070,
0x000002a7f6891a30, 0x000002a7f688f3b0, 0x000002a7f688e540, 0x000002a7f6891f00,
0x000002a7f68923d0, 0x000002a7f6891560, 0x000002a7f688ea10, 0x000002a7f688eee0,
0x000002a7f6890bc0, 0x000002a7f68928a0, 0x000002a7f68906f0, 0x000002a7f6892d70,
0x000002a7f6893240, 0x000002a7f688f880, 0x000002a7f6891090, 0x000002a7f6893710,
0x000002a7f688fd50, 0x000002a7f6893be0, 0x000002a7f6890220, 0x000002a7f68940b0,
0x000002a7f68958c0, 0x000002a7f6a01830, 0x000002a7f08c8c00, 0x000002a7f08c8260,
0x000002a7f08c7d90, 0x000002a7f08c90d0, 0x000002a7f08ca8e0, 0x000002a7f08c95a0,
0x000002a7f08c9a70, 0x000002a7f08c78c0, 0x000002a7f08c9f40, 0x000002a7f08c8730,
0x000002a7f08cc0f0
}

Java Threads: ( => current thread )
  0x000002a7d2a732a0 JavaThread "main" [_thread_blocked, id=7032, stack(0x000000bc52700000,0x000000bc52800000)]
  0x000002a7ef855040 JavaThread "Reference Handler" daemon [_thread_blocked, id=26152, stack(0x000000bc52e00000,0x000000bc52f00000)]
  0x000002a7ef857720 JavaThread "Finalizer" daemon [_thread_blocked, id=4824, stack(0x000000bc52f00000,0x000000bc53000000)]
  0x000002a7ef897290 JavaThread "Signal Dispatcher" daemon [_thread_blocked, id=25324, stack(0x000000bc53000000,0x000000bc53100000)]
  0x000002a7ef899c70 JavaThread "Attach Listener" daemon [_thread_blocked, id=20348, stack(0x000000bc53100000,0x000000bc53200000)]
  0x000002a7ef89c150 JavaThread "Service Thread" daemon [_thread_blocked, id=11324, stack(0x000000bc53200000,0x000000bc53300000)]
  0x000002a7ef89c620 JavaThread "Monitor Deflation Thread" daemon [_thread_blocked, id=18924, stack(0x000000bc53300000,0x000000bc53400000)]
  0x000002a7ef8a1680 JavaThread "C2 CompilerThread0" daemon [_thread_blocked, id=18492, stack(0x000000bc53400000,0x000000bc53500000)]
  0x000002a7ef8a1c40 JavaThread "C1 CompilerThread0" daemon [_thread_blocked, id=26316, stack(0x000000bc53500000,0x000000bc53600000)]
  0x000002a7ef8b2370 JavaThread "Sweeper thread" daemon [_thread_blocked, id=4660, stack(0x000000bc53600000,0x000000bc53700000)]
  0x000002a7efa3dc10 JavaThread "Common-Cleaner" daemon [_thread_blocked, id=24896, stack(0x000000bc53700000,0x000000bc53800000)]
  0x000002a7efa40710 JavaThread "Notification Thread" daemon [_thread_blocked, id=10352, stack(0x000000bc53800000,0x000000bc53900000)]
  0x000002a7f10ef980 JavaThread "Daemon health stats" [_thread_blocked, id=3832, stack(0x000000bc54000000,0x000000bc54100000)]
  0x000002a7f10eeb10 JavaThread "Incoming local TCP Connector on port 50559" [_thread_in_native, id=21820, stack(0x000000bc53a00000,0x000000bc53b00000)]
  0x000002a7f10f07f0 JavaThread "Daemon periodic checks" [_thread_blocked, id=16792, stack(0x000000bc54100000,0x000000bc54200000)]
  0x000002a7f13cc070 JavaThread "C2 CompilerThread1" daemon [_thread_blocked, id=14216, stack(0x000000bc54200000,0x000000bc54300000)]
  0x000002a7f10ef4b0 JavaThread "Daemon" [_thread_blocked, id=3480, stack(0x000000bc54300000,0x000000bc54400000)]
  0x000002a7f10f1660 JavaThread "Handler for socket connection from /127.0.0.1:50559 to /127.0.0.1:50560" [_thread_in_native, id=20244, stack(0x000000bc54400000,0x000000bc54500000)]
  0x000002a7f10f24d0 JavaThread "Cancel handler" [_thread_blocked, id=9436, stack(0x000000bc54500000,0x000000bc54600000)]
  0x000002a7f10f1b30 JavaThread "Daemon worker" [_thread_blocked, id=14988, stack(0x000000bc54600000,0x000000bc54700000)]
  0x000002a7f10eefe0 JavaThread "Asynchronous log dispatcher for DefaultDaemonConnection: socket connection from /127.0.0.1:50559 to /127.0.0.1:50560" [_thread_blocked, id=23636, stack(0x000000bc54700000,0x000000bc54800000)]
  0x000002a7f10f2000 JavaThread "Stdin handler" [_thread_blocked, id=18224, stack(0x000000bc54800000,0x000000bc54900000)]
  0x000002a7f10efe50 JavaThread "Daemon client event forwarder" [_thread_blocked, id=22204, stack(0x000000bc54900000,0x000000bc54a00000)]
  0x000002a7f10f0320 JavaThread "Cache worker for journal cache (C:\Users\svo\.gradle\caches\journal-1)" [_thread_blocked, id=28516, stack(0x000000bc55000000,0x000000bc55100000)]
  0x000002a7f10f0cc0 JavaThread "File lock request listener" [_thread_in_native, id=27416, stack(0x000000bc55100000,0x000000bc55200000)]
  0x000002a7f10f1190 JavaThread "Cache worker for file hash cache (C:\Users\svo\.gradle\caches\8.0\fileHashes)" [_thread_blocked, id=22000, stack(0x000000bc55200000,0x000000bc55300000)]
  0x000002a7f4db55e0 JavaThread "File watcher server" daemon [_thread_blocked, id=5240, stack(0x000000bc55400000,0x000000bc55500000)]
  0x000002a7f4db3430 JavaThread "File watcher consumer" daemon [_thread_blocked, id=4968, stack(0x000000bc55500000,0x000000bc55600000)]
  0x000002a7f4db3900 JavaThread "Cache worker for checksums cache (C:\BTS\ANDROID\WkRFTG\ApplicationRFTG\.gradle\8.0\checksums)" [_thread_blocked, id=2376, stack(0x000000bc55600000,0x000000bc55700000)]
  0x000002a7f4db25c0 JavaThread "Cache worker for cache directory md-rule (C:\Users\svo\.gradle\caches\8.0\md-rule)" [_thread_blocked, id=16868, stack(0x000000bc55700000,0x000000bc55800000)]
  0x000002a7f4db5110 JavaThread "Cache worker for file content cache (C:\Users\svo\.gradle\caches\8.0\fileContent)" [_thread_blocked, id=27488, stack(0x000000bc55800000,0x000000bc55900000)]
  0x000002a7f4db3dd0 JavaThread "Cache worker for file hash cache (C:\BTS\ANDROID\WkRFTG\ApplicationRFTG\.gradle\8.0\fileHashes)" [_thread_blocked, id=21096, stack(0x000000bc55900000,0x000000bc55a00000)]
  0x000002a7f4db2f60 JavaThread "Cache worker for cache directory md-supplier (C:\Users\svo\.gradle\caches\8.0\md-supplier)" [_thread_blocked, id=26724, stack(0x000000bc55a00000,0x000000bc55b00000)]
  0x000002a7f4db20f0 JavaThread "Cache worker for execution history cache (C:\Users\svo\.gradle\caches\8.0\executionHistory)" [_thread_blocked, id=28236, stack(0x000000bc55300000,0x000000bc55400000)]
  0x000002a7f4db42a0 JavaThread "jar transforms" [_thread_blocked, id=27240, stack(0x000000bc55b00000,0x000000bc55c00000)]
  0x000002a7f4db5f80 JavaThread "jar transforms Thread 2" [_thread_blocked, id=18292, stack(0x000000bc55c00000,0x000000bc55d00000)]
  0x000002a7f27da4c0 JavaThread "C2 CompilerThread2" daemon [_thread_blocked, id=26680, stack(0x000000bc55d00000,0x000000bc55e00000)]
  0x000002a7f4db2a90 JavaThread "Cache worker for kotlin-dsl (C:\Users\svo\.gradle\caches\8.0\kotlin-dsl)" [_thread_blocked, id=15200, stack(0x000000bc55e00000,0x000000bc55f00000)]
  0x000002a7f4db4c40 JavaThread "jar transforms Thread 3" [_thread_blocked, id=21568, stack(0x000000bc55f00000,0x000000bc56000000)]
  0x000002a7f4db6df0 JavaThread "jar transforms Thread 4" [_thread_blocked, id=5368, stack(0x000000bc56000000,0x000000bc56100000)]
  0x000002a7f4db72c0 JavaThread "Cache worker for dependencies-accessors (C:\BTS\ANDROID\WkRFTG\ApplicationRFTG\.gradle\8.0\dependencies-accessors)" [_thread_blocked, id=20820, stack(0x000000bc56100000,0x000000bc56200000)]
  0x000002a7f4db7790 JavaThread "Cache worker for Build Output Cleanup Cache (C:\BTS\ANDROID\WkRFTG\ApplicationRFTG\.gradle\buildOutputCleanup)" [_thread_blocked, id=6640, stack(0x000000bc56200000,0x000000bc56300000)]
  0x000002a7f4db8130 JavaThread "jar transforms Thread 5" [_thread_blocked, id=16332, stack(0x000000bc56300000,0x000000bc56400000)]
  0x000002a7f4db9470 JavaThread "Unconstrained build operations" [_thread_blocked, id=20616, stack(0x000000bc56400000,0x000000bc56500000)]
  0x000002a7f4db9940 JavaThread "Unconstrained build operations Thread 2" [_thread_blocked, id=8980, stack(0x000000bc56500000,0x000000bc56600000)]
  0x000002a7f4db7c60 JavaThread "Unconstrained build operations Thread 3" [_thread_blocked, id=26256, stack(0x000000bc56600000,0x000000bc56700000)]
  0x000002a7f4db8600 JavaThread "Unconstrained build operations Thread 4" [_thread_blocked, id=20884, stack(0x000000bc56700000,0x000000bc56800000)]
  0x000002a7f4db8ad0 JavaThread "Unconstrained build operations Thread 5" [_thread_blocked, id=21208, stack(0x000000bc56800000,0x000000bc56900000)]
  0x000002a7f8912a00 JavaThread "Unconstrained build operations Thread 6" [_thread_blocked, id=7860, stack(0x000000bc56900000,0x000000bc56a00000)]
  0x000002a7f8912ed0 JavaThread "Unconstrained build operations Thread 7" [_thread_blocked, id=12416, stack(0x000000bc56a00000,0x000000bc56b00000)]
  0x000002a7f8910380 JavaThread "Unconstrained build operations Thread 8" [_thread_blocked, id=22396, stack(0x000000bc56b00000,0x000000bc56c00000)]
  0x000002a7f89133a0 JavaThread "Unconstrained build operations Thread 9" [_thread_blocked, id=10652, stack(0x000000bc56c00000,0x000000bc56d00000)]
  0x000002a7f89111f0 JavaThread "Unconstrained build operations Thread 10" [_thread_blocked, id=19136, stack(0x000000bc56d00000,0x000000bc56e00000)]
  0x000002a7f8911b90 JavaThread "Unconstrained build operations Thread 11" [_thread_blocked, id=7236, stack(0x000000bc56e00000,0x000000bc56f00000)]
  0x000002a7f890feb0 JavaThread "Unconstrained build operations Thread 12" [_thread_blocked, id=18412, stack(0x000000bc56f00000,0x000000bc57000000)]
  0x000002a7f89116c0 JavaThread "Unconstrained build operations Thread 13" [_thread_blocked, id=22344, stack(0x000000bc57000000,0x000000bc57100000)]
  0x000002a7f8912060 JavaThread "Unconstrained build operations Thread 14" [_thread_blocked, id=26560, stack(0x000000bc57100000,0x000000bc57200000)]
  0x000002a7f8913870 JavaThread "Unconstrained build operations Thread 15" [_thread_blocked, id=10192, stack(0x000000bc57200000,0x000000bc57300000)]
  0x000002a7f8913d40 JavaThread "Unconstrained build operations Thread 16" [_thread_blocked, id=7244, stack(0x000000bc57300000,0x000000bc57400000)]
  0x000002a7f8912530 JavaThread "Unconstrained build operations Thread 17" [_thread_blocked, id=1068, stack(0x000000bc57400000,0x000000bc57500000)]
  0x000002a7f8914210 JavaThread "Unconstrained build operations Thread 18" [_thread_blocked, id=24036, stack(0x000000bc57500000,0x000000bc57600000)]
  0x000002a7f8910850 JavaThread "Unconstrained build operations Thread 19" [_thread_blocked, id=24988, stack(0x000000bc57600000,0x000000bc57700000)]
  0x000002a7f89146e0 JavaThread "Unconstrained build operations Thread 20" [_thread_blocked, id=27544, stack(0x000000bc57700000,0x000000bc57800000)]
  0x000002a7f8910d20 JavaThread "Unconstrained build operations Thread 21" [_thread_blocked, id=15820, stack(0x000000bc57800000,0x000000bc57900000)]
  0x000002a7f8914bb0 JavaThread "Unconstrained build operations Thread 22" [_thread_blocked, id=25532, stack(0x000000bc57900000,0x000000bc57a00000)]
  0x000002a7f8916890 JavaThread "Unconstrained build operations Thread 23" [_thread_blocked, id=22412, stack(0x000000bc57a00000,0x000000bc57b00000)]
  0x000002a7f8915550 JavaThread "Unconstrained build operations Thread 24" [_thread_blocked, id=11628, stack(0x000000bc57b00000,0x000000bc57c00000)]
  0x000002a7f8917230 JavaThread "Unconstrained build operations Thread 25" [_thread_blocked, id=26812, stack(0x000000bc57c00000,0x000000bc57d00000)]
  0x000002a7f8916d60 JavaThread "Unconstrained build operations Thread 26" [_thread_blocked, id=3068, stack(0x000000bc57d00000,0x000000bc57e00000)]
  0x000002a7f8915a20 JavaThread "Unconstrained build operations Thread 27" [_thread_blocked, id=22368, stack(0x000000bc57e00000,0x000000bc57f00000)]
  0x000002a7f8915080 JavaThread "Unconstrained build operations Thread 28" [_thread_blocked, id=11792, stack(0x000000bc57f00000,0x000000bc58000000)]
  0x000002a7f8915ef0 JavaThread "Unconstrained build operations Thread 29" [_thread_blocked, id=23432, stack(0x000000bc58000000,0x000000bc58100000)]
  0x000002a7f89163c0 JavaThread "Unconstrained build operations Thread 30" [_thread_blocked, id=19340, stack(0x000000bc58100000,0x000000bc58200000)]
  0x000002a7f8917700 JavaThread "Unconstrained build operations Thread 31" [_thread_blocked, id=28020, stack(0x000000bc58200000,0x000000bc58300000)]
  0x000002a7f7617ee0 JavaThread "Unconstrained build operations Thread 32" [_thread_blocked, id=13616, stack(0x000000bc58300000,0x000000bc58400000)]
  0x000002a7f7616200 JavaThread "Unconstrained build operations Thread 33" [_thread_blocked, id=412, stack(0x000000bc58400000,0x000000bc58500000)]
  0x000002a7f7615860 JavaThread "Unconstrained build operations Thread 34" [_thread_blocked, id=3352, stack(0x000000bc58500000,0x000000bc58600000)]
  0x000002a7f76183b0 JavaThread "Unconstrained build operations Thread 35" [_thread_blocked, id=24764, stack(0x000000bc58600000,0x000000bc58700000)]
  0x000002a7f76149f0 JavaThread "Unconstrained build operations Thread 36" [_thread_blocked, id=15564, stack(0x000000bc58700000,0x000000bc58800000)]
  0x000002a7f7618880 JavaThread "Unconstrained build operations Thread 37" [_thread_blocked, id=12936, stack(0x000000bc58800000,0x000000bc58900000)]
  0x000002a7f7617540 JavaThread "Unconstrained build operations Thread 38" [_thread_blocked, id=24064, stack(0x000000bc58900000,0x000000bc58a00000)]
  0x000002a7f76166d0 JavaThread "Unconstrained build operations Thread 39" [_thread_blocked, id=14624, stack(0x000000bc58a00000,0x000000bc58b00000)]
  0x000002a7f7616ba0 JavaThread "Unconstrained build operations Thread 40" [_thread_blocked, id=28572, stack(0x000000bc58b00000,0x000000bc58c00000)]
  0x000002a7f7617070 JavaThread "Unconstrained build operations Thread 41" [_thread_blocked, id=24592, stack(0x000000bc58c00000,0x000000bc58d00000)]
  0x000002a7f7617a10 JavaThread "Unconstrained build operations Thread 42" [_thread_blocked, id=16164, stack(0x000000bc58d00000,0x000000bc58e00000)]
  0x000002a7f7614ec0 JavaThread "Unconstrained build operations Thread 43" [_thread_blocked, id=16668, stack(0x000000bc58e00000,0x000000bc58f00000)]
  0x000002a7f7615390 JavaThread "Unconstrained build operations Thread 44" [_thread_blocked, id=8876, stack(0x000000bc58f00000,0x000000bc59000000)]
  0x000002a7f7618d50 JavaThread "Unconstrained build operations Thread 45" [_thread_blocked, id=9520, stack(0x000000bc59000000,0x000000bc59100000)]
  0x000002a7f7619220 JavaThread "Unconstrained build operations Thread 46" [_thread_blocked, id=13152, stack(0x000000bc59100000,0x000000bc59200000)]
  0x000002a7f76196f0 JavaThread "Unconstrained build operations Thread 47" [_thread_blocked, id=24612, stack(0x000000bc59200000,0x000000bc59300000)]
  0x000002a7f7615d30 JavaThread "Unconstrained build operations Thread 48" [_thread_blocked, id=13372, stack(0x000000bc59300000,0x000000bc59400000)]
  0x000002a7f761a560 JavaThread "Unconstrained build operations Thread 49" [_thread_blocked, id=24452, stack(0x000000bc59400000,0x000000bc59500000)]
  0x000002a7f7619bc0 JavaThread "Unconstrained build operations Thread 50" [_thread_blocked, id=24364, stack(0x000000bc59500000,0x000000bc59600000)]
  0x000002a7f761a090 JavaThread "Unconstrained build operations Thread 51" [_thread_blocked, id=24424, stack(0x000000bc59600000,0x000000bc59700000)]
  0x000002a7f761aa30 JavaThread "Unconstrained build operations Thread 52" [_thread_blocked, id=10492, stack(0x000000bc59700000,0x000000bc59800000)]
  0x000002a7f761af00 JavaThread "Unconstrained build operations Thread 53" [_thread_blocked, id=22392, stack(0x000000bc59800000,0x000000bc59900000)]
  0x000002a7f761b3d0 JavaThread "Unconstrained build operations Thread 54" [_thread_blocked, id=18460, stack(0x000000bc59900000,0x000000bc59a00000)]
  0x000002a7f761b8a0 JavaThread "Unconstrained build operations Thread 55" [_thread_blocked, id=18408, stack(0x000000bc59a00000,0x000000bc59b00000)]
  0x000002a7f761bd70 JavaThread "Unconstrained build operations Thread 56" [_thread_blocked, id=20836, stack(0x000000bc59b00000,0x000000bc59c00000)]
  0x000002a7f761c240 JavaThread "Unconstrained build operations Thread 57" [_thread_blocked, id=21960, stack(0x000000bc59c00000,0x000000bc59d00000)]
  0x000002a7f76bb640 JavaThread "Unconstrained build operations Thread 58" [_thread_blocked, id=26080, stack(0x000000bc59d00000,0x000000bc59e00000)]
  0x000002a7f76bf000 JavaThread "Unconstrained build operations Thread 59" [_thread_blocked, id=16296, stack(0x000000bc59e00000,0x000000bc59f00000)]
  0x000002a7f76bce50 JavaThread "Unconstrained build operations Thread 60" [_thread_blocked, id=18952, stack(0x000000bc59f00000,0x000000bc5a000000)]
  0x000002a7f76bf4d0 JavaThread "Unconstrained build operations Thread 61" [_thread_blocked, id=5748, stack(0x000000bc5a000000,0x000000bc5a100000)]
  0x000002a7f76bc4b0 JavaThread "Unconstrained build operations Thread 62" [_thread_blocked, id=27096, stack(0x000000bc5a100000,0x000000bc5a200000)]
  0x000002a7f76be190 JavaThread "Unconstrained build operations Thread 63" [_thread_blocked, id=8952, stack(0x000000bc5a200000,0x000000bc5a300000)]
  0x000002a7f76bc980 JavaThread "Unconstrained build operations Thread 64" [_thread_blocked, id=5844, stack(0x000000bc5a300000,0x000000bc5a400000)]
  0x000002a7f76bdcc0 JavaThread "Unconstrained build operations Thread 65" [_thread_blocked, id=18312, stack(0x000000bc5a400000,0x000000bc5a500000)]
  0x000002a7f76be660 JavaThread "Unconstrained build operations Thread 66" [_thread_blocked, id=16484, stack(0x000000bc5a500000,0x000000bc5a600000)]
  0x000002a7f76bbb10 JavaThread "Unconstrained build operations Thread 67" [_thread_blocked, id=27884, stack(0x000000bc5a600000,0x000000bc5a700000)]
  0x000002a7f76bbfe0 JavaThread "Unconstrained build operations Thread 68" [_thread_blocked, id=228, stack(0x000000bc5a700000,0x000000bc5a800000)]
  0x000002a7f76bfe70 JavaThread "Unconstrained build operations Thread 69" [_thread_blocked, id=26004, stack(0x000000bc5a800000,0x000000bc5a900000)]
  0x000002a7f76c0340 JavaThread "Unconstrained build operations Thread 70" [_thread_blocked, id=15948, stack(0x000000bc5a900000,0x000000bc5aa00000)]
  0x000002a7f76beb30 JavaThread "Unconstrained build operations Thread 71" [_thread_blocked, id=1136, stack(0x000000bc5aa00000,0x000000bc5ab00000)]
  0x000002a7f76c0ce0 JavaThread "Unconstrained build operations Thread 72" [_thread_blocked, id=14812, stack(0x000000bc5ab00000,0x000000bc5ac00000)]
  0x000002a7f76c0810 JavaThread "Unconstrained build operations Thread 73" [_thread_blocked, id=11760, stack(0x000000bc5ac00000,0x000000bc5ad00000)]
  0x000002a7f76bd320 JavaThread "Unconstrained build operations Thread 74" [_thread_blocked, id=28316, stack(0x000000bc5ad00000,0x000000bc5ae00000)]
  0x000002a7f76bf9a0 JavaThread "Unconstrained build operations Thread 75" [_thread_blocked, id=28320, stack(0x000000bc5ae00000,0x000000bc5af00000)]
  0x000002a7f76c11b0 JavaThread "Unconstrained build operations Thread 76" [_thread_blocked, id=10460, stack(0x000000bc5af00000,0x000000bc5b000000)]
  0x000002a7f76bd7f0 JavaThread "Unconstrained build operations Thread 77" [_thread_blocked, id=10660, stack(0x000000bc5b000000,0x000000bc5b100000)]
  0x000002a7f76c29c0 JavaThread "Unconstrained build operations Thread 78" [_thread_blocked, id=28632, stack(0x000000bc5b100000,0x000000bc5b200000)]
  0x000002a7f76c1680 JavaThread "Unconstrained build operations Thread 79" [_thread_blocked, id=24020, stack(0x000000bc5b200000,0x000000bc5b300000)]
  0x000002a7f76c1b50 JavaThread "Unconstrained build operations Thread 80" [_thread_blocked, id=21428, stack(0x000000bc5b300000,0x000000bc5b400000)]
  0x000002a7f76c2020 JavaThread "Unconstrained build operations Thread 81" [_thread_blocked, id=10732, stack(0x000000bc5b400000,0x000000bc5b500000)]
  0x000002a7f76c24f0 JavaThread "Unconstrained build operations Thread 82" [_thread_blocked, id=22500, stack(0x000000bc5b500000,0x000000bc5b600000)]
  0x000002a7f76c2e90 JavaThread "Unconstrained build operations Thread 83" [_thread_blocked, id=26916, stack(0x000000bc5b600000,0x000000bc5b700000)]
  0x000002a7f69fcb30 JavaThread "Unconstrained build operations Thread 84" [_thread_blocked, id=9988, stack(0x000000bc5b700000,0x000000bc5b800000)]
  0x000002a7f69fd4d0 JavaThread "Unconstrained build operations Thread 85" [_thread_blocked, id=1480, stack(0x000000bc5b800000,0x000000bc5b900000)]
  0x000002a7f69fa980 JavaThread "Unconstrained build operations Thread 86" [_thread_blocked, id=26408, stack(0x000000bc5b900000,0x000000bc5ba00000)]
  0x000002a7f69fc190 JavaThread "Unconstrained build operations Thread 87" [_thread_blocked, id=21048, stack(0x000000bc5ba00000,0x000000bc5bb00000)]
  0x000002a7f69fb7f0 JavaThread "Unconstrained build operations Thread 88" [_thread_blocked, id=28164, stack(0x000000bc5bb00000,0x000000bc5bc00000)]
  0x000002a7f69fd000 JavaThread "Unconstrained build operations Thread 89" [_thread_blocked, id=26720, stack(0x000000bc5bc00000,0x000000bc5bd00000)]
  0x000002a7f69fd9a0 JavaThread "Unconstrained build operations Thread 90" [_thread_blocked, id=3992, stack(0x000000bc5bd00000,0x000000bc5be00000)]
  0x000002a7f69f9fe0 JavaThread "Unconstrained build operations Thread 91" [_thread_blocked, id=17024, stack(0x000000bc5be00000,0x000000bc5bf00000)]
  0x000002a7f69fde70 JavaThread "Unconstrained build operations Thread 92" [_thread_blocked, id=3676, stack(0x000000bc5bf00000,0x000000bc5c000000)]
  0x000002a7f69fa4b0 JavaThread "Unconstrained build operations Thread 93" [_thread_blocked, id=8748, stack(0x000000bc5c000000,0x000000bc5c100000)]
  0x000002a7f69fe340 JavaThread "Unconstrained build operations Thread 94" [_thread_blocked, id=20380, stack(0x000000bc5c100000,0x000000bc5c200000)]
  0x000002a7f69fbcc0 JavaThread "Unconstrained build operations Thread 95" [_thread_blocked, id=9340, stack(0x000000bc5c200000,0x000000bc5c300000)]
  0x000002a7f69fc660 JavaThread "Unconstrained build operations Thread 96" [_thread_blocked, id=12928, stack(0x000000bc5c300000,0x000000bc5c400000)]
  0x000002a7f69fe810 JavaThread "Unconstrained build operations Thread 97" [_thread_blocked, id=22592, stack(0x000000bc5c400000,0x000000bc5c500000)]
  0x000002a7f69fae50 JavaThread "Unconstrained build operations Thread 98" [_thread_blocked, id=2892, stack(0x000000bc5c500000,0x000000bc5c600000)]
  0x000002a7f69fece0 JavaThread "Unconstrained build operations Thread 99" [_thread_blocked, id=27236, stack(0x000000bc5c600000,0x000000bc5c700000)]
  0x000002a7f69fb320 JavaThread "Unconstrained build operations Thread 100" [_thread_blocked, id=15976, stack(0x000000bc5c700000,0x000000bc5c800000)]
  0x000002a7f6a009c0 JavaThread "Unconstrained build operations Thread 101" [_thread_blocked, id=20544, stack(0x000000bc5c800000,0x000000bc5c900000)]
  0x000002a7f69ff1b0 JavaThread "Unconstrained build operations Thread 102" [_thread_blocked, id=26532, stack(0x000000bc5c900000,0x000000bc5ca00000)]
  0x000002a7f6a004f0 JavaThread "Unconstrained build operations Thread 103" [_thread_blocked, id=20712, stack(0x000000bc5ca00000,0x000000bc5cb00000)]
  0x000002a7f69ff680 JavaThread "Unconstrained build operations Thread 104" [_thread_blocked, id=18364, stack(0x000000bc5cb00000,0x000000bc5cc00000)]
  0x000002a7f69ffb50 JavaThread "Unconstrained build operations Thread 105" [_thread_blocked, id=17260, stack(0x000000bc5cc00000,0x000000bc5cd00000)]
  0x000002a7f6a00e90 JavaThread "Unconstrained build operations Thread 106" [_thread_blocked, id=7904, stack(0x000000bc5cd00000,0x000000bc5ce00000)]
  0x000002a7f6a00020 JavaThread "Unconstrained build operations Thread 107" [_thread_blocked, id=22808, stack(0x000000bc5ce00000,0x000000bc5cf00000)]
  0x000002a7f6a01360 JavaThread "Unconstrained build operations Thread 108" [_thread_blocked, id=7692, stack(0x000000bc5cf00000,0x000000bc5d000000)]
  0x000002a7f688e070 JavaThread "Unconstrained build operations Thread 109" [_thread_blocked, id=24320, stack(0x000000bc5d000000,0x000000bc5d100000)]
  0x000002a7f6891a30 JavaThread "Unconstrained build operations Thread 110" [_thread_blocked, id=27200, stack(0x000000bc5d100000,0x000000bc5d200000)]
  0x000002a7f688f3b0 JavaThread "Unconstrained build operations Thread 111" [_thread_blocked, id=11296, stack(0x000000bc5d200000,0x000000bc5d300000)]
  0x000002a7f688e540 JavaThread "Unconstrained build operations Thread 112" [_thread_blocked, id=10624, stack(0x000000bc5d300000,0x000000bc5d400000)]
  0x000002a7f6891f00 JavaThread "Unconstrained build operations Thread 113" [_thread_blocked, id=21104, stack(0x000000bc5d400000,0x000000bc5d500000)]
  0x000002a7f68923d0 JavaThread "Unconstrained build operations Thread 114" [_thread_blocked, id=21064, stack(0x000000bc5d500000,0x000000bc5d600000)]
  0x000002a7f6891560 JavaThread "Unconstrained build operations Thread 115" [_thread_blocked, id=27256, stack(0x000000bc5d600000,0x000000bc5d700000)]
  0x000002a7f688ea10 JavaThread "Unconstrained build operations Thread 116" [_thread_blocked, id=22888, stack(0x000000bc5d700000,0x000000bc5d800000)]
  0x000002a7f688eee0 JavaThread "Unconstrained build operations Thread 117" [_thread_blocked, id=27440, stack(0x000000bc5d800000,0x000000bc5d900000)]
  0x000002a7f6890bc0 JavaThread "Unconstrained build operations Thread 118" [_thread_blocked, id=28652, stack(0x000000bc5d900000,0x000000bc5da00000)]
  0x000002a7f68928a0 JavaThread "Unconstrained build operations Thread 119" [_thread_blocked, id=13684, stack(0x000000bc5da00000,0x000000bc5db00000)]
  0x000002a7f68906f0 JavaThread "Unconstrained build operations Thread 120" [_thread_blocked, id=4464, stack(0x000000bc5db00000,0x000000bc5dc00000)]
  0x000002a7f6892d70 JavaThread "jar transforms Thread 6" [_thread_blocked, id=22464, stack(0x000000bc5dc00000,0x000000bc5dd00000)]
  0x000002a7f6893240 JavaThread "jar transforms Thread 7" [_thread_blocked, id=13852, stack(0x000000bc5dd00000,0x000000bc5de00000)]
  0x000002a7f688f880 JavaThread "jar transforms Thread 8" [_thread_blocked, id=18108, stack(0x000000bc5de00000,0x000000bc5df00000)]
  0x000002a7f6891090 JavaThread "jar transforms Thread 9" [_thread_blocked, id=23504, stack(0x000000bc5df00000,0x000000bc5e000000)]
  0x000002a7f6893710 JavaThread "jar transforms Thread 10" [_thread_blocked, id=9852, stack(0x000000bc5e000000,0x000000bc5e100000)]
  0x000002a7f688fd50 JavaThread "jar transforms Thread 11" [_thread_blocked, id=27476, stack(0x000000bc5e100000,0x000000bc5e200000)]
  0x000002a7f6893be0 JavaThread "jar transforms Thread 12" [_thread_blocked, id=18552, stack(0x000000bc5e200000,0x000000bc5e300000)]
  0x000002a7f6890220 JavaThread "build event listener" [_thread_blocked, id=2524, stack(0x000000bc5e300000,0x000000bc5e400000)]
  0x000002a7f68940b0 JavaThread "Memory manager" [_thread_blocked, id=26020, stack(0x000000bc5e400000,0x000000bc5e500000)]
  0x000002a7f68958c0 JavaThread "included builds" [_thread_blocked, id=24992, stack(0x000000bc5e500000,0x000000bc5e600000)]
  0x000002a7f6a01830 JavaThread "Execution worker" [_thread_blocked, id=25116, stack(0x000000bc5e600000,0x000000bc5e700000)]
  0x000002a7f08c8c00 JavaThread "Execution worker Thread 2" [_thread_blocked, id=11452, stack(0x000000bc5e700000,0x000000bc5e800000)]
  0x000002a7f08c8260 JavaThread "Execution worker Thread 3" [_thread_blocked, id=26460, stack(0x000000bc5e800000,0x000000bc5e900000)]
  0x000002a7f08c7d90 JavaThread "Execution worker Thread 4" [_thread_blocked, id=22468, stack(0x000000bc5e900000,0x000000bc5ea00000)]
  0x000002a7f08c90d0 JavaThread "Execution worker Thread 5" [_thread_blocked, id=23700, stack(0x000000bc5ea00000,0x000000bc5eb00000)]
  0x000002a7f08ca8e0 JavaThread "Execution worker Thread 6" [_thread_blocked, id=7296, stack(0x000000bc5eb00000,0x000000bc5ec00000)]
  0x000002a7f08c95a0 JavaThread "Execution worker Thread 7" [_thread_blocked, id=11400, stack(0x000000bc5ec00000,0x000000bc5ed00000)]
  0x000002a7f08c9a70 JavaThread "Execution worker Thread 8" [_thread_blocked, id=24768, stack(0x000000bc5ed00000,0x000000bc5ee00000)]
  0x000002a7f08c78c0 JavaThread "Execution worker Thread 9" [_thread_blocked, id=15980, stack(0x000000bc5ee00000,0x000000bc5ef00000)]
  0x000002a7f08c9f40 JavaThread "Execution worker Thread 10" [_thread_blocked, id=22596, stack(0x000000bc5ef00000,0x000000bc5f000000)]
  0x000002a7f08c8730 JavaThread "Execution worker Thread 11" [_thread_blocked, id=24192, stack(0x000000bc5f000000,0x000000bc5f100000)]
  0x000002a7f08cc0f0 JavaThread "Cache worker for execution history cache (C:\BTS\ANDROID\WkRFTG\ApplicationRFTG\.gradle\8.0\executionHistory)" [_thread_blocked, id=24108, stack(0x000000bc5f100000,0x000000bc5f200000)]

Other Threads:
=>0x000002a7ef84ddd0 VMThread "VM Thread" [stack: 0x000000bc52d00000,0x000000bc52e00000] [id=2136]
  0x000002a7efa45010 WatcherThread [stack: 0x000000bc53900000,0x000000bc53a00000] [id=4788]
  0x000002a7d2ad3390 GCTaskThread "GC Thread#0" [stack: 0x000000bc52800000,0x000000bc52900000] [id=19384]
  0x000002a7f0996200 GCTaskThread "GC Thread#1" [stack: 0x000000bc53b00000,0x000000bc53c00000] [id=24680]
  0x000002a7f09964b0 GCTaskThread "GC Thread#2" [stack: 0x000000bc53c00000,0x000000bc53d00000] [id=7028]
  0x000002a7f062b6f0 GCTaskThread "GC Thread#3" [stack: 0x000000bc53d00000,0x000000bc53e00000] [id=11192]
  0x000002a7f062c180 GCTaskThread "GC Thread#4" [stack: 0x000000bc53e00000,0x000000bc53f00000] [id=19780]
  0x000002a7f076eb40 GCTaskThread "GC Thread#5" [stack: 0x000000bc53f00000,0x000000bc54000000] [id=3528]
  0x000002a7f243f8e0 GCTaskThread "GC Thread#6" [stack: 0x000000bc54a00000,0x000000bc54b00000] [id=3908]
  0x000002a7f243fb90 GCTaskThread "GC Thread#7" [stack: 0x000000bc54b00000,0x000000bc54c00000] [id=18368]
  0x000002a7f223f910 GCTaskThread "GC Thread#8" [stack: 0x000000bc54c00000,0x000000bc54d00000] [id=23856]
  0x000002a7f223f100 GCTaskThread "GC Thread#9" [stack: 0x000000bc54d00000,0x000000bc54e00000] [id=7420]
  0x000002a7d2ae41e0 ConcurrentGCThread "G1 Main Marker" [stack: 0x000000bc52900000,0x000000bc52a00000] [id=15188]
  0x000002a7d2ae4b00 ConcurrentGCThread "G1 Conc#0" [stack: 0x000000bc52a00000,0x000000bc52b00000] [id=20624]
  0x000002a7f223fbc0 ConcurrentGCThread "G1 Conc#1" [stack: 0x000000bc54e00000,0x000000bc54f00000] [id=14284]
  0x000002a7f223f3b0 ConcurrentGCThread "G1 Conc#2" [stack: 0x000000bc54f00000,0x000000bc55000000] [id=24776]
  0x000002a7eebe25d0 ConcurrentGCThread "G1 Refine#0" [stack: 0x000000bc52b00000,0x000000bc52c00000] [id=22016]
  0x000002a7eebe48c0 ConcurrentGCThread "G1 Service" [stack: 0x000000bc52c00000,0x000000bc52d00000] [id=20124]

Threads with active compile tasks:
C2 CompilerThread0    10955 9785       4       org.gradle.internal.snapshot.ChildMap$Entry::handleAncestorDescendantOrExactMatch (110 bytes)
C1 CompilerThread0    10955 9779       3       org.gradle.internal.execution.impl.DefaultFileNormalizationSpec::equals (71 bytes)
C2 CompilerThread1    10955 9748       4       org.gradle.internal.file.FileHierarchySet$Node::contains (101 bytes)
C2 CompilerThread2    10955 9787       4       com.esotericsoftware.kryo.io.Input::readVarInt (192 bytes)

VM state: at safepoint (normal execution)

VM Mutex/Monitor currently owned by a thread:  ([mutex/lock_event])
[0x000002a7d2a5e1d0] Threads_lock - owner thread: 0x000002a7ef84ddd0
[0x000002a7d2a71140] Heap_lock - owner thread: 0x000002a7f6a004f0

Heap address: 0x0000000080000000, size: 2048 MB, Compressed Oops mode: 32-bit

CDS archive(s) not mapped
Compressed class space mapped at: 0x0000000100000000-0x0000000140000000, reserved size: 1073741824
Narrow klass base: 0x0000000000000000, Narrow klass shift: 3, Narrow klass range: 0x140000000

GC Precious Log:
 CPUs: 12 total, 12 available
 Memory: 16016M
 Large Page Support: Disabled
 NUMA Support: Disabled
 Compressed Oops: Enabled (32-bit)
 Heap Region Size: 1M
 Heap Min Capacity: 8M
 Heap Initial Capacity: 252M
 Heap Max Capacity: 2G
 Pre-touch: Disabled
 Parallel Workers: 10
 Concurrent Workers: 3
 Concurrent Refinement Workers: 10
 Periodic GC: Disabled

Heap:
 garbage-first heap   total 140288K, used 77005K [0x0000000080000000, 0x0000000100000000)
  region size 1024K, 2 young (2048K), 2 survivors (2048K)
 Metaspace       used 90038K, committed 90752K, reserved 1130496K
  class space    used 12422K, committed 12736K, reserved 1048576K

Heap Regions: E=young(eden), S=young(survivor), O=old, HS=humongous(starts), HC=humongous(continues), CS=collection set, F=free, OA=open archive, CA=closed archive, TAMS=top-at-mark-start (previous, next)
|   0|0x0000000080000000, 0x0000000080100000, 0x0000000080100000|100%|HS|  |TAMS 0x0000000080100000, 0x0000000080000000| Complete 
|   1|0x0000000080100000, 0x0000000080200000, 0x0000000080200000|100%|HC|  |TAMS 0x0000000080200000, 0x0000000080100000| Complete 
|   2|0x0000000080200000, 0x0000000080300000, 0x0000000080300000|100%|HC|  |TAMS 0x0000000080300000, 0x0000000080200000| Complete 
|   3|0x0000000080300000, 0x0000000080400000, 0x0000000080400000|100%|HC|  |TAMS 0x0000000080400000, 0x0000000080300000| Complete 
|   4|0x0000000080400000, 0x0000000080500000, 0x0000000080500000|100%| O|  |TAMS 0x0000000080500000, 0x0000000080400000| Untracked 
|   5|0x0000000080500000, 0x0000000080600000, 0x0000000080600000|100%| O|  |TAMS 0x0000000080600000, 0x0000000080500000| Untracked 
|   6|0x0000000080600000, 0x0000000080700000, 0x0000000080700000|100%| O|  |TAMS 0x0000000080700000, 0x0000000080600000| Untracked 
|   7|0x0000000080700000, 0x0000000080800000, 0x0000000080800000|100%| O|  |TAMS 0x0000000080800000, 0x0000000080700000| Untracked 
|   8|0x0000000080800000, 0x0000000080900000, 0x0000000080900000|100%| O|  |TAMS 0x0000000080900000, 0x0000000080800000| Untracked 
|   9|0x0000000080900000, 0x0000000080a00000, 0x0000000080a00000|100%| O|  |TAMS 0x0000000080a00000, 0x0000000080900000| Untracked 
|  10|0x0000000080a00000, 0x0000000080b00000, 0x0000000080b00000|100%| O|  |TAMS 0x0000000080b00000, 0x0000000080a00000| Untracked 
|  11|0x0000000080b00000, 0x0000000080b5e200, 0x0000000080c00000| 36%| O|  |TAMS 0x0000000080b5e200, 0x0000000080b00000| Complete 
|  12|0x0000000080c00000, 0x0000000080d00000, 0x0000000080d00000|100%| O|  |TAMS 0x0000000080d00000, 0x0000000080c00000| Untracked 
|  13|0x0000000080d00000, 0x0000000080e00000, 0x0000000080e00000|100%| O|  |TAMS 0x0000000080e00000, 0x0000000080d00000| Untracked 
|  14|0x0000000080e00000, 0x0000000080f00000, 0x0000000080f00000|100%| O|  |TAMS 0x0000000080f00000, 0x0000000080e00000| Untracked 
|  15|0x0000000080f00000, 0x0000000081000000, 0x0000000081000000|100%| O|  |TAMS 0x0000000081000000, 0x0000000080f00000| Untracked 
|  16|0x0000000081000000, 0x0000000081100000, 0x0000000081100000|100%| O|  |TAMS 0x0000000081100000, 0x0000000081000000| Untracked 
|  17|0x0000000081100000, 0x0000000081200000, 0x0000000081200000|100%| O|  |TAMS 0x0000000081200000, 0x0000000081100000| Untracked 
|  18|0x0000000081200000, 0x0000000081300000, 0x0000000081300000|100%| O|  |TAMS 0x0000000081300000, 0x0000000081200000| Untracked 
|  19|0x0000000081300000, 0x0000000081400000, 0x0000000081400000|100%| O|  |TAMS 0x0000000081400000, 0x0000000081300000| Untracked 
|  20|0x0000000081400000, 0x0000000081500000, 0x0000000081500000|100%| O|  |TAMS 0x0000000081500000, 0x0000000081400000| Untracked 
|  21|0x0000000081500000, 0x0000000081600000, 0x0000000081600000|100%| O|  |TAMS 0x0000000081600000, 0x0000000081500000| Untracked 
|  22|0x0000000081600000, 0x0000000081700000, 0x0000000081700000|100%| O|  |TAMS 0x0000000081700000, 0x0000000081600000| Untracked 
|  23|0x0000000081700000, 0x0000000081800000, 0x0000000081800000|100%| O|  |TAMS 0x0000000081800000, 0x0000000081700000| Untracked 
|  24|0x0000000081800000, 0x0000000081900000, 0x0000000081900000|100%| O|  |TAMS 0x0000000081900000, 0x0000000081800000| Untracked 
|  25|0x0000000081900000, 0x0000000081a00000, 0x0000000081a00000|100%| O|  |TAMS 0x0000000081a00000, 0x0000000081900000| Untracked 
|  26|0x0000000081a00000, 0x0000000081b00000, 0x0000000081b00000|100%| O|  |TAMS 0x0000000081b00000, 0x0000000081a00000| Untracked 
|  27|0x0000000081b00000, 0x0000000081c00000, 0x0000000081c00000|100%| O|  |TAMS 0x0000000081c00000, 0x0000000081b00000| Untracked 
|  28|0x0000000081c00000, 0x0000000081d00000, 0x0000000081d00000|100%| O|  |TAMS 0x0000000081d00000, 0x0000000081c00000| Untracked 
|  29|0x0000000081d00000, 0x0000000081e00000, 0x0000000081e00000|100%| O|  |TAMS 0x0000000081e00000, 0x0000000081d00000| Untracked 
|  30|0x0000000081e00000, 0x0000000081f00000, 0x0000000081f00000|100%| O|  |TAMS 0x0000000081f00000, 0x0000000081e00000| Untracked 
|  31|0x0000000081f00000, 0x0000000082000000, 0x0000000082000000|100%| O|  |TAMS 0x0000000082000000, 0x0000000081f00000| Untracked 
|  32|0x0000000082000000, 0x0000000082100000, 0x0000000082100000|100%|HS|  |TAMS 0x0000000082100000, 0x0000000082000000| Complete 
|  33|0x0000000082100000, 0x0000000082200000, 0x0000000082200000|100%|HS|  |TAMS 0x0000000082200000, 0x0000000082100000| Complete 
|  34|0x0000000082200000, 0x0000000082300000, 0x0000000082300000|100%|HS|  |TAMS 0x0000000082300000, 0x0000000082200000| Complete 
|  35|0x0000000082300000, 0x0000000082400000, 0x0000000082400000|100%| O|  |TAMS 0x0000000082400000, 0x0000000082300000| Untracked 
|  36|0x0000000082400000, 0x0000000082500000, 0x0000000082500000|100%| O|  |TAMS 0x0000000082500000, 0x0000000082400000| Untracked 
|  37|0x0000000082500000, 0x0000000082600000, 0x0000000082600000|100%| O|  |TAMS 0x0000000082600000, 0x0000000082500000| Untracked 
|  38|0x0000000082600000, 0x0000000082700000, 0x0000000082700000|100%| O|  |TAMS 0x0000000082700000, 0x0000000082600000| Untracked 
|  39|0x0000000082700000, 0x0000000082800000, 0x0000000082800000|100%| O|  |TAMS 0x0000000082800000, 0x0000000082700000| Untracked 
|  40|0x0000000082800000, 0x0000000082900000, 0x0000000082900000|100%| O|  |TAMS 0x0000000082900000, 0x0000000082800000| Untracked 
|  41|0x0000000082900000, 0x0000000082a00000, 0x0000000082a00000|100%| O|  |TAMS 0x0000000082a00000, 0x0000000082900000| Untracked 
|  42|0x0000000082a00000, 0x0000000082b00000, 0x0000000082b00000|100%| O|  |TAMS 0x0000000082b00000, 0x0000000082a00000| Untracked 
|  43|0x0000000082b00000, 0x0000000082c00000, 0x0000000082c00000|100%| O|  |TAMS 0x0000000082c00000, 0x0000000082b00000| Untracked 
|  44|0x0000000082c00000, 0x0000000082d00000, 0x0000000082d00000|100%| O|  |TAMS 0x0000000082d00000, 0x0000000082c00000| Untracked 
|  45|0x0000000082d00000, 0x0000000082e00000, 0x0000000082e00000|100%| O|  |TAMS 0x0000000082e00000, 0x0000000082d00000| Untracked 
|  46|0x0000000082e00000, 0x0000000082f00000, 0x0000000082f00000|100%| O|  |TAMS 0x0000000082f00000, 0x0000000082e00000| Untracked 
|  47|0x0000000082f00000, 0x0000000083000000, 0x0000000083000000|100%| O|  |TAMS 0x0000000083000000, 0x0000000082f00000| Untracked 
|  48|0x0000000083000000, 0x0000000083100000, 0x0000000083100000|100%| O|  |TAMS 0x0000000083100000, 0x0000000083000000| Untracked 
|  49|0x0000000083100000, 0x0000000083200000, 0x0000000083200000|100%| O|  |TAMS 0x0000000083200000, 0x0000000083100000| Untracked 
|  50|0x0000000083200000, 0x0000000083300000, 0x0000000083300000|100%| O|  |TAMS 0x0000000083300000, 0x0000000083200000| Untracked 
|  51|0x0000000083300000, 0x0000000083400000, 0x0000000083400000|100%| O|  |TAMS 0x0000000083400000, 0x0000000083300000| Untracked 
|  52|0x0000000083400000, 0x0000000083500000, 0x0000000083500000|100%| O|  |TAMS 0x0000000083500000, 0x0000000083400000| Untracked 
|  53|0x0000000083500000, 0x0000000083600000, 0x0000000083600000|100%| O|  |TAMS 0x0000000083600000, 0x0000000083500000| Untracked 
|  54|0x0000000083600000, 0x0000000083700000, 0x0000000083700000|100%| O|  |TAMS 0x0000000083700000, 0x0000000083600000| Untracked 
|  55|0x0000000083700000, 0x0000000083800000, 0x0000000083800000|100%| O|  |TAMS 0x0000000083800000, 0x0000000083700000| Untracked 
|  56|0x0000000083800000, 0x0000000083900000, 0x0000000083900000|100%| O|  |TAMS 0x0000000083900000, 0x0000000083800000| Untracked 
|  57|0x0000000083900000, 0x0000000083a00000, 0x0000000083a00000|100%| O|  |TAMS 0x0000000083a00000, 0x0000000083900000| Untracked 
|  58|0x0000000083a00000, 0x0000000083b00000, 0x0000000083b00000|100%| O|  |TAMS 0x0000000083b00000, 0x0000000083a00000| Untracked 
|  59|0x0000000083b00000, 0x0000000083c00000, 0x0000000083c00000|100%| O|  |TAMS 0x0000000083c00000, 0x0000000083b00000| Untracked 
|  60|0x0000000083c00000, 0x0000000083d00000, 0x0000000083d00000|100%| O|  |TAMS 0x0000000083d00000, 0x0000000083c00000| Untracked 
|  61|0x0000000083d00000, 0x0000000083e00000, 0x0000000083e00000|100%| O|  |TAMS 0x0000000083e00000, 0x0000000083d00000| Untracked 
|  62|0x0000000083e00000, 0x0000000083f00000, 0x0000000083f00000|100%| O|  |TAMS 0x0000000083f00000, 0x0000000083e00000| Untracked 
|  63|0x0000000083f00000, 0x0000000084000000, 0x0000000084000000|100%| O|  |TAMS 0x0000000084000000, 0x0000000083f00000| Untracked 
|  64|0x0000000084000000, 0x0000000084100000, 0x0000000084100000|100%| O|  |TAMS 0x0000000084100000, 0x0000000084000000| Untracked 
|  65|0x0000000084100000, 0x0000000084200000, 0x0000000084200000|100%| O|  |TAMS 0x0000000084117400, 0x0000000084100000| Untracked 
|  66|0x0000000084200000, 0x0000000084300000, 0x0000000084300000|100%| O|  |TAMS 0x0000000084200000, 0x0000000084200000| Untracked 
|  67|0x0000000084300000, 0x0000000084400000, 0x0000000084400000|100%| O|  |TAMS 0x0000000084300000, 0x0000000084300000| Untracked 
|  68|0x0000000084400000, 0x0000000084500000, 0x0000000084500000|100%| O|  |TAMS 0x0000000084400000, 0x0000000084400000| Untracked 
|  69|0x0000000084500000, 0x0000000084600000, 0x0000000084600000|100%| O|  |TAMS 0x0000000084500000, 0x0000000084500000| Untracked 
|  70|0x0000000084600000, 0x0000000084700000, 0x0000000084700000|100%| O|  |TAMS 0x0000000084600000, 0x0000000084600000| Untracked 
|  71|0x0000000084700000, 0x0000000084800000, 0x0000000084800000|100%| O|  |TAMS 0x0000000084700000, 0x0000000084700000| Untracked 
|  72|0x0000000084800000, 0x0000000084900000, 0x0000000084900000|100%| O|  |TAMS 0x0000000084800000, 0x0000000084800000| Untracked 
|  73|0x0000000084900000, 0x0000000084a00000, 0x0000000084a00000|100%| O|  |TAMS 0x0000000084900000, 0x0000000084900000| Untracked 
|  74|0x0000000084a00000, 0x0000000084a4d000, 0x0000000084b00000| 30%| O|  |TAMS 0x0000000084a00000, 0x0000000084a00000| Untracked 
|  75|0x0000000084b00000, 0x0000000084b00000, 0x0000000084c00000|  0%| F|  |TAMS 0x0000000084b00000, 0x0000000084b00000| Untracked 
|  76|0x0000000084c00000, 0x0000000084c00000, 0x0000000084d00000|  0%| F|  |TAMS 0x0000000084c00000, 0x0000000084c00000| Untracked 
|  77|0x0000000084d00000, 0x0000000084d00000, 0x0000000084e00000|  0%| F|  |TAMS 0x0000000084d00000, 0x0000000084d00000| Untracked 
|  78|0x0000000084e00000, 0x0000000084e00000, 0x0000000084f00000|  0%| F|  |TAMS 0x0000000084e00000, 0x0000000084e00000| Untracked 
|  79|0x0000000084f00000, 0x0000000084f00000, 0x0000000085000000|  0%| F|  |TAMS 0x0000000084f00000, 0x0000000084f00000| Untracked 
|  80|0x0000000085000000, 0x0000000085000000, 0x0000000085100000|  0%| F|  |TAMS 0x0000000085000000, 0x0000000085000000| Untracked 
|  81|0x0000000085100000, 0x0000000085100000, 0x0000000085200000|  0%| F|  |TAMS 0x0000000085100000, 0x0000000085100000| Untracked 
|  82|0x0000000085200000, 0x0000000085200000, 0x0000000085300000|  0%| F|  |TAMS 0x0000000085200000, 0x0000000085200000| Untracked 
|  83|0x0000000085300000, 0x0000000085300000, 0x0000000085400000|  0%| F|  |TAMS 0x0000000085300000, 0x0000000085300000| Untracked 
|  84|0x0000000085400000, 0x0000000085400000, 0x0000000085500000|  0%| F|  |TAMS 0x0000000085400000, 0x0000000085400000| Untracked 
|  85|0x0000000085500000, 0x0000000085500000, 0x0000000085600000|  0%| F|  |TAMS 0x0000000085500000, 0x0000000085500000| Untracked 
|  86|0x0000000085600000, 0x0000000085600000, 0x0000000085700000|  0%| F|  |TAMS 0x0000000085600000, 0x0000000085600000| Untracked 
|  87|0x0000000085700000, 0x0000000085700000, 0x0000000085800000|  0%| F|  |TAMS 0x0000000085700000, 0x0000000085700000| Untracked 
|  88|0x0000000085800000, 0x0000000085800000, 0x0000000085900000|  0%| F|  |TAMS 0x0000000085800000, 0x0000000085800000| Untracked 
|  89|0x0000000085900000, 0x0000000085900000, 0x0000000085a00000|  0%| F|  |TAMS 0x0000000085900000, 0x0000000085900000| Untracked 
|  90|0x0000000085a00000, 0x0000000085a00000, 0x0000000085b00000|  0%| F|  |TAMS 0x0000000085a00000, 0x0000000085a00000| Untracked 
|  91|0x0000000085b00000, 0x0000000085b00000, 0x0000000085c00000|  0%| F|  |TAMS 0x0000000085b00000, 0x0000000085b00000| Untracked 
|  92|0x0000000085c00000, 0x0000000085c00000, 0x0000000085d00000|  0%| F|  |TAMS 0x0000000085c00000, 0x0000000085c00000| Untracked 
|  93|0x0000000085d00000, 0x0000000085d00000, 0x0000000085e00000|  0%| F|  |TAMS 0x0000000085d00000, 0x0000000085d00000| Untracked 
|  94|0x0000000085e00000, 0x0000000085e00000, 0x0000000085f00000|  0%| F|  |TAMS 0x0000000085e00000, 0x0000000085e00000| Untracked 
|  95|0x0000000085f00000, 0x0000000085f00000, 0x0000000086000000|  0%| F|  |TAMS 0x0000000085f00000, 0x0000000085f00000| Untracked 
|  96|0x0000000086000000, 0x0000000086000000, 0x0000000086100000|  0%| F|  |TAMS 0x0000000086000000, 0x0000000086000000| Untracked 
|  97|0x0000000086100000, 0x0000000086100000, 0x0000000086200000|  0%| F|  |TAMS 0x0000000086100000, 0x0000000086100000| Untracked 
|  98|0x0000000086200000, 0x0000000086200000, 0x0000000086300000|  0%| F|  |TAMS 0x0000000086200000, 0x0000000086200000| Untracked 
|  99|0x0000000086300000, 0x0000000086300000, 0x0000000086400000|  0%| F|  |TAMS 0x0000000086300000, 0x0000000086300000| Untracked 
| 100|0x0000000086400000, 0x0000000086400000, 0x0000000086500000|  0%| F|  |TAMS 0x0000000086400000, 0x0000000086400000| Untracked 
| 101|0x0000000086500000, 0x0000000086500000, 0x0000000086600000|  0%| F|  |TAMS 0x0000000086500000, 0x0000000086500000| Untracked 
| 102|0x0000000086600000, 0x0000000086600000, 0x0000000086700000|  0%| F|  |TAMS 0x0000000086600000, 0x0000000086600000| Untracked 
| 103|0x0000000086700000, 0x0000000086700000, 0x0000000086800000|  0%| F|  |TAMS 0x0000000086700000, 0x0000000086700000| Untracked 
| 104|0x0000000086800000, 0x0000000086800000, 0x0000000086900000|  0%| F|  |TAMS 0x0000000086800000, 0x0000000086800000| Untracked 
| 105|0x0000000086900000, 0x0000000086900000, 0x0000000086a00000|  0%| F|  |TAMS 0x0000000086900000, 0x0000000086900000| Untracked 
| 106|0x0000000086a00000, 0x0000000086a00000, 0x0000000086b00000|  0%| F|  |TAMS 0x0000000086a00000, 0x0000000086a00000| Untracked 
| 107|0x0000000086b00000, 0x0000000086b00000, 0x0000000086c00000|  0%| F|  |TAMS 0x0000000086b00000, 0x0000000086b00000| Untracked 
| 108|0x0000000086c00000, 0x0000000086c00000, 0x0000000086d00000|  0%| F|  |TAMS 0x0000000086c00000, 0x0000000086c00000| Untracked 
| 109|0x0000000086d00000, 0x0000000086d88368, 0x0000000086e00000| 53%| S|CS|TAMS 0x0000000086d00000, 0x0000000086d00000| Complete 
| 110|0x0000000086e00000, 0x0000000086f00000, 0x0000000086f00000|100%| S|CS|TAMS 0x0000000086e00000, 0x0000000086e00000| Complete 
| 111|0x0000000086f00000, 0x0000000086f00000, 0x0000000087000000|  0%| F|  |TAMS 0x0000000086f00000, 0x0000000086f00000| Untracked 
| 112|0x0000000087000000, 0x0000000087000000, 0x0000000087100000|  0%| F|  |TAMS 0x0000000087000000, 0x0000000087000000| Untracked 
| 113|0x0000000087100000, 0x0000000087100000, 0x0000000087200000|  0%| F|  |TAMS 0x0000000087100000, 0x0000000087100000| Untracked 
| 114|0x0000000087200000, 0x0000000087200000, 0x0000000087300000|  0%| F|  |TAMS 0x0000000087200000, 0x0000000087200000| Untracked 
| 115|0x0000000087300000, 0x0000000087300000, 0x0000000087400000|  0%| F|  |TAMS 0x0000000087300000, 0x0000000087300000| Untracked 
| 116|0x0000000087400000, 0x0000000087400000, 0x0000000087500000|  0%| F|  |TAMS 0x0000000087400000, 0x0000000087400000| Untracked 
| 117|0x0000000087500000, 0x0000000087500000, 0x0000000087600000|  0%| F|  |TAMS 0x0000000087500000, 0x0000000087500000| Untracked 
| 118|0x0000000087600000, 0x0000000087600000, 0x0000000087700000|  0%| F|  |TAMS 0x0000000087600000, 0x0000000087600000| Untracked 
| 119|0x0000000087700000, 0x0000000087700000, 0x0000000087800000|  0%| F|  |TAMS 0x0000000087700000, 0x0000000087700000| Untracked 
| 120|0x0000000087800000, 0x0000000087800000, 0x0000000087900000|  0%| F|  |TAMS 0x0000000087800000, 0x0000000087800000| Untracked 
| 121|0x0000000087900000, 0x0000000087900000, 0x0000000087a00000|  0%| F|  |TAMS 0x0000000087900000, 0x0000000087900000| Untracked 
| 122|0x0000000087a00000, 0x0000000087a00000, 0x0000000087b00000|  0%| F|  |TAMS 0x0000000087a00000, 0x0000000087a00000| Untracked 
| 123|0x0000000087b00000, 0x0000000087b00000, 0x0000000087c00000|  0%| F|  |TAMS 0x0000000087b00000, 0x0000000087b00000| Untracked 
| 124|0x0000000087c00000, 0x0000000087c00000, 0x0000000087d00000|  0%| F|  |TAMS 0x0000000087c00000, 0x0000000087c00000| Untracked 
| 125|0x0000000087d00000, 0x0000000087d00000, 0x0000000087e00000|  0%| F|  |TAMS 0x0000000087d00000, 0x0000000087d00000| Untracked 
| 126|0x0000000087e00000, 0x0000000087e00000, 0x0000000087f00000|  0%| F|  |TAMS 0x0000000087e00000, 0x0000000087e00000| Untracked 
| 127|0x0000000087f00000, 0x0000000087f00000, 0x0000000088000000|  0%| F|  |TAMS 0x0000000087f00000, 0x0000000087f00000| Untracked 
| 203|0x000000008cb00000, 0x000000008cb00000, 0x000000008cc00000|  0%| F|  |TAMS 0x000000008cb00000, 0x000000008cb00000| Untracked 
| 204|0x000000008cc00000, 0x000000008cc00000, 0x000000008cd00000|  0%| F|  |TAMS 0x000000008cc00000, 0x000000008cc00000| Untracked 
| 205|0x000000008cd00000, 0x000000008cd00000, 0x000000008ce00000|  0%| F|  |TAMS 0x000000008cd00000, 0x000000008cd00000| Untracked 
| 206|0x000000008ce00000, 0x000000008ce00000, 0x000000008cf00000|  0%| F|  |TAMS 0x000000008ce00000, 0x000000008ce00000| Untracked 
| 207|0x000000008cf00000, 0x000000008cf00000, 0x000000008d000000|  0%| F|  |TAMS 0x000000008cf00000, 0x000000008cf00000| Untracked 
| 208|0x000000008d000000, 0x000000008d000000, 0x000000008d100000|  0%| F|  |TAMS 0x000000008d000000, 0x000000008d000000| Untracked 
| 209|0x000000008d100000, 0x000000008d100000, 0x000000008d200000|  0%| F|  |TAMS 0x000000008d100000, 0x000000008d100000| Untracked 
| 210|0x000000008d200000, 0x000000008d200000, 0x000000008d300000|  0%| F|  |TAMS 0x000000008d200000, 0x000000008d200000| Untracked 
| 251|0x000000008fb00000, 0x000000008fb00000, 0x000000008fc00000|  0%| F|  |TAMS 0x000000008fb00000, 0x000000008fb00000| Untracked 

Card table byte_map: [0x000002a7e7890000,0x000002a7e7c90000] _byte_map_base: 0x000002a7e7490000

Marking Bits (Prev, Next): (CMBitMap*) 0x000002a7d2ad38f0, (CMBitMap*) 0x000002a7d2ad38b0
 Prev Bits: [0x000002a7ea090000, 0x000002a7ec090000)
 Next Bits: [0x000002a7e8090000, 0x000002a7ea090000)

Polling page: 0x000002a7d2710000

Metaspace:

Usage:
  Non-class:     75.80 MB used.
      Class:     12.13 MB used.
       Both:     87.93 MB used.

Virtual space:
  Non-class space:       80.00 MB reserved,      76.19 MB ( 95%) committed,  10 nodes.
      Class space:        1.00 GB reserved,      12.44 MB (  1%) committed,  1 nodes.
             Both:        1.08 GB reserved,      88.62 MB (  8%) committed. 

Chunk freelists:
   Non-Class:  3.72 MB
       Class:  3.52 MB
        Both:  7.23 MB

MaxMetaspaceSize: unlimited
CompressedClassSpaceSize: 1.00 GB
Initial GC threshold: 21.00 MB
Current GC threshold: 147.50 MB
CDS: off
MetaspaceReclaimPolicy: balanced
 - commit_granule_bytes: 65536.
 - commit_granule_words: 8192.
 - virtual_space_node_default_size: 1048576.
 - enlarge_chunks_in_place: 1.
 - new_chunks_are_fully_committed: 0.
 - uncommit_free_chunks: 1.
 - use_allocation_guard: 0.
 - handle_deallocations: 1.


Internal statistics:

num_allocs_failed_limit: 6.
num_arena_births: 968.
num_arena_deaths: 0.
num_vsnodes_births: 11.
num_vsnodes_deaths: 0.
num_space_committed: 1418.
num_space_uncommitted: 0.
num_chunks_returned_to_freelist: 6.
num_chunks_taken_from_freelist: 4207.
num_chunk_merges: 6.
num_chunk_splits: 2798.
num_chunks_enlarged: 1899.
num_purges: 0.
num_inconsistent_stats: 0.

CodeHeap 'non-profiled nmethods': size=120000Kb used=5159Kb max_used=5528Kb free=114840Kb
 bounds [0x000002a7df3c0000, 0x000002a7df930000, 0x000002a7e68f0000]
CodeHeap 'profiled nmethods': size=120000Kb used=15191Kb max_used=16538Kb free=104808Kb
 bounds [0x000002a7d78f0000, 0x000002a7d8920000, 0x000002a7dee20000]
CodeHeap 'non-nmethods': size=5760Kb used=2382Kb max_used=2461Kb free=3377Kb
 bounds [0x000002a7dee20000, 0x000002a7df090000, 0x000002a7df3c0000]
 total_blobs=9191 nmethods=8274 adapters=829
 compilation: enabled
              stopped_count=0, restarted_count=0
 full_count=0

Compilation events (20 events):
Event: 9.728 Thread 0x000002a7ef8a1c40 9776       3       org.gradle.internal.execution.steps.ValidateStep$$Lambda$508/0x00000001005dd808::accept (20 bytes)
Event: 9.729 Thread 0x000002a7ef8a1680 nmethod 9747 0x000002a7df402110 code [0x000002a7df4022e0, 0x000002a7df402988]
Event: 9.729 Thread 0x000002a7ef8a1c40 nmethod 9776 0x000002a7d8185490 code [0x000002a7d8185640, 0x000002a7d8185988]
Event: 9.729 Thread 0x000002a7ef8a1c40 9778   !   3       com.google.common.collect.RegularImmutableSortedSet::equals (133 bytes)
Event: 9.729 Thread 0x000002a7f27da4c0 nmethod 9765 0x000002a7df401e10 code [0x000002a7df401f80, 0x000002a7df402018]
Event: 9.730 Thread 0x000002a7ef8a1c40 nmethod 9778 0x000002a7d7af4a10 code [0x000002a7d7af4d00, 0x000002a7d7af5f28]
Event: 9.730 Thread 0x000002a7ef8a1c40 9781       3       sun.nio.fs.WindowsPath::subpath (133 bytes)
Event: 9.730 Thread 0x000002a7ef8a1680 9785       4       org.gradle.internal.snapshot.ChildMap$Entry::handleAncestorDescendantOrExactMatch (110 bytes)
Event: 9.731 Thread 0x000002a7ef8a1c40 nmethod 9781 0x000002a7d7f1a810 code [0x000002a7d7f1aae0, 0x000002a7d7f1b928]
Event: 9.731 Thread 0x000002a7ef8a1c40 9780       3       org.gradle.internal.execution.steps.BeforeExecutionContext::getInputProperties (25 bytes)
Event: 9.732 Thread 0x000002a7ef8a1c40 nmethod 9780 0x000002a7d7b58e90 code [0x000002a7d7b59180, 0x000002a7d7b5a588]
Event: 9.732 Thread 0x000002a7ef8a1c40 9782       3       java.util.stream.Stream::of (13 bytes)
Event: 9.732 Thread 0x000002a7f27da4c0 9787       4       com.esotericsoftware.kryo.io.Input::readVarInt (192 bytes)
Event: 9.732 Thread 0x000002a7ef8a1c40 nmethod 9782 0x000002a7d8184d90 code [0x000002a7d8184f40, 0x000002a7d8185248]
Event: 9.732 Thread 0x000002a7ef8a1c40 9783       3       java.util.stream.Streams$StreamBuilderImpl::<init> (16 bytes)
Event: 9.732 Thread 0x000002a7ef8a1c40 nmethod 9783 0x000002a7d7f59d10 code [0x000002a7d7f59ec0, 0x000002a7d7f5a0f8]
Event: 9.732 Thread 0x000002a7ef8a1c40 9784       3       java.util.stream.Streams$AbstractStreamBuilderImpl::<init> (5 bytes)
Event: 9.733 Thread 0x000002a7ef8a1c40 nmethod 9784 0x000002a7d8191090 code [0x000002a7d8191220, 0x000002a7d8191378]
Event: 9.733 Thread 0x000002a7ef8a1c40 9779       3       org.gradle.internal.execution.impl.DefaultFileNormalizationSpec::equals (71 bytes)
Event: 9.733 Thread 0x000002a7ef8a1c40 nmethod 9779 0x000002a7d84a2510 code [0x000002a7d84a26e0, 0x000002a7d84a2be8]

GC Heap History (20 events):
Event: 6.365 GC heap after
{Heap after GC invocations=23 (full 0):
 garbage-first heap   total 104448K, used 54733K [0x0000000080000000, 0x0000000100000000)
  region size 1024K, 5 young (5120K), 5 survivors (5120K)
 Metaspace       used 63806K, committed 64384K, reserved 1105920K
  class space    used 8484K, committed 8704K, reserved 1048576K
}
Event: 6.572 GC heap before
{Heap before GC invocations=24 (full 0):
 garbage-first heap   total 104448K, used 77261K [0x0000000080000000, 0x0000000100000000)
  region size 1024K, 25 young (25600K), 5 survivors (5120K)
 Metaspace       used 65690K, committed 66240K, reserved 1114112K
  class space    used 8735K, committed 8960K, reserved 1048576K
}
Event: 6.577 GC heap after
{Heap after GC invocations=25 (full 0):
 garbage-first heap   total 104448K, used 52775K [0x0000000080000000, 0x0000000100000000)
  region size 1024K, 2 young (2048K), 2 survivors (2048K)
 Metaspace       used 65690K, committed 66240K, reserved 1114112K
  class space    used 8735K, committed 8960K, reserved 1048576K
}
Event: 6.780 GC heap before
{Heap before GC invocations=25 (full 0):
 garbage-first heap   total 104448K, used 76327K [0x0000000080000000, 0x0000000100000000)
  region size 1024K, 25 young (25600K), 2 survivors (2048K)
 Metaspace       used 68070K, committed 68608K, reserved 1114112K
  class space    used 9047K, committed 9280K, reserved 1048576K
}
Event: 6.784 GC heap after
{Heap after GC invocations=26 (full 0):
 garbage-first heap   total 104448K, used 53981K [0x0000000080000000, 0x0000000100000000)
  region size 1024K, 4 young (4096K), 4 survivors (4096K)
 Metaspace       used 68070K, committed 68608K, reserved 1114112K
  class space    used 9047K, committed 9280K, reserved 1048576K
}
Event: 6.943 GC heap before
{Heap before GC invocations=27 (full 0):
 garbage-first heap   total 104448K, used 76509K [0x0000000080000000, 0x0000000100000000)
  region size 1024K, 27 young (27648K), 4 survivors (4096K)
 Metaspace       used 71317K, committed 71808K, reserved 1114112K
  class space    used 9494K, committed 9728K, reserved 1048576K
}
Event: 6.948 GC heap after
{Heap after GC invocations=28 (full 0):
 garbage-first heap   total 125952K, used 54288K [0x0000000080000000, 0x0000000100000000)
  region size 1024K, 3 young (3072K), 3 survivors (3072K)
 Metaspace       used 71317K, committed 71808K, reserved 1114112K
  class space    used 9494K, committed 9728K, reserved 1048576K
}
Event: 7.415 GC heap before
{Heap before GC invocations=28 (full 0):
 garbage-first heap   total 125952K, used 94224K [0x0000000080000000, 0x0000000100000000)
  region size 1024K, 42 young (43008K), 3 survivors (3072K)
 Metaspace       used 74895K, committed 75456K, reserved 1122304K
  class space    used 9967K, committed 10176K, reserved 1048576K
}
Event: 7.419 GC heap after
{Heap after GC invocations=29 (full 0):
 garbage-first heap   total 125952K, used 56709K [0x0000000080000000, 0x0000000100000000)
  region size 1024K, 6 young (6144K), 6 survivors (6144K)
 Metaspace       used 74895K, committed 75456K, reserved 1122304K
  class space    used 9967K, committed 10176K, reserved 1048576K
}
Event: 7.815 GC heap before
{Heap before GC invocations=29 (full 0):
 garbage-first heap   total 125952K, used 95621K [0x0000000080000000, 0x0000000100000000)
  region size 1024K, 44 young (45056K), 6 survivors (6144K)
 Metaspace       used 79649K, committed 80192K, reserved 1122304K
  class space    used 10841K, committed 11072K, reserved 1048576K
}
Event: 7.822 GC heap after
{Heap after GC invocations=30 (full 0):
 garbage-first heap   total 125952K, used 58726K [0x0000000080000000, 0x0000000100000000)
  region size 1024K, 5 young (5120K), 5 survivors (5120K)
 Metaspace       used 79649K, committed 80192K, reserved 1122304K
  class space    used 10841K, committed 11072K, reserved 1048576K
}
Event: 8.297 GC heap before
{Heap before GC invocations=30 (full 0):
 garbage-first heap   total 125952K, used 97638K [0x0000000080000000, 0x0000000100000000)
  region size 1024K, 43 young (44032K), 5 survivors (5120K)
 Metaspace       used 83800K, committed 84416K, reserved 1122304K
  class space    used 11480K, committed 11776K, reserved 1048576K
}
Event: 8.302 GC heap after
{Heap after GC invocations=31 (full 0):
 garbage-first heap   total 125952K, used 61542K [0x0000000080000000, 0x0000000100000000)
  region size 1024K, 5 young (5120K), 5 survivors (5120K)
 Metaspace       used 83800K, committed 84416K, reserved 1122304K
  class space    used 11480K, committed 11776K, reserved 1048576K
}
Event: 8.725 GC heap before
{Heap before GC invocations=31 (full 0):
 garbage-first heap   total 125952K, used 100454K [0x0000000080000000, 0x0000000100000000)
  region size 1024K, 43 young (44032K), 5 survivors (5120K)
 Metaspace       used 87655K, committed 88320K, reserved 1130496K
  class space    used 11983K, committed 12288K, reserved 1048576K
}
Event: 8.730 GC heap after
{Heap after GC invocations=32 (full 0):
 garbage-first heap   total 125952K, used 65151K [0x0000000080000000, 0x0000000100000000)
  region size 1024K, 6 young (6144K), 6 survivors (6144K)
 Metaspace       used 87655K, committed 88320K, reserved 1130496K
  class space    used 11983K, committed 12288K, reserved 1048576K
}
Event: 8.952 GC heap before
{Heap before GC invocations=33 (full 0):
 garbage-first heap   total 125952K, used 99967K [0x0000000080000000, 0x0000000100000000)
  region size 1024K, 40 young (40960K), 6 survivors (6144K)
 Metaspace       used 87834K, committed 88512K, reserved 1130496K
  class space    used 11997K, committed 12352K, reserved 1048576K
}
Event: 8.957 GC heap after
{Heap after GC invocations=34 (full 0):
 garbage-first heap   total 125952K, used 71125K [0x0000000080000000, 0x0000000100000000)
  region size 1024K, 5 young (5120K), 5 survivors (5120K)
 Metaspace       used 87834K, committed 88512K, reserved 1130496K
  class space    used 11997K, committed 12352K, reserved 1048576K
}
Event: 9.567 GC heap before
{Heap before GC invocations=34 (full 0):
 garbage-first heap   total 125952K, used 100821K [0x0000000080000000, 0x0000000100000000)
  region size 1024K, 34 young (34816K), 5 survivors (5120K)
 Metaspace       used 89910K, committed 90560K, reserved 1130496K
  class space    used 12416K, committed 12736K, reserved 1048576K
}
Event: 9.572 GC heap after
{Heap after GC invocations=35 (full 0):
 garbage-first heap   total 125952K, used 75828K [0x0000000080000000, 0x0000000100000000)
  region size 1024K, 4 young (4096K), 4 survivors (4096K)
 Metaspace       used 89910K, committed 90560K, reserved 1130496K
  class space    used 12416K, committed 12736K, reserved 1048576K
}
Event: 9.733 GC heap before
{Heap before GC invocations=36 (full 0):
 garbage-first heap   total 140288K, used 101428K [0x0000000080000000, 0x0000000100000000)
  region size 1024K, 30 young (30720K), 4 survivors (4096K)
 Metaspace       used 90038K, committed 90752K, reserved 1130496K
  class space    used 12422K, committed 12736K, reserved 1048576K
}

Dll operation events (2 events):
Event: 0.016 Loaded shared library C:\BTS\ANDROID\android-studio-girafe\android-studio-2022.3.1.19-windows\android-studio\jbr\bin\java.dll
Event: 0.362 Loaded shared library C:\BTS\ANDROID\android-studio-girafe\android-studio-2022.3.1.19-windows\android-studio\jbr\bin\verify.dll

Deoptimization events (20 events):
Event: 9.564 Thread 0x000002a7f890feb0 Uncommon trap: trap_request=0xffffff45 fr.pc=0x000002a7df53ee60 relative=0x0000000000000520
Event: 9.564 Thread 0x000002a7f890feb0 Uncommon trap: reason=unstable_if action=reinterpret pc=0x000002a7df53ee60 method=java.lang.StringLatin1.compareToCI([B[B)I @ 68 c2
Event: 9.564 Thread 0x000002a7f890feb0 DEOPT PACKING pc=0x000002a7df53ee60 sp=0x000000bc56ffbcb0
Event: 9.564 Thread 0x000002a7f890feb0 DEOPT UNPACKING pc=0x000002a7dee769a3 sp=0x000000bc56ffbba0 mode 2
Event: 9.619 Thread 0x000002a7f69fd000 Uncommon trap: trap_request=0xffffff45 fr.pc=0x000002a7df4db3f0 relative=0x0000000000000250
Event: 9.619 Thread 0x000002a7f69fd000 Uncommon trap: reason=unstable_if action=reinterpret pc=0x000002a7df4db3f0 method=java.util.concurrent.ConcurrentHashMap.get(Ljava/lang/Object;)Ljava/lang/Object; @ 86 c2
Event: 9.619 Thread 0x000002a7f69fd000 DEOPT PACKING pc=0x000002a7df4db3f0 sp=0x000000bc5bcfe230
Event: 9.619 Thread 0x000002a7f69fd000 DEOPT UNPACKING pc=0x000002a7dee769a3 sp=0x000000bc5bcfe1a8 mode 2
Event: 9.630 Thread 0x000002a7f8915a20 Uncommon trap: trap_request=0xffffff45 fr.pc=0x000002a7df74ecb0 relative=0x00000000000016d0
Event: 9.630 Thread 0x000002a7f8915a20 Uncommon trap: reason=unstable_if action=reinterpret pc=0x000002a7df74ecb0 method=java.util.concurrent.ConcurrentHashMap.computeIfAbsent(Ljava/lang/Object;Ljava/util/function/Function;)Ljava/lang/Object; @ 279 c2
Event: 9.630 Thread 0x000002a7f8915a20 DEOPT PACKING pc=0x000002a7df74ecb0 sp=0x000000bc57efe080
Event: 9.630 Thread 0x000002a7f8915a20 DEOPT UNPACKING pc=0x000002a7dee769a3 sp=0x000000bc57efe018 mode 2
Event: 9.647 Thread 0x000002a7f76183b0 DEOPT PACKING pc=0x000002a7d7ec5217 sp=0x000000bc586fb9d0
Event: 9.647 Thread 0x000002a7f76183b0 DEOPT UNPACKING pc=0x000002a7dee77143 sp=0x000000bc586fae98 mode 0
Event: 9.688 Thread 0x000002a7f69fece0 DEOPT PACKING pc=0x000002a7d7ec5217 sp=0x000000bc5c6fb7a0
Event: 9.688 Thread 0x000002a7f69fece0 DEOPT UNPACKING pc=0x000002a7dee77143 sp=0x000000bc5c6fac68 mode 0
Event: 9.716 Thread 0x000002a7f69fd000 Uncommon trap: trap_request=0xffffff45 fr.pc=0x000002a7df74ecb0 relative=0x00000000000016d0
Event: 9.716 Thread 0x000002a7f69fd000 Uncommon trap: reason=unstable_if action=reinterpret pc=0x000002a7df74ecb0 method=java.util.concurrent.ConcurrentHashMap.computeIfAbsent(Ljava/lang/Object;Ljava/util/function/Function;)Ljava/lang/Object; @ 279 c2
Event: 9.716 Thread 0x000002a7f69fd000 DEOPT PACKING pc=0x000002a7df74ecb0 sp=0x000000bc5bcfe130
Event: 9.716 Thread 0x000002a7f69fd000 DEOPT UNPACKING pc=0x000002a7dee769a3 sp=0x000000bc5bcfe0c8 mode 2

Classes unloaded (0 events):
No events

Classes redefined (0 events):
No events

Internal exceptions (20 events):
Event: 9.167 Thread 0x000002a7f6890220 Exception <a 'java/lang/NoSuchMethodError'{0x0000000086e068e8}: static Lcom/android/buildanalyzer/common/AndroidGradlePluginAttributionData$TaskInfo;.<clinit>()V> (0x0000000086e068e8) 
thrown [s\src\hotspot\share\prims\jni.cpp, line 1108]
Event: 9.168 Thread 0x000002a7f6890220 Exception <a 'java/lang/NoSuchMethodError'{0x0000000086e14590}: static Lcom/android/buildanalyzer/common/AndroidGradlePluginAttributionData$TaskCategoryInfo;.<clinit>()V> (0x0000000086e14590) 
thrown [s\src\hotspot\share\prims\jni.cpp, line 1108]
Event: 9.176 Thread 0x000002a7f6890220 Exception <a 'java/lang/NoSuchMethodError'{0x0000000086eb3eb0}: 'void java.lang.invoke.DirectMethodHandle$Holder.invokeSpecial(java.lang.Object, java.lang.Object, java.lang.Object, int)'> (0x0000000086eb3eb0) 
thrown [s\src\hotspot\share\interpreter\linkResolver.cpp, line 771]
Event: 9.497 Thread 0x000002a7f08c8260 Exception <a 'java/lang/NoSuchMethodError'{0x00000000866316d0}: 'void java.lang.invoke.DirectMethodHandle$Holder.invokeStatic(java.lang.Object, java.lang.Object, java.lang.Object, java.lang.Object, int, java.lang.Object, java.lang.Object)'> (0x00000000866316d0) 
thrown [s\src\hotspot\share\interpreter\linkResolver.cpp, line 771]
Event: 9.507 Thread 0x000002a7f76183b0 Implicit null exception at 0x000002a7df8eb600 to 0x000002a7df8ebff8
Event: 9.507 Thread 0x000002a7f76183b0 Implicit null exception at 0x000002a7df8eb600 to 0x000002a7df8ebff8
Event: 9.507 Thread 0x000002a7f76c0340 Implicit null exception at 0x000002a7df8eb600 to 0x000002a7df8ebff8
Event: 9.508 Thread 0x000002a7f76c0340 Implicit null exception at 0x000002a7df8eb600 to 0x000002a7df8ebff8
Event: 9.529 Thread 0x000002a7f76183b0 Exception <a 'java/lang/NoSuchMethodError'{0x000000008625d790}: 'java.lang.Object java.lang.invoke.DirectMethodHandle$Holder.invokeSpecialIFC(java.lang.Object, java.lang.Object, java.lang.Object)'> (0x000000008625d790) 
thrown [s\src\hotspot\share\interpreter\linkResolver.cpp, line 771]
Event: 9.529 Thread 0x000002a7f76c0ce0 Exception <a 'java/lang/NoSuchMethodError'{0x000000008621ac38}: 'java.lang.Object java.lang.invoke.DirectMethodHandle$Holder.invokeSpecialIFC(java.lang.Object, java.lang.Object, java.lang.Object)'> (0x000000008621ac38) 
thrown [s\src\hotspot\share\interpreter\linkResolver.cpp, line 771]
Event: 9.530 Thread 0x000002a7f89146e0 Exception <a 'java/lang/NoSuchMethodError'{0x0000000086216228}: 'java.lang.Object java.lang.invoke.DirectMethodHandle$Holder.invokeSpecialIFC(java.lang.Object, java.lang.Object, java.lang.Object)'> (0x0000000086216228) 
thrown [s\src\hotspot\share\interpreter\linkResolver.cpp, line 771]
Event: 9.530 Thread 0x000002a7f76bf9a0 Exception <a 'java/lang/NoSuchMethodError'{0x0000000086257bb0}: 'java.lang.Object java.lang.invoke.DirectMethodHandle$Holder.invokeSpecialIFC(java.lang.Object, java.lang.Object, java.lang.Object)'> (0x0000000086257bb0) 
thrown [s\src\hotspot\share\interpreter\linkResolver.cpp, line 771]
Event: 9.530 Thread 0x000002a7f8912530 Exception <a 'java/lang/NoSuchMethodError'{0x0000000086220288}: 'java.lang.Object java.lang.invoke.DirectMethodHandle$Holder.invokeSpecialIFC(java.lang.Object, java.lang.Object, java.lang.Object)'> (0x0000000086220288) 
thrown [s\src\hotspot\share\interpreter\linkResolver.cpp, line 771]
Event: 9.530 Thread 0x000002a7f08c8260 Exception <a 'java/lang/NoSuchMethodError'{0x0000000086227c58}: 'java.lang.Object java.lang.invoke.DirectMethodHandle$Holder.invokeSpecialIFC(java.lang.Object, java.lang.Object, java.lang.Object)'> (0x0000000086227c58) 
thrown [s\src\hotspot\share\interpreter\linkResolver.cpp, line 771]
Event: 9.530 Thread 0x000002a7f7616ba0 Exception <a 'java/lang/NoSuchMethodError'{0x0000000086263af8}: 'java.lang.Object java.lang.invoke.DirectMethodHandle$Holder.invokeSpecialIFC(java.lang.Object, java.lang.Object, java.lang.Object)'> (0x0000000086263af8) 
thrown [s\src\hotspot\share\interpreter\linkResolver.cpp, line 771]
Event: 9.530 Thread 0x000002a7f7618d50 Exception <a 'java/lang/NoSuchMethodError'{0x00000000863feea0}: 'java.lang.Object java.lang.invoke.DirectMethodHandle$Holder.invokeSpecialIFC(java.lang.Object, java.lang.Object, java.lang.Object)'> (0x00000000863feea0) 
thrown [s\src\hotspot\share\interpreter\linkResolver.cpp, line 771]
Event: 9.530 Thread 0x000002a7f890feb0 Exception <a 'java/lang/NoSuchMethodError'{0x0000000086251c80}: 'java.lang.Object java.lang.invoke.DirectMethodHandle$Holder.invokeSpecialIFC(java.lang.Object, java.lang.Object, java.lang.Object)'> (0x0000000086251c80) 
thrown [s\src\hotspot\share\interpreter\linkResolver.cpp, line 771]
Event: 9.530 Thread 0x000002a7f76c0340 Exception <a 'java/lang/NoSuchMethodError'{0x0000000086203cd8}: 'java.lang.Object java.lang.invoke.DirectMethodHandle$Holder.invokeSpecialIFC(java.lang.Object, java.lang.Object, java.lang.Object)'> (0x0000000086203cd8) 
thrown [s\src\hotspot\share\interpreter\linkResolver.cpp, line 771]
Event: 9.530 Thread 0x000002a7f76beb30 Exception <a 'java/lang/NoSuchMethodError'{0x000000008624b5a8}: 'java.lang.Object java.lang.invoke.DirectMethodHandle$Holder.invokeSpecialIFC(java.lang.Object, java.lang.Object, java.lang.Object)'> (0x000000008624b5a8) 
thrown [s\src\hotspot\share\interpreter\linkResolver.cpp, line 771]
Event: 9.530 Thread 0x000002a7f76c11b0 Exception <a 'java/lang/NoSuchMethodError'{0x0000000086209d40}: 'java.lang.Object java.lang.invoke.DirectMethodHandle$Holder.invokeSpecialIFC(java.lang.Object, java.lang.Object, java.lang.Object)'> (0x0000000086209d40) 
thrown [s\src\hotspot\share\interpreter\linkResolver.cpp, line 771]

VM Operations (20 events):
Event: 9.030 Executing VM operation: HandshakeAllThreads done
Event: 9.131 Executing VM operation: HandshakeAllThreads
Event: 9.131 Executing VM operation: HandshakeAllThreads done
Event: 9.198 Executing VM operation: ICBufferFull
Event: 9.198 Executing VM operation: ICBufferFull done
Event: 9.423 Executing VM operation: HandshakeAllThreads
Event: 9.424 Executing VM operation: HandshakeAllThreads done
Event: 9.441 Executing VM operation: HandshakeAllThreads
Event: 9.441 Executing VM operation: HandshakeAllThreads done
Event: 9.462 Executing VM operation: ICBufferFull
Event: 9.463 Executing VM operation: ICBufferFull done
Event: 9.464 Executing VM operation: HandshakeAllThreads
Event: 9.464 Executing VM operation: HandshakeAllThreads done
Event: 9.567 Executing VM operation: G1CollectForAllocation
Event: 9.573 Executing VM operation: G1CollectForAllocation done
Event: 9.606 Executing VM operation: G1Concurrent
Event: 9.612 Executing VM operation: G1Concurrent done
Event: 9.626 Executing VM operation: G1Concurrent
Event: 9.627 Executing VM operation: G1Concurrent done
Event: 9.733 Executing VM operation: G1CollectForAllocation

Events (20 events):
Event: 9.471 Thread 0x000002a7ef8b2370 flushing nmethod 0x000002a7d8600c10
Event: 9.471 Thread 0x000002a7ef8b2370 flushing nmethod 0x000002a7d8604f10
Event: 9.471 Thread 0x000002a7ef8b2370 flushing nmethod 0x000002a7d8608e90
Event: 9.471 Thread 0x000002a7ef8b2370 flushing nmethod 0x000002a7d860d710
Event: 9.471 Thread 0x000002a7ef8b2370 flushing nmethod 0x000002a7d860de90
Event: 9.471 Thread 0x000002a7ef8b2370 flushing nmethod 0x000002a7d8619810
Event: 9.471 Thread 0x000002a7ef8b2370 flushing nmethod 0x000002a7d8619d10
Event: 9.471 Thread 0x000002a7ef8b2370 flushing nmethod 0x000002a7d8620410
Event: 9.471 Thread 0x000002a7ef8b2370 flushing nmethod 0x000002a7d8637990
Event: 9.471 Thread 0x000002a7ef8b2370 flushing nmethod 0x000002a7d863cc10
Event: 9.471 Thread 0x000002a7ef8b2370 flushing nmethod 0x000002a7d863e710
Event: 9.471 Thread 0x000002a7ef8b2370 flushing nmethod 0x000002a7d863fa10
Event: 9.472 Thread 0x000002a7ef8b2370 flushing nmethod 0x000002a7d8698490
Event: 9.472 Thread 0x000002a7ef8b2370 flushing nmethod 0x000002a7d869d590
Event: 9.472 Thread 0x000002a7ef8b2370 flushing nmethod 0x000002a7d8700210
Event: 9.472 Thread 0x000002a7ef8b2370 flushing nmethod 0x000002a7d8700690
Event: 9.472 Thread 0x000002a7ef8b2370 flushing nmethod 0x000002a7d8701590
Event: 9.472 Thread 0x000002a7ef8b2370 flushing nmethod 0x000002a7d873f910
Event: 9.473 Thread 0x000002a7ef8b2370 flushing nmethod 0x000002a7d876b510
Event: 9.473 Thread 0x000002a7ef8b2370 flushing nmethod 0x000002a7d876ce10


Dynamic libraries:
0x00007ff66e510000 - 0x00007ff66e51a000 	C:\BTS\ANDROID\android-studio-girafe\android-studio-2022.3.1.19-windows\android-studio\jbr\bin\java.exe
0x00007ff93aae0000 - 0x00007ff93ad43000 	C:\WINDOWS\SYSTEM32\ntdll.dll
0x00007ff939170000 - 0x00007ff939237000 	C:\WINDOWS\System32\KERNEL32.DLL
0x00007ff937f60000 - 0x00007ff938327000 	C:\WINDOWS\System32\KERNELBASE.dll
0x00007ff937bc0000 - 0x00007ff937d56000 	C:\Windows\system32\hmpalert.dll
0x00007ff9383c0000 - 0x00007ff93850c000 	C:\WINDOWS\System32\ucrtbase.dll
0x00007ff92dd20000 - 0x00007ff92dd3b000 	C:\BTS\ANDROID\android-studio-girafe\android-studio-2022.3.1.19-windows\android-studio\jbr\bin\VCRUNTIME140.dll
0x00007ff9159d0000 - 0x00007ff9159e7000 	C:\BTS\ANDROID\android-studio-girafe\android-studio-2022.3.1.19-windows\android-studio\jbr\bin\jli.dll
0x00007ff939a50000 - 0x00007ff939c19000 	C:\WINDOWS\System32\USER32.dll
0x00007ff937e70000 - 0x00007ff937e97000 	C:\WINDOWS\System32\win32u.dll
0x00007ff93a890000 - 0x00007ff93a8ba000 	C:\WINDOWS\System32\GDI32.dll
0x00007ff938690000 - 0x00007ff9387bb000 	C:\WINDOWS\System32\gdi32full.dll
0x00007ff938860000 - 0x00007ff938903000 	C:\WINDOWS\System32\msvcp_win.dll
0x00007ff915f10000 - 0x00007ff9161a0000 	C:\WINDOWS\WinSxS\amd64_microsoft.windows.common-controls_6595b64144ccf1df_6.0.26100.2702_none_3e069454e335fc5e\COMCTL32.dll
0x00007ff9390c0000 - 0x00007ff939169000 	C:\WINDOWS\System32\msvcrt.dll
0x00007ff938fd0000 - 0x00007ff938fff000 	C:\WINDOWS\System32\IMM32.DLL
0x00007ff92ef60000 - 0x00007ff92ef6c000 	C:\BTS\ANDROID\android-studio-girafe\android-studio-2022.3.1.19-windows\android-studio\jbr\bin\vcruntime140_1.dll
0x00007ff915720000 - 0x00007ff9157ad000 	C:\BTS\ANDROID\android-studio-girafe\android-studio-2022.3.1.19-windows\android-studio\jbr\bin\msvcp140.dll
0x00007ff8c8680000 - 0x00007ff8c92ee000 	C:\BTS\ANDROID\android-studio-girafe\android-studio-2022.3.1.19-windows\android-studio\jbr\bin\server\jvm.dll
0x00007ff93a4f0000 - 0x00007ff93a5a3000 	C:\WINDOWS\System32\ADVAPI32.dll
0x00007ff938ec0000 - 0x00007ff938f66000 	C:\WINDOWS\System32\sechost.dll
0x00007ff9397b0000 - 0x00007ff9398c6000 	C:\WINDOWS\System32\RPCRT4.dll
0x00007ff912230000 - 0x00007ff91223a000 	C:\WINDOWS\SYSTEM32\WSOCK32.dll
0x00007ff93a810000 - 0x00007ff93a884000 	C:\WINDOWS\System32\WS2_32.dll
0x00007ff92f710000 - 0x00007ff92f71b000 	C:\WINDOWS\SYSTEM32\VERSION.dll
0x00007ff934470000 - 0x00007ff9344a6000 	C:\WINDOWS\SYSTEM32\WINMM.dll
0x00007ff936ac0000 - 0x00007ff936ada000 	C:\WINDOWS\SYSTEM32\kernel.appcore.dll
0x00007ff932670000 - 0x00007ff93267a000 	C:\BTS\ANDROID\android-studio-girafe\android-studio-2022.3.1.19-windows\android-studio\jbr\bin\jimage.dll
0x00007ff935200000 - 0x00007ff935441000 	C:\WINDOWS\SYSTEM32\DBGHELP.DLL
0x00007ff939240000 - 0x00007ff9395be000 	C:\WINDOWS\System32\combase.dll
0x00007ff93a730000 - 0x00007ff93a806000 	C:\WINDOWS\System32\OLEAUT32.dll
0x00007ff92d180000 - 0x00007ff92d1b9000 	C:\WINDOWS\SYSTEM32\dbgcore.DLL
0x00007ff9387c0000 - 0x00007ff938859000 	C:\WINDOWS\System32\bcryptPrimitives.dll
0x00007ff92eec0000 - 0x00007ff92eee5000 	C:\BTS\ANDROID\android-studio-girafe\android-studio-2022.3.1.19-windows\android-studio\jbr\bin\java.dll
0x00007ff932610000 - 0x00007ff932628000 	C:\BTS\ANDROID\android-studio-girafe\android-studio-2022.3.1.19-windows\android-studio\jbr\bin\zip.dll
0x00007ff939c20000 - 0x00007ff93a32b000 	C:\WINDOWS\System32\SHELL32.dll
0x00007ff935790000 - 0x00007ff935fcd000 	C:\WINDOWS\SYSTEM32\windows.storage.dll
0x00007ff93a5b0000 - 0x00007ff93a69a000 	C:\WINDOWS\System32\SHCORE.dll
0x00007ff938f70000 - 0x00007ff938fcd000 	C:\WINDOWS\System32\shlwapi.dll
0x00007ff937d80000 - 0x00007ff937dae000 	C:\WINDOWS\SYSTEM32\profapi.dll
0x00007ff92ddb0000 - 0x00007ff92ddc9000 	C:\BTS\ANDROID\android-studio-girafe\android-studio-2022.3.1.19-windows\android-studio\jbr\bin\net.dll
0x00007ff92fc40000 - 0x00007ff92fd5e000 	C:\WINDOWS\SYSTEM32\WINHTTP.dll
0x00007ff936fb0000 - 0x00007ff937018000 	C:\WINDOWS\system32\mswsock.dll
0x00007ff92dca0000 - 0x00007ff92dcb6000 	C:\BTS\ANDROID\android-studio-girafe\android-studio-2022.3.1.19-windows\android-studio\jbr\bin\nio.dll
0x00007ff932660000 - 0x00007ff932670000 	C:\BTS\ANDROID\android-studio-girafe\android-studio-2022.3.1.19-windows\android-studio\jbr\bin\verify.dll
0x00007ff8e1df0000 - 0x00007ff8e1e17000 	C:\Users\svo\.gradle\native\68d5fa5c4cc2d200863cafc0d521ce42e7d3e7ee720ec0a83991735586a16f82\windows-amd64\native-platform.dll
0x00007ff8ffc50000 - 0x00007ff8ffd94000 	C:\Users\svo\.gradle\native\e376f236ea51e6404a007f0833ffe2c6e607c4080706a723a18a27aeea778392\windows-amd64\native-platform-file-events.dll
0x00007ff9325e0000 - 0x00007ff9325e9000 	C:\BTS\ANDROID\android-studio-girafe\android-studio-2022.3.1.19-windows\android-studio\jbr\bin\management.dll
0x00007ff92ef40000 - 0x00007ff92ef4b000 	C:\BTS\ANDROID\android-studio-girafe\android-studio-2022.3.1.19-windows\android-studio\jbr\bin\management_ext.dll
0x00007ff93a4d0000 - 0x00007ff93a4d8000 	C:\WINDOWS\System32\PSAPI.DLL
0x00007ff937360000 - 0x00007ff93737c000 	C:\WINDOWS\SYSTEM32\CRYPTSP.dll
0x00007ff936a20000 - 0x00007ff936a58000 	C:\WINDOWS\system32\rsaenh.dll
0x00007ff937050000 - 0x00007ff93707b000 	C:\WINDOWS\SYSTEM32\USERENV.dll
0x00007ff9374f0000 - 0x00007ff937516000 	C:\WINDOWS\SYSTEM32\bcrypt.dll
0x00007ff9371e0000 - 0x00007ff9371ec000 	C:\WINDOWS\SYSTEM32\CRYPTBASE.dll
0x00007ff936280000 - 0x00007ff9362b3000 	C:\WINDOWS\SYSTEM32\IPHLPAPI.DLL
0x00007ff938e80000 - 0x00007ff938e8a000 	C:\WINDOWS\System32\NSI.dll
0x00007ff92fe40000 - 0x00007ff92fe5e000 	C:\WINDOWS\SYSTEM32\dhcpcsvc6.DLL
0x00007ff92fe10000 - 0x00007ff92fe35000 	C:\WINDOWS\SYSTEM32\dhcpcsvc.DLL
0x00007ff9362c0000 - 0x00007ff9363e5000 	C:\WINDOWS\SYSTEM32\DNSAPI.dll
0x00007ff90d700000 - 0x00007ff90d708000 	C:\WINDOWS\system32\wshunix.dll

dbghelp: loaded successfully - version: 4.0.5 - missing functions: none
symbol engine: initialized successfully - sym options: 0x614 - pdb path: .;C:\BTS\ANDROID\android-studio-girafe\android-studio-2022.3.1.19-windows\android-studio\jbr\bin;C:\WINDOWS\SYSTEM32;C:\WINDOWS\WinSxS\amd64_microsoft.windows.common-controls_6595b64144ccf1df_6.0.26100.2702_none_3e069454e335fc5e;C:\BTS\ANDROID\android-studio-girafe\android-studio-2022.3.1.19-windows\android-studio\jbr\bin\server;C:\Users\svo\.gradle\native\68d5fa5c4cc2d200863cafc0d521ce42e7d3e7ee720ec0a83991735586a16f82\windows-amd64;C:\Users\svo\.gradle\native\e376f236ea51e6404a007f0833ffe2c6e607c4080706a723a18a27aeea778392\windows-amd64

VM Arguments:
jvm_args: --add-opens=java.base/java.util=ALL-UNNAMED --add-opens=java.base/java.lang=ALL-UNNAMED --add-opens=java.base/java.lang.invoke=ALL-UNNAMED --add-opens=java.prefs/java.util.prefs=ALL-UNNAMED --add-opens=java.base/java.nio.charset=ALL-UNNAMED --add-opens=java.base/java.net=ALL-UNNAMED --add-opens=java.base/java.util.concurrent.atomic=ALL-UNNAMED -Xmx2048m -Dfile.encoding=UTF-8 -Duser.country=FR -Duser.language=fr -Duser.variant 
java_command: org.gradle.launcher.daemon.bootstrap.GradleDaemon 8.0
java_class_path (initial): C:\Users\svo\.gradle\wrapper\dists\gradle-8.0-bin\ca5e32bp14vu59qr306oxotwh\gradle-8.0\lib\gradle-launcher-8.0.jar
Launcher Type: SUN_STANDARD

[Global flags]
     intx CICompilerCount                          = 4                                         {product} {ergonomic}
     uint ConcGCThreads                            = 3                                         {product} {ergonomic}
     uint G1ConcRefinementThreads                  = 10                                        {product} {ergonomic}
   size_t G1HeapRegionSize                         = 1048576                                   {product} {ergonomic}
    uintx GCDrainStackTargetSize                   = 64                                        {product} {ergonomic}
   size_t InitialHeapSize                          = 264241152                                 {product} {ergonomic}
   size_t MarkStackSize                            = 4194304                                   {product} {ergonomic}
   size_t MaxHeapSize                              = 2147483648                                {product} {command line}
   size_t MaxNewSize                               = 1287651328                                {product} {ergonomic}
   size_t MinHeapDeltaBytes                        = 1048576                                   {product} {ergonomic}
   size_t MinHeapSize                              = 8388608                                   {product} {ergonomic}
    uintx NonNMethodCodeHeapSize                   = 5839372                                {pd product} {ergonomic}
    uintx NonProfiledCodeHeapSize                  = 122909434                              {pd product} {ergonomic}
    uintx ProfiledCodeHeapSize                     = 122909434                              {pd product} {ergonomic}
    uintx ReservedCodeCacheSize                    = 251658240                              {pd product} {ergonomic}
     bool SegmentedCodeCache                       = true                                      {product} {ergonomic}
   size_t SoftMaxHeapSize                          = 2147483648                             {manageable} {ergonomic}
     bool UseCompressedClassPointers               = true                           {product lp64_product} {ergonomic}
     bool UseCompressedOops                        = true                           {product lp64_product} {ergonomic}
     bool UseG1GC                                  = true                                      {product} {ergonomic}
     bool UseLargePagesIndividualAllocation        = false                                  {pd product} {ergonomic}

Logging:
Log output configuration:
 #0: stdout all=warning uptime,level,tags
 #1: stderr all=off uptime,level,tags

Environment Variables:
PATH=C:\Program Files\Common Files\Oracle\Java\javapath;C:\Program Files (x86)\Common Files\Oracle\Java\java8path;C:\Program Files (x86)\Common Files\Oracle\Java\javapath;C:\WINDOWS\system32;C:\WINDOWS;C:\WINDOWS\System32\Wbem;C:\WINDOWS\System32\WindowsPowerShell\v1.0\;C:\WINDOWS\System32\OpenSSH\;C:\Users\svo\AppData\Local\Microsoft\WindowsApps;C:\BTS\PortableApps\openlogic-openjdk-17.0.8+7-windows-x64\openlogic-openjdk-17.0.8+7-windows-x64\bin;C:\Users\svo\AppData\Local\ComposerSetup\bin;C:\Users\svo\AppData\Roaming\Composer\vendor\bin;C:\BTS\DEV\Xampp Laravell\xampp\php;C:\BTS\DEV\node-v18.15.0-win-x64;C:\BTS\Nodejs\node-v20.17.0-win-x64;C:\BTS\Git\bin;
USERNAME=SVO
OS=Windows_NT
PROCESSOR_IDENTIFIER=Intel64 Family 6 Model 154 Stepping 4, GenuineIntel
TMP=C:\Users\svo\AppData\Local\Temp
TEMP=C:\Users\svo\AppData\Local\Temp


JNI global refs:
JNI global refs: 29, weak refs: 7

JNI global refs memory usage: 843, weak refs: 841


---------------  S Y S T E M  ---------------

OS:
 Windows 11 , 64 bit Build 26100 (10.0.26100.2992)
OS uptime: 1 days 0:13 hours
Hyper-V role detected

CPU: total 12 (initial active 12) (6 cores per cpu, 2 threads per core) family 6 model 154 stepping 4 microcode 0x435, cx8, cmov, fxsr, ht, mmx, 3dnowpref, sse, sse2, sse3, ssse3, sse4.1, sse4.2, popcnt, lzcnt, tsc, tscinvbit, avx, avx2, aes, erms, clmul, bmi1, bmi2, adx, sha, fma, vzeroupper, clflush, clflushopt, clwb, hv

Memory: 4k page, system-wide physical 16016M (1915M free)
TotalPageFile size 20016M (AvailPageFile size 61M)
current process WorkingSet (physical memory assigned to process): 359M, peak: 393M
current process commit charge ("private bytes"): 404M, peak: 464M

vm_info: OpenJDK 64-Bit Server VM (17.0.6+0-b2043.56-10027231) for windows-amd64 JRE (17.0.6+0-b2043.56-10027231), built on Apr 28 2023 00:43:19 by "androidbuild" with MS VC++ 16.10 / 16.11 (VS2019)

END.
