#
# There is insufficient memory for the Java Runtime Environment to continue.
# Native memory allocation (mmap) failed to map 68157440 bytes for G1 virtual space
# Possible reasons:
#   The system is out of physical RAM or swap space
#   The process is running with CompressedOops enabled, and the Java Heap may be blocking the growth of the native heap
# Possible solutions:
#   Reduce memory load on the system
#   Increase physical memory or swap space
#   Check if swap backing store is full
#   Decrease Java heap size (-Xmx/-Xms)
#   Decrease number of Java threads
#   Decrease Java thread stack sizes (-Xss)
#   Set larger code cache with -XX:ReservedCodeCacheSize=
#   JVM is running with Unscaled Compressed Oops mode in which the Java heap is
#     placed in the first 4GB address space. The Java Heap base address is the
#     maximum limit for the native heap growth. Please use -XX:HeapBaseMinAddress
#     to set the Java Heap base and to place the Java Heap above 4GB virtual address.
# This output file may be truncated or incomplete.
#
#  Out of Memory Error (os_windows.cpp:3769), pid=23688, tid=4384
#
# JRE version: OpenJDK Runtime Environment (17.0.6) (build 17.0.6+0-b2043.56-10027231)
# Java VM: OpenJDK 64-Bit Server VM (17.0.6+0-b2043.56-10027231, mixed mode, tiered, compressed oops, compressed class ptrs, g1 gc, windows-amd64)
# No core dump will be written. Minidumps are not enabled by default on client versions of Windows
#

---------------  S U M M A R Y ------------

Command Line: --add-opens=java.base/java.util=ALL-UNNAMED --add-opens=java.base/java.lang=ALL-UNNAMED --add-opens=java.base/java.lang.invoke=ALL-UNNAMED --add-opens=java.prefs/java.util.prefs=ALL-UNNAMED --add-opens=java.base/java.nio.charset=ALL-UNNAMED --add-opens=java.base/java.net=ALL-UNNAMED --add-opens=java.base/java.util.concurrent.atomic=ALL-UNNAMED -Xmx2048m -Dfile.encoding=UTF-8 -Duser.country=FR -Duser.language=fr -Duser.variant org.gradle.launcher.daemon.bootstrap.GradleDaemon 8.0

Host: 12th Gen Intel(R) Core(TM) i7-1255U, 12 cores, 15G,  Windows 11 , 64 bit Build 26100 (10.0.26100.2992)
Time: Wed Mar 19 15:09:51 2025 Paris, Madrid elapsed time: 12.362532 seconds (0d 0h 0m 12s)

---------------  T H R E A D  ---------------

Current thread (0x000001c0abeaf430):  VMThread "VM Thread" [stack: 0x0000007872400000,0x0000007872500000] [id=4384]

Stack: [0x0000007872400000,0x0000007872500000]
Native frames: (J=compiled Java code, j=interpreted, Vv=VM code, C=native code)
V  [jvm.dll+0x683c9a]
V  [jvm.dll+0x8427a4]
V  [jvm.dll+0x843f9e]
V  [jvm.dll+0x844603]
V  [jvm.dll+0x249b75]
V  [jvm.dll+0x680b69]
V  [jvm.dll+0x67505a]
V  [jvm.dll+0x309acb]
V  [jvm.dll+0x310f86]
V  [jvm.dll+0x3608ee]
V  [jvm.dll+0x360b1f]
V  [jvm.dll+0x2dfbf8]
V  [jvm.dll+0x2ddec4]
V  [jvm.dll+0x2dd4cc]
V  [jvm.dll+0x321f3b]
V  [jvm.dll+0x848ccb]
V  [jvm.dll+0x849a04]
V  [jvm.dll+0x849f1d]
V  [jvm.dll+0x84a2f4]
V  [jvm.dll+0x84a3c0]
V  [jvm.dll+0x7f274a]
V  [jvm.dll+0x682ad5]
C  [ucrtbase.dll+0x37b0]
C  [KERNEL32.DLL+0x2e8d7]
C  [ntdll.dll+0xbbf6c]

VM_Operation (0x00000078747fdd30): G1CollectForAllocation, mode: safepoint, requested by thread 0x000001c0ada9fb50


---------------  P R O C E S S  ---------------

Threads class SMR info:
_java_thread_list=0x000001c0b65e98c0, length=185, elements={
0x000001c091564970, 0x000001c0ac0d9260, 0x000001c0ac0d9d20, 0x000001c0ac0c19b0,
0x000001c0ac0c2270, 0x000001c0ac0c4b40, 0x000001c0ac0c5400, 0x000001c0ac0f7000,
0x000001c0ac100650, 0x000001c0ac100f50, 0x000001c0ac2a6430, 0x000001c0ac2b2930,
0x000001c0afd947b0, 0x000001c0ae398c90, 0x000001c0af02f8a0, 0x000001c0afafc5b0,
0x000001c0ae5242f0, 0x000001c0af448100, 0x000001c0af25f1f0, 0x000001c0ada9de70,
0x000001c0adaa0020, 0x000001c0adaa04f0, 0x000001c0ada9fb50, 0x000001c0ada9ece0,
0x000001c0ada9d000, 0x000001c0ada9f1b0, 0x000001c0ada9d4d0, 0x000001c0b1524660,
0x000001c0b15237f0, 0x000001c0b1524b30, 0x000001c0b15254d0, 0x000001c0b1522980,
0x000001c0b15259a0, 0x000001c0b1522e50, 0x000001c0b1525000, 0x000001c0b15271b0,
0x000001c0b1526340, 0x000001c0b1526810, 0x000001c0b1529830, 0x000001c0b15289c0,
0x000001c0b1528020, 0x000001c0b2b28720, 0x000001c0b2b278b0, 0x000001c0b2b27d80,
0x000001c0b2b2a400, 0x000001c0b2b2a8d0, 0x000001c0b2b290c0, 0x000001c0b2b28250,
0x000001c0b2b29a60, 0x000001c0b2b26f10, 0x000001c0b2b2ada0, 0x000001c0b2b2b270,
0x000001c0b2b2c0e0, 0x000001c0b2b29590, 0x000001c0b2b2b740, 0x000001c0b2b2bc10,
0x000001c0b2b2c5b0, 0x000001c0b2b28bf0, 0x000001c0b2b2ca80, 0x000001c0b2b2cf50,
0x000001c0b2b2ddc0, 0x000001c0b2b2e290, 0x000001c0b2b2d420, 0x000001c0b2b2d8f0,
0x000001c0b2b2e760, 0x000001c0afca4130, 0x000001c0afca5e10, 0x000001c0afca7af0,
0x000001c0afca4600, 0x000001c0afca62e0, 0x000001c0afca7620, 0x000001c0afca67b0,
0x000001c0afca5470, 0x000001c0afca4ad0, 0x000001c0afca7150, 0x000001c0afca7fc0,
0x000001c0afca8490, 0x000001c0afca8960, 0x000001c0afca6c80, 0x000001c0afca4fa0,
0x000001c0afca8e30, 0x000001c0afca9300, 0x000001c0afca5940, 0x000001c0afcab980,
0x000001c0afca97d0, 0x000001c0afca9ca0, 0x000001c0afcaafe0, 0x000001c0afcaab10,
0x000001c0afcaa170, 0x000001c0afcaa640, 0x000001c0afcab4b0, 0x000001c0af9735d0,
0x000001c0af972760, 0x000001c0af9718f0, 0x000001c0af970a80, 0x000001c0af973aa0,
0x000001c0af973f70, 0x000001c0af972c30, 0x000001c0af971dc0, 0x000001c0af970f50,
0x000001c0af974440, 0x000001c0af973100, 0x000001c0af972290, 0x000001c0af974910,
0x000001c0af974de0, 0x000001c0af971420, 0x000001c0af975780, 0x000001c0af9752b0,
0x000001c0af977930, 0x000001c0af977460, 0x000001c0af976120, 0x000001c0af975c50,
0x000001c0af976ac0, 0x000001c0af976f90, 0x000001c0af977e00, 0x000001c0af9782d0,
0x000001c0af9765f0, 0x000001c0b14cd990, 0x000001c0b14ca4a0, 0x000001c0b14cae40,
0x000001c0b14cd4c0, 0x000001c0b14ca970, 0x000001c0b14cbcb0, 0x000001c0b14cc180,
0x000001c0b14cb7e0, 0x000001c0b14c9fd0, 0x000001c0b14cc650, 0x000001c0b14cde60,
0x000001c0b14ccb20, 0x000001c0b14ce330, 0x000001c0b14ce800, 0x000001c0b14ccff0,
0x000001c0b14cecd0, 0x000001c0b14cb310, 0x000001c0b14d04e0, 0x000001c0b14cf1a0,
0x000001c0b14cf670, 0x000001c0b14cfb40, 0x000001c0b14d1820, 0x000001c0b14d09b0,
0x000001c0b14d0010, 0x000001c0b14d0e80, 0x000001c0b14d1350, 0x000001c0afa38e60,
0x000001c0afa39cd0, 0x000001c0afa39330, 0x000001c0afa3a670, 0x000001c0afa3be80,
0x000001c0afa3a1a0, 0x000001c0afa3b010, 0x000001c0afa3d1c0, 0x000001c0afa3ccf0,
0x000001c0afa3ab40, 0x000001c0afa3c350, 0x000001c0afa3b4e0, 0x000001c0afa3c820,
0x000001c0afa3b9b0, 0x000001c0afa39800, 0x000001c0afa3e500, 0x000001c0afa3f840,
0x000001c0afa3fd10, 0x000001c0afa401e0, 0x000001c0afa3e9d0, 0x000001c0afa406b0,
0x000001c0afa3d690, 0x000001c0afa3eea0, 0x000001c0afa3db60, 0x000001c0afa3e030,
0x000001c0ae4affc0, 0x000001c0b11578f0, 0x000001c0ae4ad470, 0x000001c0b1156ed0,
0x000001c0b5fd2d40, 0x000001c0b5fd3210, 0x000001c0b5fd2870, 0x000001c0b5fd4ef0,
0x000001c0b5fd36e0, 0x000001c0b5fd3bb0, 0x000001c0b5fd4080, 0x000001c0b5fd1530,
0x000001c0b5fd4550, 0x000001c0b5fd4a20, 0x000001c0b5fd53c0, 0x000001c0b5fd23a0,
0x000001c0b5fd1a00
}

Java Threads: ( => current thread )
  0x000001c091564970 JavaThread "main" [_thread_blocked, id=9464, stack(0x0000007871e00000,0x0000007871f00000)]
  0x000001c0ac0d9260 JavaThread "Reference Handler" daemon [_thread_blocked, id=28504, stack(0x0000007872500000,0x0000007872600000)]
  0x000001c0ac0d9d20 JavaThread "Finalizer" daemon [_thread_blocked, id=22168, stack(0x0000007872600000,0x0000007872700000)]
  0x000001c0ac0c19b0 JavaThread "Signal Dispatcher" daemon [_thread_blocked, id=18924, stack(0x0000007872700000,0x0000007872800000)]
  0x000001c0ac0c2270 JavaThread "Attach Listener" daemon [_thread_blocked, id=2456, stack(0x0000007872800000,0x0000007872900000)]
  0x000001c0ac0c4b40 JavaThread "Service Thread" daemon [_thread_blocked, id=25400, stack(0x0000007872900000,0x0000007872a00000)]
  0x000001c0ac0c5400 JavaThread "Monitor Deflation Thread" daemon [_thread_blocked, id=28484, stack(0x0000007872a00000,0x0000007872b00000)]
  0x000001c0ac0f7000 JavaThread "C2 CompilerThread0" daemon [_thread_blocked, id=24272, stack(0x0000007872b00000,0x0000007872c00000)]
  0x000001c0ac100650 JavaThread "C1 CompilerThread0" daemon [_thread_blocked, id=15836, stack(0x0000007872c00000,0x0000007872d00000)]
  0x000001c0ac100f50 JavaThread "Sweeper thread" daemon [_thread_blocked, id=8632, stack(0x0000007872d00000,0x0000007872e00000)]
  0x000001c0ac2a6430 JavaThread "Common-Cleaner" daemon [_thread_blocked, id=23752, stack(0x0000007872e00000,0x0000007872f00000)]
  0x000001c0ac2b2930 JavaThread "Notification Thread" daemon [_thread_blocked, id=24996, stack(0x0000007872f00000,0x0000007873000000)]
  0x000001c0afd947b0 JavaThread "Daemon health stats" [_thread_blocked, id=13792, stack(0x0000007873700000,0x0000007873800000)]
  0x000001c0ae398c90 JavaThread "Incoming local TCP Connector on port 51004" [_thread_in_native, id=3468, stack(0x0000007873800000,0x0000007873900000)]
  0x000001c0af02f8a0 JavaThread "Daemon periodic checks" [_thread_blocked, id=20072, stack(0x0000007873900000,0x0000007873a00000)]
  0x000001c0afafc5b0 JavaThread "Daemon" [_thread_blocked, id=21668, stack(0x0000007873a00000,0x0000007873b00000)]
  0x000001c0ae5242f0 JavaThread "Handler for socket connection from /127.0.0.1:51004 to /127.0.0.1:51005" [_thread_in_native, id=18192, stack(0x0000007873b00000,0x0000007873c00000)]
  0x000001c0af448100 JavaThread "Cancel handler" [_thread_blocked, id=7792, stack(0x0000007873c00000,0x0000007873d00000)]
  0x000001c0af25f1f0 JavaThread "Daemon worker" [_thread_blocked, id=27356, stack(0x0000007873d00000,0x0000007873e00000)]
  0x000001c0ada9de70 JavaThread "Asynchronous log dispatcher for DefaultDaemonConnection: socket connection from /127.0.0.1:51004 to /127.0.0.1:51005" [_thread_blocked, id=27876, stack(0x0000007873e00000,0x0000007873f00000)]
  0x000001c0adaa0020 JavaThread "Stdin handler" [_thread_blocked, id=7208, stack(0x0000007873f00000,0x0000007874000000)]
  0x000001c0adaa04f0 JavaThread "Daemon client event forwarder" [_thread_blocked, id=19196, stack(0x0000007874000000,0x0000007874100000)]
  0x000001c0ada9fb50 JavaThread "Cache worker for journal cache (C:\Users\svo\.gradle\caches\journal-1)" [_thread_blocked, id=25960, stack(0x0000007874700000,0x0000007874800000)]
  0x000001c0ada9ece0 JavaThread "File lock request listener" [_thread_in_native, id=21304, stack(0x0000007874800000,0x0000007874900000)]
  0x000001c0ada9d000 JavaThread "Cache worker for file hash cache (C:\Users\svo\.gradle\caches\8.0\fileHashes)" [_thread_blocked, id=18932, stack(0x0000007874900000,0x0000007874a00000)]
  0x000001c0ada9f1b0 JavaThread "File watcher server" daemon [_thread_blocked, id=19284, stack(0x0000007874a00000,0x0000007874b00000)]
  0x000001c0ada9d4d0 JavaThread "File watcher consumer" daemon [_thread_blocked, id=28156, stack(0x0000007874b00000,0x0000007874c00000)]
  0x000001c0b1524660 JavaThread "Cache worker for checksums cache (C:\BTS\ANDROID\WkRFTG\ApplicationRFTG\.gradle\8.0\checksums)" [_thread_blocked, id=22024, stack(0x0000007874c00000,0x0000007874d00000)]
  0x000001c0b15237f0 JavaThread "Cache worker for cache directory md-rule (C:\Users\svo\.gradle\caches\8.0\md-rule)" [_thread_blocked, id=7392, stack(0x0000007874d00000,0x0000007874e00000)]
  0x000001c0b1524b30 JavaThread "Cache worker for file content cache (C:\Users\svo\.gradle\caches\8.0\fileContent)" [_thread_blocked, id=25840, stack(0x0000007874e00000,0x0000007874f00000)]
  0x000001c0b15254d0 JavaThread "Cache worker for file hash cache (C:\BTS\ANDROID\WkRFTG\ApplicationRFTG\.gradle\8.0\fileHashes)" [_thread_blocked, id=25880, stack(0x0000007874f00000,0x0000007875000000)]
  0x000001c0b1522980 JavaThread "Cache worker for cache directory md-supplier (C:\Users\svo\.gradle\caches\8.0\md-supplier)" [_thread_blocked, id=22400, stack(0x0000007875000000,0x0000007875100000)]
  0x000001c0b15259a0 JavaThread "Cache worker for execution history cache (C:\Users\svo\.gradle\caches\8.0\executionHistory)" [_thread_blocked, id=13800, stack(0x0000007875100000,0x0000007875200000)]
  0x000001c0b1522e50 JavaThread "jar transforms" [_thread_blocked, id=24228, stack(0x0000007875200000,0x0000007875300000)]
  0x000001c0b1525000 JavaThread "jar transforms Thread 2" [_thread_blocked, id=13288, stack(0x0000007875300000,0x0000007875400000)]
  0x000001c0b15271b0 JavaThread "Cache worker for kotlin-dsl (C:\Users\svo\.gradle\caches\8.0\kotlin-dsl)" [_thread_blocked, id=20556, stack(0x0000007875500000,0x0000007875600000)]
  0x000001c0b1526340 JavaThread "jar transforms Thread 3" [_thread_blocked, id=22000, stack(0x0000007875600000,0x0000007875700000)]
  0x000001c0b1526810 JavaThread "jar transforms Thread 4" [_thread_blocked, id=1556, stack(0x0000007875700000,0x0000007875800000)]
  0x000001c0b1529830 JavaThread "Cache worker for dependencies-accessors (C:\BTS\ANDROID\WkRFTG\ApplicationRFTG\.gradle\8.0\dependencies-accessors)" [_thread_blocked, id=27920, stack(0x0000007875800000,0x0000007875900000)]
  0x000001c0b15289c0 JavaThread "Cache worker for Build Output Cleanup Cache (C:\BTS\ANDROID\WkRFTG\ApplicationRFTG\.gradle\buildOutputCleanup)" [_thread_blocked, id=816, stack(0x0000007875900000,0x0000007875a00000)]
  0x000001c0b1528020 JavaThread "jar transforms Thread 5" [_thread_blocked, id=25884, stack(0x0000007875a00000,0x0000007875b00000)]
  0x000001c0b2b28720 JavaThread "Unconstrained build operations" [_thread_blocked, id=22412, stack(0x0000007875400000,0x0000007875500000)]
  0x000001c0b2b278b0 JavaThread "Unconstrained build operations Thread 2" [_thread_blocked, id=23672, stack(0x0000007875b00000,0x0000007875c00000)]
  0x000001c0b2b27d80 JavaThread "Unconstrained build operations Thread 3" [_thread_blocked, id=14280, stack(0x0000007875c00000,0x0000007875d00000)]
  0x000001c0b2b2a400 JavaThread "Unconstrained build operations Thread 4" [_thread_blocked, id=9496, stack(0x0000007875d00000,0x0000007875e00000)]
  0x000001c0b2b2a8d0 JavaThread "Unconstrained build operations Thread 5" [_thread_blocked, id=10848, stack(0x0000007875e00000,0x0000007875f00000)]
  0x000001c0b2b290c0 JavaThread "Unconstrained build operations Thread 6" [_thread_blocked, id=25532, stack(0x0000007875f00000,0x0000007876000000)]
  0x000001c0b2b28250 JavaThread "Unconstrained build operations Thread 7" [_thread_blocked, id=22880, stack(0x0000007876000000,0x0000007876100000)]
  0x000001c0b2b29a60 JavaThread "Unconstrained build operations Thread 8" [_thread_blocked, id=24872, stack(0x0000007876100000,0x0000007876200000)]
  0x000001c0b2b26f10 JavaThread "Unconstrained build operations Thread 9" [_thread_blocked, id=22552, stack(0x0000007876200000,0x0000007876300000)]
  0x000001c0b2b2ada0 JavaThread "Unconstrained build operations Thread 10" [_thread_blocked, id=21764, stack(0x0000007876300000,0x0000007876400000)]
  0x000001c0b2b2b270 JavaThread "Unconstrained build operations Thread 11" [_thread_blocked, id=26032, stack(0x0000007876400000,0x0000007876500000)]
  0x000001c0b2b2c0e0 JavaThread "Unconstrained build operations Thread 12" [_thread_blocked, id=27132, stack(0x0000007876500000,0x0000007876600000)]
  0x000001c0b2b29590 JavaThread "Unconstrained build operations Thread 13" [_thread_blocked, id=23392, stack(0x0000007876600000,0x0000007876700000)]
  0x000001c0b2b2b740 JavaThread "Unconstrained build operations Thread 14" [_thread_blocked, id=26880, stack(0x0000007876700000,0x0000007876800000)]
  0x000001c0b2b2bc10 JavaThread "Unconstrained build operations Thread 15" [_thread_blocked, id=21392, stack(0x0000007876800000,0x0000007876900000)]
  0x000001c0b2b2c5b0 JavaThread "Unconstrained build operations Thread 16" [_thread_blocked, id=2036, stack(0x0000007876900000,0x0000007876a00000)]
  0x000001c0b2b28bf0 JavaThread "Unconstrained build operations Thread 17" [_thread_blocked, id=18988, stack(0x0000007876a00000,0x0000007876b00000)]
  0x000001c0b2b2ca80 JavaThread "Unconstrained build operations Thread 18" [_thread_blocked, id=24692, stack(0x0000007876b00000,0x0000007876c00000)]
  0x000001c0b2b2cf50 JavaThread "Unconstrained build operations Thread 19" [_thread_blocked, id=27340, stack(0x0000007876c00000,0x0000007876d00000)]
  0x000001c0b2b2ddc0 JavaThread "Unconstrained build operations Thread 20" [_thread_blocked, id=23156, stack(0x0000007876d00000,0x0000007876e00000)]
  0x000001c0b2b2e290 JavaThread "Unconstrained build operations Thread 21" [_thread_blocked, id=21452, stack(0x0000007876e00000,0x0000007876f00000)]
  0x000001c0b2b2d420 JavaThread "Unconstrained build operations Thread 22" [_thread_blocked, id=27748, stack(0x0000007876f00000,0x0000007877000000)]
  0x000001c0b2b2d8f0 JavaThread "Unconstrained build operations Thread 23" [_thread_blocked, id=13760, stack(0x0000007877000000,0x0000007877100000)]
  0x000001c0b2b2e760 JavaThread "Unconstrained build operations Thread 24" [_thread_blocked, id=17312, stack(0x0000007877100000,0x0000007877200000)]
  0x000001c0afca4130 JavaThread "Unconstrained build operations Thread 25" [_thread_blocked, id=28236, stack(0x0000007877200000,0x0000007877300000)]
  0x000001c0afca5e10 JavaThread "Unconstrained build operations Thread 26" [_thread_blocked, id=26004, stack(0x0000007877300000,0x0000007877400000)]
  0x000001c0afca7af0 JavaThread "Unconstrained build operations Thread 27" [_thread_blocked, id=7016, stack(0x0000007877400000,0x0000007877500000)]
  0x000001c0afca4600 JavaThread "Unconstrained build operations Thread 28" [_thread_blocked, id=7248, stack(0x0000007877500000,0x0000007877600000)]
  0x000001c0afca62e0 JavaThread "Unconstrained build operations Thread 29" [_thread_blocked, id=23408, stack(0x0000007877600000,0x0000007877700000)]
  0x000001c0afca7620 JavaThread "Unconstrained build operations Thread 30" [_thread_blocked, id=19304, stack(0x0000007877700000,0x0000007877800000)]
  0x000001c0afca67b0 JavaThread "Unconstrained build operations Thread 31" [_thread_blocked, id=16776, stack(0x0000007877800000,0x0000007877900000)]
  0x000001c0afca5470 JavaThread "Unconstrained build operations Thread 32" [_thread_blocked, id=23532, stack(0x0000007877900000,0x0000007877a00000)]
  0x000001c0afca4ad0 JavaThread "Unconstrained build operations Thread 33" [_thread_blocked, id=7188, stack(0x0000007877a00000,0x0000007877b00000)]
  0x000001c0afca7150 JavaThread "Unconstrained build operations Thread 34" [_thread_blocked, id=21144, stack(0x0000007877b00000,0x0000007877c00000)]
  0x000001c0afca7fc0 JavaThread "Unconstrained build operations Thread 35" [_thread_blocked, id=14612, stack(0x0000007877c00000,0x0000007877d00000)]
  0x000001c0afca8490 JavaThread "Unconstrained build operations Thread 36" [_thread_blocked, id=22872, stack(0x0000007877d00000,0x0000007877e00000)]
  0x000001c0afca8960 JavaThread "Unconstrained build operations Thread 37" [_thread_blocked, id=11460, stack(0x0000007877e00000,0x0000007877f00000)]
  0x000001c0afca6c80 JavaThread "Unconstrained build operations Thread 38" [_thread_blocked, id=11724, stack(0x0000007877f00000,0x0000007878000000)]
  0x000001c0afca4fa0 JavaThread "Unconstrained build operations Thread 39" [_thread_blocked, id=17416, stack(0x0000007878000000,0x0000007878100000)]
  0x000001c0afca8e30 JavaThread "Unconstrained build operations Thread 40" [_thread_blocked, id=9840, stack(0x0000007878100000,0x0000007878200000)]
  0x000001c0afca9300 JavaThread "Unconstrained build operations Thread 41" [_thread_blocked, id=22196, stack(0x0000007878200000,0x0000007878300000)]
  0x000001c0afca5940 JavaThread "Unconstrained build operations Thread 42" [_thread_blocked, id=25908, stack(0x0000007878300000,0x0000007878400000)]
  0x000001c0afcab980 JavaThread "Unconstrained build operations Thread 43" [_thread_blocked, id=7352, stack(0x0000007878400000,0x0000007878500000)]
  0x000001c0afca97d0 JavaThread "Unconstrained build operations Thread 44" [_thread_blocked, id=20108, stack(0x0000007878500000,0x0000007878600000)]
  0x000001c0afca9ca0 JavaThread "Unconstrained build operations Thread 45" [_thread_blocked, id=13572, stack(0x0000007878600000,0x0000007878700000)]
  0x000001c0afcaafe0 JavaThread "Unconstrained build operations Thread 46" [_thread_blocked, id=7524, stack(0x0000007878700000,0x0000007878800000)]
  0x000001c0afcaab10 JavaThread "Unconstrained build operations Thread 47" [_thread_blocked, id=27640, stack(0x0000007878800000,0x0000007878900000)]
  0x000001c0afcaa170 JavaThread "Unconstrained build operations Thread 48" [_thread_blocked, id=27852, stack(0x0000007878900000,0x0000007878a00000)]
  0x000001c0afcaa640 JavaThread "Unconstrained build operations Thread 49" [_thread_blocked, id=18356, stack(0x0000007878a00000,0x0000007878b00000)]
  0x000001c0afcab4b0 JavaThread "Unconstrained build operations Thread 50" [_thread_blocked, id=27892, stack(0x0000007878b00000,0x0000007878c00000)]
  0x000001c0af9735d0 JavaThread "Unconstrained build operations Thread 51" [_thread_blocked, id=28160, stack(0x0000007878c00000,0x0000007878d00000)]
  0x000001c0af972760 JavaThread "Unconstrained build operations Thread 52" [_thread_blocked, id=21712, stack(0x0000007878d00000,0x0000007878e00000)]
  0x000001c0af9718f0 JavaThread "Unconstrained build operations Thread 53" [_thread_blocked, id=12068, stack(0x0000007878e00000,0x0000007878f00000)]
  0x000001c0af970a80 JavaThread "Unconstrained build operations Thread 54" [_thread_blocked, id=2652, stack(0x0000007878f00000,0x0000007879000000)]
  0x000001c0af973aa0 JavaThread "Unconstrained build operations Thread 55" [_thread_blocked, id=23432, stack(0x0000007879000000,0x0000007879100000)]
  0x000001c0af973f70 JavaThread "Unconstrained build operations Thread 56" [_thread_blocked, id=27652, stack(0x0000007879100000,0x0000007879200000)]
  0x000001c0af972c30 JavaThread "Unconstrained build operations Thread 57" [_thread_blocked, id=6124, stack(0x0000007879200000,0x0000007879300000)]
  0x000001c0af971dc0 JavaThread "Unconstrained build operations Thread 58" [_thread_blocked, id=28112, stack(0x0000007879300000,0x0000007879400000)]
  0x000001c0af970f50 JavaThread "Unconstrained build operations Thread 59" [_thread_blocked, id=23336, stack(0x0000007879400000,0x0000007879500000)]
  0x000001c0af974440 JavaThread "Unconstrained build operations Thread 60" [_thread_blocked, id=24004, stack(0x0000007879500000,0x0000007879600000)]
  0x000001c0af973100 JavaThread "Unconstrained build operations Thread 61" [_thread_blocked, id=22672, stack(0x0000007879600000,0x0000007879700000)]
  0x000001c0af972290 JavaThread "Unconstrained build operations Thread 62" [_thread_blocked, id=11792, stack(0x0000007879700000,0x0000007879800000)]
  0x000001c0af974910 JavaThread "Unconstrained build operations Thread 63" [_thread_blocked, id=12936, stack(0x0000007879800000,0x0000007879900000)]
  0x000001c0af974de0 JavaThread "Unconstrained build operations Thread 64" [_thread_blocked, id=24592, stack(0x0000007879900000,0x0000007879a00000)]
  0x000001c0af971420 JavaThread "Unconstrained build operations Thread 65" [_thread_blocked, id=28572, stack(0x0000007879a00000,0x0000007879b00000)]
  0x000001c0af975780 JavaThread "Unconstrained build operations Thread 66" [_thread_blocked, id=14624, stack(0x0000007879b00000,0x0000007879c00000)]
  0x000001c0af9752b0 JavaThread "Unconstrained build operations Thread 67" [_thread_blocked, id=16164, stack(0x0000007879c00000,0x0000007879d00000)]
  0x000001c0af977930 JavaThread "Unconstrained build operations Thread 68" [_thread_blocked, id=24064, stack(0x0000007879d00000,0x0000007879e00000)]
  0x000001c0af977460 JavaThread "Unconstrained build operations Thread 69" [_thread_blocked, id=15564, stack(0x0000007879e00000,0x0000007879f00000)]
  0x000001c0af976120 JavaThread "Unconstrained build operations Thread 70" [_thread_blocked, id=18000, stack(0x0000007879f00000,0x000000787a000000)]
  0x000001c0af975c50 JavaThread "Unconstrained build operations Thread 71" [_thread_blocked, id=24528, stack(0x000000787a000000,0x000000787a100000)]
  0x000001c0af976ac0 JavaThread "Unconstrained build operations Thread 72" [_thread_blocked, id=14860, stack(0x000000787a100000,0x000000787a200000)]
  0x000001c0af976f90 JavaThread "Unconstrained build operations Thread 73" [_thread_blocked, id=16940, stack(0x000000787a200000,0x000000787a300000)]
  0x000001c0af977e00 JavaThread "Unconstrained build operations Thread 74" [_thread_blocked, id=4700, stack(0x000000787a300000,0x000000787a400000)]
  0x000001c0af9782d0 JavaThread "Unconstrained build operations Thread 75" [_thread_blocked, id=25024, stack(0x000000787a400000,0x000000787a500000)]
  0x000001c0af9765f0 JavaThread "Unconstrained build operations Thread 76" [_thread_blocked, id=26436, stack(0x000000787a500000,0x000000787a600000)]
  0x000001c0b14cd990 JavaThread "Unconstrained build operations Thread 77" [_thread_blocked, id=26396, stack(0x000000787a600000,0x000000787a700000)]
  0x000001c0b14ca4a0 JavaThread "Unconstrained build operations Thread 78" [_thread_blocked, id=2072, stack(0x000000787a700000,0x000000787a800000)]
  0x000001c0b14cae40 JavaThread "Unconstrained build operations Thread 79" [_thread_blocked, id=24252, stack(0x000000787a800000,0x000000787a900000)]
  0x000001c0b14cd4c0 JavaThread "Unconstrained build operations Thread 80" [_thread_blocked, id=896, stack(0x000000787a900000,0x000000787aa00000)]
  0x000001c0b14ca970 JavaThread "Unconstrained build operations Thread 81" [_thread_blocked, id=24256, stack(0x000000787aa00000,0x000000787ab00000)]
  0x000001c0b14cbcb0 JavaThread "Unconstrained build operations Thread 82" [_thread_blocked, id=13148, stack(0x000000787ab00000,0x000000787ac00000)]
  0x000001c0b14cc180 JavaThread "Unconstrained build operations Thread 83" [_thread_blocked, id=23364, stack(0x000000787ac00000,0x000000787ad00000)]
  0x000001c0b14cb7e0 JavaThread "Unconstrained build operations Thread 84" [_thread_blocked, id=24588, stack(0x000000787ad00000,0x000000787ae00000)]
  0x000001c0b14c9fd0 JavaThread "Unconstrained build operations Thread 85" [_thread_blocked, id=10096, stack(0x000000787ae00000,0x000000787af00000)]
  0x000001c0b14cc650 JavaThread "Unconstrained build operations Thread 86" [_thread_blocked, id=27976, stack(0x000000787af00000,0x000000787b000000)]
  0x000001c0b14cde60 JavaThread "Unconstrained build operations Thread 87" [_thread_blocked, id=22476, stack(0x000000787b000000,0x000000787b100000)]
  0x000001c0b14ccb20 JavaThread "Unconstrained build operations Thread 88" [_thread_blocked, id=28532, stack(0x000000787b100000,0x000000787b200000)]
  0x000001c0b14ce330 JavaThread "Unconstrained build operations Thread 89" [_thread_blocked, id=28260, stack(0x000000787b200000,0x000000787b300000)]
  0x000001c0b14ce800 JavaThread "Unconstrained build operations Thread 90" [_thread_blocked, id=4488, stack(0x000000787b300000,0x000000787b400000)]
  0x000001c0b14ccff0 JavaThread "Unconstrained build operations Thread 91" [_thread_blocked, id=8972, stack(0x000000787b400000,0x000000787b500000)]
  0x000001c0b14cecd0 JavaThread "Unconstrained build operations Thread 92" [_thread_blocked, id=13428, stack(0x000000787b500000,0x000000787b600000)]
  0x000001c0b14cb310 JavaThread "Unconstrained build operations Thread 93" [_thread_blocked, id=16368, stack(0x000000787b600000,0x000000787b700000)]
  0x000001c0b14d04e0 JavaThread "Unconstrained build operations Thread 94" [_thread_blocked, id=28480, stack(0x000000787b700000,0x000000787b800000)]
  0x000001c0b14cf1a0 JavaThread "Unconstrained build operations Thread 95" [_thread_blocked, id=21476, stack(0x000000787b800000,0x000000787b900000)]
  0x000001c0b14cf670 JavaThread "Unconstrained build operations Thread 96" [_thread_blocked, id=25548, stack(0x000000787b900000,0x000000787ba00000)]
  0x000001c0b14cfb40 JavaThread "Unconstrained build operations Thread 97" [_thread_blocked, id=5604, stack(0x000000787ba00000,0x000000787bb00000)]
  0x000001c0b14d1820 JavaThread "Unconstrained build operations Thread 98" [_thread_blocked, id=13860, stack(0x000000787bb00000,0x000000787bc00000)]
  0x000001c0b14d09b0 JavaThread "Unconstrained build operations Thread 99" [_thread_blocked, id=9288, stack(0x000000787bc00000,0x000000787bd00000)]
  0x000001c0b14d0010 JavaThread "Unconstrained build operations Thread 100" [_thread_blocked, id=4680, stack(0x000000787bd00000,0x000000787be00000)]
  0x000001c0b14d0e80 JavaThread "Unconstrained build operations Thread 101" [_thread_blocked, id=25284, stack(0x000000787be00000,0x000000787bf00000)]
  0x000001c0b14d1350 JavaThread "Unconstrained build operations Thread 102" [_thread_blocked, id=20752, stack(0x000000787bf00000,0x000000787c000000)]
  0x000001c0afa38e60 JavaThread "Unconstrained build operations Thread 103" [_thread_blocked, id=22336, stack(0x000000787c000000,0x000000787c100000)]
  0x000001c0afa39cd0 JavaThread "Unconstrained build operations Thread 104" [_thread_blocked, id=25892, stack(0x000000787c100000,0x000000787c200000)]
  0x000001c0afa39330 JavaThread "Unconstrained build operations Thread 105" [_thread_blocked, id=22488, stack(0x000000787c200000,0x000000787c300000)]
  0x000001c0afa3a670 JavaThread "Unconstrained build operations Thread 106" [_thread_blocked, id=22436, stack(0x000000787c300000,0x000000787c400000)]
  0x000001c0afa3be80 JavaThread "Unconstrained build operations Thread 107" [_thread_blocked, id=17360, stack(0x000000787c400000,0x000000787c500000)]
  0x000001c0afa3a1a0 JavaThread "Unconstrained build operations Thread 108" [_thread_blocked, id=18148, stack(0x000000787c500000,0x000000787c600000)]
  0x000001c0afa3b010 JavaThread "Unconstrained build operations Thread 109" [_thread_blocked, id=24868, stack(0x000000787c600000,0x000000787c700000)]
  0x000001c0afa3d1c0 JavaThread "Unconstrained build operations Thread 110" [_thread_blocked, id=22312, stack(0x000000787c700000,0x000000787c800000)]
  0x000001c0afa3ccf0 JavaThread "Unconstrained build operations Thread 111" [_thread_blocked, id=26988, stack(0x000000787c800000,0x000000787c900000)]
  0x000001c0afa3ab40 JavaThread "Unconstrained build operations Thread 112" [_thread_blocked, id=22784, stack(0x000000787c900000,0x000000787ca00000)]
  0x000001c0afa3c350 JavaThread "Unconstrained build operations Thread 113" [_thread_blocked, id=26404, stack(0x000000787ca00000,0x000000787cb00000)]
  0x000001c0afa3b4e0 JavaThread "Unconstrained build operations Thread 114" [_thread_blocked, id=12488, stack(0x000000787cb00000,0x000000787cc00000)]
  0x000001c0afa3c820 JavaThread "Unconstrained build operations Thread 115" [_thread_blocked, id=23304, stack(0x000000787cc00000,0x000000787cd00000)]
  0x000001c0afa3b9b0 JavaThread "Unconstrained build operations Thread 116" [_thread_blocked, id=27760, stack(0x000000787cd00000,0x000000787ce00000)]
  0x000001c0afa39800 JavaThread "Unconstrained build operations Thread 117" [_thread_blocked, id=25932, stack(0x000000787ce00000,0x000000787cf00000)]
  0x000001c0afa3e500 JavaThread "Unconstrained build operations Thread 118" [_thread_blocked, id=9472, stack(0x000000787cf00000,0x000000787d000000)]
  0x000001c0afa3f840 JavaThread "Unconstrained build operations Thread 119" [_thread_blocked, id=15876, stack(0x000000787d000000,0x000000787d100000)]
  0x000001c0afa3fd10 JavaThread "Unconstrained build operations Thread 120" [_thread_blocked, id=8548, stack(0x000000787d100000,0x000000787d200000)]
  0x000001c0afa401e0 JavaThread "jar transforms Thread 6" [_thread_blocked, id=27524, stack(0x000000787d200000,0x000000787d300000)]
  0x000001c0afa3e9d0 JavaThread "jar transforms Thread 7" [_thread_blocked, id=11016, stack(0x000000787d300000,0x000000787d400000)]
  0x000001c0afa406b0 JavaThread "jar transforms Thread 8" [_thread_blocked, id=21212, stack(0x000000787d400000,0x000000787d500000)]
  0x000001c0afa3d690 JavaThread "jar transforms Thread 9" [_thread_blocked, id=19428, stack(0x000000787d500000,0x000000787d600000)]
  0x000001c0afa3eea0 JavaThread "jar transforms Thread 10" [_thread_blocked, id=18340, stack(0x000000787d600000,0x000000787d700000)]
  0x000001c0afa3db60 JavaThread "jar transforms Thread 11" [_thread_blocked, id=18940, stack(0x000000787d700000,0x000000787d800000)]
  0x000001c0afa3e030 JavaThread "jar transforms Thread 12" [_thread_blocked, id=4632, stack(0x000000787d800000,0x000000787d900000)]
  0x000001c0ae4affc0 JavaThread "build event listener" [_thread_blocked, id=12032, stack(0x0000007873100000,0x0000007873200000)]
  0x000001c0b11578f0 JavaThread "C2 CompilerThread1" daemon [_thread_blocked, id=25156, stack(0x000000787d900000,0x000000787da00000)]
  0x000001c0ae4ad470 JavaThread "Memory manager" [_thread_blocked, id=12496, stack(0x000000787da00000,0x000000787db00000)]
  0x000001c0b1156ed0 JavaThread "C2 CompilerThread2" daemon [_thread_blocked, id=7272, stack(0x000000787db00000,0x000000787dc00000)]
  0x000001c0b5fd2d40 JavaThread "included builds" [_thread_blocked, id=5628, stack(0x000000787de00000,0x000000787df00000)]
  0x000001c0b5fd3210 JavaThread "Execution worker" [_thread_blocked, id=16544, stack(0x000000787df00000,0x000000787e000000)]
  0x000001c0b5fd2870 JavaThread "Execution worker Thread 2" [_thread_blocked, id=17756, stack(0x000000787e000000,0x000000787e100000)]
  0x000001c0b5fd4ef0 JavaThread "Execution worker Thread 3" [_thread_blocked, id=9956, stack(0x000000787e100000,0x000000787e200000)]
  0x000001c0b5fd36e0 JavaThread "Execution worker Thread 4" [_thread_blocked, id=10892, stack(0x000000787e200000,0x000000787e300000)]
  0x000001c0b5fd3bb0 JavaThread "Execution worker Thread 5" [_thread_blocked, id=9396, stack(0x000000787e300000,0x000000787e400000)]
  0x000001c0b5fd4080 JavaThread "Execution worker Thread 6" [_thread_blocked, id=16380, stack(0x000000787e400000,0x000000787e500000)]
  0x000001c0b5fd1530 JavaThread "Execution worker Thread 7" [_thread_blocked, id=23440, stack(0x000000787e500000,0x000000787e600000)]
  0x000001c0b5fd4550 JavaThread "Execution worker Thread 8" [_thread_blocked, id=25356, stack(0x000000787e600000,0x000000787e700000)]
  0x000001c0b5fd4a20 JavaThread "Execution worker Thread 9" [_thread_blocked, id=21900, stack(0x000000787e700000,0x000000787e800000)]
  0x000001c0b5fd53c0 JavaThread "Execution worker Thread 10" [_thread_blocked, id=26688, stack(0x000000787e800000,0x000000787e900000)]
  0x000001c0b5fd23a0 JavaThread "Execution worker Thread 11" [_thread_blocked, id=2840, stack(0x000000787e900000,0x000000787ea00000)]
  0x000001c0b5fd1a00 JavaThread "Cache worker for execution history cache (C:\BTS\ANDROID\WkRFTG\ApplicationRFTG\.gradle\8.0\executionHistory)" [_thread_blocked, id=28032, stack(0x000000787ea00000,0x000000787eb00000)]

Other Threads:
=>0x000001c0abeaf430 VMThread "VM Thread" [stack: 0x0000007872400000,0x0000007872500000] [id=4384]
  0x000001c0915dee80 WatcherThread [stack: 0x0000007873000000,0x0000007873100000] [id=11388]
  0x000001c0915c1920 GCTaskThread "GC Thread#0" [stack: 0x0000007871f00000,0x0000007872000000] [id=3148]
  0x000001c0adb9e930 GCTaskThread "GC Thread#1" [stack: 0x0000007873200000,0x0000007873300000] [id=28364]
  0x000001c0ada9a410 GCTaskThread "GC Thread#2" [stack: 0x0000007873300000,0x0000007873400000] [id=16728]
  0x000001c0ada9a6c0 GCTaskThread "GC Thread#3" [stack: 0x0000007873400000,0x0000007873500000] [id=21008]
  0x000001c0adaa4b10 GCTaskThread "GC Thread#4" [stack: 0x0000007873500000,0x0000007873600000] [id=11252]
  0x000001c0adabf5d0 GCTaskThread "GC Thread#5" [stack: 0x0000007873600000,0x0000007873700000] [id=25996]
  0x000001c0ae1ec0f0 GCTaskThread "GC Thread#6" [stack: 0x0000007874100000,0x0000007874200000] [id=18508]
  0x000001c0af087ec0 GCTaskThread "GC Thread#7" [stack: 0x0000007874200000,0x0000007874300000] [id=7924]
  0x000001c0ae15aaf0 GCTaskThread "GC Thread#8" [stack: 0x0000007874300000,0x0000007874400000] [id=4436]
  0x000001c0af9db4d0 GCTaskThread "GC Thread#9" [stack: 0x0000007874400000,0x0000007874500000] [id=23248]
  0x000001c0915d2770 ConcurrentGCThread "G1 Main Marker" [stack: 0x0000007872000000,0x0000007872100000] [id=20620]
  0x000001c0915d3090 ConcurrentGCThread "G1 Conc#0" [stack: 0x0000007872100000,0x0000007872200000] [id=24796]
  0x000001c0afae0cb0 ConcurrentGCThread "G1 Conc#1" [stack: 0x0000007874500000,0x0000007874600000] [id=12164]
  0x000001c0afae04a0 ConcurrentGCThread "G1 Conc#2" [stack: 0x0000007874600000,0x0000007874700000] [id=25088]
  0x000001c09161d850 ConcurrentGCThread "G1 Refine#0" [stack: 0x0000007872200000,0x0000007872300000] [id=18072]
  0x000001c0b52adf20 ConcurrentGCThread "G1 Refine#1" [stack: 0x000000787dc00000,0x000000787dd00000] [id=17028]
  0x000001c0b52ae200 ConcurrentGCThread "G1 Refine#2" [stack: 0x000000787dd00000,0x000000787de00000] [id=21272]
  0x000001c09161e020 ConcurrentGCThread "G1 Service" [stack: 0x0000007872300000,0x0000007872400000] [id=4548]

Threads with active compile tasks:
C2 CompilerThread0    12401 11144   !   4       java.util.concurrent.ConcurrentHashMap::computeIfAbsent (576 bytes)
C2 CompilerThread1    12401 11015       4       org.gradle.internal.instantiation.generator.AbstractClassGenerator::inspectType (560 bytes)
C2 CompilerThread2    12401 10967       4       org.gradle.internal.snapshot.impl.AbstractValueProcessor::processValue (775 bytes)

VM state: at safepoint (normal execution)

VM Mutex/Monitor currently owned by a thread:  ([mutex/lock_event])
[0x000001c09155f890] Threads_lock - owner thread: 0x000001c0abeaf430
[0x000001c09155f920] Heap_lock - owner thread: 0x000001c0ada9fb50

Heap address: 0x0000000080000000, size: 2048 MB, Compressed Oops mode: 32-bit

CDS archive(s) not mapped
Compressed class space mapped at: 0x0000000100000000-0x0000000140000000, reserved size: 1073741824
Narrow klass base: 0x0000000000000000, Narrow klass shift: 3, Narrow klass range: 0x140000000

GC Precious Log:
 CPUs: 12 total, 12 available
 Memory: 16016M
 Large Page Support: Disabled
 NUMA Support: Disabled
 Compressed Oops: Enabled (32-bit)
 Heap Region Size: 1M
 Heap Min Capacity: 8M
 Heap Initial Capacity: 252M
 Heap Max Capacity: 2G
 Pre-touch: Disabled
 Parallel Workers: 10
 Concurrent Workers: 3
 Concurrent Refinement Workers: 10
 Periodic GC: Disabled

Heap:
 garbage-first heap   total 150528K, used 83368K [0x0000000080000000, 0x0000000100000000)
  region size 1024K, 1 young (1024K), 1 survivors (1024K)
 Metaspace       used 91246K, committed 91968K, reserved 1130496K
  class space    used 12508K, committed 12864K, reserved 1048576K

Heap Regions: E=young(eden), S=young(survivor), O=old, HS=humongous(starts), HC=humongous(continues), CS=collection set, F=free, OA=open archive, CA=closed archive, TAMS=top-at-mark-start (previous, next)
|   0|0x0000000080000000, 0x0000000080100000, 0x0000000080100000|100%|HS|  |TAMS 0x0000000080100000, 0x0000000080000000| Complete 
|   1|0x0000000080100000, 0x0000000080200000, 0x0000000080200000|100%|HC|  |TAMS 0x0000000080200000, 0x0000000080100000| Complete 
|   2|0x0000000080200000, 0x0000000080300000, 0x0000000080300000|100%|HC|  |TAMS 0x0000000080300000, 0x0000000080200000| Complete 
|   3|0x0000000080300000, 0x0000000080400000, 0x0000000080400000|100%|HC|  |TAMS 0x0000000080400000, 0x0000000080300000| Complete 
|   4|0x0000000080400000, 0x0000000080500000, 0x0000000080500000|100%| O|  |TAMS 0x0000000080500000, 0x0000000080400000| Untracked 
|   5|0x0000000080500000, 0x0000000080600000, 0x0000000080600000|100%| O|  |TAMS 0x0000000080600000, 0x0000000080500000| Untracked 
|   6|0x0000000080600000, 0x0000000080700000, 0x0000000080700000|100%| O|  |TAMS 0x0000000080700000, 0x0000000080600000| Untracked 
|   7|0x0000000080700000, 0x0000000080800000, 0x0000000080800000|100%| O|  |TAMS 0x0000000080800000, 0x0000000080700000| Untracked 
|   8|0x0000000080800000, 0x0000000080900000, 0x0000000080900000|100%| O|  |TAMS 0x0000000080900000, 0x0000000080800000| Untracked 
|   9|0x0000000080900000, 0x0000000080a00000, 0x0000000080a00000|100%| O|  |TAMS 0x0000000080a00000, 0x0000000080900000| Untracked 
|  10|0x0000000080a00000, 0x0000000080b00000, 0x0000000080b00000|100%| O|  |TAMS 0x0000000080b00000, 0x0000000080a00000| Untracked 
|  11|0x0000000080b00000, 0x0000000080c00000, 0x0000000080c00000|100%| O|  |TAMS 0x0000000080c00000, 0x0000000080b00000| Untracked 
|  12|0x0000000080c00000, 0x0000000080d00000, 0x0000000080d00000|100%| O|  |TAMS 0x0000000080d00000, 0x0000000080c00000| Untracked 
|  13|0x0000000080d00000, 0x0000000080e00000, 0x0000000080e00000|100%| O|  |TAMS 0x0000000080e00000, 0x0000000080d00000| Untracked 
|  14|0x0000000080e00000, 0x0000000080f00000, 0x0000000080f00000|100%| O|  |TAMS 0x0000000080f00000, 0x0000000080e00000| Untracked 
|  15|0x0000000080f00000, 0x0000000081000000, 0x0000000081000000|100%| O|  |TAMS 0x0000000081000000, 0x0000000080f00000| Untracked 
|  16|0x0000000081000000, 0x0000000081100000, 0x0000000081100000|100%| O|  |TAMS 0x0000000081100000, 0x0000000081000000| Untracked 
|  17|0x0000000081100000, 0x0000000081200000, 0x0000000081200000|100%| O|  |TAMS 0x0000000081200000, 0x0000000081100000| Untracked 
|  18|0x0000000081200000, 0x0000000081300000, 0x0000000081300000|100%| O|  |TAMS 0x0000000081300000, 0x0000000081200000| Untracked 
|  19|0x0000000081300000, 0x0000000081400000, 0x0000000081400000|100%| O|  |TAMS 0x0000000081400000, 0x0000000081300000| Untracked 
|  20|0x0000000081400000, 0x0000000081500000, 0x0000000081500000|100%| O|  |TAMS 0x0000000081500000, 0x0000000081400000| Untracked 
|  21|0x0000000081500000, 0x0000000081600000, 0x0000000081600000|100%| O|  |TAMS 0x0000000081600000, 0x0000000081500000| Untracked 
|  22|0x0000000081600000, 0x0000000081700000, 0x0000000081700000|100%| O|  |TAMS 0x0000000081700000, 0x0000000081600000| Untracked 
|  23|0x0000000081700000, 0x0000000081800000, 0x0000000081800000|100%| O|  |TAMS 0x0000000081800000, 0x0000000081700000| Untracked 
|  24|0x0000000081800000, 0x0000000081900000, 0x0000000081900000|100%| O|  |TAMS 0x0000000081900000, 0x0000000081800000| Untracked 
|  25|0x0000000081900000, 0x0000000081a00000, 0x0000000081a00000|100%| O|  |TAMS 0x0000000081a00000, 0x0000000081900000| Untracked 
|  26|0x0000000081a00000, 0x0000000081b00000, 0x0000000081b00000|100%| O|  |TAMS 0x0000000081a00000, 0x0000000081a00000| Untracked 
|  27|0x0000000081b00000, 0x0000000081c00000, 0x0000000081c00000|100%| O|  |TAMS 0x0000000081c00000, 0x0000000081b00000| Untracked 
|  28|0x0000000081c00000, 0x0000000081d00000, 0x0000000081d00000|100%| O|  |TAMS 0x0000000081d00000, 0x0000000081c00000| Untracked 
|  29|0x0000000081d00000, 0x0000000081e00000, 0x0000000081e00000|100%| O|  |TAMS 0x0000000081e00000, 0x0000000081d00000| Untracked 
|  30|0x0000000081e00000, 0x0000000081f00000, 0x0000000081f00000|100%| O|  |TAMS 0x0000000081f00000, 0x0000000081e00000| Untracked 
|  31|0x0000000081f00000, 0x0000000082000000, 0x0000000082000000|100%|HS|  |TAMS 0x0000000082000000, 0x0000000081f00000| Complete 
|  32|0x0000000082000000, 0x0000000082100000, 0x0000000082100000|100%|HS|  |TAMS 0x0000000082100000, 0x0000000082000000| Complete 
|  33|0x0000000082100000, 0x0000000082200000, 0x0000000082200000|100%|HS|  |TAMS 0x0000000082200000, 0x0000000082100000| Complete 
|  34|0x0000000082200000, 0x0000000082300000, 0x0000000082300000|100%| O|  |TAMS 0x0000000082300000, 0x0000000082200000| Untracked 
|  35|0x0000000082300000, 0x0000000082400000, 0x0000000082400000|100%| O|  |TAMS 0x0000000082400000, 0x0000000082300000| Untracked 
|  36|0x0000000082400000, 0x0000000082500000, 0x0000000082500000|100%| O|  |TAMS 0x0000000082500000, 0x0000000082400000| Untracked 
|  37|0x0000000082500000, 0x0000000082600000, 0x0000000082600000|100%| O|  |TAMS 0x0000000082600000, 0x0000000082500000| Untracked 
|  38|0x0000000082600000, 0x0000000082700000, 0x0000000082700000|100%| O|  |TAMS 0x0000000082700000, 0x0000000082600000| Untracked 
|  39|0x0000000082700000, 0x0000000082800000, 0x0000000082800000|100%| O|  |TAMS 0x0000000082800000, 0x0000000082700000| Untracked 
|  40|0x0000000082800000, 0x0000000082900000, 0x0000000082900000|100%| O|  |TAMS 0x0000000082900000, 0x0000000082800000| Untracked 
|  41|0x0000000082900000, 0x0000000082a00000, 0x0000000082a00000|100%| O|  |TAMS 0x0000000082a00000, 0x0000000082900000| Untracked 
|  42|0x0000000082a00000, 0x0000000082b00000, 0x0000000082b00000|100%| O|  |TAMS 0x0000000082b00000, 0x0000000082a00000| Untracked 
|  43|0x0000000082b00000, 0x0000000082c00000, 0x0000000082c00000|100%| O|  |TAMS 0x0000000082c00000, 0x0000000082b00000| Untracked 
|  44|0x0000000082c00000, 0x0000000082d00000, 0x0000000082d00000|100%| O|  |TAMS 0x0000000082d00000, 0x0000000082c00000| Untracked 
|  45|0x0000000082d00000, 0x0000000082e00000, 0x0000000082e00000|100%| O|  |TAMS 0x0000000082e00000, 0x0000000082d00000| Untracked 
|  46|0x0000000082e00000, 0x0000000082f00000, 0x0000000082f00000|100%| O|  |TAMS 0x0000000082f00000, 0x0000000082e00000| Untracked 
|  47|0x0000000082f00000, 0x0000000083000000, 0x0000000083000000|100%| O|  |TAMS 0x0000000083000000, 0x0000000082f00000| Untracked 
|  48|0x0000000083000000, 0x0000000083100000, 0x0000000083100000|100%| O|  |TAMS 0x0000000083100000, 0x0000000083000000| Untracked 
|  49|0x0000000083100000, 0x0000000083200000, 0x0000000083200000|100%| O|  |TAMS 0x0000000083200000, 0x0000000083100000| Untracked 
|  50|0x0000000083200000, 0x0000000083300000, 0x0000000083300000|100%| O|  |TAMS 0x0000000083300000, 0x0000000083200000| Untracked 
|  51|0x0000000083300000, 0x0000000083400000, 0x0000000083400000|100%| O|  |TAMS 0x0000000083400000, 0x0000000083300000| Untracked 
|  52|0x0000000083400000, 0x0000000083500000, 0x0000000083500000|100%| O|  |TAMS 0x0000000083500000, 0x0000000083400000| Untracked 
|  53|0x0000000083500000, 0x0000000083600000, 0x0000000083600000|100%| O|  |TAMS 0x0000000083600000, 0x0000000083500000| Untracked 
|  54|0x0000000083600000, 0x0000000083700000, 0x0000000083700000|100%| O|  |TAMS 0x0000000083700000, 0x0000000083600000| Untracked 
|  55|0x0000000083700000, 0x0000000083800000, 0x0000000083800000|100%| O|  |TAMS 0x0000000083800000, 0x0000000083700000| Untracked 
|  56|0x0000000083800000, 0x0000000083900000, 0x0000000083900000|100%| O|  |TAMS 0x0000000083900000, 0x0000000083800000| Untracked 
|  57|0x0000000083900000, 0x0000000083a00000, 0x0000000083a00000|100%| O|  |TAMS 0x0000000083a00000, 0x0000000083900000| Untracked 
|  58|0x0000000083a00000, 0x0000000083b00000, 0x0000000083b00000|100%| O|  |TAMS 0x0000000083b00000, 0x0000000083a00000| Untracked 
|  59|0x0000000083b00000, 0x0000000083c00000, 0x0000000083c00000|100%| O|  |TAMS 0x0000000083c00000, 0x0000000083b00000| Untracked 
|  60|0x0000000083c00000, 0x0000000083d00000, 0x0000000083d00000|100%| O|  |TAMS 0x0000000083d00000, 0x0000000083c00000| Untracked 
|  61|0x0000000083d00000, 0x0000000083e00000, 0x0000000083e00000|100%| O|  |TAMS 0x0000000083e00000, 0x0000000083d00000| Untracked 
|  62|0x0000000083e00000, 0x0000000083f00000, 0x0000000083f00000|100%| O|  |TAMS 0x0000000083f00000, 0x0000000083e00000| Untracked 
|  63|0x0000000083f00000, 0x0000000084000000, 0x0000000084000000|100%| O|  |TAMS 0x0000000084000000, 0x0000000083f00000| Untracked 
|  64|0x0000000084000000, 0x0000000084100000, 0x0000000084100000|100%| O|  |TAMS 0x0000000084100000, 0x0000000084000000| Untracked 
|  65|0x0000000084100000, 0x0000000084200000, 0x0000000084200000|100%| O|  |TAMS 0x0000000084200000, 0x0000000084100000| Untracked 
|  66|0x0000000084200000, 0x0000000084300000, 0x0000000084300000|100%| O|  |TAMS 0x0000000084300000, 0x0000000084200000| Untracked 
|  67|0x0000000084300000, 0x0000000084400000, 0x0000000084400000|100%| O|  |TAMS 0x0000000084400000, 0x0000000084300000| Untracked 
|  68|0x0000000084400000, 0x0000000084500000, 0x0000000084500000|100%| O|  |TAMS 0x0000000084500000, 0x0000000084400000| Untracked 
|  69|0x0000000084500000, 0x0000000084600000, 0x0000000084600000|100%| O|  |TAMS 0x0000000084600000, 0x0000000084500000| Untracked 
|  70|0x0000000084600000, 0x0000000084700000, 0x0000000084700000|100%| O|  |TAMS 0x0000000084700000, 0x0000000084600000| Untracked 
|  71|0x0000000084700000, 0x0000000084800000, 0x0000000084800000|100%| O|  |TAMS 0x0000000084800000, 0x0000000084700000| Untracked 
|  72|0x0000000084800000, 0x0000000084900000, 0x0000000084900000|100%| O|  |TAMS 0x0000000084900000, 0x0000000084800000| Untracked 
|  73|0x0000000084900000, 0x0000000084a00000, 0x0000000084a00000|100%| O|  |TAMS 0x0000000084a00000, 0x0000000084900000| Untracked 
|  74|0x0000000084a00000, 0x0000000084b00000, 0x0000000084b00000|100%| O|  |TAMS 0x0000000084b00000, 0x0000000084a00000| Untracked 
|  75|0x0000000084b00000, 0x0000000084b00000, 0x0000000084c00000|  0%| F|  |TAMS 0x0000000084b00000, 0x0000000084b00000| Untracked 
|  76|0x0000000084c00000, 0x0000000084d00000, 0x0000000084d00000|100%| O|  |TAMS 0x0000000084c2b000, 0x0000000084c00000| Untracked 
|  77|0x0000000084d00000, 0x0000000084e00000, 0x0000000084e00000|100%| O|  |TAMS 0x0000000084d00000, 0x0000000084d00000| Untracked 
|  78|0x0000000084e00000, 0x0000000084f00000, 0x0000000084f00000|100%| O|  |TAMS 0x0000000084e00000, 0x0000000084e00000| Untracked 
|  79|0x0000000084f00000, 0x0000000085000000, 0x0000000085000000|100%| O|  |TAMS 0x0000000084f00000, 0x0000000084f00000| Untracked 
|  80|0x0000000085000000, 0x0000000085100000, 0x0000000085100000|100%| O|  |TAMS 0x0000000085000000, 0x0000000085000000| Untracked 
|  81|0x0000000085100000, 0x00000000851c7000, 0x0000000085200000| 77%| O|  |TAMS 0x0000000085100000, 0x0000000085100000| Untracked 
|  82|0x0000000085200000, 0x0000000085200000, 0x0000000085300000|  0%| F|  |TAMS 0x0000000085200000, 0x0000000085200000| Untracked 
|  83|0x0000000085300000, 0x0000000085300000, 0x0000000085400000|  0%| F|  |TAMS 0x0000000085300000, 0x0000000085300000| Untracked 
|  84|0x0000000085400000, 0x0000000085400000, 0x0000000085500000|  0%| F|  |TAMS 0x0000000085400000, 0x0000000085400000| Untracked 
|  85|0x0000000085500000, 0x0000000085500000, 0x0000000085600000|  0%| F|  |TAMS 0x0000000085500000, 0x0000000085500000| Untracked 
|  86|0x0000000085600000, 0x0000000085600000, 0x0000000085700000|  0%| F|  |TAMS 0x0000000085600000, 0x0000000085600000| Untracked 
|  87|0x0000000085700000, 0x0000000085700000, 0x0000000085800000|  0%| F|  |TAMS 0x0000000085700000, 0x0000000085700000| Untracked 
|  88|0x0000000085800000, 0x0000000085800000, 0x0000000085900000|  0%| F|  |TAMS 0x0000000085800000, 0x0000000085800000| Untracked 
|  89|0x0000000085900000, 0x0000000085900000, 0x0000000085a00000|  0%| F|  |TAMS 0x0000000085900000, 0x0000000085900000| Untracked 
|  90|0x0000000085a00000, 0x0000000085a00000, 0x0000000085b00000|  0%| F|  |TAMS 0x0000000085a00000, 0x0000000085a00000| Untracked 
|  91|0x0000000085b00000, 0x0000000085b00000, 0x0000000085c00000|  0%| F|  |TAMS 0x0000000085b00000, 0x0000000085b00000| Untracked 
|  92|0x0000000085c00000, 0x0000000085c00000, 0x0000000085d00000|  0%| F|  |TAMS 0x0000000085c00000, 0x0000000085c00000| Untracked 
|  93|0x0000000085d00000, 0x0000000085d00000, 0x0000000085e00000|  0%| F|  |TAMS 0x0000000085d00000, 0x0000000085d00000| Untracked 
|  94|0x0000000085e00000, 0x0000000085e00000, 0x0000000085f00000|  0%| F|  |TAMS 0x0000000085e00000, 0x0000000085e00000| Untracked 
|  95|0x0000000085f00000, 0x0000000085f00000, 0x0000000086000000|  0%| F|  |TAMS 0x0000000085f00000, 0x0000000085f00000| Untracked 
|  96|0x0000000086000000, 0x0000000086000000, 0x0000000086100000|  0%| F|  |TAMS 0x0000000086000000, 0x0000000086000000| Untracked 
|  97|0x0000000086100000, 0x0000000086100000, 0x0000000086200000|  0%| F|  |TAMS 0x0000000086100000, 0x0000000086100000| Untracked 
|  98|0x0000000086200000, 0x0000000086200000, 0x0000000086300000|  0%| F|  |TAMS 0x0000000086200000, 0x0000000086200000| Untracked 
|  99|0x0000000086300000, 0x0000000086300000, 0x0000000086400000|  0%| F|  |TAMS 0x0000000086300000, 0x0000000086300000| Untracked 
| 100|0x0000000086400000, 0x0000000086400000, 0x0000000086500000|  0%| F|  |TAMS 0x0000000086400000, 0x0000000086400000| Untracked 
| 101|0x0000000086500000, 0x0000000086500000, 0x0000000086600000|  0%| F|  |TAMS 0x0000000086500000, 0x0000000086500000| Untracked 
| 102|0x0000000086600000, 0x0000000086600000, 0x0000000086700000|  0%| F|  |TAMS 0x0000000086600000, 0x0000000086600000| Untracked 
| 103|0x0000000086700000, 0x0000000086700000, 0x0000000086800000|  0%| F|  |TAMS 0x0000000086700000, 0x0000000086700000| Untracked 
| 104|0x0000000086800000, 0x0000000086800000, 0x0000000086900000|  0%| F|  |TAMS 0x0000000086800000, 0x0000000086800000| Untracked 
| 105|0x0000000086900000, 0x0000000086900000, 0x0000000086a00000|  0%| F|  |TAMS 0x0000000086900000, 0x0000000086900000| Untracked 
| 106|0x0000000086a00000, 0x0000000086a00000, 0x0000000086b00000|  0%| F|  |TAMS 0x0000000086a00000, 0x0000000086a00000| Untracked 
| 107|0x0000000086b00000, 0x0000000086b00000, 0x0000000086c00000|  0%| F|  |TAMS 0x0000000086b00000, 0x0000000086b00000| Untracked 
| 108|0x0000000086c00000, 0x0000000086c00000, 0x0000000086d00000|  0%| F|  |TAMS 0x0000000086c00000, 0x0000000086c00000| Untracked 
| 109|0x0000000086d00000, 0x0000000086d00000, 0x0000000086e00000|  0%| F|  |TAMS 0x0000000086d00000, 0x0000000086d00000| Untracked 
| 110|0x0000000086e00000, 0x0000000086e00000, 0x0000000086f00000|  0%| F|  |TAMS 0x0000000086e00000, 0x0000000086e00000| Untracked 
| 111|0x0000000086f00000, 0x0000000086f00000, 0x0000000087000000|  0%| F|  |TAMS 0x0000000086f00000, 0x0000000086f00000| Untracked 
| 112|0x0000000087000000, 0x0000000087000000, 0x0000000087100000|  0%| F|  |TAMS 0x0000000087000000, 0x0000000087000000| Untracked 
| 113|0x0000000087100000, 0x0000000087100000, 0x0000000087200000|  0%| F|  |TAMS 0x0000000087100000, 0x0000000087100000| Untracked 
| 114|0x0000000087200000, 0x0000000087200000, 0x0000000087300000|  0%| F|  |TAMS 0x0000000087200000, 0x0000000087200000| Untracked 
| 115|0x0000000087300000, 0x0000000087300000, 0x0000000087400000|  0%| F|  |TAMS 0x0000000087300000, 0x0000000087300000| Untracked 
| 116|0x0000000087400000, 0x0000000087400000, 0x0000000087500000|  0%| F|  |TAMS 0x0000000087400000, 0x0000000087400000| Untracked 
| 117|0x0000000087500000, 0x0000000087500000, 0x0000000087600000|  0%| F|  |TAMS 0x0000000087500000, 0x0000000087500000| Untracked 
| 118|0x0000000087600000, 0x0000000087600000, 0x0000000087700000|  0%| F|  |TAMS 0x0000000087600000, 0x0000000087600000| Untracked 
| 119|0x0000000087700000, 0x0000000087700000, 0x0000000087800000|  0%| F|  |TAMS 0x0000000087700000, 0x0000000087700000| Untracked 
| 120|0x0000000087800000, 0x0000000087800000, 0x0000000087900000|  0%| F|  |TAMS 0x0000000087800000, 0x0000000087800000| Untracked 
| 121|0x0000000087900000, 0x0000000087900000, 0x0000000087a00000|  0%| F|  |TAMS 0x0000000087900000, 0x0000000087900000| Untracked 
| 122|0x0000000087a00000, 0x0000000087a00000, 0x0000000087b00000|  0%| F|  |TAMS 0x0000000087a00000, 0x0000000087a00000| Untracked 
| 123|0x0000000087b00000, 0x0000000087b00000, 0x0000000087c00000|  0%| F|  |TAMS 0x0000000087b00000, 0x0000000087b00000| Untracked 
| 124|0x0000000087c00000, 0x0000000087c00000, 0x0000000087d00000|  0%| F|  |TAMS 0x0000000087c00000, 0x0000000087c00000| Untracked 
| 125|0x0000000087d00000, 0x0000000087d00000, 0x0000000087e00000|  0%| F|  |TAMS 0x0000000087d00000, 0x0000000087d00000| Untracked 
| 126|0x0000000087e00000, 0x0000000087e00000, 0x0000000087f00000|  0%| F|  |TAMS 0x0000000087e00000, 0x0000000087e00000| Untracked 
| 127|0x0000000087f00000, 0x0000000087f00000, 0x0000000088000000|  0%| F|  |TAMS 0x0000000087f00000, 0x0000000087f00000| Untracked 
| 128|0x0000000088000000, 0x0000000088000000, 0x0000000088100000|  0%| F|  |TAMS 0x0000000088000000, 0x0000000088000000| Untracked 
| 129|0x0000000088100000, 0x0000000088100000, 0x0000000088200000|  0%| F|  |TAMS 0x0000000088100000, 0x0000000088100000| Untracked 
| 130|0x0000000088200000, 0x0000000088200000, 0x0000000088300000|  0%| F|  |TAMS 0x0000000088200000, 0x0000000088200000| Untracked 
| 131|0x0000000088300000, 0x0000000088300000, 0x0000000088400000|  0%| F|  |TAMS 0x0000000088300000, 0x0000000088300000| Untracked 
| 132|0x0000000088400000, 0x0000000088400000, 0x0000000088500000|  0%| F|  |TAMS 0x0000000088400000, 0x0000000088400000| Untracked 
| 133|0x0000000088500000, 0x0000000088500000, 0x0000000088600000|  0%| F|  |TAMS 0x0000000088500000, 0x0000000088500000| Untracked 
| 134|0x0000000088600000, 0x0000000088600000, 0x0000000088700000|  0%| F|  |TAMS 0x0000000088600000, 0x0000000088600000| Untracked 
| 135|0x0000000088700000, 0x0000000088700000, 0x0000000088800000|  0%| F|  |TAMS 0x0000000088700000, 0x0000000088700000| Untracked 
| 136|0x0000000088800000, 0x0000000088800000, 0x0000000088900000|  0%| F|  |TAMS 0x0000000088800000, 0x0000000088800000| Untracked 
| 137|0x0000000088900000, 0x0000000088900000, 0x0000000088a00000|  0%| F|  |TAMS 0x0000000088900000, 0x0000000088900000| Untracked 
| 203|0x000000008cb00000, 0x000000008cb00000, 0x000000008cc00000|  0%| F|  |TAMS 0x000000008cb00000, 0x000000008cb00000| Untracked 
| 204|0x000000008cc00000, 0x000000008cc00000, 0x000000008cd00000|  0%| F|  |TAMS 0x000000008cc00000, 0x000000008cc00000| Untracked 
| 205|0x000000008cd00000, 0x000000008cd00000, 0x000000008ce00000|  0%| F|  |TAMS 0x000000008cd00000, 0x000000008cd00000| Untracked 
| 206|0x000000008ce00000, 0x000000008ce00000, 0x000000008cf00000|  0%| F|  |TAMS 0x000000008ce00000, 0x000000008ce00000| Untracked 
| 207|0x000000008cf00000, 0x000000008cfa3320, 0x000000008d000000| 63%| S|CS|TAMS 0x000000008cf00000, 0x000000008cf00000| Complete 
| 208|0x000000008d000000, 0x000000008d000000, 0x000000008d100000|  0%| F|  |TAMS 0x000000008d000000, 0x000000008d000000| Untracked 
| 209|0x000000008d100000, 0x000000008d100000, 0x000000008d200000|  0%| F|  |TAMS 0x000000008d100000, 0x000000008d100000| Untracked 
| 210|0x000000008d200000, 0x000000008d200000, 0x000000008d300000|  0%| F|  |TAMS 0x000000008d200000, 0x000000008d200000| Untracked 
| 251|0x000000008fb00000, 0x000000008fb00000, 0x000000008fc00000|  0%| F|  |TAMS 0x000000008fb00000, 0x000000008fb00000| Untracked 

Card table byte_map: [0x000001c0a4ae0000,0x000001c0a4ee0000] _byte_map_base: 0x000001c0a46e0000

Marking Bits (Prev, Next): (CMBitMap*) 0x000001c0915c1e80, (CMBitMap*) 0x000001c0915c1e40
 Prev Bits: [0x000001c0a72e0000, 0x000001c0a92e0000)
 Next Bits: [0x000001c0a52e0000, 0x000001c0a72e0000)

Polling page: 0x000001c08fae0000

Metaspace:

Usage:
  Non-class:     76.89 MB used.
      Class:     12.22 MB used.
       Both:     89.11 MB used.

Virtual space:
  Non-class space:       80.00 MB reserved,      77.25 MB ( 97%) committed,  10 nodes.
      Class space:        1.00 GB reserved,      12.56 MB (  1%) committed,  1 nodes.
             Both:        1.08 GB reserved,      89.81 MB (  8%) committed. 

Chunk freelists:
   Non-Class:  2.36 MB
       Class:  3.43 MB
        Both:  5.79 MB

MaxMetaspaceSize: unlimited
CompressedClassSpaceSize: 1.00 GB
Initial GC threshold: 21.00 MB
Current GC threshold: 149.31 MB
CDS: off
MetaspaceReclaimPolicy: balanced
 - commit_granule_bytes: 65536.
 - commit_granule_words: 8192.
 - virtual_space_node_default_size: 1048576.
 - enlarge_chunks_in_place: 1.
 - new_chunks_are_fully_committed: 0.
 - uncommit_free_chunks: 1.
 - use_allocation_guard: 0.
 - handle_deallocations: 1.


Internal statistics:

num_allocs_failed_limit: 6.
num_arena_births: 998.
num_arena_deaths: 22.
num_vsnodes_births: 11.
num_vsnodes_deaths: 0.
num_space_committed: 1437.
num_space_uncommitted: 0.
num_chunks_returned_to_freelist: 32.
num_chunks_taken_from_freelist: 4310.
num_chunk_merges: 18.
num_chunk_splits: 2864.
num_chunks_enlarged: 1934.
num_purges: 2.
num_inconsistent_stats: 0.

CodeHeap 'non-profiled nmethods': size=120000Kb used=5760Kb max_used=5760Kb free=114239Kb
 bounds [0x000001c09c530000, 0x000001c09cae0000, 0x000001c0a3a60000]
CodeHeap 'profiled nmethods': size=120000Kb used=18205Kb max_used=18205Kb free=101794Kb
 bounds [0x000001c094a60000, 0x000001c095c30000, 0x000001c09bf90000]
CodeHeap 'non-nmethods': size=5760Kb used=2386Kb max_used=2466Kb free=3374Kb
 bounds [0x000001c09bf90000, 0x000001c09c210000, 0x000001c09c530000]
 total_blobs=10531 nmethods=9614 adapters=829
 compilation: enabled
              stopped_count=0, restarted_count=0
 full_count=0

Compilation events (20 events):
Event: 11.168 Thread 0x000001c0ac100650 11137       3       org.gradle.execution.plan.ExecutionNodeAccessHierarchy::getNodesAccessing (17 bytes)
Event: 11.169 Thread 0x000001c0ac100650 nmethod 11137 0x000001c095c25890 code [0x000001c095c25b20, 0x000001c095c26898]
Event: 11.169 Thread 0x000001c0ac100650 11139       3       org.gradle.execution.plan.Node::forceAllDependenciesCompleteUpdate (9 bytes)
Event: 11.169 Thread 0x000001c0ac100650 nmethod 11139 0x000001c095c26e10 code [0x000001c095c26fc0, 0x000001c095c271c8]
Event: 11.169 Thread 0x000001c0ac100650 11138       1       org.gradle.api.internal.tasks.properties.DefaultTaskProperties::getInputFileProperties (5 bytes)
Event: 11.169 Thread 0x000001c0ac100650 nmethod 11138 0x000001c09cace090 code [0x000001c09cace220, 0x000001c09cace2f8]
Event: 11.169 Thread 0x000001c0ac100650 11140       3       org.gradle.api.internal.tasks.properties.annotations.AbstractOutputPropertyAnnotationHandler::visitPropertyValue (22 bytes)
Event: 11.170 Thread 0x000001c0ac100650 nmethod 11140 0x000001c095c27290 code [0x000001c095c27460, 0x000001c095c27878]
Event: 11.170 Thread 0x000001c0ac100650 11141       3       org.gradle.tooling.internal.provider.runner.OperationDependenciesResolver$$Lambda$1000/0x0000000100c0ed80::test (8 bytes)
Event: 11.170 Thread 0x000001c0ac100650 nmethod 11141 0x000001c095c27a90 code [0x000001c095c27c40, 0x000001c095c27f18]
Event: 11.170 Thread 0x000001c0ac100650 11142       3       org.gradle.api.internal.file.AbstractFileCollection$1::visitCollection (43 bytes)
Event: 11.170 Thread 0x000001c0ac100650 nmethod 11142 0x000001c095c28010 code [0x000001c095c28200, 0x000001c095c287b8]
Event: 11.171 Thread 0x000001c0ac0f7000 nmethod 10894 0x000001c09cace390 code [0x000001c09cace560, 0x000001c09cacf438]
Event: 11.171 Thread 0x000001c0ac0f7000 10968       4       com.google.common.collect.ImmutableSortedMap::naturalOrder (11 bytes)
Event: 11.172 Thread 0x000001c0ac100650 11143       2       com.google.common.collect.RegularImmutableMap::checkNoConflictInKeyBucket (119 bytes)
Event: 11.173 Thread 0x000001c0ac100650 nmethod 11143 0x000001c095c28990 code [0x000001c095c28c00, 0x000001c095c29278]
Event: 11.173 Thread 0x000001c0ac100650 11145       3       org.gradle.api.internal.artifacts.transform.ConsumerProvidedVariantFinder$$Lambda$1067/0x0000000100c53de0::<init> (15 bytes)
Event: 11.173 Thread 0x000001c0ac100650 nmethod 11145 0x000001c095c29710 code [0x000001c095c298c0, 0x000001c095c29ad8]
Event: 11.173 Thread 0x000001c0ac0f7000 nmethod 10968 0x000001c09cacfc10 code [0x000001c09cacfda0, 0x000001c09cad0038]
Event: 11.173 Thread 0x000001c0ac0f7000 11144   !   4       java.util.concurrent.ConcurrentHashMap::computeIfAbsent (576 bytes)

GC Heap History (20 events):
Event: 8.285 GC heap after
{Heap after GC invocations=30 (full 0):
 garbage-first heap   total 124928K, used 57326K [0x0000000080000000, 0x0000000100000000)
  region size 1024K, 5 young (5120K), 5 survivors (5120K)
 Metaspace       used 78596K, committed 79168K, reserved 1122304K
  class space    used 10661K, committed 10880K, reserved 1048576K
}
Event: 8.772 GC heap before
{Heap before GC invocations=30 (full 0):
 garbage-first heap   total 124928K, used 97262K [0x0000000080000000, 0x0000000100000000)
  region size 1024K, 44 young (45056K), 5 survivors (5120K)
 Metaspace       used 82505K, committed 83136K, reserved 1122304K
  class space    used 11251K, committed 11584K, reserved 1048576K
}
Event: 8.776 GC heap after
{Heap after GC invocations=31 (full 0):
 garbage-first heap   total 124928K, used 60515K [0x0000000080000000, 0x0000000100000000)
  region size 1024K, 6 young (6144K), 6 survivors (6144K)
 Metaspace       used 82505K, committed 83136K, reserved 1122304K
  class space    used 11251K, committed 11584K, reserved 1048576K
}
Event: 9.190 GC heap before
{Heap before GC invocations=31 (full 0):
 garbage-first heap   total 124928K, used 97379K [0x0000000080000000, 0x0000000100000000)
  region size 1024K, 42 young (43008K), 6 survivors (6144K)
 Metaspace       used 87007K, committed 87680K, reserved 1130496K
  class space    used 11900K, committed 12224K, reserved 1048576K
}
Event: 9.196 GC heap after
{Heap after GC invocations=32 (full 0):
 garbage-first heap   total 124928K, used 63592K [0x0000000080000000, 0x0000000100000000)
  region size 1024K, 6 young (6144K), 6 survivors (6144K)
 Metaspace       used 87007K, committed 87680K, reserved 1130496K
  class space    used 11900K, committed 12224K, reserved 1048576K
}
Event: 9.461 GC heap before
{Heap before GC invocations=33 (full 0):
 garbage-first heap   total 124928K, used 99432K [0x0000000080000000, 0x0000000100000000)
  region size 1024K, 41 young (41984K), 6 survivors (6144K)
 Metaspace       used 87813K, committed 88448K, reserved 1130496K
  class space    used 11994K, committed 12352K, reserved 1048576K
}
Event: 9.468 GC heap after
{Heap after GC invocations=34 (full 0):
 garbage-first heap   total 124928K, used 68767K [0x0000000080000000, 0x0000000100000000)
  region size 1024K, 6 young (6144K), 6 survivors (6144K)
 Metaspace       used 87813K, committed 88448K, reserved 1130496K
  class space    used 11994K, committed 12352K, reserved 1048576K
}
Event: 9.471 GC heap before
{Heap before GC invocations=34 (full 0):
 garbage-first heap   total 124928K, used 69791K [0x0000000080000000, 0x0000000100000000)
  region size 1024K, 7 young (7168K), 6 survivors (6144K)
 Metaspace       used 87817K, committed 88448K, reserved 1130496K
  class space    used 11995K, committed 12352K, reserved 1048576K
}
Event: 9.475 GC heap after
{Heap after GC invocations=35 (full 0):
 garbage-first heap   total 150528K, used 69667K [0x0000000080000000, 0x0000000100000000)
  region size 1024K, 1 young (1024K), 1 survivors (1024K)
 Metaspace       used 87817K, committed 88448K, reserved 1130496K
  class space    used 11995K, committed 12352K, reserved 1048576K
}
Event: 10.143 GC heap before
{Heap before GC invocations=35 (full 0):
 garbage-first heap   total 150528K, used 117795K [0x0000000080000000, 0x0000000100000000)
  region size 1024K, 49 young (50176K), 1 survivors (1024K)
 Metaspace       used 89991K, committed 90752K, reserved 1130496K
  class space    used 12425K, committed 12800K, reserved 1048576K
}
Event: 10.149 GC heap after
{Heap after GC invocations=36 (full 0):
 garbage-first heap   total 150528K, used 74598K [0x0000000080000000, 0x0000000100000000)
  region size 1024K, 6 young (6144K), 6 survivors (6144K)
 Metaspace       used 89991K, committed 90752K, reserved 1130496K
  class space    used 12425K, committed 12800K, reserved 1048576K
}
Event: 10.447 GC heap before
{Heap before GC invocations=37 (full 0):
 garbage-first heap   total 150528K, used 116582K [0x0000000080000000, 0x0000000100000000)
  region size 1024K, 48 young (49152K), 6 survivors (6144K)
 Metaspace       used 90398K, committed 91072K, reserved 1130496K
  class space    used 12461K, committed 12800K, reserved 1048576K
}
Event: 10.451 GC heap after
{Heap after GC invocations=38 (full 0):
 garbage-first heap   total 150528K, used 77444K [0x0000000080000000, 0x0000000100000000)
  region size 1024K, 3 young (3072K), 3 survivors (3072K)
 Metaspace       used 90398K, committed 91072K, reserved 1130496K
  class space    used 12461K, committed 12800K, reserved 1048576K
}
Event: 10.474 GC heap before
{Heap before GC invocations=38 (full 0):
 garbage-first heap   total 150528K, used 81540K [0x0000000080000000, 0x0000000100000000)
  region size 1024K, 7 young (7168K), 3 survivors (3072K)
 Metaspace       used 90415K, committed 91072K, reserved 1130496K
  class space    used 12461K, committed 12800K, reserved 1048576K
}
Event: 10.476 GC heap after
{Heap after GC invocations=39 (full 0):
 garbage-first heap   total 150528K, used 77651K [0x0000000080000000, 0x0000000100000000)
  region size 1024K, 1 young (1024K), 1 survivors (1024K)
 Metaspace       used 90415K, committed 91072K, reserved 1130496K
  class space    used 12461K, committed 12800K, reserved 1048576K
}
Event: 10.811 GC heap before
{Heap before GC invocations=39 (full 0):
 garbage-first heap   total 150528K, used 119635K [0x0000000080000000, 0x0000000100000000)
  region size 1024K, 43 young (44032K), 1 survivors (1024K)
 Metaspace       used 90964K, committed 91648K, reserved 1130496K
  class space    used 12509K, committed 12864K, reserved 1048576K
}
Event: 10.815 GC heap after
{Heap after GC invocations=40 (full 0):
 garbage-first heap   total 150528K, used 80446K [0x0000000080000000, 0x0000000100000000)
  region size 1024K, 4 young (4096K), 4 survivors (4096K)
 Metaspace       used 90964K, committed 91648K, reserved 1130496K
  class space    used 12509K, committed 12864K, reserved 1048576K
}
Event: 11.125 GC heap before
{Heap before GC invocations=41 (full 0):
 garbage-first heap   total 150528K, used 121406K [0x0000000080000000, 0x0000000100000000)
  region size 1024K, 45 young (46080K), 4 survivors (4096K)
 Metaspace       used 91220K, committed 91904K, reserved 1130496K
  class space    used 12508K, committed 12864K, reserved 1048576K
}
Event: 11.128 GC heap after
{Heap after GC invocations=42 (full 0):
 garbage-first heap   total 150528K, used 82850K [0x0000000080000000, 0x0000000100000000)
  region size 1024K, 3 young (3072K), 3 survivors (3072K)
 Metaspace       used 91220K, committed 91904K, reserved 1130496K
  class space    used 12508K, committed 12864K, reserved 1048576K
}
Event: 11.175 GC heap before
{Heap before GC invocations=42 (full 0):
 garbage-first heap   total 150528K, used 85922K [0x0000000080000000, 0x0000000100000000)
  region size 1024K, 7 young (7168K), 3 survivors (3072K)
 Metaspace       used 91246K, committed 91968K, reserved 1130496K
  class space    used 12508K, committed 12864K, reserved 1048576K
}

Dll operation events (2 events):
Event: 0.021 Loaded shared library C:\BTS\ANDROID\android-studio-girafe\android-studio-2022.3.1.19-windows\android-studio\jbr\bin\java.dll
Event: 0.388 Loaded shared library C:\BTS\ANDROID\android-studio-girafe\android-studio-2022.3.1.19-windows\android-studio\jbr\bin\verify.dll

Deoptimization events (20 events):
Event: 11.054 Thread 0x000001c0b5fd3bb0 Uncommon trap: trap_request=0xffffffd6 fr.pc=0x000001c09cac5158 relative=0x0000000000001878
Event: 11.054 Thread 0x000001c0b5fd3bb0 Uncommon trap: reason=array_check action=maybe_recompile pc=0x000001c09cac5158 method=java.util.TimSort.reverseRange([Ljava/lang/Object;II)V @ 20 c2
Event: 11.054 Thread 0x000001c0b5fd3bb0 DEOPT PACKING pc=0x000001c09cac5158 sp=0x000000787e3faf00
Event: 11.054 Thread 0x000001c0b5fd3bb0 DEOPT UNPACKING pc=0x000001c09bfe69a3 sp=0x000000787e3fadf0 mode 2
Event: 11.054 Thread 0x000001c0b5fd3bb0 Uncommon trap: trap_request=0xffffffd6 fr.pc=0x000001c09cac5158 relative=0x0000000000001878
Event: 11.054 Thread 0x000001c0b5fd3bb0 Uncommon trap: reason=array_check action=maybe_recompile pc=0x000001c09cac5158 method=java.util.TimSort.reverseRange([Ljava/lang/Object;II)V @ 20 c2
Event: 11.054 Thread 0x000001c0b5fd3bb0 DEOPT PACKING pc=0x000001c09cac5158 sp=0x000000787e3faf00
Event: 11.054 Thread 0x000001c0b5fd3bb0 DEOPT UNPACKING pc=0x000001c09bfe69a3 sp=0x000000787e3fadf0 mode 2
Event: 11.054 Thread 0x000001c0b5fd3bb0 Uncommon trap: trap_request=0xffffffd6 fr.pc=0x000001c09cac5158 relative=0x0000000000001878
Event: 11.054 Thread 0x000001c0b5fd3bb0 Uncommon trap: reason=array_check action=maybe_recompile pc=0x000001c09cac5158 method=java.util.TimSort.reverseRange([Ljava/lang/Object;II)V @ 20 c2
Event: 11.054 Thread 0x000001c0b5fd3bb0 DEOPT PACKING pc=0x000001c09cac5158 sp=0x000000787e3fb190
Event: 11.054 Thread 0x000001c0b5fd3bb0 DEOPT UNPACKING pc=0x000001c09bfe69a3 sp=0x000000787e3fb080 mode 2
Event: 11.054 Thread 0x000001c0b5fd3bb0 Uncommon trap: trap_request=0xffffffd6 fr.pc=0x000001c09cac5158 relative=0x0000000000001878
Event: 11.054 Thread 0x000001c0b5fd3bb0 Uncommon trap: reason=array_check action=maybe_recompile pc=0x000001c09cac5158 method=java.util.TimSort.reverseRange([Ljava/lang/Object;II)V @ 20 c2
Event: 11.054 Thread 0x000001c0b5fd3bb0 DEOPT PACKING pc=0x000001c09cac5158 sp=0x000000787e3faf00
Event: 11.054 Thread 0x000001c0b5fd3bb0 DEOPT UNPACKING pc=0x000001c09bfe69a3 sp=0x000000787e3fadf0 mode 2
Event: 11.156 Thread 0x000001c0b5fd3bb0 Uncommon trap: trap_request=0xffffffc6 fr.pc=0x000001c09c892084 relative=0x00000000000000e4
Event: 11.156 Thread 0x000001c0b5fd3bb0 Uncommon trap: reason=bimorphic_or_optimized_type_check action=maybe_recompile pc=0x000001c09c892084 method=com.google.common.collect.RegularImmutableMap.checkNoConflictInKeyBucket(Ljava/lang/Object;Ljava/lang/Object;Lcom/google/common/collect/ImmutableMa
Event: 11.156 Thread 0x000001c0b5fd3bb0 DEOPT PACKING pc=0x000001c09c892084 sp=0x000000787e3fd200
Event: 11.156 Thread 0x000001c0b5fd3bb0 DEOPT UNPACKING pc=0x000001c09bfe69a3 sp=0x000000787e3fd198 mode 2

Classes unloaded (11 events):
Event: 10.846 Thread 0x000001c0abeaf430 Unloading class 0x0000000100c6ec00 'java/lang/invoke/LambdaForm$DMH+0x0000000100c6ec00'
Event: 10.846 Thread 0x000001c0abeaf430 Unloading class 0x0000000100c6e800 'java/lang/invoke/LambdaForm$DMH+0x0000000100c6e800'
Event: 10.847 Thread 0x000001c0abeaf430 Unloading class 0x0000000100c6e400 'java/lang/invoke/LambdaForm$DMH+0x0000000100c6e400'
Event: 10.847 Thread 0x000001c0abeaf430 Unloading class 0x0000000100c6dc00 'java/lang/invoke/LambdaForm$DMH+0x0000000100c6dc00'
Event: 10.847 Thread 0x000001c0abeaf430 Unloading class 0x0000000100c6e000 'java/lang/invoke/LambdaForm$DMH+0x0000000100c6e000'
Event: 10.847 Thread 0x000001c0abeaf430 Unloading class 0x0000000100c6d800 'java/lang/invoke/LambdaForm$DMH+0x0000000100c6d800'
Event: 10.847 Thread 0x000001c0abeaf430 Unloading class 0x0000000100c6d400 'java/lang/invoke/LambdaForm$DMH+0x0000000100c6d400'
Event: 10.847 Thread 0x000001c0abeaf430 Unloading class 0x0000000100c6d000 'java/lang/invoke/LambdaForm$DMH+0x0000000100c6d000'
Event: 10.847 Thread 0x000001c0abeaf430 Unloading class 0x0000000100c6cc00 'java/lang/invoke/LambdaForm$DMH+0x0000000100c6cc00'
Event: 10.847 Thread 0x000001c0abeaf430 Unloading class 0x0000000100c6c800 'java/lang/invoke/LambdaForm$DMH+0x0000000100c6c800'
Event: 10.847 Thread 0x000001c0abeaf430 Unloading class 0x0000000100c6c400 'java/lang/invoke/LambdaForm$DMH+0x0000000100c6c400'

Classes redefined (0 events):
No events

Internal exceptions (20 events):
Event: 10.052 Thread 0x000001c0af975780 Exception <a 'java/lang/NoSuchMethodError'{0x0000000086d07120}: 'java.lang.Object java.lang.invoke.DirectMethodHandle$Holder.invokeSpecialIFC(java.lang.Object, java.lang.Object, java.lang.Object)'> (0x0000000086d07120) 
thrown [s\src\hotspot\share\interpreter\linkResolver.cpp, line 771]
Event: 10.052 Thread 0x000001c0af974de0 Exception <a 'java/lang/NoSuchMethodError'{0x0000000086d6e020}: 'java.lang.Object java.lang.invoke.DirectMethodHandle$Holder.invokeSpecialIFC(java.lang.Object, java.lang.Object, java.lang.Object)'> (0x0000000086d6e020) 
thrown [s\src\hotspot\share\interpreter\linkResolver.cpp, line 771]
Event: 10.052 Thread 0x000001c0b2b27d80 Exception <a 'java/lang/NoSuchMethodError'{0x0000000086ee8280}: 'java.lang.Object java.lang.invoke.DirectMethodHandle$Holder.invokeSpecialIFC(java.lang.Object, java.lang.Object, java.lang.Object)'> (0x0000000086ee8280) 
thrown [s\src\hotspot\share\interpreter\linkResolver.cpp, line 771]
Event: 10.052 Thread 0x000001c0afca9ca0 Exception <a 'java/lang/NoSuchMethodError'{0x0000000086d61b08}: 'java.lang.Object java.lang.invoke.DirectMethodHandle$Holder.invokeSpecialIFC(java.lang.Object, java.lang.Object, java.lang.Object)'> (0x0000000086d61b08) 
thrown [s\src\hotspot\share\interpreter\linkResolver.cpp, line 771]
Event: 10.052 Thread 0x000001c0afca62e0 Exception <a 'java/lang/NoSuchMethodError'{0x0000000086ef4520}: 'java.lang.Object java.lang.invoke.DirectMethodHandle$Holder.invokeSpecialIFC(java.lang.Object, java.lang.Object, java.lang.Object)'> (0x0000000086ef4520) 
thrown [s\src\hotspot\share\interpreter\linkResolver.cpp, line 771]
Event: 10.052 Thread 0x000001c0afca9300 Exception <a 'java/lang/NoSuchMethodError'{0x0000000086d32808}: 'java.lang.Object java.lang.invoke.DirectMethodHandle$Holder.invokeSpecialIFC(java.lang.Object, java.lang.Object, java.lang.Object)'> (0x0000000086d32808) 
thrown [s\src\hotspot\share\interpreter\linkResolver.cpp, line 771]
Event: 10.052 Thread 0x000001c0b5fd3bb0 Exception <a 'java/lang/NoSuchMethodError'{0x0000000087234730}: 'java.lang.Object java.lang.invoke.DirectMethodHandle$Holder.invokeSpecialIFC(java.lang.Object, java.lang.Object, java.lang.Object)'> (0x0000000087234730) 
thrown [s\src\hotspot\share\interpreter\linkResolver.cpp, line 771]
Event: 10.125 Thread 0x000001c0b14cae40 Exception <a 'java/lang/NoSuchMethodError'{0x000000008708bf18}: 'void java.lang.invoke.DirectMethodHandle$Holder.invokeVirtual(java.lang.Object, java.lang.Object)'> (0x000000008708bf18) 
thrown [s\src\hotspot\share\interpreter\linkResolver.cpp, line 771]
Event: 10.508 Thread 0x000001c0afa3ccf0 Implicit null exception at 0x000001c09c5fd604 to 0x000001c09c5fd788
Event: 10.532 Thread 0x000001c0b5fd3bb0 Exception <a 'java/lang/NoSuchMethodError'{0x0000000088721c88}: static Lcom/android/build/gradle/internal/scope/InternalArtifactType;.<clinit>()V> (0x0000000088721c88) 
thrown [s\src\hotspot\share\prims\jni.cpp, line 1108]
Event: 10.532 Thread 0x000001c0b5fd3bb0 Exception <a 'java/lang/NoSuchMethodError'{0x00000000887233e0}: static Lcom/android/build/gradle/internal/scope/InternalArtifactType;.<clinit>()V> (0x00000000887233e0) 
thrown [s\src\hotspot\share\prims\jni.cpp, line 1108]
Event: 10.532 Thread 0x000001c0b5fd3bb0 Exception <a 'java/lang/NoSuchMethodError'{0x0000000088726840}: static Lcom/android/build/api/artifact/Artifact$Single;.<clinit>()V> (0x0000000088726840) 
thrown [s\src\hotspot\share\prims\jni.cpp, line 1108]
Event: 10.533 Thread 0x000001c0b5fd3bb0 Exception <a 'java/lang/NoSuchMethodError'{0x0000000088728dd0}: static Ljava/lang/Object;.<clinit>()V> (0x0000000088728dd0) 
thrown [s\src\hotspot\share\prims\jni.cpp, line 1108]
Event: 10.533 Thread 0x000001c0b5fd3bb0 Exception <a 'java/lang/NoSuchMethodError'{0x000000008873ef88}: static Lcom/android/build/api/artifact/ArtifactKind;.<clinit>()V> (0x000000008873ef88) 
thrown [s\src\hotspot\share\prims\jni.cpp, line 1108]
Event: 10.534 Thread 0x000001c0b5fd3bb0 Exception <a 'java/lang/NoSuchMethodError'{0x0000000088740148}: static Lcom/android/build/api/artifact/ArtifactKind;.<clinit>()V> (0x0000000088740148) 
thrown [s\src\hotspot\share\prims\jni.cpp, line 1108]
Event: 10.765 Thread 0x000001c0b5fd3bb0 Exception <a 'java/lang/NoSuchMethodError'{0x0000000086eff0a8}: 'int java.lang.invoke.DirectMethodHandle$Holder.invokeSpecial(java.lang.Object, java.lang.Object, java.lang.Object, java.lang.Object, java.lang.Object)'> (0x0000000086eff0a8) 
thrown [s\src\hotspot\share\interpreter\linkResolver.cpp, line 771]
Event: 10.772 Thread 0x000001c0b5fd3bb0 Exception <a 'java/lang/NoSuchMethodError'{0x0000000086d52338}: static Ljava/lang/Object;.<clinit>()V> (0x0000000086d52338) 
thrown [s\src\hotspot\share\prims\jni.cpp, line 1108]
Event: 10.839 Thread 0x000001c0b5fd3bb0 Exception <a 'sun/nio/fs/WindowsException'{0x000000008d118df8}> (0x000000008d118df8) 
thrown [s\src\hotspot\share\prims\jni.cpp, line 517]
Event: 10.897 Thread 0x000001c0b5fd3bb0 Exception <a 'sun/nio/fs/WindowsException'{0x000000008cbb5b48}> (0x000000008cbb5b48) 
thrown [s\src\hotspot\share\prims\jni.cpp, line 517]
Event: 11.171 Thread 0x000001c0b5fd3bb0 Exception <a 'sun/nio/fs/WindowsException'{0x000000008d050f68}> (0x000000008d050f68) 
thrown [s\src\hotspot\share\prims\jni.cpp, line 517]

VM Operations (20 events):
Event: 10.706 Executing VM operation: HandshakeAllThreads done
Event: 10.752 Executing VM operation: HandshakeAllThreads
Event: 10.752 Executing VM operation: HandshakeAllThreads done
Event: 10.762 Executing VM operation: HandshakeAllThreads
Event: 10.763 Executing VM operation: HandshakeAllThreads done
Event: 10.764 Executing VM operation: HandshakeAllThreads
Event: 10.764 Executing VM operation: HandshakeAllThreads done
Event: 10.773 Executing VM operation: ICBufferFull
Event: 10.774 Executing VM operation: ICBufferFull done
Event: 10.811 Executing VM operation: G1CollectForAllocation
Event: 10.815 Executing VM operation: G1CollectForAllocation done
Event: 10.846 Executing VM operation: G1Concurrent
Event: 10.858 Executing VM operation: G1Concurrent done
Event: 10.878 Executing VM operation: G1Concurrent
Event: 10.879 Executing VM operation: G1Concurrent done
Event: 11.095 Executing VM operation: ICBufferFull
Event: 11.095 Executing VM operation: ICBufferFull done
Event: 11.124 Executing VM operation: G1CollectForAllocation
Event: 11.128 Executing VM operation: G1CollectForAllocation done
Event: 11.175 Executing VM operation: G1CollectForAllocation

Events (20 events):
Event: 10.288 Thread 0x000001c0ac100f50 flushing nmethod 0x000001c095809110
Event: 10.288 Thread 0x000001c0ac100f50 flushing nmethod 0x000001c095809490
Event: 10.288 Thread 0x000001c0ac100f50 flushing nmethod 0x000001c095862010
Event: 10.288 Thread 0x000001c0ac100f50 flushing nmethod 0x000001c095862490
Event: 10.288 Thread 0x000001c0ac100f50 flushing nmethod 0x000001c095862c10
Event: 10.289 Thread 0x000001c0ac100f50 flushing nmethod 0x000001c0958c9a10
Event: 10.289 Thread 0x000001c0ac100f50 flushing nmethod 0x000001c0959ab190
Event: 10.289 Thread 0x000001c0ac100f50 flushing nmethod 0x000001c0959b3f90
Event: 10.290 Thread 0x000001c0ac100f50 flushing nmethod 0x000001c0959d4f90
Event: 10.290 Thread 0x000001c0ac100f50 flushing nmethod 0x000001c095a08190
Event: 10.290 Thread 0x000001c0ac100f50 flushing nmethod 0x000001c095aa5690
Event: 10.290 Thread 0x000001c0ac100f50 flushing nmethod 0x000001c095ac3790
Event: 10.379 loading class java/util/Comparators$NaturalOrderComparator
Event: 10.379 loading class java/util/Comparators$NaturalOrderComparator done
Event: 10.379 loading class java/util/stream/SortedOps$SizedRefSortingSink
Event: 10.379 loading class java/util/stream/SortedOps$SizedRefSortingSink done
Event: 10.530 loading class java/util/concurrent/ConcurrentSkipListMap$KeySet
Event: 10.530 loading class java/util/concurrent/ConcurrentSkipListMap$KeySet done
Event: 10.530 loading class java/util/concurrent/ConcurrentSkipListMap$KeyIterator
Event: 10.530 loading class java/util/concurrent/ConcurrentSkipListMap$KeyIterator done


Dynamic libraries:
0x00007ff66e510000 - 0x00007ff66e51a000 	C:\BTS\ANDROID\android-studio-girafe\android-studio-2022.3.1.19-windows\android-studio\jbr\bin\java.exe
0x00007ff93aae0000 - 0x00007ff93ad43000 	C:\WINDOWS\SYSTEM32\ntdll.dll
0x00007ff939170000 - 0x00007ff939237000 	C:\WINDOWS\System32\KERNEL32.DLL
0x00007ff937f60000 - 0x00007ff938327000 	C:\WINDOWS\System32\KERNELBASE.dll
0x00007ff937bc0000 - 0x00007ff937d56000 	C:\Windows\system32\hmpalert.dll
0x00007ff9383c0000 - 0x00007ff93850c000 	C:\WINDOWS\System32\ucrtbase.dll
0x00007ff915940000 - 0x00007ff915957000 	C:\BTS\ANDROID\android-studio-girafe\android-studio-2022.3.1.19-windows\android-studio\jbr\bin\jli.dll
0x00007ff939a50000 - 0x00007ff939c19000 	C:\WINDOWS\System32\USER32.dll
0x00007ff937e70000 - 0x00007ff937e97000 	C:\WINDOWS\System32\win32u.dll
0x00007ff93a890000 - 0x00007ff93a8ba000 	C:\WINDOWS\System32\GDI32.dll
0x00007ff938690000 - 0x00007ff9387bb000 	C:\WINDOWS\System32\gdi32full.dll
0x00007ff938860000 - 0x00007ff938903000 	C:\WINDOWS\System32\msvcp_win.dll
0x00007ff915790000 - 0x00007ff9157ab000 	C:\BTS\ANDROID\android-studio-girafe\android-studio-2022.3.1.19-windows\android-studio\jbr\bin\VCRUNTIME140.dll
0x00007ff915f10000 - 0x00007ff9161a0000 	C:\WINDOWS\WinSxS\amd64_microsoft.windows.common-controls_6595b64144ccf1df_6.0.26100.2702_none_3e069454e335fc5e\COMCTL32.dll
0x00007ff9390c0000 - 0x00007ff939169000 	C:\WINDOWS\System32\msvcrt.dll
0x00007ff938fd0000 - 0x00007ff938fff000 	C:\WINDOWS\System32\IMM32.DLL
0x00007ff915ca0000 - 0x00007ff915cac000 	C:\BTS\ANDROID\android-studio-girafe\android-studio-2022.3.1.19-windows\android-studio\jbr\bin\vcruntime140_1.dll
0x00007ff9032f0000 - 0x00007ff90337d000 	C:\BTS\ANDROID\android-studio-girafe\android-studio-2022.3.1.19-windows\android-studio\jbr\bin\msvcp140.dll
0x00007ff8c8680000 - 0x00007ff8c92ee000 	C:\BTS\ANDROID\android-studio-girafe\android-studio-2022.3.1.19-windows\android-studio\jbr\bin\server\jvm.dll
0x00007ff93a4f0000 - 0x00007ff93a5a3000 	C:\WINDOWS\System32\ADVAPI32.dll
0x00007ff938ec0000 - 0x00007ff938f66000 	C:\WINDOWS\System32\sechost.dll
0x00007ff9397b0000 - 0x00007ff9398c6000 	C:\WINDOWS\System32\RPCRT4.dll
0x00007ff912230000 - 0x00007ff91223a000 	C:\WINDOWS\SYSTEM32\WSOCK32.dll
0x00007ff93a810000 - 0x00007ff93a884000 	C:\WINDOWS\System32\WS2_32.dll
0x00007ff92f710000 - 0x00007ff92f71b000 	C:\WINDOWS\SYSTEM32\VERSION.dll
0x00007ff934470000 - 0x00007ff9344a6000 	C:\WINDOWS\SYSTEM32\WINMM.dll
0x00007ff936ac0000 - 0x00007ff936ada000 	C:\WINDOWS\SYSTEM32\kernel.appcore.dll
0x00007ff932670000 - 0x00007ff93267a000 	C:\BTS\ANDROID\android-studio-girafe\android-studio-2022.3.1.19-windows\android-studio\jbr\bin\jimage.dll
0x00007ff935200000 - 0x00007ff935441000 	C:\WINDOWS\SYSTEM32\DBGHELP.DLL
0x00007ff939240000 - 0x00007ff9395be000 	C:\WINDOWS\System32\combase.dll
0x00007ff93a730000 - 0x00007ff93a806000 	C:\WINDOWS\System32\OLEAUT32.dll
0x00007ff92d180000 - 0x00007ff92d1b9000 	C:\WINDOWS\SYSTEM32\dbgcore.DLL
0x00007ff9387c0000 - 0x00007ff938859000 	C:\WINDOWS\System32\bcryptPrimitives.dll
0x00007ff92eec0000 - 0x00007ff92eee5000 	C:\BTS\ANDROID\android-studio-girafe\android-studio-2022.3.1.19-windows\android-studio\jbr\bin\java.dll
0x00007ff932610000 - 0x00007ff932628000 	C:\BTS\ANDROID\android-studio-girafe\android-studio-2022.3.1.19-windows\android-studio\jbr\bin\zip.dll
0x00007ff939c20000 - 0x00007ff93a32b000 	C:\WINDOWS\System32\SHELL32.dll
0x00007ff935790000 - 0x00007ff935fcd000 	C:\WINDOWS\SYSTEM32\windows.storage.dll
0x00007ff93a5b0000 - 0x00007ff93a69a000 	C:\WINDOWS\System32\SHCORE.dll
0x00007ff938f70000 - 0x00007ff938fcd000 	C:\WINDOWS\System32\shlwapi.dll
0x00007ff937d80000 - 0x00007ff937dae000 	C:\WINDOWS\SYSTEM32\profapi.dll
0x00007ff92ddb0000 - 0x00007ff92ddc9000 	C:\BTS\ANDROID\android-studio-girafe\android-studio-2022.3.1.19-windows\android-studio\jbr\bin\net.dll
0x00007ff92fc40000 - 0x00007ff92fd5e000 	C:\WINDOWS\SYSTEM32\WINHTTP.dll
0x00007ff936fb0000 - 0x00007ff937018000 	C:\WINDOWS\system32\mswsock.dll
0x00007ff92dca0000 - 0x00007ff92dcb6000 	C:\BTS\ANDROID\android-studio-girafe\android-studio-2022.3.1.19-windows\android-studio\jbr\bin\nio.dll
0x00007ff932660000 - 0x00007ff932670000 	C:\BTS\ANDROID\android-studio-girafe\android-studio-2022.3.1.19-windows\android-studio\jbr\bin\verify.dll
0x00007ff915cb0000 - 0x00007ff915cd7000 	C:\Users\svo\.gradle\native\68d5fa5c4cc2d200863cafc0d521ce42e7d3e7ee720ec0a83991735586a16f82\windows-amd64\native-platform.dll
0x00007ff900110000 - 0x00007ff900254000 	C:\Users\svo\.gradle\native\e376f236ea51e6404a007f0833ffe2c6e607c4080706a723a18a27aeea778392\windows-amd64\native-platform-file-events.dll
0x00007ff9324b0000 - 0x00007ff9324b9000 	C:\BTS\ANDROID\android-studio-girafe\android-studio-2022.3.1.19-windows\android-studio\jbr\bin\management.dll
0x00007ff92ef40000 - 0x00007ff92ef4b000 	C:\BTS\ANDROID\android-studio-girafe\android-studio-2022.3.1.19-windows\android-studio\jbr\bin\management_ext.dll
0x00007ff93a4d0000 - 0x00007ff93a4d8000 	C:\WINDOWS\System32\PSAPI.DLL
0x00007ff937360000 - 0x00007ff93737c000 	C:\WINDOWS\SYSTEM32\CRYPTSP.dll
0x00007ff936a20000 - 0x00007ff936a58000 	C:\WINDOWS\system32\rsaenh.dll
0x00007ff937050000 - 0x00007ff93707b000 	C:\WINDOWS\SYSTEM32\USERENV.dll
0x00007ff9374f0000 - 0x00007ff937516000 	C:\WINDOWS\SYSTEM32\bcrypt.dll
0x00007ff9371e0000 - 0x00007ff9371ec000 	C:\WINDOWS\SYSTEM32\CRYPTBASE.dll
0x00007ff936280000 - 0x00007ff9362b3000 	C:\WINDOWS\SYSTEM32\IPHLPAPI.DLL
0x00007ff938e80000 - 0x00007ff938e8a000 	C:\WINDOWS\System32\NSI.dll
0x00007ff92fe40000 - 0x00007ff92fe5e000 	C:\WINDOWS\SYSTEM32\dhcpcsvc6.DLL
0x00007ff92fe10000 - 0x00007ff92fe35000 	C:\WINDOWS\SYSTEM32\dhcpcsvc.DLL
0x00007ff9362c0000 - 0x00007ff9363e5000 	C:\WINDOWS\SYSTEM32\DNSAPI.dll
0x00007ff90d700000 - 0x00007ff90d708000 	C:\WINDOWS\system32\wshunix.dll

dbghelp: loaded successfully - version: 4.0.5 - missing functions: none
symbol engine: initialized successfully - sym options: 0x614 - pdb path: .;C:\BTS\ANDROID\android-studio-girafe\android-studio-2022.3.1.19-windows\android-studio\jbr\bin;C:\WINDOWS\SYSTEM32;C:\WINDOWS\WinSxS\amd64_microsoft.windows.common-controls_6595b64144ccf1df_6.0.26100.2702_none_3e069454e335fc5e;C:\BTS\ANDROID\android-studio-girafe\android-studio-2022.3.1.19-windows\android-studio\jbr\bin\server;C:\Users\svo\.gradle\native\68d5fa5c4cc2d200863cafc0d521ce42e7d3e7ee720ec0a83991735586a16f82\windows-amd64;C:\Users\svo\.gradle\native\e376f236ea51e6404a007f0833ffe2c6e607c4080706a723a18a27aeea778392\windows-amd64

VM Arguments:
jvm_args: --add-opens=java.base/java.util=ALL-UNNAMED --add-opens=java.base/java.lang=ALL-UNNAMED --add-opens=java.base/java.lang.invoke=ALL-UNNAMED --add-opens=java.prefs/java.util.prefs=ALL-UNNAMED --add-opens=java.base/java.nio.charset=ALL-UNNAMED --add-opens=java.base/java.net=ALL-UNNAMED --add-opens=java.base/java.util.concurrent.atomic=ALL-UNNAMED -Xmx2048m -Dfile.encoding=UTF-8 -Duser.country=FR -Duser.language=fr -Duser.variant 
java_command: org.gradle.launcher.daemon.bootstrap.GradleDaemon 8.0
java_class_path (initial): C:\Users\svo\.gradle\wrapper\dists\gradle-8.0-bin\ca5e32bp14vu59qr306oxotwh\gradle-8.0\lib\gradle-launcher-8.0.jar
Launcher Type: SUN_STANDARD

[Global flags]
     intx CICompilerCount                          = 4                                         {product} {ergonomic}
     uint ConcGCThreads                            = 3                                         {product} {ergonomic}
     uint G1ConcRefinementThreads                  = 10                                        {product} {ergonomic}
   size_t G1HeapRegionSize                         = 1048576                                   {product} {ergonomic}
    uintx GCDrainStackTargetSize                   = 64                                        {product} {ergonomic}
   size_t InitialHeapSize                          = 264241152                                 {product} {ergonomic}
   size_t MarkStackSize                            = 4194304                                   {product} {ergonomic}
   size_t MaxHeapSize                              = 2147483648                                {product} {command line}
   size_t MaxNewSize                               = 1287651328                                {product} {ergonomic}
   size_t MinHeapDeltaBytes                        = 1048576                                   {product} {ergonomic}
   size_t MinHeapSize                              = 8388608                                   {product} {ergonomic}
    uintx NonNMethodCodeHeapSize                   = 5839372                                {pd product} {ergonomic}
    uintx NonProfiledCodeHeapSize                  = 122909434                              {pd product} {ergonomic}
    uintx ProfiledCodeHeapSize                     = 122909434                              {pd product} {ergonomic}
    uintx ReservedCodeCacheSize                    = 251658240                              {pd product} {ergonomic}
     bool SegmentedCodeCache                       = true                                      {product} {ergonomic}
   size_t SoftMaxHeapSize                          = 2147483648                             {manageable} {ergonomic}
     bool UseCompressedClassPointers               = true                           {product lp64_product} {ergonomic}
     bool UseCompressedOops                        = true                           {product lp64_product} {ergonomic}
     bool UseG1GC                                  = true                                      {product} {ergonomic}
     bool UseLargePagesIndividualAllocation        = false                                  {pd product} {ergonomic}

Logging:
Log output configuration:
 #0: stdout all=warning uptime,level,tags
 #1: stderr all=off uptime,level,tags

Environment Variables:
PATH=C:\Program Files\Common Files\Oracle\Java\javapath;C:\Program Files (x86)\Common Files\Oracle\Java\java8path;C:\Program Files (x86)\Common Files\Oracle\Java\javapath;C:\WINDOWS\system32;C:\WINDOWS;C:\WINDOWS\System32\Wbem;C:\WINDOWS\System32\WindowsPowerShell\v1.0\;C:\WINDOWS\System32\OpenSSH\;C:\Users\svo\AppData\Local\Microsoft\WindowsApps;C:\BTS\PortableApps\openlogic-openjdk-17.0.8+7-windows-x64\openlogic-openjdk-17.0.8+7-windows-x64\bin;C:\Users\svo\AppData\Local\ComposerSetup\bin;C:\Users\svo\AppData\Roaming\Composer\vendor\bin;C:\BTS\DEV\Xampp Laravell\xampp\php;C:\BTS\DEV\node-v18.15.0-win-x64;C:\BTS\Nodejs\node-v20.17.0-win-x64;C:\BTS\Git\bin;
USERNAME=SVO
OS=Windows_NT
PROCESSOR_IDENTIFIER=Intel64 Family 6 Model 154 Stepping 4, GenuineIntel
TMP=C:\Users\svo\AppData\Local\Temp
TEMP=C:\Users\svo\AppData\Local\Temp


JNI global refs:
JNI global refs: 27, weak refs: 8

JNI global refs memory usage: 843, weak refs: 841


---------------  S Y S T E M  ---------------

OS:
 Windows 11 , 64 bit Build 26100 (10.0.26100.2992)
OS uptime: 1 days 0:28 hours
Hyper-V role detected

CPU: total 12 (initial active 12) (6 cores per cpu, 2 threads per core) family 6 model 154 stepping 4 microcode 0x435, cx8, cmov, fxsr, ht, mmx, 3dnowpref, sse, sse2, sse3, ssse3, sse4.1, sse4.2, popcnt, lzcnt, tsc, tscinvbit, avx, avx2, aes, erms, clmul, bmi1, bmi2, adx, sha, fma, vzeroupper, clflush, clflushopt, clwb, hv

Memory: 4k page, system-wide physical 16016M (1718M free)
TotalPageFile size 20016M (AvailPageFile size 72M)
current process WorkingSet (physical memory assigned to process): 409M, peak: 410M
current process commit charge ("private bytes"): 449M, peak: 514M

vm_info: OpenJDK 64-Bit Server VM (17.0.6+0-b2043.56-10027231) for windows-amd64 JRE (17.0.6+0-b2043.56-10027231), built on Apr 28 2023 00:43:19 by "androidbuild" with MS VC++ 16.10 / 16.11 (VS2019)

END.
