#
# There is insufficient memory for the Java Runtime Environment to continue.
# Native memory allocation (malloc) failed to allocate 1481936 bytes for Chunk::new
# Possible reasons:
#   The system is out of physical RAM or swap space
#   The process is running with CompressedOops enabled, and the Java Heap may be blocking the growth of the native heap
# Possible solutions:
#   Reduce memory load on the system
#   Increase physical memory or swap space
#   Check if swap backing store is full
#   Decrease Java heap size (-Xmx/-Xms)
#   Decrease number of Java threads
#   Decrease Java thread stack sizes (-Xss)
#   Set larger code cache with -XX:ReservedCodeCacheSize=
#   JVM is running with Unscaled Compressed Oops mode in which the Java heap is
#     placed in the first 4GB address space. The Java Heap base address is the
#     maximum limit for the native heap growth. Please use -XX:HeapBaseMinAddress
#     to set the Java Heap base and to place the Java Heap above 4GB virtual address.
# This output file may be truncated or incomplete.
#
#  Out of Memory Error (arena.cpp:189), pid=21400, tid=22136
#
# JRE version: OpenJDK Runtime Environment (17.0.6) (build 17.0.6+0-b2043.56-10027231)
# Java VM: OpenJDK 64-Bit Server VM (17.0.6+0-b2043.56-10027231, mixed mode, tiered, compressed oops, compressed class ptrs, g1 gc, windows-amd64)
# No core dump will be written. Minidumps are not enabled by default on client versions of Windows
#

---------------  S U M M A R Y ------------

Command Line: --add-opens=java.base/java.util=ALL-UNNAMED --add-opens=java.base/java.lang=ALL-UNNAMED --add-opens=java.base/java.lang.invoke=ALL-UNNAMED --add-opens=java.prefs/java.util.prefs=ALL-UNNAMED --add-opens=java.base/java.nio.charset=ALL-UNNAMED --add-opens=java.base/java.net=ALL-UNNAMED --add-opens=java.base/java.util.concurrent.atomic=ALL-UNNAMED -Xmx2048m -Dfile.encoding=UTF-8 -Duser.country=FR -Duser.language=fr -Duser.variant org.gradle.launcher.daemon.bootstrap.GradleDaemon 8.0

Host: 12th Gen Intel(R) Core(TM) i7-1255U, 12 cores, 15G,  Windows 11 , 64 bit Build 26100 (10.0.26100.2992)
Time: Wed Mar 19 15:03:08 2025 Paris, Madrid elapsed time: 14.267231 seconds (0d 0h 0m 14s)

---------------  T H R E A D  ---------------

Current thread (0x000001f20fa0b920):  JavaThread "C2 CompilerThread2" daemon [_thread_in_native, id=22136, stack(0x000000ec11400000,0x000000ec11500000)]


Current CompileTask:
C2:  14267 11257   !   4       org.gradle.internal.instantiation.generator.DependencyInjectingInstantiator::doCreate (64 bytes)

Stack: [0x000000ec11400000,0x000000ec11500000]
Native frames: (J=compiled Java code, j=interpreted, Vv=VM code, C=native code)
V  [jvm.dll+0x683c9a]
V  [jvm.dll+0x8427a4]
V  [jvm.dll+0x843f9e]
V  [jvm.dll+0x844603]
V  [jvm.dll+0x249b75]
V  [jvm.dll+0xabcac]
V  [jvm.dll+0xac27c]
V  [jvm.dll+0x368802]
V  [jvm.dll+0x332f31]
V  [jvm.dll+0x3323da]
V  [jvm.dll+0x21c201]
V  [jvm.dll+0x21b621]
V  [jvm.dll+0x1a4fdd]
V  [jvm.dll+0x22b098]
V  [jvm.dll+0x229159]
V  [jvm.dll+0x7f81ec]
V  [jvm.dll+0x7f274a]
V  [jvm.dll+0x682ad5]
C  [ucrtbase.dll+0x37b0]
C  [KERNEL32.DLL+0x2e8d7]
C  [ntdll.dll+0xbbf6c]


---------------  P R O C E S S  ---------------

Threads class SMR info:
_java_thread_list=0x000001f218d3f470, length=185, elements={
0x000001f271d838c0, 0x000001f27fc6ff10, 0x000001f27fc729e0, 0x000001f27fc7a200,
0x000001f27fc7acc0, 0x000001f27fc7b580, 0x000001f27fcca020, 0x000001f27fcca8e0,
0x000001f27fccb290, 0x000001f27fccc8d0, 0x000001f27fe7d010, 0x000001f27fe7f900,
0x000001f210177f20, 0x000001f21059f830, 0x000001f21112c010, 0x000001f2110d7300,
0x000001f2105edc20, 0x000001f2112e6040, 0x000001f2110fa440, 0x000001f2111155a0,
0x000001f211115a70, 0x000001f2111168e0, 0x000001f211115f40, 0x000001f211114260,
0x000001f211116410, 0x000001f211116db0, 0x000001f211117280, 0x000001f211117750,
0x000001f211114730, 0x000001f211117c20, 0x000001f211114c00, 0x000001f2111150d0,
0x000001f213315870, 0x000001f213314ed0, 0x000001f213317550, 0x000001f213314530,
0x000001f213318890, 0x000001f213318d60, 0x000001f2133183c0, 0x000001f2133153a0,
0x000001f213319230, 0x000001f213315d40, 0x000001f213319bd0, 0x000001f2133166e0,
0x000001f213316210, 0x000001f21331aa40, 0x000001f21331a0a0, 0x000001f213317080,
0x000001f21331a570, 0x000001f21331af10, 0x000001f21331b3e0, 0x000001f21331b8b0,
0x000001f2144fa400, 0x000001f2144fbc10, 0x000001f2144fc0e0, 0x000001f2144fada0,
0x000001f2144fb740, 0x000001f2144fa8d0, 0x000001f2144f9f30, 0x000001f2144fb270,
0x000001f2144f8bf0, 0x000001f2144f8720, 0x000001f2144fc5b0, 0x000001f2144fca80,
0x000001f2144f90c0, 0x000001f2144fcf50, 0x000001f2144f9a60, 0x000001f2144f9590,
0x000001f2144fd420, 0x000001f2144ffaa0, 0x000001f2144ff5d0, 0x000001f2144fd8f0,
0x000001f2144fe760, 0x000001f2144fec30, 0x000001f2144fddc0, 0x000001f2144fff70,
0x000001f2144fe290, 0x000001f2144ff100, 0x000001f217193a60, 0x000001f2171930c0,
0x000001f217192250, 0x000001f217190f10, 0x000001f217193f30, 0x000001f217193590,
0x000001f217191d80, 0x000001f217194400, 0x000001f217192720, 0x000001f2171948d0,
0x000001f217194da0, 0x000001f217192bf0, 0x000001f2171913e0, 0x000001f217195270,
0x000001f2171918b0, 0x000001f217195c10, 0x000001f2171960e0, 0x000001f2171978f0,
0x000001f217196a80, 0x000001f217198760, 0x000001f217197dc0, 0x000001f217196f50,
0x000001f217197420, 0x000001f217195740, 0x000001f2171965b0, 0x000001f217198290,
0x000001f216e91690, 0x000001f216e94b80, 0x000001f216e93840, 0x000001f216e93d10,
0x000001f216e92500, 0x000001f216e929d0, 0x000001f216e941e0, 0x000001f216e946b0,
0x000001f216e93370, 0x000001f216e95520, 0x000001f216e95050, 0x000001f216e91b60,
0x000001f216e959f0, 0x000001f216e92030, 0x000001f216e95ec0, 0x000001f216e92ea0,
0x000001f216e96390, 0x000001f216e97ba0, 0x000001f216e98070, 0x000001f216e96860,
0x000001f216e98ee0, 0x000001f216e98540, 0x000001f216e96d30, 0x000001f216e97200,
0x000001f216e976d0, 0x000001f216e98a10, 0x000001f2135316d0, 0x000001f213532a10,
0x000001f213534220, 0x000001f213534bc0, 0x000001f2135333b0, 0x000001f213533880,
0x000001f213533d50, 0x000001f213535090, 0x000001f213535560, 0x000001f213532ee0,
0x000001f2135346f0, 0x000001f213531ba0, 0x000001f213535a30, 0x000001f213532070,
0x000001f213535f00, 0x000001f213537710, 0x000001f213532540, 0x000001f2135363d0,
0x000001f2135368a0, 0x000001f213538580, 0x000001f2135380b0, 0x000001f213536d70,
0x000001f213537be0, 0x000001f213537240, 0x000001f213538a50, 0x000001f213538f20,
0x000001f20faeba00, 0x000001f20faecd40, 0x000001f20faed6e0, 0x000001f20faebed0,
0x000001f20faec3a0, 0x000001f20faedbb0, 0x000001f20faed210, 0x000001f20faeb530,
0x000001f20faec870, 0x000001f20faeab90, 0x000001f20faee080, 0x000001f20faee550,
0x000001f211519840, 0x000001f20faf10a0, 0x000001f20faf0700, 0x000001f20fa0b920,
0x000001f20faef890, 0x000001f213d0b900, 0x000001f213d0cc40, 0x000001f213d0c2a0,
0x000001f213d0d110, 0x000001f213d0dab0, 0x000001f213d0d5e0, 0x000001f213d0df80,
0x000001f213d0af60, 0x000001f213d0e450, 0x000001f213d0b430, 0x000001f213d0bdd0,
0x000001f213d0c770
}

Java Threads: ( => current thread )
  0x000001f271d838c0 JavaThread "main" [_thread_blocked, id=12488, stack(0x000000ec05700000,0x000000ec05800000)]
  0x000001f27fc6ff10 JavaThread "Reference Handler" daemon [_thread_blocked, id=25548, stack(0x000000ec05e00000,0x000000ec05f00000)]
  0x000001f27fc729e0 JavaThread "Finalizer" daemon [_thread_blocked, id=5604, stack(0x000000ec05f00000,0x000000ec06000000)]
  0x000001f27fc7a200 JavaThread "Signal Dispatcher" daemon [_thread_blocked, id=13860, stack(0x000000ec06000000,0x000000ec06100000)]
  0x000001f27fc7acc0 JavaThread "Attach Listener" daemon [_thread_blocked, id=9288, stack(0x000000ec06100000,0x000000ec06200000)]
  0x000001f27fc7b580 JavaThread "Service Thread" daemon [_thread_blocked, id=4680, stack(0x000000ec06200000,0x000000ec06300000)]
  0x000001f27fcca020 JavaThread "Monitor Deflation Thread" daemon [_thread_blocked, id=25284, stack(0x000000ec06300000,0x000000ec06400000)]
  0x000001f27fcca8e0 JavaThread "C2 CompilerThread0" daemon [_thread_in_native, id=20752, stack(0x000000ec06400000,0x000000ec06500000)]
  0x000001f27fccb290 JavaThread "C1 CompilerThread0" daemon [_thread_blocked, id=22336, stack(0x000000ec06500000,0x000000ec06600000)]
  0x000001f27fccc8d0 JavaThread "Sweeper thread" daemon [_thread_blocked, id=25892, stack(0x000000ec06600000,0x000000ec06700000)]
  0x000001f27fe7d010 JavaThread "Common-Cleaner" daemon [_thread_blocked, id=22488, stack(0x000000ec06700000,0x000000ec06800000)]
  0x000001f27fe7f900 JavaThread "Notification Thread" daemon [_thread_blocked, id=28296, stack(0x000000ec06800000,0x000000ec06900000)]
  0x000001f210177f20 JavaThread "Daemon health stats" [_thread_blocked, id=22784, stack(0x000000ec07000000,0x000000ec07100000)]
  0x000001f21059f830 JavaThread "Incoming local TCP Connector on port 50845" [_thread_in_native, id=26404, stack(0x000000ec06a00000,0x000000ec06b00000)]
  0x000001f21112c010 JavaThread "Daemon periodic checks" [_thread_blocked, id=23304, stack(0x000000ec07100000,0x000000ec07200000)]
  0x000001f2110d7300 JavaThread "Daemon" [_thread_blocked, id=27760, stack(0x000000ec07200000,0x000000ec07300000)]
  0x000001f2105edc20 JavaThread "Handler for socket connection from /127.0.0.1:50845 to /127.0.0.1:50846" [_thread_in_native, id=25932, stack(0x000000ec07300000,0x000000ec07400000)]
  0x000001f2112e6040 JavaThread "Cancel handler" [_thread_blocked, id=9472, stack(0x000000ec07400000,0x000000ec07500000)]
  0x000001f2110fa440 JavaThread "Daemon worker" [_thread_blocked, id=15876, stack(0x000000ec07500000,0x000000ec07600000)]
  0x000001f2111155a0 JavaThread "Asynchronous log dispatcher for DefaultDaemonConnection: socket connection from /127.0.0.1:50845 to /127.0.0.1:50846" [_thread_blocked, id=12032, stack(0x000000ec07600000,0x000000ec07700000)]
  0x000001f211115a70 JavaThread "Stdin handler" [_thread_blocked, id=8548, stack(0x000000ec07700000,0x000000ec07800000)]
  0x000001f2111168e0 JavaThread "Daemon client event forwarder" [_thread_blocked, id=10892, stack(0x000000ec07800000,0x000000ec07900000)]
  0x000001f211115f40 JavaThread "Cache worker for journal cache (C:\Users\svo\.gradle\caches\journal-1)" [_thread_blocked, id=4632, stack(0x000000ec07f00000,0x000000ec08000000)]
  0x000001f211114260 JavaThread "File lock request listener" [_thread_in_native, id=884, stack(0x000000ec08000000,0x000000ec08100000)]
  0x000001f211116410 JavaThread "Cache worker for file hash cache (C:\Users\svo\.gradle\caches\8.0\fileHashes)" [_thread_blocked, id=25156, stack(0x000000ec08200000,0x000000ec08300000)]
  0x000001f211116db0 JavaThread "File watcher server" daemon [_thread_in_native, id=22712, stack(0x000000ec08300000,0x000000ec08400000)]
  0x000001f211117280 JavaThread "File watcher consumer" daemon [_thread_blocked, id=12496, stack(0x000000ec08400000,0x000000ec08500000)]
  0x000001f211117750 JavaThread "Cache worker for checksums cache (C:\BTS\ANDROID\WkRFTG\ApplicationRFTG\.gradle\8.0\checksums)" [_thread_blocked, id=14592, stack(0x000000ec08500000,0x000000ec08600000)]
  0x000001f211114730 JavaThread "Cache worker for cache directory md-rule (C:\Users\svo\.gradle\caches\8.0\md-rule)" [_thread_blocked, id=16376, stack(0x000000ec08600000,0x000000ec08700000)]
  0x000001f211117c20 JavaThread "Cache worker for file content cache (C:\Users\svo\.gradle\caches\8.0\fileContent)" [_thread_blocked, id=7272, stack(0x000000ec08700000,0x000000ec08800000)]
  0x000001f211114c00 JavaThread "Cache worker for file hash cache (C:\BTS\ANDROID\WkRFTG\ApplicationRFTG\.gradle\8.0\fileHashes)" [_thread_blocked, id=21120, stack(0x000000ec08800000,0x000000ec08900000)]
  0x000001f2111150d0 JavaThread "Cache worker for cache directory md-supplier (C:\Users\svo\.gradle\caches\8.0\md-supplier)" [_thread_blocked, id=20520, stack(0x000000ec08900000,0x000000ec08a00000)]
  0x000001f213315870 JavaThread "Cache worker for execution history cache (C:\Users\svo\.gradle\caches\8.0\executionHistory)" [_thread_blocked, id=17028, stack(0x000000ec08a00000,0x000000ec08b00000)]
  0x000001f213314ed0 JavaThread "jar transforms" [_thread_blocked, id=21272, stack(0x000000ec08b00000,0x000000ec08c00000)]
  0x000001f213317550 JavaThread "jar transforms Thread 2" [_thread_blocked, id=5628, stack(0x000000ec08c00000,0x000000ec08d00000)]
  0x000001f213314530 JavaThread "Cache worker for kotlin-dsl (C:\Users\svo\.gradle\caches\8.0\kotlin-dsl)" [_thread_blocked, id=16544, stack(0x000000ec08e00000,0x000000ec08f00000)]
  0x000001f213318890 JavaThread "jar transforms Thread 3" [_thread_blocked, id=17756, stack(0x000000ec08f00000,0x000000ec09000000)]
  0x000001f213318d60 JavaThread "jar transforms Thread 4" [_thread_blocked, id=26580, stack(0x000000ec09000000,0x000000ec09100000)]
  0x000001f2133183c0 JavaThread "Cache worker for dependencies-accessors (C:\BTS\ANDROID\WkRFTG\ApplicationRFTG\.gradle\8.0\dependencies-accessors)" [_thread_blocked, id=9956, stack(0x000000ec09100000,0x000000ec09200000)]
  0x000001f2133153a0 JavaThread "Cache worker for Build Output Cleanup Cache (C:\BTS\ANDROID\WkRFTG\ApplicationRFTG\.gradle\buildOutputCleanup)" [_thread_blocked, id=9396, stack(0x000000ec09200000,0x000000ec09300000)]
  0x000001f213319230 JavaThread "jar transforms Thread 5" [_thread_blocked, id=16380, stack(0x000000ec09300000,0x000000ec09400000)]
  0x000001f213315d40 JavaThread "Unconstrained build operations" [_thread_blocked, id=23440, stack(0x000000ec09400000,0x000000ec09500000)]
  0x000001f213319bd0 JavaThread "Unconstrained build operations Thread 2" [_thread_blocked, id=25868, stack(0x000000ec09500000,0x000000ec09600000)]
  0x000001f2133166e0 JavaThread "Unconstrained build operations Thread 3" [_thread_blocked, id=19736, stack(0x000000ec09600000,0x000000ec09700000)]
  0x000001f213316210 JavaThread "Unconstrained build operations Thread 4" [_thread_blocked, id=25356, stack(0x000000ec09700000,0x000000ec09800000)]
  0x000001f21331aa40 JavaThread "Unconstrained build operations Thread 5" [_thread_blocked, id=21900, stack(0x000000ec09800000,0x000000ec09900000)]
  0x000001f21331a0a0 JavaThread "Unconstrained build operations Thread 6" [_thread_blocked, id=26688, stack(0x000000ec09900000,0x000000ec09a00000)]
  0x000001f213317080 JavaThread "Unconstrained build operations Thread 7" [_thread_blocked, id=2840, stack(0x000000ec09a00000,0x000000ec09b00000)]
  0x000001f21331a570 JavaThread "Unconstrained build operations Thread 8" [_thread_blocked, id=28032, stack(0x000000ec09b00000,0x000000ec09c00000)]
  0x000001f21331af10 JavaThread "Unconstrained build operations Thread 9" [_thread_blocked, id=20724, stack(0x000000ec09c00000,0x000000ec09d00000)]
  0x000001f21331b3e0 JavaThread "Unconstrained build operations Thread 10" [_thread_blocked, id=19376, stack(0x000000ec09d00000,0x000000ec09e00000)]
  0x000001f21331b8b0 JavaThread "Unconstrained build operations Thread 11" [_thread_blocked, id=27140, stack(0x000000ec09e00000,0x000000ec09f00000)]
  0x000001f2144fa400 JavaThread "Unconstrained build operations Thread 12" [_thread_blocked, id=22008, stack(0x000000ec09f00000,0x000000ec0a000000)]
  0x000001f2144fbc10 JavaThread "Unconstrained build operations Thread 13" [_thread_blocked, id=22356, stack(0x000000ec0a000000,0x000000ec0a100000)]
  0x000001f2144fc0e0 JavaThread "Unconstrained build operations Thread 14" [_thread_blocked, id=6968, stack(0x000000ec0a100000,0x000000ec0a200000)]
  0x000001f2144fada0 JavaThread "Unconstrained build operations Thread 15" [_thread_blocked, id=27088, stack(0x000000ec0a200000,0x000000ec0a300000)]
  0x000001f2144fb740 JavaThread "Unconstrained build operations Thread 16" [_thread_blocked, id=28276, stack(0x000000ec0a300000,0x000000ec0a400000)]
  0x000001f2144fa8d0 JavaThread "Unconstrained build operations Thread 17" [_thread_blocked, id=20912, stack(0x000000ec0a400000,0x000000ec0a500000)]
  0x000001f2144f9f30 JavaThread "Unconstrained build operations Thread 18" [_thread_blocked, id=24892, stack(0x000000ec0a500000,0x000000ec0a600000)]
  0x000001f2144fb270 JavaThread "Unconstrained build operations Thread 19" [_thread_blocked, id=21520, stack(0x000000ec0a600000,0x000000ec0a700000)]
  0x000001f2144f8bf0 JavaThread "Unconstrained build operations Thread 20" [_thread_blocked, id=17352, stack(0x000000ec0a700000,0x000000ec0a800000)]
  0x000001f2144f8720 JavaThread "Unconstrained build operations Thread 21" [_thread_blocked, id=2456, stack(0x000000ec0a800000,0x000000ec0a900000)]
  0x000001f2144fc5b0 JavaThread "Unconstrained build operations Thread 22" [_thread_blocked, id=1668, stack(0x000000ec0a900000,0x000000ec0aa00000)]
  0x000001f2144fca80 JavaThread "Unconstrained build operations Thread 23" [_thread_blocked, id=6216, stack(0x000000ec0aa00000,0x000000ec0ab00000)]
  0x000001f2144f90c0 JavaThread "Unconstrained build operations Thread 24" [_thread_blocked, id=3824, stack(0x000000ec0ab00000,0x000000ec0ac00000)]
  0x000001f2144fcf50 JavaThread "Unconstrained build operations Thread 25" [_thread_blocked, id=10764, stack(0x000000ec0ac00000,0x000000ec0ad00000)]
  0x000001f2144f9a60 JavaThread "Unconstrained build operations Thread 26" [_thread_blocked, id=6624, stack(0x000000ec0ad00000,0x000000ec0ae00000)]
  0x000001f2144f9590 JavaThread "Unconstrained build operations Thread 27" [_thread_blocked, id=12856, stack(0x000000ec0ae00000,0x000000ec0af00000)]
  0x000001f2144fd420 JavaThread "Unconstrained build operations Thread 28" [_thread_blocked, id=22052, stack(0x000000ec0af00000,0x000000ec0b000000)]
  0x000001f2144ffaa0 JavaThread "Unconstrained build operations Thread 29" [_thread_blocked, id=17228, stack(0x000000ec0b000000,0x000000ec0b100000)]
  0x000001f2144ff5d0 JavaThread "Unconstrained build operations Thread 30" [_thread_blocked, id=28172, stack(0x000000ec0b100000,0x000000ec0b200000)]
  0x000001f2144fd8f0 JavaThread "Unconstrained build operations Thread 31" [_thread_blocked, id=1876, stack(0x000000ec0b200000,0x000000ec0b300000)]
  0x000001f2144fe760 JavaThread "Unconstrained build operations Thread 32" [_thread_blocked, id=23444, stack(0x000000ec0b300000,0x000000ec0b400000)]
  0x000001f2144fec30 JavaThread "Unconstrained build operations Thread 33" [_thread_blocked, id=15424, stack(0x000000ec0b400000,0x000000ec0b500000)]
  0x000001f2144fddc0 JavaThread "Unconstrained build operations Thread 34" [_thread_blocked, id=3468, stack(0x000000ec0b500000,0x000000ec0b600000)]
  0x000001f2144fff70 JavaThread "Unconstrained build operations Thread 35" [_thread_blocked, id=5100, stack(0x000000ec0b600000,0x000000ec0b700000)]
  0x000001f2144fe290 JavaThread "Unconstrained build operations Thread 36" [_thread_blocked, id=9932, stack(0x000000ec0b700000,0x000000ec0b800000)]
  0x000001f2144ff100 JavaThread "Unconstrained build operations Thread 37" [_thread_blocked, id=6684, stack(0x000000ec0b800000,0x000000ec0b900000)]
  0x000001f217193a60 JavaThread "Unconstrained build operations Thread 38" [_thread_blocked, id=4816, stack(0x000000ec0b900000,0x000000ec0ba00000)]
  0x000001f2171930c0 JavaThread "Unconstrained build operations Thread 39" [_thread_blocked, id=5720, stack(0x000000ec0ba00000,0x000000ec0bb00000)]
  0x000001f217192250 JavaThread "Unconstrained build operations Thread 40" [_thread_blocked, id=3180, stack(0x000000ec0bb00000,0x000000ec0bc00000)]
  0x000001f217190f10 JavaThread "Unconstrained build operations Thread 41" [_thread_blocked, id=8892, stack(0x000000ec0bc00000,0x000000ec0bd00000)]
  0x000001f217193f30 JavaThread "Unconstrained build operations Thread 42" [_thread_blocked, id=23844, stack(0x000000ec0bd00000,0x000000ec0be00000)]
  0x000001f217193590 JavaThread "Unconstrained build operations Thread 43" [_thread_blocked, id=26132, stack(0x000000ec0be00000,0x000000ec0bf00000)]
  0x000001f217191d80 JavaThread "Unconstrained build operations Thread 44" [_thread_blocked, id=3116, stack(0x000000ec0bf00000,0x000000ec0c000000)]
  0x000001f217194400 JavaThread "Unconstrained build operations Thread 45" [_thread_blocked, id=23724, stack(0x000000ec0c000000,0x000000ec0c100000)]
  0x000001f217192720 JavaThread "Unconstrained build operations Thread 46" [_thread_blocked, id=25912, stack(0x000000ec0c100000,0x000000ec0c200000)]
  0x000001f2171948d0 JavaThread "Unconstrained build operations Thread 47" [_thread_blocked, id=22472, stack(0x000000ec0c200000,0x000000ec0c300000)]
  0x000001f217194da0 JavaThread "Unconstrained build operations Thread 48" [_thread_blocked, id=26804, stack(0x000000ec0c300000,0x000000ec0c400000)]
  0x000001f217192bf0 JavaThread "Unconstrained build operations Thread 49" [_thread_blocked, id=21676, stack(0x000000ec0c400000,0x000000ec0c500000)]
  0x000001f2171913e0 JavaThread "Unconstrained build operations Thread 50" [_thread_blocked, id=16508, stack(0x000000ec0c500000,0x000000ec0c600000)]
  0x000001f217195270 JavaThread "Unconstrained build operations Thread 51" [_thread_blocked, id=25112, stack(0x000000ec0c600000,0x000000ec0c700000)]
  0x000001f2171918b0 JavaThread "Unconstrained build operations Thread 52" [_thread_blocked, id=25020, stack(0x000000ec0c700000,0x000000ec0c800000)]
  0x000001f217195c10 JavaThread "Unconstrained build operations Thread 53" [_thread_blocked, id=24848, stack(0x000000ec0c800000,0x000000ec0c900000)]
  0x000001f2171960e0 JavaThread "Unconstrained build operations Thread 54" [_thread_blocked, id=2576, stack(0x000000ec0c900000,0x000000ec0ca00000)]
  0x000001f2171978f0 JavaThread "Unconstrained build operations Thread 55" [_thread_blocked, id=24148, stack(0x000000ec0ca00000,0x000000ec0cb00000)]
  0x000001f217196a80 JavaThread "Unconstrained build operations Thread 56" [_thread_blocked, id=23892, stack(0x000000ec0cb00000,0x000000ec0cc00000)]
  0x000001f217198760 JavaThread "Unconstrained build operations Thread 57" [_thread_blocked, id=23004, stack(0x000000ec0cc00000,0x000000ec0cd00000)]
  0x000001f217197dc0 JavaThread "Unconstrained build operations Thread 58" [_thread_blocked, id=1252, stack(0x000000ec0cd00000,0x000000ec0ce00000)]
  0x000001f217196f50 JavaThread "Unconstrained build operations Thread 59" [_thread_blocked, id=23688, stack(0x000000ec0ce00000,0x000000ec0cf00000)]
  0x000001f217197420 JavaThread "Unconstrained build operations Thread 60" [_thread_blocked, id=7792, stack(0x000000ec0cf00000,0x000000ec0d000000)]
  0x000001f217195740 JavaThread "Unconstrained build operations Thread 61" [_thread_blocked, id=14148, stack(0x000000ec0d000000,0x000000ec0d100000)]
  0x000001f2171965b0 JavaThread "Unconstrained build operations Thread 62" [_thread_blocked, id=27700, stack(0x000000ec0d100000,0x000000ec0d200000)]
  0x000001f217198290 JavaThread "Unconstrained build operations Thread 63" [_thread_blocked, id=27812, stack(0x000000ec0d200000,0x000000ec0d300000)]
  0x000001f216e91690 JavaThread "Unconstrained build operations Thread 64" [_thread_blocked, id=17860, stack(0x000000ec0d300000,0x000000ec0d400000)]
  0x000001f216e94b80 JavaThread "Unconstrained build operations Thread 65" [_thread_blocked, id=25240, stack(0x000000ec0d400000,0x000000ec0d500000)]
  0x000001f216e93840 JavaThread "Unconstrained build operations Thread 66" [_thread_blocked, id=18072, stack(0x000000ec0d500000,0x000000ec0d600000)]
  0x000001f216e93d10 JavaThread "Unconstrained build operations Thread 67" [_thread_blocked, id=24796, stack(0x000000ec0d600000,0x000000ec0d700000)]
  0x000001f216e92500 JavaThread "Unconstrained build operations Thread 68" [_thread_blocked, id=28504, stack(0x000000ec0d700000,0x000000ec0d800000)]
  0x000001f216e929d0 JavaThread "Unconstrained build operations Thread 69" [_thread_blocked, id=9524, stack(0x000000ec0d800000,0x000000ec0d900000)]
  0x000001f216e941e0 JavaThread "Unconstrained build operations Thread 70" [_thread_blocked, id=4384, stack(0x000000ec0d900000,0x000000ec0da00000)]
  0x000001f216e946b0 JavaThread "Unconstrained build operations Thread 71" [_thread_blocked, id=4548, stack(0x000000ec0da00000,0x000000ec0db00000)]
  0x000001f216e93370 JavaThread "Unconstrained build operations Thread 72" [_thread_blocked, id=3148, stack(0x000000ec0db00000,0x000000ec0dc00000)]
  0x000001f216e95520 JavaThread "Unconstrained build operations Thread 73" [_thread_blocked, id=9464, stack(0x000000ec0dc00000,0x000000ec0dd00000)]
  0x000001f216e95050 JavaThread "Unconstrained build operations Thread 74" [_thread_blocked, id=20620, stack(0x000000ec0dd00000,0x000000ec0de00000)]
  0x000001f216e91b60 JavaThread "Unconstrained build operations Thread 75" [_thread_blocked, id=8632, stack(0x000000ec0de00000,0x000000ec0df00000)]
  0x000001f216e959f0 JavaThread "Unconstrained build operations Thread 76" [_thread_blocked, id=15836, stack(0x000000ec0df00000,0x000000ec0e000000)]
  0x000001f216e92030 JavaThread "Unconstrained build operations Thread 77" [_thread_blocked, id=11388, stack(0x000000ec0e000000,0x000000ec0e100000)]
  0x000001f216e95ec0 JavaThread "Unconstrained build operations Thread 78" [_thread_blocked, id=22168, stack(0x000000ec0e100000,0x000000ec0e200000)]
  0x000001f216e92ea0 JavaThread "Unconstrained build operations Thread 79" [_thread_blocked, id=24996, stack(0x000000ec0e200000,0x000000ec0e300000)]
  0x000001f216e96390 JavaThread "Unconstrained build operations Thread 80" [_thread_blocked, id=23752, stack(0x000000ec0e300000,0x000000ec0e400000)]
  0x000001f216e97ba0 JavaThread "Unconstrained build operations Thread 81" [_thread_blocked, id=7660, stack(0x000000ec0e400000,0x000000ec0e500000)]
  0x000001f216e98070 JavaThread "Unconstrained build operations Thread 82" [_thread_blocked, id=27380, stack(0x000000ec0e500000,0x000000ec0e600000)]
  0x000001f216e96860 JavaThread "Unconstrained build operations Thread 83" [_thread_blocked, id=25592, stack(0x000000ec0e600000,0x000000ec0e700000)]
  0x000001f216e98ee0 JavaThread "Unconstrained build operations Thread 84" [_thread_blocked, id=23684, stack(0x000000ec0e700000,0x000000ec0e800000)]
  0x000001f216e98540 JavaThread "Unconstrained build operations Thread 85" [_thread_blocked, id=12072, stack(0x000000ec0e800000,0x000000ec0e900000)]
  0x000001f216e96d30 JavaThread "Unconstrained build operations Thread 86" [_thread_blocked, id=25496, stack(0x000000ec0e900000,0x000000ec0ea00000)]
  0x000001f216e97200 JavaThread "Unconstrained build operations Thread 87" [_thread_blocked, id=15132, stack(0x000000ec0ea00000,0x000000ec0eb00000)]
  0x000001f216e976d0 JavaThread "Unconstrained build operations Thread 88" [_thread_blocked, id=22152, stack(0x000000ec0eb00000,0x000000ec0ec00000)]
  0x000001f216e98a10 JavaThread "Unconstrained build operations Thread 89" [_thread_blocked, id=28544, stack(0x000000ec0ec00000,0x000000ec0ed00000)]
  0x000001f2135316d0 JavaThread "Unconstrained build operations Thread 90" [_thread_blocked, id=28484, stack(0x000000ec0ed00000,0x000000ec0ee00000)]
  0x000001f213532a10 JavaThread "Unconstrained build operations Thread 91" [_thread_blocked, id=25400, stack(0x000000ec0ee00000,0x000000ec0ef00000)]
  0x000001f213534220 JavaThread "Unconstrained build operations Thread 92" [_thread_blocked, id=24272, stack(0x000000ec0ef00000,0x000000ec0f000000)]
  0x000001f213534bc0 JavaThread "Unconstrained build operations Thread 93" [_thread_blocked, id=23500, stack(0x000000ec0f000000,0x000000ec0f100000)]
  0x000001f2135333b0 JavaThread "Unconstrained build operations Thread 94" [_thread_blocked, id=16728, stack(0x000000ec0f100000,0x000000ec0f200000)]
  0x000001f213533880 JavaThread "Unconstrained build operations Thread 95" [_thread_blocked, id=28364, stack(0x000000ec0f200000,0x000000ec0f300000)]
  0x000001f213533d50 JavaThread "Unconstrained build operations Thread 96" [_thread_blocked, id=25996, stack(0x000000ec0f300000,0x000000ec0f400000)]
  0x000001f213535090 JavaThread "Unconstrained build operations Thread 97" [_thread_blocked, id=20600, stack(0x000000ec0f400000,0x000000ec0f500000)]
  0x000001f213535560 JavaThread "Unconstrained build operations Thread 98" [_thread_blocked, id=11252, stack(0x000000ec0f500000,0x000000ec0f600000)]
  0x000001f213532ee0 JavaThread "Unconstrained build operations Thread 99" [_thread_blocked, id=21008, stack(0x000000ec0f600000,0x000000ec0f700000)]
  0x000001f2135346f0 JavaThread "Unconstrained build operations Thread 100" [_thread_blocked, id=10252, stack(0x000000ec0f700000,0x000000ec0f800000)]
  0x000001f213531ba0 JavaThread "Unconstrained build operations Thread 101" [_thread_blocked, id=3980, stack(0x000000ec0f800000,0x000000ec0f900000)]
  0x000001f213535a30 JavaThread "Unconstrained build operations Thread 102" [_thread_blocked, id=12084, stack(0x000000ec0f900000,0x000000ec0fa00000)]
  0x000001f213532070 JavaThread "Unconstrained build operations Thread 103" [_thread_blocked, id=12212, stack(0x000000ec0fa00000,0x000000ec0fb00000)]
  0x000001f213535f00 JavaThread "Unconstrained build operations Thread 104" [_thread_blocked, id=26168, stack(0x000000ec0fb00000,0x000000ec0fc00000)]
  0x000001f213537710 JavaThread "Unconstrained build operations Thread 105" [_thread_blocked, id=22040, stack(0x000000ec0fc00000,0x000000ec0fd00000)]
  0x000001f213532540 JavaThread "Unconstrained build operations Thread 106" [_thread_blocked, id=27312, stack(0x000000ec0fd00000,0x000000ec0fe00000)]
  0x000001f2135363d0 JavaThread "Unconstrained build operations Thread 107" [_thread_blocked, id=15944, stack(0x000000ec0fe00000,0x000000ec0ff00000)]
  0x000001f2135368a0 JavaThread "Unconstrained build operations Thread 108" [_thread_blocked, id=21708, stack(0x000000ec0ff00000,0x000000ec10000000)]
  0x000001f213538580 JavaThread "Unconstrained build operations Thread 109" [_thread_blocked, id=12048, stack(0x000000ec10000000,0x000000ec10100000)]
  0x000001f2135380b0 JavaThread "Unconstrained build operations Thread 110" [_thread_blocked, id=25928, stack(0x000000ec10100000,0x000000ec10200000)]
  0x000001f213536d70 JavaThread "Unconstrained build operations Thread 111" [_thread_blocked, id=24168, stack(0x000000ec10200000,0x000000ec10300000)]
  0x000001f213537be0 JavaThread "Unconstrained build operations Thread 112" [_thread_blocked, id=1096, stack(0x000000ec10300000,0x000000ec10400000)]
  0x000001f213537240 JavaThread "Unconstrained build operations Thread 113" [_thread_blocked, id=13792, stack(0x000000ec10400000,0x000000ec10500000)]
  0x000001f213538a50 JavaThread "Unconstrained build operations Thread 114" [_thread_blocked, id=10024, stack(0x000000ec10500000,0x000000ec10600000)]
  0x000001f213538f20 JavaThread "Unconstrained build operations Thread 115" [_thread_blocked, id=7640, stack(0x000000ec10600000,0x000000ec10700000)]
  0x000001f20faeba00 JavaThread "Unconstrained build operations Thread 116" [_thread_blocked, id=20232, stack(0x000000ec10700000,0x000000ec10800000)]
  0x000001f20faecd40 JavaThread "Unconstrained build operations Thread 117" [_thread_blocked, id=28072, stack(0x000000ec10800000,0x000000ec10900000)]
  0x000001f20faed6e0 JavaThread "Unconstrained build operations Thread 118" [_thread_blocked, id=1560, stack(0x000000ec10900000,0x000000ec10a00000)]
  0x000001f20faebed0 JavaThread "Unconstrained build operations Thread 119" [_thread_blocked, id=10500, stack(0x000000ec10a00000,0x000000ec10b00000)]
  0x000001f20faec3a0 JavaThread "Unconstrained build operations Thread 120" [_thread_blocked, id=9376, stack(0x000000ec10b00000,0x000000ec10c00000)]
  0x000001f20faedbb0 JavaThread "jar transforms Thread 6" [_thread_blocked, id=11024, stack(0x000000ec10c00000,0x000000ec10d00000)]
  0x000001f20faed210 JavaThread "jar transforms Thread 7" [_thread_blocked, id=27188, stack(0x000000ec10d00000,0x000000ec10e00000)]
  0x000001f20faeb530 JavaThread "jar transforms Thread 8" [_thread_blocked, id=26972, stack(0x000000ec10e00000,0x000000ec10f00000)]
  0x000001f20faec870 JavaThread "jar transforms Thread 9" [_thread_blocked, id=18192, stack(0x000000ec10f00000,0x000000ec11000000)]
  0x000001f20faeab90 JavaThread "jar transforms Thread 10" [_thread_blocked, id=20072, stack(0x000000ec11000000,0x000000ec11100000)]
  0x000001f20faee080 JavaThread "jar transforms Thread 11" [_thread_blocked, id=21668, stack(0x000000ec11100000,0x000000ec11200000)]
  0x000001f20faee550 JavaThread "jar transforms Thread 12" [_thread_blocked, id=18676, stack(0x000000ec11200000,0x000000ec11300000)]
  0x000001f211519840 JavaThread "C2 CompilerThread1" daemon [_thread_in_native, id=24396, stack(0x000000ec08100000,0x000000ec08200000)]
  0x000001f20faf10a0 JavaThread "build event listener" [_thread_blocked, id=22696, stack(0x000000ec08d00000,0x000000ec08e00000)]
  0x000001f20faf0700 JavaThread "Memory manager" [_thread_blocked, id=19308, stack(0x000000ec11300000,0x000000ec11400000)]
=>0x000001f20fa0b920 JavaThread "C2 CompilerThread2" daemon [_thread_in_native, id=22136, stack(0x000000ec11400000,0x000000ec11500000)]
  0x000001f20faef890 JavaThread "included builds" [_thread_blocked, id=16392, stack(0x000000ec11600000,0x000000ec11700000)]
  0x000001f213d0b900 JavaThread "Execution worker" [_thread_blocked, id=21408, stack(0x000000ec11700000,0x000000ec11800000)]
  0x000001f213d0cc40 JavaThread "Execution worker Thread 2" [_thread_blocked, id=24340, stack(0x000000ec11800000,0x000000ec11900000)]
  0x000001f213d0c2a0 JavaThread "Execution worker Thread 3" [_thread_blocked, id=24704, stack(0x000000ec11900000,0x000000ec11a00000)]
  0x000001f213d0d110 JavaThread "Execution worker Thread 4" [_thread_blocked, id=5680, stack(0x000000ec11a00000,0x000000ec11b00000)]
  0x000001f213d0dab0 JavaThread "Execution worker Thread 5" [_thread_blocked, id=28472, stack(0x000000ec11b00000,0x000000ec11c00000)]
  0x000001f213d0d5e0 JavaThread "Execution worker Thread 6" [_thread_in_Java, id=15020, stack(0x000000ec11c00000,0x000000ec11d00000)]
  0x000001f213d0df80 JavaThread "Execution worker Thread 7" [_thread_blocked, id=17992, stack(0x000000ec11d00000,0x000000ec11e00000)]
  0x000001f213d0af60 JavaThread "Execution worker Thread 8" [_thread_blocked, id=26904, stack(0x000000ec11e00000,0x000000ec11f00000)]
  0x000001f213d0e450 JavaThread "Execution worker Thread 9" [_thread_blocked, id=26416, stack(0x000000ec11f00000,0x000000ec12000000)]
  0x000001f213d0b430 JavaThread "Execution worker Thread 10" [_thread_blocked, id=6736, stack(0x000000ec12000000,0x000000ec12100000)]
  0x000001f213d0bdd0 JavaThread "Execution worker Thread 11" [_thread_blocked, id=25712, stack(0x000000ec12100000,0x000000ec12200000)]
  0x000001f213d0c770 JavaThread "Cache worker for execution history cache (C:\BTS\ANDROID\WkRFTG\ApplicationRFTG\.gradle\8.0\executionHistory)" [_thread_blocked, id=4444, stack(0x000000ec12200000,0x000000ec12300000)]

Other Threads:
  0x000001f27fc6cdb0 VMThread "VM Thread" [stack: 0x000000ec05d00000,0x000000ec05e00000] [id=28512]
  0x000001f27c3b1d10 WatcherThread [stack: 0x000000ec06900000,0x000000ec06a00000] [id=22436]
  0x000001f271de38a0 GCTaskThread "GC Thread#0" [stack: 0x000000ec05800000,0x000000ec05900000] [id=13428]
  0x000001f20f7f8c20 GCTaskThread "GC Thread#1" [stack: 0x000000ec06b00000,0x000000ec06c00000] [id=17360]
  0x000001f20f9513b0 GCTaskThread "GC Thread#2" [stack: 0x000000ec06c00000,0x000000ec06d00000] [id=18148]
  0x000001f20f951660 GCTaskThread "GC Thread#3" [stack: 0x000000ec06d00000,0x000000ec06e00000] [id=24868]
  0x000001f20f9520b0 GCTaskThread "GC Thread#4" [stack: 0x000000ec06e00000,0x000000ec06f00000] [id=22312]
  0x000001f20fb51fa0 GCTaskThread "GC Thread#5" [stack: 0x000000ec06f00000,0x000000ec07000000] [id=26988]
  0x000001f2112aea80 GCTaskThread "GC Thread#6" [stack: 0x000000ec07900000,0x000000ec07a00000] [id=27524]
  0x000001f211279170 GCTaskThread "GC Thread#7" [stack: 0x000000ec07a00000,0x000000ec07b00000] [id=11016]
  0x000001f21118e0f0 GCTaskThread "GC Thread#8" [stack: 0x000000ec07b00000,0x000000ec07c00000] [id=21212]
  0x000001f21118e3a0 GCTaskThread "GC Thread#9" [stack: 0x000000ec07c00000,0x000000ec07d00000] [id=19428]
  0x000001f271e33010 ConcurrentGCThread "G1 Main Marker" [stack: 0x000000ec05900000,0x000000ec05a00000] [id=5516]
  0x000001f271e34f80 ConcurrentGCThread "G1 Conc#0" [stack: 0x000000ec05a00000,0x000000ec05b00000] [id=16368]
  0x000001f2115409d0 ConcurrentGCThread "G1 Conc#1" [stack: 0x000000ec07d00000,0x000000ec07e00000] [id=18340]
  0x000001f211540470 ConcurrentGCThread "G1 Conc#2" [stack: 0x000000ec07e00000,0x000000ec07f00000] [id=18940]
  0x000001f27c460c60 ConcurrentGCThread "G1 Refine#0" [stack: 0x000000ec05b00000,0x000000ec05c00000] [id=28480]
  0x000001f21164bec0 ConcurrentGCThread "G1 Refine#1" [stack: 0x000000ec11500000,0x000000ec11600000] [id=13780]
  0x000001f27c461430 ConcurrentGCThread "G1 Service" [stack: 0x000000ec05c00000,0x000000ec05d00000] [id=21476]

Threads with active compile tasks:
C2 CompilerThread0    14310 11297       4       com.google.common.collect.ImmutableSortedMap::fromEntries (355 bytes)
C2 CompilerThread1    14310 11302       4       org.gradle.cache.internal.CrossProcessSynchronizingCache::getIfPresent (17 bytes)
C2 CompilerThread2    14311 11257   !   4       org.gradle.internal.instantiation.generator.DependencyInjectingInstantiator::doCreate (64 bytes)

VM state: not at safepoint (normal execution)

VM Mutex/Monitor currently owned by a thread: None

Heap address: 0x0000000080000000, size: 2048 MB, Compressed Oops mode: 32-bit

CDS archive(s) not mapped
Compressed class space mapped at: 0x0000000100000000-0x0000000140000000, reserved size: 1073741824
Narrow klass base: 0x0000000000000000, Narrow klass shift: 3, Narrow klass range: 0x140000000

GC Precious Log:
 CPUs: 12 total, 12 available
 Memory: 16016M
 Large Page Support: Disabled
 NUMA Support: Disabled
 Compressed Oops: Enabled (32-bit)
 Heap Region Size: 1M
 Heap Min Capacity: 8M
 Heap Initial Capacity: 252M
 Heap Max Capacity: 2G
 Pre-touch: Disabled
 Parallel Workers: 10
 Concurrent Workers: 3
 Concurrent Refinement Workers: 10
 Periodic GC: Disabled

Heap:
 garbage-first heap   total 153600K, used 96704K [0x0000000080000000, 0x0000000100000000)
  region size 1024K, 18 young (18432K), 3 survivors (3072K)
 Metaspace       used 91363K, committed 92032K, reserved 1130496K
  class space    used 12554K, committed 12864K, reserved 1048576K

Heap Regions: E=young(eden), S=young(survivor), O=old, HS=humongous(starts), HC=humongous(continues), CS=collection set, F=free, OA=open archive, CA=closed archive, TAMS=top-at-mark-start (previous, next)
|   0|0x0000000080000000, 0x0000000080100000, 0x0000000080100000|100%|HS|  |TAMS 0x0000000080100000, 0x0000000080000000| Complete 
|   1|0x0000000080100000, 0x0000000080200000, 0x0000000080200000|100%|HC|  |TAMS 0x0000000080200000, 0x0000000080100000| Complete 
|   2|0x0000000080200000, 0x0000000080300000, 0x0000000080300000|100%|HC|  |TAMS 0x0000000080300000, 0x0000000080200000| Complete 
|   3|0x0000000080300000, 0x0000000080400000, 0x0000000080400000|100%|HC|  |TAMS 0x0000000080400000, 0x0000000080300000| Complete 
|   4|0x0000000080400000, 0x0000000080500000, 0x0000000080500000|100%| O|  |TAMS 0x0000000080500000, 0x0000000080400000| Untracked 
|   5|0x0000000080500000, 0x0000000080600000, 0x0000000080600000|100%| O|  |TAMS 0x0000000080600000, 0x0000000080500000| Untracked 
|   6|0x0000000080600000, 0x0000000080700000, 0x0000000080700000|100%| O|  |TAMS 0x0000000080700000, 0x0000000080600000| Untracked 
|   7|0x0000000080700000, 0x0000000080800000, 0x0000000080800000|100%| O|  |TAMS 0x0000000080800000, 0x0000000080700000| Untracked 
|   8|0x0000000080800000, 0x0000000080900000, 0x0000000080900000|100%| O|  |TAMS 0x0000000080900000, 0x0000000080800000| Untracked 
|   9|0x0000000080900000, 0x0000000080a00000, 0x0000000080a00000|100%| O|  |TAMS 0x0000000080a00000, 0x0000000080900000| Untracked 
|  10|0x0000000080a00000, 0x0000000080b00000, 0x0000000080b00000|100%| O|  |TAMS 0x0000000080b00000, 0x0000000080a00000| Untracked 
|  11|0x0000000080b00000, 0x0000000080b00000, 0x0000000080c00000|  0%| F|  |TAMS 0x0000000080b00000, 0x0000000080b00000| Untracked 
|  12|0x0000000080c00000, 0x0000000080d00000, 0x0000000080d00000|100%| O|  |TAMS 0x0000000080d00000, 0x0000000080c00000| Untracked 
|  13|0x0000000080d00000, 0x0000000080e00000, 0x0000000080e00000|100%| O|  |TAMS 0x0000000080e00000, 0x0000000080d00000| Untracked 
|  14|0x0000000080e00000, 0x0000000080f00000, 0x0000000080f00000|100%| O|  |TAMS 0x0000000080f00000, 0x0000000080e00000| Untracked 
|  15|0x0000000080f00000, 0x0000000081000000, 0x0000000081000000|100%| O|  |TAMS 0x0000000081000000, 0x0000000080f00000| Untracked 
|  16|0x0000000081000000, 0x0000000081100000, 0x0000000081100000|100%| O|  |TAMS 0x0000000081100000, 0x0000000081000000| Untracked 
|  17|0x0000000081100000, 0x0000000081200000, 0x0000000081200000|100%| O|  |TAMS 0x0000000081200000, 0x0000000081100000| Untracked 
|  18|0x0000000081200000, 0x0000000081300000, 0x0000000081300000|100%| O|  |TAMS 0x0000000081300000, 0x0000000081200000| Untracked 
|  19|0x0000000081300000, 0x0000000081400000, 0x0000000081400000|100%| O|  |TAMS 0x0000000081400000, 0x0000000081300000| Untracked 
|  20|0x0000000081400000, 0x0000000081500000, 0x0000000081500000|100%| O|  |TAMS 0x0000000081500000, 0x0000000081400000| Untracked 
|  21|0x0000000081500000, 0x0000000081600000, 0x0000000081600000|100%| O|  |TAMS 0x0000000081600000, 0x0000000081500000| Untracked 
|  22|0x0000000081600000, 0x0000000081700000, 0x0000000081700000|100%| O|  |TAMS 0x0000000081700000, 0x0000000081600000| Untracked 
|  23|0x0000000081700000, 0x0000000081800000, 0x0000000081800000|100%| O|  |TAMS 0x0000000081800000, 0x0000000081700000| Untracked 
|  24|0x0000000081800000, 0x0000000081900000, 0x0000000081900000|100%| O|  |TAMS 0x0000000081900000, 0x0000000081800000| Untracked 
|  25|0x0000000081900000, 0x0000000081a00000, 0x0000000081a00000|100%| O|  |TAMS 0x0000000081a00000, 0x0000000081900000| Untracked 
|  26|0x0000000081a00000, 0x0000000081b00000, 0x0000000081b00000|100%| O|  |TAMS 0x0000000081b00000, 0x0000000081a00000| Untracked 
|  27|0x0000000081b00000, 0x0000000081c00000, 0x0000000081c00000|100%| O|  |TAMS 0x0000000081c00000, 0x0000000081b00000| Untracked 
|  28|0x0000000081c00000, 0x0000000081d00000, 0x0000000081d00000|100%| O|  |TAMS 0x0000000081d00000, 0x0000000081c00000| Untracked 
|  29|0x0000000081d00000, 0x0000000081e00000, 0x0000000081e00000|100%| O|  |TAMS 0x0000000081e00000, 0x0000000081d00000| Untracked 
|  30|0x0000000081e00000, 0x0000000081f00000, 0x0000000081f00000|100%| O|  |TAMS 0x0000000081f00000, 0x0000000081e00000| Untracked 
|  31|0x0000000081f00000, 0x0000000082000000, 0x0000000082000000|100%| O|  |TAMS 0x0000000082000000, 0x0000000081f00000| Untracked 
|  32|0x0000000082000000, 0x0000000082100000, 0x0000000082100000|100%|HS|  |TAMS 0x0000000082100000, 0x0000000082000000| Complete 
|  33|0x0000000082100000, 0x0000000082200000, 0x0000000082200000|100%|HS|  |TAMS 0x0000000082200000, 0x0000000082100000| Complete 
|  34|0x0000000082200000, 0x0000000082300000, 0x0000000082300000|100%|HS|  |TAMS 0x0000000082300000, 0x0000000082200000| Complete 
|  35|0x0000000082300000, 0x0000000082400000, 0x0000000082400000|100%| O|  |TAMS 0x0000000082400000, 0x0000000082300000| Untracked 
|  36|0x0000000082400000, 0x0000000082500000, 0x0000000082500000|100%| O|  |TAMS 0x0000000082500000, 0x0000000082400000| Untracked 
|  37|0x0000000082500000, 0x0000000082600000, 0x0000000082600000|100%| O|  |TAMS 0x0000000082600000, 0x0000000082500000| Untracked 
|  38|0x0000000082600000, 0x0000000082700000, 0x0000000082700000|100%| O|  |TAMS 0x0000000082700000, 0x0000000082600000| Untracked 
|  39|0x0000000082700000, 0x0000000082800000, 0x0000000082800000|100%| O|  |TAMS 0x0000000082800000, 0x0000000082700000| Untracked 
|  40|0x0000000082800000, 0x0000000082900000, 0x0000000082900000|100%| O|  |TAMS 0x0000000082900000, 0x0000000082800000| Untracked 
|  41|0x0000000082900000, 0x0000000082a00000, 0x0000000082a00000|100%| O|  |TAMS 0x0000000082a00000, 0x0000000082900000| Untracked 
|  42|0x0000000082a00000, 0x0000000082b00000, 0x0000000082b00000|100%| O|  |TAMS 0x0000000082b00000, 0x0000000082a00000| Untracked 
|  43|0x0000000082b00000, 0x0000000082c00000, 0x0000000082c00000|100%| O|  |TAMS 0x0000000082c00000, 0x0000000082b00000| Untracked 
|  44|0x0000000082c00000, 0x0000000082d00000, 0x0000000082d00000|100%| O|  |TAMS 0x0000000082d00000, 0x0000000082c00000| Untracked 
|  45|0x0000000082d00000, 0x0000000082e00000, 0x0000000082e00000|100%| O|  |TAMS 0x0000000082e00000, 0x0000000082d00000| Untracked 
|  46|0x0000000082e00000, 0x0000000082f00000, 0x0000000082f00000|100%| O|  |TAMS 0x0000000082f00000, 0x0000000082e00000| Untracked 
|  47|0x0000000082f00000, 0x0000000083000000, 0x0000000083000000|100%| O|  |TAMS 0x0000000083000000, 0x0000000082f00000| Untracked 
|  48|0x0000000083000000, 0x0000000083100000, 0x0000000083100000|100%| O|  |TAMS 0x0000000083100000, 0x0000000083000000| Untracked 
|  49|0x0000000083100000, 0x0000000083200000, 0x0000000083200000|100%| O|  |TAMS 0x0000000083200000, 0x0000000083100000| Untracked 
|  50|0x0000000083200000, 0x0000000083300000, 0x0000000083300000|100%| O|  |TAMS 0x0000000083300000, 0x0000000083200000| Untracked 
|  51|0x0000000083300000, 0x0000000083400000, 0x0000000083400000|100%| O|  |TAMS 0x0000000083400000, 0x0000000083300000| Untracked 
|  52|0x0000000083400000, 0x0000000083500000, 0x0000000083500000|100%| O|  |TAMS 0x0000000083500000, 0x0000000083400000| Untracked 
|  53|0x0000000083500000, 0x0000000083600000, 0x0000000083600000|100%| O|  |TAMS 0x0000000083600000, 0x0000000083500000| Untracked 
|  54|0x0000000083600000, 0x0000000083700000, 0x0000000083700000|100%| O|  |TAMS 0x0000000083700000, 0x0000000083600000| Untracked 
|  55|0x0000000083700000, 0x0000000083800000, 0x0000000083800000|100%| O|  |TAMS 0x0000000083800000, 0x0000000083700000| Untracked 
|  56|0x0000000083800000, 0x0000000083900000, 0x0000000083900000|100%| O|  |TAMS 0x0000000083900000, 0x0000000083800000| Untracked 
|  57|0x0000000083900000, 0x0000000083a00000, 0x0000000083a00000|100%| O|  |TAMS 0x0000000083a00000, 0x0000000083900000| Untracked 
|  58|0x0000000083a00000, 0x0000000083b00000, 0x0000000083b00000|100%| O|  |TAMS 0x0000000083b00000, 0x0000000083a00000| Untracked 
|  59|0x0000000083b00000, 0x0000000083c00000, 0x0000000083c00000|100%| O|  |TAMS 0x0000000083c00000, 0x0000000083b00000| Untracked 
|  60|0x0000000083c00000, 0x0000000083d00000, 0x0000000083d00000|100%| O|  |TAMS 0x0000000083d00000, 0x0000000083c00000| Untracked 
|  61|0x0000000083d00000, 0x0000000083e00000, 0x0000000083e00000|100%| O|  |TAMS 0x0000000083e00000, 0x0000000083d00000| Untracked 
|  62|0x0000000083e00000, 0x0000000083f00000, 0x0000000083f00000|100%| O|  |TAMS 0x0000000083f00000, 0x0000000083e00000| Untracked 
|  63|0x0000000083f00000, 0x0000000084000000, 0x0000000084000000|100%| O|  |TAMS 0x0000000084000000, 0x0000000083f00000| Untracked 
|  64|0x0000000084000000, 0x0000000084100000, 0x0000000084100000|100%| O|  |TAMS 0x0000000084100000, 0x0000000084000000| Untracked 
|  65|0x0000000084100000, 0x0000000084200000, 0x0000000084200000|100%| O|  |TAMS 0x0000000084200000, 0x0000000084100000| Untracked 
|  66|0x0000000084200000, 0x0000000084300000, 0x0000000084300000|100%| O|  |TAMS 0x0000000084300000, 0x0000000084200000| Untracked 
|  67|0x0000000084300000, 0x0000000084400000, 0x0000000084400000|100%| O|  |TAMS 0x0000000084400000, 0x0000000084300000| Untracked 
|  68|0x0000000084400000, 0x0000000084500000, 0x0000000084500000|100%| O|  |TAMS 0x0000000084500000, 0x0000000084400000| Untracked 
|  69|0x0000000084500000, 0x0000000084600000, 0x0000000084600000|100%| O|  |TAMS 0x0000000084600000, 0x0000000084500000| Untracked 
|  70|0x0000000084600000, 0x0000000084700000, 0x0000000084700000|100%| O|  |TAMS 0x0000000084700000, 0x0000000084600000| Complete 
|  71|0x0000000084700000, 0x0000000084800000, 0x0000000084800000|100%| O|  |TAMS 0x0000000084800000, 0x0000000084700000| Untracked 
|  72|0x0000000084800000, 0x0000000084900000, 0x0000000084900000|100%| O|  |TAMS 0x0000000084900000, 0x0000000084800000| Untracked 
|  73|0x0000000084900000, 0x0000000084a00000, 0x0000000084a00000|100%| O|  |TAMS 0x0000000084a00000, 0x0000000084900000| Untracked 
|  74|0x0000000084a00000, 0x0000000084b00000, 0x0000000084b00000|100%| O|  |TAMS 0x0000000084b00000, 0x0000000084a00000| Untracked 
|  75|0x0000000084b00000, 0x0000000084c00000, 0x0000000084c00000|100%| O|  |TAMS 0x0000000084c00000, 0x0000000084b00000| Untracked 
|  76|0x0000000084c00000, 0x0000000084d00000, 0x0000000084d00000|100%| O|  |TAMS 0x0000000084d00000, 0x0000000084c00000| Untracked 
|  77|0x0000000084d00000, 0x0000000084e00000, 0x0000000084e00000|100%| O|  |TAMS 0x0000000084e00000, 0x0000000084d00000| Untracked 
|  78|0x0000000084e00000, 0x0000000084f00000, 0x0000000084f00000|100%| O|  |TAMS 0x0000000084f00000, 0x0000000084e00000| Untracked 
|  79|0x0000000084f00000, 0x0000000084f7aa00, 0x0000000085000000| 47%| O|  |TAMS 0x0000000084f7aa00, 0x0000000084f00000| Untracked 
|  80|0x0000000085000000, 0x0000000085000000, 0x0000000085100000|  0%| F|  |TAMS 0x0000000085000000, 0x0000000085000000| Untracked 
|  81|0x0000000085100000, 0x0000000085100000, 0x0000000085200000|  0%| F|  |TAMS 0x0000000085100000, 0x0000000085100000| Untracked 
|  82|0x0000000085200000, 0x0000000085200000, 0x0000000085300000|  0%| F|  |TAMS 0x0000000085200000, 0x0000000085200000| Untracked 
|  83|0x0000000085300000, 0x0000000085300000, 0x0000000085400000|  0%| F|  |TAMS 0x0000000085300000, 0x0000000085300000| Untracked 
|  84|0x0000000085400000, 0x0000000085400000, 0x0000000085500000|  0%| F|  |TAMS 0x0000000085400000, 0x0000000085400000| Untracked 
|  85|0x0000000085500000, 0x0000000085500000, 0x0000000085600000|  0%| F|  |TAMS 0x0000000085500000, 0x0000000085500000| Untracked 
|  86|0x0000000085600000, 0x0000000085600000, 0x0000000085700000|  0%| F|  |TAMS 0x0000000085600000, 0x0000000085600000| Untracked 
|  87|0x0000000085700000, 0x0000000085700000, 0x0000000085800000|  0%| F|  |TAMS 0x0000000085700000, 0x0000000085700000| Untracked 
|  88|0x0000000085800000, 0x0000000085800000, 0x0000000085900000|  0%| F|  |TAMS 0x0000000085800000, 0x0000000085800000| Untracked 
|  89|0x0000000085900000, 0x0000000085900000, 0x0000000085a00000|  0%| F|  |TAMS 0x0000000085900000, 0x0000000085900000| Untracked 
|  90|0x0000000085a00000, 0x0000000085a00000, 0x0000000085b00000|  0%| F|  |TAMS 0x0000000085a00000, 0x0000000085a00000| Untracked 
|  91|0x0000000085b00000, 0x0000000085b00000, 0x0000000085c00000|  0%| F|  |TAMS 0x0000000085b00000, 0x0000000085b00000| Untracked 
|  92|0x0000000085c00000, 0x0000000085c00000, 0x0000000085d00000|  0%| F|  |TAMS 0x0000000085c00000, 0x0000000085c00000| Untracked 
|  93|0x0000000085d00000, 0x0000000085d00000, 0x0000000085e00000|  0%| F|  |TAMS 0x0000000085d00000, 0x0000000085d00000| Untracked 
|  94|0x0000000085e00000, 0x0000000085e00000, 0x0000000085f00000|  0%| F|  |TAMS 0x0000000085e00000, 0x0000000085e00000| Untracked 
|  95|0x0000000085f00000, 0x0000000085f00000, 0x0000000086000000|  0%| F|  |TAMS 0x0000000085f00000, 0x0000000085f00000| Untracked 
|  96|0x0000000086000000, 0x0000000086000000, 0x0000000086100000|  0%| F|  |TAMS 0x0000000086000000, 0x0000000086000000| Untracked 
|  97|0x0000000086100000, 0x0000000086100000, 0x0000000086200000|  0%| F|  |TAMS 0x0000000086100000, 0x0000000086100000| Untracked 
|  98|0x0000000086200000, 0x0000000086200000, 0x0000000086300000|  0%| F|  |TAMS 0x0000000086200000, 0x0000000086200000| Untracked 
|  99|0x0000000086300000, 0x0000000086300000, 0x0000000086400000|  0%| F|  |TAMS 0x0000000086300000, 0x0000000086300000| Untracked 
| 100|0x0000000086400000, 0x0000000086400000, 0x0000000086500000|  0%| F|  |TAMS 0x0000000086400000, 0x0000000086400000| Untracked 
| 101|0x0000000086500000, 0x0000000086500000, 0x0000000086600000|  0%| F|  |TAMS 0x0000000086500000, 0x0000000086500000| Untracked 
| 102|0x0000000086600000, 0x0000000086600000, 0x0000000086700000|  0%| F|  |TAMS 0x0000000086600000, 0x0000000086600000| Untracked 
| 103|0x0000000086700000, 0x00000000867f5728, 0x0000000086800000| 95%| S|CS|TAMS 0x0000000086700000, 0x0000000086700000| Complete 
| 104|0x0000000086800000, 0x0000000086900000, 0x0000000086900000|100%| S|CS|TAMS 0x0000000086800000, 0x0000000086800000| Complete 
| 105|0x0000000086900000, 0x0000000086a00000, 0x0000000086a00000|100%| S|CS|TAMS 0x0000000086900000, 0x0000000086900000| Complete 
| 106|0x0000000086a00000, 0x0000000086a00000, 0x0000000086b00000|  0%| F|  |TAMS 0x0000000086a00000, 0x0000000086a00000| Untracked 
| 107|0x0000000086b00000, 0x0000000086b00000, 0x0000000086c00000|  0%| F|  |TAMS 0x0000000086b00000, 0x0000000086b00000| Untracked 
| 108|0x0000000086c00000, 0x0000000086c00000, 0x0000000086d00000|  0%| F|  |TAMS 0x0000000086c00000, 0x0000000086c00000| Untracked 
| 109|0x0000000086d00000, 0x0000000086d00000, 0x0000000086e00000|  0%| F|  |TAMS 0x0000000086d00000, 0x0000000086d00000| Untracked 
| 110|0x0000000086e00000, 0x0000000086e00000, 0x0000000086f00000|  0%| F|  |TAMS 0x0000000086e00000, 0x0000000086e00000| Untracked 
| 111|0x0000000086f00000, 0x0000000086f00000, 0x0000000087000000|  0%| F|  |TAMS 0x0000000086f00000, 0x0000000086f00000| Untracked 
| 112|0x0000000087000000, 0x0000000087000000, 0x0000000087100000|  0%| F|  |TAMS 0x0000000087000000, 0x0000000087000000| Untracked 
| 113|0x0000000087100000, 0x0000000087100000, 0x0000000087200000|  0%| F|  |TAMS 0x0000000087100000, 0x0000000087100000| Untracked 
| 114|0x0000000087200000, 0x0000000087200000, 0x0000000087300000|  0%| F|  |TAMS 0x0000000087200000, 0x0000000087200000| Untracked 
| 115|0x0000000087300000, 0x0000000087300000, 0x0000000087400000|  0%| F|  |TAMS 0x0000000087300000, 0x0000000087300000| Untracked 
| 116|0x0000000087400000, 0x0000000087400000, 0x0000000087500000|  0%| F|  |TAMS 0x0000000087400000, 0x0000000087400000| Untracked 
| 117|0x0000000087500000, 0x0000000087500000, 0x0000000087600000|  0%| F|  |TAMS 0x0000000087500000, 0x0000000087500000| Untracked 
| 118|0x0000000087600000, 0x0000000087600000, 0x0000000087700000|  0%| F|  |TAMS 0x0000000087600000, 0x0000000087600000| Untracked 
| 119|0x0000000087700000, 0x0000000087700000, 0x0000000087800000|  0%| F|  |TAMS 0x0000000087700000, 0x0000000087700000| Untracked 
| 120|0x0000000087800000, 0x0000000087800000, 0x0000000087900000|  0%| F|  |TAMS 0x0000000087800000, 0x0000000087800000| Untracked 
| 121|0x0000000087900000, 0x0000000087900000, 0x0000000087a00000|  0%| F|  |TAMS 0x0000000087900000, 0x0000000087900000| Untracked 
| 122|0x0000000087a00000, 0x0000000087a00000, 0x0000000087b00000|  0%| F|  |TAMS 0x0000000087a00000, 0x0000000087a00000| Untracked 
| 123|0x0000000087b00000, 0x0000000087b00000, 0x0000000087c00000|  0%| F|  |TAMS 0x0000000087b00000, 0x0000000087b00000| Untracked 
| 124|0x0000000087c00000, 0x0000000087c00000, 0x0000000087d00000|  0%| F|  |TAMS 0x0000000087c00000, 0x0000000087c00000| Untracked 
| 125|0x0000000087d00000, 0x0000000087d00000, 0x0000000087e00000|  0%| F|  |TAMS 0x0000000087d00000, 0x0000000087d00000| Untracked 
| 126|0x0000000087e00000, 0x0000000087e00000, 0x0000000087f00000|  0%| F|  |TAMS 0x0000000087e00000, 0x0000000087e00000| Untracked 
| 127|0x0000000087f00000, 0x0000000087f00000, 0x0000000088000000|  0%| F|  |TAMS 0x0000000087f00000, 0x0000000087f00000| Untracked 
| 128|0x0000000088000000, 0x0000000088000000, 0x0000000088100000|  0%| F|  |TAMS 0x0000000088000000, 0x0000000088000000| Untracked 
| 129|0x0000000088100000, 0x0000000088100000, 0x0000000088200000|  0%| F|  |TAMS 0x0000000088100000, 0x0000000088100000| Untracked 
| 130|0x0000000088200000, 0x0000000088200000, 0x0000000088300000|  0%| F|  |TAMS 0x0000000088200000, 0x0000000088200000| Untracked 
| 131|0x0000000088300000, 0x0000000088300000, 0x0000000088400000|  0%| F|  |TAMS 0x0000000088300000, 0x0000000088300000| Untracked 
| 132|0x0000000088400000, 0x0000000088400000, 0x0000000088500000|  0%| F|  |TAMS 0x0000000088400000, 0x0000000088400000| Untracked 
| 133|0x0000000088500000, 0x0000000088500000, 0x0000000088600000|  0%| F|  |TAMS 0x0000000088500000, 0x0000000088500000| Untracked 
| 134|0x0000000088600000, 0x0000000088616d38, 0x0000000088700000|  8%| E|  |TAMS 0x0000000088600000, 0x0000000088600000| Complete 
| 135|0x0000000088700000, 0x0000000088800000, 0x0000000088800000|100%| E|CS|TAMS 0x0000000088700000, 0x0000000088700000| Complete 
| 136|0x0000000088800000, 0x0000000088900000, 0x0000000088900000|100%| E|CS|TAMS 0x0000000088800000, 0x0000000088800000| Complete 
| 137|0x0000000088900000, 0x0000000088a00000, 0x0000000088a00000|100%| E|CS|TAMS 0x0000000088900000, 0x0000000088900000| Complete 
| 138|0x0000000088a00000, 0x0000000088b00000, 0x0000000088b00000|100%| E|CS|TAMS 0x0000000088a00000, 0x0000000088a00000| Complete 
| 139|0x0000000088b00000, 0x0000000088c00000, 0x0000000088c00000|100%| E|CS|TAMS 0x0000000088b00000, 0x0000000088b00000| Complete 
| 140|0x0000000088c00000, 0x0000000088d00000, 0x0000000088d00000|100%| E|CS|TAMS 0x0000000088c00000, 0x0000000088c00000| Complete 
| 202|0x000000008ca00000, 0x000000008cb00000, 0x000000008cb00000|100%| E|  |TAMS 0x000000008ca00000, 0x000000008ca00000| Complete 
| 203|0x000000008cb00000, 0x000000008cc00000, 0x000000008cc00000|100%| E|CS|TAMS 0x000000008cb00000, 0x000000008cb00000| Complete 
| 204|0x000000008cc00000, 0x000000008cd00000, 0x000000008cd00000|100%| E|CS|TAMS 0x000000008cc00000, 0x000000008cc00000| Complete 
| 205|0x000000008cd00000, 0x000000008ce00000, 0x000000008ce00000|100%| E|CS|TAMS 0x000000008cd00000, 0x000000008cd00000| Complete 
| 206|0x000000008ce00000, 0x000000008cf00000, 0x000000008cf00000|100%| E|CS|TAMS 0x000000008ce00000, 0x000000008ce00000| Complete 
| 207|0x000000008cf00000, 0x000000008d000000, 0x000000008d000000|100%| E|CS|TAMS 0x000000008cf00000, 0x000000008cf00000| Complete 
| 208|0x000000008d000000, 0x000000008d100000, 0x000000008d100000|100%| E|CS|TAMS 0x000000008d000000, 0x000000008d000000| Complete 
| 209|0x000000008d100000, 0x000000008d200000, 0x000000008d200000|100%| E|CS|TAMS 0x000000008d100000, 0x000000008d100000| Complete 
| 251|0x000000008fb00000, 0x000000008fc00000, 0x000000008fc00000|100%| E|CS|TAMS 0x000000008fb00000, 0x000000008fb00000| Complete 

Card table byte_map: [0x000001f277b10000,0x000001f277f10000] _byte_map_base: 0x000001f277710000

Marking Bits (Prev, Next): (CMBitMap*) 0x000001f271de3e00, (CMBitMap*) 0x000001f271de3dc0
 Prev Bits: [0x000001f27a310000, 0x000001f27c310000)
 Next Bits: [0x000001f278310000, 0x000001f27a310000)

Polling page: 0x000001f271a40000

Metaspace:

Usage:
  Non-class:     76.97 MB used.
      Class:     12.26 MB used.
       Both:     89.23 MB used.

Virtual space:
  Non-class space:       80.00 MB reserved,      77.31 MB ( 97%) committed,  10 nodes.
      Class space:        1.00 GB reserved,      12.56 MB (  1%) committed,  1 nodes.
             Both:        1.08 GB reserved,      89.88 MB (  8%) committed. 

Chunk freelists:
   Non-Class:  1.79 MB
       Class:  3.42 MB
        Both:  5.21 MB

MaxMetaspaceSize: unlimited
CompressedClassSpaceSize: 1.00 GB
Initial GC threshold: 21.00 MB
Current GC threshold: 149.81 MB
CDS: off
MetaspaceReclaimPolicy: balanced
 - commit_granule_bytes: 65536.
 - commit_granule_words: 8192.
 - virtual_space_node_default_size: 1048576.
 - enlarge_chunks_in_place: 1.
 - new_chunks_are_fully_committed: 0.
 - uncommit_free_chunks: 1.
 - use_allocation_guard: 0.
 - handle_deallocations: 1.


Internal statistics:

num_allocs_failed_limit: 6.
num_arena_births: 1000.
num_arena_deaths: 22.
num_vsnodes_births: 11.
num_vsnodes_deaths: 0.
num_space_committed: 1438.
num_space_uncommitted: 0.
num_chunks_returned_to_freelist: 32.
num_chunks_taken_from_freelist: 4320.
num_chunk_merges: 18.
num_chunk_splits: 2856.
num_chunks_enlarged: 1928.
num_purges: 2.
num_inconsistent_stats: 0.

CodeHeap 'non-profiled nmethods': size=120000Kb used=6262Kb max_used=6262Kb free=113737Kb
 bounds [0x000001f207ad0000, 0x000001f2080f0000, 0x000001f20f000000]
CodeHeap 'profiled nmethods': size=120000Kb used=18449Kb max_used=18449Kb free=101550Kb
 bounds [0x000001f200000000, 0x000001f201210000, 0x000001f207530000]
CodeHeap 'non-nmethods': size=5760Kb used=2385Kb max_used=2451Kb free=3374Kb
 bounds [0x000001f207530000, 0x000001f2077a0000, 0x000001f207ad0000]
 total_blobs=10710 nmethods=9792 adapters=830
 compilation: enabled
              stopped_count=0, restarted_count=0
 full_count=0

Compilation events (20 events):
Event: 13.167 Thread 0x000001f27fcca8e0 11287       4       com.google.common.collect.SingletonImmutableSet::iterator (5 bytes)
Event: 13.168 Thread 0x000001f27fcca8e0 nmethod 11287 0x000001f2080dee90 code [0x000001f2080df020, 0x000001f2080df0f8]
Event: 13.169 Thread 0x000001f27fccb290 11288       1       com.google.common.collect.Maps$FilteredEntryMap$EntrySet$1$1::delegate (5 bytes)
Event: 13.170 Thread 0x000001f27fccb290 nmethod 11288 0x000001f2080df210 code [0x000001f2080df3a0, 0x000001f2080df478]
Event: 13.172 Thread 0x000001f27fcca8e0 11289       4       org.gradle.internal.vfs.impl.DefaultFileSystemAccess::readSnapshotFromLocation (27 bytes)
Event: 13.203 Thread 0x000001f27fcca8e0 nmethod 11289 0x000001f2080df510 code [0x000001f2080df760, 0x000001f2080e0488]
Event: 13.203 Thread 0x000001f27fcca8e0 11290       4       org.gradle.api.internal.file.EmptyFileCollection::visitContents (1 bytes)
Event: 13.203 Thread 0x000001f27fcca8e0 nmethod 11290 0x000001f2080e1110 code [0x000001f2080e1280, 0x000001f2080e12f8]
Event: 13.221 Thread 0x000001f27fcca8e0 11291       4       java.nio.ByteBuffer::order (48 bytes)
Event: 13.221 Thread 0x000001f27fcca8e0 nmethod 11291 0x000001f2080e1410 code [0x000001f2080e1580, 0x000001f2080e1638]
Event: 13.225 Thread 0x000001f27fccb290 11292       3       org.gradle.internal.execution.UnitOfWork$InputVisitor::visitInputProperty (1 bytes)
Event: 13.225 Thread 0x000001f27fccb290 nmethod 11292 0x000001f2011f3810 code [0x000001f2011f39a0, 0x000001f2011f3ab8]
Event: 13.238 Thread 0x000001f27fcca8e0 11293       4       org.gradle.internal.snapshot.DirectorySnapshot$$Lambda$355/0x00000001004c79c8::apply (8 bytes)
Event: 13.241 Thread 0x000001f27fcca8e0 nmethod 11293 0x000001f2080e1710 code [0x000001f2080e18a0, 0x000001f2080e1b78]
Event: 13.245 Thread 0x000001f27fcca8e0 11294       4       java.lang.ThreadLocal$ThreadLocalMap::expungeStaleEntry (146 bytes)
Event: 13.247 Thread 0x000001f27fccb290 11295       3       com.google.common.collect.ForwardingObject::<init> (5 bytes)
Event: 13.247 Thread 0x000001f27fccb290 nmethod 11295 0x000001f2011f3b90 code [0x000001f2011f3d20, 0x000001f2011f3e78]
Event: 13.254 Thread 0x000001f27fcca8e0 nmethod 11294 0x000001f2080e1c90 code [0x000001f2080e1e20, 0x000001f2080e2398]
Event: 13.265 Thread 0x000001f27fcca8e0 11296       4       org.gradle.internal.snapshot.CompositeFileSystemSnapshot::of (56 bytes)
Event: 13.287 Thread 0x000001f27fccb290 11299       3       com.google.common.collect.Iterators$5::<init> (15 bytes)

GC Heap History (20 events):
Event: 8.796 GC heap before
{Heap before GC invocations=26 (full 0):
 garbage-first heap   total 106496K, used 69231K [0x0000000080000000, 0x0000000100000000)
  region size 1024K, 19 young (19456K), 4 survivors (4096K)
 Metaspace       used 74155K, committed 74752K, reserved 1114112K
  class space    used 9879K, committed 10176K, reserved 1048576K
}
Event: 8.799 GC heap after
{Heap after GC invocations=27 (full 0):
 garbage-first heap   total 128000K, used 56065K [0x0000000080000000, 0x0000000100000000)
  region size 1024K, 4 young (4096K), 4 survivors (4096K)
 Metaspace       used 74155K, committed 74752K, reserved 1114112K
  class space    used 9879K, committed 10176K, reserved 1048576K
}
Event: 9.333 GC heap before
{Heap before GC invocations=27 (full 0):
 garbage-first heap   total 128000K, used 100097K [0x0000000080000000, 0x0000000100000000)
  region size 1024K, 46 young (47104K), 4 survivors (4096K)
 Metaspace       used 79094K, committed 79680K, reserved 1122304K
  class space    used 10756K, committed 11072K, reserved 1048576K
}
Event: 9.336 GC heap after
{Heap after GC invocations=28 (full 0):
 garbage-first heap   total 128000K, used 58238K [0x0000000080000000, 0x0000000100000000)
  region size 1024K, 4 young (4096K), 4 survivors (4096K)
 Metaspace       used 79094K, committed 79680K, reserved 1122304K
  class space    used 10756K, committed 11072K, reserved 1048576K
}
Event: 9.940 GC heap before
{Heap before GC invocations=28 (full 0):
 garbage-first heap   total 128000K, used 101246K [0x0000000080000000, 0x0000000100000000)
  region size 1024K, 46 young (47104K), 4 survivors (4096K)
 Metaspace       used 83838K, committed 84416K, reserved 1122304K
  class space    used 11495K, committed 11776K, reserved 1048576K
}
Event: 9.945 GC heap after
{Heap after GC invocations=29 (full 0):
 garbage-first heap   total 128000K, used 61125K [0x0000000080000000, 0x0000000100000000)
  region size 1024K, 6 young (6144K), 6 survivors (6144K)
 Metaspace       used 83838K, committed 84416K, reserved 1122304K
  class space    used 11495K, committed 11776K, reserved 1048576K
}
Event: 10.435 GC heap before
{Heap before GC invocations=29 (full 0):
 garbage-first heap   total 128000K, used 103109K [0x0000000080000000, 0x0000000100000000)
  region size 1024K, 47 young (48128K), 6 survivors (6144K)
 Metaspace       used 87781K, committed 88384K, reserved 1130496K
  class space    used 12013K, committed 12288K, reserved 1048576K
}
Event: 10.443 GC heap after
{Heap after GC invocations=30 (full 0):
 garbage-first heap   total 128000K, used 65020K [0x0000000080000000, 0x0000000100000000)
  region size 1024K, 6 young (6144K), 6 survivors (6144K)
 Metaspace       used 87781K, committed 88384K, reserved 1130496K
  class space    used 12013K, committed 12288K, reserved 1048576K
}
Event: 10.680 GC heap before
{Heap before GC invocations=30 (full 0):
 garbage-first heap   total 128000K, used 102908K [0x0000000080000000, 0x0000000100000000)
  region size 1024K, 43 young (44032K), 6 survivors (6144K)
 Metaspace       used 88068K, committed 88704K, reserved 1130496K
  class space    used 12046K, committed 12352K, reserved 1048576K
}
Event: 10.687 GC heap after
{Heap after GC invocations=31 (full 0):
 garbage-first heap   total 128000K, used 71414K [0x0000000080000000, 0x0000000100000000)
  region size 1024K, 6 young (6144K), 6 survivors (6144K)
 Metaspace       used 88068K, committed 88704K, reserved 1130496K
  class space    used 12046K, committed 12352K, reserved 1048576K
}
Event: 11.292 GC heap before
{Heap before GC invocations=32 (full 0):
 garbage-first heap   total 128000K, used 102134K [0x0000000080000000, 0x0000000100000000)
  region size 1024K, 37 young (37888K), 6 survivors (6144K)
 Metaspace       used 90066K, committed 90752K, reserved 1130496K
  class space    used 12464K, committed 12800K, reserved 1048576K
}
Event: 11.298 GC heap after
{Heap after GC invocations=33 (full 0):
 garbage-first heap   total 128000K, used 75454K [0x0000000080000000, 0x0000000100000000)
  region size 1024K, 4 young (4096K), 4 survivors (4096K)
 Metaspace       used 90066K, committed 90752K, reserved 1130496K
  class space    used 12464K, committed 12800K, reserved 1048576K
}
Event: 11.492 GC heap before
{Heap before GC invocations=33 (full 0):
 garbage-first heap   total 128000K, used 103102K [0x0000000080000000, 0x0000000100000000)
  region size 1024K, 32 young (32768K), 4 survivors (4096K)
 Metaspace       used 90230K, committed 90944K, reserved 1130496K
  class space    used 12469K, committed 12800K, reserved 1048576K
}
Event: 11.587 GC heap after
{Heap after GC invocations=34 (full 0):
 garbage-first heap   total 153600K, used 77524K [0x0000000080000000, 0x0000000100000000)
  region size 1024K, 3 young (3072K), 3 survivors (3072K)
 Metaspace       used 90230K, committed 90944K, reserved 1130496K
  class space    used 12469K, committed 12800K, reserved 1048576K
}
Event: 12.263 GC heap before
{Heap before GC invocations=35 (full 0):
 garbage-first heap   total 153600K, used 122580K [0x0000000080000000, 0x0000000100000000)
  region size 1024K, 48 young (49152K), 3 survivors (3072K)
 Metaspace       used 90849K, committed 91456K, reserved 1130496K
  class space    used 12518K, committed 12800K, reserved 1048576K
}
Event: 12.268 GC heap after
{Heap after GC invocations=36 (full 0):
 garbage-first heap   total 153600K, used 80609K [0x0000000080000000, 0x0000000100000000)
  region size 1024K, 6 young (6144K), 6 survivors (6144K)
 Metaspace       used 90849K, committed 91456K, reserved 1130496K
  class space    used 12518K, committed 12800K, reserved 1048576K
}
Event: 12.291 GC heap before
{Heap before GC invocations=36 (full 0):
 garbage-first heap   total 153600K, used 81633K [0x0000000080000000, 0x0000000100000000)
  region size 1024K, 7 young (7168K), 6 survivors (6144K)
 Metaspace       used 90862K, committed 91456K, reserved 1130496K
  class space    used 12518K, committed 12800K, reserved 1048576K
}
Event: 12.294 GC heap after
{Heap after GC invocations=37 (full 0):
 garbage-first heap   total 153600K, used 81211K [0x0000000080000000, 0x0000000100000000)
  region size 1024K, 1 young (1024K), 1 survivors (1024K)
 Metaspace       used 90862K, committed 91456K, reserved 1130496K
  class space    used 12518K, committed 12800K, reserved 1048576K
}
Event: 13.077 GC heap before
{Heap before GC invocations=37 (full 0):
 garbage-first heap   total 153600K, used 124219K [0x0000000080000000, 0x0000000100000000)
  region size 1024K, 44 young (45056K), 1 survivors (1024K)
 Metaspace       used 91347K, committed 92032K, reserved 1130496K
  class space    used 12557K, committed 12864K, reserved 1048576K
}
Event: 13.080 GC heap after
{Heap after GC invocations=38 (full 0):
 garbage-first heap   total 153600K, used 83392K [0x0000000080000000, 0x0000000100000000)
  region size 1024K, 3 young (3072K), 3 survivors (3072K)
 Metaspace       used 91347K, committed 92032K, reserved 1130496K
  class space    used 12557K, committed 12864K, reserved 1048576K
}

Dll operation events (2 events):
Event: 0.023 Loaded shared library C:\BTS\ANDROID\android-studio-girafe\android-studio-2022.3.1.19-windows\android-studio\jbr\bin\java.dll
Event: 0.472 Loaded shared library C:\BTS\ANDROID\android-studio-girafe\android-studio-2022.3.1.19-windows\android-studio\jbr\bin\verify.dll

Deoptimization events (20 events):
Event: 12.679 Thread 0x000001f213d0b900 Uncommon trap: trap_request=0xffffff45 fr.pc=0x000001f207b42cf0 relative=0x0000000000000790
Event: 12.679 Thread 0x000001f213d0b900 Uncommon trap: reason=unstable_if action=reinterpret pc=0x000001f207b42cf0 method=org.gradle.internal.snapshot.VfsRelativePath.lengthOfCommonPrefix(Ljava/lang/String;Lorg/gradle/internal/snapshot/CaseSensitivity;)I @ 165 c2
Event: 12.679 Thread 0x000001f213d0b900 DEOPT PACKING pc=0x000001f207b42cf0 sp=0x000000ec117fb2b0
Event: 12.679 Thread 0x000001f213d0b900 DEOPT UNPACKING pc=0x000001f2075869a3 sp=0x000000ec117fb240 mode 2
Event: 12.778 Thread 0x000001f216e96390 Uncommon trap: trap_request=0xffffff45 fr.pc=0x000001f208078690 relative=0x00000000000006d0
Event: 12.778 Thread 0x000001f216e96390 Uncommon trap: reason=unstable_if action=reinterpret pc=0x000001f208078690 method=java.util.concurrent.ArrayBlockingQueue.enqueue(Ljava/lang/Object;)V @ 25 c2
Event: 12.778 Thread 0x000001f216e96390 DEOPT PACKING pc=0x000001f208078690 sp=0x000000ec0e3fb880
Event: 12.778 Thread 0x000001f216e96390 DEOPT UNPACKING pc=0x000001f2075869a3 sp=0x000000ec0e3fb850 mode 2
Event: 12.778 Thread 0x000001f211116410 Uncommon trap: trap_request=0xffffff45 fr.pc=0x000001f2080793a8 relative=0x0000000000000668
Event: 12.778 Thread 0x000001f211116410 Uncommon trap: reason=unstable_if action=reinterpret pc=0x000001f2080793a8 method=java.util.concurrent.ArrayBlockingQueue.dequeue()Ljava/lang/Object; @ 32 c2
Event: 12.778 Thread 0x000001f211116410 DEOPT PACKING pc=0x000001f2080793a8 sp=0x000000ec082fed20
Event: 12.778 Thread 0x000001f211116410 DEOPT UNPACKING pc=0x000001f2075869a3 sp=0x000000ec082fed00 mode 2
Event: 13.028 Thread 0x000001f2135346f0 Uncommon trap: trap_request=0xffffff45 fr.pc=0x000001f207bc2ce4 relative=0x00000000000004a4
Event: 13.028 Thread 0x000001f2135346f0 Uncommon trap: reason=unstable_if action=reinterpret pc=0x000001f207bc2ce4 method=java.util.concurrent.locks.LockSupport.unpark(Ljava/lang/Thread;)V @ 1 c2
Event: 13.028 Thread 0x000001f2135346f0 DEOPT PACKING pc=0x000001f207bc2ce4 sp=0x000000ec0f7fdd70
Event: 13.028 Thread 0x000001f2135346f0 DEOPT UNPACKING pc=0x000001f2075869a3 sp=0x000000ec0f7fdba0 mode 2
Event: 13.085 Thread 0x000001f213d0b900 Uncommon trap: trap_request=0xffffffde fr.pc=0x000001f2080c8900 relative=0x0000000000001b40
Event: 13.085 Thread 0x000001f213d0b900 Uncommon trap: reason=class_check action=maybe_recompile pc=0x000001f2080c8900 method=org.gradle.internal.snapshot.impl.AbstractValueProcessor.processValue(Ljava/lang/Object;Lorg/gradle/internal/snapshot/impl/AbstractValueProcessor$ValueVisitor;)Ljava/lan
Event: 13.085 Thread 0x000001f213d0b900 DEOPT PACKING pc=0x000001f2080c8900 sp=0x000000ec117fa590
Event: 13.085 Thread 0x000001f213d0b900 DEOPT UNPACKING pc=0x000001f2075869a3 sp=0x000000ec117fa578 mode 2

Classes unloaded (11 events):
Event: 13.134 Thread 0x000001f27fc6cdb0 Unloading class 0x0000000100c72c00 'java/lang/invoke/LambdaForm$DMH+0x0000000100c72c00'
Event: 13.134 Thread 0x000001f27fc6cdb0 Unloading class 0x0000000100c72800 'java/lang/invoke/LambdaForm$DMH+0x0000000100c72800'
Event: 13.134 Thread 0x000001f27fc6cdb0 Unloading class 0x0000000100c72400 'java/lang/invoke/LambdaForm$DMH+0x0000000100c72400'
Event: 13.134 Thread 0x000001f27fc6cdb0 Unloading class 0x0000000100c72000 'java/lang/invoke/LambdaForm$DMH+0x0000000100c72000'
Event: 13.134 Thread 0x000001f27fc6cdb0 Unloading class 0x0000000100c71c00 'java/lang/invoke/LambdaForm$DMH+0x0000000100c71c00'
Event: 13.134 Thread 0x000001f27fc6cdb0 Unloading class 0x0000000100c71800 'java/lang/invoke/LambdaForm$DMH+0x0000000100c71800'
Event: 13.134 Thread 0x000001f27fc6cdb0 Unloading class 0x0000000100c71400 'java/lang/invoke/LambdaForm$DMH+0x0000000100c71400'
Event: 13.134 Thread 0x000001f27fc6cdb0 Unloading class 0x0000000100c71000 'java/lang/invoke/LambdaForm$DMH+0x0000000100c71000'
Event: 13.134 Thread 0x000001f27fc6cdb0 Unloading class 0x0000000100c70c00 'java/lang/invoke/LambdaForm$DMH+0x0000000100c70c00'
Event: 13.134 Thread 0x000001f27fc6cdb0 Unloading class 0x0000000100c70400 'java/lang/invoke/LambdaForm$DMH+0x0000000100c70400'
Event: 13.134 Thread 0x000001f27fc6cdb0 Unloading class 0x0000000100c70000 'java/lang/invoke/LambdaForm$DMH+0x0000000100c70000'

Classes redefined (0 events):
No events

Internal exceptions (20 events):
Event: 11.199 Thread 0x000001f2144fe290 Exception <a 'java/lang/NoSuchMethodError'{0x000000008699f9a0}: 'java.lang.Object java.lang.invoke.DirectMethodHandle$Holder.invokeSpecialIFC(java.lang.Object, java.lang.Object, java.lang.Object)'> (0x000000008699f9a0) 
thrown [s\src\hotspot\share\interpreter\linkResolver.cpp, line 771]
Event: 11.199 Thread 0x000001f2144fada0 Exception <a 'java/lang/NoSuchMethodError'{0x0000000086982f10}: 'java.lang.Object java.lang.invoke.DirectMethodHandle$Holder.invokeSpecialIFC(java.lang.Object, java.lang.Object, java.lang.Object)'> (0x0000000086982f10) 
thrown [s\src\hotspot\share\interpreter\linkResolver.cpp, line 771]
Event: 11.199 Thread 0x000001f216e959f0 Exception <a 'java/lang/NoSuchMethodError'{0x00000000869c1830}: 'java.lang.Object java.lang.invoke.DirectMethodHandle$Holder.invokeSpecialIFC(java.lang.Object, java.lang.Object, java.lang.Object)'> (0x00000000869c1830) 
thrown [s\src\hotspot\share\interpreter\linkResolver.cpp, line 771]
Event: 11.199 Thread 0x000001f217192250 Exception <a 'java/lang/NoSuchMethodError'{0x00000000869b37e0}: 'java.lang.Object java.lang.invoke.DirectMethodHandle$Holder.invokeSpecialIFC(java.lang.Object, java.lang.Object, java.lang.Object)'> (0x00000000869b37e0) 
thrown [s\src\hotspot\share\interpreter\linkResolver.cpp, line 771]
Event: 11.199 Thread 0x000001f2144fb740 Exception <a 'java/lang/NoSuchMethodError'{0x000000008698f1d8}: 'java.lang.Object java.lang.invoke.DirectMethodHandle$Holder.invokeSpecialIFC(java.lang.Object, java.lang.Object, java.lang.Object)'> (0x000000008698f1d8) 
thrown [s\src\hotspot\share\interpreter\linkResolver.cpp, line 771]
Event: 11.199 Thread 0x000001f217191d80 Exception <a 'java/lang/NoSuchMethodError'{0x00000000869b99a8}: 'java.lang.Object java.lang.invoke.DirectMethodHandle$Holder.invokeSpecialIFC(java.lang.Object, java.lang.Object, java.lang.Object)'> (0x00000000869b99a8) 
thrown [s\src\hotspot\share\interpreter\linkResolver.cpp, line 771]
Event: 11.199 Thread 0x000001f2144ff5d0 Exception <a 'java/lang/NoSuchMethodError'{0x0000000086998cd0}: 'java.lang.Object java.lang.invoke.DirectMethodHandle$Holder.invokeSpecialIFC(java.lang.Object, java.lang.Object, java.lang.Object)'> (0x0000000086998cd0) 
thrown [s\src\hotspot\share\interpreter\linkResolver.cpp, line 771]
Event: 11.199 Thread 0x000001f216e92030 Exception <a 'java/lang/NoSuchMethodError'{0x00000000869c03e0}: 'java.lang.Object java.lang.invoke.DirectMethodHandle$Holder.invokeSpecialIFC(java.lang.Object, java.lang.Object, java.lang.Object)'> (0x00000000869c03e0) 
thrown [s\src\hotspot\share\interpreter\linkResolver.cpp, line 771]
Event: 11.199 Thread 0x000001f216e92ea0 Exception <a 'java/lang/NoSuchMethodError'{0x00000000869c4398}: 'java.lang.Object java.lang.invoke.DirectMethodHandle$Holder.invokeSpecialIFC(java.lang.Object, java.lang.Object, java.lang.Object)'> (0x00000000869c4398) 
thrown [s\src\hotspot\share\interpreter\linkResolver.cpp, line 771]
Event: 11.897 Thread 0x000001f2171930c0 Implicit null exception at 0x000001f207be0004 to 0x000001f207be0188
Event: 12.047 Thread 0x000001f213d0d5e0 Exception <a 'java/lang/NoSuchMethodError'{0x0000000087b383b0}: static Lcom/android/build/gradle/internal/scope/InternalArtifactType;.<clinit>()V> (0x0000000087b383b0) 
thrown [s\src\hotspot\share\prims\jni.cpp, line 1108]
Event: 12.047 Thread 0x000001f213d0d5e0 Exception <a 'java/lang/NoSuchMethodError'{0x0000000087b39b08}: static Lcom/android/build/gradle/internal/scope/InternalArtifactType;.<clinit>()V> (0x0000000087b39b08) 
thrown [s\src\hotspot\share\prims\jni.cpp, line 1108]
Event: 12.047 Thread 0x000001f213d0d5e0 Exception <a 'java/lang/NoSuchMethodError'{0x0000000087b3cca8}: static Lcom/android/build/api/artifact/Artifact$Single;.<clinit>()V> (0x0000000087b3cca8) 
thrown [s\src\hotspot\share\prims\jni.cpp, line 1108]
Event: 12.047 Thread 0x000001f213d0d5e0 Exception <a 'java/lang/NoSuchMethodError'{0x0000000087b3f238}: static Ljava/lang/Object;.<clinit>()V> (0x0000000087b3f238) 
thrown [s\src\hotspot\share\prims\jni.cpp, line 1108]
Event: 12.049 Thread 0x000001f213d0d5e0 Exception <a 'java/lang/NoSuchMethodError'{0x0000000087b55af0}: static Lcom/android/build/api/artifact/ArtifactKind;.<clinit>()V> (0x0000000087b55af0) 
thrown [s\src\hotspot\share\prims\jni.cpp, line 1108]
Event: 12.049 Thread 0x000001f213d0d5e0 Exception <a 'java/lang/NoSuchMethodError'{0x0000000087b56cb0}: static Lcom/android/build/api/artifact/ArtifactKind;.<clinit>()V> (0x0000000087b56cb0) 
thrown [s\src\hotspot\share\prims\jni.cpp, line 1108]
Event: 12.461 Thread 0x000001f213d0d5e0 Exception <a 'java/lang/NoSuchMethodError'{0x0000000088c06108}: 'int java.lang.invoke.DirectMethodHandle$Holder.invokeSpecial(java.lang.Object, java.lang.Object, java.lang.Object, java.lang.Object, java.lang.Object)'> (0x0000000088c06108) 
thrown [s\src\hotspot\share\interpreter\linkResolver.cpp, line 771]
Event: 12.470 Thread 0x000001f213d0d5e0 Exception <a 'java/lang/NoSuchMethodError'{0x0000000088c56e10}: static Ljava/lang/Object;.<clinit>()V> (0x0000000088c56e10) 
thrown [s\src\hotspot\share\prims\jni.cpp, line 1108]
Event: 12.598 Thread 0x000001f213d0d5e0 Exception <a 'sun/nio/fs/WindowsException'{0x00000000885ebb58}> (0x00000000885ebb58) 
thrown [s\src\hotspot\share\prims\jni.cpp, line 517]
Event: 12.657 Thread 0x000001f213d0b900 Exception <a 'sun/nio/fs/WindowsException'{0x000000008d07a670}> (0x000000008d07a670) 
thrown [s\src\hotspot\share\prims\jni.cpp, line 517]

VM Operations (20 events):
Event: 12.398 Executing VM operation: HandshakeAllThreads done
Event: 12.427 Executing VM operation: ICBufferFull
Event: 12.427 Executing VM operation: ICBufferFull done
Event: 12.447 Executing VM operation: HandshakeAllThreads
Event: 12.448 Executing VM operation: HandshakeAllThreads done
Event: 12.459 Executing VM operation: HandshakeAllThreads
Event: 12.460 Executing VM operation: HandshakeAllThreads done
Event: 12.460 Executing VM operation: HandshakeAllThreads
Event: 12.461 Executing VM operation: HandshakeAllThreads done
Event: 12.594 Executing VM operation: ICBufferFull
Event: 12.594 Executing VM operation: ICBufferFull done
Event: 12.972 Executing VM operation: ICBufferFull
Event: 12.972 Executing VM operation: ICBufferFull done
Event: 13.068 Executing VM operation: G1CollectForAllocation
Event: 13.080 Executing VM operation: G1CollectForAllocation done
Event: 13.133 Executing VM operation: G1Concurrent
Event: 13.148 Executing VM operation: G1Concurrent done
Event: 13.169 Executing VM operation: G1Concurrent
Event: 13.170 Executing VM operation: G1Concurrent done
Event: 14.170 Executing VM operation: Cleanup

Events (20 events):
Event: 11.784 Thread 0x000001f27fccc8d0 flushing nmethod 0x000001f200d4ae90
Event: 11.784 Thread 0x000001f27fccc8d0 flushing nmethod 0x000001f200d4c190
Event: 11.784 Thread 0x000001f27fccc8d0 flushing nmethod 0x000001f200d4f390
Event: 11.784 Thread 0x000001f27fccc8d0 flushing nmethod 0x000001f200dac490
Event: 11.784 Thread 0x000001f27fccc8d0 flushing nmethod 0x000001f200dac810
Event: 11.784 Thread 0x000001f27fccc8d0 flushing nmethod 0x000001f200e04990
Event: 11.784 Thread 0x000001f27fccc8d0 flushing nmethod 0x000001f200e04e10
Event: 11.784 Thread 0x000001f27fccc8d0 flushing nmethod 0x000001f200e05d10
Event: 11.784 Thread 0x000001f27fccc8d0 flushing nmethod 0x000001f200e4da90
Event: 11.785 Thread 0x000001f27fccc8d0 flushing nmethod 0x000001f200f67c10
Event: 11.785 Thread 0x000001f27fccc8d0 flushing nmethod 0x000001f200f9a310
Event: 11.785 Thread 0x000001f27fccc8d0 flushing nmethod 0x000001f201041210
Event: 12.044 loading class java/util/concurrent/ConcurrentSkipListMap$KeySet
Event: 12.044 loading class java/util/concurrent/ConcurrentSkipListMap$KeySet done
Event: 12.044 loading class java/util/concurrent/ConcurrentSkipListMap$KeyIterator
Event: 12.044 loading class java/util/concurrent/ConcurrentSkipListMap$KeyIterator done
Event: 12.249 loading class java/util/concurrent/LinkedBlockingDeque$Itr
Event: 12.249 loading class java/util/concurrent/LinkedBlockingDeque$AbstractItr
Event: 12.249 loading class java/util/concurrent/LinkedBlockingDeque$AbstractItr done
Event: 12.249 loading class java/util/concurrent/LinkedBlockingDeque$Itr done


Dynamic libraries:
0x00007ff66e510000 - 0x00007ff66e51a000 	C:\BTS\ANDROID\android-studio-girafe\android-studio-2022.3.1.19-windows\android-studio\jbr\bin\java.exe
0x00007ff93aae0000 - 0x00007ff93ad43000 	C:\WINDOWS\SYSTEM32\ntdll.dll
0x00007ff939170000 - 0x00007ff939237000 	C:\WINDOWS\System32\KERNEL32.DLL
0x00007ff937f60000 - 0x00007ff938327000 	C:\WINDOWS\System32\KERNELBASE.dll
0x00007ff937bc0000 - 0x00007ff937d56000 	C:\Windows\system32\hmpalert.dll
0x00007ff9383c0000 - 0x00007ff93850c000 	C:\WINDOWS\System32\ucrtbase.dll
0x00007ff9159d0000 - 0x00007ff9159e7000 	C:\BTS\ANDROID\android-studio-girafe\android-studio-2022.3.1.19-windows\android-studio\jbr\bin\jli.dll
0x00007ff915770000 - 0x00007ff91578b000 	C:\BTS\ANDROID\android-studio-girafe\android-studio-2022.3.1.19-windows\android-studio\jbr\bin\VCRUNTIME140.dll
0x00007ff939a50000 - 0x00007ff939c19000 	C:\WINDOWS\System32\USER32.dll
0x00007ff937e70000 - 0x00007ff937e97000 	C:\WINDOWS\System32\win32u.dll
0x00007ff93a890000 - 0x00007ff93a8ba000 	C:\WINDOWS\System32\GDI32.dll
0x00007ff938690000 - 0x00007ff9387bb000 	C:\WINDOWS\System32\gdi32full.dll
0x00007ff938860000 - 0x00007ff938903000 	C:\WINDOWS\System32\msvcp_win.dll
0x00007ff915f10000 - 0x00007ff9161a0000 	C:\WINDOWS\WinSxS\amd64_microsoft.windows.common-controls_6595b64144ccf1df_6.0.26100.2702_none_3e069454e335fc5e\COMCTL32.dll
0x00007ff9390c0000 - 0x00007ff939169000 	C:\WINDOWS\System32\msvcrt.dll
0x00007ff938fd0000 - 0x00007ff938fff000 	C:\WINDOWS\System32\IMM32.DLL
0x00007ff904840000 - 0x00007ff90484c000 	C:\BTS\ANDROID\android-studio-girafe\android-studio-2022.3.1.19-windows\android-studio\jbr\bin\vcruntime140_1.dll
0x00007ff8f4ee0000 - 0x00007ff8f4f6d000 	C:\BTS\ANDROID\android-studio-girafe\android-studio-2022.3.1.19-windows\android-studio\jbr\bin\msvcp140.dll
0x00007ff8c8680000 - 0x00007ff8c92ee000 	C:\BTS\ANDROID\android-studio-girafe\android-studio-2022.3.1.19-windows\android-studio\jbr\bin\server\jvm.dll
0x00007ff93a4f0000 - 0x00007ff93a5a3000 	C:\WINDOWS\System32\ADVAPI32.dll
0x00007ff938ec0000 - 0x00007ff938f66000 	C:\WINDOWS\System32\sechost.dll
0x00007ff9397b0000 - 0x00007ff9398c6000 	C:\WINDOWS\System32\RPCRT4.dll
0x00007ff92f710000 - 0x00007ff92f71b000 	C:\WINDOWS\SYSTEM32\VERSION.dll
0x00007ff912230000 - 0x00007ff91223a000 	C:\WINDOWS\SYSTEM32\WSOCK32.dll
0x00007ff93a810000 - 0x00007ff93a884000 	C:\WINDOWS\System32\WS2_32.dll
0x00007ff934470000 - 0x00007ff9344a6000 	C:\WINDOWS\SYSTEM32\WINMM.dll
0x00007ff936ac0000 - 0x00007ff936ada000 	C:\WINDOWS\SYSTEM32\kernel.appcore.dll
0x00007ff932670000 - 0x00007ff93267a000 	C:\BTS\ANDROID\android-studio-girafe\android-studio-2022.3.1.19-windows\android-studio\jbr\bin\jimage.dll
0x00007ff935200000 - 0x00007ff935441000 	C:\WINDOWS\SYSTEM32\DBGHELP.DLL
0x00007ff939240000 - 0x00007ff9395be000 	C:\WINDOWS\System32\combase.dll
0x00007ff93a730000 - 0x00007ff93a806000 	C:\WINDOWS\System32\OLEAUT32.dll
0x00007ff92d180000 - 0x00007ff92d1b9000 	C:\WINDOWS\SYSTEM32\dbgcore.DLL
0x00007ff9387c0000 - 0x00007ff938859000 	C:\WINDOWS\System32\bcryptPrimitives.dll
0x00007ff92eec0000 - 0x00007ff92eee5000 	C:\BTS\ANDROID\android-studio-girafe\android-studio-2022.3.1.19-windows\android-studio\jbr\bin\java.dll
0x00007ff932610000 - 0x00007ff932628000 	C:\BTS\ANDROID\android-studio-girafe\android-studio-2022.3.1.19-windows\android-studio\jbr\bin\zip.dll
0x00007ff939c20000 - 0x00007ff93a32b000 	C:\WINDOWS\System32\SHELL32.dll
0x00007ff935790000 - 0x00007ff935fcd000 	C:\WINDOWS\SYSTEM32\windows.storage.dll
0x00007ff93a5b0000 - 0x00007ff93a69a000 	C:\WINDOWS\System32\SHCORE.dll
0x00007ff938f70000 - 0x00007ff938fcd000 	C:\WINDOWS\System32\shlwapi.dll
0x00007ff937d80000 - 0x00007ff937dae000 	C:\WINDOWS\SYSTEM32\profapi.dll
0x00007ff92ddb0000 - 0x00007ff92ddc9000 	C:\BTS\ANDROID\android-studio-girafe\android-studio-2022.3.1.19-windows\android-studio\jbr\bin\net.dll
0x00007ff92fc40000 - 0x00007ff92fd5e000 	C:\WINDOWS\SYSTEM32\WINHTTP.dll
0x00007ff936fb0000 - 0x00007ff937018000 	C:\WINDOWS\system32\mswsock.dll
0x00007ff92dca0000 - 0x00007ff92dcb6000 	C:\BTS\ANDROID\android-studio-girafe\android-studio-2022.3.1.19-windows\android-studio\jbr\bin\nio.dll
0x00007ff932660000 - 0x00007ff932670000 	C:\BTS\ANDROID\android-studio-girafe\android-studio-2022.3.1.19-windows\android-studio\jbr\bin\verify.dll
0x00007ff8e1df0000 - 0x00007ff8e1e17000 	C:\Users\svo\.gradle\native\68d5fa5c4cc2d200863cafc0d521ce42e7d3e7ee720ec0a83991735586a16f82\windows-amd64\native-platform.dll
0x00007ff882270000 - 0x00007ff8823b4000 	C:\Users\svo\.gradle\native\e376f236ea51e6404a007f0833ffe2c6e607c4080706a723a18a27aeea778392\windows-amd64\native-platform-file-events.dll
0x00007ff9325e0000 - 0x00007ff9325e9000 	C:\BTS\ANDROID\android-studio-girafe\android-studio-2022.3.1.19-windows\android-studio\jbr\bin\management.dll
0x00007ff92ef40000 - 0x00007ff92ef4b000 	C:\BTS\ANDROID\android-studio-girafe\android-studio-2022.3.1.19-windows\android-studio\jbr\bin\management_ext.dll
0x00007ff93a4d0000 - 0x00007ff93a4d8000 	C:\WINDOWS\System32\PSAPI.DLL
0x00007ff937360000 - 0x00007ff93737c000 	C:\WINDOWS\SYSTEM32\CRYPTSP.dll
0x00007ff936a20000 - 0x00007ff936a58000 	C:\WINDOWS\system32\rsaenh.dll
0x00007ff937050000 - 0x00007ff93707b000 	C:\WINDOWS\SYSTEM32\USERENV.dll
0x00007ff9374f0000 - 0x00007ff937516000 	C:\WINDOWS\SYSTEM32\bcrypt.dll
0x00007ff9371e0000 - 0x00007ff9371ec000 	C:\WINDOWS\SYSTEM32\CRYPTBASE.dll
0x00007ff936280000 - 0x00007ff9362b3000 	C:\WINDOWS\SYSTEM32\IPHLPAPI.DLL
0x00007ff938e80000 - 0x00007ff938e8a000 	C:\WINDOWS\System32\NSI.dll
0x00007ff92fe40000 - 0x00007ff92fe5e000 	C:\WINDOWS\SYSTEM32\dhcpcsvc6.DLL
0x00007ff92fe10000 - 0x00007ff92fe35000 	C:\WINDOWS\SYSTEM32\dhcpcsvc.DLL
0x00007ff9362c0000 - 0x00007ff9363e5000 	C:\WINDOWS\SYSTEM32\DNSAPI.dll
0x00007ff90d700000 - 0x00007ff90d708000 	C:\WINDOWS\system32\wshunix.dll

dbghelp: loaded successfully - version: 4.0.5 - missing functions: none
symbol engine: initialized successfully - sym options: 0x614 - pdb path: .;C:\BTS\ANDROID\android-studio-girafe\android-studio-2022.3.1.19-windows\android-studio\jbr\bin;C:\WINDOWS\SYSTEM32;C:\WINDOWS\WinSxS\amd64_microsoft.windows.common-controls_6595b64144ccf1df_6.0.26100.2702_none_3e069454e335fc5e;C:\BTS\ANDROID\android-studio-girafe\android-studio-2022.3.1.19-windows\android-studio\jbr\bin\server;C:\Users\svo\.gradle\native\68d5fa5c4cc2d200863cafc0d521ce42e7d3e7ee720ec0a83991735586a16f82\windows-amd64;C:\Users\svo\.gradle\native\e376f236ea51e6404a007f0833ffe2c6e607c4080706a723a18a27aeea778392\windows-amd64

VM Arguments:
jvm_args: --add-opens=java.base/java.util=ALL-UNNAMED --add-opens=java.base/java.lang=ALL-UNNAMED --add-opens=java.base/java.lang.invoke=ALL-UNNAMED --add-opens=java.prefs/java.util.prefs=ALL-UNNAMED --add-opens=java.base/java.nio.charset=ALL-UNNAMED --add-opens=java.base/java.net=ALL-UNNAMED --add-opens=java.base/java.util.concurrent.atomic=ALL-UNNAMED -Xmx2048m -Dfile.encoding=UTF-8 -Duser.country=FR -Duser.language=fr -Duser.variant 
java_command: org.gradle.launcher.daemon.bootstrap.GradleDaemon 8.0
java_class_path (initial): C:\Users\svo\.gradle\wrapper\dists\gradle-8.0-bin\ca5e32bp14vu59qr306oxotwh\gradle-8.0\lib\gradle-launcher-8.0.jar
Launcher Type: SUN_STANDARD

[Global flags]
     intx CICompilerCount                          = 4                                         {product} {ergonomic}
     uint ConcGCThreads                            = 3                                         {product} {ergonomic}
     uint G1ConcRefinementThreads                  = 10                                        {product} {ergonomic}
   size_t G1HeapRegionSize                         = 1048576                                   {product} {ergonomic}
    uintx GCDrainStackTargetSize                   = 64                                        {product} {ergonomic}
   size_t InitialHeapSize                          = 264241152                                 {product} {ergonomic}
   size_t MarkStackSize                            = 4194304                                   {product} {ergonomic}
   size_t MaxHeapSize                              = 2147483648                                {product} {command line}
   size_t MaxNewSize                               = 1287651328                                {product} {ergonomic}
   size_t MinHeapDeltaBytes                        = 1048576                                   {product} {ergonomic}
   size_t MinHeapSize                              = 8388608                                   {product} {ergonomic}
    uintx NonNMethodCodeHeapSize                   = 5839372                                {pd product} {ergonomic}
    uintx NonProfiledCodeHeapSize                  = 122909434                              {pd product} {ergonomic}
    uintx ProfiledCodeHeapSize                     = 122909434                              {pd product} {ergonomic}
    uintx ReservedCodeCacheSize                    = 251658240                              {pd product} {ergonomic}
     bool SegmentedCodeCache                       = true                                      {product} {ergonomic}
   size_t SoftMaxHeapSize                          = 2147483648                             {manageable} {ergonomic}
     bool UseCompressedClassPointers               = true                           {product lp64_product} {ergonomic}
     bool UseCompressedOops                        = true                           {product lp64_product} {ergonomic}
     bool UseG1GC                                  = true                                      {product} {ergonomic}
     bool UseLargePagesIndividualAllocation        = false                                  {pd product} {ergonomic}

Logging:
Log output configuration:
 #0: stdout all=warning uptime,level,tags
 #1: stderr all=off uptime,level,tags

Environment Variables:
PATH=C:\Program Files\Common Files\Oracle\Java\javapath;C:\Program Files (x86)\Common Files\Oracle\Java\java8path;C:\Program Files (x86)\Common Files\Oracle\Java\javapath;C:\WINDOWS\system32;C:\WINDOWS;C:\WINDOWS\System32\Wbem;C:\WINDOWS\System32\WindowsPowerShell\v1.0\;C:\WINDOWS\System32\OpenSSH\;C:\Users\svo\AppData\Local\Microsoft\WindowsApps;C:\BTS\PortableApps\openlogic-openjdk-17.0.8+7-windows-x64\openlogic-openjdk-17.0.8+7-windows-x64\bin;C:\Users\svo\AppData\Local\ComposerSetup\bin;C:\Users\svo\AppData\Roaming\Composer\vendor\bin;C:\BTS\DEV\Xampp Laravell\xampp\php;C:\BTS\DEV\node-v18.15.0-win-x64;C:\BTS\Nodejs\node-v20.17.0-win-x64;C:\BTS\Git\bin;
USERNAME=SVO
OS=Windows_NT
PROCESSOR_IDENTIFIER=Intel64 Family 6 Model 154 Stepping 4, GenuineIntel
TMP=C:\Users\svo\AppData\Local\Temp
TEMP=C:\Users\svo\AppData\Local\Temp


JNI global refs:
JNI global refs: 29, weak refs: 1

JNI global refs memory usage: 843, weak refs: 841


---------------  S Y S T E M  ---------------

OS:
 Windows 11 , 64 bit Build 26100 (10.0.26100.2992)
OS uptime: 1 days 0:21 hours
Hyper-V role detected

CPU: total 12 (initial active 12) (6 cores per cpu, 2 threads per core) family 6 model 154 stepping 4 microcode 0x435, cx8, cmov, fxsr, ht, mmx, 3dnowpref, sse, sse2, sse3, ssse3, sse4.1, sse4.2, popcnt, lzcnt, tsc, tscinvbit, avx, avx2, aes, erms, clmul, bmi1, bmi2, adx, sha, fma, vzeroupper, clflush, clflushopt, clwb, hv

Memory: 4k page, system-wide physical 16016M (2770M free)
TotalPageFile size 20016M (AvailPageFile size 10M)
current process WorkingSet (physical memory assigned to process): 412M, peak: 413M
current process commit charge ("private bytes"): 452M, peak: 454M

vm_info: OpenJDK 64-Bit Server VM (17.0.6+0-b2043.56-10027231) for windows-amd64 JRE (17.0.6+0-b2043.56-10027231), built on Apr 28 2023 00:43:19 by "androidbuild" with MS VC++ 16.10 / 16.11 (VS2019)

END.
