#
# There is insufficient memory for the Java Runtime Environment to continue.
# Native memory allocation (mmap) failed to map 72351744 bytes for G1 virtual space
# Possible reasons:
#   The system is out of physical RAM or swap space
#   The process is running with CompressedOops enabled, and the Java Heap may be blocking the growth of the native heap
# Possible solutions:
#   Reduce memory load on the system
#   Increase physical memory or swap space
#   Check if swap backing store is full
#   Decrease Java heap size (-Xmx/-Xms)
#   Decrease number of Java threads
#   Decrease Java thread stack sizes (-Xss)
#   Set larger code cache with -XX:ReservedCodeCacheSize=
#   JVM is running with Unscaled Compressed Oops mode in which the Java heap is
#     placed in the first 4GB address space. The Java Heap base address is the
#     maximum limit for the native heap growth. Please use -XX:HeapBaseMinAddress
#     to set the Java Heap base and to place the Java Heap above 4GB virtual address.
# This output file may be truncated or incomplete.
#
#  Out of Memory Error (os_windows.cpp:3769), pid=23392, tid=23404
#
# JRE version: OpenJDK Runtime Environment (17.0.6) (build 17.0.6+0-b2043.56-10027231)
# Java VM: OpenJDK 64-Bit Server VM (17.0.6+0-b2043.56-10027231, mixed mode, tiered, compressed oops, compressed class ptrs, g1 gc, windows-amd64)
# No core dump will be written. Minidumps are not enabled by default on client versions of Windows
#

---------------  S U M M A R Y ------------

Command Line: --add-opens=java.base/java.util=ALL-UNNAMED --add-opens=java.base/java.lang=ALL-UNNAMED --add-opens=java.base/java.lang.invoke=ALL-UNNAMED --add-opens=java.prefs/java.util.prefs=ALL-UNNAMED --add-opens=java.base/java.nio.charset=ALL-UNNAMED --add-opens=java.base/java.net=ALL-UNNAMED --add-opens=java.base/java.util.concurrent.atomic=ALL-UNNAMED -Xmx2048m -Dfile.encoding=UTF-8 -Duser.country=FR -Duser.language=fr -Duser.variant org.gradle.launcher.daemon.bootstrap.GradleDaemon 8.0

Host: 12th Gen Intel(R) Core(TM) i7-1255U, 12 cores, 15G,  Windows 11 , 64 bit Build 26100 (10.0.26100.2992)
Time: Thu Feb 20 13:48:38 2025 Paris, Madrid elapsed time: 52.678417 seconds (0d 0h 0m 52s)

---------------  T H R E A D  ---------------

Current thread (0x000001fdf57c19f0):  VMThread "VM Thread" [stack: 0x0000008f97300000,0x0000008f97400000] [id=23404]

Stack: [0x0000008f97300000,0x0000008f97400000]
Native frames: (J=compiled Java code, j=interpreted, Vv=VM code, C=native code)
V  [jvm.dll+0x683c9a]
V  [jvm.dll+0x8427a4]
V  [jvm.dll+0x843f9e]
V  [jvm.dll+0x844603]
V  [jvm.dll+0x249b75]
V  [jvm.dll+0x680b69]
V  [jvm.dll+0x67505a]
V  [jvm.dll+0x309acb]
V  [jvm.dll+0x310f86]
V  [jvm.dll+0x3608ee]
V  [jvm.dll+0x360b1f]
V  [jvm.dll+0x2dfbf8]
V  [jvm.dll+0x2ddec4]
V  [jvm.dll+0x2dd4cc]
V  [jvm.dll+0x321f3b]
V  [jvm.dll+0x848ccb]
V  [jvm.dll+0x849a04]
V  [jvm.dll+0x849f1d]
V  [jvm.dll+0x84a2f4]
V  [jvm.dll+0x84a3c0]
V  [jvm.dll+0x7f274a]
V  [jvm.dll+0x682ad5]
C  [ucrtbase.dll+0x37b0]
C  [KERNEL32.DLL+0x2e8d7]
C  [ntdll.dll+0xbbf6c]

VM_Operation (0x0000008fa3afd060): G1CollectForAllocation, mode: safepoint, requested by thread 0x000001fdfc5106c0


---------------  P R O C E S S  ---------------

Threads class SMR info:
_java_thread_list=0x000001fd831d2310, length=188, elements={
0x000001fddb476620, 0x000001fdf57d4260, 0x000001fdf57d4b20, 0x000001fdf53ee4d0,
0x000001fdf57f0b90, 0x000001fdf57f1450, 0x000001fdf57f2120, 0x000001fdf57fe220,
0x000001fdf5806e30, 0x000001fdf5808330, 0x000001fdf5982ed0, 0x000001fdf5995670,
0x000001fdf7c72530, 0x000001fdf7c72ed0, 0x000001fdf7c73870, 0x000001fdf7c72a00,
0x000001fdf7c711f0, 0x000001fdf7c716c0, 0x000001fdf7c71b90, 0x000001fdf7c72060,
0x000001fdf9f39540, 0x000001fdf9f39ee0, 0x000001fdf9f3cf00, 0x000001fdf9f3c560,
0x000001fdf9f3d3d0, 0x000001fdf9f3b6f0, 0x000001fdf9f3e710, 0x000001fdf9f3b220,
0x000001fdf9f3ebe0, 0x000001fdf9f403f0, 0x000001fdfa7afc10, 0x000001fdfa7b3aa0,
0x000001fdfa7b00e0, 0x000001fdfa7b52b0, 0x000001fdfa7b3f70, 0x000001fdfa7b4440,
0x000001fdfa7b4910, 0x000001fdfa3b85c0, 0x000001fdfa3b9430, 0x000001fdfcc674b0,
0x000001fdfcc66fe0, 0x000001fdfcc68cc0, 0x000001fdfcc687f0, 0x000001fdfcc69190,
0x000001fdfcc69660, 0x000001fdfcc68320, 0x000001fdfcc69b30, 0x000001fdfcc6a4d0,
0x000001fdfd3f6f90, 0x000001fdfcc6a9a0, 0x000001fdfcc6ae70, 0x000001fdfcc67980,
0x000001fdfcc6d9c0, 0x000001fdfcc6bce0, 0x000001fdfcc6cb50, 0x000001fdfcc6de90,
0x000001fdfcc6b340, 0x000001fdfcc6e360, 0x000001fdfcc6b810, 0x000001fdfcc6c1b0,
0x000001fdfcc6c680, 0x000001fdfcc6e830, 0x000001fdfcc6d020, 0x000001fdfcc6d4f0,
0x000001fdfa3b6db0, 0x000001fdfa3b7c20, 0x000001fdfa3b80f0, 0x000001fdfa3b5f40,
0x000001fdfa3b68e0, 0x000001fdfa3b8f60, 0x000001fdfa3b5a70, 0x000001fdfa3b9900,
0x000001fdfa3b9dd0, 0x000001fdfa3b6410, 0x000001fdfa3bbab0, 0x000001fdfa3bb5e0,
0x000001fdfa3ba2a0, 0x000001fdfa3ba770, 0x000001fdfa3bac40, 0x000001fdfa3bbf80,
0x000001fdfa3bb110, 0x000001fdfa3bc450, 0x000001fdfa3bc920, 0x000001fdfa7ae400,
0x000001fdfa7b1420, 0x000001fdfa7b0a80, 0x000001fdfa7af740, 0x000001fdfa7adf30,
0x000001fdfa7b18f0, 0x000001fdfa7b1dc0, 0x000001fdfa7ae8d0, 0x000001fdfa7b05b0,
0x000001fdfa7b2290, 0x000001fdfa7b0f50, 0x000001fdfa7b2760, 0x000001fdfa7aeda0,
0x000001fdfa7b2c30, 0x000001fdfa7af270, 0x000001fdfa7b3100, 0x000001fdfa7b35d0,
0x000001fdfa7b4de0, 0x000001fdf9f3ca30, 0x000001fdf9f3a3b0, 0x000001fdf9f3a880,
0x000001fdf9f39070, 0x000001fdf9f3f580, 0x000001fdf9f3fa50, 0x000001fdf7c733a0,
0x000001fdf7c6feb0, 0x000001fdf7c70d20, 0x000001fdf7c70380, 0x000001fdf7c70850,
0x000001fdf7a270f0, 0x000001fdf7a26c20, 0x000001fdf7a275c0, 0x000001fdf7a27a90,
0x000001fdf7a28900, 0x000001fdf7a26750, 0x000001fdf7a28430, 0x000001fdf7a26280,
0x000001fdf7a27f60, 0x000001fdf7a28dd0, 0x000001fdf7a292a0, 0x000001fdf7a258e0,
0x000001fdf7a25db0, 0x000001fdf9e81100, 0x000001fdf9e83c50, 0x000001fdf9e845f0,
0x000001fdf9e82de0, 0x000001fdf9e82910, 0x000001fdf9e84ac0, 0x000001fdf9e84120,
0x000001fdf9e832b0, 0x000001fdf9e83780, 0x000001fdf9e84f90, 0x000001fdf9e815d0,
0x000001fdf9e85460, 0x000001fdf9e81aa0, 0x000001fdf9e85930, 0x000001fdf9e81f70,
0x000001fdf9e85e00, 0x000001fdf9e82440, 0x000001fdf9e862d0, 0x000001fdf9e867a0,
0x000001fdf9e87fb0, 0x000001fdf9e86c70, 0x000001fdf9e87140, 0x000001fdf9e87ae0,
0x000001fdf9e88950, 0x000001fdf9e88480, 0x000001fdf687f0a0, 0x000001fdf687c080,
0x000001fdf687f570, 0x000001fdf687d890, 0x000001fdf687fa40, 0x000001fdf687cef0,
0x000001fdf687c550, 0x000001fdf687e700, 0x000001fdf687d3c0, 0x000001fdf687ca20,
0x000001fdf687dd60, 0x000001fdf687ff10, 0x000001fdf6881720, 0x000001fdf687ebd0,
0x000001fdf6881bf0, 0x000001fdf6881250, 0x000001fdf68803e0, 0x000001fdf687e230,
0x000001fdf68838d0, 0x000001fdf6883400, 0x000001fdf68820c0, 0x000001fdf6882a60,
0x000001fdfd3fa230, 0x000001fdf9e87610, 0x000001fdf9f39a10, 0x000001fdfa3b50d0,
0x000001fdfc512870, 0x000001fdfc511530, 0x000001fdfc5123a0, 0x000001fdfc5101f0,
0x000001fdfc512d40, 0x000001fdfc511a00, 0x000001fdfc50f850, 0x000001fdfc50f380,
0x000001fdfc511ed0, 0x000001fdfc5106c0, 0x000001fdfc513210, 0x000001fd832b08e0
}

Java Threads: ( => current thread )
  0x000001fddb476620 JavaThread "main" [_thread_blocked, id=7904, stack(0x0000008f96d00000,0x0000008f96e00000)]
  0x000001fdf57d4260 JavaThread "Reference Handler" daemon [_thread_blocked, id=7732, stack(0x0000008f97400000,0x0000008f97500000)]
  0x000001fdf57d4b20 JavaThread "Finalizer" daemon [_thread_blocked, id=22040, stack(0x0000008f97500000,0x0000008f97600000)]
  0x000001fdf53ee4d0 JavaThread "Signal Dispatcher" daemon [_thread_blocked, id=2908, stack(0x0000008f97600000,0x0000008f97700000)]
  0x000001fdf57f0b90 JavaThread "Attach Listener" daemon [_thread_blocked, id=22212, stack(0x0000008f97700000,0x0000008f97800000)]
  0x000001fdf57f1450 JavaThread "Service Thread" daemon [_thread_blocked, id=2108, stack(0x0000008f97800000,0x0000008f97900000)]
  0x000001fdf57f2120 JavaThread "Monitor Deflation Thread" daemon [_thread_blocked, id=25908, stack(0x0000008f97900000,0x0000008f97a00000)]
  0x000001fdf57fe220 JavaThread "C2 CompilerThread0" daemon [_thread_blocked, id=12020, stack(0x0000008f97a00000,0x0000008f97b00000)]
  0x000001fdf5806e30 JavaThread "C1 CompilerThread0" daemon [_thread_blocked, id=12524, stack(0x0000008f97b00000,0x0000008f97c00000)]
  0x000001fdf5808330 JavaThread "Sweeper thread" daemon [_thread_blocked, id=12692, stack(0x0000008f97c00000,0x0000008f97d00000)]
  0x000001fdf5982ed0 JavaThread "Common-Cleaner" daemon [_thread_blocked, id=22464, stack(0x0000008f97d00000,0x0000008f97e00000)]
  0x000001fdf5995670 JavaThread "Notification Thread" daemon [_thread_blocked, id=24096, stack(0x0000008f97e00000,0x0000008f97f00000)]
  0x000001fdf7c72530 JavaThread "Daemon health stats" [_thread_blocked, id=24996, stack(0x0000008f98700000,0x0000008f98800000)]
  0x000001fdf7c72ed0 JavaThread "Incoming local TCP Connector on port 57238" [_thread_in_native, id=24208, stack(0x0000008f98000000,0x0000008f98100000)]
  0x000001fdf7c73870 JavaThread "Daemon periodic checks" [_thread_blocked, id=6032, stack(0x0000008f98600000,0x0000008f98700000)]
  0x000001fdf7c72a00 JavaThread "Daemon" [_thread_blocked, id=26716, stack(0x0000008f98800000,0x0000008f98900000)]
  0x000001fdf7c711f0 JavaThread "Daemon worker" [_thread_blocked, id=27000, stack(0x0000008f98b00000,0x0000008f98c00000)]
  0x000001fdf7c716c0 JavaThread "Cache worker for journal cache (C:\Users\svo\.gradle\caches\journal-1)" [_thread_blocked, id=23084, stack(0x0000008f99500000,0x0000008f99600000)]
  0x000001fdf7c71b90 JavaThread "File lock request listener" [_thread_in_native, id=14680, stack(0x0000008f99600000,0x0000008f99700000)]
  0x000001fdf7c72060 JavaThread "Cache worker for file hash cache (C:\Users\svo\.gradle\caches\8.0\fileHashes)" [_thread_blocked, id=14508, stack(0x0000008f99700000,0x0000008f99800000)]
  0x000001fdf9f39540 JavaThread "File watcher server" daemon [_thread_blocked, id=25556, stack(0x0000008f99900000,0x0000008f99a00000)]
  0x000001fdf9f39ee0 JavaThread "File watcher consumer" daemon [_thread_blocked, id=8920, stack(0x0000008f99a00000,0x0000008f99b00000)]
  0x000001fdf9f3cf00 JavaThread "Cache worker for file content cache (C:\Users\svo\.gradle\caches\8.0\fileContent)" [_thread_blocked, id=12152, stack(0x0000008f99e00000,0x0000008f99f00000)]
  0x000001fdf9f3c560 JavaThread "Cache worker for execution history cache (C:\Users\svo\.gradle\caches\8.0\executionHistory)" [_thread_blocked, id=10952, stack(0x0000008f9a100000,0x0000008f9a200000)]
  0x000001fdf9f3d3d0 JavaThread "jar transforms" [_thread_blocked, id=20812, stack(0x0000008f9a200000,0x0000008f9a300000)]
  0x000001fdf9f3b6f0 JavaThread "jar transforms Thread 2" [_thread_blocked, id=2388, stack(0x0000008f9a300000,0x0000008f9a400000)]
  0x000001fdf9f3e710 JavaThread "Cache worker for kotlin-dsl (C:\Users\svo\.gradle\caches\8.0\kotlin-dsl)" [_thread_blocked, id=22500, stack(0x0000008f9a400000,0x0000008f9a500000)]
  0x000001fdf9f3b220 JavaThread "jar transforms Thread 3" [_thread_blocked, id=27104, stack(0x0000008f9a500000,0x0000008f9a600000)]
  0x000001fdf9f3ebe0 JavaThread "jar transforms Thread 4" [_thread_blocked, id=20132, stack(0x0000008f9a600000,0x0000008f9a700000)]
  0x000001fdf9f403f0 JavaThread "jar transforms Thread 5" [_thread_blocked, id=14132, stack(0x0000008f9a900000,0x0000008f9aa00000)]
  0x000001fdfa7afc10 JavaThread "jar transforms Thread 6" [_thread_blocked, id=14780, stack(0x0000008fa2200000,0x0000008fa2300000)]
  0x000001fdfa7b3aa0 JavaThread "jar transforms Thread 7" [_thread_blocked, id=26632, stack(0x0000008fa2300000,0x0000008fa2400000)]
  0x000001fdfa7b00e0 JavaThread "jar transforms Thread 8" [_thread_blocked, id=23468, stack(0x0000008fa2400000,0x0000008fa2500000)]
  0x000001fdfa7b52b0 JavaThread "jar transforms Thread 9" [_thread_blocked, id=25856, stack(0x0000008fa2500000,0x0000008fa2600000)]
  0x000001fdfa7b3f70 JavaThread "jar transforms Thread 10" [_thread_blocked, id=26732, stack(0x0000008fa2600000,0x0000008fa2700000)]
  0x000001fdfa7b4440 JavaThread "jar transforms Thread 11" [_thread_blocked, id=16932, stack(0x0000008fa2700000,0x0000008fa2800000)]
  0x000001fdfa7b4910 JavaThread "jar transforms Thread 12" [_thread_blocked, id=26440, stack(0x0000008fa2800000,0x0000008fa2900000)]
  0x000001fdfa3b85c0 JavaThread "Memory manager" [_thread_blocked, id=24496, stack(0x0000008fa2a00000,0x0000008fa2b00000)]
  0x000001fdfa3b9430 JavaThread "included builds" [_thread_blocked, id=12436, stack(0x0000008fa2b00000,0x0000008fa2c00000)]
  0x000001fdfcc674b0 JavaThread "Handler for socket connection from /127.0.0.1:57238 to /127.0.0.1:57244" [_thread_in_native, id=15180, stack(0x0000008f98c00000,0x0000008f98d00000)]
  0x000001fdfcc66fe0 JavaThread "Cancel handler" [_thread_blocked, id=18000, stack(0x0000008f98d00000,0x0000008f98e00000)]
  0x000001fdfcc68cc0 JavaThread "Asynchronous log dispatcher for DefaultDaemonConnection: socket connection from /127.0.0.1:57238 to /127.0.0.1:57244" [_thread_blocked, id=15244, stack(0x0000008f98e00000,0x0000008f98f00000)]
  0x000001fdfcc687f0 JavaThread "Stdin handler" [_thread_blocked, id=24368, stack(0x0000008f99800000,0x0000008f99900000)]
  0x000001fdfcc69190 JavaThread "Daemon client event forwarder" [_thread_blocked, id=16264, stack(0x0000008f99b00000,0x0000008f99c00000)]
  0x000001fdfcc69660 JavaThread "Cache worker for checksums cache (C:\BTS\ANDROID\WkRFTG\ApplicationRFTG\.gradle\8.0\checksums)" [_thread_blocked, id=13416, stack(0x0000008f99c00000,0x0000008f99d00000)]
  0x000001fdfcc68320 JavaThread "Cache worker for cache directory md-rule (C:\Users\svo\.gradle\caches\8.0\md-rule)" [_thread_blocked, id=22380, stack(0x0000008f99d00000,0x0000008f99e00000)]
  0x000001fdfcc69b30 JavaThread "Cache worker for file hash cache (C:\BTS\ANDROID\WkRFTG\ApplicationRFTG\.gradle\8.0\fileHashes)" [_thread_blocked, id=19836, stack(0x0000008f99f00000,0x0000008f9a000000)]
  0x000001fdfcc6a4d0 JavaThread "Cache worker for cache directory md-supplier (C:\Users\svo\.gradle\caches\8.0\md-supplier)" [_thread_blocked, id=12488, stack(0x0000008f9a000000,0x0000008f9a100000)]
  0x000001fdfd3f6f90 JavaThread "C2 CompilerThread1" daemon [_thread_blocked, id=17996, stack(0x0000008f9a700000,0x0000008f9a800000)]
  0x000001fdfcc6a9a0 JavaThread "Cache worker for dependencies-accessors (C:\BTS\ANDROID\WkRFTG\ApplicationRFTG\.gradle\8.0\dependencies-accessors)" [_thread_blocked, id=18008, stack(0x0000008f9a800000,0x0000008f9a900000)]
  0x000001fdfcc6ae70 JavaThread "Cache worker for Build Output Cleanup Cache (C:\BTS\ANDROID\WkRFTG\ApplicationRFTG\.gradle\buildOutputCleanup)" [_thread_blocked, id=8352, stack(0x0000008f9aa00000,0x0000008f9ab00000)]
  0x000001fdfcc67980 JavaThread "Unconstrained build operations" [_thread_blocked, id=5188, stack(0x0000008f9ab00000,0x0000008f9ac00000)]
  0x000001fdfcc6d9c0 JavaThread "Unconstrained build operations Thread 2" [_thread_blocked, id=3284, stack(0x0000008f9ac00000,0x0000008f9ad00000)]
  0x000001fdfcc6bce0 JavaThread "Unconstrained build operations Thread 3" [_thread_blocked, id=13760, stack(0x0000008f9ad00000,0x0000008f9ae00000)]
  0x000001fdfcc6cb50 JavaThread "Unconstrained build operations Thread 4" [_thread_blocked, id=17668, stack(0x0000008f9ae00000,0x0000008f9af00000)]
  0x000001fdfcc6de90 JavaThread "Unconstrained build operations Thread 5" [_thread_blocked, id=3108, stack(0x0000008f9af00000,0x0000008f9b000000)]
  0x000001fdfcc6b340 JavaThread "Unconstrained build operations Thread 6" [_thread_blocked, id=11636, stack(0x0000008f9b000000,0x0000008f9b100000)]
  0x000001fdfcc6e360 JavaThread "Unconstrained build operations Thread 7" [_thread_blocked, id=3432, stack(0x0000008f9b100000,0x0000008f9b200000)]
  0x000001fdfcc6b810 JavaThread "Unconstrained build operations Thread 8" [_thread_blocked, id=24068, stack(0x0000008f9b200000,0x0000008f9b300000)]
  0x000001fdfcc6c1b0 JavaThread "Unconstrained build operations Thread 9" [_thread_blocked, id=12984, stack(0x0000008f9b300000,0x0000008f9b400000)]
  0x000001fdfcc6c680 JavaThread "Unconstrained build operations Thread 10" [_thread_blocked, id=18188, stack(0x0000008f9b400000,0x0000008f9b500000)]
  0x000001fdfcc6e830 JavaThread "Unconstrained build operations Thread 11" [_thread_blocked, id=11100, stack(0x0000008f9b500000,0x0000008f9b600000)]
  0x000001fdfcc6d020 JavaThread "Unconstrained build operations Thread 12" [_thread_blocked, id=6836, stack(0x0000008f9b600000,0x0000008f9b700000)]
  0x000001fdfcc6d4f0 JavaThread "Unconstrained build operations Thread 13" [_thread_blocked, id=22760, stack(0x0000008f9b700000,0x0000008f9b800000)]
  0x000001fdfa3b6db0 JavaThread "Unconstrained build operations Thread 14" [_thread_blocked, id=12628, stack(0x0000008f9b800000,0x0000008f9b900000)]
  0x000001fdfa3b7c20 JavaThread "Unconstrained build operations Thread 15" [_thread_blocked, id=10912, stack(0x0000008f9b900000,0x0000008f9ba00000)]
  0x000001fdfa3b80f0 JavaThread "Unconstrained build operations Thread 16" [_thread_blocked, id=17116, stack(0x0000008f9ba00000,0x0000008f9bb00000)]
  0x000001fdfa3b5f40 JavaThread "Unconstrained build operations Thread 17" [_thread_blocked, id=6692, stack(0x0000008f9bb00000,0x0000008f9bc00000)]
  0x000001fdfa3b68e0 JavaThread "Unconstrained build operations Thread 18" [_thread_blocked, id=5996, stack(0x0000008f9bc00000,0x0000008f9bd00000)]
  0x000001fdfa3b8f60 JavaThread "Unconstrained build operations Thread 19" [_thread_blocked, id=12024, stack(0x0000008f9bd00000,0x0000008f9be00000)]
  0x000001fdfa3b5a70 JavaThread "Unconstrained build operations Thread 20" [_thread_blocked, id=16824, stack(0x0000008f9be00000,0x0000008f9bf00000)]
  0x000001fdfa3b9900 JavaThread "Unconstrained build operations Thread 21" [_thread_blocked, id=9380, stack(0x0000008f9bf00000,0x0000008f9c000000)]
  0x000001fdfa3b9dd0 JavaThread "Unconstrained build operations Thread 22" [_thread_blocked, id=7632, stack(0x0000008f9c000000,0x0000008f9c100000)]
  0x000001fdfa3b6410 JavaThread "Unconstrained build operations Thread 23" [_thread_blocked, id=3772, stack(0x0000008f9c100000,0x0000008f9c200000)]
  0x000001fdfa3bbab0 JavaThread "Unconstrained build operations Thread 24" [_thread_blocked, id=16488, stack(0x0000008f9c200000,0x0000008f9c300000)]
  0x000001fdfa3bb5e0 JavaThread "Unconstrained build operations Thread 25" [_thread_blocked, id=21556, stack(0x0000008f9c300000,0x0000008f9c400000)]
  0x000001fdfa3ba2a0 JavaThread "Unconstrained build operations Thread 26" [_thread_blocked, id=10908, stack(0x0000008f9c400000,0x0000008f9c500000)]
  0x000001fdfa3ba770 JavaThread "Unconstrained build operations Thread 27" [_thread_blocked, id=13244, stack(0x0000008f9c500000,0x0000008f9c600000)]
  0x000001fdfa3bac40 JavaThread "Unconstrained build operations Thread 28" [_thread_blocked, id=22424, stack(0x0000008f9c600000,0x0000008f9c700000)]
  0x000001fdfa3bbf80 JavaThread "Unconstrained build operations Thread 29" [_thread_blocked, id=20780, stack(0x0000008f9c700000,0x0000008f9c800000)]
  0x000001fdfa3bb110 JavaThread "Unconstrained build operations Thread 30" [_thread_blocked, id=7300, stack(0x0000008f9c800000,0x0000008f9c900000)]
  0x000001fdfa3bc450 JavaThread "Unconstrained build operations Thread 31" [_thread_blocked, id=21960, stack(0x0000008f9c900000,0x0000008f9ca00000)]
  0x000001fdfa3bc920 JavaThread "Unconstrained build operations Thread 32" [_thread_blocked, id=27296, stack(0x0000008f9ca00000,0x0000008f9cb00000)]
  0x000001fdfa7ae400 JavaThread "Unconstrained build operations Thread 33" [_thread_blocked, id=18072, stack(0x0000008f9cb00000,0x0000008f9cc00000)]
  0x000001fdfa7b1420 JavaThread "Unconstrained build operations Thread 34" [_thread_blocked, id=2860, stack(0x0000008f9cc00000,0x0000008f9cd00000)]
  0x000001fdfa7b0a80 JavaThread "Unconstrained build operations Thread 35" [_thread_blocked, id=15288, stack(0x0000008f9cd00000,0x0000008f9ce00000)]
  0x000001fdfa7af740 JavaThread "Unconstrained build operations Thread 36" [_thread_blocked, id=15200, stack(0x0000008f9ce00000,0x0000008f9cf00000)]
  0x000001fdfa7adf30 JavaThread "Unconstrained build operations Thread 37" [_thread_blocked, id=19128, stack(0x0000008f9cf00000,0x0000008f9d000000)]
  0x000001fdfa7b18f0 JavaThread "Unconstrained build operations Thread 38" [_thread_blocked, id=812, stack(0x0000008f9d000000,0x0000008f9d100000)]
  0x000001fdfa7b1dc0 JavaThread "Unconstrained build operations Thread 39" [_thread_blocked, id=16224, stack(0x0000008f9d100000,0x0000008f9d200000)]
  0x000001fdfa7ae8d0 JavaThread "Unconstrained build operations Thread 40" [_thread_blocked, id=20916, stack(0x0000008f9d200000,0x0000008f9d300000)]
  0x000001fdfa7b05b0 JavaThread "Unconstrained build operations Thread 41" [_thread_blocked, id=25684, stack(0x0000008f9d300000,0x0000008f9d400000)]
  0x000001fdfa7b2290 JavaThread "Unconstrained build operations Thread 42" [_thread_blocked, id=13444, stack(0x0000008f9d400000,0x0000008f9d500000)]
  0x000001fdfa7b0f50 JavaThread "Unconstrained build operations Thread 43" [_thread_blocked, id=20636, stack(0x0000008f9d500000,0x0000008f9d600000)]
  0x000001fdfa7b2760 JavaThread "Unconstrained build operations Thread 44" [_thread_blocked, id=25056, stack(0x0000008f9d600000,0x0000008f9d700000)]
  0x000001fdfa7aeda0 JavaThread "Unconstrained build operations Thread 45" [_thread_blocked, id=22636, stack(0x0000008f9d700000,0x0000008f9d800000)]
  0x000001fdfa7b2c30 JavaThread "Unconstrained build operations Thread 46" [_thread_blocked, id=18676, stack(0x0000008f9d800000,0x0000008f9d900000)]
  0x000001fdfa7af270 JavaThread "Unconstrained build operations Thread 47" [_thread_blocked, id=2008, stack(0x0000008f9d900000,0x0000008f9da00000)]
  0x000001fdfa7b3100 JavaThread "Unconstrained build operations Thread 48" [_thread_blocked, id=24932, stack(0x0000008f9da00000,0x0000008f9db00000)]
  0x000001fdfa7b35d0 JavaThread "Unconstrained build operations Thread 49" [_thread_blocked, id=16372, stack(0x0000008f9db00000,0x0000008f9dc00000)]
  0x000001fdfa7b4de0 JavaThread "Unconstrained build operations Thread 50" [_thread_blocked, id=21584, stack(0x0000008f9dc00000,0x0000008f9dd00000)]
  0x000001fdf9f3ca30 JavaThread "Unconstrained build operations Thread 51" [_thread_blocked, id=26756, stack(0x0000008f9dd00000,0x0000008f9de00000)]
  0x000001fdf9f3a3b0 JavaThread "Unconstrained build operations Thread 52" [_thread_blocked, id=25748, stack(0x0000008f9de00000,0x0000008f9df00000)]
  0x000001fdf9f3a880 JavaThread "Unconstrained build operations Thread 53" [_thread_blocked, id=1952, stack(0x0000008f9df00000,0x0000008f9e000000)]
  0x000001fdf9f39070 JavaThread "Unconstrained build operations Thread 54" [_thread_blocked, id=25760, stack(0x0000008f9e000000,0x0000008f9e100000)]
  0x000001fdf9f3f580 JavaThread "Unconstrained build operations Thread 55" [_thread_blocked, id=9312, stack(0x0000008f9e100000,0x0000008f9e200000)]
  0x000001fdf9f3fa50 JavaThread "Unconstrained build operations Thread 56" [_thread_blocked, id=24548, stack(0x0000008f9e200000,0x0000008f9e300000)]
  0x000001fdf7c733a0 JavaThread "Unconstrained build operations Thread 57" [_thread_blocked, id=14436, stack(0x0000008f9e300000,0x0000008f9e400000)]
  0x000001fdf7c6feb0 JavaThread "Unconstrained build operations Thread 58" [_thread_blocked, id=19172, stack(0x0000008f9e400000,0x0000008f9e500000)]
  0x000001fdf7c70d20 JavaThread "Unconstrained build operations Thread 59" [_thread_blocked, id=20356, stack(0x0000008f9e500000,0x0000008f9e600000)]
  0x000001fdf7c70380 JavaThread "Unconstrained build operations Thread 60" [_thread_blocked, id=6168, stack(0x0000008f9e600000,0x0000008f9e700000)]
  0x000001fdf7c70850 JavaThread "Unconstrained build operations Thread 61" [_thread_blocked, id=2828, stack(0x0000008f9e700000,0x0000008f9e800000)]
  0x000001fdf7a270f0 JavaThread "Unconstrained build operations Thread 62" [_thread_blocked, id=7228, stack(0x0000008f9e800000,0x0000008f9e900000)]
  0x000001fdf7a26c20 JavaThread "Unconstrained build operations Thread 63" [_thread_blocked, id=7964, stack(0x0000008f9e900000,0x0000008f9ea00000)]
  0x000001fdf7a275c0 JavaThread "Unconstrained build operations Thread 64" [_thread_blocked, id=23060, stack(0x0000008f9ea00000,0x0000008f9eb00000)]
  0x000001fdf7a27a90 JavaThread "Unconstrained build operations Thread 65" [_thread_blocked, id=8632, stack(0x0000008f9eb00000,0x0000008f9ec00000)]
  0x000001fdf7a28900 JavaThread "Unconstrained build operations Thread 66" [_thread_blocked, id=23348, stack(0x0000008f9ec00000,0x0000008f9ed00000)]
  0x000001fdf7a26750 JavaThread "Unconstrained build operations Thread 67" [_thread_blocked, id=7744, stack(0x0000008f9ed00000,0x0000008f9ee00000)]
  0x000001fdf7a28430 JavaThread "Unconstrained build operations Thread 68" [_thread_blocked, id=24308, stack(0x0000008f9ee00000,0x0000008f9ef00000)]
  0x000001fdf7a26280 JavaThread "Unconstrained build operations Thread 69" [_thread_blocked, id=13332, stack(0x0000008f9ef00000,0x0000008f9f000000)]
  0x000001fdf7a27f60 JavaThread "Unconstrained build operations Thread 70" [_thread_blocked, id=27364, stack(0x0000008f9f000000,0x0000008f9f100000)]
  0x000001fdf7a28dd0 JavaThread "Unconstrained build operations Thread 71" [_thread_blocked, id=22468, stack(0x0000008f9f100000,0x0000008f9f200000)]
  0x000001fdf7a292a0 JavaThread "Unconstrained build operations Thread 72" [_thread_blocked, id=3620, stack(0x0000008f9f200000,0x0000008f9f300000)]
  0x000001fdf7a258e0 JavaThread "Unconstrained build operations Thread 73" [_thread_blocked, id=14572, stack(0x0000008f9f300000,0x0000008f9f400000)]
  0x000001fdf7a25db0 JavaThread "Unconstrained build operations Thread 74" [_thread_blocked, id=18372, stack(0x0000008f9f400000,0x0000008f9f500000)]
  0x000001fdf9e81100 JavaThread "Unconstrained build operations Thread 75" [_thread_blocked, id=20052, stack(0x0000008f9f500000,0x0000008f9f600000)]
  0x000001fdf9e83c50 JavaThread "Unconstrained build operations Thread 76" [_thread_blocked, id=9200, stack(0x0000008f9f600000,0x0000008f9f700000)]
  0x000001fdf9e845f0 JavaThread "Unconstrained build operations Thread 77" [_thread_blocked, id=25280, stack(0x0000008f9f700000,0x0000008f9f800000)]
  0x000001fdf9e82de0 JavaThread "Unconstrained build operations Thread 78" [_thread_blocked, id=16084, stack(0x0000008f9f800000,0x0000008f9f900000)]
  0x000001fdf9e82910 JavaThread "Unconstrained build operations Thread 79" [_thread_blocked, id=17752, stack(0x0000008f9f900000,0x0000008f9fa00000)]
  0x000001fdf9e84ac0 JavaThread "Unconstrained build operations Thread 80" [_thread_blocked, id=25772, stack(0x0000008f9fa00000,0x0000008f9fb00000)]
  0x000001fdf9e84120 JavaThread "Unconstrained build operations Thread 81" [_thread_blocked, id=23756, stack(0x0000008f9fb00000,0x0000008f9fc00000)]
  0x000001fdf9e832b0 JavaThread "Unconstrained build operations Thread 82" [_thread_blocked, id=11360, stack(0x0000008f9fc00000,0x0000008f9fd00000)]
  0x000001fdf9e83780 JavaThread "Unconstrained build operations Thread 83" [_thread_blocked, id=19044, stack(0x0000008f9fd00000,0x0000008f9fe00000)]
  0x000001fdf9e84f90 JavaThread "Unconstrained build operations Thread 84" [_thread_blocked, id=2304, stack(0x0000008f9fe00000,0x0000008f9ff00000)]
  0x000001fdf9e815d0 JavaThread "Unconstrained build operations Thread 85" [_thread_blocked, id=26480, stack(0x0000008f9ff00000,0x0000008fa0000000)]
  0x000001fdf9e85460 JavaThread "Unconstrained build operations Thread 86" [_thread_blocked, id=13276, stack(0x0000008fa0000000,0x0000008fa0100000)]
  0x000001fdf9e81aa0 JavaThread "Unconstrained build operations Thread 87" [_thread_blocked, id=25100, stack(0x0000008fa0100000,0x0000008fa0200000)]
  0x000001fdf9e85930 JavaThread "Unconstrained build operations Thread 88" [_thread_blocked, id=22968, stack(0x0000008fa0200000,0x0000008fa0300000)]
  0x000001fdf9e81f70 JavaThread "Unconstrained build operations Thread 89" [_thread_blocked, id=1404, stack(0x0000008fa0300000,0x0000008fa0400000)]
  0x000001fdf9e85e00 JavaThread "Unconstrained build operations Thread 90" [_thread_blocked, id=26804, stack(0x0000008fa0400000,0x0000008fa0500000)]
  0x000001fdf9e82440 JavaThread "Unconstrained build operations Thread 91" [_thread_blocked, id=23740, stack(0x0000008fa0500000,0x0000008fa0600000)]
  0x000001fdf9e862d0 JavaThread "Unconstrained build operations Thread 92" [_thread_blocked, id=17624, stack(0x0000008fa0600000,0x0000008fa0700000)]
  0x000001fdf9e867a0 JavaThread "Unconstrained build operations Thread 93" [_thread_blocked, id=18476, stack(0x0000008fa0700000,0x0000008fa0800000)]
  0x000001fdf9e87fb0 JavaThread "Unconstrained build operations Thread 94" [_thread_blocked, id=19892, stack(0x0000008fa0800000,0x0000008fa0900000)]
  0x000001fdf9e86c70 JavaThread "Unconstrained build operations Thread 95" [_thread_blocked, id=18708, stack(0x0000008fa0900000,0x0000008fa0a00000)]
  0x000001fdf9e87140 JavaThread "Unconstrained build operations Thread 96" [_thread_blocked, id=23088, stack(0x0000008fa0a00000,0x0000008fa0b00000)]
  0x000001fdf9e87ae0 JavaThread "Unconstrained build operations Thread 97" [_thread_blocked, id=5576, stack(0x0000008fa0b00000,0x0000008fa0c00000)]
  0x000001fdf9e88950 JavaThread "Unconstrained build operations Thread 98" [_thread_blocked, id=15236, stack(0x0000008fa0c00000,0x0000008fa0d00000)]
  0x000001fdf9e88480 JavaThread "Unconstrained build operations Thread 99" [_thread_blocked, id=26584, stack(0x0000008fa0d00000,0x0000008fa0e00000)]
  0x000001fdf687f0a0 JavaThread "Unconstrained build operations Thread 100" [_thread_blocked, id=17628, stack(0x0000008fa0e00000,0x0000008fa0f00000)]
  0x000001fdf687c080 JavaThread "Unconstrained build operations Thread 101" [_thread_blocked, id=16100, stack(0x0000008fa0f00000,0x0000008fa1000000)]
  0x000001fdf687f570 JavaThread "Unconstrained build operations Thread 102" [_thread_blocked, id=13304, stack(0x0000008fa1000000,0x0000008fa1100000)]
  0x000001fdf687d890 JavaThread "Unconstrained build operations Thread 103" [_thread_blocked, id=1020, stack(0x0000008fa1100000,0x0000008fa1200000)]
  0x000001fdf687fa40 JavaThread "Unconstrained build operations Thread 104" [_thread_blocked, id=22592, stack(0x0000008fa1200000,0x0000008fa1300000)]
  0x000001fdf687cef0 JavaThread "Unconstrained build operations Thread 105" [_thread_blocked, id=19388, stack(0x0000008fa1300000,0x0000008fa1400000)]
  0x000001fdf687c550 JavaThread "Unconstrained build operations Thread 106" [_thread_blocked, id=14932, stack(0x0000008fa1400000,0x0000008fa1500000)]
  0x000001fdf687e700 JavaThread "Unconstrained build operations Thread 107" [_thread_blocked, id=1448, stack(0x0000008fa1500000,0x0000008fa1600000)]
  0x000001fdf687d3c0 JavaThread "Unconstrained build operations Thread 108" [_thread_blocked, id=23656, stack(0x0000008fa1600000,0x0000008fa1700000)]
  0x000001fdf687ca20 JavaThread "Unconstrained build operations Thread 109" [_thread_blocked, id=23896, stack(0x0000008fa1700000,0x0000008fa1800000)]
  0x000001fdf687dd60 JavaThread "Unconstrained build operations Thread 110" [_thread_blocked, id=4832, stack(0x0000008fa1800000,0x0000008fa1900000)]
  0x000001fdf687ff10 JavaThread "Unconstrained build operations Thread 111" [_thread_blocked, id=1700, stack(0x0000008fa1900000,0x0000008fa1a00000)]
  0x000001fdf6881720 JavaThread "Unconstrained build operations Thread 112" [_thread_blocked, id=11684, stack(0x0000008fa1a00000,0x0000008fa1b00000)]
  0x000001fdf687ebd0 JavaThread "Unconstrained build operations Thread 113" [_thread_blocked, id=18672, stack(0x0000008fa1b00000,0x0000008fa1c00000)]
  0x000001fdf6881bf0 JavaThread "Unconstrained build operations Thread 114" [_thread_blocked, id=21328, stack(0x0000008fa1c00000,0x0000008fa1d00000)]
  0x000001fdf6881250 JavaThread "Unconstrained build operations Thread 115" [_thread_blocked, id=12536, stack(0x0000008fa1d00000,0x0000008fa1e00000)]
  0x000001fdf68803e0 JavaThread "Unconstrained build operations Thread 116" [_thread_blocked, id=3168, stack(0x0000008fa1e00000,0x0000008fa1f00000)]
  0x000001fdf687e230 JavaThread "Unconstrained build operations Thread 117" [_thread_blocked, id=16840, stack(0x0000008fa1f00000,0x0000008fa2000000)]
  0x000001fdf68838d0 JavaThread "Unconstrained build operations Thread 118" [_thread_blocked, id=19968, stack(0x0000008fa2000000,0x0000008fa2100000)]
  0x000001fdf6883400 JavaThread "Unconstrained build operations Thread 119" [_thread_blocked, id=22220, stack(0x0000008fa2100000,0x0000008fa2200000)]
  0x000001fdf68820c0 JavaThread "Unconstrained build operations Thread 120" [_thread_blocked, id=20932, stack(0x0000008fa2900000,0x0000008fa2a00000)]
  0x000001fdf6882a60 JavaThread "build event listener" [_thread_blocked, id=15984, stack(0x0000008fa2c00000,0x0000008fa2d00000)]
  0x000001fdfd3fa230 JavaThread "C2 CompilerThread2" daemon [_thread_blocked, id=15840, stack(0x0000008fa2d00000,0x0000008fa2e00000)]
  0x000001fdf9e87610 JavaThread "included builds" [_thread_blocked, id=24608, stack(0x0000008fa2e00000,0x0000008fa2f00000)]
  0x000001fdf9f39a10 JavaThread "Execution worker" [_thread_blocked, id=4148, stack(0x0000008fa2f00000,0x0000008fa3000000)]
  0x000001fdfa3b50d0 JavaThread "Execution worker Thread 2" [_thread_blocked, id=16396, stack(0x0000008fa3000000,0x0000008fa3100000)]
  0x000001fdfc512870 JavaThread "Execution worker Thread 3" [_thread_blocked, id=15644, stack(0x0000008fa3100000,0x0000008fa3200000)]
  0x000001fdfc511530 JavaThread "Execution worker Thread 4" [_thread_blocked, id=21088, stack(0x0000008fa3200000,0x0000008fa3300000)]
  0x000001fdfc5123a0 JavaThread "Execution worker Thread 5" [_thread_blocked, id=22588, stack(0x0000008fa3300000,0x0000008fa3400000)]
  0x000001fdfc5101f0 JavaThread "Execution worker Thread 6" [_thread_blocked, id=16052, stack(0x0000008fa3400000,0x0000008fa3500000)]
  0x000001fdfc512d40 JavaThread "Execution worker Thread 7" [_thread_blocked, id=6760, stack(0x0000008fa3500000,0x0000008fa3600000)]
  0x000001fdfc511a00 JavaThread "Execution worker Thread 8" [_thread_blocked, id=6916, stack(0x0000008fa3600000,0x0000008fa3700000)]
  0x000001fdfc50f850 JavaThread "Execution worker Thread 9" [_thread_blocked, id=15868, stack(0x0000008fa3700000,0x0000008fa3800000)]
  0x000001fdfc50f380 JavaThread "Execution worker Thread 10" [_thread_blocked, id=20432, stack(0x0000008fa3800000,0x0000008fa3900000)]
  0x000001fdfc511ed0 JavaThread "Execution worker Thread 11" [_thread_blocked, id=8444, stack(0x0000008fa3900000,0x0000008fa3a00000)]
  0x000001fdfc5106c0 JavaThread "Cache worker for execution history cache (C:\BTS\ANDROID\WkRFTG\ApplicationRFTG\.gradle\8.0\executionHistory)" [_thread_blocked, id=18816, stack(0x0000008fa3a00000,0x0000008fa3b00000)]
  0x000001fdfc513210 JavaThread "WorkerExecutor Queue" [_thread_blocked, id=22920, stack(0x0000008fa3b00000,0x0000008fa3c00000)]
  0x000001fd832b08e0 JavaThread "WorkerExecutor Queue Thread 2" [_thread_blocked, id=26204, stack(0x0000008fa3c00000,0x0000008fa3d00000)]

Other Threads:
=>0x000001fdf57c19f0 VMThread "VM Thread" [stack: 0x0000008f97300000,0x0000008f97400000] [id=23404]
  0x000001fddb4f3ab0 WatcherThread [stack: 0x0000008f97f00000,0x0000008f98000000] [id=16204]
  0x000001fddb4d53e0 GCTaskThread "GC Thread#0" [stack: 0x0000008f96e00000,0x0000008f96f00000] [id=25336]
  0x000001fdf6e30e30 GCTaskThread "GC Thread#1" [stack: 0x0000008f98100000,0x0000008f98200000] [id=2028]
  0x000001fdf6fab040 GCTaskThread "GC Thread#2" [stack: 0x0000008f98200000,0x0000008f98300000] [id=3968]
  0x000001fdf720bcf0 GCTaskThread "GC Thread#3" [stack: 0x0000008f98300000,0x0000008f98400000] [id=5348]
  0x000001fdf71e29b0 GCTaskThread "GC Thread#4" [stack: 0x0000008f98400000,0x0000008f98500000] [id=20596]
  0x000001fdf6fb0350 GCTaskThread "GC Thread#5" [stack: 0x0000008f98500000,0x0000008f98600000] [id=21128]
  0x000001fdf8b51960 GCTaskThread "GC Thread#6" [stack: 0x0000008f98f00000,0x0000008f99000000] [id=21188]
  0x000001fdf7c430f0 GCTaskThread "GC Thread#7" [stack: 0x0000008f99000000,0x0000008f99100000] [id=11932]
  0x000001fdf8eb1090 GCTaskThread "GC Thread#8" [stack: 0x0000008f99100000,0x0000008f99200000] [id=11224]
  0x000001fdf8eb1340 GCTaskThread "GC Thread#9" [stack: 0x0000008f99200000,0x0000008f99300000] [id=4268]
  0x000001fddb4e6130 ConcurrentGCThread "G1 Main Marker" [stack: 0x0000008f96f00000,0x0000008f97000000] [id=25008]
  0x000001fddb4e6950 ConcurrentGCThread "G1 Conc#0" [stack: 0x0000008f97000000,0x0000008f97100000] [id=16876]
  0x000001fdf8b2e430 ConcurrentGCThread "G1 Conc#1" [stack: 0x0000008f99300000,0x0000008f99400000] [id=25668]
  0x000001fdf9a69440 ConcurrentGCThread "G1 Conc#2" [stack: 0x0000008f99400000,0x0000008f99500000] [id=10204]
  0x000001fddb52e570 ConcurrentGCThread "G1 Refine#0" [stack: 0x0000008f97100000,0x0000008f97200000] [id=14968]
  0x000001fddb52ec40 ConcurrentGCThread "G1 Service" [stack: 0x0000008f97200000,0x0000008f97300000] [id=15892]

Threads with active compile tasks:
C2 CompilerThread0    52731 10320       4       org.gradle.cache.internal.btree.BTreePersistentIndexedCache$IndexBlock::find (140 bytes)
C1 CompilerThread0    52731 10500       3       java.io.ObjectStreamClass::checkDefaultSerialize (20 bytes)
C2 CompilerThread1    52731 10346   !   4       org.gradle.internal.serialize.kryo.KryoBackedDecoder::readByte (15 bytes)
C2 CompilerThread2    52731 10326       4       org.gradle.cache.internal.btree.FreeListBlockStore::read (12 bytes)

VM state: at safepoint (normal execution)

VM Mutex/Monitor currently owned by a thread:  ([mutex/lock_event])
[0x000001fddb4706a0] Threads_lock - owner thread: 0x000001fdf57c19f0
[0x000001fddb471c90] Heap_lock - owner thread: 0x000001fdfc5106c0

Heap address: 0x0000000080000000, size: 2048 MB, Compressed Oops mode: 32-bit

CDS archive(s) not mapped
Compressed class space mapped at: 0x0000000100000000-0x0000000140000000, reserved size: 1073741824
Narrow klass base: 0x0000000000000000, Narrow klass shift: 3, Narrow klass range: 0x140000000

GC Precious Log:
 CPUs: 12 total, 12 available
 Memory: 16016M
 Large Page Support: Disabled
 NUMA Support: Disabled
 Compressed Oops: Enabled (32-bit)
 Heap Region Size: 1M
 Heap Min Capacity: 8M
 Heap Initial Capacity: 252M
 Heap Max Capacity: 2G
 Pre-touch: Disabled
 Parallel Workers: 10
 Concurrent Workers: 3
 Concurrent Refinement Workers: 10
 Periodic GC: Disabled

Heap:
 garbage-first heap   total 145408K, used 81095K [0x0000000080000000, 0x0000000100000000)
  region size 1024K, 1 young (1024K), 1 survivors (1024K)
 Metaspace       used 93459K, committed 94208K, reserved 1130496K
  class space    used 12823K, committed 13184K, reserved 1048576K

Heap Regions: E=young(eden), S=young(survivor), O=old, HS=humongous(starts), HC=humongous(continues), CS=collection set, F=free, OA=open archive, CA=closed archive, TAMS=top-at-mark-start (previous, next)
|   0|0x0000000080000000, 0x0000000080100000, 0x0000000080100000|100%|HS|  |TAMS 0x0000000080100000, 0x0000000080000000| Complete 
|   1|0x0000000080100000, 0x0000000080200000, 0x0000000080200000|100%|HC|  |TAMS 0x0000000080200000, 0x0000000080100000| Complete 
|   2|0x0000000080200000, 0x0000000080300000, 0x0000000080300000|100%|HC|  |TAMS 0x0000000080300000, 0x0000000080200000| Complete 
|   3|0x0000000080300000, 0x0000000080400000, 0x0000000080400000|100%|HC|  |TAMS 0x0000000080400000, 0x0000000080300000| Complete 
|   4|0x0000000080400000, 0x0000000080500000, 0x0000000080500000|100%| O|  |TAMS 0x0000000080500000, 0x0000000080400000| Untracked 
|   5|0x0000000080500000, 0x0000000080600000, 0x0000000080600000|100%| O|  |TAMS 0x0000000080600000, 0x0000000080500000| Untracked 
|   6|0x0000000080600000, 0x0000000080700000, 0x0000000080700000|100%| O|  |TAMS 0x0000000080700000, 0x0000000080600000| Untracked 
|   7|0x0000000080700000, 0x0000000080800000, 0x0000000080800000|100%| O|  |TAMS 0x0000000080800000, 0x0000000080700000| Untracked 
|   8|0x0000000080800000, 0x0000000080900000, 0x0000000080900000|100%| O|  |TAMS 0x0000000080900000, 0x0000000080800000| Untracked 
|   9|0x0000000080900000, 0x0000000080a00000, 0x0000000080a00000|100%| O|  |TAMS 0x0000000080a00000, 0x0000000080900000| Untracked 
|  10|0x0000000080a00000, 0x0000000080b00000, 0x0000000080b00000|100%| O|  |TAMS 0x0000000080b00000, 0x0000000080a00000| Untracked 
|  11|0x0000000080b00000, 0x0000000080c00000, 0x0000000080c00000|100%| O|  |TAMS 0x0000000080c00000, 0x0000000080b00000| Untracked 
|  12|0x0000000080c00000, 0x0000000080d00000, 0x0000000080d00000|100%| O|  |TAMS 0x0000000080d00000, 0x0000000080c00000| Untracked 
|  13|0x0000000080d00000, 0x0000000080e00000, 0x0000000080e00000|100%| O|  |TAMS 0x0000000080e00000, 0x0000000080d00000| Untracked 
|  14|0x0000000080e00000, 0x0000000080f00000, 0x0000000080f00000|100%| O|  |TAMS 0x0000000080f00000, 0x0000000080e00000| Untracked 
|  15|0x0000000080f00000, 0x0000000081000000, 0x0000000081000000|100%| O|  |TAMS 0x0000000081000000, 0x0000000080f00000| Untracked 
|  16|0x0000000081000000, 0x0000000081100000, 0x0000000081100000|100%| O|  |TAMS 0x0000000081100000, 0x0000000081000000| Untracked 
|  17|0x0000000081100000, 0x0000000081200000, 0x0000000081200000|100%| O|  |TAMS 0x0000000081200000, 0x0000000081100000| Untracked 
|  18|0x0000000081200000, 0x0000000081300000, 0x0000000081300000|100%| O|  |TAMS 0x0000000081300000, 0x0000000081200000| Untracked 
|  19|0x0000000081300000, 0x0000000081400000, 0x0000000081400000|100%| O|  |TAMS 0x0000000081400000, 0x0000000081300000| Untracked 
|  20|0x0000000081400000, 0x0000000081500000, 0x0000000081500000|100%| O|  |TAMS 0x0000000081500000, 0x0000000081400000| Untracked 
|  21|0x0000000081500000, 0x0000000081600000, 0x0000000081600000|100%| O|  |TAMS 0x0000000081600000, 0x0000000081500000| Untracked 
|  22|0x0000000081600000, 0x0000000081700000, 0x0000000081700000|100%| O|  |TAMS 0x0000000081700000, 0x0000000081600000| Untracked 
|  23|0x0000000081700000, 0x0000000081800000, 0x0000000081800000|100%| O|  |TAMS 0x0000000081800000, 0x0000000081700000| Untracked 
|  24|0x0000000081800000, 0x0000000081900000, 0x0000000081900000|100%| O|  |TAMS 0x0000000081900000, 0x0000000081800000| Untracked 
|  25|0x0000000081900000, 0x0000000081a00000, 0x0000000081a00000|100%| O|  |TAMS 0x0000000081a00000, 0x0000000081900000| Untracked 
|  26|0x0000000081a00000, 0x0000000081b00000, 0x0000000081b00000|100%| O|  |TAMS 0x0000000081a00000, 0x0000000081a00000| Untracked 
|  27|0x0000000081b00000, 0x0000000081c00000, 0x0000000081c00000|100%| O|  |TAMS 0x0000000081c00000, 0x0000000081b00000| Untracked 
|  28|0x0000000081c00000, 0x0000000081c00000, 0x0000000081d00000|  0%| F|  |TAMS 0x0000000081c00000, 0x0000000081c00000| Untracked 
|  29|0x0000000081d00000, 0x0000000081e00000, 0x0000000081e00000|100%| O|  |TAMS 0x0000000081e00000, 0x0000000081d00000| Untracked 
|  30|0x0000000081e00000, 0x0000000081f00000, 0x0000000081f00000|100%| O|  |TAMS 0x0000000081f00000, 0x0000000081e00000| Untracked 
|  31|0x0000000081f00000, 0x0000000082000000, 0x0000000082000000|100%|HS|  |TAMS 0x0000000082000000, 0x0000000081f00000| Complete 
|  32|0x0000000082000000, 0x0000000082100000, 0x0000000082100000|100%|HS|  |TAMS 0x0000000082100000, 0x0000000082000000| Complete 
|  33|0x0000000082100000, 0x0000000082200000, 0x0000000082200000|100%|HS|  |TAMS 0x0000000082200000, 0x0000000082100000| Complete 
|  34|0x0000000082200000, 0x0000000082300000, 0x0000000082300000|100%| O|  |TAMS 0x0000000082300000, 0x0000000082200000| Untracked 
|  35|0x0000000082300000, 0x0000000082400000, 0x0000000082400000|100%| O|  |TAMS 0x0000000082400000, 0x0000000082300000| Untracked 
|  36|0x0000000082400000, 0x0000000082500000, 0x0000000082500000|100%| O|  |TAMS 0x0000000082400000, 0x0000000082400000| Untracked 
|  37|0x0000000082500000, 0x0000000082600000, 0x0000000082600000|100%| O|  |TAMS 0x0000000082600000, 0x0000000082500000| Untracked 
|  38|0x0000000082600000, 0x0000000082700000, 0x0000000082700000|100%| O|  |TAMS 0x0000000082700000, 0x0000000082600000| Untracked 
|  39|0x0000000082700000, 0x0000000082800000, 0x0000000082800000|100%| O|  |TAMS 0x0000000082800000, 0x0000000082700000| Untracked 
|  40|0x0000000082800000, 0x0000000082900000, 0x0000000082900000|100%| O|  |TAMS 0x0000000082900000, 0x0000000082800000| Untracked 
|  41|0x0000000082900000, 0x0000000082a00000, 0x0000000082a00000|100%| O|  |TAMS 0x0000000082a00000, 0x0000000082900000| Untracked 
|  42|0x0000000082a00000, 0x0000000082b00000, 0x0000000082b00000|100%| O|  |TAMS 0x0000000082b00000, 0x0000000082a00000| Untracked 
|  43|0x0000000082b00000, 0x0000000082c00000, 0x0000000082c00000|100%| O|  |TAMS 0x0000000082c00000, 0x0000000082b00000| Untracked 
|  44|0x0000000082c00000, 0x0000000082d00000, 0x0000000082d00000|100%| O|  |TAMS 0x0000000082d00000, 0x0000000082c00000| Untracked 
|  45|0x0000000082d00000, 0x0000000082e00000, 0x0000000082e00000|100%| O|  |TAMS 0x0000000082e00000, 0x0000000082d00000| Untracked 
|  46|0x0000000082e00000, 0x0000000082f00000, 0x0000000082f00000|100%| O|  |TAMS 0x0000000082f00000, 0x0000000082e00000| Untracked 
|  47|0x0000000082f00000, 0x0000000083000000, 0x0000000083000000|100%| O|  |TAMS 0x0000000083000000, 0x0000000082f00000| Untracked 
|  48|0x0000000083000000, 0x0000000083100000, 0x0000000083100000|100%| O|  |TAMS 0x0000000083100000, 0x0000000083000000| Untracked 
|  49|0x0000000083100000, 0x0000000083200000, 0x0000000083200000|100%| O|  |TAMS 0x0000000083200000, 0x0000000083100000| Untracked 
|  50|0x0000000083200000, 0x0000000083300000, 0x0000000083300000|100%| O|  |TAMS 0x0000000083300000, 0x0000000083200000| Untracked 
|  51|0x0000000083300000, 0x0000000083400000, 0x0000000083400000|100%| O|  |TAMS 0x0000000083400000, 0x0000000083300000| Untracked 
|  52|0x0000000083400000, 0x0000000083500000, 0x0000000083500000|100%| O|  |TAMS 0x0000000083500000, 0x0000000083400000| Untracked 
|  53|0x0000000083500000, 0x0000000083600000, 0x0000000083600000|100%| O|  |TAMS 0x0000000083600000, 0x0000000083500000| Untracked 
|  54|0x0000000083600000, 0x0000000083700000, 0x0000000083700000|100%| O|  |TAMS 0x0000000083700000, 0x0000000083600000| Untracked 
|  55|0x0000000083700000, 0x0000000083800000, 0x0000000083800000|100%| O|  |TAMS 0x0000000083800000, 0x0000000083700000| Untracked 
|  56|0x0000000083800000, 0x0000000083900000, 0x0000000083900000|100%| O|  |TAMS 0x0000000083900000, 0x0000000083800000| Untracked 
|  57|0x0000000083900000, 0x0000000083a00000, 0x0000000083a00000|100%| O|  |TAMS 0x0000000083a00000, 0x0000000083900000| Untracked 
|  58|0x0000000083a00000, 0x0000000083b00000, 0x0000000083b00000|100%| O|  |TAMS 0x0000000083b00000, 0x0000000083a00000| Untracked 
|  59|0x0000000083b00000, 0x0000000083b00000, 0x0000000083c00000|  0%| F|  |TAMS 0x0000000083b00000, 0x0000000083b00000| Untracked 
|  60|0x0000000083c00000, 0x0000000083d00000, 0x0000000083d00000|100%| O|  |TAMS 0x0000000083d00000, 0x0000000083c00000| Untracked 
|  61|0x0000000083d00000, 0x0000000083e00000, 0x0000000083e00000|100%| O|  |TAMS 0x0000000083e00000, 0x0000000083d00000| Untracked 
|  62|0x0000000083e00000, 0x0000000083f00000, 0x0000000083f00000|100%| O|  |TAMS 0x0000000083f00000, 0x0000000083e00000| Untracked 
|  63|0x0000000083f00000, 0x0000000084000000, 0x0000000084000000|100%| O|  |TAMS 0x0000000084000000, 0x0000000083f00000| Untracked 
|  64|0x0000000084000000, 0x0000000084100000, 0x0000000084100000|100%| O|  |TAMS 0x0000000084100000, 0x0000000084000000| Untracked 
|  65|0x0000000084100000, 0x0000000084200000, 0x0000000084200000|100%| O|  |TAMS 0x0000000084200000, 0x0000000084100000| Untracked 
|  66|0x0000000084200000, 0x0000000084300000, 0x0000000084300000|100%| O|  |TAMS 0x0000000084300000, 0x0000000084200000| Untracked 
|  67|0x0000000084300000, 0x0000000084400000, 0x0000000084400000|100%| O|  |TAMS 0x0000000084400000, 0x0000000084300000| Untracked 
|  68|0x0000000084400000, 0x0000000084500000, 0x0000000084500000|100%| O|  |TAMS 0x0000000084500000, 0x0000000084400000| Untracked 
|  69|0x0000000084500000, 0x0000000084600000, 0x0000000084600000|100%| O|  |TAMS 0x0000000084600000, 0x0000000084500000| Untracked 
|  70|0x0000000084600000, 0x0000000084700000, 0x0000000084700000|100%| O|  |TAMS 0x0000000084700000, 0x0000000084600000| Untracked 
|  71|0x0000000084700000, 0x0000000084800000, 0x0000000084800000|100%| O|  |TAMS 0x0000000084800000, 0x0000000084700000| Untracked 
|  72|0x0000000084800000, 0x0000000084900000, 0x0000000084900000|100%| O|  |TAMS 0x0000000084900000, 0x0000000084800000| Untracked 
|  73|0x0000000084900000, 0x0000000084a00000, 0x0000000084a00000|100%| O|  |TAMS 0x0000000084a00000, 0x0000000084900000| Untracked 
|  74|0x0000000084a00000, 0x0000000084b00000, 0x0000000084b00000|100%| O|  |TAMS 0x0000000084b00000, 0x0000000084a00000| Untracked 
|  75|0x0000000084b00000, 0x0000000084c00000, 0x0000000084c00000|100%| O|  |TAMS 0x0000000084c00000, 0x0000000084b00000| Untracked 
|  76|0x0000000084c00000, 0x0000000084d00000, 0x0000000084d00000|100%| O|  |TAMS 0x0000000084cfc200, 0x0000000084c00000| Untracked 
|  77|0x0000000084d00000, 0x0000000084e00000, 0x0000000084e00000|100%| O|  |TAMS 0x0000000084d00000, 0x0000000084d00000| Untracked 
|  78|0x0000000084e00000, 0x0000000084f00000, 0x0000000084f00000|100%| O|  |TAMS 0x0000000084e00000, 0x0000000084e00000| Untracked 
|  79|0x0000000084f00000, 0x0000000085000000, 0x0000000085000000|100%| O|  |TAMS 0x0000000084f00000, 0x0000000084f00000| Untracked 
|  80|0x0000000085000000, 0x0000000085070a00, 0x0000000085100000| 43%| O|  |TAMS 0x0000000085000000, 0x0000000085000000| Untracked 
|  81|0x0000000085100000, 0x0000000085100000, 0x0000000085200000|  0%| F|  |TAMS 0x0000000085100000, 0x0000000085100000| Untracked 
|  82|0x0000000085200000, 0x0000000085200000, 0x0000000085300000|  0%| F|  |TAMS 0x0000000085200000, 0x0000000085200000| Untracked 
|  83|0x0000000085300000, 0x0000000085300000, 0x0000000085400000|  0%| F|  |TAMS 0x0000000085300000, 0x0000000085300000| Untracked 
|  84|0x0000000085400000, 0x0000000085400000, 0x0000000085500000|  0%| F|  |TAMS 0x0000000085400000, 0x0000000085400000| Untracked 
|  85|0x0000000085500000, 0x0000000085500000, 0x0000000085600000|  0%| F|  |TAMS 0x0000000085500000, 0x0000000085500000| Untracked 
|  86|0x0000000085600000, 0x0000000085600000, 0x0000000085700000|  0%| F|  |TAMS 0x0000000085600000, 0x0000000085600000| Untracked 
|  87|0x0000000085700000, 0x0000000085700000, 0x0000000085800000|  0%| F|  |TAMS 0x0000000085700000, 0x0000000085700000| Untracked 
|  88|0x0000000085800000, 0x0000000085800000, 0x0000000085900000|  0%| F|  |TAMS 0x0000000085800000, 0x0000000085800000| Untracked 
|  89|0x0000000085900000, 0x0000000085900000, 0x0000000085a00000|  0%| F|  |TAMS 0x0000000085900000, 0x0000000085900000| Untracked 
|  90|0x0000000085a00000, 0x0000000085a00000, 0x0000000085b00000|  0%| F|  |TAMS 0x0000000085a00000, 0x0000000085a00000| Untracked 
|  91|0x0000000085b00000, 0x0000000085b00000, 0x0000000085c00000|  0%| F|  |TAMS 0x0000000085b00000, 0x0000000085b00000| Untracked 
|  92|0x0000000085c00000, 0x0000000085c00000, 0x0000000085d00000|  0%| F|  |TAMS 0x0000000085c00000, 0x0000000085c00000| Untracked 
|  93|0x0000000085d00000, 0x0000000085d00000, 0x0000000085e00000|  0%| F|  |TAMS 0x0000000085d00000, 0x0000000085d00000| Untracked 
|  94|0x0000000085e00000, 0x0000000085e00000, 0x0000000085f00000|  0%| F|  |TAMS 0x0000000085e00000, 0x0000000085e00000| Untracked 
|  95|0x0000000085f00000, 0x0000000085f00000, 0x0000000086000000|  0%| F|  |TAMS 0x0000000085f00000, 0x0000000085f00000| Untracked 
|  96|0x0000000086000000, 0x0000000086000000, 0x0000000086100000|  0%| F|  |TAMS 0x0000000086000000, 0x0000000086000000| Untracked 
|  97|0x0000000086100000, 0x0000000086100000, 0x0000000086200000|  0%| F|  |TAMS 0x0000000086100000, 0x0000000086100000| Untracked 
|  98|0x0000000086200000, 0x0000000086200000, 0x0000000086300000|  0%| F|  |TAMS 0x0000000086200000, 0x0000000086200000| Untracked 
|  99|0x0000000086300000, 0x0000000086300000, 0x0000000086400000|  0%| F|  |TAMS 0x0000000086300000, 0x0000000086300000| Untracked 
| 100|0x0000000086400000, 0x0000000086400000, 0x0000000086500000|  0%| F|  |TAMS 0x0000000086400000, 0x0000000086400000| Untracked 
| 101|0x0000000086500000, 0x0000000086500000, 0x0000000086600000|  0%| F|  |TAMS 0x0000000086500000, 0x0000000086500000| Untracked 
| 102|0x0000000086600000, 0x0000000086600000, 0x0000000086700000|  0%| F|  |TAMS 0x0000000086600000, 0x0000000086600000| Untracked 
| 103|0x0000000086700000, 0x0000000086700000, 0x0000000086800000|  0%| F|  |TAMS 0x0000000086700000, 0x0000000086700000| Untracked 
| 104|0x0000000086800000, 0x0000000086800000, 0x0000000086900000|  0%| F|  |TAMS 0x0000000086800000, 0x0000000086800000| Untracked 
| 105|0x0000000086900000, 0x0000000086900000, 0x0000000086a00000|  0%| F|  |TAMS 0x0000000086900000, 0x0000000086900000| Untracked 
| 106|0x0000000086a00000, 0x0000000086a00000, 0x0000000086b00000|  0%| F|  |TAMS 0x0000000086a00000, 0x0000000086a00000| Untracked 
| 107|0x0000000086b00000, 0x0000000086b00000, 0x0000000086c00000|  0%| F|  |TAMS 0x0000000086b00000, 0x0000000086b00000| Untracked 
| 108|0x0000000086c00000, 0x0000000086c00000, 0x0000000086d00000|  0%| F|  |TAMS 0x0000000086c00000, 0x0000000086c00000| Untracked 
| 109|0x0000000086d00000, 0x0000000086d00000, 0x0000000086e00000|  0%| F|  |TAMS 0x0000000086d00000, 0x0000000086d00000| Untracked 
| 110|0x0000000086e00000, 0x0000000086e00000, 0x0000000086f00000|  0%| F|  |TAMS 0x0000000086e00000, 0x0000000086e00000| Untracked 
| 111|0x0000000086f00000, 0x0000000086f00000, 0x0000000087000000|  0%| F|  |TAMS 0x0000000086f00000, 0x0000000086f00000| Untracked 
| 112|0x0000000087000000, 0x0000000087000000, 0x0000000087100000|  0%| F|  |TAMS 0x0000000087000000, 0x0000000087000000| Untracked 
| 113|0x0000000087100000, 0x0000000087100000, 0x0000000087200000|  0%| F|  |TAMS 0x0000000087100000, 0x0000000087100000| Untracked 
| 114|0x0000000087200000, 0x0000000087200000, 0x0000000087300000|  0%| F|  |TAMS 0x0000000087200000, 0x0000000087200000| Untracked 
| 115|0x0000000087300000, 0x0000000087300000, 0x0000000087400000|  0%| F|  |TAMS 0x0000000087300000, 0x0000000087300000| Untracked 
| 116|0x0000000087400000, 0x0000000087400000, 0x0000000087500000|  0%| F|  |TAMS 0x0000000087400000, 0x0000000087400000| Untracked 
| 117|0x0000000087500000, 0x0000000087500000, 0x0000000087600000|  0%| F|  |TAMS 0x0000000087500000, 0x0000000087500000| Untracked 
| 118|0x0000000087600000, 0x0000000087600000, 0x0000000087700000|  0%| F|  |TAMS 0x0000000087600000, 0x0000000087600000| Untracked 
| 119|0x0000000087700000, 0x0000000087700000, 0x0000000087800000|  0%| F|  |TAMS 0x0000000087700000, 0x0000000087700000| Untracked 
| 120|0x0000000087800000, 0x0000000087800000, 0x0000000087900000|  0%| F|  |TAMS 0x0000000087800000, 0x0000000087800000| Untracked 
| 121|0x0000000087900000, 0x0000000087900000, 0x0000000087a00000|  0%| F|  |TAMS 0x0000000087900000, 0x0000000087900000| Untracked 
| 122|0x0000000087a00000, 0x0000000087a00000, 0x0000000087b00000|  0%| F|  |TAMS 0x0000000087a00000, 0x0000000087a00000| Untracked 
| 123|0x0000000087b00000, 0x0000000087b00000, 0x0000000087c00000|  0%| F|  |TAMS 0x0000000087b00000, 0x0000000087b00000| Untracked 
| 124|0x0000000087c00000, 0x0000000087c00000, 0x0000000087d00000|  0%| F|  |TAMS 0x0000000087c00000, 0x0000000087c00000| Untracked 
| 125|0x0000000087d00000, 0x0000000087d00000, 0x0000000087e00000|  0%| F|  |TAMS 0x0000000087d00000, 0x0000000087d00000| Untracked 
| 126|0x0000000087e00000, 0x0000000087e00000, 0x0000000087f00000|  0%| F|  |TAMS 0x0000000087e00000, 0x0000000087e00000| Untracked 
| 127|0x0000000087f00000, 0x0000000087f00000, 0x0000000088000000|  0%| F|  |TAMS 0x0000000087f00000, 0x0000000087f00000| Untracked 
| 128|0x0000000088000000, 0x0000000088000000, 0x0000000088100000|  0%| F|  |TAMS 0x0000000088000000, 0x0000000088000000| Untracked 
| 129|0x0000000088100000, 0x0000000088100000, 0x0000000088200000|  0%| F|  |TAMS 0x0000000088100000, 0x0000000088100000| Untracked 
| 130|0x0000000088200000, 0x0000000088200000, 0x0000000088300000|  0%| F|  |TAMS 0x0000000088200000, 0x0000000088200000| Untracked 
| 131|0x0000000088300000, 0x0000000088300000, 0x0000000088400000|  0%| F|  |TAMS 0x0000000088300000, 0x0000000088300000| Untracked 
| 132|0x0000000088400000, 0x0000000088400000, 0x0000000088500000|  0%| F|  |TAMS 0x0000000088400000, 0x0000000088400000| Untracked 
| 202|0x000000008ca00000, 0x000000008ca00000, 0x000000008cb00000|  0%| F|  |TAMS 0x000000008ca00000, 0x000000008ca00000| Untracked 
| 203|0x000000008cb00000, 0x000000008cb00000, 0x000000008cc00000|  0%| F|  |TAMS 0x000000008cb00000, 0x000000008cb00000| Untracked 
| 204|0x000000008cc00000, 0x000000008cc00000, 0x000000008cd00000|  0%| F|  |TAMS 0x000000008cc00000, 0x000000008cc00000| Untracked 
| 205|0x000000008cd00000, 0x000000008cdc13a8, 0x000000008ce00000| 75%| S|CS|TAMS 0x000000008cd00000, 0x000000008cd00000| Complete 
| 206|0x000000008ce00000, 0x000000008ce00000, 0x000000008cf00000|  0%| F|  |TAMS 0x000000008ce00000, 0x000000008ce00000| Untracked 
| 207|0x000000008cf00000, 0x000000008cf00000, 0x000000008d000000|  0%| F|  |TAMS 0x000000008cf00000, 0x000000008cf00000| Untracked 
| 208|0x000000008d000000, 0x000000008d000000, 0x000000008d100000|  0%| F|  |TAMS 0x000000008d000000, 0x000000008d000000| Untracked 
| 209|0x000000008d100000, 0x000000008d100000, 0x000000008d200000|  0%| F|  |TAMS 0x000000008d100000, 0x000000008d100000| Untracked 
| 251|0x000000008fb00000, 0x000000008fb00000, 0x000000008fc00000|  0%| F|  |TAMS 0x000000008fb00000, 0x000000008fb00000| Untracked 

Card table byte_map: [0x000001fdee280000,0x000001fdee680000] _byte_map_base: 0x000001fdede80000

Marking Bits (Prev, Next): (CMBitMap*) 0x000001fddb4d5800, (CMBitMap*) 0x000001fddb4d5840
 Prev Bits: [0x000001fdeea80000, 0x000001fdf0a80000)
 Next Bits: [0x000001fdf0a80000, 0x000001fdf2a80000)

Polling page: 0x000001fdd9040000

Metaspace:

Usage:
  Non-class:     78.75 MB used.
      Class:     12.52 MB used.
       Both:     91.27 MB used.

Virtual space:
  Non-class space:       80.00 MB reserved,      79.12 MB ( 99%) committed,  10 nodes.
      Class space:        1.00 GB reserved,      12.88 MB (  1%) committed,  1 nodes.
             Both:        1.08 GB reserved,      92.00 MB (  8%) committed. 

Chunk freelists:
   Non-Class:  846.00 KB
       Class:  3.12 MB
        Both:  3.95 MB

MaxMetaspaceSize: unlimited
CompressedClassSpaceSize: 1.00 GB
Initial GC threshold: 21.00 MB
Current GC threshold: 152.94 MB
CDS: off
MetaspaceReclaimPolicy: balanced
 - commit_granule_bytes: 65536.
 - commit_granule_words: 8192.
 - virtual_space_node_default_size: 1048576.
 - enlarge_chunks_in_place: 1.
 - new_chunks_are_fully_committed: 0.
 - uncommit_free_chunks: 1.
 - use_allocation_guard: 0.
 - handle_deallocations: 1.


Internal statistics:

num_allocs_failed_limit: 9.
num_arena_births: 1064.
num_arena_deaths: 0.
num_vsnodes_births: 11.
num_vsnodes_deaths: 0.
num_space_committed: 1471.
num_space_uncommitted: 0.
num_chunks_returned_to_freelist: 9.
num_chunks_taken_from_freelist: 4505.
num_chunk_merges: 9.
num_chunk_splits: 2973.
num_chunks_enlarged: 1989.
num_purges: 0.
num_inconsistent_stats: 0.

CodeHeap 'non-profiled nmethods': size=120000Kb used=5435Kb max_used=5435Kb free=114564Kb
 bounds [0x000001fde6400000, 0x000001fde6950000, 0x000001fded930000]
CodeHeap 'profiled nmethods': size=120000Kb used=16978Kb max_used=17058Kb free=103021Kb
 bounds [0x000001fdde930000, 0x000001fddf9e0000, 0x000001fde5e60000]
CodeHeap 'non-nmethods': size=5760Kb used=2390Kb max_used=2482Kb free=3370Kb
 bounds [0x000001fde5e60000, 0x000001fde60e0000, 0x000001fde6400000]
 total_blobs=9938 nmethods=9016 adapters=834
 compilation: enabled
              stopped_count=0, restarted_count=0
 full_count=0

Compilation events (20 events):
Event: 50.641 Thread 0x000001fdf5806e30 nmethod 10505 0x000001fddf40db90 code [0x000001fddf40dd80, 0x000001fddf40e368]
Event: 50.641 Thread 0x000001fdf5806e30 10507       3       java.lang.Math::min (12 bytes)
Event: 50.642 Thread 0x000001fdf5806e30 nmethod 10507 0x000001fddf39be10 code [0x000001fddf39bfa0, 0x000001fddf39c0d8]
Event: 50.642 Thread 0x000001fdf5806e30 10509       3       java.io.ObjectInputStream$BlockDataInputStream::readUTF (10 bytes)
Event: 50.643 Thread 0x000001fdf5806e30 nmethod 10509 0x000001fddf0c5310 code [0x000001fddf0c54c0, 0x000001fddf0c5658]
Event: 50.643 Thread 0x000001fdf5806e30 10510       3       java.io.ObjectInputStream$BlockDataInputStream::readUnsignedShort (76 bytes)
Event: 50.643 Thread 0x000001fdfd3f6f90 nmethod 10382 0x000001fde6546090 code [0x000001fde6546200, 0x000001fde6546458]
Event: 50.644 Thread 0x000001fdfd3f6f90 10356       4       java.util.Objects::checkFromIndexSize (8 bytes)
Event: 50.644 Thread 0x000001fdf5806e30 nmethod 10510 0x000001fddf40d510 code [0x000001fddf40d6e0, 0x000001fddf40da18]
Event: 50.644 Thread 0x000001fdf5806e30 10513       3       java.util.concurrent.locks.ReentrantLock$Sync::tryLock (63 bytes)
Event: 50.645 Thread 0x000001fdf5806e30 nmethod 10513 0x000001fddf40ce10 code [0x000001fddf40cfe0, 0x000001fddf40d438]
Event: 50.645 Thread 0x000001fdf5806e30 10504       3       java.io.ObjectInputStream$HandleTable::assign (48 bytes)
Event: 50.645 Thread 0x000001fdfd3f6f90 nmethod 10356 0x000001fde6545d90 code [0x000001fde6545f00, 0x000001fde6545fb8]
Event: 50.645 Thread 0x000001fdfd3f6f90 10405       4       org.gradle.internal.hash.HashCode::<init> (5 bytes)
Event: 50.646 Thread 0x000001fdf5806e30 nmethod 10504 0x000001fddf40c790 code [0x000001fddf40c940, 0x000001fddf40cca8]
Event: 50.646 Thread 0x000001fdf5806e30 10503       3       java.io.ObjectInputStream$HandleTable::lookupException (29 bytes)
Event: 50.647 Thread 0x000001fdf5806e30 nmethod 10503 0x000001fddf40c190 code [0x000001fddf40c340, 0x000001fddf40c638]
Event: 50.647 Thread 0x000001fdfd3f6f90 nmethod 10405 0x000001fde6545a90 code [0x000001fde6545c00, 0x000001fde6545c78]
Event: 50.647 Thread 0x000001fdf5806e30 10500       3       java.io.ObjectStreamClass::checkDefaultSerialize (20 bytes)
Event: 50.647 Thread 0x000001fdfd3f6f90 10346   !   4       org.gradle.internal.serialize.kryo.KryoBackedDecoder::readByte (15 bytes)

GC Heap History (20 events):
Event: 13.763 GC heap after
{Heap after GC invocations=20 (full 0):
 garbage-first heap   total 124928K, used 55802K [0x0000000080000000, 0x0000000100000000)
  region size 1024K, 6 young (6144K), 6 survivors (6144K)
 Metaspace       used 74877K, committed 75456K, reserved 1122304K
  class space    used 9986K, committed 10240K, reserved 1048576K
}
Event: 14.732 GC heap before
{Heap before GC invocations=20 (full 0):
 garbage-first heap   total 124928K, used 98810K [0x0000000080000000, 0x0000000100000000)
  region size 1024K, 48 young (49152K), 6 survivors (6144K)
 Metaspace       used 79933K, committed 80576K, reserved 1122304K
  class space    used 10887K, committed 11200K, reserved 1048576K
}
Event: 14.741 GC heap after
{Heap after GC invocations=21 (full 0):
 garbage-first heap   total 124928K, used 58922K [0x0000000080000000, 0x0000000100000000)
  region size 1024K, 6 young (6144K), 6 survivors (6144K)
 Metaspace       used 79933K, committed 80576K, reserved 1122304K
  class space    used 10887K, committed 11200K, reserved 1048576K
}
Event: 46.306 GC heap before
{Heap before GC invocations=21 (full 0):
 garbage-first heap   total 124928K, used 99882K [0x0000000080000000, 0x0000000100000000)
  region size 1024K, 46 young (47104K), 6 survivors (6144K)
 Metaspace       used 82548K, committed 83136K, reserved 1122304K
  class space    used 11329K, committed 11584K, reserved 1048576K
}
Event: 46.315 GC heap after
{Heap after GC invocations=22 (full 0):
 garbage-first heap   total 124928K, used 62373K [0x0000000080000000, 0x0000000100000000)
  region size 1024K, 6 young (6144K), 6 survivors (6144K)
 Metaspace       used 82548K, committed 83136K, reserved 1122304K
  class space    used 11329K, committed 11584K, reserved 1048576K
}
Event: 47.141 GC heap before
{Heap before GC invocations=22 (full 0):
 garbage-first heap   total 124928K, used 101285K [0x0000000080000000, 0x0000000100000000)
  region size 1024K, 44 young (45056K), 6 survivors (6144K)
 Metaspace       used 84031K, committed 84608K, reserved 1122304K
  class space    used 11494K, committed 11776K, reserved 1048576K
}
Event: 47.153 GC heap after
{Heap after GC invocations=23 (full 0):
 garbage-first heap   total 124928K, used 67135K [0x0000000080000000, 0x0000000100000000)
  region size 1024K, 5 young (5120K), 5 survivors (5120K)
 Metaspace       used 84031K, committed 84608K, reserved 1122304K
  class space    used 11494K, committed 11776K, reserved 1048576K
}
Event: 48.278 GC heap before
{Heap before GC invocations=24 (full 0):
 garbage-first heap   total 124928K, used 100927K [0x0000000080000000, 0x0000000100000000)
  region size 1024K, 38 young (38912K), 5 survivors (5120K)
 Metaspace       used 88622K, committed 89216K, reserved 1130496K
  class space    used 12177K, committed 12480K, reserved 1048576K
}
Event: 48.288 GC heap after
{Heap after GC invocations=25 (full 0):
 garbage-first heap   total 124928K, used 69800K [0x0000000080000000, 0x0000000100000000)
  region size 1024K, 3 young (3072K), 3 survivors (3072K)
 Metaspace       used 88622K, committed 89216K, reserved 1130496K
  class space    used 12177K, committed 12480K, reserved 1048576K
}
Event: 48.868 GC heap before
{Heap before GC invocations=25 (full 0):
 garbage-first heap   total 124928K, used 101544K [0x0000000080000000, 0x0000000100000000)
  region size 1024K, 34 young (34816K), 3 survivors (3072K)
 Metaspace       used 89987K, committed 90624K, reserved 1130496K
  class space    used 12356K, committed 12672K, reserved 1048576K
}
Event: 48.876 GC heap after
{Heap after GC invocations=26 (full 0):
 garbage-first heap   total 124928K, used 73307K [0x0000000080000000, 0x0000000100000000)
  region size 1024K, 5 young (5120K), 5 survivors (5120K)
 Metaspace       used 89987K, committed 90624K, reserved 1130496K
  class space    used 12356K, committed 12672K, reserved 1048576K
}
Event: 49.182 GC heap before
{Heap before GC invocations=27 (full 0):
 garbage-first heap   total 130048K, used 101979K [0x0000000080000000, 0x0000000100000000)
  region size 1024K, 33 young (33792K), 5 survivors (5120K)
 Metaspace       used 90103K, committed 90816K, reserved 1130496K
  class space    used 12367K, committed 12672K, reserved 1048576K
}
Event: 49.191 GC heap after
{Heap after GC invocations=28 (full 0):
 garbage-first heap   total 130048K, used 78336K [0x0000000080000000, 0x0000000100000000)
  region size 1024K, 5 young (5120K), 5 survivors (5120K)
 Metaspace       used 90103K, committed 90816K, reserved 1130496K
  class space    used 12367K, committed 12672K, reserved 1048576K
}
Event: 49.224 GC heap before
{Heap before GC invocations=28 (full 0):
 garbage-first heap   total 130048K, used 79360K [0x0000000080000000, 0x0000000100000000)
  region size 1024K, 6 young (6144K), 5 survivors (5120K)
 Metaspace       used 90152K, committed 90816K, reserved 1130496K
  class space    used 12373K, committed 12672K, reserved 1048576K
}
Event: 49.231 GC heap after
{Heap after GC invocations=29 (full 0):
 garbage-first heap   total 130048K, used 77694K [0x0000000080000000, 0x0000000100000000)
  region size 1024K, 1 young (1024K), 1 survivors (1024K)
 Metaspace       used 90152K, committed 90816K, reserved 1130496K
  class space    used 12373K, committed 12672K, reserved 1048576K
}
Event: 50.185 GC heap before
{Heap before GC invocations=29 (full 0):
 garbage-first heap   total 130048K, used 106366K [0x0000000080000000, 0x0000000100000000)
  region size 1024K, 29 young (29696K), 1 survivors (1024K)
 Metaspace       used 93220K, committed 93888K, reserved 1130496K
  class space    used 12808K, committed 13120K, reserved 1048576K
}
Event: 50.191 GC heap after
{Heap after GC invocations=30 (full 0):
 garbage-first heap   total 130048K, used 79701K [0x0000000080000000, 0x0000000100000000)
  region size 1024K, 3 young (3072K), 3 survivors (3072K)
 Metaspace       used 93220K, committed 93888K, reserved 1130496K
  class space    used 12808K, committed 13120K, reserved 1048576K
}
Event: 50.541 GC heap before
{Heap before GC invocations=31 (full 0):
 garbage-first heap   total 145408K, used 106325K [0x0000000080000000, 0x0000000100000000)
  region size 1024K, 30 young (30720K), 3 survivors (3072K)
 Metaspace       used 93336K, committed 94016K, reserved 1130496K
  class space    used 12809K, committed 13120K, reserved 1048576K
}
Event: 50.547 GC heap after
{Heap after GC invocations=32 (full 0):
 garbage-first heap   total 145408K, used 81331K [0x0000000080000000, 0x0000000100000000)
  region size 1024K, 2 young (2048K), 2 survivors (2048K)
 Metaspace       used 93336K, committed 94016K, reserved 1130496K
  class space    used 12809K, committed 13120K, reserved 1048576K
}
Event: 50.648 GC heap before
{Heap before GC invocations=32 (full 0):
 garbage-first heap   total 145408K, used 86451K [0x0000000080000000, 0x0000000100000000)
  region size 1024K, 7 young (7168K), 2 survivors (2048K)
 Metaspace       used 93459K, committed 94208K, reserved 1130496K
  class space    used 12823K, committed 13184K, reserved 1048576K
}

Dll operation events (2 events):
Event: 0.024 Loaded shared library C:\BTS\ANDROID\android-studio-girafe\android-studio-2022.3.1.19-windows\android-studio\jbr\bin\java.dll
Event: 0.625 Loaded shared library C:\BTS\ANDROID\android-studio-girafe\android-studio-2022.3.1.19-windows\android-studio\jbr\bin\verify.dll

Deoptimization events (20 events):
Event: 50.440 Thread 0x000001fdf9f3c560 Uncommon trap: trap_request=0xffffffc6 fr.pc=0x000001fde676f6a0 relative=0x0000000000000920
Event: 50.440 Thread 0x000001fdf9f3c560 Uncommon trap: reason=bimorphic_or_optimized_type_check action=maybe_recompile pc=0x000001fde676f6a0 method=java.io.BufferedInputStream.read1([BII)I @ 39 c2
Event: 50.440 Thread 0x000001fdf9f3c560 DEOPT PACKING pc=0x000001fde676f6a0 sp=0x0000008f9a1fe460
Event: 50.440 Thread 0x000001fdf9f3c560 DEOPT UNPACKING pc=0x000001fde5eb69a3 sp=0x0000008f9a1fe378 mode 2
Event: 50.488 Thread 0x000001fdf9f3c560 Uncommon trap: trap_request=0xffffffc6 fr.pc=0x000001fde676f6a0 relative=0x0000000000000920
Event: 50.488 Thread 0x000001fdf9f3c560 Uncommon trap: reason=bimorphic_or_optimized_type_check action=maybe_recompile pc=0x000001fde676f6a0 method=java.io.BufferedInputStream.read1([BII)I @ 39 c2
Event: 50.488 Thread 0x000001fdf9f3c560 DEOPT PACKING pc=0x000001fde676f6a0 sp=0x0000008f9a1fe460
Event: 50.488 Thread 0x000001fdf9f3c560 DEOPT UNPACKING pc=0x000001fde5eb69a3 sp=0x0000008f9a1fe378 mode 2
Event: 50.499 Thread 0x000001fdf9f3c560 Uncommon trap: trap_request=0xffffffc6 fr.pc=0x000001fde6770410 relative=0x00000000000001d0
Event: 50.499 Thread 0x000001fdf9f3c560 Uncommon trap: reason=bimorphic_or_optimized_type_check action=maybe_recompile pc=0x000001fde6770410 method=java.io.BufferedInputStream.read1([BII)I @ 39 c2
Event: 50.499 Thread 0x000001fdf9f3c560 DEOPT PACKING pc=0x000001fde6770410 sp=0x0000008f9a1fe3b0
Event: 50.499 Thread 0x000001fdf9f3c560 DEOPT UNPACKING pc=0x000001fde5eb69a3 sp=0x0000008f9a1fe368 mode 2
Event: 50.557 Thread 0x000001fdfa3bbab0 Uncommon trap: trap_request=0xffffff45 fr.pc=0x000001fde677ebe4 relative=0x0000000000000164
Event: 50.557 Thread 0x000001fdfa3bbab0 Uncommon trap: reason=unstable_if action=reinterpret pc=0x000001fde677ebe4 method=java.util.concurrent.locks.ReentrantLock$Sync.tryLock()Z @ 34 c2
Event: 50.557 Thread 0x000001fdfa3bbab0 DEOPT PACKING pc=0x000001fde677ebe4 sp=0x0000008f9c2fe6f0
Event: 50.557 Thread 0x000001fdfa3bbab0 DEOPT UNPACKING pc=0x000001fde5eb69a3 sp=0x0000008f9c2fe6a0 mode 2
Event: 50.629 Thread 0x000001fdfc50f380 Uncommon trap: trap_request=0xffffffd6 fr.pc=0x000001fde6546f00 relative=0x00000000000007c0
Event: 50.629 Thread 0x000001fdfc50f380 Uncommon trap: reason=array_check action=maybe_recompile pc=0x000001fde6546f00 method=java.util.TimSort.binarySort([Ljava/lang/Object;IIILjava/util/Comparator;)V @ 193 c2
Event: 50.630 Thread 0x000001fdfc50f380 DEOPT PACKING pc=0x000001fde6546f00 sp=0x0000008fa38f9b50
Event: 50.630 Thread 0x000001fdfc50f380 DEOPT UNPACKING pc=0x000001fde5eb69a3 sp=0x0000008fa38f9ae8 mode 2

Classes unloaded (0 events):
No events

Classes redefined (0 events):
No events

Internal exceptions (20 events):
Event: 49.536 Thread 0x000001fdfcc69190 Exception <a 'java/lang/NoSuchMethodError'{0x000000008758e4c8}: static Lorg/gradle/internal/build/event/types/DefaultTaskSkippedResult;.<clinit>()V> (0x000000008758e4c8) 
thrown [s\src\hotspot\share\prims\jni.cpp, line 1108]
Event: 49.552 Thread 0x000001fdfc50f850 Exception <a 'sun/nio/fs/WindowsException'{0x00000000875b77e8}> (0x00000000875b77e8) 
thrown [s\src\hotspot\share\prims\jni.cpp, line 517]
Event: 49.552 Thread 0x000001fdfc50f850 Exception <a 'sun/nio/fs/WindowsException'{0x00000000875b8690}> (0x00000000875b8690) 
thrown [s\src\hotspot\share\prims\jni.cpp, line 517]
Event: 49.552 Thread 0x000001fdfc50f850 Exception <a 'sun/nio/fs/WindowsException'{0x00000000875b8700}> (0x00000000875b8700) 
thrown [s\src\hotspot\share\prims\jni.cpp, line 517]
Event: 49.552 Thread 0x000001fdfc50f850 Exception <a 'sun/nio/fs/WindowsException'{0x00000000875b8b00}> (0x00000000875b8b00) 
thrown [s\src\hotspot\share\prims\jni.cpp, line 517]
Event: 49.685 Thread 0x000001fdfc513210 Exception <a 'sun/nio/fs/WindowsException'{0x00000000873af9e8}> (0x00000000873af9e8) 
thrown [s\src\hotspot\share\prims\jni.cpp, line 517]
Event: 50.012 Thread 0x000001fdfc50f380 Exception <a 'java/lang/NoSuchMethodError'{0x0000000086c31da0}: 'void java.lang.invoke.DirectMethodHandle$Holder.invokeStatic(java.lang.Object, java.lang.Object, java.lang.Object, java.lang.Object, int, java.lang.Object, java.lang.Object)'> (0x0000000086c31da0) 
thrown [s\src\hotspot\share\interpreter\linkResolver.cpp, line 771]
Event: 50.065 Thread 0x000001fdfa3b80f0 Exception <a 'java/lang/NoSuchMethodError'{0x00000000869d9650}: 'java.lang.Object java.lang.invoke.DirectMethodHandle$Holder.invokeSpecialIFC(java.lang.Object, java.lang.Object, java.lang.Object)'> (0x00000000869d9650) 
thrown [s\src\hotspot\share\interpreter\linkResolver.cpp, line 771]
Event: 50.065 Thread 0x000001fdf9e85930 Exception <a 'java/lang/NoSuchMethodError'{0x00000000869b15e8}: 'java.lang.Object java.lang.invoke.DirectMethodHandle$Holder.invokeSpecialIFC(java.lang.Object, java.lang.Object, java.lang.Object)'> (0x00000000869b15e8) 
thrown [s\src\hotspot\share\interpreter\linkResolver.cpp, line 771]
Event: 50.065 Thread 0x000001fdfa3b5f40 Exception <a 'java/lang/NoSuchMethodError'{0x00000000869c7710}: 'java.lang.Object java.lang.invoke.DirectMethodHandle$Holder.invokeSpecialIFC(java.lang.Object, java.lang.Object, java.lang.Object)'> (0x00000000869c7710) 
thrown [s\src\hotspot\share\interpreter\linkResolver.cpp, line 771]
Event: 50.065 Thread 0x000001fdf7c70850 Exception <a 'java/lang/NoSuchMethodError'{0x00000000869c3b90}: 'java.lang.Object java.lang.invoke.DirectMethodHandle$Holder.invokeSpecialIFC(java.lang.Object, java.lang.Object, java.lang.Object)'> (0x00000000869c3b90) 
thrown [s\src\hotspot\share\interpreter\linkResolver.cpp, line 771]
Event: 50.065 Thread 0x000001fdf68838d0 Exception <a 'java/lang/NoSuchMethodError'{0x00000000869d4bf0}: 'java.lang.Object java.lang.invoke.DirectMethodHandle$Holder.invokeSpecialIFC(java.lang.Object, java.lang.Object, java.lang.Object)'> (0x00000000869d4bf0) 
thrown [s\src\hotspot\share\interpreter\linkResolver.cpp, line 771]
Event: 50.065 Thread 0x000001fdfa3bc920 Exception <a 'java/lang/NoSuchMethodError'{0x00000000869bf1f8}: 'java.lang.Object java.lang.invoke.DirectMethodHandle$Holder.invokeSpecialIFC(java.lang.Object, java.lang.Object, java.lang.Object)'> (0x00000000869bf1f8) 
thrown [s\src\hotspot\share\interpreter\linkResolver.cpp, line 771]
Event: 50.065 Thread 0x000001fdfc50f380 Exception <a 'java/lang/NoSuchMethodError'{0x000000008699c568}: 'java.lang.Object java.lang.invoke.DirectMethodHandle$Holder.invokeSpecialIFC(java.lang.Object, java.lang.Object, java.lang.Object)'> (0x000000008699c568) 
thrown [s\src\hotspot\share\interpreter\linkResolver.cpp, line 771]
Event: 50.065 Thread 0x000001fdf7c70380 Exception <a 'java/lang/NoSuchMethodError'{0x00000000869f1330}: 'java.lang.Object java.lang.invoke.DirectMethodHandle$Holder.invokeSpecialIFC(java.lang.Object, java.lang.Object, java.lang.Object)'> (0x00000000869f1330) 
thrown [s\src\hotspot\share\interpreter\linkResolver.cpp, line 771]
Event: 50.065 Thread 0x000001fdf7a26c20 Exception <a 'java/lang/NoSuchMethodError'{0x00000000869ba470}: 'java.lang.Object java.lang.invoke.DirectMethodHandle$Holder.invokeSpecialIFC(java.lang.Object, java.lang.Object, java.lang.Object)'> (0x00000000869ba470) 
thrown [s\src\hotspot\share\interpreter\linkResolver.cpp, line 771]
Event: 50.065 Thread 0x000001fdfcc6b340 Exception <a 'java/lang/NoSuchMethodError'{0x00000000869a3630}: 'java.lang.Object java.lang.invoke.DirectMethodHandle$Holder.invokeSpecialIFC(java.lang.Object, java.lang.Object, java.lang.Object)'> (0x00000000869a3630) 
thrown [s\src\hotspot\share\interpreter\linkResolver.cpp, line 771]
Event: 50.065 Thread 0x000001fdf6883400 Exception <a 'java/lang/NoSuchMethodError'{0x00000000869cd290}: 'java.lang.Object java.lang.invoke.DirectMethodHandle$Holder.invokeSpecialIFC(java.lang.Object, java.lang.Object, java.lang.Object)'> (0x00000000869cd290) 
thrown [s\src\hotspot\share\interpreter\linkResolver.cpp, line 771]
Event: 50.065 Thread 0x000001fdf7a270f0 Exception <a 'java/lang/NoSuchMethodError'{0x00000000869d1b58}: 'java.lang.Object java.lang.invoke.DirectMethodHandle$Holder.invokeSpecialIFC(java.lang.Object, java.lang.Object, java.lang.Object)'> (0x00000000869d1b58) 
thrown [s\src\hotspot\share\interpreter\linkResolver.cpp, line 771]
Event: 50.629 Thread 0x000001fdfc50f380 Exception <a 'java/lang/NoSuchMethodError'{0x000000008cfa2188}: static Lcom/android/build/gradle/internal/tasks/AarMetadataArtifact;.<clinit>()V> (0x000000008cfa2188) 
thrown [s\src\hotspot\share\prims\jni.cpp, line 1108]

VM Operations (20 events):
Event: 49.231 Executing VM operation: G1CollectForAllocation done
Event: 49.285 Executing VM operation: HandshakeAllThreads
Event: 49.285 Executing VM operation: HandshakeAllThreads done
Event: 49.513 Executing VM operation: HandshakeAllThreads
Event: 49.513 Executing VM operation: HandshakeAllThreads done
Event: 49.703 Executing VM operation: HandshakeAllThreads
Event: 49.703 Executing VM operation: HandshakeAllThreads done
Event: 49.704 Executing VM operation: HandshakeAllThreads
Event: 49.704 Executing VM operation: HandshakeAllThreads done
Event: 49.964 Executing VM operation: ICBufferFull
Event: 49.964 Executing VM operation: ICBufferFull done
Event: 50.184 Executing VM operation: G1CollectForAllocation
Event: 50.192 Executing VM operation: G1CollectForAllocation done
Event: 50.263 Executing VM operation: G1Concurrent
Event: 50.281 Executing VM operation: G1Concurrent done
Event: 50.318 Executing VM operation: G1Concurrent
Event: 50.319 Executing VM operation: G1Concurrent done
Event: 50.541 Executing VM operation: G1CollectForAllocation
Event: 50.547 Executing VM operation: G1CollectForAllocation done
Event: 50.647 Executing VM operation: G1CollectForAllocation

Events (20 events):
Event: 49.193 Thread 0x000001fdfc512870 Thread added: 0x000001fdfc512870
Event: 49.194 Thread 0x000001fdfc511530 Thread added: 0x000001fdfc511530
Event: 49.194 Thread 0x000001fdfc5123a0 Thread added: 0x000001fdfc5123a0
Event: 49.194 Thread 0x000001fdfc5101f0 Thread added: 0x000001fdfc5101f0
Event: 49.195 Thread 0x000001fdfc512d40 Thread added: 0x000001fdfc512d40
Event: 49.195 Thread 0x000001fdfc511a00 Thread added: 0x000001fdfc511a00
Event: 49.195 Thread 0x000001fdfc50f850 Thread added: 0x000001fdfc50f850
Event: 49.195 Thread 0x000001fdfc50f380 Thread added: 0x000001fdfc50f380
Event: 49.196 Thread 0x000001fdfc511ed0 Thread added: 0x000001fdfc511ed0
Event: 49.197 Thread 0x000001fdfc5106c0 Thread added: 0x000001fdfc5106c0
Event: 49.345 loading class java/time/Clock
Event: 49.345 loading class java/time/InstantSource
Event: 49.345 loading class java/time/InstantSource done
Event: 49.345 loading class java/time/Clock done
Event: 49.345 loading class java/time/Clock$SystemClock
Event: 49.345 loading class java/time/Clock$SystemClock done
Event: 49.380 loading class java/nio/charset/UnsupportedCharsetException
Event: 49.380 loading class java/nio/charset/UnsupportedCharsetException done
Event: 49.619 Thread 0x000001fdfc513210 Thread added: 0x000001fdfc513210
Event: 50.632 Thread 0x000001fd832b08e0 Thread added: 0x000001fd832b08e0


Dynamic libraries:
0x00007ff791790000 - 0x00007ff79179a000 	C:\BTS\ANDROID\android-studio-girafe\android-studio-2022.3.1.19-windows\android-studio\jbr\bin\java.exe
0x00007ffa9a2e0000 - 0x00007ffa9a543000 	C:\WINDOWS\SYSTEM32\ntdll.dll
0x00007ffa99650000 - 0x00007ffa99717000 	C:\WINDOWS\System32\KERNEL32.DLL
0x00007ffa97940000 - 0x00007ffa97d07000 	C:\WINDOWS\System32\KERNELBASE.dll
0x00007ffa97410000 - 0x00007ffa9755c000 	C:\Windows\system32\hmpalert.dll
0x00007ffa97f30000 - 0x00007ffa9807c000 	C:\WINDOWS\System32\ucrtbase.dll
0x00007ffa75e20000 - 0x00007ffa75e37000 	C:\BTS\ANDROID\android-studio-girafe\android-studio-2022.3.1.19-windows\android-studio\jbr\bin\jli.dll
0x00007ffa982a0000 - 0x00007ffa98469000 	C:\WINDOWS\System32\USER32.dll
0x00007ffa97e40000 - 0x00007ffa97e67000 	C:\WINDOWS\System32\win32u.dll
0x00007ffa99570000 - 0x00007ffa9959a000 	C:\WINDOWS\System32\GDI32.dll
0x00007ffa84a90000 - 0x00007ffa84aab000 	C:\BTS\ANDROID\android-studio-girafe\android-studio-2022.3.1.19-windows\android-studio\jbr\bin\VCRUNTIME140.dll
0x00007ffa97d10000 - 0x00007ffa97e3b000 	C:\WINDOWS\System32\gdi32full.dll
0x00007ffa97670000 - 0x00007ffa97713000 	C:\WINDOWS\System32\msvcp_win.dll
0x00007ffa72080000 - 0x00007ffa72310000 	C:\WINDOWS\WinSxS\amd64_microsoft.windows.common-controls_6595b64144ccf1df_6.0.26100.2702_none_3e069454e335fc5e\COMCTL32.dll
0x00007ffa98940000 - 0x00007ffa989e9000 	C:\WINDOWS\System32\msvcrt.dll
0x00007ffa98260000 - 0x00007ffa9828f000 	C:\WINDOWS\System32\IMM32.DLL
0x00007ffa8ce70000 - 0x00007ffa8ce7c000 	C:\BTS\ANDROID\android-studio-girafe\android-studio-2022.3.1.19-windows\android-studio\jbr\bin\vcruntime140_1.dll
0x00007ffa68de0000 - 0x00007ffa68e6d000 	C:\BTS\ANDROID\android-studio-girafe\android-studio-2022.3.1.19-windows\android-studio\jbr\bin\msvcp140.dll
0x00007ffa52200000 - 0x00007ffa52e6e000 	C:\BTS\ANDROID\android-studio-girafe\android-studio-2022.3.1.19-windows\android-studio\jbr\bin\server\jvm.dll
0x00007ffa989f0000 - 0x00007ffa98aa3000 	C:\WINDOWS\System32\ADVAPI32.dll
0x00007ffa995a0000 - 0x00007ffa99646000 	C:\WINDOWS\System32\sechost.dll
0x00007ffa99450000 - 0x00007ffa99566000 	C:\WINDOWS\System32\RPCRT4.dll
0x00007ffa828c0000 - 0x00007ffa828ca000 	C:\WINDOWS\SYSTEM32\WSOCK32.dll
0x00007ffa981d0000 - 0x00007ffa98244000 	C:\WINDOWS\System32\WS2_32.dll
0x00007ffa8da30000 - 0x00007ffa8da3b000 	C:\WINDOWS\SYSTEM32\VERSION.dll
0x00007ffa94550000 - 0x00007ffa94586000 	C:\WINDOWS\SYSTEM32\WINMM.dll
0x00007ffa96310000 - 0x00007ffa9632a000 	C:\WINDOWS\SYSTEM32\kernel.appcore.dll
0x00007ffa902e0000 - 0x00007ffa902ea000 	C:\BTS\ANDROID\android-studio-girafe\android-studio-2022.3.1.19-windows\android-studio\jbr\bin\jimage.dll
0x00007ffa94a50000 - 0x00007ffa94c91000 	C:\WINDOWS\SYSTEM32\DBGHELP.DLL
0x00007ffa99f10000 - 0x00007ffa9a28e000 	C:\WINDOWS\System32\combase.dll
0x00007ffa98d00000 - 0x00007ffa98dd6000 	C:\WINDOWS\System32\OLEAUT32.dll
0x00007ffa84840000 - 0x00007ffa84879000 	C:\WINDOWS\SYSTEM32\dbgcore.DLL
0x00007ffa978a0000 - 0x00007ffa97939000 	C:\WINDOWS\System32\bcryptPrimitives.dll
0x00007ffa86890000 - 0x00007ffa868b5000 	C:\BTS\ANDROID\android-studio-girafe\android-studio-2022.3.1.19-windows\android-studio\jbr\bin\java.dll
0x00007ffa84ba0000 - 0x00007ffa84bb8000 	C:\BTS\ANDROID\android-studio-girafe\android-studio-2022.3.1.19-windows\android-studio\jbr\bin\zip.dll
0x00007ffa99730000 - 0x00007ffa99e3b000 	C:\WINDOWS\System32\SHELL32.dll
0x00007ffa94fe0000 - 0x00007ffa9581d000 	C:\WINDOWS\SYSTEM32\windows.storage.dll
0x00007ffa98ab0000 - 0x00007ffa98b9a000 	C:\WINDOWS\System32\SHCORE.dll
0x00007ffa98ba0000 - 0x00007ffa98bfd000 	C:\WINDOWS\System32\shlwapi.dll
0x00007ffa97580000 - 0x00007ffa975ae000 	C:\WINDOWS\SYSTEM32\profapi.dll
0x00007ffa849e0000 - 0x00007ffa849f9000 	C:\BTS\ANDROID\android-studio-girafe\android-studio-2022.3.1.19-windows\android-studio\jbr\bin\net.dll
0x00007ffa8fd00000 - 0x00007ffa8fe1e000 	C:\WINDOWS\SYSTEM32\WINHTTP.dll
0x00007ffa96800000 - 0x00007ffa96868000 	C:\WINDOWS\system32\mswsock.dll
0x00007ffa82db0000 - 0x00007ffa82dc6000 	C:\BTS\ANDROID\android-studio-girafe\android-studio-2022.3.1.19-windows\android-studio\jbr\bin\nio.dll
0x00007ffa8ceb0000 - 0x00007ffa8cec0000 	C:\BTS\ANDROID\android-studio-girafe\android-studio-2022.3.1.19-windows\android-studio\jbr\bin\verify.dll
0x00007ffa770c0000 - 0x00007ffa770e7000 	C:\Users\svo\.gradle\native\68d5fa5c4cc2d200863cafc0d521ce42e7d3e7ee720ec0a83991735586a16f82\windows-amd64\native-platform.dll
0x00007ffa30240000 - 0x00007ffa30384000 	C:\Users\svo\.gradle\native\e376f236ea51e6404a007f0833ffe2c6e607c4080706a723a18a27aeea778392\windows-amd64\native-platform-file-events.dll
0x00007ffa86880000 - 0x00007ffa86889000 	C:\BTS\ANDROID\android-studio-girafe\android-studio-2022.3.1.19-windows\android-studio\jbr\bin\management.dll
0x00007ffa86840000 - 0x00007ffa8684b000 	C:\BTS\ANDROID\android-studio-girafe\android-studio-2022.3.1.19-windows\android-studio\jbr\bin\management_ext.dll
0x00007ffa99720000 - 0x00007ffa99728000 	C:\WINDOWS\System32\PSAPI.DLL
0x00007ffa96bb0000 - 0x00007ffa96bcc000 	C:\WINDOWS\SYSTEM32\CRYPTSP.dll
0x00007ffa96270000 - 0x00007ffa962a8000 	C:\WINDOWS\system32\rsaenh.dll
0x00007ffa968a0000 - 0x00007ffa968cb000 	C:\WINDOWS\SYSTEM32\USERENV.dll
0x00007ffa96d40000 - 0x00007ffa96d66000 	C:\WINDOWS\SYSTEM32\bcrypt.dll
0x00007ffa96a30000 - 0x00007ffa96a3c000 	C:\WINDOWS\SYSTEM32\CRYPTBASE.dll
0x00007ffa95a90000 - 0x00007ffa95ac3000 	C:\WINDOWS\SYSTEM32\IPHLPAPI.DLL
0x00007ffa98110000 - 0x00007ffa9811a000 	C:\WINDOWS\System32\NSI.dll
0x00007ffa90080000 - 0x00007ffa9009e000 	C:\WINDOWS\SYSTEM32\dhcpcsvc6.DLL
0x00007ffa8ffa0000 - 0x00007ffa8ffc5000 	C:\WINDOWS\SYSTEM32\dhcpcsvc.DLL
0x00007ffa95b10000 - 0x00007ffa95c35000 	C:\WINDOWS\SYSTEM32\DNSAPI.dll
0x00007ffa5d130000 - 0x00007ffa5d138000 	C:\WINDOWS\system32\wshunix.dll

dbghelp: loaded successfully - version: 4.0.5 - missing functions: none
symbol engine: initialized successfully - sym options: 0x614 - pdb path: .;C:\BTS\ANDROID\android-studio-girafe\android-studio-2022.3.1.19-windows\android-studio\jbr\bin;C:\WINDOWS\SYSTEM32;C:\WINDOWS\WinSxS\amd64_microsoft.windows.common-controls_6595b64144ccf1df_6.0.26100.2702_none_3e069454e335fc5e;C:\BTS\ANDROID\android-studio-girafe\android-studio-2022.3.1.19-windows\android-studio\jbr\bin\server;C:\Users\svo\.gradle\native\68d5fa5c4cc2d200863cafc0d521ce42e7d3e7ee720ec0a83991735586a16f82\windows-amd64;C:\Users\svo\.gradle\native\e376f236ea51e6404a007f0833ffe2c6e607c4080706a723a18a27aeea778392\windows-amd64

VM Arguments:
jvm_args: --add-opens=java.base/java.util=ALL-UNNAMED --add-opens=java.base/java.lang=ALL-UNNAMED --add-opens=java.base/java.lang.invoke=ALL-UNNAMED --add-opens=java.prefs/java.util.prefs=ALL-UNNAMED --add-opens=java.base/java.nio.charset=ALL-UNNAMED --add-opens=java.base/java.net=ALL-UNNAMED --add-opens=java.base/java.util.concurrent.atomic=ALL-UNNAMED -Xmx2048m -Dfile.encoding=UTF-8 -Duser.country=FR -Duser.language=fr -Duser.variant 
java_command: org.gradle.launcher.daemon.bootstrap.GradleDaemon 8.0
java_class_path (initial): C:\Users\svo\.gradle\wrapper\dists\gradle-8.0-bin\ca5e32bp14vu59qr306oxotwh\gradle-8.0\lib\gradle-launcher-8.0.jar
Launcher Type: SUN_STANDARD

[Global flags]
     intx CICompilerCount                          = 4                                         {product} {ergonomic}
     uint ConcGCThreads                            = 3                                         {product} {ergonomic}
     uint G1ConcRefinementThreads                  = 10                                        {product} {ergonomic}
   size_t G1HeapRegionSize                         = 1048576                                   {product} {ergonomic}
    uintx GCDrainStackTargetSize                   = 64                                        {product} {ergonomic}
   size_t InitialHeapSize                          = 264241152                                 {product} {ergonomic}
   size_t MarkStackSize                            = 4194304                                   {product} {ergonomic}
   size_t MaxHeapSize                              = 2147483648                                {product} {command line}
   size_t MaxNewSize                               = 1287651328                                {product} {ergonomic}
   size_t MinHeapDeltaBytes                        = 1048576                                   {product} {ergonomic}
   size_t MinHeapSize                              = 8388608                                   {product} {ergonomic}
    uintx NonNMethodCodeHeapSize                   = 5839372                                {pd product} {ergonomic}
    uintx NonProfiledCodeHeapSize                  = 122909434                              {pd product} {ergonomic}
    uintx ProfiledCodeHeapSize                     = 122909434                              {pd product} {ergonomic}
    uintx ReservedCodeCacheSize                    = 251658240                              {pd product} {ergonomic}
     bool SegmentedCodeCache                       = true                                      {product} {ergonomic}
   size_t SoftMaxHeapSize                          = 2147483648                             {manageable} {ergonomic}
     bool UseCompressedClassPointers               = true                           {product lp64_product} {ergonomic}
     bool UseCompressedOops                        = true                           {product lp64_product} {ergonomic}
     bool UseG1GC                                  = true                                      {product} {ergonomic}
     bool UseLargePagesIndividualAllocation        = false                                  {pd product} {ergonomic}

Logging:
Log output configuration:
 #0: stdout all=warning uptime,level,tags
 #1: stderr all=off uptime,level,tags

Environment Variables:
PATH=C:\Program Files\Common Files\Oracle\Java\javapath;C:\Program Files (x86)\Common Files\Oracle\Java\java8path;C:\Program Files (x86)\Common Files\Oracle\Java\javapath;C:\WINDOWS\system32;C:\WINDOWS;C:\WINDOWS\System32\Wbem;C:\WINDOWS\System32\WindowsPowerShell\v1.0\;C:\WINDOWS\System32\OpenSSH\;C:\Users\svo\AppData\Local\Microsoft\WindowsApps;C:\BTS\PortableApps\openlogic-openjdk-17.0.8+7-windows-x64\openlogic-openjdk-17.0.8+7-windows-x64\bin;C:\Users\svo\AppData\Local\ComposerSetup\bin;C:\Users\svo\AppData\Roaming\Composer\vendor\bin;C:\BTS\DEV\Xampp Laravell\xampp\php;C:\BTS\DEV\node-v18.15.0-win-x64;C:\BTS\Nodejs\node-v20.17.0-win-x64;C:\BTS\Git\bin;
USERNAME=SVO
OS=Windows_NT
PROCESSOR_IDENTIFIER=Intel64 Family 6 Model 154 Stepping 4, GenuineIntel
TMP=C:\Users\svo\AppData\Local\Temp
TEMP=C:\Users\svo\AppData\Local\Temp


JNI global refs:
JNI global refs: 28, weak refs: 5

JNI global refs memory usage: 843, weak refs: 841


---------------  S Y S T E M  ---------------

OS:
 Windows 11 , 64 bit Build 26100 (10.0.26100.2992)
OS uptime: 0 days 23:58 hours
Hyper-V role detected

CPU: total 12 (initial active 12) (6 cores per cpu, 2 threads per core) family 6 model 154 stepping 4 microcode 0x435, cx8, cmov, fxsr, ht, mmx, 3dnowpref, sse, sse2, sse3, ssse3, sse4.1, sse4.2, popcnt, lzcnt, tsc, tscinvbit, avx, avx2, aes, erms, clmul, bmi1, bmi2, adx, sha, fma, vzeroupper, clflush, clflushopt, clwb, hv

Memory: 4k page, system-wide physical 16016M (2735M free)
TotalPageFile size 20016M (AvailPageFile size 25M)
current process WorkingSet (physical memory assigned to process): 399M, peak: 416M
current process commit charge ("private bytes"): 439M, peak: 511M

vm_info: OpenJDK 64-Bit Server VM (17.0.6+0-b2043.56-10027231) for windows-amd64 JRE (17.0.6+0-b2043.56-10027231), built on Apr 28 2023 00:43:19 by "androidbuild" with MS VC++ 16.10 / 16.11 (VS2019)

END.
