#
# There is insufficient memory for the Java Runtime Environment to continue.
# Native memory allocation (mmap) failed to map 84934656 bytes for G1 virtual space
# Possible reasons:
#   The system is out of physical RAM or swap space
#   The process is running with CompressedOops enabled, and the Java Heap may be blocking the growth of the native heap
# Possible solutions:
#   Reduce memory load on the system
#   Increase physical memory or swap space
#   Check if swap backing store is full
#   Decrease Java heap size (-Xmx/-Xms)
#   Decrease number of Java threads
#   Decrease Java thread stack sizes (-Xss)
#   Set larger code cache with -XX:ReservedCodeCacheSize=
#   JVM is running with Unscaled Compressed Oops mode in which the Java heap is
#     placed in the first 4GB address space. The Java Heap base address is the
#     maximum limit for the native heap growth. Please use -XX:HeapBaseMinAddress
#     to set the Java Heap base and to place the Java Heap above 4GB virtual address.
# This output file may be truncated or incomplete.
#
#  Out of Memory Error (os_windows.cpp:3769), pid=9852, tid=12300
#
# JRE version: OpenJDK Runtime Environment (17.0.6) (build 17.0.6+0-b2043.56-10027231)
# Java VM: OpenJDK 64-Bit Server VM (17.0.6+0-b2043.56-10027231, mixed mode, tiered, compressed oops, compressed class ptrs, g1 gc, windows-amd64)
# No core dump will be written. Minidumps are not enabled by default on client versions of Windows
#

---------------  S U M M A R Y ------------

Command Line: --add-opens=java.base/java.util=ALL-UNNAMED --add-opens=java.base/java.lang=ALL-UNNAMED --add-opens=java.base/java.lang.invoke=ALL-UNNAMED --add-opens=java.prefs/java.util.prefs=ALL-UNNAMED --add-opens=java.base/java.nio.charset=ALL-UNNAMED --add-opens=java.base/java.net=ALL-UNNAMED --add-opens=java.base/java.util.concurrent.atomic=ALL-UNNAMED -Xmx2048m -Dfile.encoding=UTF-8 -Duser.country=FR -Duser.language=fr -Duser.variant org.gradle.launcher.daemon.bootstrap.GradleDaemon 8.0

Host: 12th Gen Intel(R) Core(TM) i7-1255U, 12 cores, 15G,  Windows 11 , 64 bit Build 26100 (10.0.26100.2992)
Time: Thu Feb 20 11:40:28 2025 Paris, Madrid elapsed time: 60.096110 seconds (0d 0h 1m 0s)

---------------  T H R E A D  ---------------

Current thread (0x000002cfacb913f0):  VMThread "VM Thread" [stack: 0x000000e2a3400000,0x000000e2a3500000] [id=12300]

Stack: [0x000000e2a3400000,0x000000e2a3500000]
Native frames: (J=compiled Java code, j=interpreted, Vv=VM code, C=native code)
V  [jvm.dll+0x683c9a]
V  [jvm.dll+0x8427a4]
V  [jvm.dll+0x843f9e]
V  [jvm.dll+0x844603]
V  [jvm.dll+0x249b75]
V  [jvm.dll+0x680b69]
V  [jvm.dll+0x67505a]
V  [jvm.dll+0x309acb]
V  [jvm.dll+0x310f86]
V  [jvm.dll+0x3608ee]
V  [jvm.dll+0x360b1f]
V  [jvm.dll+0x2dfbf8]
V  [jvm.dll+0x2ddec4]
V  [jvm.dll+0x2dd4cc]
V  [jvm.dll+0x321f3b]
V  [jvm.dll+0x848ccb]
V  [jvm.dll+0x849a04]
V  [jvm.dll+0x849f1d]
V  [jvm.dll+0x84a2f4]
V  [jvm.dll+0x84a3c0]
V  [jvm.dll+0x7f274a]
V  [jvm.dll+0x682ad5]
C  [ucrtbase.dll+0x37b0]
C  [KERNEL32.DLL+0x2e8d7]
C  [ntdll.dll+0xbbf6c]

VM_Operation (0x000000e2a57fe570): G1CollectForAllocation, mode: safepoint, requested by thread 0x000002cfaf0f6f70


---------------  P R O C E S S  ---------------

Threads class SMR info:
_java_thread_list=0x000002cfb20ced80, length=188, elements={
0x000002cf929727a0, 0x000002cfacbb9260, 0x000002cfacbb9d20, 0x000002cfacbe9010,
0x000002cfacbe96e0, 0x000002cfacbec0b0, 0x000002cfacbec970, 0x000002cfacbed560,
0x000002cfacbfa430, 0x000002cfacbfad30, 0x000002cfacd9f750, 0x000002cfacda3c40,
0x000002cfb076e9e0, 0x000002cfaef2e730, 0x000002cfb029a740, 0x000002cfb0177e70,
0x000002cfae70b090, 0x000002cfaf0f6f70, 0x000002cfaf0f5290, 0x000002cfaf0f4dc0,
0x000002cfaf0f3a80, 0x000002cfaf0f5760, 0x000002cfaf0f5c30, 0x000002cfae2dd670,
0x000002cfae2de4e0, 0x000002cfae2df350, 0x000002cfae2de9b0, 0x000002cfae2df820,
0x000002cfae2ddb40, 0x000002cfae2dd1a0, 0x000002cfaccc4fa0, 0x000002cfaccc4ad0,
0x000002cfaccc2df0, 0x000002cfaccc2920, 0x000002cfaccc4600, 0x000002cfaccc32c0,
0x000002cfaccc15e0, 0x000002cfaccc3790, 0x000002cfaccc5940, 0x000002cfaccc1ab0,
0x000002cfaccc3c60, 0x000002cfaccc4130, 0x000002cfaccc1f80, 0x000002cfaccc5e10,
0x000002cfaccc2450, 0x000002cfaccc62e0, 0x000002cfaccc8490, 0x000002cfaccc6c80,
0x000002cfaccc67b0, 0x000002cfaccc8960, 0x000002cfaccc7150, 0x000002cfaccc7620,
0x000002cfaccc7af0, 0x000002cfaccc7fc0, 0x000002cfaccc8e30, 0x000002cfae2e0b60,
0x000002cfae2e1500, 0x000002cfae2dee80, 0x000002cfae2e19d0, 0x000002cfae2de010,
0x000002cfae2e4520, 0x000002cfae2e4050, 0x000002cfae2e49f0, 0x000002cfae2e31e0,
0x000002cfae2e1ea0, 0x000002cfae2e36b0, 0x000002cfae2e3b80, 0x000002cfae2e2370,
0x000002cfae2e2840, 0x000002cfae2e2d10, 0x000002cfaf0f6100, 0x000002cfaf0f65d0,
0x000002cfaf0f3f50, 0x000002cfaf0f7440, 0x000002cfaf0f4420, 0x000002cfaf0f6aa0,
0x000002cfaf0f48f0, 0x000002cfb54aa960, 0x000002cfb54acfe0, 0x000002cfb54acb10,
0x000002cfb54ad4b0, 0x000002cfb54aae30, 0x000002cfb54ab7d0, 0x000002cfb54a9fc0,
0x000002cfb54ad980, 0x000002cfb54ade50, 0x000002cfb54ab300, 0x000002cfb54abca0,
0x000002cfb54aa490, 0x000002cfb54ac640, 0x000002cfb54ae320, 0x000002cfb54af660,
0x000002cfb54ae7f0, 0x000002cfb54af190, 0x000002cfb54aecc0, 0x000002cfb54ac170,
0x000002cfb54b0000, 0x000002cfb54b09a0, 0x000002cfb54afb30, 0x000002cfb54b0e70,
0x000002cfb54b1340, 0x000002cfb54b1810, 0x000002cfb54b04d0, 0x000002cfb3608ab0,
0x000002cfb3609df0, 0x000002cfb360a2c0, 0x000002cfb360bfa0, 0x000002cfb360ac60,
0x000002cfb3609450, 0x000002cfb36085e0, 0x000002cfb360c470, 0x000002cfb360b600,
0x000002cfb360c940, 0x000002cfb360b130, 0x000002cfb3608f80, 0x000002cfb360ce10,
0x000002cfb360d2e0, 0x000002cfb3609920, 0x000002cfb360bad0, 0x000002cfb360dc80,
0x000002cfb360a790, 0x000002cfb360e620, 0x000002cfb360d7b0, 0x000002cfb360e150,
0x000002cfb360f960, 0x000002cfb360eaf0, 0x000002cfb360f490, 0x000002cfb360efc0,
0x000002cfb360fe30, 0x000002cfb2725530, 0x000002cfb2728a20, 0x000002cfb2727210,
0x000002cfb27276e0, 0x000002cfb2728080, 0x000002cfb2726870, 0x000002cfb2725ed0,
0x000002cfb2726d40, 0x000002cfb27263a0, 0x000002cfb2728ef0, 0x000002cfb2727bb0,
0x000002cfb2725a00, 0x000002cfb27293c0, 0x000002cfb2729890, 0x000002cfb2729d60,
0x000002cfb272a230, 0x000002cfb272abd0, 0x000002cfb272bf10, 0x000002cfb272b570,
0x000002cfb2728550, 0x000002cfb272a700, 0x000002cfb272cd80, 0x000002cfb272b0a0,
0x000002cfb272c3e0, 0x000002cfb272ba40, 0x000002cfb272c8b0, 0x000002cfb35ce110,
0x000002cfb35cd2a0, 0x000002cfb35cd770, 0x000002cfb35cc430, 0x000002cfb35ceab0,
0x000002cfb35cdc40, 0x000002cfb35cc900, 0x000002cfb35ce5e0, 0x000002cfb35cef80,
0x000002cfb35ccdd0, 0x000002cfb35cf450, 0x000002cfb35cba90, 0x000002cfb35cbf60,
0x000002cfb35d2470, 0x000002cfb35d2940, 0x000002cfb35d1600, 0x000002cfb35cf920,
0x000002cfb35d1fa0, 0x000002cfb35d1ad0, 0x000002cfb35d2e10, 0x000002cfb35d0c60,
0x000002cfb35d0790, 0x000002cfb35d32e0, 0x000002cfb35d1130, 0x000002cfb75a4360,
0x000002cfb75a3e90, 0x000002cfb75a51d0, 0x000002cfb75a56a0, 0x000002cfb75a4830,
0x000002cfb1f5d440, 0x000002cfb75a4d00, 0x000002cfb1f5cf30, 0x000002cfb75a6040
}

Java Threads: ( => current thread )
  0x000002cf929727a0 JavaThread "main" [_thread_blocked, id=4392, stack(0x000000e2a2e00000,0x000000e2a2f00000)]
  0x000002cfacbb9260 JavaThread "Reference Handler" daemon [_thread_blocked, id=26076, stack(0x000000e2a3500000,0x000000e2a3600000)]
  0x000002cfacbb9d20 JavaThread "Finalizer" daemon [_thread_blocked, id=15324, stack(0x000000e2a3600000,0x000000e2a3700000)]
  0x000002cfacbe9010 JavaThread "Signal Dispatcher" daemon [_thread_blocked, id=16996, stack(0x000000e2a3700000,0x000000e2a3800000)]
  0x000002cfacbe96e0 JavaThread "Attach Listener" daemon [_thread_blocked, id=23172, stack(0x000000e2a3800000,0x000000e2a3900000)]
  0x000002cfacbec0b0 JavaThread "Service Thread" daemon [_thread_blocked, id=15780, stack(0x000000e2a3900000,0x000000e2a3a00000)]
  0x000002cfacbec970 JavaThread "Monitor Deflation Thread" daemon [_thread_blocked, id=21884, stack(0x000000e2a3a00000,0x000000e2a3b00000)]
  0x000002cfacbed560 JavaThread "C2 CompilerThread0" daemon [_thread_blocked, id=13936, stack(0x000000e2a3b00000,0x000000e2a3c00000)]
  0x000002cfacbfa430 JavaThread "C1 CompilerThread0" daemon [_thread_blocked, id=14372, stack(0x000000e2a3c00000,0x000000e2a3d00000)]
  0x000002cfacbfad30 JavaThread "Sweeper thread" daemon [_thread_blocked, id=24592, stack(0x000000e2a3d00000,0x000000e2a3e00000)]
  0x000002cfacd9f750 JavaThread "Common-Cleaner" daemon [_thread_blocked, id=21104, stack(0x000000e2a3e00000,0x000000e2a3f00000)]
  0x000002cfacda3c40 JavaThread "Notification Thread" daemon [_thread_blocked, id=15100, stack(0x000000e2a3f00000,0x000000e2a4000000)]
  0x000002cfb076e9e0 JavaThread "Daemon health stats" [_thread_blocked, id=1700, stack(0x000000e2a4800000,0x000000e2a4900000)]
  0x000002cfaef2e730 JavaThread "Incoming local TCP Connector on port 55679" [_thread_in_native, id=22592, stack(0x000000e2a4100000,0x000000e2a4200000)]
  0x000002cfb029a740 JavaThread "Daemon periodic checks" [_thread_blocked, id=23640, stack(0x000000e2a4900000,0x000000e2a4a00000)]
  0x000002cfb0177e70 JavaThread "Daemon" [_thread_blocked, id=24216, stack(0x000000e2a4a00000,0x000000e2a4b00000)]
  0x000002cfae70b090 JavaThread "Daemon worker" [_thread_blocked, id=22484, stack(0x000000e2a4d00000,0x000000e2a4e00000)]
  0x000002cfaf0f6f70 JavaThread "Cache worker for journal cache (C:\Users\svo\.gradle\caches\journal-1)" [_thread_blocked, id=26144, stack(0x000000e2a5700000,0x000000e2a5800000)]
  0x000002cfaf0f5290 JavaThread "File lock request listener" [_thread_in_native, id=24324, stack(0x000000e2a5800000,0x000000e2a5900000)]
  0x000002cfaf0f4dc0 JavaThread "Cache worker for file hash cache (C:\Users\svo\.gradle\caches\8.0\fileHashes)" [_thread_blocked, id=26252, stack(0x000000e2a5900000,0x000000e2a5a00000)]
  0x000002cfaf0f3a80 JavaThread "File watcher server" daemon [_thread_blocked, id=10720, stack(0x000000e2a5b00000,0x000000e2a5c00000)]
  0x000002cfaf0f5760 JavaThread "File watcher consumer" daemon [_thread_blocked, id=12316, stack(0x000000e2a5c00000,0x000000e2a5d00000)]
  0x000002cfaf0f5c30 JavaThread "Cache worker for file content cache (C:\Users\svo\.gradle\caches\8.0\fileContent)" [_thread_blocked, id=14196, stack(0x000000e2a5f00000,0x000000e2a6000000)]
  0x000002cfae2dd670 JavaThread "Cache worker for execution history cache (C:\Users\svo\.gradle\caches\8.0\executionHistory)" [_thread_blocked, id=25348, stack(0x000000e2a6200000,0x000000e2a6300000)]
  0x000002cfae2de4e0 JavaThread "jar transforms" [_thread_blocked, id=3452, stack(0x000000e2a6300000,0x000000e2a6400000)]
  0x000002cfae2df350 JavaThread "jar transforms Thread 2" [_thread_blocked, id=1456, stack(0x000000e2a6400000,0x000000e2a6500000)]
  0x000002cfae2de9b0 JavaThread "Cache worker for kotlin-dsl (C:\Users\svo\.gradle\caches\8.0\kotlin-dsl)" [_thread_blocked, id=6888, stack(0x000000e2a6500000,0x000000e2a6600000)]
  0x000002cfae2df820 JavaThread "jar transforms Thread 3" [_thread_blocked, id=15656, stack(0x000000e2a6600000,0x000000e2a6700000)]
  0x000002cfae2ddb40 JavaThread "jar transforms Thread 4" [_thread_blocked, id=15412, stack(0x000000e2a6700000,0x000000e2a6800000)]
  0x000002cfae2dd1a0 JavaThread "jar transforms Thread 5" [_thread_blocked, id=12060, stack(0x000000e2a6a00000,0x000000e2a6b00000)]
  0x000002cfaccc4fa0 JavaThread "jar transforms Thread 6" [_thread_blocked, id=8636, stack(0x000000e2ae300000,0x000000e2ae400000)]
  0x000002cfaccc4ad0 JavaThread "jar transforms Thread 7" [_thread_blocked, id=24936, stack(0x000000e2ae400000,0x000000e2ae500000)]
  0x000002cfaccc2df0 JavaThread "jar transforms Thread 8" [_thread_blocked, id=21664, stack(0x000000e2ae500000,0x000000e2ae600000)]
  0x000002cfaccc2920 JavaThread "jar transforms Thread 9" [_thread_blocked, id=25360, stack(0x000000e2ae600000,0x000000e2ae700000)]
  0x000002cfaccc4600 JavaThread "jar transforms Thread 10" [_thread_blocked, id=15860, stack(0x000000e2ae700000,0x000000e2ae800000)]
  0x000002cfaccc32c0 JavaThread "jar transforms Thread 11" [_thread_blocked, id=8956, stack(0x000000e2ae800000,0x000000e2ae900000)]
  0x000002cfaccc15e0 JavaThread "jar transforms Thread 12" [_thread_blocked, id=13740, stack(0x000000e2ae900000,0x000000e2aea00000)]
  0x000002cfaccc3790 JavaThread "Memory manager" [_thread_blocked, id=3280, stack(0x000000e2aea00000,0x000000e2aeb00000)]
  0x000002cfaccc5940 JavaThread "included builds" [_thread_blocked, id=7660, stack(0x000000e2aec00000,0x000000e2aed00000)]
  0x000002cfaccc1ab0 JavaThread "Handler for socket connection from /127.0.0.1:55679 to /127.0.0.1:55681" [_thread_in_native, id=23568, stack(0x000000e2a4c00000,0x000000e2a4d00000)]
  0x000002cfaccc3c60 JavaThread "Cancel handler" [_thread_blocked, id=9748, stack(0x000000e2a4e00000,0x000000e2a4f00000)]
  0x000002cfaccc4130 JavaThread "Asynchronous log dispatcher for DefaultDaemonConnection: socket connection from /127.0.0.1:55679 to /127.0.0.1:55681" [_thread_blocked, id=12676, stack(0x000000e2a4f00000,0x000000e2a5000000)]
  0x000002cfaccc1f80 JavaThread "Stdin handler" [_thread_blocked, id=4244, stack(0x000000e2a5000000,0x000000e2a5100000)]
  0x000002cfaccc5e10 JavaThread "Daemon client event forwarder" [_thread_blocked, id=21532, stack(0x000000e2a5a00000,0x000000e2a5b00000)]
  0x000002cfaccc2450 JavaThread "Cache worker for checksums cache (C:\BTS\ANDROID\WkRFTG\ApplicationRFTG\.gradle\8.0\checksums)" [_thread_blocked, id=18468, stack(0x000000e2a5d00000,0x000000e2a5e00000)]
  0x000002cfaccc62e0 JavaThread "Cache worker for cache directory md-rule (C:\Users\svo\.gradle\caches\8.0\md-rule)" [_thread_blocked, id=19948, stack(0x000000e2a5e00000,0x000000e2a5f00000)]
  0x000002cfaccc8490 JavaThread "Cache worker for file hash cache (C:\BTS\ANDROID\WkRFTG\ApplicationRFTG\.gradle\8.0\fileHashes)" [_thread_blocked, id=3380, stack(0x000000e2a6000000,0x000000e2a6100000)]
  0x000002cfaccc6c80 JavaThread "Cache worker for cache directory md-supplier (C:\Users\svo\.gradle\caches\8.0\md-supplier)" [_thread_blocked, id=15320, stack(0x000000e2a6100000,0x000000e2a6200000)]
  0x000002cfaccc67b0 JavaThread "Cache worker for dependencies-accessors (C:\BTS\ANDROID\WkRFTG\ApplicationRFTG\.gradle\8.0\dependencies-accessors)" [_thread_blocked, id=27136, stack(0x000000e2a6800000,0x000000e2a6900000)]
  0x000002cfaccc8960 JavaThread "Cache worker for Build Output Cleanup Cache (C:\BTS\ANDROID\WkRFTG\ApplicationRFTG\.gradle\buildOutputCleanup)" [_thread_blocked, id=22304, stack(0x000000e2a6b00000,0x000000e2a6c00000)]
  0x000002cfaccc7150 JavaThread "Unconstrained build operations" [_thread_blocked, id=13340, stack(0x000000e2a6c00000,0x000000e2a6d00000)]
  0x000002cfaccc7620 JavaThread "Unconstrained build operations Thread 2" [_thread_blocked, id=21416, stack(0x000000e2a6d00000,0x000000e2a6e00000)]
  0x000002cfaccc7af0 JavaThread "Unconstrained build operations Thread 3" [_thread_blocked, id=11480, stack(0x000000e2a6e00000,0x000000e2a6f00000)]
  0x000002cfaccc7fc0 JavaThread "Unconstrained build operations Thread 4" [_thread_blocked, id=4680, stack(0x000000e2a6f00000,0x000000e2a7000000)]
  0x000002cfaccc8e30 JavaThread "Unconstrained build operations Thread 5" [_thread_blocked, id=4788, stack(0x000000e2a7000000,0x000000e2a7100000)]
  0x000002cfae2e0b60 JavaThread "Unconstrained build operations Thread 6" [_thread_blocked, id=7812, stack(0x000000e2a7100000,0x000000e2a7200000)]
  0x000002cfae2e1500 JavaThread "Unconstrained build operations Thread 7" [_thread_blocked, id=4452, stack(0x000000e2a7200000,0x000000e2a7300000)]
  0x000002cfae2dee80 JavaThread "Unconstrained build operations Thread 8" [_thread_blocked, id=3584, stack(0x000000e2a7300000,0x000000e2a7400000)]
  0x000002cfae2e19d0 JavaThread "Unconstrained build operations Thread 9" [_thread_blocked, id=24552, stack(0x000000e2a7400000,0x000000e2a7500000)]
  0x000002cfae2de010 JavaThread "Unconstrained build operations Thread 10" [_thread_blocked, id=13324, stack(0x000000e2a7500000,0x000000e2a7600000)]
  0x000002cfae2e4520 JavaThread "Unconstrained build operations Thread 11" [_thread_blocked, id=21080, stack(0x000000e2a7600000,0x000000e2a7700000)]
  0x000002cfae2e4050 JavaThread "Unconstrained build operations Thread 12" [_thread_blocked, id=22116, stack(0x000000e2a7700000,0x000000e2a7800000)]
  0x000002cfae2e49f0 JavaThread "Unconstrained build operations Thread 13" [_thread_blocked, id=16004, stack(0x000000e2a7800000,0x000000e2a7900000)]
  0x000002cfae2e31e0 JavaThread "Unconstrained build operations Thread 14" [_thread_blocked, id=11628, stack(0x000000e2a7900000,0x000000e2a7a00000)]
  0x000002cfae2e1ea0 JavaThread "Unconstrained build operations Thread 15" [_thread_blocked, id=27012, stack(0x000000e2a7a00000,0x000000e2a7b00000)]
  0x000002cfae2e36b0 JavaThread "Unconstrained build operations Thread 16" [_thread_blocked, id=12532, stack(0x000000e2a7b00000,0x000000e2a7c00000)]
  0x000002cfae2e3b80 JavaThread "Unconstrained build operations Thread 17" [_thread_blocked, id=24508, stack(0x000000e2a7c00000,0x000000e2a7d00000)]
  0x000002cfae2e2370 JavaThread "Unconstrained build operations Thread 18" [_thread_blocked, id=27112, stack(0x000000e2a7d00000,0x000000e2a7e00000)]
  0x000002cfae2e2840 JavaThread "Unconstrained build operations Thread 19" [_thread_blocked, id=2860, stack(0x000000e2a7e00000,0x000000e2a7f00000)]
  0x000002cfae2e2d10 JavaThread "Unconstrained build operations Thread 20" [_thread_blocked, id=16724, stack(0x000000e2a7f00000,0x000000e2a8000000)]
  0x000002cfaf0f6100 JavaThread "Unconstrained build operations Thread 21" [_thread_blocked, id=13676, stack(0x000000e2a8000000,0x000000e2a8100000)]
  0x000002cfaf0f65d0 JavaThread "Unconstrained build operations Thread 22" [_thread_blocked, id=4892, stack(0x000000e2a8100000,0x000000e2a8200000)]
  0x000002cfaf0f3f50 JavaThread "Unconstrained build operations Thread 23" [_thread_blocked, id=6216, stack(0x000000e2a8200000,0x000000e2a8300000)]
  0x000002cfaf0f7440 JavaThread "Unconstrained build operations Thread 24" [_thread_blocked, id=18476, stack(0x000000e2a8300000,0x000000e2a8400000)]
  0x000002cfaf0f4420 JavaThread "Unconstrained build operations Thread 25" [_thread_blocked, id=3700, stack(0x000000e2a8400000,0x000000e2a8500000)]
  0x000002cfaf0f6aa0 JavaThread "Unconstrained build operations Thread 26" [_thread_blocked, id=25796, stack(0x000000e2a8500000,0x000000e2a8600000)]
  0x000002cfaf0f48f0 JavaThread "Unconstrained build operations Thread 27" [_thread_blocked, id=16124, stack(0x000000e2a8600000,0x000000e2a8700000)]
  0x000002cfb54aa960 JavaThread "Unconstrained build operations Thread 28" [_thread_blocked, id=18932, stack(0x000000e2a8700000,0x000000e2a8800000)]
  0x000002cfb54acfe0 JavaThread "Unconstrained build operations Thread 29" [_thread_blocked, id=17748, stack(0x000000e2a8800000,0x000000e2a8900000)]
  0x000002cfb54acb10 JavaThread "Unconstrained build operations Thread 30" [_thread_blocked, id=13216, stack(0x000000e2a8900000,0x000000e2a8a00000)]
  0x000002cfb54ad4b0 JavaThread "Unconstrained build operations Thread 31" [_thread_blocked, id=24788, stack(0x000000e2a8a00000,0x000000e2a8b00000)]
  0x000002cfb54aae30 JavaThread "Unconstrained build operations Thread 32" [_thread_blocked, id=20600, stack(0x000000e2a8b00000,0x000000e2a8c00000)]
  0x000002cfb54ab7d0 JavaThread "Unconstrained build operations Thread 33" [_thread_blocked, id=23948, stack(0x000000e2a8c00000,0x000000e2a8d00000)]
  0x000002cfb54a9fc0 JavaThread "Unconstrained build operations Thread 34" [_thread_blocked, id=24204, stack(0x000000e2a8d00000,0x000000e2a8e00000)]
  0x000002cfb54ad980 JavaThread "Unconstrained build operations Thread 35" [_thread_blocked, id=20220, stack(0x000000e2a8e00000,0x000000e2a8f00000)]
  0x000002cfb54ade50 JavaThread "Unconstrained build operations Thread 36" [_thread_blocked, id=4824, stack(0x000000e2a8f00000,0x000000e2a9000000)]
  0x000002cfb54ab300 JavaThread "Unconstrained build operations Thread 37" [_thread_blocked, id=19820, stack(0x000000e2a9000000,0x000000e2a9100000)]
  0x000002cfb54abca0 JavaThread "Unconstrained build operations Thread 38" [_thread_blocked, id=19496, stack(0x000000e2a9100000,0x000000e2a9200000)]
  0x000002cfb54aa490 JavaThread "Unconstrained build operations Thread 39" [_thread_blocked, id=3812, stack(0x000000e2a9200000,0x000000e2a9300000)]
  0x000002cfb54ac640 JavaThread "Unconstrained build operations Thread 40" [_thread_blocked, id=25032, stack(0x000000e2a9300000,0x000000e2a9400000)]
  0x000002cfb54ae320 JavaThread "Unconstrained build operations Thread 41" [_thread_blocked, id=11948, stack(0x000000e2a9400000,0x000000e2a9500000)]
  0x000002cfb54af660 JavaThread "Unconstrained build operations Thread 42" [_thread_blocked, id=16232, stack(0x000000e2a9500000,0x000000e2a9600000)]
  0x000002cfb54ae7f0 JavaThread "Unconstrained build operations Thread 43" [_thread_blocked, id=21708, stack(0x000000e2a9600000,0x000000e2a9700000)]
  0x000002cfb54af190 JavaThread "Unconstrained build operations Thread 44" [_thread_blocked, id=25944, stack(0x000000e2a9700000,0x000000e2a9800000)]
  0x000002cfb54aecc0 JavaThread "Unconstrained build operations Thread 45" [_thread_blocked, id=15732, stack(0x000000e2a9800000,0x000000e2a9900000)]
  0x000002cfb54ac170 JavaThread "Unconstrained build operations Thread 46" [_thread_blocked, id=25220, stack(0x000000e2a9900000,0x000000e2a9a00000)]
  0x000002cfb54b0000 JavaThread "Unconstrained build operations Thread 47" [_thread_blocked, id=4376, stack(0x000000e2a9a00000,0x000000e2a9b00000)]
  0x000002cfb54b09a0 JavaThread "Unconstrained build operations Thread 48" [_thread_blocked, id=26992, stack(0x000000e2a9b00000,0x000000e2a9c00000)]
  0x000002cfb54afb30 JavaThread "Unconstrained build operations Thread 49" [_thread_blocked, id=7824, stack(0x000000e2a9c00000,0x000000e2a9d00000)]
  0x000002cfb54b0e70 JavaThread "Unconstrained build operations Thread 50" [_thread_blocked, id=9096, stack(0x000000e2a9d00000,0x000000e2a9e00000)]
  0x000002cfb54b1340 JavaThread "Unconstrained build operations Thread 51" [_thread_blocked, id=18800, stack(0x000000e2a9e00000,0x000000e2a9f00000)]
  0x000002cfb54b1810 JavaThread "Unconstrained build operations Thread 52" [_thread_blocked, id=23456, stack(0x000000e2a9f00000,0x000000e2aa000000)]
  0x000002cfb54b04d0 JavaThread "Unconstrained build operations Thread 53" [_thread_blocked, id=22136, stack(0x000000e2aa000000,0x000000e2aa100000)]
  0x000002cfb3608ab0 JavaThread "Unconstrained build operations Thread 54" [_thread_blocked, id=3304, stack(0x000000e2aa100000,0x000000e2aa200000)]
  0x000002cfb3609df0 JavaThread "Unconstrained build operations Thread 55" [_thread_blocked, id=13316, stack(0x000000e2aa200000,0x000000e2aa300000)]
  0x000002cfb360a2c0 JavaThread "Unconstrained build operations Thread 56" [_thread_blocked, id=18020, stack(0x000000e2aa300000,0x000000e2aa400000)]
  0x000002cfb360bfa0 JavaThread "Unconstrained build operations Thread 57" [_thread_blocked, id=16076, stack(0x000000e2aa400000,0x000000e2aa500000)]
  0x000002cfb360ac60 JavaThread "Unconstrained build operations Thread 58" [_thread_blocked, id=9404, stack(0x000000e2aa500000,0x000000e2aa600000)]
  0x000002cfb3609450 JavaThread "Unconstrained build operations Thread 59" [_thread_blocked, id=13760, stack(0x000000e2aa600000,0x000000e2aa700000)]
  0x000002cfb36085e0 JavaThread "Unconstrained build operations Thread 60" [_thread_blocked, id=25448, stack(0x000000e2aa700000,0x000000e2aa800000)]
  0x000002cfb360c470 JavaThread "Unconstrained build operations Thread 61" [_thread_blocked, id=16828, stack(0x000000e2aa800000,0x000000e2aa900000)]
  0x000002cfb360b600 JavaThread "Unconstrained build operations Thread 62" [_thread_blocked, id=24440, stack(0x000000e2aa900000,0x000000e2aaa00000)]
  0x000002cfb360c940 JavaThread "Unconstrained build operations Thread 63" [_thread_blocked, id=14408, stack(0x000000e2aaa00000,0x000000e2aab00000)]
  0x000002cfb360b130 JavaThread "Unconstrained build operations Thread 64" [_thread_blocked, id=1012, stack(0x000000e2aab00000,0x000000e2aac00000)]
  0x000002cfb3608f80 JavaThread "Unconstrained build operations Thread 65" [_thread_blocked, id=24084, stack(0x000000e2aac00000,0x000000e2aad00000)]
  0x000002cfb360ce10 JavaThread "Unconstrained build operations Thread 66" [_thread_blocked, id=20152, stack(0x000000e2aad00000,0x000000e2aae00000)]
  0x000002cfb360d2e0 JavaThread "Unconstrained build operations Thread 67" [_thread_blocked, id=11396, stack(0x000000e2aae00000,0x000000e2aaf00000)]
  0x000002cfb3609920 JavaThread "Unconstrained build operations Thread 68" [_thread_blocked, id=4944, stack(0x000000e2aaf00000,0x000000e2ab000000)]
  0x000002cfb360bad0 JavaThread "Unconstrained build operations Thread 69" [_thread_blocked, id=16416, stack(0x000000e2ab000000,0x000000e2ab100000)]
  0x000002cfb360dc80 JavaThread "Unconstrained build operations Thread 70" [_thread_blocked, id=17584, stack(0x000000e2ab100000,0x000000e2ab200000)]
  0x000002cfb360a790 JavaThread "Unconstrained build operations Thread 71" [_thread_blocked, id=4996, stack(0x000000e2ab200000,0x000000e2ab300000)]
  0x000002cfb360e620 JavaThread "Unconstrained build operations Thread 72" [_thread_blocked, id=7088, stack(0x000000e2ab300000,0x000000e2ab400000)]
  0x000002cfb360d7b0 JavaThread "Unconstrained build operations Thread 73" [_thread_blocked, id=20448, stack(0x000000e2ab400000,0x000000e2ab500000)]
  0x000002cfb360e150 JavaThread "Unconstrained build operations Thread 74" [_thread_blocked, id=23180, stack(0x000000e2ab500000,0x000000e2ab600000)]
  0x000002cfb360f960 JavaThread "Unconstrained build operations Thread 75" [_thread_blocked, id=11068, stack(0x000000e2ab600000,0x000000e2ab700000)]
  0x000002cfb360eaf0 JavaThread "Unconstrained build operations Thread 76" [_thread_blocked, id=23188, stack(0x000000e2ab700000,0x000000e2ab800000)]
  0x000002cfb360f490 JavaThread "Unconstrained build operations Thread 77" [_thread_blocked, id=14612, stack(0x000000e2ab800000,0x000000e2ab900000)]
  0x000002cfb360efc0 JavaThread "Unconstrained build operations Thread 78" [_thread_blocked, id=8184, stack(0x000000e2ab900000,0x000000e2aba00000)]
  0x000002cfb360fe30 JavaThread "Unconstrained build operations Thread 79" [_thread_blocked, id=2892, stack(0x000000e2aba00000,0x000000e2abb00000)]
  0x000002cfb2725530 JavaThread "Unconstrained build operations Thread 80" [_thread_blocked, id=5532, stack(0x000000e2abb00000,0x000000e2abc00000)]
  0x000002cfb2728a20 JavaThread "Unconstrained build operations Thread 81" [_thread_blocked, id=24676, stack(0x000000e2abc00000,0x000000e2abd00000)]
  0x000002cfb2727210 JavaThread "Unconstrained build operations Thread 82" [_thread_blocked, id=21616, stack(0x000000e2abd00000,0x000000e2abe00000)]
  0x000002cfb27276e0 JavaThread "Unconstrained build operations Thread 83" [_thread_blocked, id=19228, stack(0x000000e2abe00000,0x000000e2abf00000)]
  0x000002cfb2728080 JavaThread "Unconstrained build operations Thread 84" [_thread_blocked, id=17136, stack(0x000000e2abf00000,0x000000e2ac000000)]
  0x000002cfb2726870 JavaThread "Unconstrained build operations Thread 85" [_thread_blocked, id=7756, stack(0x000000e2ac000000,0x000000e2ac100000)]
  0x000002cfb2725ed0 JavaThread "Unconstrained build operations Thread 86" [_thread_blocked, id=13780, stack(0x000000e2ac100000,0x000000e2ac200000)]
  0x000002cfb2726d40 JavaThread "Unconstrained build operations Thread 87" [_thread_blocked, id=10832, stack(0x000000e2ac200000,0x000000e2ac300000)]
  0x000002cfb27263a0 JavaThread "Unconstrained build operations Thread 88" [_thread_blocked, id=3792, stack(0x000000e2ac300000,0x000000e2ac400000)]
  0x000002cfb2728ef0 JavaThread "Unconstrained build operations Thread 89" [_thread_blocked, id=15664, stack(0x000000e2ac400000,0x000000e2ac500000)]
  0x000002cfb2727bb0 JavaThread "Unconstrained build operations Thread 90" [_thread_blocked, id=21892, stack(0x000000e2ac500000,0x000000e2ac600000)]
  0x000002cfb2725a00 JavaThread "Unconstrained build operations Thread 91" [_thread_blocked, id=14808, stack(0x000000e2ac600000,0x000000e2ac700000)]
  0x000002cfb27293c0 JavaThread "Unconstrained build operations Thread 92" [_thread_blocked, id=25916, stack(0x000000e2ac700000,0x000000e2ac800000)]
  0x000002cfb2729890 JavaThread "Unconstrained build operations Thread 93" [_thread_blocked, id=26688, stack(0x000000e2ac800000,0x000000e2ac900000)]
  0x000002cfb2729d60 JavaThread "Unconstrained build operations Thread 94" [_thread_blocked, id=26152, stack(0x000000e2ac900000,0x000000e2aca00000)]
  0x000002cfb272a230 JavaThread "Unconstrained build operations Thread 95" [_thread_blocked, id=24212, stack(0x000000e2aca00000,0x000000e2acb00000)]
  0x000002cfb272abd0 JavaThread "Unconstrained build operations Thread 96" [_thread_blocked, id=14440, stack(0x000000e2acb00000,0x000000e2acc00000)]
  0x000002cfb272bf10 JavaThread "Unconstrained build operations Thread 97" [_thread_blocked, id=6224, stack(0x000000e2acc00000,0x000000e2acd00000)]
  0x000002cfb272b570 JavaThread "Unconstrained build operations Thread 98" [_thread_blocked, id=3508, stack(0x000000e2acd00000,0x000000e2ace00000)]
  0x000002cfb2728550 JavaThread "Unconstrained build operations Thread 99" [_thread_blocked, id=26352, stack(0x000000e2ace00000,0x000000e2acf00000)]
  0x000002cfb272a700 JavaThread "Unconstrained build operations Thread 100" [_thread_blocked, id=25648, stack(0x000000e2acf00000,0x000000e2ad000000)]
  0x000002cfb272cd80 JavaThread "Unconstrained build operations Thread 101" [_thread_blocked, id=26008, stack(0x000000e2ad000000,0x000000e2ad100000)]
  0x000002cfb272b0a0 JavaThread "Unconstrained build operations Thread 102" [_thread_blocked, id=19152, stack(0x000000e2ad100000,0x000000e2ad200000)]
  0x000002cfb272c3e0 JavaThread "Unconstrained build operations Thread 103" [_thread_blocked, id=12620, stack(0x000000e2ad200000,0x000000e2ad300000)]
  0x000002cfb272ba40 JavaThread "Unconstrained build operations Thread 104" [_thread_blocked, id=19340, stack(0x000000e2ad300000,0x000000e2ad400000)]
  0x000002cfb272c8b0 JavaThread "Unconstrained build operations Thread 105" [_thread_blocked, id=14984, stack(0x000000e2ad400000,0x000000e2ad500000)]
  0x000002cfb35ce110 JavaThread "Unconstrained build operations Thread 106" [_thread_blocked, id=21768, stack(0x000000e2ad500000,0x000000e2ad600000)]
  0x000002cfb35cd2a0 JavaThread "Unconstrained build operations Thread 107" [_thread_blocked, id=20052, stack(0x000000e2ad600000,0x000000e2ad700000)]
  0x000002cfb35cd770 JavaThread "Unconstrained build operations Thread 108" [_thread_blocked, id=21412, stack(0x000000e2ad700000,0x000000e2ad800000)]
  0x000002cfb35cc430 JavaThread "Unconstrained build operations Thread 109" [_thread_blocked, id=11020, stack(0x000000e2ad800000,0x000000e2ad900000)]
  0x000002cfb35ceab0 JavaThread "Unconstrained build operations Thread 110" [_thread_blocked, id=18924, stack(0x000000e2ad900000,0x000000e2ada00000)]
  0x000002cfb35cdc40 JavaThread "Unconstrained build operations Thread 111" [_thread_blocked, id=17252, stack(0x000000e2ada00000,0x000000e2adb00000)]
  0x000002cfb35cc900 JavaThread "Unconstrained build operations Thread 112" [_thread_blocked, id=27068, stack(0x000000e2adb00000,0x000000e2adc00000)]
  0x000002cfb35ce5e0 JavaThread "Unconstrained build operations Thread 113" [_thread_blocked, id=2464, stack(0x000000e2adc00000,0x000000e2add00000)]
  0x000002cfb35cef80 JavaThread "Unconstrained build operations Thread 114" [_thread_blocked, id=16016, stack(0x000000e2add00000,0x000000e2ade00000)]
  0x000002cfb35ccdd0 JavaThread "Unconstrained build operations Thread 115" [_thread_blocked, id=8748, stack(0x000000e2ade00000,0x000000e2adf00000)]
  0x000002cfb35cf450 JavaThread "Unconstrained build operations Thread 116" [_thread_blocked, id=19348, stack(0x000000e2adf00000,0x000000e2ae000000)]
  0x000002cfb35cba90 JavaThread "Unconstrained build operations Thread 117" [_thread_blocked, id=23228, stack(0x000000e2ae000000,0x000000e2ae100000)]
  0x000002cfb35cbf60 JavaThread "Unconstrained build operations Thread 118" [_thread_blocked, id=26128, stack(0x000000e2ae100000,0x000000e2ae200000)]
  0x000002cfb35d2470 JavaThread "Unconstrained build operations Thread 119" [_thread_blocked, id=19656, stack(0x000000e2ae200000,0x000000e2ae300000)]
  0x000002cfb35d2940 JavaThread "Unconstrained build operations Thread 120" [_thread_blocked, id=12116, stack(0x000000e2aeb00000,0x000000e2aec00000)]
  0x000002cfb35d1600 JavaThread "build event listener" [_thread_blocked, id=9520, stack(0x000000e2aed00000,0x000000e2aee00000)]
  0x000002cfb35cf920 JavaThread "included builds" [_thread_blocked, id=12468, stack(0x000000e2aef00000,0x000000e2af000000)]
  0x000002cfb35d1fa0 JavaThread "Execution worker" [_thread_blocked, id=25428, stack(0x000000e2af000000,0x000000e2af100000)]
  0x000002cfb35d1ad0 JavaThread "Execution worker Thread 2" [_thread_blocked, id=24544, stack(0x000000e2af100000,0x000000e2af200000)]
  0x000002cfb35d2e10 JavaThread "Execution worker Thread 3" [_thread_blocked, id=12720, stack(0x000000e2af200000,0x000000e2af300000)]
  0x000002cfb35d0c60 JavaThread "Execution worker Thread 4" [_thread_blocked, id=21068, stack(0x000000e2af300000,0x000000e2af400000)]
  0x000002cfb35d0790 JavaThread "Execution worker Thread 5" [_thread_blocked, id=4968, stack(0x000000e2af400000,0x000000e2af500000)]
  0x000002cfb35d32e0 JavaThread "Execution worker Thread 6" [_thread_blocked, id=1448, stack(0x000000e2af500000,0x000000e2af600000)]
  0x000002cfb35d1130 JavaThread "Execution worker Thread 7" [_thread_blocked, id=8444, stack(0x000000e2af600000,0x000000e2af700000)]
  0x000002cfb75a4360 JavaThread "Execution worker Thread 8" [_thread_blocked, id=15840, stack(0x000000e2af700000,0x000000e2af800000)]
  0x000002cfb75a3e90 JavaThread "Execution worker Thread 9" [_thread_blocked, id=17788, stack(0x000000e2af800000,0x000000e2af900000)]
  0x000002cfb75a51d0 JavaThread "Execution worker Thread 10" [_thread_blocked, id=3292, stack(0x000000e2af900000,0x000000e2afa00000)]
  0x000002cfb75a56a0 JavaThread "Execution worker Thread 11" [_thread_blocked, id=1928, stack(0x000000e2afa00000,0x000000e2afb00000)]
  0x000002cfb75a4830 JavaThread "Cache worker for execution history cache (C:\BTS\ANDROID\WkRFTG\ApplicationRFTG\.gradle\8.0\executionHistory)" [_thread_blocked, id=18964, stack(0x000000e2afb00000,0x000000e2afc00000)]
  0x000002cfb1f5d440 JavaThread "C2 CompilerThread1" daemon [_thread_blocked, id=8044, stack(0x000000e2a6900000,0x000000e2a6a00000)]
  0x000002cfb75a4d00 JavaThread "WorkerExecutor Queue" [_thread_blocked, id=23348, stack(0x000000e2aee00000,0x000000e2aef00000)]
  0x000002cfb1f5cf30 JavaThread "C2 CompilerThread2" daemon [_thread_blocked, id=8884, stack(0x000000e2afc00000,0x000000e2afd00000)]
  0x000002cfb75a6040 JavaThread "WorkerExecutor Queue Thread 2" [_thread_blocked, id=21636, stack(0x000000e2afd00000,0x000000e2afe00000)]

Other Threads:
=>0x000002cfacb913f0 VMThread "VM Thread" [stack: 0x000000e2a3400000,0x000000e2a3500000] [id=12300]
  0x000002cfacd9d420 WatcherThread [stack: 0x000000e2a4000000,0x000000e2a4100000] [id=22256]
  0x000002cf929d18e0 GCTaskThread "GC Thread#0" [stack: 0x000000e2a2f00000,0x000000e2a3000000] [id=17048]
  0x000002cfadc59ce0 GCTaskThread "GC Thread#1" [stack: 0x000000e2a4200000,0x000000e2a4300000] [id=7360]
  0x000002cfadc59f90 GCTaskThread "GC Thread#2" [stack: 0x000000e2a4300000,0x000000e2a4400000] [id=27560]
  0x000002cfadc5a240 GCTaskThread "GC Thread#3" [stack: 0x000000e2a4400000,0x000000e2a4500000] [id=24948]
  0x000002cfae317860 GCTaskThread "GC Thread#4" [stack: 0x000000e2a4500000,0x000000e2a4600000] [id=14064]
  0x000002cfae7ef740 GCTaskThread "GC Thread#5" [stack: 0x000000e2a4600000,0x000000e2a4700000] [id=5944]
  0x000002cfaf019aa0 GCTaskThread "GC Thread#6" [stack: 0x000000e2a5100000,0x000000e2a5200000] [id=20300]
  0x000002cfafcaafe0 GCTaskThread "GC Thread#7" [stack: 0x000000e2a5200000,0x000000e2a5300000] [id=5204]
  0x000002cfafcab290 GCTaskThread "GC Thread#8" [stack: 0x000000e2a5300000,0x000000e2a5400000] [id=17168]
  0x000002cfb0956860 GCTaskThread "GC Thread#9" [stack: 0x000000e2a5400000,0x000000e2a5500000] [id=18224]
  0x000002cf929e2730 ConcurrentGCThread "G1 Main Marker" [stack: 0x000000e2a3000000,0x000000e2a3100000] [id=25792]
  0x000002cf929e3050 ConcurrentGCThread "G1 Conc#0" [stack: 0x000000e2a3100000,0x000000e2a3200000] [id=17612]
  0x000002cfb08f34f0 ConcurrentGCThread "G1 Conc#1" [stack: 0x000000e2a5500000,0x000000e2a5600000] [id=3168]
  0x000002cfb08f47c0 ConcurrentGCThread "G1 Conc#2" [stack: 0x000000e2a5600000,0x000000e2a5700000] [id=13836]
  0x000002cf92a2e110 ConcurrentGCThread "G1 Refine#0" [stack: 0x000000e2a3200000,0x000000e2a3300000] [id=18828]
  0x000002cf92a2e8e0 ConcurrentGCThread "G1 Service" [stack: 0x000000e2a3300000,0x000000e2a3400000] [id=18124]

Threads with active compile tasks:
C2 CompilerThread0    60151 10488   !   4       java.util.concurrent.ConcurrentHashMap::putVal (432 bytes)
C1 CompilerThread0    60151 10499       3       java.lang.invoke.InvokerBytecodeGenerator::emitIconstInsn (75 bytes)
C2 CompilerThread1    60151 10432       4       org.gradle.internal.file.FileHierarchySet$Node::contains (101 bytes)
C2 CompilerThread2    60151 10486       4       java.lang.Integer::parseInt (264 bytes)

VM state: at safepoint (normal execution)

VM Mutex/Monitor currently owned by a thread:  ([mutex/lock_event])
[0x000002cf9296d700] Threads_lock - owner thread: 0x000002cfacb913f0
[0x000002cf9296d160] Heap_lock - owner thread: 0x000002cfaf0f6f70

Heap address: 0x0000000080000000, size: 2048 MB, Compressed Oops mode: 32-bit

CDS archive(s) not mapped
Compressed class space mapped at: 0x0000000100000000-0x0000000140000000, reserved size: 1073741824
Narrow klass base: 0x0000000000000000, Narrow klass shift: 3, Narrow klass range: 0x140000000

GC Precious Log:
 CPUs: 12 total, 12 available
 Memory: 16016M
 Large Page Support: Disabled
 NUMA Support: Disabled
 Compressed Oops: Enabled (32-bit)
 Heap Region Size: 1M
 Heap Min Capacity: 8M
 Heap Initial Capacity: 252M
 Heap Max Capacity: 2G
 Pre-touch: Disabled
 Parallel Workers: 10
 Concurrent Workers: 3
 Concurrent Refinement Workers: 10
 Periodic GC: Disabled

Heap:
 garbage-first heap   total 133120K, used 80574K [0x0000000080000000, 0x0000000100000000)
  region size 1024K, 2 young (2048K), 2 survivors (2048K)
 Metaspace       used 93563K, committed 94272K, reserved 1130496K
  class space    used 12842K, committed 13184K, reserved 1048576K

Heap Regions: E=young(eden), S=young(survivor), O=old, HS=humongous(starts), HC=humongous(continues), CS=collection set, F=free, OA=open archive, CA=closed archive, TAMS=top-at-mark-start (previous, next)
|   0|0x0000000080000000, 0x0000000080100000, 0x0000000080100000|100%|HS|  |TAMS 0x0000000080100000, 0x0000000080100000| Complete 
|   1|0x0000000080100000, 0x0000000080200000, 0x0000000080200000|100%|HC|  |TAMS 0x0000000080200000, 0x0000000080200000| Complete 
|   2|0x0000000080200000, 0x0000000080300000, 0x0000000080300000|100%|HC|  |TAMS 0x0000000080300000, 0x0000000080300000| Complete 
|   3|0x0000000080300000, 0x0000000080400000, 0x0000000080400000|100%|HC|  |TAMS 0x0000000080400000, 0x0000000080400000| Complete 
|   4|0x0000000080400000, 0x0000000080500000, 0x0000000080500000|100%| O|  |TAMS 0x0000000080500000, 0x0000000080500000| Untracked 
|   5|0x0000000080500000, 0x0000000080600000, 0x0000000080600000|100%| O|  |TAMS 0x0000000080600000, 0x0000000080600000| Untracked 
|   6|0x0000000080600000, 0x0000000080700000, 0x0000000080700000|100%| O|  |TAMS 0x0000000080700000, 0x0000000080700000| Untracked 
|   7|0x0000000080700000, 0x0000000080800000, 0x0000000080800000|100%| O|  |TAMS 0x0000000080800000, 0x0000000080800000| Untracked 
|   8|0x0000000080800000, 0x0000000080900000, 0x0000000080900000|100%| O|  |TAMS 0x0000000080900000, 0x0000000080900000| Untracked 
|   9|0x0000000080900000, 0x0000000080a00000, 0x0000000080a00000|100%| O|  |TAMS 0x0000000080a00000, 0x0000000080a00000| Untracked 
|  10|0x0000000080a00000, 0x0000000080b00000, 0x0000000080b00000|100%| O|  |TAMS 0x0000000080b00000, 0x0000000080b00000| Untracked 
|  11|0x0000000080b00000, 0x0000000080c00000, 0x0000000080c00000|100%| O|  |TAMS 0x0000000080c00000, 0x0000000080c00000| Untracked 
|  12|0x0000000080c00000, 0x0000000080d00000, 0x0000000080d00000|100%| O|  |TAMS 0x0000000080d00000, 0x0000000080d00000| Untracked 
|  13|0x0000000080d00000, 0x0000000080e00000, 0x0000000080e00000|100%| O|  |TAMS 0x0000000080e00000, 0x0000000080e00000| Untracked 
|  14|0x0000000080e00000, 0x0000000080f00000, 0x0000000080f00000|100%| O|  |TAMS 0x0000000080f00000, 0x0000000080f00000| Untracked 
|  15|0x0000000080f00000, 0x0000000081000000, 0x0000000081000000|100%| O|  |TAMS 0x0000000081000000, 0x0000000081000000| Untracked 
|  16|0x0000000081000000, 0x0000000081100000, 0x0000000081100000|100%| O|  |TAMS 0x0000000081100000, 0x0000000081100000| Untracked 
|  17|0x0000000081100000, 0x0000000081200000, 0x0000000081200000|100%| O|  |TAMS 0x0000000081200000, 0x0000000081200000| Untracked 
|  18|0x0000000081200000, 0x0000000081300000, 0x0000000081300000|100%| O|  |TAMS 0x0000000081300000, 0x0000000081300000| Untracked 
|  19|0x0000000081300000, 0x0000000081400000, 0x0000000081400000|100%| O|  |TAMS 0x0000000081400000, 0x0000000081400000| Untracked 
|  20|0x0000000081400000, 0x0000000081500000, 0x0000000081500000|100%| O|  |TAMS 0x0000000081500000, 0x0000000081500000| Untracked 
|  21|0x0000000081500000, 0x0000000081600000, 0x0000000081600000|100%| O|  |TAMS 0x0000000081600000, 0x0000000081600000| Untracked 
|  22|0x0000000081600000, 0x0000000081700000, 0x0000000081700000|100%| O|  |TAMS 0x0000000081700000, 0x0000000081700000| Untracked 
|  23|0x0000000081700000, 0x0000000081800000, 0x0000000081800000|100%| O|  |TAMS 0x0000000081800000, 0x0000000081800000| Untracked 
|  24|0x0000000081800000, 0x0000000081900000, 0x0000000081900000|100%| O|  |TAMS 0x0000000081900000, 0x0000000081900000| Untracked 
|  25|0x0000000081900000, 0x0000000081a00000, 0x0000000081a00000|100%| O|  |TAMS 0x0000000081a00000, 0x0000000081a00000| Untracked 
|  26|0x0000000081a00000, 0x0000000081b00000, 0x0000000081b00000|100%| O|  |TAMS 0x0000000081b00000, 0x0000000081b00000| Untracked 
|  27|0x0000000081b00000, 0x0000000081c00000, 0x0000000081c00000|100%|HS|  |TAMS 0x0000000081c00000, 0x0000000081c00000| Complete 
|  28|0x0000000081c00000, 0x0000000081d00000, 0x0000000081d00000|100%|HS|  |TAMS 0x0000000081d00000, 0x0000000081d00000| Complete 
|  29|0x0000000081d00000, 0x0000000081e00000, 0x0000000081e00000|100%|HS|  |TAMS 0x0000000081e00000, 0x0000000081e00000| Complete 
|  30|0x0000000081e00000, 0x0000000081f00000, 0x0000000081f00000|100%| O|  |TAMS 0x0000000081f00000, 0x0000000081f00000| Untracked 
|  31|0x0000000081f00000, 0x0000000082000000, 0x0000000082000000|100%| O|  |TAMS 0x0000000082000000, 0x0000000082000000| Untracked 
|  32|0x0000000082000000, 0x0000000082100000, 0x0000000082100000|100%| O|  |TAMS 0x0000000082100000, 0x0000000082100000| Untracked 
|  33|0x0000000082100000, 0x0000000082200000, 0x0000000082200000|100%| O|  |TAMS 0x0000000082200000, 0x0000000082200000| Untracked 
|  34|0x0000000082200000, 0x0000000082300000, 0x0000000082300000|100%| O|  |TAMS 0x0000000082300000, 0x0000000082300000| Untracked 
|  35|0x0000000082300000, 0x0000000082400000, 0x0000000082400000|100%| O|  |TAMS 0x0000000082400000, 0x0000000082400000| Untracked 
|  36|0x0000000082400000, 0x0000000082500000, 0x0000000082500000|100%| O|  |TAMS 0x0000000082500000, 0x0000000082500000| Untracked 
|  37|0x0000000082500000, 0x0000000082600000, 0x0000000082600000|100%| O|  |TAMS 0x0000000082600000, 0x0000000082600000| Untracked 
|  38|0x0000000082600000, 0x0000000082700000, 0x0000000082700000|100%| O|  |TAMS 0x0000000082700000, 0x0000000082700000| Untracked 
|  39|0x0000000082700000, 0x0000000082800000, 0x0000000082800000|100%| O|  |TAMS 0x0000000082800000, 0x0000000082800000| Untracked 
|  40|0x0000000082800000, 0x0000000082900000, 0x0000000082900000|100%| O|  |TAMS 0x0000000082900000, 0x0000000082900000| Untracked 
|  41|0x0000000082900000, 0x0000000082a00000, 0x0000000082a00000|100%| O|  |TAMS 0x0000000082a00000, 0x0000000082a00000| Untracked 
|  42|0x0000000082a00000, 0x0000000082b00000, 0x0000000082b00000|100%| O|  |TAMS 0x0000000082b00000, 0x0000000082b00000| Untracked 
|  43|0x0000000082b00000, 0x0000000082c00000, 0x0000000082c00000|100%| O|  |TAMS 0x0000000082c00000, 0x0000000082c00000| Untracked 
|  44|0x0000000082c00000, 0x0000000082d00000, 0x0000000082d00000|100%| O|  |TAMS 0x0000000082d00000, 0x0000000082d00000| Untracked 
|  45|0x0000000082d00000, 0x0000000082e00000, 0x0000000082e00000|100%| O|  |TAMS 0x0000000082e00000, 0x0000000082e00000| Untracked 
|  46|0x0000000082e00000, 0x0000000082f00000, 0x0000000082f00000|100%| O|  |TAMS 0x0000000082f00000, 0x0000000082f00000| Untracked 
|  47|0x0000000082f00000, 0x0000000083000000, 0x0000000083000000|100%| O|  |TAMS 0x0000000083000000, 0x0000000083000000| Untracked 
|  48|0x0000000083000000, 0x0000000083100000, 0x0000000083100000|100%| O|  |TAMS 0x0000000083100000, 0x0000000083100000| Untracked 
|  49|0x0000000083100000, 0x0000000083200000, 0x0000000083200000|100%| O|  |TAMS 0x0000000083200000, 0x0000000083200000| Untracked 
|  50|0x0000000083200000, 0x0000000083300000, 0x0000000083300000|100%| O|  |TAMS 0x0000000083300000, 0x0000000083300000| Untracked 
|  51|0x0000000083300000, 0x0000000083400000, 0x0000000083400000|100%| O|  |TAMS 0x0000000083400000, 0x0000000083400000| Untracked 
|  52|0x0000000083400000, 0x0000000083500000, 0x0000000083500000|100%| O|  |TAMS 0x0000000083500000, 0x0000000083500000| Untracked 
|  53|0x0000000083500000, 0x0000000083600000, 0x0000000083600000|100%| O|  |TAMS 0x0000000083600000, 0x0000000083600000| Untracked 
|  54|0x0000000083600000, 0x0000000083700000, 0x0000000083700000|100%| O|  |TAMS 0x0000000083700000, 0x0000000083700000| Untracked 
|  55|0x0000000083700000, 0x0000000083800000, 0x0000000083800000|100%| O|  |TAMS 0x0000000083800000, 0x0000000083800000| Untracked 
|  56|0x0000000083800000, 0x0000000083800000, 0x0000000083900000|  0%| F|  |TAMS 0x0000000083800000, 0x0000000083800000| Untracked 
|  57|0x0000000083900000, 0x0000000083900000, 0x0000000083a00000|  0%| F|  |TAMS 0x0000000083900000, 0x0000000083900000| Untracked 
|  58|0x0000000083a00000, 0x0000000083b00000, 0x0000000083b00000|100%| O|  |TAMS 0x0000000083b00000, 0x0000000083b00000| Untracked 
|  59|0x0000000083b00000, 0x0000000083c00000, 0x0000000083c00000|100%| O|  |TAMS 0x0000000083c00000, 0x0000000083c00000| Untracked 
|  60|0x0000000083c00000, 0x0000000083d00000, 0x0000000083d00000|100%| O|  |TAMS 0x0000000083d00000, 0x0000000083d00000| Untracked 
|  61|0x0000000083d00000, 0x0000000083e00000, 0x0000000083e00000|100%| O|  |TAMS 0x0000000083e00000, 0x0000000083e00000| Untracked 
|  62|0x0000000083e00000, 0x0000000083f00000, 0x0000000083f00000|100%| O|  |TAMS 0x0000000083f00000, 0x0000000083f00000| Untracked 
|  63|0x0000000083f00000, 0x0000000084000000, 0x0000000084000000|100%| O|  |TAMS 0x0000000084000000, 0x0000000084000000| Untracked 
|  64|0x0000000084000000, 0x0000000084100000, 0x0000000084100000|100%| O|  |TAMS 0x0000000084100000, 0x0000000084100000| Untracked 
|  65|0x0000000084100000, 0x0000000084200000, 0x0000000084200000|100%| O|  |TAMS 0x0000000084200000, 0x0000000084200000| Untracked 
|  66|0x0000000084200000, 0x0000000084300000, 0x0000000084300000|100%| O|  |TAMS 0x000000008421d600, 0x0000000084300000| Untracked 
|  67|0x0000000084300000, 0x0000000084400000, 0x0000000084400000|100%| O|  |TAMS 0x0000000084300000, 0x0000000084400000| Untracked 
|  68|0x0000000084400000, 0x0000000084500000, 0x0000000084500000|100%| O|  |TAMS 0x0000000084400000, 0x0000000084500000| Untracked 
|  69|0x0000000084500000, 0x0000000084600000, 0x0000000084600000|100%| O|  |TAMS 0x0000000084500000, 0x0000000084600000| Untracked 
|  70|0x0000000084600000, 0x0000000084700000, 0x0000000084700000|100%| O|  |TAMS 0x0000000084600000, 0x0000000084700000| Untracked 
|  71|0x0000000084700000, 0x0000000084800000, 0x0000000084800000|100%| O|  |TAMS 0x0000000084700000, 0x0000000084800000| Untracked 
|  72|0x0000000084800000, 0x0000000084900000, 0x0000000084900000|100%| O|  |TAMS 0x0000000084800000, 0x0000000084900000| Untracked 
|  73|0x0000000084900000, 0x0000000084a00000, 0x0000000084a00000|100%| O|  |TAMS 0x0000000084900000, 0x0000000084a00000| Untracked 
|  74|0x0000000084a00000, 0x0000000084b00000, 0x0000000084b00000|100%| O|  |TAMS 0x0000000084a00000, 0x0000000084b00000| Untracked 
|  75|0x0000000084b00000, 0x0000000084c00000, 0x0000000084c00000|100%| O|  |TAMS 0x0000000084b00000, 0x0000000084c00000| Untracked 
|  76|0x0000000084c00000, 0x0000000084d00000, 0x0000000084d00000|100%| O|  |TAMS 0x0000000084c00000, 0x0000000084d00000| Untracked 
|  77|0x0000000084d00000, 0x0000000084e00000, 0x0000000084e00000|100%| O|  |TAMS 0x0000000084d00000, 0x0000000084e00000| Untracked 
|  78|0x0000000084e00000, 0x0000000084eb6a00, 0x0000000084f00000| 71%| O|  |TAMS 0x0000000084e00000, 0x0000000084eb6a00| Untracked 
|  79|0x0000000084f00000, 0x0000000084f00000, 0x0000000085000000|  0%| F|  |TAMS 0x0000000084f00000, 0x0000000084f00000| Untracked 
|  80|0x0000000085000000, 0x0000000085000000, 0x0000000085100000|  0%| F|  |TAMS 0x0000000085000000, 0x0000000085000000| Untracked 
|  81|0x0000000085100000, 0x0000000085100000, 0x0000000085200000|  0%| F|  |TAMS 0x0000000085100000, 0x0000000085100000| Untracked 
|  82|0x0000000085200000, 0x0000000085200000, 0x0000000085300000|  0%| F|  |TAMS 0x0000000085200000, 0x0000000085200000| Untracked 
|  83|0x0000000085300000, 0x0000000085300000, 0x0000000085400000|  0%| F|  |TAMS 0x0000000085300000, 0x0000000085300000| Untracked 
|  84|0x0000000085400000, 0x0000000085400000, 0x0000000085500000|  0%| F|  |TAMS 0x0000000085400000, 0x0000000085400000| Untracked 
|  85|0x0000000085500000, 0x0000000085500000, 0x0000000085600000|  0%| F|  |TAMS 0x0000000085500000, 0x0000000085500000| Untracked 
|  86|0x0000000085600000, 0x0000000085600000, 0x0000000085700000|  0%| F|  |TAMS 0x0000000085600000, 0x0000000085600000| Untracked 
|  87|0x0000000085700000, 0x0000000085700000, 0x0000000085800000|  0%| F|  |TAMS 0x0000000085700000, 0x0000000085700000| Untracked 
|  88|0x0000000085800000, 0x0000000085800000, 0x0000000085900000|  0%| F|  |TAMS 0x0000000085800000, 0x0000000085800000| Untracked 
|  89|0x0000000085900000, 0x0000000085900000, 0x0000000085a00000|  0%| F|  |TAMS 0x0000000085900000, 0x0000000085900000| Untracked 
|  90|0x0000000085a00000, 0x0000000085a00000, 0x0000000085b00000|  0%| F|  |TAMS 0x0000000085a00000, 0x0000000085a00000| Untracked 
|  91|0x0000000085b00000, 0x0000000085b00000, 0x0000000085c00000|  0%| F|  |TAMS 0x0000000085b00000, 0x0000000085b00000| Untracked 
|  92|0x0000000085c00000, 0x0000000085c00000, 0x0000000085d00000|  0%| F|  |TAMS 0x0000000085c00000, 0x0000000085c00000| Untracked 
|  93|0x0000000085d00000, 0x0000000085d00000, 0x0000000085e00000|  0%| F|  |TAMS 0x0000000085d00000, 0x0000000085d00000| Untracked 
|  94|0x0000000085e00000, 0x0000000085e00000, 0x0000000085f00000|  0%| F|  |TAMS 0x0000000085e00000, 0x0000000085e00000| Untracked 
|  95|0x0000000085f00000, 0x0000000085f00000, 0x0000000086000000|  0%| F|  |TAMS 0x0000000085f00000, 0x0000000085f00000| Untracked 
|  96|0x0000000086000000, 0x0000000086000000, 0x0000000086100000|  0%| F|  |TAMS 0x0000000086000000, 0x0000000086000000| Untracked 
|  97|0x0000000086100000, 0x0000000086100000, 0x0000000086200000|  0%| F|  |TAMS 0x0000000086100000, 0x0000000086100000| Untracked 
|  98|0x0000000086200000, 0x00000000862f90e0, 0x0000000086300000| 97%| S|CS|TAMS 0x0000000086200000, 0x0000000086200000| Complete 
|  99|0x0000000086300000, 0x0000000086400000, 0x0000000086400000|100%| S|CS|TAMS 0x0000000086300000, 0x0000000086300000| Complete 
| 100|0x0000000086400000, 0x0000000086400000, 0x0000000086500000|  0%| F|  |TAMS 0x0000000086400000, 0x0000000086400000| Untracked 
| 101|0x0000000086500000, 0x0000000086500000, 0x0000000086600000|  0%| F|  |TAMS 0x0000000086500000, 0x0000000086500000| Untracked 
| 102|0x0000000086600000, 0x0000000086600000, 0x0000000086700000|  0%| F|  |TAMS 0x0000000086600000, 0x0000000086600000| Untracked 
| 103|0x0000000086700000, 0x0000000086700000, 0x0000000086800000|  0%| F|  |TAMS 0x0000000086700000, 0x0000000086700000| Untracked 
| 104|0x0000000086800000, 0x0000000086800000, 0x0000000086900000|  0%| F|  |TAMS 0x0000000086800000, 0x0000000086800000| Untracked 
| 105|0x0000000086900000, 0x0000000086900000, 0x0000000086a00000|  0%| F|  |TAMS 0x0000000086900000, 0x0000000086900000| Untracked 
| 106|0x0000000086a00000, 0x0000000086a00000, 0x0000000086b00000|  0%| F|  |TAMS 0x0000000086a00000, 0x0000000086a00000| Untracked 
| 107|0x0000000086b00000, 0x0000000086b00000, 0x0000000086c00000|  0%| F|  |TAMS 0x0000000086b00000, 0x0000000086b00000| Untracked 
| 108|0x0000000086c00000, 0x0000000086c00000, 0x0000000086d00000|  0%| F|  |TAMS 0x0000000086c00000, 0x0000000086c00000| Untracked 
| 109|0x0000000086d00000, 0x0000000086d00000, 0x0000000086e00000|  0%| F|  |TAMS 0x0000000086d00000, 0x0000000086d00000| Untracked 
| 110|0x0000000086e00000, 0x0000000086e00000, 0x0000000086f00000|  0%| F|  |TAMS 0x0000000086e00000, 0x0000000086e00000| Untracked 
| 111|0x0000000086f00000, 0x0000000086f00000, 0x0000000087000000|  0%| F|  |TAMS 0x0000000086f00000, 0x0000000086f00000| Untracked 
| 112|0x0000000087000000, 0x0000000087000000, 0x0000000087100000|  0%| F|  |TAMS 0x0000000087000000, 0x0000000087000000| Untracked 
| 113|0x0000000087100000, 0x0000000087100000, 0x0000000087200000|  0%| F|  |TAMS 0x0000000087100000, 0x0000000087100000| Untracked 
| 114|0x0000000087200000, 0x0000000087200000, 0x0000000087300000|  0%| F|  |TAMS 0x0000000087200000, 0x0000000087200000| Untracked 
| 115|0x0000000087300000, 0x0000000087300000, 0x0000000087400000|  0%| F|  |TAMS 0x0000000087300000, 0x0000000087300000| Untracked 
| 116|0x0000000087400000, 0x0000000087400000, 0x0000000087500000|  0%| F|  |TAMS 0x0000000087400000, 0x0000000087400000| Untracked 
| 117|0x0000000087500000, 0x0000000087500000, 0x0000000087600000|  0%| F|  |TAMS 0x0000000087500000, 0x0000000087500000| Untracked 
| 118|0x0000000087600000, 0x0000000087600000, 0x0000000087700000|  0%| F|  |TAMS 0x0000000087600000, 0x0000000087600000| Untracked 
| 119|0x0000000087700000, 0x0000000087700000, 0x0000000087800000|  0%| F|  |TAMS 0x0000000087700000, 0x0000000087700000| Untracked 
| 120|0x0000000087800000, 0x0000000087800000, 0x0000000087900000|  0%| F|  |TAMS 0x0000000087800000, 0x0000000087800000| Untracked 
| 202|0x000000008ca00000, 0x000000008ca00000, 0x000000008cb00000|  0%| F|  |TAMS 0x000000008ca00000, 0x000000008ca00000| Untracked 
| 203|0x000000008cb00000, 0x000000008cb00000, 0x000000008cc00000|  0%| F|  |TAMS 0x000000008cb00000, 0x000000008cb00000| Untracked 
| 204|0x000000008cc00000, 0x000000008cc00000, 0x000000008cd00000|  0%| F|  |TAMS 0x000000008cc00000, 0x000000008cc00000| Untracked 
| 205|0x000000008cd00000, 0x000000008cd00000, 0x000000008ce00000|  0%| F|  |TAMS 0x000000008cd00000, 0x000000008cd00000| Untracked 
| 206|0x000000008ce00000, 0x000000008ce00000, 0x000000008cf00000|  0%| F|  |TAMS 0x000000008ce00000, 0x000000008ce00000| Untracked 
| 207|0x000000008cf00000, 0x000000008cf00000, 0x000000008d000000|  0%| F|  |TAMS 0x000000008cf00000, 0x000000008cf00000| Untracked 
| 208|0x000000008d000000, 0x000000008d000000, 0x000000008d100000|  0%| F|  |TAMS 0x000000008d000000, 0x000000008d000000| Untracked 
| 209|0x000000008d100000, 0x000000008d100000, 0x000000008d200000|  0%| F|  |TAMS 0x000000008d100000, 0x000000008d100000| Untracked 
| 251|0x000000008fb00000, 0x000000008fb00000, 0x000000008fc00000|  0%| F|  |TAMS 0x000000008fb00000, 0x000000008fb00000| Untracked 

Card table byte_map: [0x000002cfa5670000,0x000002cfa5a70000] _byte_map_base: 0x000002cfa5270000

Marking Bits (Prev, Next): (CMBitMap*) 0x000002cf929d1e40, (CMBitMap*) 0x000002cf929d1e00
 Prev Bits: [0x000002cfa7e70000, 0x000002cfa9e70000)
 Next Bits: [0x000002cfa5e70000, 0x000002cfa7e70000)

Polling page: 0x000002cf905e0000

Metaspace:

Usage:
  Non-class:     78.83 MB used.
      Class:     12.54 MB used.
       Both:     91.37 MB used.

Virtual space:
  Non-class space:       80.00 MB reserved,      79.19 MB ( 99%) committed,  10 nodes.
      Class space:        1.00 GB reserved,      12.88 MB (  1%) committed,  1 nodes.
             Both:        1.08 GB reserved,      92.06 MB (  8%) committed. 

Chunk freelists:
   Non-Class:  781.00 KB
       Class:  3.03 MB
        Both:  3.79 MB

MaxMetaspaceSize: unlimited
CompressedClassSpaceSize: 1.00 GB
Initial GC threshold: 21.00 MB
Current GC threshold: 149.31 MB
CDS: off
MetaspaceReclaimPolicy: balanced
 - commit_granule_bytes: 65536.
 - commit_granule_words: 8192.
 - virtual_space_node_default_size: 1048576.
 - enlarge_chunks_in_place: 1.
 - new_chunks_are_fully_committed: 0.
 - uncommit_free_chunks: 1.
 - use_allocation_guard: 0.
 - handle_deallocations: 1.


Internal statistics:

num_allocs_failed_limit: 9.
num_arena_births: 1094.
num_arena_deaths: 0.
num_vsnodes_births: 11.
num_vsnodes_deaths: 0.
num_space_committed: 1472.
num_space_uncommitted: 0.
num_chunks_returned_to_freelist: 9.
num_chunks_taken_from_freelist: 4557.
num_chunk_merges: 9.
num_chunk_splits: 2996.
num_chunks_enlarged: 1998.
num_purges: 0.
num_inconsistent_stats: 0.

CodeHeap 'non-profiled nmethods': size=120000Kb used=5696Kb max_used=6030Kb free=114303Kb
 bounds [0x000002cf9d900000, 0x000002cf9def0000, 0x000002cfa4e30000]
CodeHeap 'profiled nmethods': size=120000Kb used=17964Kb max_used=18848Kb free=102035Kb
 bounds [0x000002cf95e30000, 0x000002cf970a0000, 0x000002cf9d360000]
CodeHeap 'non-nmethods': size=5760Kb used=2391Kb max_used=2466Kb free=3369Kb
 bounds [0x000002cf9d360000, 0x000002cf9d5d0000, 0x000002cf9d900000]
 total_blobs=10223 nmethods=9297 adapters=838
 compilation: enabled
              stopped_count=0, restarted_count=0
 full_count=0

Compilation events (20 events):
Event: 58.051 Thread 0x000002cfacbfa430 nmethod 10494 0x000002cf962e2190 code [0x000002cf962e2340, 0x000002cf962e2558]
Event: 58.051 Thread 0x000002cfacbfa430 10497       3       java.util.ArrayList::checkForComodification (17 bytes)
Event: 58.052 Thread 0x000002cfacbfa430 nmethod 10497 0x000002cf96564690 code [0x000002cf96564840, 0x000002cf96564a68]
Event: 58.052 Thread 0x000002cfacbfa430 10498       3       org.gradle.api.internal.artifacts.transform.TransformationStep::requiresDependencies (10 bytes)
Event: 58.053 Thread 0x000002cfacbfa430 nmethod 10498 0x000002cf96594c10 code [0x000002cf96594da0, 0x000002cf96594f18]
Event: 58.053 Thread 0x000002cfacbfa430 10500       3       org.gradle.api.internal.attributes.DefaultCompatibilityRuleChain::doesSomething (18 bytes)
Event: 58.053 Thread 0x000002cfacbfa430 nmethod 10500 0x000002cf9652da10 code [0x000002cf9652dbc0, 0x000002cf9652dde8]
Event: 58.053 Thread 0x000002cfacbfa430 10495       1       org.gradle.api.internal.artifacts.transform.DefaultVariantDefinition::getTargetAttributes (5 bytes)
Event: 58.054 Thread 0x000002cfacbed560 nmethod 10458 0x000002cf9db5d110 code [0x000002cf9db5d2a0, 0x000002cf9db5d8f8]
Event: 58.054 Thread 0x000002cfacbfa430 nmethod 10495 0x000002cf9db5ce10 code [0x000002cf9db5cfa0, 0x000002cf9db5d078]
Event: 58.054 Thread 0x000002cfacbfa430 10501       3       com.android.build.gradle.internal.dependency.ModelArtifactCompatibilityRule::<init> (5 bytes)
Event: 58.054 Thread 0x000002cfacbed560 10488   !   4       java.util.concurrent.ConcurrentHashMap::putVal (432 bytes)
Event: 58.054 Thread 0x000002cfacbfa430 nmethod 10501 0x000002cf95fdfc10 code [0x000002cf95fdfda0, 0x000002cf95fdfef8]
Event: 58.054 Thread 0x000002cfacbfa430 10505       3       java.lang.invoke.LambdaFormBuffer::endEdit (313 bytes)
Event: 58.056 Thread 0x000002cfacbfa430 nmethod 10505 0x000002cf9624d510 code [0x000002cf9624d780, 0x000002cf9624e538]
Event: 58.057 Thread 0x000002cfacbfa430 10496       1       org.gradle.api.internal.artifacts.transform.DefaultVariantDefinition::getTransformation (5 bytes)
Event: 58.057 Thread 0x000002cfacbfa430 nmethod 10496 0x000002cf9d953890 code [0x000002cf9d953a20, 0x000002cf9d953af8]
Event: 58.057 Thread 0x000002cfacbfa430 10503       3       org.gradle.internal.resolve.result.DefaultBuildableTypedResolveResult::resolved (11 bytes)
Event: 58.057 Thread 0x000002cfacbfa430 nmethod 10503 0x000002cf9607c690 code [0x000002cf9607c820, 0x000002cf9607c998]
Event: 58.057 Thread 0x000002cfacbfa430 10499       3       java.lang.invoke.InvokerBytecodeGenerator::emitIconstInsn (75 bytes)

GC Heap History (20 events):
Event: 15.389 GC heap after
{Heap after GC invocations=21 (full 0):
 garbage-first heap   total 108544K, used 55305K [0x0000000080000000, 0x0000000100000000)
  region size 1024K, 5 young (5120K), 5 survivors (5120K)
 Metaspace       used 74187K, committed 74752K, reserved 1114112K
  class space    used 9876K, committed 10112K, reserved 1048576K
}
Event: 16.321 GC heap before
{Heap before GC invocations=21 (full 0):
 garbage-first heap   total 108544K, used 87049K [0x0000000080000000, 0x0000000100000000)
  region size 1024K, 36 young (36864K), 5 survivors (5120K)
 Metaspace       used 78164K, committed 78656K, reserved 1122304K
  class space    used 10613K, committed 10816K, reserved 1048576K
}
Event: 16.330 GC heap after
{Heap after GC invocations=22 (full 0):
 garbage-first heap   total 108544K, used 56291K [0x0000000080000000, 0x0000000100000000)
  region size 1024K, 4 young (4096K), 4 survivors (4096K)
 Metaspace       used 78164K, committed 78656K, reserved 1122304K
  class space    used 10613K, committed 10816K, reserved 1048576K
}
Event: 17.252 GC heap before
{Heap before GC invocations=23 (full 0):
 garbage-first heap   total 108544K, used 88035K [0x0000000080000000, 0x0000000100000000)
  region size 1024K, 35 young (35840K), 4 survivors (4096K)
 Metaspace       used 81029K, committed 81664K, reserved 1122304K
  class space    used 11074K, committed 11392K, reserved 1048576K
}
Event: 17.260 GC heap after
{Heap after GC invocations=24 (full 0):
 garbage-first heap   total 108544K, used 59553K [0x0000000080000000, 0x0000000100000000)
  region size 1024K, 5 young (5120K), 5 survivors (5120K)
 Metaspace       used 81029K, committed 81664K, reserved 1122304K
  class space    used 11074K, committed 11392K, reserved 1048576K
}
Event: 53.466 GC heap before
{Heap before GC invocations=24 (full 0):
 garbage-first heap   total 108544K, used 88225K [0x0000000080000000, 0x0000000100000000)
  region size 1024K, 33 young (33792K), 5 survivors (5120K)
 Metaspace       used 82538K, committed 83200K, reserved 1122304K
  class space    used 11325K, committed 11648K, reserved 1048576K
}
Event: 53.473 GC heap after
{Heap after GC invocations=25 (full 0):
 garbage-first heap   total 108544K, used 61752K [0x0000000080000000, 0x0000000100000000)
  region size 1024K, 3 young (3072K), 3 survivors (3072K)
 Metaspace       used 82538K, committed 83200K, reserved 1122304K
  class space    used 11325K, committed 11648K, reserved 1048576K
}
Event: 54.102 GC heap before
{Heap before GC invocations=26 (full 0):
 garbage-first heap   total 108544K, used 88376K [0x0000000080000000, 0x0000000100000000)
  region size 1024K, 30 young (30720K), 3 survivors (3072K)
 Metaspace       used 83227K, committed 83840K, reserved 1122304K
  class space    used 11385K, committed 11712K, reserved 1048576K
}
Event: 54.113 GC heap after
{Heap after GC invocations=27 (full 0):
 garbage-first heap   total 131072K, used 64405K [0x0000000080000000, 0x0000000100000000)
  region size 1024K, 4 young (4096K), 4 survivors (4096K)
 Metaspace       used 83227K, committed 83840K, reserved 1122304K
  class space    used 11385K, committed 11712K, reserved 1048576K
}
Event: 55.397 GC heap before
{Heap before GC invocations=27 (full 0):
 garbage-first heap   total 131072K, used 107413K [0x0000000080000000, 0x0000000100000000)
  region size 1024K, 46 young (47104K), 4 survivors (4096K)
 Metaspace       used 88644K, committed 89280K, reserved 1130496K
  class space    used 12177K, committed 12480K, reserved 1048576K
}
Event: 55.406 GC heap after
{Heap after GC invocations=28 (full 0):
 garbage-first heap   total 131072K, used 67928K [0x0000000080000000, 0x0000000100000000)
  region size 1024K, 6 young (6144K), 6 survivors (6144K)
 Metaspace       used 88644K, committed 89280K, reserved 1130496K
  class space    used 12177K, committed 12480K, reserved 1048576K
}
Event: 56.253 GC heap before
{Heap before GC invocations=29 (full 0):
 garbage-first heap   total 131072K, used 106840K [0x0000000080000000, 0x0000000100000000)
  region size 1024K, 44 young (45056K), 6 survivors (6144K)
 Metaspace       used 89987K, committed 90688K, reserved 1130496K
  class space    used 12352K, committed 12672K, reserved 1048576K
}
Event: 56.264 GC heap after
{Heap after GC invocations=30 (full 0):
 garbage-first heap   total 131072K, used 72587K [0x0000000080000000, 0x0000000100000000)
  region size 1024K, 5 young (5120K), 5 survivors (5120K)
 Metaspace       used 89987K, committed 90688K, reserved 1130496K
  class space    used 12352K, committed 12672K, reserved 1048576K
}
Event: 56.610 GC heap before
{Heap before GC invocations=30 (full 0):
 garbage-first heap   total 131072K, used 95115K [0x0000000080000000, 0x0000000100000000)
  region size 1024K, 29 young (29696K), 5 survivors (5120K)
 Metaspace       used 90307K, committed 91008K, reserved 1130496K
  class space    used 12396K, committed 12736K, reserved 1048576K
}
Event: 56.617 GC heap after
{Heap after GC invocations=31 (full 0):
 garbage-first heap   total 131072K, used 77368K [0x0000000080000000, 0x0000000100000000)
  region size 1024K, 5 young (5120K), 5 survivors (5120K)
 Metaspace       used 90307K, committed 91008K, reserved 1130496K
  class space    used 12396K, committed 12736K, reserved 1048576K
}
Event: 57.646 GC heap before
{Heap before GC invocations=32 (full 0):
 garbage-first heap   total 133120K, used 106040K [0x0000000080000000, 0x0000000100000000)
  region size 1024K, 33 young (33792K), 5 survivors (5120K)
 Metaspace       used 93260K, committed 93888K, reserved 1130496K
  class space    used 12819K, committed 13120K, reserved 1048576K
}
Event: 57.654 GC heap after
{Heap after GC invocations=33 (full 0):
 garbage-first heap   total 133120K, used 79794K [0x0000000080000000, 0x0000000100000000)
  region size 1024K, 4 young (4096K), 4 survivors (4096K)
 Metaspace       used 93260K, committed 93888K, reserved 1130496K
  class space    used 12819K, committed 13120K, reserved 1048576K
}
Event: 57.672 GC heap before
{Heap before GC invocations=33 (full 0):
 garbage-first heap   total 133120K, used 81842K [0x0000000080000000, 0x0000000100000000)
  region size 1024K, 6 young (6144K), 4 survivors (4096K)
 Metaspace       used 93274K, committed 93888K, reserved 1130496K
  class space    used 12820K, committed 13120K, reserved 1048576K
}
Event: 57.677 GC heap after
{Heap after GC invocations=34 (full 0):
 garbage-first heap   total 133120K, used 79140K [0x0000000080000000, 0x0000000100000000)
  region size 1024K, 1 young (1024K), 1 survivors (1024K)
 Metaspace       used 93274K, committed 93888K, reserved 1130496K
  class space    used 12820K, committed 13120K, reserved 1048576K
}
Event: 58.058 GC heap before
{Heap before GC invocations=34 (full 0):
 garbage-first heap   total 133120K, used 107812K [0x0000000080000000, 0x0000000100000000)
  region size 1024K, 30 young (30720K), 1 survivors (1024K)
 Metaspace       used 93563K, committed 94272K, reserved 1130496K
  class space    used 12842K, committed 13184K, reserved 1048576K
}

Dll operation events (2 events):
Event: 0.031 Loaded shared library C:\BTS\ANDROID\android-studio\jbr\bin\java.dll
Event: 0.715 Loaded shared library C:\BTS\ANDROID\android-studio\jbr\bin\verify.dll

Deoptimization events (20 events):
Event: 58.015 Thread 0x000002cfb75a51d0 DEOPT PACKING pc=0x000002cf9dee2f4c sp=0x000000e2af9f9bd0
Event: 58.015 Thread 0x000002cfb75a51d0 DEOPT UNPACKING pc=0x000002cf9d3b69a3 sp=0x000000e2af9f9b78 mode 2
Event: 58.016 Thread 0x000002cfb75a51d0 DEOPT PACKING pc=0x000002cf96ad152e sp=0x000000e2af9f8f10
Event: 58.016 Thread 0x000002cfb75a51d0 DEOPT UNPACKING pc=0x000002cf9d3b7143 sp=0x000000e2af9f83d0 mode 0
Event: 58.016 Thread 0x000002cfb75a51d0 DEOPT PACKING pc=0x000002cf96b5df90 sp=0x000000e2af9f8e80
Event: 58.016 Thread 0x000002cfb75a51d0 DEOPT UNPACKING pc=0x000002cf9d3b7143 sp=0x000000e2af9f8348 mode 0
Event: 58.033 Thread 0x000002cfaccc5e10 DEOPT PACKING pc=0x000002cf96ad152e sp=0x000000e2a5afe480
Event: 58.033 Thread 0x000002cfaccc5e10 DEOPT UNPACKING pc=0x000002cf9d3b7143 sp=0x000000e2a5afd940 mode 0
Event: 58.033 Thread 0x000002cfaccc5e10 DEOPT PACKING pc=0x000002cf96b5df90 sp=0x000000e2a5afde70
Event: 58.033 Thread 0x000002cfaccc5e10 DEOPT UNPACKING pc=0x000002cf9d3b7143 sp=0x000000e2a5afd338 mode 0
Event: 58.038 Thread 0x000002cfb75a4d00 DEOPT PACKING pc=0x000002cf9640b5ce sp=0x000000e2aeefdf60
Event: 58.038 Thread 0x000002cfb75a4d00 DEOPT UNPACKING pc=0x000002cf9d3b7143 sp=0x000000e2aeefd428 mode 0
Event: 58.055 Thread 0x000002cfb2728a20 Uncommon trap: trap_request=0xfffffff4 fr.pc=0x000002cf9d997124 relative=0x00000000000001e4
Event: 58.056 Thread 0x000002cfb2728a20 Uncommon trap: reason=null_check action=make_not_entrant pc=0x000002cf9d997124 method=org.gradle.tooling.internal.provider.runner.ClientBuildEventGenerator$Enabled.accept(Lorg/gradle/internal/operations/BuildOperationDescriptor;)Lorg/gradle/tooling/intern
Event: 58.056 Thread 0x000002cfb2727210 Uncommon trap: trap_request=0xfffffff4 fr.pc=0x000002cf9d997124 relative=0x00000000000001e4
Event: 58.056 Thread 0x000002cfb2727210 Uncommon trap: reason=null_check action=make_not_entrant pc=0x000002cf9d997124 method=org.gradle.tooling.internal.provider.runner.ClientBuildEventGenerator$Enabled.accept(Lorg/gradle/internal/operations/BuildOperationDescriptor;)Lorg/gradle/tooling/intern
Event: 58.056 Thread 0x000002cfb2728a20 DEOPT PACKING pc=0x000002cf9d997124 sp=0x000000e2abcfe9d0
Event: 58.056 Thread 0x000002cfb2728a20 DEOPT UNPACKING pc=0x000002cf9d3b69a3 sp=0x000000e2abcfe958 mode 2
Event: 58.056 Thread 0x000002cfb2727210 DEOPT PACKING pc=0x000002cf9d997124 sp=0x000000e2abdfe7c0
Event: 58.056 Thread 0x000002cfb2727210 DEOPT UNPACKING pc=0x000002cf9d3b69a3 sp=0x000000e2abdfe748 mode 2

Classes unloaded (0 events):
No events

Classes redefined (0 events):
No events

Internal exceptions (20 events):
Event: 56.862 Thread 0x000002cfb35d1fa0 Exception <a 'sun/nio/fs/WindowsException'{0x000000008cc5aae8}> (0x000000008cc5aae8) 
thrown [s\src\hotspot\share\prims\jni.cpp, line 517]
Event: 56.862 Thread 0x000002cfb35d1fa0 Exception <a 'sun/nio/fs/WindowsException'{0x000000008cc5aee8}> (0x000000008cc5aee8) 
thrown [s\src\hotspot\share\prims\jni.cpp, line 517]
Event: 56.913 Thread 0x000002cfb75a4d00 Exception <a 'sun/nio/fs/WindowsException'{0x000000008ca01290}> (0x000000008ca01290) 
thrown [s\src\hotspot\share\prims\jni.cpp, line 517]
Event: 57.326 Thread 0x000002cfb75a51d0 Exception <a 'java/lang/NoSuchMethodError'{0x000000008721b620}: 'void java.lang.invoke.DirectMethodHandle$Holder.invokeStatic(java.lang.Object, java.lang.Object, java.lang.Object, java.lang.Object, int, java.lang.Object, java.lang.Object)'> (0x000000008721b620) 
thrown [s\src\hotspot\share\interpreter\linkResolver.cpp, line 771]
Event: 57.445 Thread 0x000002cfb272c8b0 Exception <a 'java/lang/NoSuchMethodError'{0x0000000086e401e0}: 'java.lang.Object java.lang.invoke.DirectMethodHandle$Holder.invokeSpecialIFC(java.lang.Object, java.lang.Object, java.lang.Object)'> (0x0000000086e401e0) 
thrown [s\src\hotspot\share\interpreter\linkResolver.cpp, line 771]
Event: 57.445 Thread 0x000002cfb272c3e0 Exception <a 'java/lang/NoSuchMethodError'{0x0000000086e32a58}: 'java.lang.Object java.lang.invoke.DirectMethodHandle$Holder.invokeSpecialIFC(java.lang.Object, java.lang.Object, java.lang.Object)'> (0x0000000086e32a58) 
thrown [s\src\hotspot\share\interpreter\linkResolver.cpp, line 771]
Event: 57.445 Thread 0x000002cfaccc7fc0 Exception <a 'java/lang/NoSuchMethodError'{0x0000000086e0da50}: 'java.lang.Object java.lang.invoke.DirectMethodHandle$Holder.invokeSpecialIFC(java.lang.Object, java.lang.Object, java.lang.Object)'> (0x0000000086e0da50) 
thrown [s\src\hotspot\share\interpreter\linkResolver.cpp, line 771]
Event: 57.445 Thread 0x000002cfb272b0a0 Exception <a 'java/lang/NoSuchMethodError'{0x0000000086e37108}: 'java.lang.Object java.lang.invoke.DirectMethodHandle$Holder.invokeSpecialIFC(java.lang.Object, java.lang.Object, java.lang.Object)'> (0x0000000086e37108) 
thrown [s\src\hotspot\share\interpreter\linkResolver.cpp, line 771]
Event: 57.446 Thread 0x000002cfb360c470 Exception <a 'java/lang/NoSuchMethodError'{0x0000000086e07cd0}: 'java.lang.Object java.lang.invoke.DirectMethodHandle$Holder.invokeSpecialIFC(java.lang.Object, java.lang.Object, java.lang.Object)'> (0x0000000086e07cd0) 
thrown [s\src\hotspot\share\interpreter\linkResolver.cpp, line 771]
Event: 57.446 Thread 0x000002cfb35cc430 Exception <a 'java/lang/NoSuchMethodError'{0x0000000086e28cd0}: 'java.lang.Object java.lang.invoke.DirectMethodHandle$Holder.invokeSpecialIFC(java.lang.Object, java.lang.Object, java.lang.Object)'> (0x0000000086e28cd0) 
thrown [s\src\hotspot\share\interpreter\linkResolver.cpp, line 771]
Event: 57.446 Thread 0x000002cfb35ce110 Exception <a 'java/lang/NoSuchMethodError'{0x0000000086e59c58}: 'java.lang.Object java.lang.invoke.DirectMethodHandle$Holder.invokeSpecialIFC(java.lang.Object, java.lang.Object, java.lang.Object)'> (0x0000000086e59c58) 
thrown [s\src\hotspot\share\interpreter\linkResolver.cpp, line 771]
Event: 57.446 Thread 0x000002cfb272ba40 Exception <a 'java/lang/NoSuchMethodError'{0x0000000086e245c0}: 'java.lang.Object java.lang.invoke.DirectMethodHandle$Holder.invokeSpecialIFC(java.lang.Object, java.lang.Object, java.lang.Object)'> (0x0000000086e245c0) 
thrown [s\src\hotspot\share\interpreter\linkResolver.cpp, line 771]
Event: 57.446 Thread 0x000002cfb75a51d0 Exception <a 'java/lang/NoSuchMethodError'{0x0000000086e2ef20}: 'java.lang.Object java.lang.invoke.DirectMethodHandle$Holder.invokeSpecialIFC(java.lang.Object, java.lang.Object, java.lang.Object)'> (0x0000000086e2ef20) 
thrown [s\src\hotspot\share\interpreter\linkResolver.cpp, line 771]
Event: 57.447 Thread 0x000002cfb35cd2a0 Exception <a 'java/lang/NoSuchMethodError'{0x0000000086e173e0}: 'java.lang.Object java.lang.invoke.DirectMethodHandle$Holder.invokeSpecialIFC(java.lang.Object, java.lang.Object, java.lang.Object)'> (0x0000000086e173e0) 
thrown [s\src\hotspot\share\interpreter\linkResolver.cpp, line 771]
Event: 57.447 Thread 0x000002cfb35cd770 Exception <a 'java/lang/NoSuchMethodError'{0x0000000086e3b7c0}: 'java.lang.Object java.lang.invoke.DirectMethodHandle$Holder.invokeSpecialIFC(java.lang.Object, java.lang.Object, java.lang.Object)'> (0x0000000086e3b7c0) 
thrown [s\src\hotspot\share\interpreter\linkResolver.cpp, line 771]
Event: 58.015 Thread 0x000002cfb75a51d0 Exception <a 'java/lang/NoSuchMethodError'{0x0000000086621b20}: static Lcom/android/build/gradle/internal/tasks/AarMetadataArtifact;.<clinit>()V> (0x0000000086621b20) 
thrown [s\src\hotspot\share\prims\jni.cpp, line 1108]
Event: 58.055 Thread 0x000002cfb75a4d00 Exception <a 'java/lang/NoSuchMethodError'{0x0000000086496df8}: 'java.lang.Object java.lang.invoke.DirectMethodHandle$Holder.invokeSpecial(java.lang.Object, java.lang.Object, long, java.lang.Object, java.lang.Object, java.lang.Object, java.lang.Object, java.lang.Object, java.lang.Object, java.lang.Object, java.lang.Object, java.lang.Object)'> (0x0000000086496df8) 
thrown [s\src\hotspot\share\interpreter\linkResolver.cpp, line 771]
Event: 58.055 Thread 0x000002cfb2728a20 Implicit null exception at 0x000002cf9d996f84 to 0x000002cf9d997118
Event: 58.056 Thread 0x000002cfb2727210 Implicit null exception at 0x000002cf9d996f84 to 0x000002cf9d997118
Event: 58.056 Thread 0x000002cfb75a4d00 Exception <a 'java/lang/NoSuchMethodError'{0x000000008649df28}: 'java.lang.Object java.lang.invoke.DelegatingMethodHandle$Holder.reinvoke_L(java.lang.Object, long, java.lang.Object, java.lang.Object, java.lang.Object, java.lang.Object, java.lang.Object, java.lang.Object, java.lang.Object, java.lang.Object, java.lang.Object)'> (0x000000008649df28) 
thrown [s\src\hotspot\share\interpreter\linkResolver.cpp, line 771]

VM Operations (20 events):
Event: 56.670 Executing VM operation: G1Concurrent done
Event: 56.698 Executing VM operation: G1Concurrent
Event: 56.698 Executing VM operation: G1Concurrent done
Event: 56.819 Executing VM operation: HandshakeAllThreads
Event: 56.820 Executing VM operation: HandshakeAllThreads done
Event: 56.932 Executing VM operation: HandshakeAllThreads
Event: 56.932 Executing VM operation: HandshakeAllThreads done
Event: 57.242 Executing VM operation: ICBufferFull
Event: 57.242 Executing VM operation: ICBufferFull done
Event: 57.646 Executing VM operation: G1CollectForAllocation
Event: 57.654 Executing VM operation: G1CollectForAllocation done
Event: 57.671 Executing VM operation: G1CollectForAllocation
Event: 57.677 Executing VM operation: G1CollectForAllocation done
Event: 57.815 Executing VM operation: HandshakeAllThreads
Event: 57.816 Executing VM operation: HandshakeAllThreads done
Event: 57.869 Executing VM operation: HandshakeAllThreads
Event: 57.869 Executing VM operation: HandshakeAllThreads done
Event: 57.914 Executing VM operation: ICBufferFull
Event: 57.915 Executing VM operation: ICBufferFull done
Event: 58.057 Executing VM operation: G1CollectForAllocation

Events (20 events):
Event: 57.895 Thread 0x000002cfacbfad30 flushing nmethod 0x000002cf968ea990
Event: 57.895 Thread 0x000002cfacbfad30 flushing nmethod 0x000002cf968ead90
Event: 57.895 Thread 0x000002cfacbfad30 flushing nmethod 0x000002cf968f4510
Event: 57.895 Thread 0x000002cfacbfad30 flushing nmethod 0x000002cf968f5a10
Event: 57.895 Thread 0x000002cfacbfad30 flushing nmethod 0x000002cf968f8010
Event: 57.895 Thread 0x000002cfacbfad30 flushing nmethod 0x000002cf968fcd10
Event: 57.895 Thread 0x000002cfacbfad30 flushing nmethod 0x000002cf968fe790
Event: 57.896 Thread 0x000002cfacbfad30 flushing nmethod 0x000002cf96940490
Event: 57.896 Thread 0x000002cfacbfad30 flushing nmethod 0x000002cf9696b690
Event: 57.896 Thread 0x000002cfacbfad30 flushing nmethod 0x000002cf9696d110
Event: 57.896 Thread 0x000002cfacbfad30 flushing nmethod 0x000002cf96983190
Event: 57.897 Thread 0x000002cfacbfad30 flushing nmethod 0x000002cf969c8490
Event: 57.897 Thread 0x000002cfacbfad30 flushing nmethod 0x000002cf969eb810
Event: 57.897 Thread 0x000002cfacbfad30 flushing nmethod 0x000002cf96a15890
Event: 57.897 Thread 0x000002cfacbfad30 flushing nmethod 0x000002cf96a16890
Event: 57.897 Thread 0x000002cfacbfad30 flushing nmethod 0x000002cf96a20f90
Event: 57.897 Thread 0x000002cfacbfad30 flushing nmethod 0x000002cf96a6ea10
Event: 57.898 Thread 0x000002cfacbfad30 flushing nmethod 0x000002cf96a96490
Event: 57.898 Thread 0x000002cfacbfad30 flushing nmethod 0x000002cf96aae910
Event: 58.019 Thread 0x000002cfb75a6040 Thread added: 0x000002cfb75a6040


Dynamic libraries:
0x00007ff78db80000 - 0x00007ff78db8a000 	C:\BTS\ANDROID\android-studio\jbr\bin\java.exe
0x00007ffa9a2e0000 - 0x00007ffa9a543000 	C:\WINDOWS\SYSTEM32\ntdll.dll
0x00007ffa99650000 - 0x00007ffa99717000 	C:\WINDOWS\System32\KERNEL32.DLL
0x00007ffa97940000 - 0x00007ffa97d07000 	C:\WINDOWS\System32\KERNELBASE.dll
0x00007ffa97410000 - 0x00007ffa9755c000 	C:\Windows\system32\hmpalert.dll
0x00007ffa97f30000 - 0x00007ffa9807c000 	C:\WINDOWS\System32\ucrtbase.dll
0x00007ffa77040000 - 0x00007ffa7705b000 	C:\BTS\ANDROID\android-studio\jbr\bin\VCRUNTIME140.dll
0x00007ffa82db0000 - 0x00007ffa82dc7000 	C:\BTS\ANDROID\android-studio\jbr\bin\jli.dll
0x00007ffa982a0000 - 0x00007ffa98469000 	C:\WINDOWS\System32\USER32.dll
0x00007ffa97e40000 - 0x00007ffa97e67000 	C:\WINDOWS\System32\win32u.dll
0x00007ffa99570000 - 0x00007ffa9959a000 	C:\WINDOWS\System32\GDI32.dll
0x00007ffa97d10000 - 0x00007ffa97e3b000 	C:\WINDOWS\System32\gdi32full.dll
0x00007ffa97670000 - 0x00007ffa97713000 	C:\WINDOWS\System32\msvcp_win.dll
0x00007ffa72080000 - 0x00007ffa72310000 	C:\WINDOWS\WinSxS\amd64_microsoft.windows.common-controls_6595b64144ccf1df_6.0.26100.2702_none_3e069454e335fc5e\COMCTL32.dll
0x00007ffa98940000 - 0x00007ffa989e9000 	C:\WINDOWS\System32\msvcrt.dll
0x00007ffa98260000 - 0x00007ffa9828f000 	C:\WINDOWS\System32\IMM32.DLL
0x00007ffa75b20000 - 0x00007ffa75b2c000 	C:\BTS\ANDROID\android-studio\jbr\bin\vcruntime140_1.dll
0x00007ffa47c40000 - 0x00007ffa47ccd000 	C:\BTS\ANDROID\android-studio\jbr\bin\msvcp140.dll
0x00007ffa2f5c0000 - 0x00007ffa3022e000 	C:\BTS\ANDROID\android-studio\jbr\bin\server\jvm.dll
0x00007ffa989f0000 - 0x00007ffa98aa3000 	C:\WINDOWS\System32\ADVAPI32.dll
0x00007ffa995a0000 - 0x00007ffa99646000 	C:\WINDOWS\System32\sechost.dll
0x00007ffa99450000 - 0x00007ffa99566000 	C:\WINDOWS\System32\RPCRT4.dll
0x00007ffa8da30000 - 0x00007ffa8da3b000 	C:\WINDOWS\SYSTEM32\VERSION.dll
0x00007ffa94550000 - 0x00007ffa94586000 	C:\WINDOWS\SYSTEM32\WINMM.dll
0x00007ffa828c0000 - 0x00007ffa828ca000 	C:\WINDOWS\SYSTEM32\WSOCK32.dll
0x00007ffa981d0000 - 0x00007ffa98244000 	C:\WINDOWS\System32\WS2_32.dll
0x00007ffa96310000 - 0x00007ffa9632a000 	C:\WINDOWS\SYSTEM32\kernel.appcore.dll
0x00007ffa91b80000 - 0x00007ffa91b8a000 	C:\BTS\ANDROID\android-studio\jbr\bin\jimage.dll
0x00007ffa94a50000 - 0x00007ffa94c91000 	C:\WINDOWS\SYSTEM32\DBGHELP.DLL
0x00007ffa99f10000 - 0x00007ffa9a28e000 	C:\WINDOWS\System32\combase.dll
0x00007ffa98d00000 - 0x00007ffa98dd6000 	C:\WINDOWS\System32\OLEAUT32.dll
0x00007ffa84840000 - 0x00007ffa84879000 	C:\WINDOWS\SYSTEM32\dbgcore.DLL
0x00007ffa978a0000 - 0x00007ffa97939000 	C:\WINDOWS\System32\bcryptPrimitives.dll
0x00007ffa77180000 - 0x00007ffa771a5000 	C:\BTS\ANDROID\android-studio\jbr\bin\java.dll
0x00007ffa851c0000 - 0x00007ffa851d8000 	C:\BTS\ANDROID\android-studio\jbr\bin\zip.dll
0x00007ffa99730000 - 0x00007ffa99e3b000 	C:\WINDOWS\System32\SHELL32.dll
0x00007ffa94fe0000 - 0x00007ffa9581d000 	C:\WINDOWS\SYSTEM32\windows.storage.dll
0x00007ffa98ab0000 - 0x00007ffa98b9a000 	C:\WINDOWS\System32\SHCORE.dll
0x00007ffa98ba0000 - 0x00007ffa98bfd000 	C:\WINDOWS\System32\shlwapi.dll
0x00007ffa97580000 - 0x00007ffa975ae000 	C:\WINDOWS\SYSTEM32\profapi.dll
0x00007ffa84920000 - 0x00007ffa84939000 	C:\BTS\ANDROID\android-studio\jbr\bin\net.dll
0x00007ffa8fd00000 - 0x00007ffa8fe1e000 	C:\WINDOWS\SYSTEM32\WINHTTP.dll
0x00007ffa96800000 - 0x00007ffa96868000 	C:\WINDOWS\system32\mswsock.dll
0x00007ffa84800000 - 0x00007ffa84816000 	C:\BTS\ANDROID\android-studio\jbr\bin\nio.dll
0x00007ffa91b70000 - 0x00007ffa91b80000 	C:\BTS\ANDROID\android-studio\jbr\bin\verify.dll
0x00007ffa74ee0000 - 0x00007ffa74f07000 	C:\Users\svo\.gradle\native\68d5fa5c4cc2d200863cafc0d521ce42e7d3e7ee720ec0a83991735586a16f82\windows-amd64\native-platform.dll
0x00007ffa2e610000 - 0x00007ffa2e754000 	C:\Users\svo\.gradle\native\e376f236ea51e6404a007f0833ffe2c6e607c4080706a723a18a27aeea778392\windows-amd64\native-platform-file-events.dll
0x00007ffa8daf0000 - 0x00007ffa8daf9000 	C:\BTS\ANDROID\android-studio\jbr\bin\management.dll
0x00007ffa84f00000 - 0x00007ffa84f0b000 	C:\BTS\ANDROID\android-studio\jbr\bin\management_ext.dll
0x00007ffa99720000 - 0x00007ffa99728000 	C:\WINDOWS\System32\PSAPI.DLL
0x00007ffa96bb0000 - 0x00007ffa96bcc000 	C:\WINDOWS\SYSTEM32\CRYPTSP.dll
0x00007ffa96270000 - 0x00007ffa962a8000 	C:\WINDOWS\system32\rsaenh.dll
0x00007ffa968a0000 - 0x00007ffa968cb000 	C:\WINDOWS\SYSTEM32\USERENV.dll
0x00007ffa96d40000 - 0x00007ffa96d66000 	C:\WINDOWS\SYSTEM32\bcrypt.dll
0x00007ffa96a30000 - 0x00007ffa96a3c000 	C:\WINDOWS\SYSTEM32\CRYPTBASE.dll
0x00007ffa95a90000 - 0x00007ffa95ac3000 	C:\WINDOWS\SYSTEM32\IPHLPAPI.DLL
0x00007ffa98110000 - 0x00007ffa9811a000 	C:\WINDOWS\System32\NSI.dll
0x00007ffa90080000 - 0x00007ffa9009e000 	C:\WINDOWS\SYSTEM32\dhcpcsvc6.DLL
0x00007ffa8ffa0000 - 0x00007ffa8ffc5000 	C:\WINDOWS\SYSTEM32\dhcpcsvc.DLL
0x00007ffa95b10000 - 0x00007ffa95c35000 	C:\WINDOWS\SYSTEM32\DNSAPI.dll
0x00007ffa5d130000 - 0x00007ffa5d138000 	C:\WINDOWS\system32\wshunix.dll

dbghelp: loaded successfully - version: 4.0.5 - missing functions: none
symbol engine: initialized successfully - sym options: 0x614 - pdb path: .;C:\BTS\ANDROID\android-studio\jbr\bin;C:\WINDOWS\SYSTEM32;C:\WINDOWS\WinSxS\amd64_microsoft.windows.common-controls_6595b64144ccf1df_6.0.26100.2702_none_3e069454e335fc5e;C:\BTS\ANDROID\android-studio\jbr\bin\server;C:\Users\svo\.gradle\native\68d5fa5c4cc2d200863cafc0d521ce42e7d3e7ee720ec0a83991735586a16f82\windows-amd64;C:\Users\svo\.gradle\native\e376f236ea51e6404a007f0833ffe2c6e607c4080706a723a18a27aeea778392\windows-amd64

VM Arguments:
jvm_args: --add-opens=java.base/java.util=ALL-UNNAMED --add-opens=java.base/java.lang=ALL-UNNAMED --add-opens=java.base/java.lang.invoke=ALL-UNNAMED --add-opens=java.prefs/java.util.prefs=ALL-UNNAMED --add-opens=java.base/java.nio.charset=ALL-UNNAMED --add-opens=java.base/java.net=ALL-UNNAMED --add-opens=java.base/java.util.concurrent.atomic=ALL-UNNAMED -Xmx2048m -Dfile.encoding=UTF-8 -Duser.country=FR -Duser.language=fr -Duser.variant 
java_command: org.gradle.launcher.daemon.bootstrap.GradleDaemon 8.0
java_class_path (initial): C:\Users\svo\.gradle\wrapper\dists\gradle-8.0-bin\ca5e32bp14vu59qr306oxotwh\gradle-8.0\lib\gradle-launcher-8.0.jar
Launcher Type: SUN_STANDARD

[Global flags]
     intx CICompilerCount                          = 4                                         {product} {ergonomic}
     uint ConcGCThreads                            = 3                                         {product} {ergonomic}
     uint G1ConcRefinementThreads                  = 10                                        {product} {ergonomic}
   size_t G1HeapRegionSize                         = 1048576                                   {product} {ergonomic}
    uintx GCDrainStackTargetSize                   = 64                                        {product} {ergonomic}
   size_t InitialHeapSize                          = 264241152                                 {product} {ergonomic}
   size_t MarkStackSize                            = 4194304                                   {product} {ergonomic}
   size_t MaxHeapSize                              = 2147483648                                {product} {command line}
   size_t MaxNewSize                               = 1287651328                                {product} {ergonomic}
   size_t MinHeapDeltaBytes                        = 1048576                                   {product} {ergonomic}
   size_t MinHeapSize                              = 8388608                                   {product} {ergonomic}
    uintx NonNMethodCodeHeapSize                   = 5839372                                {pd product} {ergonomic}
    uintx NonProfiledCodeHeapSize                  = 122909434                              {pd product} {ergonomic}
    uintx ProfiledCodeHeapSize                     = 122909434                              {pd product} {ergonomic}
    uintx ReservedCodeCacheSize                    = 251658240                              {pd product} {ergonomic}
     bool SegmentedCodeCache                       = true                                      {product} {ergonomic}
   size_t SoftMaxHeapSize                          = 2147483648                             {manageable} {ergonomic}
     bool UseCompressedClassPointers               = true                           {product lp64_product} {ergonomic}
     bool UseCompressedOops                        = true                           {product lp64_product} {ergonomic}
     bool UseG1GC                                  = true                                      {product} {ergonomic}
     bool UseLargePagesIndividualAllocation        = false                                  {pd product} {ergonomic}

Logging:
Log output configuration:
 #0: stdout all=warning uptime,level,tags
 #1: stderr all=off uptime,level,tags

Environment Variables:
PATH=C:\Program Files\Common Files\Oracle\Java\javapath;C:\Program Files (x86)\Common Files\Oracle\Java\java8path;C:\Program Files (x86)\Common Files\Oracle\Java\javapath;C:\WINDOWS\system32;C:\WINDOWS;C:\WINDOWS\System32\Wbem;C:\WINDOWS\System32\WindowsPowerShell\v1.0\;C:\WINDOWS\System32\OpenSSH\;C:\Users\svo\AppData\Local\Microsoft\WindowsApps;C:\BTS\PortableApps\openlogic-openjdk-17.0.8+7-windows-x64\openlogic-openjdk-17.0.8+7-windows-x64\bin;C:\Users\svo\AppData\Local\ComposerSetup\bin;C:\Users\svo\AppData\Roaming\Composer\vendor\bin;C:\BTS\DEV\Xampp Laravell\xampp\php;C:\BTS\DEV\node-v18.15.0-win-x64;C:\BTS\Nodejs\node-v20.17.0-win-x64;C:\BTS\Git\bin;
USERNAME=SVO
OS=Windows_NT
PROCESSOR_IDENTIFIER=Intel64 Family 6 Model 154 Stepping 4, GenuineIntel
TMP=C:\Users\svo\AppData\Local\Temp
TEMP=C:\Users\svo\AppData\Local\Temp


JNI global refs:
JNI global refs: 26, weak refs: 5

JNI global refs memory usage: 843, weak refs: 841


---------------  S Y S T E M  ---------------

OS:
 Windows 11 , 64 bit Build 26100 (10.0.26100.2992)
OS uptime: 0 days 21:50 hours
Hyper-V role detected

CPU: total 12 (initial active 12) (6 cores per cpu, 2 threads per core) family 6 model 154 stepping 4 microcode 0x435, cx8, cmov, fxsr, ht, mmx, 3dnowpref, sse, sse2, sse3, ssse3, sse4.1, sse4.2, popcnt, lzcnt, tsc, tscinvbit, avx, avx2, aes, erms, clmul, bmi1, bmi2, adx, sha, fma, vzeroupper, clflush, clflushopt, clwb, hv

Memory: 4k page, system-wide physical 16016M (2295M free)
TotalPageFile size 20016M (AvailPageFile size 13M)
current process WorkingSet (physical memory assigned to process): 399M, peak: 399M
current process commit charge ("private bytes"): 438M, peak: 519M

vm_info: OpenJDK 64-Bit Server VM (17.0.6+0-b2043.56-10027231) for windows-amd64 JRE (17.0.6+0-b2043.56-10027231), built on Apr 28 2023 00:43:19 by "androidbuild" with MS VC++ 16.10 / 16.11 (VS2019)

END.
