#
# There is insufficient memory for the Java Runtime Environment to continue.
# Native memory allocation (malloc) failed to allocate 2141760 bytes for Chunk::new
# Possible reasons:
#   The system is out of physical RAM or swap space
#   The process is running with CompressedOops enabled, and the Java Heap may be blocking the growth of the native heap
# Possible solutions:
#   Reduce memory load on the system
#   Increase physical memory or swap space
#   Check if swap backing store is full
#   Decrease Java heap size (-Xmx/-Xms)
#   Decrease number of Java threads
#   Decrease Java thread stack sizes (-Xss)
#   Set larger code cache with -XX:ReservedCodeCacheSize=
#   JVM is running with Unscaled Compressed Oops mode in which the Java heap is
#     placed in the first 4GB address space. The Java Heap base address is the
#     maximum limit for the native heap growth. Please use -XX:HeapBaseMinAddress
#     to set the Java Heap base and to place the Java Heap above 4GB virtual address.
# This output file may be truncated or incomplete.
#
#  Out of Memory Error (arena.cpp:189), pid=23772, tid=25112
#
# JRE version: OpenJDK Runtime Environment (17.0.6) (build 17.0.6+0-b2043.56-10027231)
# Java VM: OpenJDK 64-Bit Server VM (17.0.6+0-b2043.56-10027231, mixed mode, tiered, compressed oops, compressed class ptrs, g1 gc, windows-amd64)
# No core dump will be written. Minidumps are not enabled by default on client versions of Windows
#

---------------  S U M M A R Y ------------

Command Line: --add-opens=java.base/java.util=ALL-UNNAMED --add-opens=java.base/java.lang=ALL-UNNAMED --add-opens=java.base/java.lang.invoke=ALL-UNNAMED --add-opens=java.prefs/java.util.prefs=ALL-UNNAMED --add-opens=java.base/java.nio.charset=ALL-UNNAMED --add-opens=java.base/java.net=ALL-UNNAMED --add-opens=java.base/java.util.concurrent.atomic=ALL-UNNAMED -Xmx2048m -Dfile.encoding=UTF-8 -Duser.country=FR -Duser.language=fr -Duser.variant org.gradle.launcher.daemon.bootstrap.GradleDaemon 8.0

Host: 12th Gen Intel(R) Core(TM) i7-1255U, 12 cores, 15G,  Windows 11 , 64 bit Build 26100 (10.0.26100.2992)
Time: Fri Feb 21 08:14:26 2025 Paris, Madrid elapsed time: 12.831700 seconds (0d 0h 0m 12s)

---------------  T H R E A D  ---------------

Current thread (0x000001af8752bfd0):  JavaThread "C2 CompilerThread1" daemon [_thread_in_native, id=25112, stack(0x0000003800400000,0x0000003800500000)]


Current CompileTask:
C2:  12831 8761   !   4       java.net.URLClassLoader::findClass (47 bytes)

Stack: [0x0000003800400000,0x0000003800500000]
Native frames: (J=compiled Java code, j=interpreted, Vv=VM code, C=native code)
V  [jvm.dll+0x683c9a]
V  [jvm.dll+0x8427a4]
V  [jvm.dll+0x843f9e]
V  [jvm.dll+0x844603]
V  [jvm.dll+0x249b75]
V  [jvm.dll+0xabcac]
V  [jvm.dll+0xac27c]
V  [jvm.dll+0x368857]
V  [jvm.dll+0x1bd0b8]
V  [jvm.dll+0x21c359]
V  [jvm.dll+0x21b621]
V  [jvm.dll+0x1a4fdd]
V  [jvm.dll+0x22b098]
V  [jvm.dll+0x229159]
V  [jvm.dll+0x7f81ec]
V  [jvm.dll+0x7f274a]
V  [jvm.dll+0x682ad5]
C  [ucrtbase.dll+0x37b0]
C  [KERNEL32.DLL+0x2e8d7]
C  [ntdll.dll+0xbbf6c]


---------------  P R O C E S S  ---------------

Threads class SMR info:
_java_thread_list=0x000001af8aa41290, length=172, elements={
0x000001afe9154390, 0x000001af848554a0, 0x000001af84857f70, 0x000001af8489d7b0,
0x000001af848a0180, 0x000001af848a2a50, 0x000001af848a3310, 0x000001af848a3fb0,
0x000001af848a4960, 0x000001af848b5270, 0x000001af84a42510, 0x000001af84a429e0,
0x000001af85e5cab0, 0x000001af8729c0e0, 0x000001af861d1ba0, 0x000001af87d0d830,
0x000001af8743d870, 0x000001af856aba90, 0x000001af856aeab0, 0x000001af856ab0f0,
0x000001af856ab5c0, 0x000001af856ac430, 0x000001af8752bfd0, 0x000001af856acdd0,
0x000001af856ad2a0, 0x000001af856adc40, 0x000001af856ae5e0, 0x000001af8739e390,
0x000001af873a0a10, 0x000001af873a13b0, 0x000001af8739f6d0, 0x000001af873a0070,
0x000001af8739fba0, 0x000001af8739e860, 0x000001af873a0540, 0x000001af8739d9f0,
0x000001af8739f200, 0x000001af873a3090, 0x000001af873a3f00, 0x000001af873a48a0,
0x000001af873a4d70, 0x000001af85e0f860, 0x000001af85e10ba0, 0x000001af85e0d1e0,
0x000001af85e0db80, 0x000001af85e10200, 0x000001af85e0fd30, 0x000001af85e11070,
0x000001af85e0e050, 0x000001af85e106d0, 0x000001af85e0d6b0, 0x000001af85e11540,
0x000001af85e0e9f0, 0x000001af85e0eec0, 0x000001af85e11a10, 0x000001af85e11ee0,
0x000001af85e13220, 0x000001af85e13bc0, 0x000001af85e14a30, 0x000001af85e12d50,
0x000001af85e123b0, 0x000001af85e12880, 0x000001af85e136f0, 0x000001af85e14090,
0x000001af85e14560, 0x000001af851b14a0, 0x000001af851b0fd0, 0x000001af851b4990,
0x000001af851b2cb0, 0x000001af851b3180, 0x000001af851b1970, 0x000001af851b5800,
0x000001af851b2310, 0x000001af851b4e60, 0x000001af851b5330, 0x000001af851b27e0,
0x000001af851b3ff0, 0x000001af851b3650, 0x000001af851b1e40, 0x000001af851b5cd0,
0x000001af851b61a0, 0x000001af851b6670, 0x000001af851b6b40, 0x000001af851b7010,
0x000001af851b74e0, 0x000001af851b3b20, 0x000001af851b79b0, 0x000001af851b7e80,
0x000001af851b44c0, 0x000001af851b8350, 0x000001af851b8820, 0x000001af894c7f50,
0x000001af894ca5d0, 0x000001af894c9c30, 0x000001af894ca100, 0x000001af894c8dc0,
0x000001af894caf70, 0x000001af894caaa0, 0x000001af894cb440, 0x000001af894c7a80,
0x000001af894cb910, 0x000001af894c9290, 0x000001af894cbde0, 0x000001af894c8420,
0x000001af894cc2b0, 0x000001af894c88f0, 0x000001af894cc780, 0x000001af894ccc50,
0x000001af894cd120, 0x000001af894c9760, 0x000001af894cdac0, 0x000001af894cdf90,
0x000001af894cee00, 0x000001af894ce930, 0x000001af894cd5f0, 0x000001af894ce460,
0x000001af894cf2d0, 0x000001af85aebfd0, 0x000001af85aebb00, 0x000001af85aed310,
0x000001af85aece40, 0x000001af85aec4a0, 0x000001af85aec970, 0x000001af85aed7e0,
0x000001af85aeeb20, 0x000001af85aedcb0, 0x000001af85aeb630, 0x000001af85aef4c0,
0x000001af85af1670, 0x000001af85aee650, 0x000001af85aefe60, 0x000001af85af0800,
0x000001af85af11a0, 0x000001af85aeeff0, 0x000001af85af1b40, 0x000001af85aef990,
0x000001af85af0330, 0x000001af85af0cd0, 0x000001af85aee180, 0x000001af85af2010,
0x000001af85af24e0, 0x000001af85af29b0, 0x000001af85af2e80, 0x000001af871d5490,
0x000001af871d5960, 0x000001af871d6300, 0x000001af871d4620, 0x000001af871d4150,
0x000001af871d67d0, 0x000001af871d37b0, 0x000001af871d4fc0, 0x000001af871d5e30,
0x000001af871d6ca0, 0x000001af871d32e0, 0x000001af871d7170, 0x000001af871d7640,
0x000001af871d3c80, 0x000001af871d7b10, 0x000001af871d7fe0, 0x000001af871d84b0,
0x000001af871d4af0, 0x000001af871da190, 0x000001af871d8980, 0x000001af871d8e50,
0x000001af871d9320, 0x000001af871d97f0, 0x000001af871dab30, 0x000001af871d9cc0,
0x000001af871da660, 0x000001af89473410, 0x000001af89471c00, 0x000001af84a2ffd0
}

Java Threads: ( => current thread )
  0x000001afe9154390 JavaThread "main" [_thread_blocked, id=5112, stack(0x000000387dc00000,0x000000387dd00000)]
  0x000001af848554a0 JavaThread "Reference Handler" daemon [_thread_blocked, id=6992, stack(0x000000387e300000,0x000000387e400000)]
  0x000001af84857f70 JavaThread "Finalizer" daemon [_thread_blocked, id=24768, stack(0x000000387e400000,0x000000387e500000)]
  0x000001af8489d7b0 JavaThread "Signal Dispatcher" daemon [_thread_blocked, id=24524, stack(0x000000387e500000,0x000000387e600000)]
  0x000001af848a0180 JavaThread "Attach Listener" daemon [_thread_blocked, id=5652, stack(0x000000387e600000,0x000000387e700000)]
  0x000001af848a2a50 JavaThread "Service Thread" daemon [_thread_blocked, id=22816, stack(0x000000387e700000,0x000000387e800000)]
  0x000001af848a3310 JavaThread "Monitor Deflation Thread" daemon [_thread_blocked, id=7664, stack(0x000000387e800000,0x000000387e900000)]
  0x000001af848a3fb0 JavaThread "C2 CompilerThread0" daemon [_thread_in_native, id=16472, stack(0x000000387e900000,0x000000387ea00000)]
  0x000001af848a4960 JavaThread "C1 CompilerThread0" daemon [_thread_in_native, id=24232, stack(0x000000387ea00000,0x000000387eb00000)]
  0x000001af848b5270 JavaThread "Sweeper thread" daemon [_thread_blocked, id=22080, stack(0x000000387eb00000,0x000000387ec00000)]
  0x000001af84a42510 JavaThread "Common-Cleaner" daemon [_thread_blocked, id=18684, stack(0x000000387ec00000,0x000000387ed00000)]
  0x000001af84a429e0 JavaThread "Notification Thread" daemon [_thread_blocked, id=3208, stack(0x000000387ed00000,0x000000387ee00000)]
  0x000001af85e5cab0 JavaThread "Daemon health stats" [_thread_blocked, id=6228, stack(0x000000387f600000,0x000000387f700000)]
  0x000001af8729c0e0 JavaThread "Incoming local TCP Connector on port 50180" [_thread_in_native, id=20076, stack(0x000000387ef00000,0x000000387f000000)]
  0x000001af861d1ba0 JavaThread "Daemon periodic checks" [_thread_in_native, id=2980, stack(0x000000387f500000,0x000000387f600000)]
  0x000001af87d0d830 JavaThread "Daemon" [_thread_blocked, id=22012, stack(0x000000387f700000,0x000000387f800000)]
  0x000001af8743d870 JavaThread "Handler for socket connection from /127.0.0.1:50180 to /127.0.0.1:50181" [_thread_in_native, id=14284, stack(0x000000387f800000,0x000000387f900000)]
  0x000001af856aba90 JavaThread "Cancel handler" [_thread_blocked, id=8788, stack(0x000000387f900000,0x000000387fa00000)]
  0x000001af856aeab0 JavaThread "Daemon worker" [_thread_in_vm, id=3648, stack(0x000000387fa00000,0x000000387fb00000)]
  0x000001af856ab0f0 JavaThread "Asynchronous log dispatcher for DefaultDaemonConnection: socket connection from /127.0.0.1:50180 to /127.0.0.1:50181" [_thread_blocked, id=5796, stack(0x000000387fb00000,0x000000387fc00000)]
  0x000001af856ab5c0 JavaThread "Stdin handler" [_thread_blocked, id=7604, stack(0x000000387fc00000,0x000000387fd00000)]
  0x000001af856ac430 JavaThread "Daemon client event forwarder" [_thread_blocked, id=19256, stack(0x000000387fd00000,0x000000387fe00000)]
=>0x000001af8752bfd0 JavaThread "C2 CompilerThread1" daemon [_thread_in_native, id=25112, stack(0x0000003800400000,0x0000003800500000)]
  0x000001af856acdd0 JavaThread "Cache worker for journal cache (C:\Users\svo\.gradle\caches\journal-1)" [_thread_blocked, id=20576, stack(0x0000003800500000,0x0000003800600000)]
  0x000001af856ad2a0 JavaThread "File lock request listener" [_thread_in_native, id=3408, stack(0x0000003800600000,0x0000003800700000)]
  0x000001af856adc40 JavaThread "Cache worker for file hash cache (C:\Users\svo\.gradle\caches\8.0\fileHashes)" [_thread_blocked, id=20060, stack(0x0000003800700000,0x0000003800800000)]
  0x000001af856ae5e0 JavaThread "File watcher server" daemon [_thread_in_native, id=23824, stack(0x0000003800900000,0x0000003800a00000)]
  0x000001af8739e390 JavaThread "File watcher consumer" daemon [_thread_blocked, id=25780, stack(0x0000003800a00000,0x0000003800b00000)]
  0x000001af873a0a10 JavaThread "Cache worker for checksums cache (C:\BTS\ANDROID\WkRFTG\ApplicationRFTG\.gradle\8.0\checksums)" [_thread_blocked, id=10912, stack(0x0000003800b00000,0x0000003800c00000)]
  0x000001af873a13b0 JavaThread "Cache worker for cache directory md-rule (C:\Users\svo\.gradle\caches\8.0\md-rule)" [_thread_blocked, id=22968, stack(0x0000003800c00000,0x0000003800d00000)]
  0x000001af8739f6d0 JavaThread "Cache worker for file content cache (C:\Users\svo\.gradle\caches\8.0\fileContent)" [_thread_blocked, id=22496, stack(0x0000003800d00000,0x0000003800e00000)]
  0x000001af873a0070 JavaThread "Cache worker for file hash cache (C:\BTS\ANDROID\WkRFTG\ApplicationRFTG\.gradle\8.0\fileHashes)" [_thread_blocked, id=17168, stack(0x0000003800e00000,0x0000003800f00000)]
  0x000001af8739fba0 JavaThread "Cache worker for cache directory md-supplier (C:\Users\svo\.gradle\caches\8.0\md-supplier)" [_thread_blocked, id=5724, stack(0x0000003800f00000,0x0000003801000000)]
  0x000001af8739e860 JavaThread "Cache worker for execution history cache (C:\Users\svo\.gradle\caches\8.0\executionHistory)" [_thread_blocked, id=21996, stack(0x0000003801000000,0x0000003801100000)]
  0x000001af873a0540 JavaThread "jar transforms" [_thread_blocked, id=8748, stack(0x0000003801100000,0x0000003801200000)]
  0x000001af8739d9f0 JavaThread "jar transforms Thread 2" [_thread_blocked, id=1968, stack(0x0000003801200000,0x0000003801300000)]
  0x000001af8739f200 JavaThread "Cache worker for kotlin-dsl (C:\Users\svo\.gradle\caches\8.0\kotlin-dsl)" [_thread_blocked, id=20836, stack(0x0000003801300000,0x0000003801400000)]
  0x000001af873a3090 JavaThread "jar transforms Thread 3" [_thread_blocked, id=7048, stack(0x0000003801400000,0x0000003801500000)]
  0x000001af873a3f00 JavaThread "jar transforms Thread 4" [_thread_blocked, id=24672, stack(0x0000003801500000,0x0000003801600000)]
  0x000001af873a48a0 JavaThread "Cache worker for dependencies-accessors (C:\BTS\ANDROID\WkRFTG\ApplicationRFTG\.gradle\8.0\dependencies-accessors)" [_thread_blocked, id=21616, stack(0x0000003801600000,0x0000003801700000)]
  0x000001af873a4d70 JavaThread "Cache worker for Build Output Cleanup Cache (C:\BTS\ANDROID\WkRFTG\ApplicationRFTG\.gradle\buildOutputCleanup)" [_thread_blocked, id=23696, stack(0x0000003801700000,0x0000003801800000)]
  0x000001af85e0f860 JavaThread "jar transforms Thread 5" [_thread_blocked, id=9420, stack(0x0000003801800000,0x0000003801900000)]
  0x000001af85e10ba0 JavaThread "Unconstrained build operations" [_thread_blocked, id=14256, stack(0x0000003801900000,0x0000003801a00000)]
  0x000001af85e0d1e0 JavaThread "Unconstrained build operations Thread 2" [_thread_blocked, id=7420, stack(0x0000003801a00000,0x0000003801b00000)]
  0x000001af85e0db80 JavaThread "Unconstrained build operations Thread 3" [_thread_blocked, id=20900, stack(0x0000003801b00000,0x0000003801c00000)]
  0x000001af85e10200 JavaThread "Unconstrained build operations Thread 4" [_thread_blocked, id=21132, stack(0x0000003801c00000,0x0000003801d00000)]
  0x000001af85e0fd30 JavaThread "Unconstrained build operations Thread 5" [_thread_blocked, id=20532, stack(0x0000003801d00000,0x0000003801e00000)]
  0x000001af85e11070 JavaThread "Unconstrained build operations Thread 6" [_thread_blocked, id=26008, stack(0x0000003801e00000,0x0000003801f00000)]
  0x000001af85e0e050 JavaThread "Unconstrained build operations Thread 7" [_thread_blocked, id=20684, stack(0x0000003801f00000,0x0000003802000000)]
  0x000001af85e106d0 JavaThread "Unconstrained build operations Thread 8" [_thread_blocked, id=20660, stack(0x0000003802000000,0x0000003802100000)]
  0x000001af85e0d6b0 JavaThread "Unconstrained build operations Thread 9" [_thread_blocked, id=13480, stack(0x0000003802100000,0x0000003802200000)]
  0x000001af85e11540 JavaThread "Unconstrained build operations Thread 10" [_thread_blocked, id=23992, stack(0x0000003802200000,0x0000003802300000)]
  0x000001af85e0e9f0 JavaThread "Unconstrained build operations Thread 11" [_thread_blocked, id=6024, stack(0x0000003802300000,0x0000003802400000)]
  0x000001af85e0eec0 JavaThread "Unconstrained build operations Thread 12" [_thread_blocked, id=22880, stack(0x0000003802400000,0x0000003802500000)]
  0x000001af85e11a10 JavaThread "Unconstrained build operations Thread 13" [_thread_blocked, id=21928, stack(0x0000003802500000,0x0000003802600000)]
  0x000001af85e11ee0 JavaThread "Unconstrained build operations Thread 14" [_thread_blocked, id=6032, stack(0x0000003802600000,0x0000003802700000)]
  0x000001af85e13220 JavaThread "Unconstrained build operations Thread 15" [_thread_blocked, id=9432, stack(0x0000003802700000,0x0000003802800000)]
  0x000001af85e13bc0 JavaThread "Unconstrained build operations Thread 16" [_thread_blocked, id=3188, stack(0x0000003802800000,0x0000003802900000)]
  0x000001af85e14a30 JavaThread "Unconstrained build operations Thread 17" [_thread_blocked, id=23364, stack(0x0000003802900000,0x0000003802a00000)]
  0x000001af85e12d50 JavaThread "Unconstrained build operations Thread 18" [_thread_blocked, id=3704, stack(0x0000003802a00000,0x0000003802b00000)]
  0x000001af85e123b0 JavaThread "Unconstrained build operations Thread 19" [_thread_blocked, id=24032, stack(0x0000003802b00000,0x0000003802c00000)]
  0x000001af85e12880 JavaThread "Unconstrained build operations Thread 20" [_thread_blocked, id=23796, stack(0x0000003802c00000,0x0000003802d00000)]
  0x000001af85e136f0 JavaThread "Unconstrained build operations Thread 21" [_thread_blocked, id=26440, stack(0x0000003802d00000,0x0000003802e00000)]
  0x000001af85e14090 JavaThread "Unconstrained build operations Thread 22" [_thread_blocked, id=24200, stack(0x0000003802e00000,0x0000003802f00000)]
  0x000001af85e14560 JavaThread "Unconstrained build operations Thread 23" [_thread_blocked, id=5200, stack(0x0000003802f00000,0x0000003803000000)]
  0x000001af851b14a0 JavaThread "Unconstrained build operations Thread 24" [_thread_blocked, id=26516, stack(0x0000003803000000,0x0000003803100000)]
  0x000001af851b0fd0 JavaThread "Unconstrained build operations Thread 25" [_thread_blocked, id=13308, stack(0x0000003803100000,0x0000003803200000)]
  0x000001af851b4990 JavaThread "Unconstrained build operations Thread 26" [_thread_blocked, id=26500, stack(0x0000003803200000,0x0000003803300000)]
  0x000001af851b2cb0 JavaThread "Unconstrained build operations Thread 27" [_thread_blocked, id=10552, stack(0x0000003803300000,0x0000003803400000)]
  0x000001af851b3180 JavaThread "Unconstrained build operations Thread 28" [_thread_blocked, id=13080, stack(0x0000003803400000,0x0000003803500000)]
  0x000001af851b1970 JavaThread "Unconstrained build operations Thread 29" [_thread_blocked, id=22780, stack(0x0000003803500000,0x0000003803600000)]
  0x000001af851b5800 JavaThread "Unconstrained build operations Thread 30" [_thread_blocked, id=25812, stack(0x0000003803600000,0x0000003803700000)]
  0x000001af851b2310 JavaThread "Unconstrained build operations Thread 31" [_thread_blocked, id=2780, stack(0x0000003803700000,0x0000003803800000)]
  0x000001af851b4e60 JavaThread "Unconstrained build operations Thread 32" [_thread_blocked, id=25108, stack(0x0000003803800000,0x0000003803900000)]
  0x000001af851b5330 JavaThread "Unconstrained build operations Thread 33" [_thread_blocked, id=4700, stack(0x0000003803900000,0x0000003803a00000)]
  0x000001af851b27e0 JavaThread "Unconstrained build operations Thread 34" [_thread_blocked, id=14540, stack(0x0000003803a00000,0x0000003803b00000)]
  0x000001af851b3ff0 JavaThread "Unconstrained build operations Thread 35" [_thread_blocked, id=25052, stack(0x0000003803b00000,0x0000003803c00000)]
  0x000001af851b3650 JavaThread "Unconstrained build operations Thread 36" [_thread_blocked, id=9672, stack(0x0000003803c00000,0x0000003803d00000)]
  0x000001af851b1e40 JavaThread "Unconstrained build operations Thread 37" [_thread_blocked, id=23748, stack(0x0000003803d00000,0x0000003803e00000)]
  0x000001af851b5cd0 JavaThread "Unconstrained build operations Thread 38" [_thread_blocked, id=12380, stack(0x0000003803e00000,0x0000003803f00000)]
  0x000001af851b61a0 JavaThread "Unconstrained build operations Thread 39" [_thread_blocked, id=19196, stack(0x0000003803f00000,0x0000003804000000)]
  0x000001af851b6670 JavaThread "Unconstrained build operations Thread 40" [_thread_blocked, id=17996, stack(0x0000003804000000,0x0000003804100000)]
  0x000001af851b6b40 JavaThread "Unconstrained build operations Thread 41" [_thread_blocked, id=2348, stack(0x0000003804100000,0x0000003804200000)]
  0x000001af851b7010 JavaThread "Unconstrained build operations Thread 42" [_thread_blocked, id=22732, stack(0x0000003804200000,0x0000003804300000)]
  0x000001af851b74e0 JavaThread "Unconstrained build operations Thread 43" [_thread_blocked, id=11728, stack(0x0000003804300000,0x0000003804400000)]
  0x000001af851b3b20 JavaThread "Unconstrained build operations Thread 44" [_thread_blocked, id=4848, stack(0x0000003804400000,0x0000003804500000)]
  0x000001af851b79b0 JavaThread "Unconstrained build operations Thread 45" [_thread_blocked, id=6100, stack(0x0000003804500000,0x0000003804600000)]
  0x000001af851b7e80 JavaThread "Unconstrained build operations Thread 46" [_thread_blocked, id=21760, stack(0x0000003804600000,0x0000003804700000)]
  0x000001af851b44c0 JavaThread "Unconstrained build operations Thread 47" [_thread_blocked, id=13504, stack(0x0000003804700000,0x0000003804800000)]
  0x000001af851b8350 JavaThread "Unconstrained build operations Thread 48" [_thread_blocked, id=22224, stack(0x0000003804800000,0x0000003804900000)]
  0x000001af851b8820 JavaThread "Unconstrained build operations Thread 49" [_thread_blocked, id=17580, stack(0x0000003804900000,0x0000003804a00000)]
  0x000001af894c7f50 JavaThread "Unconstrained build operations Thread 50" [_thread_blocked, id=22000, stack(0x0000003804a00000,0x0000003804b00000)]
  0x000001af894ca5d0 JavaThread "Unconstrained build operations Thread 51" [_thread_blocked, id=21156, stack(0x0000003804b00000,0x0000003804c00000)]
  0x000001af894c9c30 JavaThread "Unconstrained build operations Thread 52" [_thread_blocked, id=8900, stack(0x0000003804c00000,0x0000003804d00000)]
  0x000001af894ca100 JavaThread "Unconstrained build operations Thread 53" [_thread_blocked, id=18356, stack(0x0000003804d00000,0x0000003804e00000)]
  0x000001af894c8dc0 JavaThread "Unconstrained build operations Thread 54" [_thread_blocked, id=12280, stack(0x0000003804e00000,0x0000003804f00000)]
  0x000001af894caf70 JavaThread "Unconstrained build operations Thread 55" [_thread_blocked, id=23096, stack(0x0000003804f00000,0x0000003805000000)]
  0x000001af894caaa0 JavaThread "Unconstrained build operations Thread 56" [_thread_blocked, id=6128, stack(0x0000003805000000,0x0000003805100000)]
  0x000001af894cb440 JavaThread "Unconstrained build operations Thread 57" [_thread_blocked, id=23020, stack(0x0000003805100000,0x0000003805200000)]
  0x000001af894c7a80 JavaThread "Unconstrained build operations Thread 58" [_thread_blocked, id=19560, stack(0x0000003805200000,0x0000003805300000)]
  0x000001af894cb910 JavaThread "Unconstrained build operations Thread 59" [_thread_blocked, id=10000, stack(0x0000003805300000,0x0000003805400000)]
  0x000001af894c9290 JavaThread "Unconstrained build operations Thread 60" [_thread_blocked, id=26392, stack(0x0000003805400000,0x0000003805500000)]
  0x000001af894cbde0 JavaThread "Unconstrained build operations Thread 61" [_thread_blocked, id=24408, stack(0x0000003805500000,0x0000003805600000)]
  0x000001af894c8420 JavaThread "Unconstrained build operations Thread 62" [_thread_blocked, id=22512, stack(0x0000003805600000,0x0000003805700000)]
  0x000001af894cc2b0 JavaThread "Unconstrained build operations Thread 63" [_thread_blocked, id=10376, stack(0x0000003805700000,0x0000003805800000)]
  0x000001af894c88f0 JavaThread "Unconstrained build operations Thread 64" [_thread_blocked, id=19648, stack(0x0000003805800000,0x0000003805900000)]
  0x000001af894cc780 JavaThread "Unconstrained build operations Thread 65" [_thread_blocked, id=23436, stack(0x0000003805900000,0x0000003805a00000)]
  0x000001af894ccc50 JavaThread "Unconstrained build operations Thread 66" [_thread_blocked, id=20784, stack(0x0000003805a00000,0x0000003805b00000)]
  0x000001af894cd120 JavaThread "Unconstrained build operations Thread 67" [_thread_blocked, id=21552, stack(0x0000003805b00000,0x0000003805c00000)]
  0x000001af894c9760 JavaThread "Unconstrained build operations Thread 68" [_thread_blocked, id=10540, stack(0x0000003805c00000,0x0000003805d00000)]
  0x000001af894cdac0 JavaThread "Unconstrained build operations Thread 69" [_thread_blocked, id=25484, stack(0x0000003805d00000,0x0000003805e00000)]
  0x000001af894cdf90 JavaThread "Unconstrained build operations Thread 70" [_thread_blocked, id=14176, stack(0x0000003805e00000,0x0000003805f00000)]
  0x000001af894cee00 JavaThread "Unconstrained build operations Thread 71" [_thread_blocked, id=25648, stack(0x0000003805f00000,0x0000003806000000)]
  0x000001af894ce930 JavaThread "Unconstrained build operations Thread 72" [_thread_blocked, id=17852, stack(0x0000003806000000,0x0000003806100000)]
  0x000001af894cd5f0 JavaThread "Unconstrained build operations Thread 73" [_thread_blocked, id=24580, stack(0x0000003806100000,0x0000003806200000)]
  0x000001af894ce460 JavaThread "Unconstrained build operations Thread 74" [_thread_blocked, id=21544, stack(0x0000003806200000,0x0000003806300000)]
  0x000001af894cf2d0 JavaThread "Unconstrained build operations Thread 75" [_thread_blocked, id=23208, stack(0x0000003806300000,0x0000003806400000)]
  0x000001af85aebfd0 JavaThread "Unconstrained build operations Thread 76" [_thread_blocked, id=24404, stack(0x0000003806400000,0x0000003806500000)]
  0x000001af85aebb00 JavaThread "Unconstrained build operations Thread 77" [_thread_blocked, id=6028, stack(0x0000003806500000,0x0000003806600000)]
  0x000001af85aed310 JavaThread "Unconstrained build operations Thread 78" [_thread_blocked, id=19052, stack(0x0000003806600000,0x0000003806700000)]
  0x000001af85aece40 JavaThread "Unconstrained build operations Thread 79" [_thread_blocked, id=16948, stack(0x0000003806700000,0x0000003806800000)]
  0x000001af85aec4a0 JavaThread "Unconstrained build operations Thread 80" [_thread_blocked, id=11420, stack(0x0000003806800000,0x0000003806900000)]
  0x000001af85aec970 JavaThread "Unconstrained build operations Thread 81" [_thread_blocked, id=22004, stack(0x0000003806900000,0x0000003806a00000)]
  0x000001af85aed7e0 JavaThread "Unconstrained build operations Thread 82" [_thread_blocked, id=19728, stack(0x0000003806a00000,0x0000003806b00000)]
  0x000001af85aeeb20 JavaThread "Unconstrained build operations Thread 83" [_thread_blocked, id=26288, stack(0x0000003806b00000,0x0000003806c00000)]
  0x000001af85aedcb0 JavaThread "Unconstrained build operations Thread 84" [_thread_blocked, id=4420, stack(0x0000003806c00000,0x0000003806d00000)]
  0x000001af85aeb630 JavaThread "Unconstrained build operations Thread 85" [_thread_blocked, id=22036, stack(0x0000003806d00000,0x0000003806e00000)]
  0x000001af85aef4c0 JavaThread "Unconstrained build operations Thread 86" [_thread_blocked, id=14864, stack(0x0000003806e00000,0x0000003806f00000)]
  0x000001af85af1670 JavaThread "Unconstrained build operations Thread 87" [_thread_blocked, id=7796, stack(0x0000003806f00000,0x0000003807000000)]
  0x000001af85aee650 JavaThread "Unconstrained build operations Thread 88" [_thread_blocked, id=10992, stack(0x0000003807000000,0x0000003807100000)]
  0x000001af85aefe60 JavaThread "Unconstrained build operations Thread 89" [_thread_blocked, id=4628, stack(0x0000003807100000,0x0000003807200000)]
  0x000001af85af0800 JavaThread "Unconstrained build operations Thread 90" [_thread_blocked, id=21692, stack(0x0000003807200000,0x0000003807300000)]
  0x000001af85af11a0 JavaThread "Unconstrained build operations Thread 91" [_thread_blocked, id=18048, stack(0x0000003807300000,0x0000003807400000)]
  0x000001af85aeeff0 JavaThread "Unconstrained build operations Thread 92" [_thread_blocked, id=6156, stack(0x0000003807400000,0x0000003807500000)]
  0x000001af85af1b40 JavaThread "Unconstrained build operations Thread 93" [_thread_blocked, id=13252, stack(0x0000003807500000,0x0000003807600000)]
  0x000001af85aef990 JavaThread "Unconstrained build operations Thread 94" [_thread_blocked, id=26328, stack(0x0000003807600000,0x0000003807700000)]
  0x000001af85af0330 JavaThread "Unconstrained build operations Thread 95" [_thread_blocked, id=19692, stack(0x0000003807700000,0x0000003807800000)]
  0x000001af85af0cd0 JavaThread "Unconstrained build operations Thread 96" [_thread_blocked, id=19444, stack(0x0000003807800000,0x0000003807900000)]
  0x000001af85aee180 JavaThread "Unconstrained build operations Thread 97" [_thread_blocked, id=19808, stack(0x0000003807900000,0x0000003807a00000)]
  0x000001af85af2010 JavaThread "Unconstrained build operations Thread 98" [_thread_blocked, id=5824, stack(0x0000003807a00000,0x0000003807b00000)]
  0x000001af85af24e0 JavaThread "Unconstrained build operations Thread 99" [_thread_blocked, id=24924, stack(0x0000003807b00000,0x0000003807c00000)]
  0x000001af85af29b0 JavaThread "Unconstrained build operations Thread 100" [_thread_blocked, id=1448, stack(0x0000003807c00000,0x0000003807d00000)]
  0x000001af85af2e80 JavaThread "Unconstrained build operations Thread 101" [_thread_blocked, id=25488, stack(0x0000003807d00000,0x0000003807e00000)]
  0x000001af871d5490 JavaThread "Unconstrained build operations Thread 102" [_thread_blocked, id=6636, stack(0x0000003807e00000,0x0000003807f00000)]
  0x000001af871d5960 JavaThread "Unconstrained build operations Thread 103" [_thread_blocked, id=16528, stack(0x0000003807f00000,0x0000003808000000)]
  0x000001af871d6300 JavaThread "Unconstrained build operations Thread 104" [_thread_blocked, id=24188, stack(0x0000003808000000,0x0000003808100000)]
  0x000001af871d4620 JavaThread "Unconstrained build operations Thread 105" [_thread_blocked, id=12468, stack(0x0000003808100000,0x0000003808200000)]
  0x000001af871d4150 JavaThread "Unconstrained build operations Thread 106" [_thread_blocked, id=4832, stack(0x0000003808200000,0x0000003808300000)]
  0x000001af871d67d0 JavaThread "Unconstrained build operations Thread 107" [_thread_blocked, id=3616, stack(0x0000003808300000,0x0000003808400000)]
  0x000001af871d37b0 JavaThread "Unconstrained build operations Thread 108" [_thread_blocked, id=17688, stack(0x0000003808400000,0x0000003808500000)]
  0x000001af871d4fc0 JavaThread "Unconstrained build operations Thread 109" [_thread_blocked, id=18536, stack(0x0000003808500000,0x0000003808600000)]
  0x000001af871d5e30 JavaThread "Unconstrained build operations Thread 110" [_thread_blocked, id=20592, stack(0x0000003808600000,0x0000003808700000)]
  0x000001af871d6ca0 JavaThread "Unconstrained build operations Thread 111" [_thread_blocked, id=20740, stack(0x0000003808700000,0x0000003808800000)]
  0x000001af871d32e0 JavaThread "Unconstrained build operations Thread 112" [_thread_blocked, id=6588, stack(0x0000003808800000,0x0000003808900000)]
  0x000001af871d7170 JavaThread "Unconstrained build operations Thread 113" [_thread_blocked, id=3316, stack(0x0000003808900000,0x0000003808a00000)]
  0x000001af871d7640 JavaThread "Unconstrained build operations Thread 114" [_thread_blocked, id=22956, stack(0x0000003808a00000,0x0000003808b00000)]
  0x000001af871d3c80 JavaThread "Unconstrained build operations Thread 115" [_thread_blocked, id=21292, stack(0x0000003808b00000,0x0000003808c00000)]
  0x000001af871d7b10 JavaThread "Unconstrained build operations Thread 116" [_thread_blocked, id=5492, stack(0x0000003808c00000,0x0000003808d00000)]
  0x000001af871d7fe0 JavaThread "Unconstrained build operations Thread 117" [_thread_blocked, id=12188, stack(0x0000003808d00000,0x0000003808e00000)]
  0x000001af871d84b0 JavaThread "Unconstrained build operations Thread 118" [_thread_blocked, id=15200, stack(0x0000003808e00000,0x0000003808f00000)]
  0x000001af871d4af0 JavaThread "Unconstrained build operations Thread 119" [_thread_blocked, id=13100, stack(0x0000003808f00000,0x0000003809000000)]
  0x000001af871da190 JavaThread "Unconstrained build operations Thread 120" [_thread_blocked, id=1540, stack(0x0000003809000000,0x0000003809100000)]
  0x000001af871d8980 JavaThread "jar transforms Thread 6" [_thread_blocked, id=14304, stack(0x0000003809100000,0x0000003809200000)]
  0x000001af871d8e50 JavaThread "jar transforms Thread 7" [_thread_blocked, id=8512, stack(0x0000003809200000,0x0000003809300000)]
  0x000001af871d9320 JavaThread "jar transforms Thread 8" [_thread_blocked, id=20500, stack(0x0000003809300000,0x0000003809400000)]
  0x000001af871d97f0 JavaThread "jar transforms Thread 9" [_thread_blocked, id=14380, stack(0x0000003809400000,0x0000003809500000)]
  0x000001af871dab30 JavaThread "jar transforms Thread 10" [_thread_blocked, id=22552, stack(0x0000003809500000,0x0000003809600000)]
  0x000001af871d9cc0 JavaThread "jar transforms Thread 11" [_thread_blocked, id=8452, stack(0x0000003809600000,0x0000003809700000)]
  0x000001af871da660 JavaThread "jar transforms Thread 12" [_thread_blocked, id=11284, stack(0x0000003809700000,0x0000003809800000)]
  0x000001af89473410 JavaThread "build event listener" [_thread_blocked, id=3776, stack(0x0000003800800000,0x0000003800900000)]
  0x000001af89471c00 JavaThread "Memory manager" [_thread_blocked, id=16084, stack(0x0000003809800000,0x0000003809900000)]
  0x000001af84a2ffd0 JavaThread "C2 CompilerThread2" daemon [_thread_in_native, id=4740, stack(0x0000003809900000,0x0000003809a00000)]

Other Threads:
  0x000001af848529e0 VMThread "VM Thread" [stack: 0x000000387e200000,0x000000387e300000] [id=24020]
  0x000001afe91d95a0 WatcherThread [stack: 0x000000387ee00000,0x000000387ef00000] [id=1088]
  0x000001afe91b31b0 GCTaskThread "GC Thread#0" [stack: 0x000000387dd00000,0x000000387de00000] [id=16436]
  0x000001af8582f390 GCTaskThread "GC Thread#1" [stack: 0x000000387f000000,0x000000387f100000] [id=17032]
  0x000001af8582f640 GCTaskThread "GC Thread#2" [stack: 0x000000387f100000,0x000000387f200000] [id=4324]
  0x000001af85a13c90 GCTaskThread "GC Thread#3" [stack: 0x000000387f200000,0x000000387f300000] [id=7724]
  0x000001af85a13f40 GCTaskThread "GC Thread#4" [stack: 0x000000387f300000,0x000000387f400000] [id=20892]
  0x000001af856817e0 GCTaskThread "GC Thread#5" [stack: 0x000000387f400000,0x000000387f500000] [id=11176]
  0x000001af87d0dd00 GCTaskThread "GC Thread#6" [stack: 0x000000387fe00000,0x000000387ff00000] [id=24156]
  0x000001af8790b5b0 GCTaskThread "GC Thread#7" [stack: 0x000000387ff00000,0x0000003880000000] [id=24276]
  0x000001af87297d60 GCTaskThread "GC Thread#8" [stack: 0x0000003800000000,0x0000003800100000] [id=16328]
  0x000001af8743dd40 GCTaskThread "GC Thread#9" [stack: 0x0000003800100000,0x0000003800200000] [id=16076]
  0x000001afe91c4cd0 ConcurrentGCThread "G1 Main Marker" [stack: 0x000000387de00000,0x000000387df00000] [id=24668]
  0x000001afe91c64a0 ConcurrentGCThread "G1 Conc#0" [stack: 0x000000387df00000,0x000000387e000000] [id=21572]
  0x000001af87786250 ConcurrentGCThread "G1 Conc#1" [stack: 0x0000003800200000,0x0000003800300000] [id=16552]
  0x000001af85e50ec0 ConcurrentGCThread "G1 Conc#2" [stack: 0x0000003800300000,0x0000003800400000] [id=20008]
  0x000001afe920d610 ConcurrentGCThread "G1 Refine#0" [stack: 0x000000387e000000,0x000000387e100000] [id=17596]
  0x000001af89346470 ConcurrentGCThread "G1 Refine#1" [stack: 0x0000003809a00000,0x0000003809b00000] [id=26284]
  0x000001af893458f0 ConcurrentGCThread "G1 Refine#2" [stack: 0x0000003809b00000,0x0000003809c00000] [id=12668]
  0x000001afe920dde0 ConcurrentGCThread "G1 Service" [stack: 0x000000387e100000,0x000000387e200000] [id=4244]

Threads with active compile tasks:
C2 CompilerThread0    12872 8886       4       java.beans.Introspector::addMethod (196 bytes)
C2 CompilerThread1    12872 8761   !   4       java.net.URLClassLoader::findClass (47 bytes)
C2 CompilerThread2    12872 8888       4       groovy.lang.MetaClassImpl::createMetaBeanProperty (35 bytes)

VM state: not at safepoint (normal execution)

VM Mutex/Monitor currently owned by a thread: None

Heap address: 0x0000000080000000, size: 2048 MB, Compressed Oops mode: 32-bit

CDS archive(s) not mapped
Compressed class space mapped at: 0x0000000100000000-0x0000000140000000, reserved size: 1073741824
Narrow klass base: 0x0000000000000000, Narrow klass shift: 3, Narrow klass range: 0x140000000

GC Precious Log:
 CPUs: 12 total, 12 available
 Memory: 16016M
 Large Page Support: Disabled
 NUMA Support: Disabled
 Compressed Oops: Enabled (32-bit)
 Heap Region Size: 1M
 Heap Min Capacity: 8M
 Heap Initial Capacity: 252M
 Heap Max Capacity: 2G
 Pre-touch: Disabled
 Parallel Workers: 10
 Concurrent Workers: 3
 Concurrent Refinement Workers: 10
 Periodic GC: Disabled

Heap:
 garbage-first heap   total 125952K, used 87424K [0x0000000080000000, 0x0000000100000000)
  region size 1024K, 25 young (25600K), 6 survivors (6144K)
 Metaspace       used 87981K, committed 88640K, reserved 1130496K
  class space    used 12024K, committed 12352K, reserved 1048576K

Heap Regions: E=young(eden), S=young(survivor), O=old, HS=humongous(starts), HC=humongous(continues), CS=collection set, F=free, OA=open archive, CA=closed archive, TAMS=top-at-mark-start (previous, next)
|   0|0x0000000080000000, 0x0000000080100000, 0x0000000080100000|100%|HS|  |TAMS 0x0000000080100000, 0x0000000080000000| Complete 
|   1|0x0000000080100000, 0x0000000080200000, 0x0000000080200000|100%|HC|  |TAMS 0x0000000080200000, 0x0000000080100000| Complete 
|   2|0x0000000080200000, 0x0000000080300000, 0x0000000080300000|100%|HC|  |TAMS 0x0000000080300000, 0x0000000080200000| Complete 
|   3|0x0000000080300000, 0x0000000080400000, 0x0000000080400000|100%|HC|  |TAMS 0x0000000080400000, 0x0000000080300000| Complete 
|   4|0x0000000080400000, 0x0000000080500000, 0x0000000080500000|100%| O|  |TAMS 0x0000000080500000, 0x0000000080400000| Untracked 
|   5|0x0000000080500000, 0x0000000080600000, 0x0000000080600000|100%| O|  |TAMS 0x0000000080600000, 0x0000000080500000| Untracked 
|   6|0x0000000080600000, 0x0000000080700000, 0x0000000080700000|100%| O|  |TAMS 0x0000000080700000, 0x0000000080600000| Untracked 
|   7|0x0000000080700000, 0x0000000080800000, 0x0000000080800000|100%| O|  |TAMS 0x0000000080800000, 0x0000000080700000| Untracked 
|   8|0x0000000080800000, 0x0000000080900000, 0x0000000080900000|100%| O|  |TAMS 0x0000000080900000, 0x0000000080800000| Untracked 
|   9|0x0000000080900000, 0x0000000080a00000, 0x0000000080a00000|100%| O|  |TAMS 0x0000000080a00000, 0x0000000080900000| Untracked 
|  10|0x0000000080a00000, 0x0000000080b00000, 0x0000000080b00000|100%| O|  |TAMS 0x0000000080b00000, 0x0000000080a00000| Untracked 
|  11|0x0000000080b00000, 0x0000000080c00000, 0x0000000080c00000|100%| O|  |TAMS 0x0000000080c00000, 0x0000000080b00000| Untracked 
|  12|0x0000000080c00000, 0x0000000080d00000, 0x0000000080d00000|100%| O|  |TAMS 0x0000000080d00000, 0x0000000080c00000| Untracked 
|  13|0x0000000080d00000, 0x0000000080e00000, 0x0000000080e00000|100%| O|  |TAMS 0x0000000080e00000, 0x0000000080d00000| Untracked 
|  14|0x0000000080e00000, 0x0000000080f00000, 0x0000000080f00000|100%| O|  |TAMS 0x0000000080f00000, 0x0000000080e00000| Untracked 
|  15|0x0000000080f00000, 0x0000000081000000, 0x0000000081000000|100%| O|  |TAMS 0x0000000081000000, 0x0000000080f00000| Untracked 
|  16|0x0000000081000000, 0x0000000081100000, 0x0000000081100000|100%| O|  |TAMS 0x0000000081100000, 0x0000000081000000| Untracked 
|  17|0x0000000081100000, 0x0000000081200000, 0x0000000081200000|100%| O|  |TAMS 0x0000000081200000, 0x0000000081100000| Untracked 
|  18|0x0000000081200000, 0x0000000081300000, 0x0000000081300000|100%| O|  |TAMS 0x0000000081300000, 0x0000000081200000| Untracked 
|  19|0x0000000081300000, 0x0000000081400000, 0x0000000081400000|100%| O|  |TAMS 0x0000000081400000, 0x0000000081300000| Untracked 
|  20|0x0000000081400000, 0x0000000081500000, 0x0000000081500000|100%| O|  |TAMS 0x0000000081500000, 0x0000000081400000| Untracked 
|  21|0x0000000081500000, 0x0000000081600000, 0x0000000081600000|100%| O|  |TAMS 0x0000000081600000, 0x0000000081500000| Untracked 
|  22|0x0000000081600000, 0x0000000081700000, 0x0000000081700000|100%| O|  |TAMS 0x0000000081700000, 0x0000000081600000| Untracked 
|  23|0x0000000081700000, 0x0000000081800000, 0x0000000081800000|100%| O|  |TAMS 0x0000000081800000, 0x0000000081700000| Complete 
|  24|0x0000000081800000, 0x0000000081900000, 0x0000000081900000|100%| O|  |TAMS 0x0000000081900000, 0x0000000081800000| Untracked 
|  25|0x0000000081900000, 0x0000000081a00000, 0x0000000081a00000|100%| O|  |TAMS 0x0000000081a00000, 0x0000000081900000| Untracked 
|  26|0x0000000081a00000, 0x0000000081b00000, 0x0000000081b00000|100%| O|  |TAMS 0x0000000081b00000, 0x0000000081a00000| Untracked 
|  27|0x0000000081b00000, 0x0000000081c00000, 0x0000000081c00000|100%| O|  |TAMS 0x0000000081c00000, 0x0000000081b00000| Untracked 
|  28|0x0000000081c00000, 0x0000000081d00000, 0x0000000081d00000|100%| O|  |TAMS 0x0000000081d00000, 0x0000000081c00000| Untracked 
|  29|0x0000000081d00000, 0x0000000081e00000, 0x0000000081e00000|100%| O|  |TAMS 0x0000000081e00000, 0x0000000081d00000| Untracked 
|  30|0x0000000081e00000, 0x0000000081f00000, 0x0000000081f00000|100%| O|  |TAMS 0x0000000081f00000, 0x0000000081e00000| Untracked 
|  31|0x0000000081f00000, 0x0000000082000000, 0x0000000082000000|100%| O|  |TAMS 0x0000000082000000, 0x0000000081f00000| Untracked 
|  32|0x0000000082000000, 0x0000000082100000, 0x0000000082100000|100%|HS|  |TAMS 0x0000000082100000, 0x0000000082000000| Complete 
|  33|0x0000000082100000, 0x0000000082200000, 0x0000000082200000|100%|HS|  |TAMS 0x0000000082200000, 0x0000000082100000| Complete 
|  34|0x0000000082200000, 0x0000000082300000, 0x0000000082300000|100%|HS|  |TAMS 0x0000000082300000, 0x0000000082200000| Complete 
|  35|0x0000000082300000, 0x0000000082400000, 0x0000000082400000|100%| O|  |TAMS 0x0000000082400000, 0x0000000082300000| Untracked 
|  36|0x0000000082400000, 0x0000000082500000, 0x0000000082500000|100%| O|  |TAMS 0x0000000082500000, 0x0000000082400000| Untracked 
|  37|0x0000000082500000, 0x0000000082600000, 0x0000000082600000|100%| O|  |TAMS 0x0000000082600000, 0x0000000082500000| Untracked 
|  38|0x0000000082600000, 0x0000000082700000, 0x0000000082700000|100%| O|  |TAMS 0x0000000082700000, 0x0000000082600000| Untracked 
|  39|0x0000000082700000, 0x0000000082800000, 0x0000000082800000|100%| O|  |TAMS 0x0000000082800000, 0x0000000082700000| Untracked 
|  40|0x0000000082800000, 0x0000000082900000, 0x0000000082900000|100%| O|  |TAMS 0x0000000082900000, 0x0000000082800000| Untracked 
|  41|0x0000000082900000, 0x0000000082a00000, 0x0000000082a00000|100%| O|  |TAMS 0x0000000082a00000, 0x0000000082900000| Untracked 
|  42|0x0000000082a00000, 0x0000000082b00000, 0x0000000082b00000|100%| O|  |TAMS 0x0000000082b00000, 0x0000000082a00000| Untracked 
|  43|0x0000000082b00000, 0x0000000082c00000, 0x0000000082c00000|100%| O|  |TAMS 0x0000000082c00000, 0x0000000082b00000| Untracked 
|  44|0x0000000082c00000, 0x0000000082d00000, 0x0000000082d00000|100%| O|  |TAMS 0x0000000082d00000, 0x0000000082c00000| Untracked 
|  45|0x0000000082d00000, 0x0000000082e00000, 0x0000000082e00000|100%| O|  |TAMS 0x0000000082e00000, 0x0000000082d00000| Untracked 
|  46|0x0000000082e00000, 0x0000000082f00000, 0x0000000082f00000|100%| O|  |TAMS 0x0000000082f00000, 0x0000000082e00000| Untracked 
|  47|0x0000000082f00000, 0x0000000083000000, 0x0000000083000000|100%| O|  |TAMS 0x0000000083000000, 0x0000000082f00000| Untracked 
|  48|0x0000000083000000, 0x0000000083100000, 0x0000000083100000|100%| O|  |TAMS 0x0000000083100000, 0x0000000083000000| Untracked 
|  49|0x0000000083100000, 0x0000000083200000, 0x0000000083200000|100%| O|  |TAMS 0x0000000083200000, 0x0000000083100000| Untracked 
|  50|0x0000000083200000, 0x0000000083300000, 0x0000000083300000|100%| O|  |TAMS 0x0000000083300000, 0x0000000083200000| Untracked 
|  51|0x0000000083300000, 0x0000000083400000, 0x0000000083400000|100%| O|  |TAMS 0x0000000083400000, 0x0000000083300000| Untracked 
|  52|0x0000000083400000, 0x0000000083500000, 0x0000000083500000|100%| O|  |TAMS 0x0000000083500000, 0x0000000083400000| Untracked 
|  53|0x0000000083500000, 0x0000000083600000, 0x0000000083600000|100%| O|  |TAMS 0x0000000083600000, 0x0000000083500000| Untracked 
|  54|0x0000000083600000, 0x0000000083700000, 0x0000000083700000|100%| O|  |TAMS 0x0000000083700000, 0x0000000083600000| Untracked 
|  55|0x0000000083700000, 0x0000000083800000, 0x0000000083800000|100%| O|  |TAMS 0x0000000083800000, 0x0000000083700000| Untracked 
|  56|0x0000000083800000, 0x0000000083900000, 0x0000000083900000|100%| O|  |TAMS 0x000000008388aa00, 0x0000000083800000| Untracked 
|  57|0x0000000083900000, 0x0000000083a00000, 0x0000000083a00000|100%| O|  |TAMS 0x0000000083900000, 0x0000000083900000| Untracked 
|  58|0x0000000083a00000, 0x0000000083b00000, 0x0000000083b00000|100%| O|  |TAMS 0x0000000083a00000, 0x0000000083a00000| Untracked 
|  59|0x0000000083b00000, 0x0000000083c00000, 0x0000000083c00000|100%| O|  |TAMS 0x0000000083b00000, 0x0000000083b00000| Untracked 
|  60|0x0000000083c00000, 0x0000000083d00000, 0x0000000083d00000|100%| O|  |TAMS 0x0000000083c00000, 0x0000000083c00000| Untracked 
|  61|0x0000000083d00000, 0x0000000083d60200, 0x0000000083e00000| 37%| O|  |TAMS 0x0000000083d00000, 0x0000000083d00000| Untracked 
|  62|0x0000000083e00000, 0x0000000083e00000, 0x0000000083f00000|  0%| F|  |TAMS 0x0000000083e00000, 0x0000000083e00000| Untracked 
|  63|0x0000000083f00000, 0x0000000083f00000, 0x0000000084000000|  0%| F|  |TAMS 0x0000000083f00000, 0x0000000083f00000| Untracked 
|  64|0x0000000084000000, 0x0000000084000000, 0x0000000084100000|  0%| F|  |TAMS 0x0000000084000000, 0x0000000084000000| Untracked 
|  65|0x0000000084100000, 0x0000000084100000, 0x0000000084200000|  0%| F|  |TAMS 0x0000000084100000, 0x0000000084100000| Untracked 
|  66|0x0000000084200000, 0x0000000084200000, 0x0000000084300000|  0%| F|  |TAMS 0x0000000084200000, 0x0000000084200000| Untracked 
|  67|0x0000000084300000, 0x0000000084300000, 0x0000000084400000|  0%| F|  |TAMS 0x0000000084300000, 0x0000000084300000| Untracked 
|  68|0x0000000084400000, 0x0000000084400000, 0x0000000084500000|  0%| F|  |TAMS 0x0000000084400000, 0x0000000084400000| Untracked 
|  69|0x0000000084500000, 0x0000000084500000, 0x0000000084600000|  0%| F|  |TAMS 0x0000000084500000, 0x0000000084500000| Untracked 
|  70|0x0000000084600000, 0x0000000084600000, 0x0000000084700000|  0%| F|  |TAMS 0x0000000084600000, 0x0000000084600000| Untracked 
|  71|0x0000000084700000, 0x0000000084700000, 0x0000000084800000|  0%| F|  |TAMS 0x0000000084700000, 0x0000000084700000| Untracked 
|  72|0x0000000084800000, 0x0000000084800000, 0x0000000084900000|  0%| F|  |TAMS 0x0000000084800000, 0x0000000084800000| Untracked 
|  73|0x0000000084900000, 0x0000000084900000, 0x0000000084a00000|  0%| F|  |TAMS 0x0000000084900000, 0x0000000084900000| Untracked 
|  74|0x0000000084a00000, 0x0000000084a00000, 0x0000000084b00000|  0%| F|  |TAMS 0x0000000084a00000, 0x0000000084a00000| Untracked 
|  75|0x0000000084b00000, 0x0000000084b00000, 0x0000000084c00000|  0%| F|  |TAMS 0x0000000084b00000, 0x0000000084b00000| Untracked 
|  76|0x0000000084c00000, 0x0000000084c00000, 0x0000000084d00000|  0%| F|  |TAMS 0x0000000084c00000, 0x0000000084c00000| Untracked 
|  77|0x0000000084d00000, 0x0000000084d00000, 0x0000000084e00000|  0%| F|  |TAMS 0x0000000084d00000, 0x0000000084d00000| Untracked 
|  78|0x0000000084e00000, 0x0000000084e00000, 0x0000000084f00000|  0%| F|  |TAMS 0x0000000084e00000, 0x0000000084e00000| Untracked 
|  79|0x0000000084f00000, 0x0000000085000000, 0x0000000085000000|100%| S|CS|TAMS 0x0000000084f00000, 0x0000000084f00000| Complete 
|  80|0x0000000085000000, 0x0000000085100000, 0x0000000085100000|100%| S|CS|TAMS 0x0000000085000000, 0x0000000085000000| Complete 
|  81|0x0000000085100000, 0x0000000085200000, 0x0000000085200000|100%| S|CS|TAMS 0x0000000085100000, 0x0000000085100000| Complete 
|  82|0x0000000085200000, 0x0000000085300000, 0x0000000085300000|100%| S|CS|TAMS 0x0000000085200000, 0x0000000085200000| Complete 
|  83|0x0000000085300000, 0x0000000085300000, 0x0000000085400000|  0%| F|  |TAMS 0x0000000085300000, 0x0000000085300000| Untracked 
|  84|0x0000000085400000, 0x0000000085400000, 0x0000000085500000|  0%| F|  |TAMS 0x0000000085400000, 0x0000000085400000| Untracked 
|  85|0x0000000085500000, 0x0000000085500000, 0x0000000085600000|  0%| F|  |TAMS 0x0000000085500000, 0x0000000085500000| Untracked 
|  86|0x0000000085600000, 0x0000000085700000, 0x0000000085700000|100%| S|CS|TAMS 0x0000000085600000, 0x0000000085600000| Complete 
|  87|0x0000000085700000, 0x0000000085800000, 0x0000000085800000|100%| S|CS|TAMS 0x0000000085700000, 0x0000000085700000| Complete 
|  88|0x0000000085800000, 0x0000000085800000, 0x0000000085900000|  0%| F|  |TAMS 0x0000000085800000, 0x0000000085800000| Untracked 
|  89|0x0000000085900000, 0x0000000085900000, 0x0000000085a00000|  0%| F|  |TAMS 0x0000000085900000, 0x0000000085900000| Untracked 
|  90|0x0000000085a00000, 0x0000000085a00000, 0x0000000085b00000|  0%| F|  |TAMS 0x0000000085a00000, 0x0000000085a00000| Untracked 
|  91|0x0000000085b00000, 0x0000000085b00000, 0x0000000085c00000|  0%| F|  |TAMS 0x0000000085b00000, 0x0000000085b00000| Untracked 
|  92|0x0000000085c00000, 0x0000000085c00000, 0x0000000085d00000|  0%| F|  |TAMS 0x0000000085c00000, 0x0000000085c00000| Untracked 
|  93|0x0000000085d00000, 0x0000000085d00000, 0x0000000085e00000|  0%| F|  |TAMS 0x0000000085d00000, 0x0000000085d00000| Untracked 
|  94|0x0000000085e00000, 0x0000000085e00000, 0x0000000085f00000|  0%| F|  |TAMS 0x0000000085e00000, 0x0000000085e00000| Untracked 
|  95|0x0000000085f00000, 0x0000000085f00000, 0x0000000086000000|  0%| F|  |TAMS 0x0000000085f00000, 0x0000000085f00000| Untracked 
|  96|0x0000000086000000, 0x0000000086000000, 0x0000000086100000|  0%| F|  |TAMS 0x0000000086000000, 0x0000000086000000| Untracked 
|  97|0x0000000086100000, 0x0000000086100000, 0x0000000086200000|  0%| F|  |TAMS 0x0000000086100000, 0x0000000086100000| Untracked 
|  98|0x0000000086200000, 0x0000000086200000, 0x0000000086300000|  0%| F|  |TAMS 0x0000000086200000, 0x0000000086200000| Untracked 
|  99|0x0000000086300000, 0x0000000086300000, 0x0000000086400000|  0%| F|  |TAMS 0x0000000086300000, 0x0000000086300000| Untracked 
| 100|0x0000000086400000, 0x0000000086400000, 0x0000000086500000|  0%| F|  |TAMS 0x0000000086400000, 0x0000000086400000| Untracked 
| 101|0x0000000086500000, 0x0000000086500000, 0x0000000086600000|  0%| F|  |TAMS 0x0000000086500000, 0x0000000086500000| Untracked 
| 102|0x0000000086600000, 0x0000000086600000, 0x0000000086700000|  0%| F|  |TAMS 0x0000000086600000, 0x0000000086600000| Untracked 
| 103|0x0000000086700000, 0x0000000086700000, 0x0000000086800000|  0%| F|  |TAMS 0x0000000086700000, 0x0000000086700000| Untracked 
| 104|0x0000000086800000, 0x000000008685b020, 0x0000000086900000| 35%| E|  |TAMS 0x0000000086800000, 0x0000000086800000| Complete 
| 105|0x0000000086900000, 0x0000000086a00000, 0x0000000086a00000|100%| E|CS|TAMS 0x0000000086900000, 0x0000000086900000| Complete 
| 106|0x0000000086a00000, 0x0000000086b00000, 0x0000000086b00000|100%| E|CS|TAMS 0x0000000086a00000, 0x0000000086a00000| Complete 
| 107|0x0000000086b00000, 0x0000000086c00000, 0x0000000086c00000|100%| E|CS|TAMS 0x0000000086b00000, 0x0000000086b00000| Complete 
| 108|0x0000000086c00000, 0x0000000086d00000, 0x0000000086d00000|100%| E|CS|TAMS 0x0000000086c00000, 0x0000000086c00000| Complete 
| 109|0x0000000086d00000, 0x0000000086e00000, 0x0000000086e00000|100%| E|CS|TAMS 0x0000000086d00000, 0x0000000086d00000| Complete 
| 110|0x0000000086e00000, 0x0000000086f00000, 0x0000000086f00000|100%| E|CS|TAMS 0x0000000086e00000, 0x0000000086e00000| Complete 
| 111|0x0000000086f00000, 0x0000000087000000, 0x0000000087000000|100%| E|CS|TAMS 0x0000000086f00000, 0x0000000086f00000| Complete 
| 112|0x0000000087000000, 0x0000000087100000, 0x0000000087100000|100%| E|CS|TAMS 0x0000000087000000, 0x0000000087000000| Complete 
| 113|0x0000000087100000, 0x0000000087200000, 0x0000000087200000|100%| E|CS|TAMS 0x0000000087100000, 0x0000000087100000| Complete 
| 202|0x000000008ca00000, 0x000000008cb00000, 0x000000008cb00000|100%| E|CS|TAMS 0x000000008ca00000, 0x000000008ca00000| Complete 
| 203|0x000000008cb00000, 0x000000008cc00000, 0x000000008cc00000|100%| E|CS|TAMS 0x000000008cb00000, 0x000000008cb00000| Complete 
| 204|0x000000008cc00000, 0x000000008cd00000, 0x000000008cd00000|100%| E|CS|TAMS 0x000000008cc00000, 0x000000008cc00000| Complete 
| 205|0x000000008cd00000, 0x000000008ce00000, 0x000000008ce00000|100%| E|CS|TAMS 0x000000008cd00000, 0x000000008cd00000| Complete 
| 206|0x000000008ce00000, 0x000000008cf00000, 0x000000008cf00000|100%| E|CS|TAMS 0x000000008ce00000, 0x000000008ce00000| Complete 
| 207|0x000000008cf00000, 0x000000008d000000, 0x000000008d000000|100%| E|CS|TAMS 0x000000008cf00000, 0x000000008cf00000| Complete 
| 208|0x000000008d000000, 0x000000008d100000, 0x000000008d100000|100%| E|CS|TAMS 0x000000008d000000, 0x000000008d000000| Complete 
| 209|0x000000008d100000, 0x000000008d200000, 0x000000008d200000|100%| E|CS|TAMS 0x000000008d100000, 0x000000008d100000| Complete 
| 251|0x000000008fb00000, 0x000000008fc00000, 0x000000008fc00000|100%| E|CS|TAMS 0x000000008fb00000, 0x000000008fb00000| Complete 

Card table byte_map: [0x000001affbf70000,0x000001affc370000] _byte_map_base: 0x000001affbb70000

Marking Bits (Prev, Next): (CMBitMap*) 0x000001afe91b36d0, (CMBitMap*) 0x000001afe91b3710
 Prev Bits: [0x000001affc770000, 0x000001affe770000)
 Next Bits: [0x000001af80000000, 0x000001af82000000)

Polling page: 0x000001afe7060000

Metaspace:

Usage:
  Non-class:     74.21 MB used.
      Class:     11.75 MB used.
       Both:     85.96 MB used.

Virtual space:
  Non-class space:       80.00 MB reserved,      74.50 MB ( 93%) committed,  10 nodes.
      Class space:        1.00 GB reserved,      12.06 MB (  1%) committed,  1 nodes.
             Both:        1.08 GB reserved,      86.56 MB (  8%) committed. 

Chunk freelists:
   Non-Class:  1.14 MB
       Class:  3.91 MB
        Both:  5.05 MB

MaxMetaspaceSize: unlimited
CompressedClassSpaceSize: 1.00 GB
Initial GC threshold: 21.00 MB
Current GC threshold: 144.00 MB
CDS: off
MetaspaceReclaimPolicy: balanced
 - commit_granule_bytes: 65536.
 - commit_granule_words: 8192.
 - virtual_space_node_default_size: 1048576.
 - enlarge_chunks_in_place: 1.
 - new_chunks_are_fully_committed: 0.
 - uncommit_free_chunks: 1.
 - use_allocation_guard: 0.
 - handle_deallocations: 1.


Internal statistics:

num_allocs_failed_limit: 9.
num_arena_births: 884.
num_arena_deaths: 0.
num_vsnodes_births: 11.
num_vsnodes_deaths: 0.
num_space_committed: 1385.
num_space_uncommitted: 0.
num_chunks_returned_to_freelist: 9.
num_chunks_taken_from_freelist: 4011.
num_chunk_merges: 9.
num_chunk_splits: 2686.
num_chunks_enlarged: 1839.
num_purges: 0.
num_inconsistent_stats: 0.

CodeHeap 'non-profiled nmethods': size=120000Kb used=5094Kb max_used=5094Kb free=114905Kb
 bounds [0x000001aff40e0000, 0x000001aff45e0000, 0x000001affb610000]
CodeHeap 'profiled nmethods': size=120000Kb used=15727Kb max_used=15727Kb free=104272Kb
 bounds [0x000001afec610000, 0x000001afed570000, 0x000001aff3b40000]
CodeHeap 'non-nmethods': size=5760Kb used=2383Kb max_used=2429Kb free=3376Kb
 bounds [0x000001aff3b40000, 0x000001aff3db0000, 0x000001aff40e0000]
 total_blobs=9020 nmethods=8106 adapters=826
 compilation: enabled
              stopped_count=0, restarted_count=0
 full_count=0

Compilation events (20 events):
Event: 10.792 Thread 0x000001af848a4960 8903       3       java.util.stream.Nodes$SpinedNodeBuilder::asArray (29 bytes)
Event: 10.792 Thread 0x000001af848a4960 nmethod 8903 0x000001afed545990 code [0x000001afed545b40, 0x000001afed545c88]
Event: 10.792 Thread 0x000001af848a4960 8904       3       java.util.stream.SpinedBuffer::asArray (46 bytes)
Event: 10.792 Thread 0x000001af848a4960 nmethod 8904 0x000001afed545d10 code [0x000001afed545f00, 0x000001afed546508]
Event: 10.797 Thread 0x000001af848a4960 8905       3       java.beans.WeakIdentityMap::getIndex (7 bytes)
Event: 10.798 Thread 0x000001af848a4960 nmethod 8905 0x000001afed546710 code [0x000001afed5468a0, 0x000001afed546998]
Event: 10.800 Thread 0x000001af848a4960 8906       3       java.beans.Introspector::processPropertyDescriptors (964 bytes)
Event: 10.805 Thread 0x000001af848a4960 nmethod 8906 0x000001afed546a90 code [0x000001afed5473c0, 0x000001afed54df38]
Event: 10.805 Thread 0x000001af848a4960 8908       3       org.codehaus.groovy.reflection.CachedClass::<init> (247 bytes)
Event: 10.807 Thread 0x000001af848a4960 nmethod 8908 0x000001afed54f910 code [0x000001afed54fde0, 0x000001afed552b48]
Event: 10.807 Thread 0x000001af848a4960 8907       3       java.util.HashMap::keysToArray (81 bytes)
Event: 10.807 Thread 0x000001af848a4960 nmethod 8907 0x000001afed553610 code [0x000001afed5537e0, 0x000001afed553c98]
Event: 10.807 Thread 0x000001af848a4960 8910       3       java.util.ComparableTimSort::countRunAndMakeAscending (123 bytes)
Event: 10.807 Thread 0x000001af848a4960 nmethod 8910 0x000001afed553e90 code [0x000001afed5540c0, 0x000001afed554af8]
Event: 10.811 Thread 0x000001af848a4960 8911       3       com.sun.beans.introspect.PropertyInfo::get (499 bytes)
Event: 10.818 Thread 0x000001af848a4960 nmethod 8911 0x000001afed554e10 code [0x000001afed555920, 0x000001afed55d488]
Event: 10.818 Thread 0x000001af848a4960 8912       3       java.util.TimSort::reverseRange (32 bytes)
Event: 10.819 Thread 0x000001af848a4960 nmethod 8912 0x000001afed55f990 code [0x000001afed55fb60, 0x000001afed560038]
Event: 10.819 Thread 0x000001af848a4960 8914       3       java.beans.Introspector::addPropertyDescriptors (37 bytes)
Event: 10.819 Thread 0x000001af848a4960 nmethod 8914 0x000001afed560210 code [0x000001afed5603c0, 0x000001afed560628]

GC Heap History (20 events):
Event: 7.739 GC heap before
{Heap before GC invocations=17 (full 0):
 garbage-first heap   total 95232K, used 66680K [0x0000000080000000, 0x0000000100000000)
  region size 1024K, 23 young (23552K), 1 survivors (1024K)
 Metaspace       used 63789K, committed 64320K, reserved 1105920K
  class space    used 8479K, committed 8704K, reserved 1048576K
}
Event: 7.742 GC heap after
{Heap after GC invocations=18 (full 0):
 garbage-first heap   total 95232K, used 48272K [0x0000000080000000, 0x0000000100000000)
  region size 1024K, 4 young (4096K), 4 survivors (4096K)
 Metaspace       used 63789K, committed 64320K, reserved 1105920K
  class space    used 8479K, committed 8704K, reserved 1048576K
}
Event: 7.774 GC heap before
{Heap before GC invocations=19 (full 0):
 garbage-first heap   total 101376K, used 60560K [0x0000000080000000, 0x0000000100000000)
  region size 1024K, 13 young (13312K), 4 survivors (4096K)
 Metaspace       used 63792K, committed 64320K, reserved 1105920K
  class space    used 8479K, committed 8704K, reserved 1048576K
}
Event: 7.777 GC heap after
{Heap after GC invocations=20 (full 0):
 garbage-first heap   total 101376K, used 54260K [0x0000000080000000, 0x0000000100000000)
  region size 1024K, 4 young (4096K), 4 survivors (4096K)
 Metaspace       used 63792K, committed 64320K, reserved 1105920K
  class space    used 8479K, committed 8704K, reserved 1048576K
}
Event: 7.996 GC heap before
{Heap before GC invocations=21 (full 0):
 garbage-first heap   total 104448K, used 75764K [0x0000000080000000, 0x0000000100000000)
  region size 1024K, 23 young (23552K), 4 survivors (4096K)
 Metaspace       used 65617K, committed 66176K, reserved 1114112K
  class space    used 8723K, committed 8960K, reserved 1048576K
}
Event: 7.999 GC heap after
{Heap after GC invocations=22 (full 0):
 garbage-first heap   total 104448K, used 51327K [0x0000000080000000, 0x0000000100000000)
  region size 1024K, 2 young (2048K), 2 survivors (2048K)
 Metaspace       used 65617K, committed 66176K, reserved 1114112K
  class space    used 8723K, committed 8960K, reserved 1048576K
}
Event: 8.043 GC heap before
{Heap before GC invocations=22 (full 0):
 garbage-first heap   total 104448K, used 54399K [0x0000000080000000, 0x0000000100000000)
  region size 1024K, 5 young (5120K), 2 survivors (2048K)
 Metaspace       used 65857K, committed 66432K, reserved 1114112K
  class space    used 8754K, committed 9024K, reserved 1048576K
}
Event: 8.045 GC heap after
{Heap after GC invocations=23 (full 0):
 garbage-first heap   total 125952K, used 51407K [0x0000000080000000, 0x0000000100000000)
  region size 1024K, 1 young (1024K), 1 survivors (1024K)
 Metaspace       used 65857K, committed 66432K, reserved 1114112K
  class space    used 8754K, committed 9024K, reserved 1048576K
}
Event: 8.442 GC heap before
{Heap before GC invocations=23 (full 0):
 garbage-first heap   total 125952K, used 88271K [0x0000000080000000, 0x0000000100000000)
  region size 1024K, 37 young (37888K), 1 survivors (1024K)
 Metaspace       used 70352K, committed 70848K, reserved 1114112K
  class space    used 9356K, committed 9600K, reserved 1048576K
}
Event: 8.445 GC heap after
{Heap after GC invocations=24 (full 0):
 garbage-first heap   total 125952K, used 53379K [0x0000000080000000, 0x0000000100000000)
  region size 1024K, 3 young (3072K), 3 survivors (3072K)
 Metaspace       used 70352K, committed 70848K, reserved 1114112K
  class space    used 9356K, committed 9600K, reserved 1048576K
}
Event: 8.823 GC heap before
{Heap before GC invocations=24 (full 0):
 garbage-first heap   total 125952K, used 90243K [0x0000000080000000, 0x0000000100000000)
  region size 1024K, 40 young (40960K), 3 survivors (3072K)
 Metaspace       used 73825K, committed 74368K, reserved 1114112K
  class space    used 9827K, committed 10048K, reserved 1048576K
}
Event: 8.828 GC heap after
{Heap after GC invocations=25 (full 0):
 garbage-first heap   total 125952K, used 55983K [0x0000000080000000, 0x0000000100000000)
  region size 1024K, 5 young (5120K), 5 survivors (5120K)
 Metaspace       used 73825K, committed 74368K, reserved 1114112K
  class space    used 9827K, committed 10048K, reserved 1048576K
}
Event: 9.412 GC heap before
{Heap before GC invocations=25 (full 0):
 garbage-first heap   total 125952K, used 94895K [0x0000000080000000, 0x0000000100000000)
  region size 1024K, 42 young (43008K), 5 survivors (5120K)
 Metaspace       used 78418K, committed 78976K, reserved 1122304K
  class space    used 10636K, committed 10880K, reserved 1048576K
}
Event: 9.417 GC heap after
{Heap after GC invocations=26 (full 0):
 garbage-first heap   total 125952K, used 58017K [0x0000000080000000, 0x0000000100000000)
  region size 1024K, 5 young (5120K), 5 survivors (5120K)
 Metaspace       used 78418K, committed 78976K, reserved 1122304K
  class space    used 10636K, committed 10880K, reserved 1048576K
}
Event: 9.896 GC heap before
{Heap before GC invocations=26 (full 0):
 garbage-first heap   total 125952K, used 95905K [0x0000000080000000, 0x0000000100000000)
  region size 1024K, 42 young (43008K), 5 survivors (5120K)
 Metaspace       used 81868K, committed 82432K, reserved 1122304K
  class space    used 11155K, committed 11392K, reserved 1048576K
}
Event: 9.903 GC heap after
{Heap after GC invocations=27 (full 0):
 garbage-first heap   total 125952K, used 60887K [0x0000000080000000, 0x0000000100000000)
  region size 1024K, 5 young (5120K), 5 survivors (5120K)
 Metaspace       used 81868K, committed 82432K, reserved 1122304K
  class space    used 11155K, committed 11392K, reserved 1048576K
}
Event: 10.400 GC heap before
{Heap before GC invocations=27 (full 0):
 garbage-first heap   total 125952K, used 98775K [0x0000000080000000, 0x0000000100000000)
  region size 1024K, 42 young (43008K), 5 survivors (5120K)
 Metaspace       used 86778K, committed 87424K, reserved 1130496K
  class space    used 11866K, committed 12224K, reserved 1048576K
}
Event: 10.405 GC heap after
{Heap after GC invocations=28 (full 0):
 garbage-first heap   total 125952K, used 64042K [0x0000000080000000, 0x0000000100000000)
  region size 1024K, 6 young (6144K), 6 survivors (6144K)
 Metaspace       used 86778K, committed 87424K, reserved 1130496K
  class space    used 11866K, committed 12224K, reserved 1048576K
}
Event: 10.686 GC heap before
{Heap before GC invocations=28 (full 0):
 garbage-first heap   total 125952K, used 99882K [0x0000000080000000, 0x0000000100000000)
  region size 1024K, 41 young (41984K), 6 survivors (6144K)
 Metaspace       used 87810K, committed 88448K, reserved 1130496K
  class space    used 11994K, committed 12288K, reserved 1048576K
}
Event: 10.692 GC heap after
{Heap after GC invocations=29 (full 0):
 garbage-first heap   total 125952K, used 68992K [0x0000000080000000, 0x0000000100000000)
  region size 1024K, 6 young (6144K), 6 survivors (6144K)
 Metaspace       used 87810K, committed 88448K, reserved 1130496K
  class space    used 11994K, committed 12288K, reserved 1048576K
}

Dll operation events (2 events):
Event: 0.022 Loaded shared library C:\BTS\ANDROID\android-studio-girafe\android-studio-2022.3.1.19-windows\android-studio\jbr\bin\java.dll
Event: 0.455 Loaded shared library C:\BTS\ANDROID\android-studio-girafe\android-studio-2022.3.1.19-windows\android-studio\jbr\bin\verify.dll

Deoptimization events (20 events):
Event: 10.486 Thread 0x000001af856aeab0 Uncommon trap: trap_request=0xffffff45 fr.pc=0x000001aff444cfc8 relative=0x0000000000000608
Event: 10.486 Thread 0x000001af856aeab0 Uncommon trap: reason=unstable_if action=reinterpret pc=0x000001aff444cfc8 method=java.util.HashMap$HashIterator.<init>(Ljava/util/HashMap;)V @ 45 c2
Event: 10.486 Thread 0x000001af856aeab0 DEOPT PACKING pc=0x000001aff444cfc8 sp=0x000000387fafbaf0
Event: 10.486 Thread 0x000001af856aeab0 DEOPT UNPACKING pc=0x000001aff3b969a3 sp=0x000000387fafb980 mode 2
Event: 10.487 Thread 0x000001af856aeab0 Uncommon trap: trap_request=0xffffff45 fr.pc=0x000001aff4413c60 relative=0x0000000000000060
Event: 10.487 Thread 0x000001af856aeab0 Uncommon trap: reason=unstable_if action=reinterpret pc=0x000001aff4413c60 method=java.lang.Class.getComponentType()Ljava/lang/Class; @ 4 c2
Event: 10.487 Thread 0x000001af856aeab0 DEOPT PACKING pc=0x000001aff4413c60 sp=0x000000387fafa980
Event: 10.487 Thread 0x000001af856aeab0 DEOPT UNPACKING pc=0x000001aff3b969a3 sp=0x000000387fafa910 mode 2
Event: 10.494 Thread 0x000001af856aeab0 Uncommon trap: trap_request=0xffffff45 fr.pc=0x000001aff455b2e4 relative=0x00000000000000c4
Event: 10.494 Thread 0x000001af856aeab0 Uncommon trap: reason=unstable_if action=reinterpret pc=0x000001aff455b2e4 method=sun.reflect.generics.parser.SignatureParser.parseTypeSignature()Lsun/reflect/generics/tree/TypeSignature; @ 4 c2
Event: 10.494 Thread 0x000001af856aeab0 DEOPT PACKING pc=0x000001aff455b2e4 sp=0x000000387faf7ed0
Event: 10.494 Thread 0x000001af856aeab0 DEOPT UNPACKING pc=0x000001aff3b969a3 sp=0x000000387faf7e78 mode 2
Event: 10.558 Thread 0x000001af856aeab0 Uncommon trap: trap_request=0xffffff45 fr.pc=0x000001aff42fa590 relative=0x00000000000011d0
Event: 10.558 Thread 0x000001af856aeab0 Uncommon trap: reason=unstable_if action=reinterpret pc=0x000001aff42fa590 method=java.lang.ClassLoader.checkCerts(Ljava/lang/String;Ljava/security/CodeSource;)V @ 30 c2
Event: 10.558 Thread 0x000001af856aeab0 DEOPT PACKING pc=0x000001aff42fa590 sp=0x000000387faf76d0
Event: 10.558 Thread 0x000001af856aeab0 DEOPT UNPACKING pc=0x000001aff3b969a3 sp=0x000000387faf7648 mode 2
Event: 10.558 Thread 0x000001af856aeab0 Uncommon trap: trap_request=0xffffff45 fr.pc=0x000001aff4246354 relative=0x0000000000000ad4
Event: 10.558 Thread 0x000001af856aeab0 Uncommon trap: reason=unstable_if action=reinterpret pc=0x000001aff4246354 method=java.lang.ClassLoader.loadClass(Ljava/lang/String;Z)Ljava/lang/Class; @ 29 c2
Event: 10.558 Thread 0x000001af856aeab0 DEOPT PACKING pc=0x000001aff4246354 sp=0x000000387faf3780
Event: 10.558 Thread 0x000001af856aeab0 DEOPT UNPACKING pc=0x000001aff3b969a3 sp=0x000000387faf3748 mode 2

Classes unloaded (0 events):
No events

Classes redefined (0 events):
No events

Internal exceptions (20 events):
Event: 10.786 Thread 0x000001af856aeab0 Exception <a 'java/lang/ClassNotFoundException'{0x0000000086f46aa0}: com/android/build/gradle/internal/tasks/ValidateSigningTaskCustomizer> (0x0000000086f46aa0) 
thrown [s\src\hotspot\share\classfile\systemDictionary.cpp, line 256]
Event: 10.788 Thread 0x000001af856aeab0 Exception <a 'java/lang/ClassNotFoundException'{0x0000000086f66540}: com/android/build/gradle/internal/tasks/ValidateSigningTask_DecoratedCustomizer> (0x0000000086f66540) 
thrown [s\src\hotspot\share\classfile\systemDictionary.cpp, line 256]
Event: 10.792 Thread 0x000001af856aeab0 Exception <a 'java/lang/ClassNotFoundException'{0x0000000086e02150}: com/android/build/gradle/internal/tasks/AppMetadataTask_DecoratedBeanInfo> (0x0000000086e02150) 
thrown [s\src\hotspot\share\classfile\systemDictionary.cpp, line 256]
Event: 10.792 Thread 0x000001af856aeab0 Exception <a 'java/lang/ClassNotFoundException'{0x0000000086e0e840}: com/android/build/gradle/internal/tasks/AppMetadataTaskBeanInfo> (0x0000000086e0e840) 
thrown [s\src\hotspot\share\classfile\systemDictionary.cpp, line 256]
Event: 10.793 Thread 0x000001af856aeab0 Exception <a 'java/lang/ClassNotFoundException'{0x0000000086e1aca0}: com/android/build/gradle/internal/tasks/AppMetadataTaskCustomizer> (0x0000000086e1aca0) 
thrown [s\src\hotspot\share\classfile\systemDictionary.cpp, line 256]
Event: 10.794 Thread 0x000001af856aeab0 Exception <a 'java/lang/ClassNotFoundException'{0x0000000086e3c890}: com/android/build/gradle/internal/tasks/AppMetadataTask_DecoratedCustomizer> (0x0000000086e3c890) 
thrown [s\src\hotspot\share\classfile\systemDictionary.cpp, line 256]
Event: 10.797 Thread 0x000001af856aeab0 Exception <a 'java/lang/ClassNotFoundException'{0x0000000086edd7f8}: com/android/build/gradle/internal/tasks/SigningConfigVersionsWriterTask_DecoratedBeanInfo> (0x0000000086edd7f8) 
thrown [s\src\hotspot\share\classfile\systemDictionary.cpp, line 256]
Event: 10.797 Thread 0x000001af856aeab0 Exception <a 'java/lang/ClassNotFoundException'{0x0000000086eea198}: com/android/build/gradle/internal/tasks/SigningConfigVersionsWriterTaskBeanInfo> (0x0000000086eea198) 
thrown [s\src\hotspot\share\classfile\systemDictionary.cpp, line 256]
Event: 10.798 Thread 0x000001af856aeab0 Exception <a 'java/lang/ClassNotFoundException'{0x0000000086ef68a8}: com/android/build/gradle/internal/tasks/SigningConfigVersionsWriterTaskCustomizer> (0x0000000086ef68a8) 
thrown [s\src\hotspot\share\classfile\systemDictionary.cpp, line 256]
Event: 10.799 Thread 0x000001af856aeab0 Exception <a 'java/lang/ClassNotFoundException'{0x0000000086d1e1f0}: com/android/build/gradle/internal/tasks/SigningConfigVersionsWriterTask_DecoratedCustomizer> (0x0000000086d1e1f0) 
thrown [s\src\hotspot\share\classfile\systemDictionary.cpp, line 256]
Event: 10.806 Thread 0x000001af856aeab0 Exception <a 'java/lang/ClassNotFoundException'{0x0000000086c20578}: com/android/build/gradle/tasks/PackageApplication_DecoratedBeanInfo> (0x0000000086c20578) 
thrown [s\src\hotspot\share\classfile\systemDictionary.cpp, line 256]
Event: 10.806 Thread 0x000001af856aeab0 Exception <a 'java/lang/ClassNotFoundException'{0x0000000086c2ca58}: com/android/build/gradle/tasks/PackageApplicationBeanInfo> (0x0000000086c2ca58) 
thrown [s\src\hotspot\share\classfile\systemDictionary.cpp, line 256]
Event: 10.806 Thread 0x000001af856aeab0 Exception <a 'java/lang/ClassNotFoundException'{0x0000000086c39c98}: com/android/build/gradle/tasks/PackageAndroidArtifactBeanInfo> (0x0000000086c39c98) 
thrown [s\src\hotspot\share\classfile\systemDictionary.cpp, line 256]
Event: 10.807 Thread 0x000001af856aeab0 Exception <a 'java/lang/ClassNotFoundException'{0x0000000086c46238}: com/android/build/gradle/tasks/PackageAndroidArtifactCustomizer> (0x0000000086c46238) 
thrown [s\src\hotspot\share\classfile\systemDictionary.cpp, line 256]
Event: 10.809 Thread 0x000001af856aeab0 Exception <a 'java/lang/ClassNotFoundException'{0x0000000086c9f268}: com/android/build/gradle/tasks/PackageApplicationCustomizer> (0x0000000086c9f268) 
thrown [s\src\hotspot\share\classfile\systemDictionary.cpp, line 256]
Event: 10.810 Thread 0x000001af856aeab0 Exception <a 'java/lang/ClassNotFoundException'{0x0000000086cc6f30}: com/android/build/gradle/tasks/PackageApplication_DecoratedCustomizer> (0x0000000086cc6f30) 
thrown [s\src\hotspot\share\classfile\systemDictionary.cpp, line 256]
Event: 10.816 Thread 0x000001af856aeab0 Exception <a 'java/lang/ClassNotFoundException'{0x0000000086bacf78}: com/android/build/gradle/internal/tasks/ListingFileRedirectTask_DecoratedBeanInfo> (0x0000000086bacf78) 
thrown [s\src\hotspot\share\classfile\systemDictionary.cpp, line 256]
Event: 10.817 Thread 0x000001af856aeab0 Exception <a 'java/lang/ClassNotFoundException'{0x0000000086bb97c0}: com/android/build/gradle/internal/tasks/ListingFileRedirectTaskBeanInfo> (0x0000000086bb97c0) 
thrown [s\src\hotspot\share\classfile\systemDictionary.cpp, line 256]
Event: 10.817 Thread 0x000001af856aeab0 Exception <a 'java/lang/ClassNotFoundException'{0x0000000086bc5d78}: com/android/build/gradle/internal/tasks/ListingFileRedirectTaskCustomizer> (0x0000000086bc5d78) 
thrown [s\src\hotspot\share\classfile\systemDictionary.cpp, line 256]
Event: 10.818 Thread 0x000001af856aeab0 Exception <a 'java/lang/ClassNotFoundException'{0x0000000086be3368}: com/android/build/gradle/internal/tasks/ListingFileRedirectTask_DecoratedCustomizer> (0x0000000086be3368) 
thrown [s\src\hotspot\share\classfile\systemDictionary.cpp, line 256]

VM Operations (20 events):
Event: 10.193 Executing VM operation: HandshakeAllThreads
Event: 10.194 Executing VM operation: HandshakeAllThreads done
Event: 10.231 Executing VM operation: HandshakeAllThreads
Event: 10.231 Executing VM operation: HandshakeAllThreads done
Event: 10.244 Executing VM operation: HandshakeAllThreads
Event: 10.245 Executing VM operation: HandshakeAllThreads done
Event: 10.326 Executing VM operation: HandshakeAllThreads
Event: 10.326 Executing VM operation: HandshakeAllThreads done
Event: 10.397 Executing VM operation: ICBufferFull
Event: 10.397 Executing VM operation: ICBufferFull done
Event: 10.400 Executing VM operation: G1CollectForAllocation
Event: 10.405 Executing VM operation: G1CollectForAllocation done
Event: 10.686 Executing VM operation: G1CollectForAllocation
Event: 10.692 Executing VM operation: G1CollectForAllocation done
Event: 10.715 Executing VM operation: G1Concurrent
Event: 10.721 Executing VM operation: G1Concurrent done
Event: 10.733 Executing VM operation: G1Concurrent
Event: 10.733 Executing VM operation: G1Concurrent done
Event: 11.735 Executing VM operation: Cleanup
Event: 11.735 Executing VM operation: Cleanup done

Events (20 events):
Event: 10.494 loading class java/util/AbstractCollectionBeanInfo
Event: 10.494 loading class java/util/AbstractCollectionBeanInfo done
Event: 10.494 loading class java/util/AbstractCollectionCustomizer
Event: 10.494 loading class java/util/AbstractCollectionCustomizer done
Event: 10.494 loading class java/util/AbstractCollectionCustomizer
Event: 10.494 loading class java/util/AbstractCollectionCustomizer done
Event: 10.494 loading class sun/reflect/generics/tree/BooleanSignature
Event: 10.495 loading class sun/reflect/generics/tree/BooleanSignature done
Event: 10.495 loading class sun/reflect/generics/reflectiveObjects/GenericArrayTypeImpl
Event: 10.495 loading class sun/reflect/generics/reflectiveObjects/GenericArrayTypeImpl done
Event: 10.552 loading class java/lang/ClassBeanInfo
Event: 10.552 loading class java/lang/ClassBeanInfo done
Event: 10.552 loading class java/lang/ClassBeanInfo
Event: 10.552 loading class java/lang/ClassBeanInfo done
Event: 10.552 loading class java/lang/ClassCustomizer
Event: 10.552 loading class java/lang/ClassCustomizer done
Event: 10.552 loading class java/lang/ClassCustomizer
Event: 10.552 loading class java/lang/ClassCustomizer done
Event: 10.730 loading class java/io/FilterReader
Event: 10.730 loading class java/io/FilterReader done


Dynamic libraries:
0x00007ff6565b0000 - 0x00007ff6565ba000 	C:\BTS\ANDROID\android-studio-girafe\android-studio-2022.3.1.19-windows\android-studio\jbr\bin\java.exe
0x00007ffa9a340000 - 0x00007ffa9a5a3000 	C:\WINDOWS\SYSTEM32\ntdll.dll
0x00007ffa99770000 - 0x00007ffa99837000 	C:\WINDOWS\System32\KERNEL32.DLL
0x00007ffa97b40000 - 0x00007ffa97f07000 	C:\WINDOWS\System32\KERNELBASE.dll
0x00007ffa97470000 - 0x00007ffa975bc000 	C:\Windows\system32\hmpalert.dll
0x00007ffa978c0000 - 0x00007ffa97a0c000 	C:\WINDOWS\System32\ucrtbase.dll
0x00007ffa50cf0000 - 0x00007ffa50d07000 	C:\BTS\ANDROID\android-studio-girafe\android-studio-2022.3.1.19-windows\android-studio\jbr\bin\jli.dll
0x00007ffa99500000 - 0x00007ffa996c9000 	C:\WINDOWS\System32\USER32.dll
0x00007ffa98140000 - 0x00007ffa98167000 	C:\WINDOWS\System32\win32u.dll
0x00007ffa98b70000 - 0x00007ffa98b9a000 	C:\WINDOWS\System32\GDI32.dll
0x00007ffa976d0000 - 0x00007ffa977fb000 	C:\WINDOWS\System32\gdi32full.dll
0x00007ffa98090000 - 0x00007ffa98133000 	C:\WINDOWS\System32\msvcp_win.dll
0x00007ffa91b00000 - 0x00007ffa91b1b000 	C:\BTS\ANDROID\android-studio-girafe\android-studio-2022.3.1.19-windows\android-studio\jbr\bin\VCRUNTIME140.dll
0x00007ffa75110000 - 0x00007ffa753a0000 	C:\WINDOWS\WinSxS\amd64_microsoft.windows.common-controls_6595b64144ccf1df_6.0.26100.2702_none_3e069454e335fc5e\COMCTL32.dll
0x00007ffa998a0000 - 0x00007ffa99949000 	C:\WINDOWS\System32\msvcrt.dll
0x00007ffa996d0000 - 0x00007ffa996ff000 	C:\WINDOWS\System32\IMM32.DLL
0x00007ffa86070000 - 0x00007ffa8607c000 	C:\BTS\ANDROID\android-studio-girafe\android-studio-2022.3.1.19-windows\android-studio\jbr\bin\vcruntime140_1.dll
0x00007ffa60950000 - 0x00007ffa609dd000 	C:\BTS\ANDROID\android-studio-girafe\android-studio-2022.3.1.19-windows\android-studio\jbr\bin\msvcp140.dll
0x00007ffa3b4a0000 - 0x00007ffa3c10e000 	C:\BTS\ANDROID\android-studio-girafe\android-studio-2022.3.1.19-windows\android-studio\jbr\bin\server\jvm.dll
0x00007ffa98870000 - 0x00007ffa98923000 	C:\WINDOWS\System32\ADVAPI32.dll
0x00007ffa98180000 - 0x00007ffa98226000 	C:\WINDOWS\System32\sechost.dll
0x00007ffa989d0000 - 0x00007ffa98ae6000 	C:\WINDOWS\System32\RPCRT4.dll
0x00007ffa88490000 - 0x00007ffa8849b000 	C:\WINDOWS\SYSTEM32\VERSION.dll
0x00007ffa94710000 - 0x00007ffa94746000 	C:\WINDOWS\SYSTEM32\WINMM.dll
0x00007ffa87f10000 - 0x00007ffa87f1a000 	C:\WINDOWS\SYSTEM32\WSOCK32.dll
0x00007ffa98af0000 - 0x00007ffa98b64000 	C:\WINDOWS\System32\WS2_32.dll
0x00007ffa96370000 - 0x00007ffa9638a000 	C:\WINDOWS\SYSTEM32\kernel.appcore.dll
0x00007ffa91ce0000 - 0x00007ffa91cea000 	C:\BTS\ANDROID\android-studio-girafe\android-studio-2022.3.1.19-windows\android-studio\jbr\bin\jimage.dll
0x00007ffa94bd0000 - 0x00007ffa94e11000 	C:\WINDOWS\SYSTEM32\DBGHELP.DLL
0x00007ffa99960000 - 0x00007ffa99cde000 	C:\WINDOWS\System32\combase.dll
0x00007ffa99ff0000 - 0x00007ffa9a0c6000 	C:\WINDOWS\System32\OLEAUT32.dll
0x00007ffa83fc0000 - 0x00007ffa83ff9000 	C:\WINDOWS\SYSTEM32\dbgcore.DLL
0x00007ffa97a10000 - 0x00007ffa97aa9000 	C:\WINDOWS\System32\bcryptPrimitives.dll
0x00007ffa86a90000 - 0x00007ffa86ab5000 	C:\BTS\ANDROID\android-studio-girafe\android-studio-2022.3.1.19-windows\android-studio\jbr\bin\java.dll
0x00007ffa866f0000 - 0x00007ffa86708000 	C:\BTS\ANDROID\android-studio-girafe\android-studio-2022.3.1.19-windows\android-studio\jbr\bin\zip.dll
0x00007ffa98c50000 - 0x00007ffa9935b000 	C:\WINDOWS\System32\SHELL32.dll
0x00007ffa95040000 - 0x00007ffa9587d000 	C:\WINDOWS\SYSTEM32\windows.storage.dll
0x00007ffa99cf0000 - 0x00007ffa99dda000 	C:\WINDOWS\System32\SHCORE.dll
0x00007ffa99710000 - 0x00007ffa9976d000 	C:\WINDOWS\System32\shlwapi.dll
0x00007ffa975e0000 - 0x00007ffa9760e000 	C:\WINDOWS\SYSTEM32\profapi.dll
0x00007ffa866d0000 - 0x00007ffa866e9000 	C:\BTS\ANDROID\android-studio-girafe\android-studio-2022.3.1.19-windows\android-studio\jbr\bin\net.dll
0x00007ffa8e1d0000 - 0x00007ffa8e2ee000 	C:\WINDOWS\SYSTEM32\WINHTTP.dll
0x00007ffa96860000 - 0x00007ffa968c8000 	C:\WINDOWS\system32\mswsock.dll
0x00007ffa866b0000 - 0x00007ffa866c6000 	C:\BTS\ANDROID\android-studio-girafe\android-studio-2022.3.1.19-windows\android-studio\jbr\bin\nio.dll
0x00007ffa86650000 - 0x00007ffa86660000 	C:\BTS\ANDROID\android-studio-girafe\android-studio-2022.3.1.19-windows\android-studio\jbr\bin\verify.dll
0x00007ffa2a7a0000 - 0x00007ffa2a7c7000 	C:\Users\svo\.gradle\native\68d5fa5c4cc2d200863cafc0d521ce42e7d3e7ee720ec0a83991735586a16f82\windows-amd64\native-platform.dll
0x00007ffa5d6b0000 - 0x00007ffa5d7f4000 	C:\Users\svo\.gradle\native\e376f236ea51e6404a007f0833ffe2c6e607c4080706a723a18a27aeea778392\windows-amd64\native-platform-file-events.dll
0x00007ffa86640000 - 0x00007ffa86649000 	C:\BTS\ANDROID\android-studio-girafe\android-studio-2022.3.1.19-windows\android-studio\jbr\bin\management.dll
0x00007ffa74900000 - 0x00007ffa7490b000 	C:\BTS\ANDROID\android-studio-girafe\android-studio-2022.3.1.19-windows\android-studio\jbr\bin\management_ext.dll
0x00007ffa98860000 - 0x00007ffa98868000 	C:\WINDOWS\System32\PSAPI.DLL
0x00007ffa96c10000 - 0x00007ffa96c2c000 	C:\WINDOWS\SYSTEM32\CRYPTSP.dll
0x00007ffa962d0000 - 0x00007ffa96308000 	C:\WINDOWS\system32\rsaenh.dll
0x00007ffa96900000 - 0x00007ffa9692b000 	C:\WINDOWS\SYSTEM32\USERENV.dll
0x00007ffa96da0000 - 0x00007ffa96dc6000 	C:\WINDOWS\SYSTEM32\bcrypt.dll
0x00007ffa96a90000 - 0x00007ffa96a9c000 	C:\WINDOWS\SYSTEM32\CRYPTBASE.dll
0x00007ffa95b30000 - 0x00007ffa95b63000 	C:\WINDOWS\SYSTEM32\IPHLPAPI.DLL
0x00007ffa98170000 - 0x00007ffa9817a000 	C:\WINDOWS\System32\NSI.dll
0x00007ffa8e460000 - 0x00007ffa8e47e000 	C:\WINDOWS\SYSTEM32\dhcpcsvc6.DLL
0x00007ffa8e430000 - 0x00007ffa8e455000 	C:\WINDOWS\SYSTEM32\dhcpcsvc.DLL
0x00007ffa95b70000 - 0x00007ffa95c95000 	C:\WINDOWS\SYSTEM32\DNSAPI.dll
0x00007ffa5beb0000 - 0x00007ffa5beb8000 	C:\WINDOWS\system32\wshunix.dll

dbghelp: loaded successfully - version: 4.0.5 - missing functions: none
symbol engine: initialized successfully - sym options: 0x614 - pdb path: .;C:\BTS\ANDROID\android-studio-girafe\android-studio-2022.3.1.19-windows\android-studio\jbr\bin;C:\WINDOWS\SYSTEM32;C:\WINDOWS\WinSxS\amd64_microsoft.windows.common-controls_6595b64144ccf1df_6.0.26100.2702_none_3e069454e335fc5e;C:\BTS\ANDROID\android-studio-girafe\android-studio-2022.3.1.19-windows\android-studio\jbr\bin\server;C:\Users\svo\.gradle\native\68d5fa5c4cc2d200863cafc0d521ce42e7d3e7ee720ec0a83991735586a16f82\windows-amd64;C:\Users\svo\.gradle\native\e376f236ea51e6404a007f0833ffe2c6e607c4080706a723a18a27aeea778392\windows-amd64

VM Arguments:
jvm_args: --add-opens=java.base/java.util=ALL-UNNAMED --add-opens=java.base/java.lang=ALL-UNNAMED --add-opens=java.base/java.lang.invoke=ALL-UNNAMED --add-opens=java.prefs/java.util.prefs=ALL-UNNAMED --add-opens=java.base/java.nio.charset=ALL-UNNAMED --add-opens=java.base/java.net=ALL-UNNAMED --add-opens=java.base/java.util.concurrent.atomic=ALL-UNNAMED -Xmx2048m -Dfile.encoding=UTF-8 -Duser.country=FR -Duser.language=fr -Duser.variant 
java_command: org.gradle.launcher.daemon.bootstrap.GradleDaemon 8.0
java_class_path (initial): C:\Users\svo\.gradle\wrapper\dists\gradle-8.0-bin\ca5e32bp14vu59qr306oxotwh\gradle-8.0\lib\gradle-launcher-8.0.jar
Launcher Type: SUN_STANDARD

[Global flags]
     intx CICompilerCount                          = 4                                         {product} {ergonomic}
     uint ConcGCThreads                            = 3                                         {product} {ergonomic}
     uint G1ConcRefinementThreads                  = 10                                        {product} {ergonomic}
   size_t G1HeapRegionSize                         = 1048576                                   {product} {ergonomic}
    uintx GCDrainStackTargetSize                   = 64                                        {product} {ergonomic}
   size_t InitialHeapSize                          = 264241152                                 {product} {ergonomic}
   size_t MarkStackSize                            = 4194304                                   {product} {ergonomic}
   size_t MaxHeapSize                              = 2147483648                                {product} {command line}
   size_t MaxNewSize                               = 1287651328                                {product} {ergonomic}
   size_t MinHeapDeltaBytes                        = 1048576                                   {product} {ergonomic}
   size_t MinHeapSize                              = 8388608                                   {product} {ergonomic}
    uintx NonNMethodCodeHeapSize                   = 5839372                                {pd product} {ergonomic}
    uintx NonProfiledCodeHeapSize                  = 122909434                              {pd product} {ergonomic}
    uintx ProfiledCodeHeapSize                     = 122909434                              {pd product} {ergonomic}
    uintx ReservedCodeCacheSize                    = 251658240                              {pd product} {ergonomic}
     bool SegmentedCodeCache                       = true                                      {product} {ergonomic}
   size_t SoftMaxHeapSize                          = 2147483648                             {manageable} {ergonomic}
     bool UseCompressedClassPointers               = true                           {product lp64_product} {ergonomic}
     bool UseCompressedOops                        = true                           {product lp64_product} {ergonomic}
     bool UseG1GC                                  = true                                      {product} {ergonomic}
     bool UseLargePagesIndividualAllocation        = false                                  {pd product} {ergonomic}

Logging:
Log output configuration:
 #0: stdout all=warning uptime,level,tags
 #1: stderr all=off uptime,level,tags

Environment Variables:
PATH=C:\Program Files\Common Files\Oracle\Java\javapath;C:\Program Files (x86)\Common Files\Oracle\Java\java8path;C:\Program Files (x86)\Common Files\Oracle\Java\javapath;C:\WINDOWS\system32;C:\WINDOWS;C:\WINDOWS\System32\Wbem;C:\WINDOWS\System32\WindowsPowerShell\v1.0\;C:\WINDOWS\System32\OpenSSH\;C:\Users\svo\AppData\Local\Microsoft\WindowsApps;C:\BTS\PortableApps\openlogic-openjdk-17.0.8+7-windows-x64\openlogic-openjdk-17.0.8+7-windows-x64\bin;C:\Users\svo\AppData\Local\ComposerSetup\bin;C:\Users\svo\AppData\Roaming\Composer\vendor\bin;C:\BTS\DEV\Xampp Laravell\xampp\php;C:\BTS\DEV\node-v18.15.0-win-x64;C:\BTS\Nodejs\node-v20.17.0-win-x64;C:\BTS\Git\bin;
USERNAME=SVO
OS=Windows_NT
PROCESSOR_IDENTIFIER=Intel64 Family 6 Model 154 Stepping 4, GenuineIntel
TMP=C:\Users\svo\AppData\Local\Temp
TEMP=C:\Users\svo\AppData\Local\Temp


JNI global refs:
JNI global refs: 26, weak refs: 4

JNI global refs memory usage: 843, weak refs: 841


---------------  S Y S T E M  ---------------

OS:
 Windows 11 , 64 bit Build 26100 (10.0.26100.2992)
OS uptime: 0 days 18:01 hours
Hyper-V role detected

CPU: total 12 (initial active 12) (6 cores per cpu, 2 threads per core) family 6 model 154 stepping 4 microcode 0x435, cx8, cmov, fxsr, ht, mmx, 3dnowpref, sse, sse2, sse3, ssse3, sse4.1, sse4.2, popcnt, lzcnt, tsc, tscinvbit, avx, avx2, aes, erms, clmul, bmi1, bmi2, adx, sha, fma, vzeroupper, clflush, clflushopt, clwb, hv

Memory: 4k page, system-wide physical 16016M (1425M free)
TotalPageFile size 20016M (AvailPageFile size 9M)
current process WorkingSet (physical memory assigned to process): 380M, peak: 384M
current process commit charge ("private bytes"): 423M, peak: 426M

vm_info: OpenJDK 64-Bit Server VM (17.0.6+0-b2043.56-10027231) for windows-amd64 JRE (17.0.6+0-b2043.56-10027231), built on Apr 28 2023 00:43:19 by "androidbuild" with MS VC++ 16.10 / 16.11 (VS2019)

END.
