#
# There is insufficient memory for the Java Runtime Environment to continue.
# Native memory allocation (mmap) failed to map 22020096 bytes for G1 virtual space
# Possible reasons:
#   The system is out of physical RAM or swap space
#   The process is running with CompressedOops enabled, and the Java Heap may be blocking the growth of the native heap
# Possible solutions:
#   Reduce memory load on the system
#   Increase physical memory or swap space
#   Check if swap backing store is full
#   Decrease Java heap size (-Xmx/-Xms)
#   Decrease number of Java threads
#   Decrease Java thread stack sizes (-Xss)
#   Set larger code cache with -XX:ReservedCodeCacheSize=
#   JVM is running with Unscaled Compressed Oops mode in which the Java heap is
#     placed in the first 4GB address space. The Java Heap base address is the
#     maximum limit for the native heap growth. Please use -XX:HeapBaseMinAddress
#     to set the Java Heap base and to place the Java Heap above 4GB virtual address.
# This output file may be truncated or incomplete.
#
#  Out of Memory Error (os_windows.cpp:3769), pid=24808, tid=5164
#
# JRE version: OpenJDK Runtime Environment (17.0.6) (build 17.0.6+0-b2043.56-10027231)
# Java VM: OpenJDK 64-Bit Server VM (17.0.6+0-b2043.56-10027231, mixed mode, tiered, compressed oops, compressed class ptrs, g1 gc, windows-amd64)
# No core dump will be written. Minidumps are not enabled by default on client versions of Windows
#

---------------  S U M M A R Y ------------

Command Line: --add-opens=java.base/java.util=ALL-UNNAMED --add-opens=java.base/java.lang=ALL-UNNAMED --add-opens=java.base/java.lang.invoke=ALL-UNNAMED --add-opens=java.prefs/java.util.prefs=ALL-UNNAMED --add-opens=java.base/java.nio.charset=ALL-UNNAMED --add-opens=java.base/java.net=ALL-UNNAMED --add-opens=java.base/java.util.concurrent.atomic=ALL-UNNAMED -Xmx2048m -Dfile.encoding=UTF-8 -Duser.country=FR -Duser.language=fr -Duser.variant org.gradle.launcher.daemon.bootstrap.GradleDaemon 8.0

Host: 12th Gen Intel(R) Core(TM) i7-1255U, 12 cores, 15G,  Windows 11 , 64 bit Build 26100 (10.0.26100.2992)
Time: Wed Mar 19 15:02:21 2025 Paris, Madrid elapsed time: 10.453497 seconds (0d 0h 0m 10s)

---------------  T H R E A D  ---------------

Current thread (0x00000192cf6eed10):  VMThread "VM Thread" [stack: 0x0000001850c00000,0x0000001850d00000] [id=5164]

Stack: [0x0000001850c00000,0x0000001850d00000]
Native frames: (J=compiled Java code, j=interpreted, Vv=VM code, C=native code)
V  [jvm.dll+0x683c9a]
V  [jvm.dll+0x8427a4]
V  [jvm.dll+0x843f9e]
V  [jvm.dll+0x844603]
V  [jvm.dll+0x249b75]
V  [jvm.dll+0x680b69]
V  [jvm.dll+0x67505a]
V  [jvm.dll+0x309acb]
V  [jvm.dll+0x310f86]
V  [jvm.dll+0x3608ee]
V  [jvm.dll+0x360b1f]
V  [jvm.dll+0x2dfbf8]
V  [jvm.dll+0x2ddec4]
V  [jvm.dll+0x2dd4cc]
V  [jvm.dll+0x321f3b]
V  [jvm.dll+0x848ccb]
V  [jvm.dll+0x849a04]
V  [jvm.dll+0x849f1d]
V  [jvm.dll+0x84a2f4]
V  [jvm.dll+0x84a3c0]
V  [jvm.dll+0x7f274a]
V  [jvm.dll+0x682ad5]
C  [ucrtbase.dll+0x37b0]
C  [KERNEL32.DLL+0x2e8d7]
C  [ntdll.dll+0xbbf6c]

VM_Operation (0x00000018525f4820): G1CollectForAllocation, mode: safepoint, requested by thread 0x00000192d2e14c10


---------------  P R O C E S S  ---------------

Threads class SMR info:
_java_thread_list=0x00000192d075dea0, length=172, elements={
0x00000192b34946c0, 0x00000192d0057b10, 0x00000192d00583d0, 0x00000192d0063ac0,
0x00000192d009c020, 0x00000192d009e8f0, 0x00000192d009f1b0, 0x00000192d009fda0,
0x00000192d00a06a0, 0x00000192d00a8fb0, 0x00000192d023f5f0, 0x00000192d026a840,
0x00000192d2cc7a80, 0x00000192d2de8300, 0x00000192d28835c0, 0x00000192d16d1c90,
0x00000192d28fd030, 0x00000192d28fd500, 0x00000192d2e14c10, 0x00000192d2ec9f50,
0x00000192d2ecadc0, 0x00000192d2eca420, 0x00000192d2ec95b0, 0x00000192d2eca8f0,
0x00000192d2ec9a80, 0x00000192d3125d80, 0x00000192d31240a0, 0x00000192d31253e0,
0x00000192d3126250, 0x00000192d31258b0, 0x00000192d3126720, 0x00000192d3124570,
0x00000192d3124a40, 0x00000192d3126bf0, 0x00000192d31270c0, 0x00000192d3129270,
0x00000192d312b420, 0x00000192d3127a60, 0x00000192d3129c10, 0x00000192d312a0e0,
0x00000192d312a5b0, 0x00000192d312af50, 0x00000192d312b8f0, 0x00000192d3127f30,
0x00000192d3128400, 0x00000192d5448b20, 0x00000192d54464a0, 0x00000192d54477e0,
0x00000192d5445630, 0x00000192d5447310, 0x00000192d5445160, 0x00000192d5447cb0,
0x00000192d5448ff0, 0x00000192d5446e40, 0x00000192d5446970, 0x00000192d5448180,
0x00000192d5445b00, 0x00000192d5449990, 0x00000192d5448650, 0x00000192d54494c0,
0x00000192d5445fd0, 0x00000192d544b1a0, 0x00000192d544a330, 0x00000192d544a800,
0x00000192d544c9b0, 0x00000192d544acd0, 0x00000192d544c4e0, 0x00000192d544c010,
0x00000192d5449e60, 0x00000192d544b670, 0x00000192d544bb40, 0x00000192d631c560,
0x00000192d631ca30, 0x00000192d631d3d0, 0x00000192d631b220, 0x00000192d631b6f0,
0x00000192d631a880, 0x00000192d631e710, 0x00000192d631cf00, 0x00000192d631bbc0,
0x00000192d631c090, 0x00000192d631d8a0, 0x00000192d631dd70, 0x00000192d631ad50,
0x00000192d631fa50, 0x00000192d6320d90, 0x00000192d6321730, 0x00000192d63208c0,
0x00000192d631ff20, 0x00000192d6321c00, 0x00000192d631f580, 0x00000192d63203f0,
0x00000192d6321260, 0x00000192d631ebe0, 0x00000192d631f0b0, 0x00000192d631e240,
0x00000192d63220d0, 0x00000192d54e50b0, 0x00000192d54e5a50, 0x00000192d54e5f20,
0x00000192d54e5580, 0x00000192d54e7c00, 0x00000192d54e9410, 0x00000192d54e6d90,
0x00000192d54e8a70, 0x00000192d54e85a0, 0x00000192d54e7730, 0x00000192d54e98e0,
0x00000192d54e8f40, 0x00000192d54e63f0, 0x00000192d54e7260, 0x00000192d54e80d0,
0x00000192d54e9db0, 0x00000192d54ea280, 0x00000192d54e68c0, 0x00000192d54eb5c0,
0x00000192d54ec900, 0x00000192d54ea750, 0x00000192d54eac20, 0x00000192d54eb0f0,
0x00000192d54eba90, 0x00000192d54ebf60, 0x00000192d54ec430, 0x00000192d78a5de0,
0x00000192d78a8930, 0x00000192d78a75f0, 0x00000192d78a62b0, 0x00000192d78a5910,
0x00000192d78a7f90, 0x00000192d78a7120, 0x00000192d78a7ac0, 0x00000192d78a6780,
0x00000192d78a6c50, 0x00000192d78a8460, 0x00000192d78a92d0, 0x00000192d78a8e00,
0x00000192d5679ce0, 0x00000192d5677190, 0x00000192d5678000, 0x00000192d567a1b0,
0x00000192d5676cc0, 0x00000192d56767f0, 0x00000192d5677b30, 0x00000192d567a680,
0x00000192d567ab50, 0x00000192d5677660, 0x00000192d567b4f0, 0x00000192d5679810,
0x00000192d567b020, 0x00000192d567b9c0, 0x00000192d56784d0, 0x00000192d5679340,
0x00000192d567be90, 0x00000192d567c360, 0x00000192d5678e70, 0x00000192d56789a0,
0x00000192d567c830, 0x00000192d567d1d0, 0x00000192d567d6a0, 0x00000192d567db70,
0x00000192d567cd00, 0x00000192d7cbf860, 0x00000192d7cc2d50, 0x00000192d7cc06d0,
0x00000192d7cc0200, 0x00000192d7cc1540, 0x00000192d7cc3220, 0x00000192d7cc1ee0,
0x00000192d1270800, 0x00000192d7cc0ba0, 0x00000192d7cc1a10, 0x00000192da39c520
}

Java Threads: ( => current thread )
  0x00000192b34946c0 JavaThread "main" [_thread_blocked, id=25560, stack(0x0000001850600000,0x0000001850700000)]
  0x00000192d0057b10 JavaThread "Reference Handler" daemon [_thread_blocked, id=23520, stack(0x0000001850d00000,0x0000001850e00000)]
  0x00000192d00583d0 JavaThread "Finalizer" daemon [_thread_blocked, id=7048, stack(0x0000001850e00000,0x0000001850f00000)]
  0x00000192d0063ac0 JavaThread "Signal Dispatcher" daemon [_thread_blocked, id=26652, stack(0x0000001850f00000,0x0000001851000000)]
  0x00000192d009c020 JavaThread "Attach Listener" daemon [_thread_blocked, id=28248, stack(0x0000001851000000,0x0000001851100000)]
  0x00000192d009e8f0 JavaThread "Service Thread" daemon [_thread_blocked, id=2692, stack(0x0000001851100000,0x0000001851200000)]
  0x00000192d009f1b0 JavaThread "Monitor Deflation Thread" daemon [_thread_blocked, id=24060, stack(0x0000001851200000,0x0000001851300000)]
  0x00000192d009fda0 JavaThread "C2 CompilerThread0" daemon [_thread_blocked, id=22836, stack(0x0000001851300000,0x0000001851400000)]
  0x00000192d00a06a0 JavaThread "C1 CompilerThread0" daemon [_thread_blocked, id=20100, stack(0x0000001851400000,0x0000001851500000)]
  0x00000192d00a8fb0 JavaThread "Sweeper thread" daemon [_thread_blocked, id=22460, stack(0x0000001851500000,0x0000001851600000)]
  0x00000192d023f5f0 JavaThread "Common-Cleaner" daemon [_thread_blocked, id=20444, stack(0x0000001851600000,0x0000001851700000)]
  0x00000192d026a840 JavaThread "Notification Thread" daemon [_thread_blocked, id=10184, stack(0x0000001851700000,0x0000001851800000)]
  0x00000192d2cc7a80 JavaThread "Daemon health stats" [_thread_blocked, id=26060, stack(0x0000001851f00000,0x0000001852000000)]
  0x00000192d2de8300 JavaThread "Incoming local TCP Connector on port 50819" [_thread_in_native, id=19424, stack(0x0000001852000000,0x0000001852100000)]
  0x00000192d28835c0 JavaThread "Daemon periodic checks" [_thread_blocked, id=2268, stack(0x0000001852100000,0x0000001852200000)]
  0x00000192d16d1c90 JavaThread "Daemon" [_thread_blocked, id=27588, stack(0x0000001852200000,0x0000001852300000)]
  0x00000192d28fd030 JavaThread "Handler for socket connection from /127.0.0.1:50819 to /127.0.0.1:50820" [_thread_in_native, id=27940, stack(0x0000001852300000,0x0000001852400000)]
  0x00000192d28fd500 JavaThread "Cancel handler" [_thread_blocked, id=18396, stack(0x0000001852400000,0x0000001852500000)]
  0x00000192d2e14c10 JavaThread "Daemon worker" [_thread_blocked, id=26440, stack(0x0000001852500000,0x0000001852600000)]
  0x00000192d2ec9f50 JavaThread "Asynchronous log dispatcher for DefaultDaemonConnection: socket connection from /127.0.0.1:50819 to /127.0.0.1:50820" [_thread_blocked, id=21172, stack(0x0000001852600000,0x0000001852700000)]
  0x00000192d2ecadc0 JavaThread "Stdin handler" [_thread_blocked, id=24684, stack(0x0000001852700000,0x0000001852800000)]
  0x00000192d2eca420 JavaThread "Daemon client event forwarder" [_thread_blocked, id=4808, stack(0x0000001852800000,0x0000001852900000)]
  0x00000192d2ec95b0 JavaThread "Cache worker for journal cache (C:\Users\svo\.gradle\caches\journal-1)" [_thread_blocked, id=26484, stack(0x0000001852f00000,0x0000001853000000)]
  0x00000192d2eca8f0 JavaThread "File lock request listener" [_thread_in_native, id=7052, stack(0x0000001853000000,0x0000001853100000)]
  0x00000192d2ec9a80 JavaThread "Cache worker for file hash cache (C:\Users\svo\.gradle\caches\8.0\fileHashes)" [_thread_blocked, id=19272, stack(0x0000001853100000,0x0000001853200000)]
  0x00000192d3125d80 JavaThread "File watcher server" daemon [_thread_in_native, id=18824, stack(0x0000001853200000,0x0000001853300000)]
  0x00000192d31240a0 JavaThread "File watcher consumer" daemon [_thread_blocked, id=8272, stack(0x0000001853300000,0x0000001853400000)]
  0x00000192d31253e0 JavaThread "Cache worker for checksums cache (C:\BTS\ANDROID\WkRFTG\ApplicationRFTG\.gradle\8.0\checksums)" [_thread_blocked, id=25964, stack(0x0000001853400000,0x0000001853500000)]
  0x00000192d3126250 JavaThread "Cache worker for cache directory md-rule (C:\Users\svo\.gradle\caches\8.0\md-rule)" [_thread_blocked, id=900, stack(0x0000001853500000,0x0000001853600000)]
  0x00000192d31258b0 JavaThread "Cache worker for file content cache (C:\Users\svo\.gradle\caches\8.0\fileContent)" [_thread_blocked, id=5056, stack(0x0000001853600000,0x0000001853700000)]
  0x00000192d3126720 JavaThread "Cache worker for file hash cache (C:\BTS\ANDROID\WkRFTG\ApplicationRFTG\.gradle\8.0\fileHashes)" [_thread_blocked, id=25332, stack(0x0000001853700000,0x0000001853800000)]
  0x00000192d3124570 JavaThread "Cache worker for cache directory md-supplier (C:\Users\svo\.gradle\caches\8.0\md-supplier)" [_thread_blocked, id=27620, stack(0x0000001853800000,0x0000001853900000)]
  0x00000192d3124a40 JavaThread "Cache worker for execution history cache (C:\Users\svo\.gradle\caches\8.0\executionHistory)" [_thread_blocked, id=16864, stack(0x0000001853900000,0x0000001853a00000)]
  0x00000192d3126bf0 JavaThread "jar transforms" [_thread_blocked, id=9124, stack(0x0000001853a00000,0x0000001853b00000)]
  0x00000192d31270c0 JavaThread "jar transforms Thread 2" [_thread_blocked, id=26740, stack(0x0000001853b00000,0x0000001853c00000)]
  0x00000192d3129270 JavaThread "Cache worker for kotlin-dsl (C:\Users\svo\.gradle\caches\8.0\kotlin-dsl)" [_thread_blocked, id=7184, stack(0x0000001853d00000,0x0000001853e00000)]
  0x00000192d312b420 JavaThread "jar transforms Thread 3" [_thread_blocked, id=24728, stack(0x0000001853e00000,0x0000001853f00000)]
  0x00000192d3127a60 JavaThread "jar transforms Thread 4" [_thread_blocked, id=27824, stack(0x0000001853f00000,0x0000001854000000)]
  0x00000192d3129c10 JavaThread "Cache worker for dependencies-accessors (C:\BTS\ANDROID\WkRFTG\ApplicationRFTG\.gradle\8.0\dependencies-accessors)" [_thread_blocked, id=5512, stack(0x0000001854000000,0x0000001854100000)]
  0x00000192d312a0e0 JavaThread "Cache worker for Build Output Cleanup Cache (C:\BTS\ANDROID\WkRFTG\ApplicationRFTG\.gradle\buildOutputCleanup)" [_thread_blocked, id=17568, stack(0x0000001854100000,0x0000001854200000)]
  0x00000192d312a5b0 JavaThread "jar transforms Thread 5" [_thread_blocked, id=23944, stack(0x0000001854200000,0x0000001854300000)]
  0x00000192d312af50 JavaThread "Unconstrained build operations" [_thread_blocked, id=24536, stack(0x0000001854300000,0x0000001854400000)]
  0x00000192d312b8f0 JavaThread "Unconstrained build operations Thread 2" [_thread_blocked, id=17572, stack(0x0000001854400000,0x0000001854500000)]
  0x00000192d3127f30 JavaThread "Unconstrained build operations Thread 3" [_thread_blocked, id=25652, stack(0x0000001854500000,0x0000001854600000)]
  0x00000192d3128400 JavaThread "Unconstrained build operations Thread 4" [_thread_blocked, id=22724, stack(0x0000001854600000,0x0000001854700000)]
  0x00000192d5448b20 JavaThread "Unconstrained build operations Thread 5" [_thread_blocked, id=28460, stack(0x0000001854700000,0x0000001854800000)]
  0x00000192d54464a0 JavaThread "Unconstrained build operations Thread 6" [_thread_blocked, id=18732, stack(0x0000001854800000,0x0000001854900000)]
  0x00000192d54477e0 JavaThread "Unconstrained build operations Thread 7" [_thread_blocked, id=23208, stack(0x0000001854900000,0x0000001854a00000)]
  0x00000192d5445630 JavaThread "Unconstrained build operations Thread 8" [_thread_blocked, id=16436, stack(0x0000001854a00000,0x0000001854b00000)]
  0x00000192d5447310 JavaThread "Unconstrained build operations Thread 9" [_thread_blocked, id=21352, stack(0x0000001854b00000,0x0000001854c00000)]
  0x00000192d5445160 JavaThread "Unconstrained build operations Thread 10" [_thread_blocked, id=17924, stack(0x0000001854c00000,0x0000001854d00000)]
  0x00000192d5447cb0 JavaThread "Unconstrained build operations Thread 11" [_thread_blocked, id=22112, stack(0x0000001854d00000,0x0000001854e00000)]
  0x00000192d5448ff0 JavaThread "Unconstrained build operations Thread 12" [_thread_blocked, id=15336, stack(0x0000001854e00000,0x0000001854f00000)]
  0x00000192d5446e40 JavaThread "Unconstrained build operations Thread 13" [_thread_blocked, id=16412, stack(0x0000001854f00000,0x0000001855000000)]
  0x00000192d5446970 JavaThread "Unconstrained build operations Thread 14" [_thread_blocked, id=15920, stack(0x0000001855000000,0x0000001855100000)]
  0x00000192d5448180 JavaThread "Unconstrained build operations Thread 15" [_thread_blocked, id=21456, stack(0x0000001855100000,0x0000001855200000)]
  0x00000192d5445b00 JavaThread "Unconstrained build operations Thread 16" [_thread_blocked, id=2688, stack(0x0000001855200000,0x0000001855300000)]
  0x00000192d5449990 JavaThread "Unconstrained build operations Thread 17" [_thread_blocked, id=7256, stack(0x0000001855300000,0x0000001855400000)]
  0x00000192d5448650 JavaThread "Unconstrained build operations Thread 18" [_thread_blocked, id=6324, stack(0x0000001855400000,0x0000001855500000)]
  0x00000192d54494c0 JavaThread "Unconstrained build operations Thread 19" [_thread_blocked, id=18172, stack(0x0000001855500000,0x0000001855600000)]
  0x00000192d5445fd0 JavaThread "Unconstrained build operations Thread 20" [_thread_blocked, id=2656, stack(0x0000001853c00000,0x0000001853d00000)]
  0x00000192d544b1a0 JavaThread "Unconstrained build operations Thread 21" [_thread_blocked, id=17620, stack(0x0000001855600000,0x0000001855700000)]
  0x00000192d544a330 JavaThread "Unconstrained build operations Thread 22" [_thread_blocked, id=26200, stack(0x0000001855700000,0x0000001855800000)]
  0x00000192d544a800 JavaThread "Unconstrained build operations Thread 23" [_thread_blocked, id=27764, stack(0x0000001855800000,0x0000001855900000)]
  0x00000192d544c9b0 JavaThread "Unconstrained build operations Thread 24" [_thread_blocked, id=20788, stack(0x0000001855900000,0x0000001855a00000)]
  0x00000192d544acd0 JavaThread "Unconstrained build operations Thread 25" [_thread_blocked, id=15432, stack(0x0000001855a00000,0x0000001855b00000)]
  0x00000192d544c4e0 JavaThread "Unconstrained build operations Thread 26" [_thread_blocked, id=21732, stack(0x0000001855b00000,0x0000001855c00000)]
  0x00000192d544c010 JavaThread "Unconstrained build operations Thread 27" [_thread_blocked, id=20400, stack(0x0000001855c00000,0x0000001855d00000)]
  0x00000192d5449e60 JavaThread "Unconstrained build operations Thread 28" [_thread_blocked, id=28116, stack(0x0000001855d00000,0x0000001855e00000)]
  0x00000192d544b670 JavaThread "Unconstrained build operations Thread 29" [_thread_blocked, id=8080, stack(0x0000001855e00000,0x0000001855f00000)]
  0x00000192d544bb40 JavaThread "Unconstrained build operations Thread 30" [_thread_blocked, id=1348, stack(0x0000001855f00000,0x0000001856000000)]
  0x00000192d631c560 JavaThread "Unconstrained build operations Thread 31" [_thread_blocked, id=16828, stack(0x0000001856000000,0x0000001856100000)]
  0x00000192d631ca30 JavaThread "Unconstrained build operations Thread 32" [_thread_blocked, id=10080, stack(0x0000001856100000,0x0000001856200000)]
  0x00000192d631d3d0 JavaThread "Unconstrained build operations Thread 33" [_thread_blocked, id=11664, stack(0x0000001856200000,0x0000001856300000)]
  0x00000192d631b220 JavaThread "Unconstrained build operations Thread 34" [_thread_blocked, id=10248, stack(0x0000001856300000,0x0000001856400000)]
  0x00000192d631b6f0 JavaThread "Unconstrained build operations Thread 35" [_thread_blocked, id=14388, stack(0x0000001856400000,0x0000001856500000)]
  0x00000192d631a880 JavaThread "Unconstrained build operations Thread 36" [_thread_blocked, id=7436, stack(0x0000001856500000,0x0000001856600000)]
  0x00000192d631e710 JavaThread "Unconstrained build operations Thread 37" [_thread_blocked, id=2900, stack(0x0000001856600000,0x0000001856700000)]
  0x00000192d631cf00 JavaThread "Unconstrained build operations Thread 38" [_thread_blocked, id=14472, stack(0x0000001856700000,0x0000001856800000)]
  0x00000192d631bbc0 JavaThread "Unconstrained build operations Thread 39" [_thread_blocked, id=22564, stack(0x0000001856800000,0x0000001856900000)]
  0x00000192d631c090 JavaThread "Unconstrained build operations Thread 40" [_thread_blocked, id=27932, stack(0x0000001856900000,0x0000001856a00000)]
  0x00000192d631d8a0 JavaThread "Unconstrained build operations Thread 41" [_thread_blocked, id=20748, stack(0x0000001856a00000,0x0000001856b00000)]
  0x00000192d631dd70 JavaThread "Unconstrained build operations Thread 42" [_thread_blocked, id=9028, stack(0x0000001856b00000,0x0000001856c00000)]
  0x00000192d631ad50 JavaThread "Unconstrained build operations Thread 43" [_thread_blocked, id=25316, stack(0x0000001856c00000,0x0000001856d00000)]
  0x00000192d631fa50 JavaThread "Unconstrained build operations Thread 44" [_thread_blocked, id=8824, stack(0x0000001856d00000,0x0000001856e00000)]
  0x00000192d6320d90 JavaThread "Unconstrained build operations Thread 45" [_thread_blocked, id=22656, stack(0x0000001856e00000,0x0000001856f00000)]
  0x00000192d6321730 JavaThread "Unconstrained build operations Thread 46" [_thread_blocked, id=24860, stack(0x0000001856f00000,0x0000001857000000)]
  0x00000192d63208c0 JavaThread "Unconstrained build operations Thread 47" [_thread_blocked, id=24488, stack(0x0000001857000000,0x0000001857100000)]
  0x00000192d631ff20 JavaThread "Unconstrained build operations Thread 48" [_thread_blocked, id=20636, stack(0x0000001857100000,0x0000001857200000)]
  0x00000192d6321c00 JavaThread "Unconstrained build operations Thread 49" [_thread_blocked, id=21280, stack(0x0000001857200000,0x0000001857300000)]
  0x00000192d631f580 JavaThread "Unconstrained build operations Thread 50" [_thread_blocked, id=18736, stack(0x0000001857300000,0x0000001857400000)]
  0x00000192d63203f0 JavaThread "Unconstrained build operations Thread 51" [_thread_blocked, id=392, stack(0x0000001857400000,0x0000001857500000)]
  0x00000192d6321260 JavaThread "Unconstrained build operations Thread 52" [_thread_blocked, id=6432, stack(0x0000001857500000,0x0000001857600000)]
  0x00000192d631ebe0 JavaThread "Unconstrained build operations Thread 53" [_thread_blocked, id=8724, stack(0x0000001857600000,0x0000001857700000)]
  0x00000192d631f0b0 JavaThread "Unconstrained build operations Thread 54" [_thread_blocked, id=25632, stack(0x0000001857700000,0x0000001857800000)]
  0x00000192d631e240 JavaThread "Unconstrained build operations Thread 55" [_thread_blocked, id=6212, stack(0x0000001857800000,0x0000001857900000)]
  0x00000192d63220d0 JavaThread "Unconstrained build operations Thread 56" [_thread_blocked, id=26520, stack(0x0000001857900000,0x0000001857a00000)]
  0x00000192d54e50b0 JavaThread "Unconstrained build operations Thread 57" [_thread_blocked, id=26640, stack(0x0000001857a00000,0x0000001857b00000)]
  0x00000192d54e5a50 JavaThread "Unconstrained build operations Thread 58" [_thread_blocked, id=20888, stack(0x0000001857b00000,0x0000001857c00000)]
  0x00000192d54e5f20 JavaThread "Unconstrained build operations Thread 59" [_thread_blocked, id=26536, stack(0x0000001857c00000,0x0000001857d00000)]
  0x00000192d54e5580 JavaThread "Unconstrained build operations Thread 60" [_thread_blocked, id=25768, stack(0x0000001857d00000,0x0000001857e00000)]
  0x00000192d54e7c00 JavaThread "Unconstrained build operations Thread 61" [_thread_blocked, id=11784, stack(0x0000001857e00000,0x0000001857f00000)]
  0x00000192d54e9410 JavaThread "Unconstrained build operations Thread 62" [_thread_blocked, id=27436, stack(0x0000001857f00000,0x0000001858000000)]
  0x00000192d54e6d90 JavaThread "Unconstrained build operations Thread 63" [_thread_blocked, id=1768, stack(0x0000001858000000,0x0000001858100000)]
  0x00000192d54e8a70 JavaThread "Unconstrained build operations Thread 64" [_thread_blocked, id=28604, stack(0x0000001858100000,0x0000001858200000)]
  0x00000192d54e85a0 JavaThread "Unconstrained build operations Thread 65" [_thread_blocked, id=24348, stack(0x0000001858200000,0x0000001858300000)]
  0x00000192d54e7730 JavaThread "Unconstrained build operations Thread 66" [_thread_blocked, id=23984, stack(0x0000001858300000,0x0000001858400000)]
  0x00000192d54e98e0 JavaThread "Unconstrained build operations Thread 67" [_thread_blocked, id=5768, stack(0x0000001858400000,0x0000001858500000)]
  0x00000192d54e8f40 JavaThread "Unconstrained build operations Thread 68" [_thread_blocked, id=4572, stack(0x0000001858500000,0x0000001858600000)]
  0x00000192d54e63f0 JavaThread "Unconstrained build operations Thread 69" [_thread_blocked, id=27356, stack(0x0000001858600000,0x0000001858700000)]
  0x00000192d54e7260 JavaThread "Unconstrained build operations Thread 70" [_thread_blocked, id=4324, stack(0x0000001858700000,0x0000001858800000)]
  0x00000192d54e80d0 JavaThread "Unconstrained build operations Thread 71" [_thread_blocked, id=21004, stack(0x0000001858800000,0x0000001858900000)]
  0x00000192d54e9db0 JavaThread "Unconstrained build operations Thread 72" [_thread_blocked, id=26760, stack(0x0000001858900000,0x0000001858a00000)]
  0x00000192d54ea280 JavaThread "Unconstrained build operations Thread 73" [_thread_blocked, id=24280, stack(0x0000001858a00000,0x0000001858b00000)]
  0x00000192d54e68c0 JavaThread "Unconstrained build operations Thread 74" [_thread_blocked, id=18880, stack(0x0000001858b00000,0x0000001858c00000)]
  0x00000192d54eb5c0 JavaThread "Unconstrained build operations Thread 75" [_thread_blocked, id=21200, stack(0x0000001858c00000,0x0000001858d00000)]
  0x00000192d54ec900 JavaThread "Unconstrained build operations Thread 76" [_thread_blocked, id=7208, stack(0x0000001858d00000,0x0000001858e00000)]
  0x00000192d54ea750 JavaThread "Unconstrained build operations Thread 77" [_thread_blocked, id=27876, stack(0x0000001858e00000,0x0000001858f00000)]
  0x00000192d54eac20 JavaThread "Unconstrained build operations Thread 78" [_thread_blocked, id=8684, stack(0x0000001858f00000,0x0000001859000000)]
  0x00000192d54eb0f0 JavaThread "Unconstrained build operations Thread 79" [_thread_blocked, id=25148, stack(0x0000001859000000,0x0000001859100000)]
  0x00000192d54eba90 JavaThread "Unconstrained build operations Thread 80" [_thread_blocked, id=19196, stack(0x0000001859100000,0x0000001859200000)]
  0x00000192d54ebf60 JavaThread "Unconstrained build operations Thread 81" [_thread_blocked, id=18508, stack(0x0000001859200000,0x0000001859300000)]
  0x00000192d54ec430 JavaThread "Unconstrained build operations Thread 82" [_thread_blocked, id=7924, stack(0x0000001859300000,0x0000001859400000)]
  0x00000192d78a5de0 JavaThread "Unconstrained build operations Thread 83" [_thread_blocked, id=4436, stack(0x0000001859400000,0x0000001859500000)]
  0x00000192d78a8930 JavaThread "Unconstrained build operations Thread 84" [_thread_blocked, id=23248, stack(0x0000001859500000,0x0000001859600000)]
  0x00000192d78a75f0 JavaThread "Unconstrained build operations Thread 85" [_thread_blocked, id=12164, stack(0x0000001859600000,0x0000001859700000)]
  0x00000192d78a62b0 JavaThread "Unconstrained build operations Thread 86" [_thread_blocked, id=25088, stack(0x0000001859700000,0x0000001859800000)]
  0x00000192d78a5910 JavaThread "Unconstrained build operations Thread 87" [_thread_blocked, id=25960, stack(0x0000001859800000,0x0000001859900000)]
  0x00000192d78a7f90 JavaThread "Unconstrained build operations Thread 88" [_thread_blocked, id=21304, stack(0x0000001859900000,0x0000001859a00000)]
  0x00000192d78a7120 JavaThread "Unconstrained build operations Thread 89" [_thread_blocked, id=18932, stack(0x0000001859a00000,0x0000001859b00000)]
  0x00000192d78a7ac0 JavaThread "Unconstrained build operations Thread 90" [_thread_blocked, id=19284, stack(0x0000001859b00000,0x0000001859c00000)]
  0x00000192d78a6780 JavaThread "Unconstrained build operations Thread 91" [_thread_blocked, id=28156, stack(0x0000001859c00000,0x0000001859d00000)]
  0x00000192d78a6c50 JavaThread "Unconstrained build operations Thread 92" [_thread_blocked, id=22884, stack(0x0000001859d00000,0x0000001859e00000)]
  0x00000192d78a8460 JavaThread "Unconstrained build operations Thread 93" [_thread_blocked, id=22024, stack(0x0000001859e00000,0x0000001859f00000)]
  0x00000192d78a92d0 JavaThread "Unconstrained build operations Thread 94" [_thread_blocked, id=7392, stack(0x0000001859f00000,0x000000185a000000)]
  0x00000192d78a8e00 JavaThread "Unconstrained build operations Thread 95" [_thread_blocked, id=25840, stack(0x000000185a000000,0x000000185a100000)]
  0x00000192d5679ce0 JavaThread "Unconstrained build operations Thread 96" [_thread_blocked, id=25880, stack(0x000000185a100000,0x000000185a200000)]
  0x00000192d5677190 JavaThread "Unconstrained build operations Thread 97" [_thread_blocked, id=22400, stack(0x000000185a200000,0x000000185a300000)]
  0x00000192d5678000 JavaThread "Unconstrained build operations Thread 98" [_thread_blocked, id=21944, stack(0x000000185a300000,0x000000185a400000)]
  0x00000192d567a1b0 JavaThread "Unconstrained build operations Thread 99" [_thread_blocked, id=27120, stack(0x000000185a400000,0x000000185a500000)]
  0x00000192d5676cc0 JavaThread "Unconstrained build operations Thread 100" [_thread_blocked, id=28004, stack(0x000000185a500000,0x000000185a600000)]
  0x00000192d56767f0 JavaThread "Unconstrained build operations Thread 101" [_thread_blocked, id=22200, stack(0x000000185a600000,0x000000185a700000)]
  0x00000192d5677b30 JavaThread "Unconstrained build operations Thread 102" [_thread_blocked, id=13800, stack(0x000000185a700000,0x000000185a800000)]
  0x00000192d567a680 JavaThread "Unconstrained build operations Thread 103" [_thread_blocked, id=24228, stack(0x000000185a800000,0x000000185a900000)]
  0x00000192d567ab50 JavaThread "Unconstrained build operations Thread 104" [_thread_blocked, id=13288, stack(0x000000185a900000,0x000000185aa00000)]
  0x00000192d5677660 JavaThread "Unconstrained build operations Thread 105" [_thread_blocked, id=24532, stack(0x000000185aa00000,0x000000185ab00000)]
  0x00000192d567b4f0 JavaThread "Unconstrained build operations Thread 106" [_thread_blocked, id=20556, stack(0x000000185ab00000,0x000000185ac00000)]
  0x00000192d5679810 JavaThread "Unconstrained build operations Thread 107" [_thread_blocked, id=23492, stack(0x000000185ac00000,0x000000185ad00000)]
  0x00000192d567b020 JavaThread "Unconstrained build operations Thread 108" [_thread_blocked, id=17832, stack(0x000000185ad00000,0x000000185ae00000)]
  0x00000192d567b9c0 JavaThread "Unconstrained build operations Thread 109" [_thread_blocked, id=19328, stack(0x000000185ae00000,0x000000185af00000)]
  0x00000192d56784d0 JavaThread "Unconstrained build operations Thread 110" [_thread_blocked, id=11840, stack(0x000000185af00000,0x000000185b000000)]
  0x00000192d5679340 JavaThread "Unconstrained build operations Thread 111" [_thread_blocked, id=18388, stack(0x000000185b000000,0x000000185b100000)]
  0x00000192d567be90 JavaThread "Unconstrained build operations Thread 112" [_thread_blocked, id=28312, stack(0x000000185b100000,0x000000185b200000)]
  0x00000192d567c360 JavaThread "Unconstrained build operations Thread 113" [_thread_blocked, id=1936, stack(0x000000185b200000,0x000000185b300000)]
  0x00000192d5678e70 JavaThread "Unconstrained build operations Thread 114" [_thread_blocked, id=24980, stack(0x000000185b300000,0x000000185b400000)]
  0x00000192d56789a0 JavaThread "Unconstrained build operations Thread 115" [_thread_blocked, id=12324, stack(0x000000185b500000,0x000000185b600000)]
  0x00000192d567c830 JavaThread "Unconstrained build operations Thread 116" [_thread_blocked, id=18564, stack(0x000000185b600000,0x000000185b700000)]
  0x00000192d567d1d0 JavaThread "Unconstrained build operations Thread 117" [_thread_blocked, id=26412, stack(0x000000185b700000,0x000000185b800000)]
  0x00000192d567d6a0 JavaThread "Unconstrained build operations Thread 118" [_thread_blocked, id=18936, stack(0x000000185b800000,0x000000185b900000)]
  0x00000192d567db70 JavaThread "Unconstrained build operations Thread 119" [_thread_blocked, id=7508, stack(0x000000185b900000,0x000000185ba00000)]
  0x00000192d567cd00 JavaThread "Unconstrained build operations Thread 120" [_thread_blocked, id=17820, stack(0x000000185ba00000,0x000000185bb00000)]
  0x00000192d7cbf860 JavaThread "jar transforms Thread 6" [_thread_blocked, id=20892, stack(0x000000185bb00000,0x000000185bc00000)]
  0x00000192d7cc2d50 JavaThread "jar transforms Thread 7" [_thread_blocked, id=10204, stack(0x000000185bc00000,0x000000185bd00000)]
  0x00000192d7cc06d0 JavaThread "jar transforms Thread 8" [_thread_blocked, id=816, stack(0x000000185bd00000,0x000000185be00000)]
  0x00000192d7cc0200 JavaThread "jar transforms Thread 9" [_thread_blocked, id=25756, stack(0x000000185be00000,0x000000185bf00000)]
  0x00000192d7cc1540 JavaThread "jar transforms Thread 10" [_thread_blocked, id=21036, stack(0x000000185bf00000,0x000000185c000000)]
  0x00000192d7cc3220 JavaThread "jar transforms Thread 11" [_thread_blocked, id=11776, stack(0x000000185c000000,0x000000185c100000)]
  0x00000192d7cc1ee0 JavaThread "jar transforms Thread 12" [_thread_blocked, id=12864, stack(0x000000185c100000,0x000000185c200000)]
  0x00000192d1270800 JavaThread "C2 CompilerThread1" daemon [_thread_blocked, id=5612, stack(0x0000001851900000,0x0000001851a00000)]
  0x00000192d7cc0ba0 JavaThread "build event listener" [_thread_blocked, id=28284, stack(0x000000185b400000,0x000000185b500000)]
  0x00000192d7cc1a10 JavaThread "Memory manager" [_thread_blocked, id=23308, stack(0x000000185c200000,0x000000185c300000)]
  0x00000192da39c520 JavaThread "C2 CompilerThread2" daemon [_thread_blocked, id=10488, stack(0x000000185c300000,0x000000185c400000)]

Other Threads:
=>0x00000192cf6eed10 VMThread "VM Thread" [stack: 0x0000001850c00000,0x0000001850d00000] [id=5164]
  0x00000192b3511620 WatcherThread [stack: 0x0000001851800000,0x0000001851900000] [id=26868]
  0x00000192b34f3680 GCTaskThread "GC Thread#0" [stack: 0x0000001850700000,0x0000001850800000] [id=22768]
  0x00000192d123f420 GCTaskThread "GC Thread#1" [stack: 0x0000001851a00000,0x0000001851b00000] [id=23220]
  0x00000192d10f5030 GCTaskThread "GC Thread#2" [stack: 0x0000001851b00000,0x0000001851c00000] [id=22388]
  0x00000192d10f52e0 GCTaskThread "GC Thread#3" [stack: 0x0000001851c00000,0x0000001851d00000] [id=7944]
  0x00000192d0e557d0 GCTaskThread "GC Thread#4" [stack: 0x0000001851d00000,0x0000001851e00000] [id=26208]
  0x00000192d0e55a80 GCTaskThread "GC Thread#5" [stack: 0x0000001851e00000,0x0000001851f00000] [id=4940]
  0x00000192d2c30e90 GCTaskThread "GC Thread#6" [stack: 0x0000001852900000,0x0000001852a00000] [id=8900]
  0x00000192d3096100 GCTaskThread "GC Thread#7" [stack: 0x0000001852a00000,0x0000001852b00000] [id=23548]
  0x00000192d283b9e0 GCTaskThread "GC Thread#8" [stack: 0x0000001852b00000,0x0000001852c00000] [id=12768]
  0x00000192d283bc90 GCTaskThread "GC Thread#9" [stack: 0x0000001852c00000,0x0000001852d00000] [id=14072]
  0x00000192b35044d0 ConcurrentGCThread "G1 Main Marker" [stack: 0x0000001850800000,0x0000001850900000] [id=10088]
  0x00000192b3504df0 ConcurrentGCThread "G1 Conc#0" [stack: 0x0000001850900000,0x0000001850a00000] [id=23880]
  0x00000192d3099530 ConcurrentGCThread "G1 Conc#1" [stack: 0x0000001852d00000,0x0000001852e00000] [id=14240]
  0x00000192d1cf4620 ConcurrentGCThread "G1 Conc#2" [stack: 0x0000001852e00000,0x0000001852f00000] [id=24012]
  0x00000192b354df50 ConcurrentGCThread "G1 Refine#0" [stack: 0x0000001850a00000,0x0000001850b00000] [id=25232]
  0x00000192b354e720 ConcurrentGCThread "G1 Service" [stack: 0x0000001850b00000,0x0000001850c00000] [id=26808]

Threads with active compile tasks:
C2 CompilerThread0    10486 6356       4       java.lang.ClassLoader::getDefinedPackage (36 bytes)
C2 CompilerThread1    10486 6333   !   4       java.util.jar.Attributes::read (494 bytes)

VM state: at safepoint (normal execution)

VM Mutex/Monitor currently owned by a thread:  ([mutex/lock_event])
[0x00000192b348f300] Threads_lock - owner thread: 0x00000192cf6eed10
[0x00000192b348f8a0] Heap_lock - owner thread: 0x00000192d2e14c10

Heap address: 0x0000000080000000, size: 2048 MB, Compressed Oops mode: 32-bit

CDS archive(s) not mapped
Compressed class space mapped at: 0x0000000100000000-0x0000000140000000, reserved size: 1073741824
Narrow klass base: 0x0000000000000000, Narrow klass shift: 3, Narrow klass range: 0x140000000

GC Precious Log:
 CPUs: 12 total, 12 available
 Memory: 16016M
 Large Page Support: Disabled
 NUMA Support: Disabled
 Compressed Oops: Enabled (32-bit)
 Heap Region Size: 1M
 Heap Min Capacity: 8M
 Heap Initial Capacity: 252M
 Heap Max Capacity: 2G
 Pre-touch: Disabled
 Parallel Workers: 10
 Concurrent Workers: 3
 Concurrent Refinement Workers: 10
 Periodic GC: Disabled

Heap:
 garbage-first heap   total 104448K, used 51372K [0x0000000080000000, 0x0000000100000000)
  region size 1024K, 2 young (2048K), 2 survivors (2048K)
 Metaspace       used 64090K, committed 64576K, reserved 1105920K
  class space    used 8555K, committed 8768K, reserved 1048576K

Heap Regions: E=young(eden), S=young(survivor), O=old, HS=humongous(starts), HC=humongous(continues), CS=collection set, F=free, OA=open archive, CA=closed archive, TAMS=top-at-mark-start (previous, next)
|   0|0x0000000080000000, 0x0000000080100000, 0x0000000080100000|100%|HS|  |TAMS 0x0000000080100000, 0x0000000080000000| Complete 
|   1|0x0000000080100000, 0x0000000080200000, 0x0000000080200000|100%|HC|  |TAMS 0x0000000080200000, 0x0000000080100000| Complete 
|   2|0x0000000080200000, 0x0000000080300000, 0x0000000080300000|100%|HC|  |TAMS 0x0000000080300000, 0x0000000080200000| Complete 
|   3|0x0000000080300000, 0x0000000080400000, 0x0000000080400000|100%|HC|  |TAMS 0x0000000080400000, 0x0000000080300000| Complete 
|   4|0x0000000080400000, 0x0000000080500000, 0x0000000080500000|100%| O|  |TAMS 0x0000000080500000, 0x0000000080400000| Untracked 
|   5|0x0000000080500000, 0x0000000080600000, 0x0000000080600000|100%| O|  |TAMS 0x0000000080600000, 0x0000000080500000| Untracked 
|   6|0x0000000080600000, 0x0000000080700000, 0x0000000080700000|100%| O|  |TAMS 0x0000000080700000, 0x0000000080600000| Untracked 
|   7|0x0000000080700000, 0x0000000080800000, 0x0000000080800000|100%| O|  |TAMS 0x0000000080800000, 0x0000000080700000| Untracked 
|   8|0x0000000080800000, 0x0000000080900000, 0x0000000080900000|100%| O|  |TAMS 0x0000000080900000, 0x0000000080800000| Untracked 
|   9|0x0000000080900000, 0x0000000080a00000, 0x0000000080a00000|100%| O|  |TAMS 0x0000000080a00000, 0x0000000080900000| Untracked 
|  10|0x0000000080a00000, 0x0000000080b00000, 0x0000000080b00000|100%| O|  |TAMS 0x0000000080b00000, 0x0000000080a00000| Untracked 
|  11|0x0000000080b00000, 0x0000000080b5f400, 0x0000000080c00000| 37%| O|  |TAMS 0x0000000080b5f400, 0x0000000080b00000| Untracked 
|  12|0x0000000080c00000, 0x0000000080d00000, 0x0000000080d00000|100%| O|  |TAMS 0x0000000080d00000, 0x0000000080c00000| Untracked 
|  13|0x0000000080d00000, 0x0000000080e00000, 0x0000000080e00000|100%| O|  |TAMS 0x0000000080e00000, 0x0000000080d00000| Untracked 
|  14|0x0000000080e00000, 0x0000000080f00000, 0x0000000080f00000|100%| O|  |TAMS 0x0000000080f00000, 0x0000000080e00000| Untracked 
|  15|0x0000000080f00000, 0x0000000081000000, 0x0000000081000000|100%| O|  |TAMS 0x0000000081000000, 0x0000000080f00000| Untracked 
|  16|0x0000000081000000, 0x0000000081100000, 0x0000000081100000|100%| O|  |TAMS 0x0000000081100000, 0x0000000081000000| Untracked 
|  17|0x0000000081100000, 0x0000000081200000, 0x0000000081200000|100%| O|  |TAMS 0x0000000081200000, 0x0000000081100000| Untracked 
|  18|0x0000000081200000, 0x0000000081300000, 0x0000000081300000|100%| O|  |TAMS 0x0000000081300000, 0x0000000081200000| Untracked 
|  19|0x0000000081300000, 0x0000000081400000, 0x0000000081400000|100%| O|  |TAMS 0x0000000081400000, 0x0000000081300000| Untracked 
|  20|0x0000000081400000, 0x0000000081500000, 0x0000000081500000|100%| O|  |TAMS 0x0000000081500000, 0x0000000081400000| Untracked 
|  21|0x0000000081500000, 0x0000000081600000, 0x0000000081600000|100%| O|  |TAMS 0x0000000081600000, 0x0000000081500000| Untracked 
|  22|0x0000000081600000, 0x0000000081700000, 0x0000000081700000|100%| O|  |TAMS 0x0000000081700000, 0x0000000081600000| Untracked 
|  23|0x0000000081700000, 0x0000000081800000, 0x0000000081800000|100%| O|  |TAMS 0x0000000081800000, 0x0000000081700000| Complete 
|  24|0x0000000081800000, 0x0000000081900000, 0x0000000081900000|100%| O|  |TAMS 0x0000000081900000, 0x0000000081800000| Untracked 
|  25|0x0000000081900000, 0x0000000081a00000, 0x0000000081a00000|100%| O|  |TAMS 0x0000000081a00000, 0x0000000081900000| Untracked 
|  26|0x0000000081a00000, 0x0000000081b00000, 0x0000000081b00000|100%| O|  |TAMS 0x0000000081b00000, 0x0000000081a00000| Untracked 
|  27|0x0000000081b00000, 0x0000000081c00000, 0x0000000081c00000|100%| O|  |TAMS 0x0000000081c00000, 0x0000000081b00000| Untracked 
|  28|0x0000000081c00000, 0x0000000081d00000, 0x0000000081d00000|100%| O|  |TAMS 0x0000000081d00000, 0x0000000081c00000| Untracked 
|  29|0x0000000081d00000, 0x0000000081e00000, 0x0000000081e00000|100%| O|  |TAMS 0x0000000081e00000, 0x0000000081d00000| Untracked 
|  30|0x0000000081e00000, 0x0000000081f00000, 0x0000000081f00000|100%| O|  |TAMS 0x0000000081f00000, 0x0000000081e00000| Untracked 
|  31|0x0000000081f00000, 0x0000000082000000, 0x0000000082000000|100%| O|  |TAMS 0x0000000082000000, 0x0000000081f00000| Untracked 
|  32|0x0000000082000000, 0x0000000082100000, 0x0000000082100000|100%| O|  |TAMS 0x0000000082100000, 0x0000000082000000| Untracked 
|  33|0x0000000082100000, 0x0000000082200000, 0x0000000082200000|100%| O|  |TAMS 0x0000000082200000, 0x0000000082100000| Untracked 
|  34|0x0000000082200000, 0x0000000082300000, 0x0000000082300000|100%|HS|  |TAMS 0x0000000082300000, 0x0000000082200000| Complete 
|  35|0x0000000082300000, 0x0000000082400000, 0x0000000082400000|100%|HS|  |TAMS 0x0000000082400000, 0x0000000082300000| Complete 
|  36|0x0000000082400000, 0x0000000082500000, 0x0000000082500000|100%|HS|  |TAMS 0x0000000082500000, 0x0000000082400000| Complete 
|  37|0x0000000082500000, 0x0000000082600000, 0x0000000082600000|100%| O|  |TAMS 0x0000000082600000, 0x0000000082500000| Untracked 
|  38|0x0000000082600000, 0x0000000082700000, 0x0000000082700000|100%| O|  |TAMS 0x0000000082700000, 0x0000000082600000| Untracked 
|  39|0x0000000082700000, 0x0000000082800000, 0x0000000082800000|100%| O|  |TAMS 0x0000000082800000, 0x0000000082700000| Untracked 
|  40|0x0000000082800000, 0x0000000082900000, 0x0000000082900000|100%| O|  |TAMS 0x0000000082900000, 0x0000000082800000| Untracked 
|  41|0x0000000082900000, 0x0000000082a00000, 0x0000000082a00000|100%| O|  |TAMS 0x0000000082a00000, 0x0000000082900000| Untracked 
|  42|0x0000000082a00000, 0x0000000082b00000, 0x0000000082b00000|100%| O|  |TAMS 0x0000000082b00000, 0x0000000082a00000| Untracked 
|  43|0x0000000082b00000, 0x0000000082c00000, 0x0000000082c00000|100%| O|  |TAMS 0x0000000082c00000, 0x0000000082b00000| Untracked 
|  44|0x0000000082c00000, 0x0000000082d00000, 0x0000000082d00000|100%| O|  |TAMS 0x0000000082d00000, 0x0000000082c00000| Untracked 
|  45|0x0000000082d00000, 0x0000000082e00000, 0x0000000082e00000|100%| O|  |TAMS 0x0000000082e00000, 0x0000000082d00000| Untracked 
|  46|0x0000000082e00000, 0x0000000082f00000, 0x0000000082f00000|100%| O|  |TAMS 0x0000000082e00000, 0x0000000082e00000| Untracked 
|  47|0x0000000082f00000, 0x0000000083000000, 0x0000000083000000|100%| O|  |TAMS 0x0000000082f00000, 0x0000000082f00000| Untracked 
|  48|0x0000000083000000, 0x00000000830cbe00, 0x0000000083100000| 79%| O|  |TAMS 0x0000000083000000, 0x0000000083000000| Untracked 
|  49|0x0000000083100000, 0x0000000083100000, 0x0000000083200000|  0%| F|  |TAMS 0x0000000083100000, 0x0000000083100000| Untracked 
|  50|0x0000000083200000, 0x0000000083200000, 0x0000000083300000|  0%| F|  |TAMS 0x0000000083200000, 0x0000000083200000| Untracked 
|  51|0x0000000083300000, 0x0000000083300000, 0x0000000083400000|  0%| F|  |TAMS 0x0000000083300000, 0x0000000083300000| Untracked 
|  52|0x0000000083400000, 0x0000000083400000, 0x0000000083500000|  0%| F|  |TAMS 0x0000000083400000, 0x0000000083400000| Untracked 
|  53|0x0000000083500000, 0x0000000083500000, 0x0000000083600000|  0%| F|  |TAMS 0x0000000083500000, 0x0000000083500000| Untracked 
|  54|0x0000000083600000, 0x0000000083600000, 0x0000000083700000|  0%| F|  |TAMS 0x0000000083600000, 0x0000000083600000| Untracked 
|  55|0x0000000083700000, 0x0000000083700000, 0x0000000083800000|  0%| F|  |TAMS 0x0000000083700000, 0x0000000083700000| Untracked 
|  56|0x0000000083800000, 0x0000000083800000, 0x0000000083900000|  0%| F|  |TAMS 0x0000000083800000, 0x0000000083800000| Untracked 
|  57|0x0000000083900000, 0x0000000083900000, 0x0000000083a00000|  0%| F|  |TAMS 0x0000000083900000, 0x0000000083900000| Untracked 
|  58|0x0000000083a00000, 0x0000000083a00000, 0x0000000083b00000|  0%| F|  |TAMS 0x0000000083a00000, 0x0000000083a00000| Untracked 
|  59|0x0000000083b00000, 0x0000000083b00000, 0x0000000083c00000|  0%| F|  |TAMS 0x0000000083b00000, 0x0000000083b00000| Untracked 
|  60|0x0000000083c00000, 0x0000000083c00000, 0x0000000083d00000|  0%| F|  |TAMS 0x0000000083c00000, 0x0000000083c00000| Untracked 
|  61|0x0000000083d00000, 0x0000000083d00000, 0x0000000083e00000|  0%| F|  |TAMS 0x0000000083d00000, 0x0000000083d00000| Untracked 
|  62|0x0000000083e00000, 0x0000000083e00000, 0x0000000083f00000|  0%| F|  |TAMS 0x0000000083e00000, 0x0000000083e00000| Untracked 
|  63|0x0000000083f00000, 0x0000000083f00000, 0x0000000084000000|  0%| F|  |TAMS 0x0000000083f00000, 0x0000000083f00000| Untracked 
|  64|0x0000000084000000, 0x0000000084000000, 0x0000000084100000|  0%| F|  |TAMS 0x0000000084000000, 0x0000000084000000| Untracked 
|  65|0x0000000084100000, 0x0000000084100000, 0x0000000084200000|  0%| F|  |TAMS 0x0000000084100000, 0x0000000084100000| Untracked 
|  66|0x0000000084200000, 0x0000000084200000, 0x0000000084300000|  0%| F|  |TAMS 0x0000000084200000, 0x0000000084200000| Untracked 
|  67|0x0000000084300000, 0x0000000084300000, 0x0000000084400000|  0%| F|  |TAMS 0x0000000084300000, 0x0000000084300000| Untracked 
|  68|0x0000000084400000, 0x0000000084400000, 0x0000000084500000|  0%| F|  |TAMS 0x0000000084400000, 0x0000000084400000| Untracked 
|  69|0x0000000084500000, 0x0000000084500000, 0x0000000084600000|  0%| F|  |TAMS 0x0000000084500000, 0x0000000084500000| Untracked 
|  70|0x0000000084600000, 0x0000000084600000, 0x0000000084700000|  0%| F|  |TAMS 0x0000000084600000, 0x0000000084600000| Untracked 
|  71|0x0000000084700000, 0x0000000084700000, 0x0000000084800000|  0%| F|  |TAMS 0x0000000084700000, 0x0000000084700000| Untracked 
|  72|0x0000000084800000, 0x0000000084800000, 0x0000000084900000|  0%| F|  |TAMS 0x0000000084800000, 0x0000000084800000| Untracked 
|  73|0x0000000084900000, 0x0000000084900000, 0x0000000084a00000|  0%| F|  |TAMS 0x0000000084900000, 0x0000000084900000| Untracked 
|  74|0x0000000084a00000, 0x0000000084a00000, 0x0000000084b00000|  0%| F|  |TAMS 0x0000000084a00000, 0x0000000084a00000| Untracked 
|  75|0x0000000084b00000, 0x0000000084b00000, 0x0000000084c00000|  0%| F|  |TAMS 0x0000000084b00000, 0x0000000084b00000| Untracked 
|  76|0x0000000084c00000, 0x0000000084c00000, 0x0000000084d00000|  0%| F|  |TAMS 0x0000000084c00000, 0x0000000084c00000| Untracked 
|  77|0x0000000084d00000, 0x0000000084d00000, 0x0000000084e00000|  0%| F|  |TAMS 0x0000000084d00000, 0x0000000084d00000| Untracked 
|  78|0x0000000084e00000, 0x0000000084e00000, 0x0000000084f00000|  0%| F|  |TAMS 0x0000000084e00000, 0x0000000084e00000| Untracked 
|  79|0x0000000084f00000, 0x0000000084f00000, 0x0000000085000000|  0%| F|  |TAMS 0x0000000084f00000, 0x0000000084f00000| Untracked 
|  80|0x0000000085000000, 0x0000000085000000, 0x0000000085100000|  0%| F|  |TAMS 0x0000000085000000, 0x0000000085000000| Untracked 
|  81|0x0000000085100000, 0x0000000085100000, 0x0000000085200000|  0%| F|  |TAMS 0x0000000085100000, 0x0000000085100000| Untracked 
|  82|0x0000000085200000, 0x0000000085200000, 0x0000000085300000|  0%| F|  |TAMS 0x0000000085200000, 0x0000000085200000| Untracked 
|  83|0x0000000085300000, 0x0000000085300000, 0x0000000085400000|  0%| F|  |TAMS 0x0000000085300000, 0x0000000085300000| Untracked 
|  84|0x0000000085400000, 0x0000000085400000, 0x0000000085500000|  0%| F|  |TAMS 0x0000000085400000, 0x0000000085400000| Untracked 
|  85|0x0000000085500000, 0x0000000085600000, 0x0000000085600000|100%| S|CS|TAMS 0x0000000085500000, 0x0000000085500000| Complete 
|  86|0x0000000085600000, 0x0000000085700000, 0x0000000085700000|100%| S|CS|TAMS 0x0000000085600000, 0x0000000085600000| Complete 
|  87|0x0000000085700000, 0x0000000085700000, 0x0000000085800000|  0%| F|  |TAMS 0x0000000085700000, 0x0000000085700000| Untracked 
|  88|0x0000000085800000, 0x0000000085800000, 0x0000000085900000|  0%| F|  |TAMS 0x0000000085800000, 0x0000000085800000| Untracked 
|  89|0x0000000085900000, 0x0000000085900000, 0x0000000085a00000|  0%| F|  |TAMS 0x0000000085900000, 0x0000000085900000| Untracked 
|  90|0x0000000085a00000, 0x0000000085a00000, 0x0000000085b00000|  0%| F|  |TAMS 0x0000000085a00000, 0x0000000085a00000| Untracked 
|  91|0x0000000085b00000, 0x0000000085b00000, 0x0000000085c00000|  0%| F|  |TAMS 0x0000000085b00000, 0x0000000085b00000| Untracked 
| 200|0x000000008c800000, 0x000000008c800000, 0x000000008c900000|  0%| F|  |TAMS 0x000000008c800000, 0x000000008c800000| Untracked 
| 201|0x000000008c900000, 0x000000008c900000, 0x000000008ca00000|  0%| F|  |TAMS 0x000000008c900000, 0x000000008c900000| Untracked 
| 202|0x000000008ca00000, 0x000000008ca00000, 0x000000008cb00000|  0%| F|  |TAMS 0x000000008ca00000, 0x000000008ca00000| Untracked 
| 203|0x000000008cb00000, 0x000000008cb00000, 0x000000008cc00000|  0%| F|  |TAMS 0x000000008cb00000, 0x000000008cb00000| Untracked 
| 204|0x000000008cc00000, 0x000000008cc00000, 0x000000008cd00000|  0%| F|  |TAMS 0x000000008cc00000, 0x000000008cc00000| Untracked 
| 205|0x000000008cd00000, 0x000000008cd00000, 0x000000008ce00000|  0%| F|  |TAMS 0x000000008cd00000, 0x000000008cd00000| Untracked 
| 206|0x000000008ce00000, 0x000000008ce00000, 0x000000008cf00000|  0%| F|  |TAMS 0x000000008ce00000, 0x000000008ce00000| Untracked 
| 207|0x000000008cf00000, 0x000000008cf00000, 0x000000008d000000|  0%| F|  |TAMS 0x000000008cf00000, 0x000000008cf00000| Untracked 
| 208|0x000000008d000000, 0x000000008d000000, 0x000000008d100000|  0%| F|  |TAMS 0x000000008d000000, 0x000000008d000000| Untracked 
| 251|0x000000008fb00000, 0x000000008fb00000, 0x000000008fc00000|  0%| F|  |TAMS 0x000000008fb00000, 0x000000008fb00000| Untracked 

Card table byte_map: [0x00000192c81b0000,0x00000192c85b0000] _byte_map_base: 0x00000192c7db0000

Marking Bits (Prev, Next): (CMBitMap*) 0x00000192b34f3ba0, (CMBitMap*) 0x00000192b34f3be0
 Prev Bits: [0x00000192c89b0000, 0x00000192ca9b0000)
 Next Bits: [0x00000192ca9b0000, 0x00000192cc9b0000)

Polling page: 0x00000192b31e0000

Metaspace:

Usage:
  Non-class:     54.23 MB used.
      Class:      8.35 MB used.
       Both:     62.59 MB used.

Virtual space:
  Non-class space:       56.00 MB reserved,      54.50 MB ( 97%) committed,  7 nodes.
      Class space:        1.00 GB reserved,       8.56 MB ( <1%) committed,  1 nodes.
             Both:        1.05 GB reserved,      63.06 MB (  6%) committed. 

Chunk freelists:
   Non-Class:  832.00 KB
       Class:  3.45 MB
        Both:  4.27 MB

MaxMetaspaceSize: unlimited
CompressedClassSpaceSize: 1.00 GB
Initial GC threshold: 21.00 MB
Current GC threshold: 104.81 MB
CDS: off
MetaspaceReclaimPolicy: balanced
 - commit_granule_bytes: 65536.
 - commit_granule_words: 8192.
 - virtual_space_node_default_size: 1048576.
 - enlarge_chunks_in_place: 1.
 - new_chunks_are_fully_committed: 0.
 - uncommit_free_chunks: 1.
 - use_allocation_guard: 0.
 - handle_deallocations: 1.


Internal statistics:

num_allocs_failed_limit: 6.
num_arena_births: 706.
num_arena_deaths: 0.
num_vsnodes_births: 8.
num_vsnodes_deaths: 0.
num_space_committed: 1009.
num_space_uncommitted: 0.
num_chunks_returned_to_freelist: 6.
num_chunks_taken_from_freelist: 2778.
num_chunk_merges: 6.
num_chunk_splits: 1843.
num_chunks_enlarged: 1262.
num_purges: 0.
num_inconsistent_stats: 0.

CodeHeap 'non-profiled nmethods': size=120000Kb used=3122Kb max_used=3378Kb free=116877Kb
 bounds [0x00000192bfc00000, 0x00000192bff50000, 0x00000192c7130000]
CodeHeap 'profiled nmethods': size=120000Kb used=10373Kb max_used=10626Kb free=109626Kb
 bounds [0x00000192b8130000, 0x00000192b8ba0000, 0x00000192bf660000]
CodeHeap 'non-nmethods': size=5760Kb used=2349Kb max_used=2398Kb free=3410Kb
 bounds [0x00000192bf660000, 0x00000192bf8d0000, 0x00000192bfc00000]
 total_blobs=6438 nmethods=5562 adapters=788
 compilation: enabled
              stopped_count=0, restarted_count=0
 full_count=0

Compilation events (20 events):
Event: 8.405 Thread 0x00000192da39c520 6324       4       java.util.jar.Manifest::parseName (84 bytes)
Event: 8.408 Thread 0x00000192da39c520 nmethod 6324 0x00000192bfc43910 code [0x00000192bfc43ac0, 0x00000192bfc43d48]
Event: 8.408 Thread 0x00000192da39c520 6293       4       java.lang.Character::isWhitespace (5 bytes)
Event: 8.408 Thread 0x00000192da39c520 nmethod 6293 0x00000192bfe5d010 code [0x00000192bfe5d1a0, 0x00000192bfe5d298]
Event: 8.408 Thread 0x00000192da39c520 6319       4       java.util.ImmutableCollections$MapN::get (35 bytes)
Event: 8.411 Thread 0x00000192d00a06a0 6353       3       java.security.CodeSource::getCertificates (98 bytes)
Event: 8.412 Thread 0x00000192d009fda0 nmethod 6299% 0x00000192bfe5c690 code [0x00000192bfe5c820, 0x00000192bfe5cd78]
Event: 8.412 Thread 0x00000192d009fda0 6321       4       java.io.ByteArrayOutputStream::<init> (43 bytes)
Event: 8.412 Thread 0x00000192d00a06a0 nmethod 6353 0x00000192b81cb510 code [0x00000192b81cb760, 0x00000192b81cc258]
Event: 8.413 Thread 0x00000192d009fda0 nmethod 6321 0x00000192bfe5c190 code [0x00000192bfe5c320, 0x00000192bfe5c578]
Event: 8.413 Thread 0x00000192d009fda0 6322       4       java.io.ByteArrayOutputStream::<init> (7 bytes)
Event: 8.415 Thread 0x00000192d009fda0 nmethod 6322 0x00000192bfe5bb90 code [0x00000192bfe5bd20, 0x00000192bfe5bed8]
Event: 8.415 Thread 0x00000192d009fda0 6323  s    4       java.io.ByteArrayOutputStream::write (43 bytes)
Event: 8.418 Thread 0x00000192da39c520 nmethod 6319 0x00000192bfc87190 code [0x00000192bfc87340, 0x00000192bfc87ae8]
Event: 8.419 Thread 0x00000192d009fda0 nmethod 6323 0x00000192bfc86590 code [0x00000192bfc86720, 0x00000192bfc86ed8]
Event: 8.421 Thread 0x00000192d00a06a0 6354       3       java.util.jar.JarFile::maybeInstantiateVerifier (42 bytes)
Event: 8.421 Thread 0x00000192d00a06a0 nmethod 6354 0x00000192b81cae90 code [0x00000192b81cb060, 0x00000192b81cb3d8]
Event: 8.428 Thread 0x00000192d00a06a0 6355       3       java.util.LinkedHashMap::get (29 bytes)
Event: 8.429 Thread 0x00000192d00a06a0 nmethod 6355 0x00000192b81ca990 code [0x00000192b81cab40, 0x00000192b81cad78]
Event: 8.432 Thread 0x00000192d009fda0 6356       4       java.lang.ClassLoader::getDefinedPackage (36 bytes)

GC Heap History (20 events):
Event: 4.450 GC heap after
{Heap after GC invocations=7 (full 0):
 garbage-first heap   total 71680K, used 24557K [0x0000000080000000, 0x0000000100000000)
  region size 1024K, 4 young (4096K), 4 survivors (4096K)
 Metaspace       used 35624K, committed 35968K, reserved 1081344K
  class space    used 4877K, committed 5056K, reserved 1048576K
}
Event: 4.779 GC heap before
{Heap before GC invocations=8 (full 0):
 garbage-first heap   total 71680K, used 51181K [0x0000000080000000, 0x0000000100000000)
  region size 1024K, 31 young (31744K), 4 survivors (4096K)
 Metaspace       used 40390K, committed 40768K, reserved 1089536K
  class space    used 5363K, committed 5504K, reserved 1048576K
}
Event: 4.783 GC heap after
{Heap after GC invocations=9 (full 0):
 garbage-first heap   total 71680K, used 28501K [0x0000000080000000, 0x0000000100000000)
  region size 1024K, 4 young (4096K), 4 survivors (4096K)
 Metaspace       used 40390K, committed 40768K, reserved 1089536K
  class space    used 5363K, committed 5504K, reserved 1048576K
}
Event: 5.083 GC heap before
{Heap before GC invocations=9 (full 0):
 garbage-first heap   total 71680K, used 56149K [0x0000000080000000, 0x0000000100000000)
  region size 1024K, 28 young (28672K), 4 survivors (4096K)
 Metaspace       used 43145K, committed 43584K, reserved 1089536K
  class space    used 5675K, committed 5888K, reserved 1048576K
}
Event: 5.088 GC heap after
{Heap after GC invocations=10 (full 0):
 garbage-first heap   total 88064K, used 30885K [0x0000000080000000, 0x0000000100000000)
  region size 1024K, 3 young (3072K), 3 survivors (3072K)
 Metaspace       used 43145K, committed 43584K, reserved 1089536K
  class space    used 5675K, committed 5888K, reserved 1048576K
}
Event: 5.528 GC heap before
{Heap before GC invocations=10 (full 0):
 garbage-first heap   total 88064K, used 64677K [0x0000000080000000, 0x0000000100000000)
  region size 1024K, 36 young (36864K), 3 survivors (3072K)
 Metaspace       used 47058K, committed 47552K, reserved 1097728K
  class space    used 6203K, committed 6400K, reserved 1048576K
}
Event: 5.532 GC heap after
{Heap after GC invocations=11 (full 0):
 garbage-first heap   total 88064K, used 33185K [0x0000000080000000, 0x0000000100000000)
  region size 1024K, 5 young (5120K), 5 survivors (5120K)
 Metaspace       used 47058K, committed 47552K, reserved 1097728K
  class space    used 6203K, committed 6400K, reserved 1048576K
}
Event: 6.100 GC heap before
{Heap before GC invocations=11 (full 0):
 garbage-first heap   total 88064K, used 65953K [0x0000000080000000, 0x0000000100000000)
  region size 1024K, 37 young (37888K), 5 survivors (5120K)
 Metaspace       used 51660K, committed 52096K, reserved 1097728K
  class space    used 6926K, committed 7104K, reserved 1048576K
}
Event: 6.105 GC heap after
{Heap after GC invocations=12 (full 0):
 garbage-first heap   total 88064K, used 34832K [0x0000000080000000, 0x0000000100000000)
  region size 1024K, 4 young (4096K), 4 survivors (4096K)
 Metaspace       used 51660K, committed 52096K, reserved 1097728K
  class space    used 6926K, committed 7104K, reserved 1048576K
}
Event: 6.808 GC heap before
{Heap before GC invocations=12 (full 0):
 garbage-first heap   total 88064K, used 68624K [0x0000000080000000, 0x0000000100000000)
  region size 1024K, 37 young (37888K), 4 survivors (4096K)
 Metaspace       used 53137K, committed 53632K, reserved 1097728K
  class space    used 7118K, committed 7296K, reserved 1048576K
}
Event: 6.812 GC heap after
{Heap after GC invocations=13 (full 0):
 garbage-first heap   total 88064K, used 37279K [0x0000000080000000, 0x0000000100000000)
  region size 1024K, 4 young (4096K), 4 survivors (4096K)
 Metaspace       used 53137K, committed 53632K, reserved 1097728K
  class space    used 7118K, committed 7296K, reserved 1048576K
}
Event: 7.516 GC heap before
{Heap before GC invocations=13 (full 0):
 garbage-first heap   total 88064K, used 71071K [0x0000000080000000, 0x0000000100000000)
  region size 1024K, 34 young (34816K), 4 survivors (4096K)
 Metaspace       used 55813K, committed 56320K, reserved 1097728K
  class space    used 7472K, committed 7680K, reserved 1048576K
}
Event: 7.521 GC heap after
{Heap after GC invocations=14 (full 0):
 garbage-first heap   total 88064K, used 45823K [0x0000000080000000, 0x0000000100000000)
  region size 1024K, 5 young (5120K), 5 survivors (5120K)
 Metaspace       used 55813K, committed 56320K, reserved 1097728K
  class space    used 7472K, committed 7680K, reserved 1048576K
}
Event: 7.843 GC heap before
{Heap before GC invocations=14 (full 0):
 garbage-first heap   total 88064K, used 68351K [0x0000000080000000, 0x0000000100000000)
  region size 1024K, 27 young (27648K), 5 survivors (5120K)
 Metaspace       used 59534K, committed 60032K, reserved 1105920K
  class space    used 7902K, committed 8128K, reserved 1048576K
}
Event: 7.849 GC heap after
{Heap after GC invocations=15 (full 0):
 garbage-first heap   total 88064K, used 47534K [0x0000000080000000, 0x0000000100000000)
  region size 1024K, 2 young (2048K), 2 survivors (2048K)
 Metaspace       used 59534K, committed 60032K, reserved 1105920K
  class space    used 7902K, committed 8128K, reserved 1048576K
}
Event: 8.202 GC heap before
{Heap before GC invocations=16 (full 0):
 garbage-first heap   total 88064K, used 70062K [0x0000000080000000, 0x0000000100000000)
  region size 1024K, 24 young (24576K), 2 survivors (2048K)
 Metaspace       used 63824K, committed 64384K, reserved 1105920K
  class space    used 8493K, committed 8704K, reserved 1048576K
}
Event: 8.205 GC heap after
{Heap after GC invocations=17 (full 0):
 garbage-first heap   total 88064K, used 48927K [0x0000000080000000, 0x0000000100000000)
  region size 1024K, 3 young (3072K), 3 survivors (3072K)
 Metaspace       used 63824K, committed 64384K, reserved 1105920K
  class space    used 8493K, committed 8704K, reserved 1048576K
}
Event: 8.210 GC heap before
{Heap before GC invocations=17 (full 0):
 garbage-first heap   total 88064K, used 48927K [0x0000000080000000, 0x0000000100000000)
  region size 1024K, 4 young (4096K), 3 survivors (3072K)
 Metaspace       used 63830K, committed 64384K, reserved 1105920K
  class space    used 8494K, committed 8704K, reserved 1048576K
}
Event: 8.213 GC heap after
{Heap after GC invocations=18 (full 0):
 garbage-first heap   total 88064K, used 49639K [0x0000000080000000, 0x0000000100000000)
  region size 1024K, 1 young (1024K), 1 survivors (1024K)
 Metaspace       used 63830K, committed 64384K, reserved 1105920K
  class space    used 8494K, committed 8704K, reserved 1048576K
}
Event: 8.433 GC heap before
{Heap before GC invocations=19 (full 0):
 garbage-first heap   total 104448K, used 69095K [0x0000000080000000, 0x0000000100000000)
  region size 1024K, 15 young (15360K), 1 survivors (1024K)
 Metaspace       used 64090K, committed 64576K, reserved 1105920K
  class space    used 8555K, committed 8768K, reserved 1048576K
}

Dll operation events (2 events):
Event: 0.030 Loaded shared library C:\BTS\ANDROID\android-studio-girafe\android-studio-2022.3.1.19-windows\android-studio\jbr\bin\java.dll
Event: 0.639 Loaded shared library C:\BTS\ANDROID\android-studio-girafe\android-studio-2022.3.1.19-windows\android-studio\jbr\bin\verify.dll

Deoptimization events (20 events):
Event: 8.378 Thread 0x00000192d2e14c10 DEOPT PACKING pc=0x00000192b81ea633 sp=0x00000018525f2290
Event: 8.378 Thread 0x00000192d2e14c10 DEOPT UNPACKING pc=0x00000192bf6b7143 sp=0x00000018525f1700 mode 0
Event: 8.378 Thread 0x00000192d2e14c10 DEOPT PACKING pc=0x00000192b8162166 sp=0x00000018525f2250
Event: 8.378 Thread 0x00000192d2e14c10 DEOPT UNPACKING pc=0x00000192bf6b7143 sp=0x00000018525f16f8 mode 0
Event: 8.379 Thread 0x00000192d2e14c10 DEOPT PACKING pc=0x00000192b8162166 sp=0x00000018525f2230
Event: 8.379 Thread 0x00000192d2e14c10 DEOPT UNPACKING pc=0x00000192bf6b7143 sp=0x00000018525f16b0 mode 0
Event: 8.380 Thread 0x00000192d2e14c10 DEOPT PACKING pc=0x00000192b8162166 sp=0x00000018525f2230
Event: 8.380 Thread 0x00000192d2e14c10 DEOPT UNPACKING pc=0x00000192bf6b7143 sp=0x00000018525f16b0 mode 0
Event: 8.381 Thread 0x00000192d2e14c10 DEOPT PACKING pc=0x00000192b8162166 sp=0x00000018525f2230
Event: 8.381 Thread 0x00000192d2e14c10 DEOPT UNPACKING pc=0x00000192bf6b7143 sp=0x00000018525f16b0 mode 0
Event: 8.382 Thread 0x00000192d2e14c10 DEOPT PACKING pc=0x00000192b8162166 sp=0x00000018525f2230
Event: 8.382 Thread 0x00000192d2e14c10 DEOPT UNPACKING pc=0x00000192bf6b7143 sp=0x00000018525f16b0 mode 0
Event: 8.382 Thread 0x00000192d2e14c10 DEOPT PACKING pc=0x00000192b8162166 sp=0x00000018525f2230
Event: 8.382 Thread 0x00000192d2e14c10 DEOPT UNPACKING pc=0x00000192bf6b7143 sp=0x00000018525f16b0 mode 0
Event: 8.383 Thread 0x00000192d2e14c10 DEOPT PACKING pc=0x00000192b8162166 sp=0x00000018525f2230
Event: 8.383 Thread 0x00000192d2e14c10 DEOPT UNPACKING pc=0x00000192bf6b7143 sp=0x00000018525f16b0 mode 0
Event: 8.389 Thread 0x00000192d2e14c10 Uncommon trap: trap_request=0xffffff45 fr.pc=0x00000192bfdf59bc relative=0x000000000000009c
Event: 8.389 Thread 0x00000192d2e14c10 Uncommon trap: reason=unstable_if action=reinterpret pc=0x00000192bfdf59bc method=java.security.CodeSource.matchCerts(Ljava/security/CodeSource;Z)Z @ 11 c2
Event: 8.389 Thread 0x00000192d2e14c10 DEOPT PACKING pc=0x00000192bfdf59bc sp=0x00000018525f1030
Event: 8.389 Thread 0x00000192d2e14c10 DEOPT UNPACKING pc=0x00000192bf6b69a3 sp=0x00000018525f0fc8 mode 2

Classes unloaded (0 events):
No events

Classes redefined (0 events):
No events

Internal exceptions (20 events):
Event: 6.796 Thread 0x00000192d2eca420 Exception <a 'java/lang/NoSuchMethodError'{0x0000000083406f48}: static Lorg/gradle/internal/build/event/types/DefaultOperationFinishedProgressEvent;.<clinit>()V> (0x0000000083406f48) 
thrown [s\src\hotspot\share\prims\jni.cpp, line 1108]
Event: 6.798 Thread 0x00000192d2eca420 Exception <a 'java/lang/NoSuchMethodError'{0x000000008342aea0}: static Lorg/gradle/internal/build/event/types/DefaultProjectConfigurationSuccessResult;.<clinit>()V> (0x000000008342aea0) 
thrown [s\src\hotspot\share\prims\jni.cpp, line 1108]
Event: 6.799 Thread 0x00000192d2eca420 Exception <a 'java/lang/NoSuchMethodError'{0x000000008342bf58}: static Lorg/gradle/internal/build/event/types/AbstractProjectConfigurationResult;.<clinit>()V> (0x000000008342bf58) 
thrown [s\src\hotspot\share\prims\jni.cpp, line 1108]
Event: 6.799 Thread 0x00000192d2eca420 Exception <a 'java/lang/NoSuchMethodError'{0x000000008342d458}: static Lorg/gradle/internal/build/event/types/AbstractOperationResult;.<clinit>()V> (0x000000008342d458) 
thrown [s\src\hotspot\share\prims\jni.cpp, line 1108]
Event: 6.799 Thread 0x00000192d2eca420 Exception <a 'java/lang/NoSuchMethodError'{0x000000008342e660}: static Lorg/gradle/internal/build/event/types/AbstractResult;.<clinit>()V> (0x000000008342e660) 
thrown [s\src\hotspot\share\prims\jni.cpp, line 1108]
Event: 6.801 Thread 0x00000192d2eca420 Exception <a 'java/lang/NoSuchMethodError'{0x0000000083443460}: static Lorg/gradle/internal/build/event/types/DefaultPluginApplicationResult;.<clinit>()V> (0x0000000083443460) 
thrown [s\src\hotspot\share\prims\jni.cpp, line 1108]
Event: 6.802 Thread 0x00000192d2eca420 Exception <a 'java/lang/NoSuchMethodError'{0x000000008344e398}: static Lorg/gradle/internal/build/event/types/DefaultBinaryPluginIdentifier;.<clinit>()V> (0x000000008344e398) 
thrown [s\src\hotspot\share\prims\jni.cpp, line 1108]
Event: 6.804 Thread 0x00000192d2eca420 Exception <a 'java/lang/NoSuchMethodError'{0x0000000083463238}: static Lorg/gradle/internal/build/event/types/DefaultScriptPluginIdentifier;.<clinit>()V> (0x0000000083463238) 
thrown [s\src\hotspot\share\prims\jni.cpp, line 1108]
Event: 6.921 Thread 0x00000192d2e14c10 Implicit null exception at 0x00000192bff0328f to 0x00000192bff0391c
Event: 7.306 Thread 0x00000192d2e14c10 Exception <a 'java/lang/ClassNotFoundException'{0x00000000849909e8}: org/gradle/api/internal/plugins/DefaultObjectConfigurationActionBeanInfo> (0x00000000849909e8) 
thrown [s\src\hotspot\share\classfile\systemDictionary.cpp, line 256]
Event: 7.306 Thread 0x00000192d2e14c10 Exception <a 'java/lang/ClassNotFoundException'{0x00000000849a4810}: org/gradle/api/internal/plugins/DefaultObjectConfigurationActionCustomizer> (0x00000000849a4810) 
thrown [s\src\hotspot\share\classfile\systemDictionary.cpp, line 256]
Event: 7.421 Thread 0x00000192d2e14c10 Exception <a 'java/lang/NoSuchMethodError'{0x0000000083e67128}: 'java.lang.Object java.lang.invoke.DirectMethodHandle$Holder.newInvokeSpecial(java.lang.Object, java.lang.Object, java.lang.Object, java.lang.Object, int)'> (0x0000000083e67128) 
thrown [s\src\hotspot\share\interpreter\linkResolver.cpp, line 771]
Event: 7.421 Thread 0x00000192d2e14c10 Exception <a 'java/lang/NoSuchMethodError'{0x0000000083e6c570}: 'java.lang.Object java.lang.invoke.DirectMethodHandle$Holder.invokeSpecial(java.lang.Object, java.lang.Object, java.lang.Object, java.lang.Object, java.lang.Object, int)'> (0x0000000083e6c570) 
thrown [s\src\hotspot\share\interpreter\linkResolver.cpp, line 771]
Event: 7.421 Thread 0x00000192d2e14c10 Exception <a 'java/lang/NoSuchMethodError'{0x0000000083e712f0}: 'java.lang.Object java.lang.invoke.Invokers$Holder.linkToTargetMethod(java.lang.Object, java.lang.Object, java.lang.Object, int, java.lang.Object)'> (0x0000000083e712f0) 
thrown [s\src\hotspot\share\interpreter\linkResolver.cpp, line 771]
Event: 7.624 Thread 0x00000192d2e14c10 Exception <a 'java/lang/NoSuchMethodError'{0x000000008ccfcb18}: 'int java.lang.invoke.DirectMethodHandle$Holder.invokeInterface(java.lang.Object, java.lang.Object, java.lang.Object, java.lang.Object)'> (0x000000008ccfcb18) 
thrown [s\src\hotspot\share\interpreter\linkResolver.cpp, line 771]
Event: 8.031 Thread 0x00000192d2e14c10 Exception <a 'java/lang/IncompatibleClassChangeError'{0x000000008c8bf708}: Found class java.lang.Object, but interface was expected> (0x000000008c8bf708) 
thrown [s\src\hotspot\share\interpreter\linkResolver.cpp, line 838]
Event: 8.073 Thread 0x00000192d2e14c10 Implicit null exception at 0x00000192bfe57a54 to 0x00000192bfe57bfc
Event: 8.073 Thread 0x00000192d2e14c10 Implicit null exception at 0x00000192bfe8f981 to 0x00000192bfe900b4
Event: 8.173 Thread 0x00000192d2e14c10 Implicit null exception at 0x00000192bfdde98c to 0x00000192bfddeabe
Event: 8.391 Thread 0x00000192d2e14c10 Exception <a 'sun/nio/fs/WindowsException'{0x00000000859c54a8}> (0x00000000859c54a8) 
thrown [s\src\hotspot\share\prims\jni.cpp, line 517]

VM Operations (20 events):
Event: 7.623 Executing VM operation: HandshakeAllThreads done
Event: 7.843 Executing VM operation: G1CollectForAllocation
Event: 7.849 Executing VM operation: G1CollectForAllocation done
Event: 7.860 Executing VM operation: G1Concurrent
Event: 7.863 Executing VM operation: G1Concurrent done
Event: 7.869 Executing VM operation: G1Concurrent
Event: 7.869 Executing VM operation: G1Concurrent done
Event: 8.159 Executing VM operation: HandshakeAllThreads
Event: 8.159 Executing VM operation: HandshakeAllThreads done
Event: 8.178 Executing VM operation: HandshakeAllThreads
Event: 8.179 Executing VM operation: HandshakeAllThreads done
Event: 8.201 Executing VM operation: G1CollectForAllocation
Event: 8.205 Executing VM operation: G1CollectForAllocation done
Event: 8.210 Executing VM operation: G1TryInitiateConcMark
Event: 8.214 Executing VM operation: G1TryInitiateConcMark done
Event: 8.228 Executing VM operation: G1Concurrent
Event: 8.361 Executing VM operation: G1Concurrent done
Event: 8.368 Executing VM operation: G1Concurrent
Event: 8.368 Executing VM operation: G1Concurrent done
Event: 8.433 Executing VM operation: G1CollectForAllocation

Events (20 events):
Event: 8.192 loading class java/security/SignatureException done
Event: 8.194 loading class sun/security/rsa/RSASignature$SHA256withRSA
Event: 8.194 loading class sun/security/rsa/RSASignature$SHA256withRSA done
Event: 8.195 loading class sun/security/provider/DSA$SHA256withDSA
Event: 8.195 loading class sun/security/provider/DSA$SHA256withDSA done
Event: 8.200 loading class java/util/Base64
Event: 8.200 loading class java/util/Base64 done
Event: 8.200 loading class java/util/Base64$Decoder
Event: 8.200 loading class java/util/Base64$Decoder done
Event: 8.200 loading class java/util/Base64$Encoder
Event: 8.201 loading class java/util/Base64$Encoder done
Event: 8.201 loading class java/util/jar/JarVerifier$VerifierStream
Event: 8.201 loading class java/util/jar/JarVerifier$VerifierStream done
Event: 8.201 loading class sun/security/util/ManifestEntryVerifier$SunProviderHolder
Event: 8.201 loading class sun/security/util/ManifestEntryVerifier$SunProviderHolder done
Event: 8.361 Thread 0x00000192da39c520 Thread added: 0x00000192da39c520
Event: 8.389 loading class java/security/KeyStore$ProtectionParameter
Event: 8.389 loading class java/security/KeyStore$ProtectionParameter done
Event: 8.391 loading class sun/nio/fs/WindowsException
Event: 8.391 loading class sun/nio/fs/WindowsException done


Dynamic libraries:
0x00007ff66e510000 - 0x00007ff66e51a000 	C:\BTS\ANDROID\android-studio-girafe\android-studio-2022.3.1.19-windows\android-studio\jbr\bin\java.exe
0x00007ff93aae0000 - 0x00007ff93ad43000 	C:\WINDOWS\SYSTEM32\ntdll.dll
0x00007ff939170000 - 0x00007ff939237000 	C:\WINDOWS\System32\KERNEL32.DLL
0x00007ff937f60000 - 0x00007ff938327000 	C:\WINDOWS\System32\KERNELBASE.dll
0x00007ff937bc0000 - 0x00007ff937d56000 	C:\Windows\system32\hmpalert.dll
0x00007ff9383c0000 - 0x00007ff93850c000 	C:\WINDOWS\System32\ucrtbase.dll
0x00007ff9159d0000 - 0x00007ff9159e7000 	C:\BTS\ANDROID\android-studio-girafe\android-studio-2022.3.1.19-windows\android-studio\jbr\bin\jli.dll
0x00007ff903360000 - 0x00007ff90337b000 	C:\BTS\ANDROID\android-studio-girafe\android-studio-2022.3.1.19-windows\android-studio\jbr\bin\VCRUNTIME140.dll
0x00007ff939a50000 - 0x00007ff939c19000 	C:\WINDOWS\System32\USER32.dll
0x00007ff937e70000 - 0x00007ff937e97000 	C:\WINDOWS\System32\win32u.dll
0x00007ff93a890000 - 0x00007ff93a8ba000 	C:\WINDOWS\System32\GDI32.dll
0x00007ff938690000 - 0x00007ff9387bb000 	C:\WINDOWS\System32\gdi32full.dll
0x00007ff938860000 - 0x00007ff938903000 	C:\WINDOWS\System32\msvcp_win.dll
0x00007ff915f10000 - 0x00007ff9161a0000 	C:\WINDOWS\WinSxS\amd64_microsoft.windows.common-controls_6595b64144ccf1df_6.0.26100.2702_none_3e069454e335fc5e\COMCTL32.dll
0x00007ff9390c0000 - 0x00007ff939169000 	C:\WINDOWS\System32\msvcrt.dll
0x00007ff938fd0000 - 0x00007ff938fff000 	C:\WINDOWS\System32\IMM32.DLL
0x00007ff904840000 - 0x00007ff90484c000 	C:\BTS\ANDROID\android-studio-girafe\android-studio-2022.3.1.19-windows\android-studio\jbr\bin\vcruntime140_1.dll
0x00007ff8f5520000 - 0x00007ff8f55ad000 	C:\BTS\ANDROID\android-studio-girafe\android-studio-2022.3.1.19-windows\android-studio\jbr\bin\msvcp140.dll
0x00007ff8c8680000 - 0x00007ff8c92ee000 	C:\BTS\ANDROID\android-studio-girafe\android-studio-2022.3.1.19-windows\android-studio\jbr\bin\server\jvm.dll
0x00007ff93a4f0000 - 0x00007ff93a5a3000 	C:\WINDOWS\System32\ADVAPI32.dll
0x00007ff938ec0000 - 0x00007ff938f66000 	C:\WINDOWS\System32\sechost.dll
0x00007ff9397b0000 - 0x00007ff9398c6000 	C:\WINDOWS\System32\RPCRT4.dll
0x00007ff934470000 - 0x00007ff9344a6000 	C:\WINDOWS\SYSTEM32\WINMM.dll
0x00007ff912230000 - 0x00007ff91223a000 	C:\WINDOWS\SYSTEM32\WSOCK32.dll
0x00007ff93a810000 - 0x00007ff93a884000 	C:\WINDOWS\System32\WS2_32.dll
0x00007ff92f710000 - 0x00007ff92f71b000 	C:\WINDOWS\SYSTEM32\VERSION.dll
0x00007ff936ac0000 - 0x00007ff936ada000 	C:\WINDOWS\SYSTEM32\kernel.appcore.dll
0x00007ff932670000 - 0x00007ff93267a000 	C:\BTS\ANDROID\android-studio-girafe\android-studio-2022.3.1.19-windows\android-studio\jbr\bin\jimage.dll
0x00007ff935200000 - 0x00007ff935441000 	C:\WINDOWS\SYSTEM32\DBGHELP.DLL
0x00007ff939240000 - 0x00007ff9395be000 	C:\WINDOWS\System32\combase.dll
0x00007ff93a730000 - 0x00007ff93a806000 	C:\WINDOWS\System32\OLEAUT32.dll
0x00007ff92d180000 - 0x00007ff92d1b9000 	C:\WINDOWS\SYSTEM32\dbgcore.DLL
0x00007ff9387c0000 - 0x00007ff938859000 	C:\WINDOWS\System32\bcryptPrimitives.dll
0x00007ff92eec0000 - 0x00007ff92eee5000 	C:\BTS\ANDROID\android-studio-girafe\android-studio-2022.3.1.19-windows\android-studio\jbr\bin\java.dll
0x00007ff932610000 - 0x00007ff932628000 	C:\BTS\ANDROID\android-studio-girafe\android-studio-2022.3.1.19-windows\android-studio\jbr\bin\zip.dll
0x00007ff939c20000 - 0x00007ff93a32b000 	C:\WINDOWS\System32\SHELL32.dll
0x00007ff935790000 - 0x00007ff935fcd000 	C:\WINDOWS\SYSTEM32\windows.storage.dll
0x00007ff93a5b0000 - 0x00007ff93a69a000 	C:\WINDOWS\System32\SHCORE.dll
0x00007ff938f70000 - 0x00007ff938fcd000 	C:\WINDOWS\System32\shlwapi.dll
0x00007ff937d80000 - 0x00007ff937dae000 	C:\WINDOWS\SYSTEM32\profapi.dll
0x00007ff92ddb0000 - 0x00007ff92ddc9000 	C:\BTS\ANDROID\android-studio-girafe\android-studio-2022.3.1.19-windows\android-studio\jbr\bin\net.dll
0x00007ff92fc40000 - 0x00007ff92fd5e000 	C:\WINDOWS\SYSTEM32\WINHTTP.dll
0x00007ff936fb0000 - 0x00007ff937018000 	C:\WINDOWS\system32\mswsock.dll
0x00007ff92dca0000 - 0x00007ff92dcb6000 	C:\BTS\ANDROID\android-studio-girafe\android-studio-2022.3.1.19-windows\android-studio\jbr\bin\nio.dll
0x00007ff932660000 - 0x00007ff932670000 	C:\BTS\ANDROID\android-studio-girafe\android-studio-2022.3.1.19-windows\android-studio\jbr\bin\verify.dll
0x00007ff8e1df0000 - 0x00007ff8e1e17000 	C:\Users\svo\.gradle\native\68d5fa5c4cc2d200863cafc0d521ce42e7d3e7ee720ec0a83991735586a16f82\windows-amd64\native-platform.dll
0x00007ff882270000 - 0x00007ff8823b4000 	C:\Users\svo\.gradle\native\e376f236ea51e6404a007f0833ffe2c6e607c4080706a723a18a27aeea778392\windows-amd64\native-platform-file-events.dll
0x00007ff9325e0000 - 0x00007ff9325e9000 	C:\BTS\ANDROID\android-studio-girafe\android-studio-2022.3.1.19-windows\android-studio\jbr\bin\management.dll
0x00007ff92ef40000 - 0x00007ff92ef4b000 	C:\BTS\ANDROID\android-studio-girafe\android-studio-2022.3.1.19-windows\android-studio\jbr\bin\management_ext.dll
0x00007ff93a4d0000 - 0x00007ff93a4d8000 	C:\WINDOWS\System32\PSAPI.DLL
0x00007ff937360000 - 0x00007ff93737c000 	C:\WINDOWS\SYSTEM32\CRYPTSP.dll
0x00007ff936a20000 - 0x00007ff936a58000 	C:\WINDOWS\system32\rsaenh.dll
0x00007ff937050000 - 0x00007ff93707b000 	C:\WINDOWS\SYSTEM32\USERENV.dll
0x00007ff9374f0000 - 0x00007ff937516000 	C:\WINDOWS\SYSTEM32\bcrypt.dll
0x00007ff9371e0000 - 0x00007ff9371ec000 	C:\WINDOWS\SYSTEM32\CRYPTBASE.dll
0x00007ff936280000 - 0x00007ff9362b3000 	C:\WINDOWS\SYSTEM32\IPHLPAPI.DLL
0x00007ff938e80000 - 0x00007ff938e8a000 	C:\WINDOWS\System32\NSI.dll
0x00007ff92fe40000 - 0x00007ff92fe5e000 	C:\WINDOWS\SYSTEM32\dhcpcsvc6.DLL
0x00007ff92fe10000 - 0x00007ff92fe35000 	C:\WINDOWS\SYSTEM32\dhcpcsvc.DLL
0x00007ff9362c0000 - 0x00007ff9363e5000 	C:\WINDOWS\SYSTEM32\DNSAPI.dll
0x00007ff90d700000 - 0x00007ff90d708000 	C:\WINDOWS\system32\wshunix.dll

dbghelp: loaded successfully - version: 4.0.5 - missing functions: none
symbol engine: initialized successfully - sym options: 0x614 - pdb path: .;C:\BTS\ANDROID\android-studio-girafe\android-studio-2022.3.1.19-windows\android-studio\jbr\bin;C:\WINDOWS\SYSTEM32;C:\WINDOWS\WinSxS\amd64_microsoft.windows.common-controls_6595b64144ccf1df_6.0.26100.2702_none_3e069454e335fc5e;C:\BTS\ANDROID\android-studio-girafe\android-studio-2022.3.1.19-windows\android-studio\jbr\bin\server;C:\Users\svo\.gradle\native\68d5fa5c4cc2d200863cafc0d521ce42e7d3e7ee720ec0a83991735586a16f82\windows-amd64;C:\Users\svo\.gradle\native\e376f236ea51e6404a007f0833ffe2c6e607c4080706a723a18a27aeea778392\windows-amd64

VM Arguments:
jvm_args: --add-opens=java.base/java.util=ALL-UNNAMED --add-opens=java.base/java.lang=ALL-UNNAMED --add-opens=java.base/java.lang.invoke=ALL-UNNAMED --add-opens=java.prefs/java.util.prefs=ALL-UNNAMED --add-opens=java.base/java.nio.charset=ALL-UNNAMED --add-opens=java.base/java.net=ALL-UNNAMED --add-opens=java.base/java.util.concurrent.atomic=ALL-UNNAMED -Xmx2048m -Dfile.encoding=UTF-8 -Duser.country=FR -Duser.language=fr -Duser.variant 
java_command: org.gradle.launcher.daemon.bootstrap.GradleDaemon 8.0
java_class_path (initial): C:\Users\svo\.gradle\wrapper\dists\gradle-8.0-bin\ca5e32bp14vu59qr306oxotwh\gradle-8.0\lib\gradle-launcher-8.0.jar
Launcher Type: SUN_STANDARD

[Global flags]
     intx CICompilerCount                          = 4                                         {product} {ergonomic}
     uint ConcGCThreads                            = 3                                         {product} {ergonomic}
     uint G1ConcRefinementThreads                  = 10                                        {product} {ergonomic}
   size_t G1HeapRegionSize                         = 1048576                                   {product} {ergonomic}
    uintx GCDrainStackTargetSize                   = 64                                        {product} {ergonomic}
   size_t InitialHeapSize                          = 264241152                                 {product} {ergonomic}
   size_t MarkStackSize                            = 4194304                                   {product} {ergonomic}
   size_t MaxHeapSize                              = 2147483648                                {product} {command line}
   size_t MaxNewSize                               = 1287651328                                {product} {ergonomic}
   size_t MinHeapDeltaBytes                        = 1048576                                   {product} {ergonomic}
   size_t MinHeapSize                              = 8388608                                   {product} {ergonomic}
    uintx NonNMethodCodeHeapSize                   = 5839372                                {pd product} {ergonomic}
    uintx NonProfiledCodeHeapSize                  = 122909434                              {pd product} {ergonomic}
    uintx ProfiledCodeHeapSize                     = 122909434                              {pd product} {ergonomic}
    uintx ReservedCodeCacheSize                    = 251658240                              {pd product} {ergonomic}
     bool SegmentedCodeCache                       = true                                      {product} {ergonomic}
   size_t SoftMaxHeapSize                          = 2147483648                             {manageable} {ergonomic}
     bool UseCompressedClassPointers               = true                           {product lp64_product} {ergonomic}
     bool UseCompressedOops                        = true                           {product lp64_product} {ergonomic}
     bool UseG1GC                                  = true                                      {product} {ergonomic}
     bool UseLargePagesIndividualAllocation        = false                                  {pd product} {ergonomic}

Logging:
Log output configuration:
 #0: stdout all=warning uptime,level,tags
 #1: stderr all=off uptime,level,tags

Environment Variables:
PATH=C:\Program Files\Common Files\Oracle\Java\javapath;C:\Program Files (x86)\Common Files\Oracle\Java\java8path;C:\Program Files (x86)\Common Files\Oracle\Java\javapath;C:\WINDOWS\system32;C:\WINDOWS;C:\WINDOWS\System32\Wbem;C:\WINDOWS\System32\WindowsPowerShell\v1.0\;C:\WINDOWS\System32\OpenSSH\;C:\Users\svo\AppData\Local\Microsoft\WindowsApps;C:\BTS\PortableApps\openlogic-openjdk-17.0.8+7-windows-x64\openlogic-openjdk-17.0.8+7-windows-x64\bin;C:\Users\svo\AppData\Local\ComposerSetup\bin;C:\Users\svo\AppData\Roaming\Composer\vendor\bin;C:\BTS\DEV\Xampp Laravell\xampp\php;C:\BTS\DEV\node-v18.15.0-win-x64;C:\BTS\Nodejs\node-v20.17.0-win-x64;C:\BTS\Git\bin;
USERNAME=SVO
OS=Windows_NT
PROCESSOR_IDENTIFIER=Intel64 Family 6 Model 154 Stepping 4, GenuineIntel
TMP=C:\Users\svo\AppData\Local\Temp
TEMP=C:\Users\svo\AppData\Local\Temp


JNI global refs:
JNI global refs: 24, weak refs: 0

JNI global refs memory usage: 843, weak refs: 841


---------------  S Y S T E M  ---------------

OS:
 Windows 11 , 64 bit Build 26100 (10.0.26100.2992)
OS uptime: 1 days 0:20 hours
Hyper-V role detected

CPU: total 12 (initial active 12) (6 cores per cpu, 2 threads per core) family 6 model 154 stepping 4 microcode 0x435, cx8, cmov, fxsr, ht, mmx, 3dnowpref, sse, sse2, sse3, ssse3, sse4.1, sse4.2, popcnt, lzcnt, tsc, tscinvbit, avx, avx2, aes, erms, clmul, bmi1, bmi2, adx, sha, fma, vzeroupper, clflush, clflushopt, clwb, hv

Memory: 4k page, system-wide physical 16016M (3091M free)
TotalPageFile size 20016M (AvailPageFile size 61M)
current process WorkingSet (physical memory assigned to process): 274M, peak: 320M
current process commit charge ("private bytes"): 333M, peak: 400M

vm_info: OpenJDK 64-Bit Server VM (17.0.6+0-b2043.56-10027231) for windows-amd64 JRE (17.0.6+0-b2043.56-10027231), built on Apr 28 2023 00:43:19 by "androidbuild" with MS VC++ 16.10 / 16.11 (VS2019)

END.
